2023-05-29 23:47:10,664{GMT}	INFO	[jepsen test runner] jepsen.core: Command line:
lein run test -w broadcast --bin /Users/adicardrz/go/bin/maelstrom-broadcast --node-count 5 --time-limit 20 --rate 10 --nemesis partition
2023-05-29 23:47:10,757{GMT}	INFO	[jepsen test runner] jepsen.core: Running test:
{:args []
 :remote
 #jepsen.control.retry.Remote{:remote #jepsen.control.scp.Remote{:cmd-remote #jepsen.control.sshj.SSHJRemote{:concurrency-limit 6,
                                                                                                             :conn-spec nil,
                                                                                                             :client nil,
                                                                                                             :semaphore nil},
                                                                 :conn-spec nil},
                              :conn nil}
 :log-net-send false
 :node-count 5
 :availability nil
 :max-txn-length 4
 :concurrency 5
 :db
 #object[maelstrom.db$db$reify__16142
         "0x60035f1e"
         "maelstrom.db$db$reify__16142@60035f1e"]
 :max-writes-per-key 16
 :leave-db-running? false
 :name "broadcast"
 :logging-json? false
 :start-time
 #object[org.joda.time.DateTime "0x2459715c" "2023-05-29T23:47:10.625+02:00"]
 :nemesis-interval 10
 :net
 #object[maelstrom.net$jepsen_net$reify__15251
         "0x401e36ab"
         "maelstrom.net$jepsen_net$reify__15251@401e36ab"]
 :client
 #object[maelstrom.workload.broadcast$client$reify__16644
         "0x4ce66169"
         "maelstrom.workload.broadcast$client$reify__16644@4ce66169"]
 :barrier
 #object[java.util.concurrent.CyclicBarrier
         "0x53d0cf4d"
         "java.util.concurrent.CyclicBarrier@53d0cf4d"]
 :log-stderr false
 :pure-generators true
 :ssh {:dummy? true}
 :rate 10.0
 :checker
 #object[jepsen.checker$compose$reify__11881
         "0x3c6c87fa"
         "jepsen.checker$compose$reify__11881@3c6c87fa"]
 :argv
 ("test"
  "-w"
  "broadcast"
  "--bin"
  "/Users/adicardrz/go/bin/maelstrom-broadcast"
  "--node-count"
  "5"
  "--time-limit"
  "20"
  "--rate"
  "10"
  "--nemesis"
  "partition")
 :nemesis
 (jepsen.nemesis.ReflCompose
  {:fm {:start-partition 0,
        :stop-partition 0,
        :kill 1,
        :start 1,
        :pause 1,
        :resume 1},
   :nemeses [#unprintable "jepsen.nemesis.combined$partition_nemesis$reify__16416@d7645b2"
             #unprintable "jepsen.nemesis.combined$db_nemesis$reify__16397@72e4905c"]})
 :nodes ["n0" "n1" "n2" "n3" "n4"]
 :test-count 1
 :latency {:mean 0, :dist :constant}
 :bin "/Users/adicardrz/go/bin/maelstrom-broadcast"
 :generator
 ((jepsen.generator.Synchronize
   {:gen (jepsen.generator.TimeLimit
          {:limit 20000000000,
           :cutoff nil,
           :gen (jepsen.generator.Any
                 {:gens [(jepsen.generator.OnThreads
                          {:f #{:nemesis},
                           :context-filter #object[jepsen.generator.context$make_thread_filter$lazy_filter__9167
                                                   "0x383c94ed"
                                                   "jepsen.generator.context$make_thread_filter$lazy_filter__9167@383c94ed"],
                           :gen (jepsen.generator.Stagger
                                 {:dt 20000000000,
                                  :next-time nil,
                                  :gen (jepsen.generator.FlipFlop
                                        {:gens [#object[jepsen.nemesis.combined$partition_package$start__16420
                                                        "0x293ccbdd"
                                                        "jepsen.nemesis.combined$partition_package$start__16420@293ccbdd"]
                                                ({:type :info,
                                                  :f :stop-partition,
                                                  :value nil}
                                                 {:type :info,
                                                  :f :stop-partition,
                                                  :value nil}
                                                 {:type :info,
                                                  :f :stop-partition,
                                                  :value nil}
                                                 {:type :info,
                                                  :f :stop-partition,
                                                  :value nil}
                                                 {:type :info,
                                                  :f :stop-partition,
                                                  :value nil}
                                                 {:type :info,
                                                  :f :stop-partition,
                                                  :value nil}
                                                 {:type :info,
                                                  :f :stop-partition,
                                                  :value nil}
                                                 {:type :info,
                                                  :f :stop-partition,
                                                  :value nil}
                                                 ...)],
                                         :i 0})})})
                         (jepsen.generator.OnThreads
                          {:f #jepsen.generator.context.AllBut{:element :nemesis},
                           :context-filter #object[jepsen.generator.context$make_thread_filter$lazy_filter__9167
                                                   "0x474a63d9"
                                                   "jepsen.generator.context$make_thread_filter$lazy_filter__9167@474a63d9"],
                           :gen (jepsen.generator.Stagger
                                 {:dt 200000000,
                                  :next-time nil,
                                  :gen (jepsen.generator.Mix
                                        {:i 1,
                                         :gens [({:f :broadcast, :value 0}
                                                 {:f :broadcast, :value 1}
                                                 {:f :broadcast, :value 2}
                                                 {:f :broadcast, :value 3}
                                                 {:f :broadcast, :value 4}
                                                 {:f :broadcast, :value 5}
                                                 {:f :broadcast, :value 6}
                                                 {:f :broadcast, :value 7}
                                                 ...)
                                                ({:f :read}
                                                 {:f :read}
                                                 {:f :read}
                                                 {:f :read}
                                                 {:f :read}
                                                 {:f :read}
                                                 {:f :read}
                                                 {:f :read}
                                                 ...)]})})})]})})})
  (jepsen.generator.Synchronize
   {:gen (jepsen.generator.OnThreads
          {:f #{:nemesis},
           :context-filter #object[jepsen.generator.context$make_thread_filter$lazy_filter__9167
                                   "0x1b8d0c21"
                                   "jepsen.generator.context$make_thread_filter$lazy_filter__9167@1b8d0c21"],
           :gen ({:type :info, :f :stop-partition, :value nil})})})
  (jepsen.generator.Synchronize
   {:gen {:type :log, :value "Waiting for recovery..."}})
  (jepsen.generator.Synchronize {:gen {:type :sleep, :value 10}})
  (jepsen.generator.Synchronize
   {:gen (jepsen.generator.OnThreads
          {:f #jepsen.generator.context.AllBut{:element :nemesis},
           :context-filter #object[jepsen.generator.context$make_thread_filter$lazy_filter__9167
                                   "0x54a04eae"
                                   "jepsen.generator.context$make_thread_filter$lazy_filter__9167@54a04eae"],
           :gen (jepsen.generator.EachThread
                 {:fresh-gen {:f :read, :final? true},
                  :context-filters #object[clojure.core$promise$reify__8591
                                           "0x4664fef"
                                           {:status :pending, :val nil}],
                  :gens {}})})}))
 :log-net-recv false
 :os
 #object[maelstrom.net$jepsen_os$reify__15254
         "0x1026a011"
         "maelstrom.net$jepsen_os$reify__15254@1026a011"]
 :time-limit 20
 :workload :broadcast
 :consistency-models [:strict-serializable]
 :topology :grid}

2023-05-29 23:47:12,930{GMT}	INFO	[jepsen node n0] maelstrom.net: Starting Maelstrom network
2023-05-29 23:47:12,932{GMT}	INFO	[jepsen test runner] jepsen.db: Tearing down DB
2023-05-29 23:47:12,935{GMT}	INFO	[jepsen test runner] jepsen.db: Setting up DB
2023-05-29 23:47:12,936{GMT}	INFO	[jepsen node n1] maelstrom.db: Setting up n1
2023-05-29 23:47:12,936{GMT}	INFO	[jepsen node n2] maelstrom.db: Setting up n2
2023-05-29 23:47:12,936{GMT}	INFO	[jepsen node n3] maelstrom.db: Setting up n3
2023-05-29 23:47:12,937{GMT}	INFO	[jepsen node n4] maelstrom.db: Setting up n4
2023-05-29 23:47:12,937{GMT}	INFO	[jepsen node n1] maelstrom.process: launching /Users/adicardrz/go/bin/maelstrom-broadcast []
2023-05-29 23:47:12,937{GMT}	INFO	[jepsen node n3] maelstrom.process: launching /Users/adicardrz/go/bin/maelstrom-broadcast []
2023-05-29 23:47:12,937{GMT}	INFO	[jepsen node n2] maelstrom.process: launching /Users/adicardrz/go/bin/maelstrom-broadcast []
2023-05-29 23:47:12,937{GMT}	INFO	[jepsen node n4] maelstrom.process: launching /Users/adicardrz/go/bin/maelstrom-broadcast []
2023-05-29 23:47:12,938{GMT}	INFO	[jepsen node n0] maelstrom.service: Starting services: (lin-kv lin-tso lww-kv seq-kv)
2023-05-29 23:47:12,942{GMT}	INFO	[jepsen node n0] maelstrom.db: Setting up n0
2023-05-29 23:47:12,943{GMT}	INFO	[jepsen node n0] maelstrom.process: launching /Users/adicardrz/go/bin/maelstrom-broadcast []
2023-05-29 23:47:13,264{GMT}	INFO	[jepsen test runner] jepsen.core: Relative time begins now
2023-05-29 23:47:13,288{GMT}	INFO	[jepsen worker 0] jepsen.util: 0	:invoke	:read	nil
2023-05-29 23:47:13,288{GMT}	INFO	[jepsen worker nemesis] jepsen.util: :nemesis	:info	:start-partition	:one
2023-05-29 23:47:13,294{GMT}	INFO	[jepsen worker 0] jepsen.util: 0	:ok	:read	[]
2023-05-29 23:47:13,294{GMT}	INFO	[jepsen worker 2] jepsen.util: 2	:invoke	:broadcast	0
2023-05-29 23:47:13,300{GMT}	INFO	[jepsen worker 2] jepsen.util: 2	:ok	:broadcast	0
2023-05-29 23:47:13,302{GMT}	INFO	[jepsen worker nemesis] jepsen.util: :nemesis	:info	:start-partition	[:isolated {"n4" #{"n2" "n1" "n0" "n3"}, "n2" #{"n4"}, "n1" #{"n4"}, "n0" #{"n4"}, "n3" #{"n4"}}]
2023-05-29 23:47:13,358{GMT}	INFO	[jepsen worker 3] jepsen.util: 3	:invoke	:read	nil
2023-05-29 23:47:13,382{GMT}	INFO	[jepsen worker 3] jepsen.util: 3	:ok	:read	[0]
2023-05-29 23:47:13,491{GMT}	INFO	[jepsen worker 4] jepsen.util: 4	:invoke	:broadcast	1
2023-05-29 23:47:13,495{GMT}	INFO	[jepsen worker 4] jepsen.util: 4	:ok	:broadcast	1
2023-05-29 23:47:13,666{GMT}	INFO	[jepsen worker 0] jepsen.util: 0	:invoke	:read	nil
2023-05-29 23:47:13,668{GMT}	INFO	[jepsen worker 0] jepsen.util: 0	:ok	:read	[0]
2023-05-29 23:47:13,730{GMT}	INFO	[jepsen worker 0] jepsen.util: 0	:invoke	:broadcast	2
2023-05-29 23:47:13,733{GMT}	INFO	[jepsen worker 0] jepsen.util: 0	:ok	:broadcast	2
2023-05-29 23:47:13,811{GMT}	INFO	[jepsen worker 1] jepsen.util: 1	:invoke	:read	nil
2023-05-29 23:47:13,814{GMT}	INFO	[jepsen worker 1] jepsen.util: 1	:ok	:read	[0 2]
2023-05-29 23:47:13,966{GMT}	INFO	[jepsen worker 2] jepsen.util: 2	:invoke	:read	nil
2023-05-29 23:47:13,968{GMT}	INFO	[jepsen worker 2] jepsen.util: 2	:ok	:read	[0 0 2]
2023-05-29 23:47:13,999{GMT}	INFO	[jepsen worker 3] jepsen.util: 3	:invoke	:broadcast	3
2023-05-29 23:47:14,003{GMT}	INFO	[jepsen worker 3] jepsen.util: 3	:ok	:broadcast	3
2023-05-29 23:47:14,035{GMT}	INFO	[jepsen worker 4] jepsen.util: 4	:invoke	:broadcast	4
2023-05-29 23:47:14,038{GMT}	INFO	[jepsen worker 4] jepsen.util: 4	:ok	:broadcast	4
2023-05-29 23:47:14,047{GMT}	INFO	[jepsen worker 0] jepsen.util: 0	:invoke	:broadcast	5
2023-05-29 23:47:14,049{GMT}	INFO	[jepsen worker 0] jepsen.util: 0	:ok	:broadcast	5
2023-05-29 23:47:14,139{GMT}	INFO	[jepsen worker 0] jepsen.util: 0	:invoke	:broadcast	6
2023-05-29 23:47:14,142{GMT}	INFO	[jepsen worker 0] jepsen.util: 0	:ok	:broadcast	6
2023-05-29 23:47:14,258{GMT}	INFO	[jepsen worker 1] jepsen.util: 1	:invoke	:read	nil
2023-05-29 23:47:14,261{GMT}	INFO	[jepsen worker 1] jepsen.util: 1	:ok	:read	[0 2 3 5 6]
2023-05-29 23:47:14,285{GMT}	INFO	[jepsen worker 2] jepsen.util: 2	:invoke	:read	nil
2023-05-29 23:47:14,288{GMT}	INFO	[jepsen worker 2] jepsen.util: 2	:ok	:read	[0 0 2 3 5 6]
2023-05-29 23:47:14,454{GMT}	INFO	[jepsen worker 3] jepsen.util: 3	:invoke	:broadcast	7
2023-05-29 23:47:14,457{GMT}	INFO	[jepsen worker 3] jepsen.util: 3	:ok	:broadcast	7
2023-05-29 23:47:14,656{GMT}	INFO	[jepsen worker 4] jepsen.util: 4	:invoke	:broadcast	8
2023-05-29 23:47:14,658{GMT}	INFO	[jepsen worker 4] jepsen.util: 4	:ok	:broadcast	8
2023-05-29 23:47:14,686{GMT}	INFO	[jepsen worker 0] jepsen.util: 0	:invoke	:read	nil
2023-05-29 23:47:14,687{GMT}	INFO	[jepsen worker 0] jepsen.util: 0	:ok	:read	[0 2 2 3 5 5 6 6 7]
2023-05-29 23:47:14,822{GMT}	INFO	[jepsen worker 0] jepsen.util: 0	:invoke	:broadcast	9
2023-05-29 23:47:14,825{GMT}	INFO	[jepsen worker 0] jepsen.util: 0	:ok	:broadcast	9
2023-05-29 23:47:14,925{GMT}	INFO	[jepsen worker 1] jepsen.util: 1	:invoke	:broadcast	10
2023-05-29 23:47:14,928{GMT}	INFO	[jepsen worker 1] jepsen.util: 1	:ok	:broadcast	10
2023-05-29 23:47:14,975{GMT}	INFO	[jepsen worker 2] jepsen.util: 2	:invoke	:read	nil
2023-05-29 23:47:14,978{GMT}	INFO	[jepsen worker 2] jepsen.util: 2	:ok	:read	[0 0 2 3 5 6 7 9 10]
2023-05-29 23:47:15,041{GMT}	INFO	[jepsen worker 3] jepsen.util: 3	:invoke	:read	nil
2023-05-29 23:47:15,043{GMT}	INFO	[jepsen worker 3] jepsen.util: 3	:ok	:read	[0 2 3 3 5 6 7 7 9 10]
2023-05-29 23:47:15,193{GMT}	INFO	[jepsen worker 4] jepsen.util: 4	:invoke	:read	nil
2023-05-29 23:47:15,195{GMT}	INFO	[jepsen worker 4] jepsen.util: 4	:ok	:read	[1 4 8]
2023-05-29 23:47:15,392{GMT}	INFO	[jepsen worker 0] jepsen.util: 0	:invoke	:read	nil
2023-05-29 23:47:15,394{GMT}	INFO	[jepsen worker 0] jepsen.util: 0	:ok	:read	[0 2 2 3 5 5 6 6 7 9 9 10]
2023-05-29 23:47:15,558{GMT}	INFO	[jepsen worker 0] jepsen.util: 0	:invoke	:read	nil
2023-05-29 23:47:15,560{GMT}	INFO	[jepsen worker 0] jepsen.util: 0	:ok	:read	[0 2 2 3 5 5 6 6 7 9 9 10]
2023-05-29 23:47:15,568{GMT}	INFO	[jepsen worker 1] jepsen.util: 1	:invoke	:read	nil
2023-05-29 23:47:15,569{GMT}	INFO	[jepsen worker 1] jepsen.util: 1	:ok	:read	[0 2 3 5 6 7 9 10 10]
2023-05-29 23:47:15,675{GMT}	INFO	[jepsen worker 2] jepsen.util: 2	:invoke	:read	nil
2023-05-29 23:47:15,678{GMT}	INFO	[jepsen worker 2] jepsen.util: 2	:ok	:read	[0 0 2 3 5 6 7 9 10]
2023-05-29 23:47:15,825{GMT}	INFO	[jepsen worker 3] jepsen.util: 3	:invoke	:broadcast	11
2023-05-29 23:47:15,828{GMT}	INFO	[jepsen worker 3] jepsen.util: 3	:ok	:broadcast	11
2023-05-29 23:47:15,875{GMT}	INFO	[jepsen worker 4] jepsen.util: 4	:invoke	:read	nil
2023-05-29 23:47:15,878{GMT}	INFO	[jepsen worker 4] jepsen.util: 4	:ok	:read	[1 4 8]
2023-05-29 23:47:16,056{GMT}	INFO	[jepsen worker 0] jepsen.util: 0	:invoke	:broadcast	12
2023-05-29 23:47:16,058{GMT}	INFO	[jepsen worker 0] jepsen.util: 0	:ok	:broadcast	12
2023-05-29 23:47:16,242{GMT}	INFO	[jepsen worker 0] jepsen.util: 0	:invoke	:broadcast	13
2023-05-29 23:47:16,245{GMT}	INFO	[jepsen worker 0] jepsen.util: 0	:ok	:broadcast	13
2023-05-29 23:47:16,275{GMT}	INFO	[jepsen worker 1] jepsen.util: 1	:invoke	:broadcast	14
2023-05-29 23:47:16,277{GMT}	INFO	[jepsen worker 1] jepsen.util: 1	:ok	:broadcast	14
2023-05-29 23:47:16,285{GMT}	INFO	[jepsen worker 2] jepsen.util: 2	:invoke	:read	nil
2023-05-29 23:47:16,286{GMT}	INFO	[jepsen worker 2] jepsen.util: 2	:ok	:read	[0 0 2 3 5 6 7 9 10 11 12 13 14]
2023-05-29 23:47:16,459{GMT}	INFO	[jepsen worker 3] jepsen.util: 3	:invoke	:broadcast	15
2023-05-29 23:47:16,462{GMT}	INFO	[jepsen worker 3] jepsen.util: 3	:ok	:broadcast	15
2023-05-29 23:47:16,519{GMT}	INFO	[jepsen worker 4] jepsen.util: 4	:invoke	:read	nil
2023-05-29 23:47:16,521{GMT}	INFO	[jepsen worker 4] jepsen.util: 4	:ok	:read	[1 4 8]
2023-05-29 23:47:16,586{GMT}	INFO	[jepsen worker 0] jepsen.util: 0	:invoke	:broadcast	16
2023-05-29 23:47:16,588{GMT}	INFO	[jepsen worker 0] jepsen.util: 0	:ok	:broadcast	16
2023-05-29 23:47:16,739{GMT}	INFO	[jepsen worker 0] jepsen.util: 0	:invoke	:broadcast	17
2023-05-29 23:47:16,742{GMT}	INFO	[jepsen worker 0] jepsen.util: 0	:ok	:broadcast	17
2023-05-29 23:47:16,897{GMT}	INFO	[jepsen worker 1] jepsen.util: 1	:invoke	:read	nil
2023-05-29 23:47:16,899{GMT}	INFO	[jepsen worker 1] jepsen.util: 1	:ok	:read	[0 2 3 5 6 7 9 10 10 11 12 13 14 14 15 16 17]
2023-05-29 23:47:17,050{GMT}	INFO	[jepsen worker 2] jepsen.util: 2	:invoke	:read	nil
2023-05-29 23:47:17,052{GMT}	INFO	[jepsen worker 2] jepsen.util: 2	:ok	:read	[0 0 2 3 5 6 7 9 10 11 12 13 14 15 16 17]
2023-05-29 23:47:17,197{GMT}	INFO	[jepsen worker 3] jepsen.util: 3	:invoke	:read	nil
2023-05-29 23:47:17,199{GMT}	INFO	[jepsen worker 3] jepsen.util: 3	:ok	:read	[0 2 3 3 5 6 7 7 9 10 11 11 12 13 14 15 15 16 17]
2023-05-29 23:47:17,310{GMT}	INFO	[jepsen worker 4] jepsen.util: 4	:invoke	:read	nil
2023-05-29 23:47:17,312{GMT}	INFO	[jepsen worker 4] jepsen.util: 4	:ok	:read	[1 4 8]
2023-05-29 23:47:17,472{GMT}	INFO	[jepsen worker 0] jepsen.util: 0	:invoke	:broadcast	18
2023-05-29 23:47:17,474{GMT}	INFO	[jepsen worker 0] jepsen.util: 0	:ok	:broadcast	18
2023-05-29 23:47:17,540{GMT}	INFO	[jepsen worker 0] jepsen.util: 0	:invoke	:read	nil
2023-05-29 23:47:17,542{GMT}	INFO	[jepsen worker 0] jepsen.util: 0	:ok	:read	[0 2 2 3 5 5 6 6 7 9 9 10 11 12 12 13 13 14 15 16 16 17 17 18 18]
2023-05-29 23:47:17,717{GMT}	INFO	[jepsen worker 1] jepsen.util: 1	:invoke	:broadcast	19
2023-05-29 23:47:17,719{GMT}	INFO	[jepsen worker 1] jepsen.util: 1	:ok	:broadcast	19
2023-05-29 23:47:17,850{GMT}	INFO	[jepsen worker 2] jepsen.util: 2	:invoke	:read	nil
2023-05-29 23:47:17,852{GMT}	INFO	[jepsen worker 2] jepsen.util: 2	:ok	:read	[0 0 2 3 5 6 7 9 10 11 12 13 14 15 16 17 18 19]
2023-05-29 23:47:17,870{GMT}	INFO	[jepsen worker 3] jepsen.util: 3	:invoke	:broadcast	20
2023-05-29 23:47:17,872{GMT}	INFO	[jepsen worker 3] jepsen.util: 3	:ok	:broadcast	20
2023-05-29 23:47:17,905{GMT}	INFO	[jepsen worker 4] jepsen.util: 4	:invoke	:read	nil
2023-05-29 23:47:17,908{GMT}	INFO	[jepsen worker 4] jepsen.util: 4	:ok	:read	[1 4 8]
2023-05-29 23:47:18,097{GMT}	INFO	[jepsen worker 0] jepsen.util: 0	:invoke	:read	nil
2023-05-29 23:47:18,099{GMT}	INFO	[jepsen worker 0] jepsen.util: 0	:ok	:read	[0 2 2 3 5 5 6 6 7 9 9 10 11 12 12 13 13 14 15 16 16 17 17 18 18 19 20]
2023-05-29 23:47:18,250{GMT}	INFO	[jepsen worker 0] jepsen.util: 0	:invoke	:read	nil
2023-05-29 23:47:18,252{GMT}	INFO	[jepsen worker 0] jepsen.util: 0	:ok	:read	[0 2 2 3 5 5 6 6 7 9 9 10 11 12 12 13 13 14 15 16 16 17 17 18 18 19 20]
2023-05-29 23:47:18,433{GMT}	INFO	[jepsen worker 1] jepsen.util: 1	:invoke	:read	nil
2023-05-29 23:47:18,435{GMT}	INFO	[jepsen worker 1] jepsen.util: 1	:ok	:read	[0 2 3 5 6 7 9 10 10 11 12 13 14 14 15 16 17 18 19 19 20]
2023-05-29 23:47:18,617{GMT}	INFO	[jepsen worker 2] jepsen.util: 2	:invoke	:read	nil
2023-05-29 23:47:18,619{GMT}	INFO	[jepsen worker 2] jepsen.util: 2	:ok	:read	[0 0 2 3 5 6 7 9 10 11 12 13 14 15 16 17 18 19 20]
2023-05-29 23:47:18,750{GMT}	INFO	[jepsen worker 3] jepsen.util: 3	:invoke	:broadcast	21
2023-05-29 23:47:18,752{GMT}	INFO	[jepsen worker 3] jepsen.util: 3	:ok	:broadcast	21
2023-05-29 23:47:18,950{GMT}	INFO	[jepsen worker 4] jepsen.util: 4	:invoke	:read	nil
2023-05-29 23:47:18,952{GMT}	INFO	[jepsen worker 4] jepsen.util: 4	:ok	:read	[1 4 8]
2023-05-29 23:47:19,071{GMT}	INFO	[jepsen worker 0] jepsen.util: 0	:invoke	:broadcast	22
2023-05-29 23:47:19,073{GMT}	INFO	[jepsen worker 0] jepsen.util: 0	:ok	:broadcast	22
2023-05-29 23:47:19,077{GMT}	INFO	[jepsen worker 0] jepsen.util: 0	:invoke	:read	nil
2023-05-29 23:47:19,079{GMT}	INFO	[jepsen worker 0] jepsen.util: 0	:ok	:read	[0 2 2 3 5 5 6 6 7 9 9 10 11 12 12 13 13 14 15 16 16 17 17 18 18 19 20 21 22 22]
2023-05-29 23:47:19,150{GMT}	INFO	[jepsen worker 1] jepsen.util: 1	:invoke	:broadcast	23
2023-05-29 23:47:19,152{GMT}	INFO	[jepsen worker 1] jepsen.util: 1	:ok	:broadcast	23
2023-05-29 23:47:19,233{GMT}	INFO	[jepsen worker 2] jepsen.util: 2	:invoke	:broadcast	24
2023-05-29 23:47:19,236{GMT}	INFO	[jepsen worker 2] jepsen.util: 2	:ok	:broadcast	24
2023-05-29 23:47:19,383{GMT}	INFO	[jepsen worker 3] jepsen.util: 3	:invoke	:read	nil
2023-05-29 23:47:19,386{GMT}	INFO	[jepsen worker 3] jepsen.util: 3	:ok	:read	[0 2 3 3 5 6 7 7 9 10 11 11 12 13 14 15 15 16 17 18 19 20 20 21 21 22 23 24]
2023-05-29 23:47:19,512{GMT}	INFO	[jepsen worker 4] jepsen.util: 4	:invoke	:broadcast	25
2023-05-29 23:47:19,514{GMT}	INFO	[jepsen worker 4] jepsen.util: 4	:ok	:broadcast	25
2023-05-29 23:47:19,544{GMT}	INFO	[jepsen worker 0] jepsen.util: 0	:invoke	:read	nil
2023-05-29 23:47:19,547{GMT}	INFO	[jepsen worker 0] jepsen.util: 0	:ok	:read	[0 2 2 3 5 5 6 6 7 9 9 10 11 12 12 13 13 14 15 16 16 17 17 18 18 19 20 21 22 22 23 24]
2023-05-29 23:47:19,717{GMT}	INFO	[jepsen worker 0] jepsen.util: 0	:invoke	:read	nil
2023-05-29 23:47:19,718{GMT}	INFO	[jepsen worker 0] jepsen.util: 0	:ok	:read	[0 2 2 3 5 5 6 6 7 9 9 10 11 12 12 13 13 14 15 16 16 17 17 18 18 19 20 21 22 22 23 24]
2023-05-29 23:47:19,850{GMT}	INFO	[jepsen worker 1] jepsen.util: 1	:invoke	:read	nil
2023-05-29 23:47:19,852{GMT}	INFO	[jepsen worker 1] jepsen.util: 1	:ok	:read	[0 2 3 5 6 7 9 10 10 11 12 13 14 14 15 16 17 18 19 19 20 21 22 23 23 24]
2023-05-29 23:47:20,029{GMT}	INFO	[jepsen worker 2] jepsen.util: 2	:invoke	:broadcast	26
2023-05-29 23:47:20,030{GMT}	INFO	[jepsen worker 2] jepsen.util: 2	:ok	:broadcast	26
2023-05-29 23:47:20,205{GMT}	INFO	[jepsen worker 3] jepsen.util: 3	:invoke	:read	nil
2023-05-29 23:47:20,207{GMT}	INFO	[jepsen worker 3] jepsen.util: 3	:ok	:read	[0 2 3 3 5 6 7 7 9 10 11 11 12 13 14 15 15 16 17 18 19 20 20 21 21 22 23 24 26]
2023-05-29 23:47:20,315{GMT}	INFO	[jepsen worker 4] jepsen.util: 4	:invoke	:broadcast	27
2023-05-29 23:47:20,317{GMT}	INFO	[jepsen worker 4] jepsen.util: 4	:ok	:broadcast	27
2023-05-29 23:47:20,500{GMT}	INFO	[jepsen worker 0] jepsen.util: 0	:invoke	:read	nil
2023-05-29 23:47:20,502{GMT}	INFO	[jepsen worker 0] jepsen.util: 0	:ok	:read	[0 2 2 3 5 5 6 6 7 9 9 10 11 12 12 13 13 14 15 16 16 17 17 18 18 19 20 21 22 22 23 24 26]
2023-05-29 23:47:20,567{GMT}	INFO	[jepsen worker 0] jepsen.util: 0	:invoke	:broadcast	28
2023-05-29 23:47:20,569{GMT}	INFO	[jepsen worker 0] jepsen.util: 0	:ok	:broadcast	28
2023-05-29 23:47:20,607{GMT}	INFO	[jepsen worker 1] jepsen.util: 1	:invoke	:read	nil
2023-05-29 23:47:20,609{GMT}	INFO	[jepsen worker 1] jepsen.util: 1	:ok	:read	[0 2 3 5 6 7 9 10 10 11 12 13 14 14 15 16 17 18 19 19 20 21 22 23 23 24 26 28]
2023-05-29 23:47:20,679{GMT}	INFO	[jepsen worker 2] jepsen.util: 2	:invoke	:broadcast	29
2023-05-29 23:47:20,681{GMT}	INFO	[jepsen worker 2] jepsen.util: 2	:ok	:broadcast	29
2023-05-29 23:47:20,708{GMT}	INFO	[jepsen worker 3] jepsen.util: 3	:invoke	:broadcast	30
2023-05-29 23:47:20,712{GMT}	INFO	[jepsen worker 3] jepsen.util: 3	:ok	:broadcast	30
2023-05-29 23:47:20,792{GMT}	INFO	[jepsen worker nemesis] jepsen.util: :nemesis	:info	:stop-partition	nil
2023-05-29 23:47:20,792{GMT}	INFO	[jepsen worker nemesis] jepsen.util: :nemesis	:info	:stop-partition	:network-healed
2023-05-29 23:47:20,889{GMT}	INFO	[jepsen worker 0] jepsen.util: 0	:invoke	:read	nil
2023-05-29 23:47:20,891{GMT}	INFO	[jepsen worker 0] jepsen.util: 0	:ok	:read	[0 2 2 3 5 5 6 6 7 9 9 10 11 12 12 13 13 14 15 16 16 17 17 18 18 19 20 21 22 22 23 24 26 28 28 29 30]
2023-05-29 23:47:20,950{GMT}	INFO	[jepsen worker 0] jepsen.util: 0	:invoke	:read	nil
2023-05-29 23:47:20,952{GMT}	INFO	[jepsen worker 0] jepsen.util: 0	:ok	:read	[0 2 2 3 5 5 6 6 7 9 9 10 11 12 12 13 13 14 15 16 16 17 17 18 18 19 20 21 22 22 23 24 26 28 28 29 30]
2023-05-29 23:47:20,979{GMT}	INFO	[jepsen worker 1] jepsen.util: 1	:invoke	:read	nil
2023-05-29 23:47:20,981{GMT}	INFO	[jepsen worker 1] jepsen.util: 1	:ok	:read	[0 2 3 5 6 7 9 10 10 11 12 13 14 14 15 16 17 18 19 19 20 21 22 23 23 24 26 28 29 30]
2023-05-29 23:47:21,130{GMT}	INFO	[jepsen worker 2] jepsen.util: 2	:invoke	:broadcast	31
2023-05-29 23:47:21,131{GMT}	INFO	[jepsen worker 2] jepsen.util: 2	:ok	:broadcast	31
2023-05-29 23:47:21,317{GMT}	INFO	[jepsen worker 3] jepsen.util: 3	:invoke	:broadcast	32
2023-05-29 23:47:21,319{GMT}	INFO	[jepsen worker 3] jepsen.util: 3	:ok	:broadcast	32
2023-05-29 23:47:21,423{GMT}	INFO	[jepsen worker 4] jepsen.util: 4	:invoke	:read	nil
2023-05-29 23:47:21,424{GMT}	INFO	[jepsen worker 4] jepsen.util: 4	:ok	:read	[1 4 8 25 27 31 32]
2023-05-29 23:47:21,491{GMT}	INFO	[jepsen worker 0] jepsen.util: 0	:invoke	:read	nil
2023-05-29 23:47:21,493{GMT}	INFO	[jepsen worker 0] jepsen.util: 0	:ok	:read	[0 2 2 3 5 5 6 6 7 9 9 10 11 12 12 13 13 14 15 16 16 17 17 18 18 19 20 21 22 22 23 24 26 28 28 29 30 31 32]
2023-05-29 23:47:21,634{GMT}	INFO	[jepsen worker 0] jepsen.util: 0	:invoke	:broadcast	33
2023-05-29 23:47:21,635{GMT}	INFO	[jepsen worker 0] jepsen.util: 0	:ok	:broadcast	33
2023-05-29 23:47:21,810{GMT}	INFO	[jepsen worker 1] jepsen.util: 1	:invoke	:read	nil
2023-05-29 23:47:21,812{GMT}	INFO	[jepsen worker 1] jepsen.util: 1	:ok	:read	[0 2 3 5 6 7 9 10 10 11 12 13 14 14 15 16 17 18 19 19 20 21 22 23 23 24 26 28 29 30 31 32 33]
2023-05-29 23:47:21,900{GMT}	INFO	[jepsen worker 2] jepsen.util: 2	:invoke	:read	nil
2023-05-29 23:47:21,902{GMT}	INFO	[jepsen worker 2] jepsen.util: 2	:ok	:read	[0 0 2 3 5 6 7 9 10 11 12 13 14 15 16 17 18 19 20 21 22 23 24 24 26 26 28 29 29 30 31 31 32 33]
2023-05-29 23:47:22,080{GMT}	INFO	[jepsen worker 3] jepsen.util: 3	:invoke	:broadcast	34
2023-05-29 23:47:22,082{GMT}	INFO	[jepsen worker 3] jepsen.util: 3	:ok	:broadcast	34
2023-05-29 23:47:22,161{GMT}	INFO	[jepsen worker 4] jepsen.util: 4	:invoke	:broadcast	35
2023-05-29 23:47:22,163{GMT}	INFO	[jepsen worker 4] jepsen.util: 4	:ok	:broadcast	35
2023-05-29 23:47:22,181{GMT}	INFO	[jepsen worker 0] jepsen.util: 0	:invoke	:broadcast	36
2023-05-29 23:47:22,182{GMT}	INFO	[jepsen worker 0] jepsen.util: 0	:ok	:broadcast	36
2023-05-29 23:47:22,196{GMT}	INFO	[jepsen worker 0] jepsen.util: 0	:invoke	:read	nil
2023-05-29 23:47:22,197{GMT}	INFO	[jepsen worker 0] jepsen.util: 0	:ok	:read	[0 2 2 3 5 5 6 6 7 9 9 10 11 12 12 13 13 14 15 16 16 17 17 18 18 19 20 21 22 22 23 24 26 28 28 29 30 31 32 33 33 34 35 36 36]
2023-05-29 23:47:22,200{GMT}	INFO	[jepsen worker 1] jepsen.util: 1	:invoke	:read	nil
2023-05-29 23:47:22,201{GMT}	INFO	[jepsen worker 1] jepsen.util: 1	:ok	:read	[0 2 3 5 6 7 9 10 10 11 12 13 14 14 15 16 17 18 19 19 20 21 22 23 23 24 26 28 29 30 31 32 33 34 35 36]
2023-05-29 23:47:22,380{GMT}	INFO	[jepsen worker 2] jepsen.util: 2	:invoke	:read	nil
2023-05-29 23:47:22,382{GMT}	INFO	[jepsen worker 2] jepsen.util: 2	:ok	:read	[0 0 2 3 5 6 7 9 10 11 12 13 14 15 16 17 18 19 20 21 22 23 24 24 26 26 28 29 29 30 31 31 32 33 34 35 36]
2023-05-29 23:47:22,393{GMT}	INFO	[jepsen worker 3] jepsen.util: 3	:invoke	:broadcast	37
2023-05-29 23:47:22,396{GMT}	INFO	[jepsen worker 3] jepsen.util: 3	:ok	:broadcast	37
2023-05-29 23:47:22,430{GMT}	INFO	[jepsen worker 4] jepsen.util: 4	:invoke	:broadcast	38
2023-05-29 23:47:22,431{GMT}	INFO	[jepsen worker 4] jepsen.util: 4	:ok	:broadcast	38
2023-05-29 23:47:22,484{GMT}	INFO	[jepsen worker 0] jepsen.util: 0	:invoke	:read	nil
2023-05-29 23:47:22,485{GMT}	INFO	[jepsen worker 0] jepsen.util: 0	:ok	:read	[0 2 2 3 5 5 6 6 7 9 9 10 11 12 12 13 13 14 15 16 16 17 17 18 18 19 20 21 22 22 23 24 26 28 28 29 30 31 32 33 33 34 35 36 36 37 38]
2023-05-29 23:47:22,542{GMT}	INFO	[jepsen worker 0] jepsen.util: 0	:invoke	:broadcast	39
2023-05-29 23:47:22,544{GMT}	INFO	[jepsen worker 0] jepsen.util: 0	:ok	:broadcast	39
2023-05-29 23:47:22,653{GMT}	INFO	[jepsen worker 1] jepsen.util: 1	:invoke	:broadcast	40
2023-05-29 23:47:22,656{GMT}	INFO	[jepsen worker 1] jepsen.util: 1	:ok	:broadcast	40
2023-05-29 23:47:22,787{GMT}	INFO	[jepsen worker 2] jepsen.util: 2	:invoke	:broadcast	41
2023-05-29 23:47:22,789{GMT}	INFO	[jepsen worker 2] jepsen.util: 2	:ok	:broadcast	41
2023-05-29 23:47:22,855{GMT}	INFO	[jepsen worker 3] jepsen.util: 3	:invoke	:broadcast	42
2023-05-29 23:47:22,857{GMT}	INFO	[jepsen worker 3] jepsen.util: 3	:ok	:broadcast	42
2023-05-29 23:47:23,016{GMT}	INFO	[jepsen worker 4] jepsen.util: 4	:invoke	:broadcast	43
2023-05-29 23:47:23,019{GMT}	INFO	[jepsen worker 4] jepsen.util: 4	:ok	:broadcast	43
2023-05-29 23:47:23,216{GMT}	INFO	[jepsen worker 0] jepsen.util: 0	:invoke	:broadcast	44
2023-05-29 23:47:23,217{GMT}	INFO	[jepsen worker 0] jepsen.util: 0	:ok	:broadcast	44
2023-05-29 23:47:23,242{GMT}	INFO	[jepsen worker 0] jepsen.util: 0	:invoke	:read	nil
2023-05-29 23:47:23,244{GMT}	INFO	[jepsen worker 0] jepsen.util: 0	:ok	:read	[0 2 2 3 5 5 6 6 7 9 9 10 11 12 12 13 13 14 15 16 16 17 17 18 18 19 20 21 22 22 23 24 26 28 28 29 30 31 32 33 33 34 35 36 36 37 38 39 39 40 41 42 43 44 44]
2023-05-29 23:47:23,422{GMT}	INFO	[jepsen worker 1] jepsen.util: 1	:invoke	:read	nil
2023-05-29 23:47:23,424{GMT}	INFO	[jepsen worker 1] jepsen.util: 1	:ok	:read	[0 2 3 5 6 7 9 10 10 11 12 13 14 14 15 16 17 18 19 19 20 21 22 23 23 24 26 28 29 30 31 32 33 34 35 36 37 38 39 40 40 41 42 43 44]
2023-05-29 23:47:23,500{GMT}	INFO	[jepsen worker 2] jepsen.util: 2	:invoke	:read	nil
2023-05-29 23:47:23,501{GMT}	INFO	[jepsen worker 2] jepsen.util: 2	:ok	:read	[0 0 2 3 5 6 7 9 10 11 12 13 14 15 16 17 18 19 20 21 22 23 24 24 26 26 28 29 29 30 31 31 32 33 34 35 36 37 38 39 40 41 41 42 43 44]
2023-05-29 23:47:23,650{GMT}	INFO	[jepsen worker 3] jepsen.util: 3	:invoke	:broadcast	45
2023-05-29 23:47:23,652{GMT}	INFO	[jepsen worker 3] jepsen.util: 3	:ok	:broadcast	45
2023-05-29 23:47:23,746{GMT}	INFO	[jepsen worker 4] jepsen.util: 4	:invoke	:read	nil
2023-05-29 23:47:23,748{GMT}	INFO	[jepsen worker 0] jepsen.util: 0	:invoke	:read	nil
2023-05-29 23:47:23,748{GMT}	INFO	[jepsen worker 4] jepsen.util: 4	:ok	:read	[1 4 8 25 27 31 32 33 34 35 35 36 37 38 38 39 40 41 42 43 43 44 45]
2023-05-29 23:47:23,750{GMT}	INFO	[jepsen worker 0] jepsen.util: 0	:ok	:read	[0 2 2 3 5 5 6 6 7 9 9 10 11 12 12 13 13 14 15 16 16 17 17 18 18 19 20 21 22 22 23 24 26 28 28 29 30 31 32 33 33 34 35 36 36 37 38 39 39 40 41 42 43 44 44 45]
2023-05-29 23:47:23,896{GMT}	INFO	[jepsen worker 0] jepsen.util: 0	:invoke	:broadcast	46
2023-05-29 23:47:23,898{GMT}	INFO	[jepsen worker 0] jepsen.util: 0	:ok	:broadcast	46
2023-05-29 23:47:23,950{GMT}	INFO	[jepsen worker 1] jepsen.util: 1	:invoke	:read	nil
2023-05-29 23:47:23,952{GMT}	INFO	[jepsen worker 1] jepsen.util: 1	:ok	:read	[0 2 3 5 6 7 9 10 10 11 12 13 14 14 15 16 17 18 19 19 20 21 22 23 23 24 26 28 29 30 31 32 33 34 35 36 37 38 39 40 40 41 42 43 44 45 46]
2023-05-29 23:47:24,100{GMT}	INFO	[jepsen worker 2] jepsen.util: 2	:invoke	:broadcast	47
2023-05-29 23:47:24,102{GMT}	INFO	[jepsen worker 2] jepsen.util: 2	:ok	:broadcast	47
2023-05-29 23:47:24,148{GMT}	INFO	[jepsen worker 3] jepsen.util: 3	:invoke	:read	nil
2023-05-29 23:47:24,150{GMT}	INFO	[jepsen worker 3] jepsen.util: 3	:ok	:read	[0 2 3 3 5 6 7 7 9 10 11 11 12 13 14 15 15 16 17 18 19 20 20 21 21 22 23 24 26 28 29 30 30 31 32 32 33 34 34 35 36 37 37 38 39 40 41 42 42 43 44 45 45 46 47]
2023-05-29 23:47:24,224{GMT}	INFO	[jepsen worker 4] jepsen.util: 4	:invoke	:read	nil
2023-05-29 23:47:24,226{GMT}	INFO	[jepsen worker 4] jepsen.util: 4	:ok	:read	[1 4 8 25 27 31 32 33 34 35 35 36 37 38 38 39 40 41 42 43 43 44 45 46 47]
2023-05-29 23:47:24,364{GMT}	INFO	[jepsen worker 0] jepsen.util: 0	:invoke	:read	nil
2023-05-29 23:47:24,366{GMT}	INFO	[jepsen worker 0] jepsen.util: 0	:ok	:read	[0 2 2 3 5 5 6 6 7 9 9 10 11 12 12 13 13 14 15 16 16 17 17 18 18 19 20 21 22 22 23 24 26 28 28 29 30 31 32 33 33 34 35 36 36 37 38 39 39 40 41 42 43 44 44 45 46 46 47]
2023-05-29 23:47:24,409{GMT}	INFO	[jepsen worker 0] jepsen.util: 0	:invoke	:broadcast	48
2023-05-29 23:47:24,412{GMT}	INFO	[jepsen worker 0] jepsen.util: 0	:ok	:broadcast	48
2023-05-29 23:47:24,492{GMT}	INFO	[jepsen worker 1] jepsen.util: 1	:invoke	:read	nil
2023-05-29 23:47:24,493{GMT}	INFO	[jepsen worker 1] jepsen.util: 1	:ok	:read	[0 2 3 5 6 7 9 10 10 11 12 13 14 14 15 16 17 18 19 19 20 21 22 23 23 24 26 28 29 30 31 32 33 34 35 36 37 38 39 40 40 41 42 43 44 45 46 47 48]
2023-05-29 23:47:24,516{GMT}	INFO	[jepsen worker 2] jepsen.util: 2	:invoke	:read	nil
2023-05-29 23:47:24,518{GMT}	INFO	[jepsen worker 2] jepsen.util: 2	:ok	:read	[0 0 2 3 5 6 7 9 10 11 12 13 14 15 16 17 18 19 20 21 22 23 24 24 26 26 28 29 29 30 31 31 32 33 34 35 36 37 38 39 40 41 41 42 43 44 45 46 47 47 48]
2023-05-29 23:47:24,640{GMT}	INFO	[jepsen worker 3] jepsen.util: 3	:invoke	:broadcast	49
2023-05-29 23:47:24,642{GMT}	INFO	[jepsen worker 3] jepsen.util: 3	:ok	:broadcast	49
2023-05-29 23:47:24,833{GMT}	INFO	[jepsen worker 4] jepsen.util: 4	:invoke	:broadcast	50
2023-05-29 23:47:24,835{GMT}	INFO	[jepsen worker 4] jepsen.util: 4	:ok	:broadcast	50
2023-05-29 23:47:24,976{GMT}	INFO	[jepsen worker 0] jepsen.util: 0	:invoke	:read	nil
2023-05-29 23:47:24,978{GMT}	INFO	[jepsen worker 0] jepsen.util: 0	:ok	:read	[0 2 2 3 5 5 6 6 7 9 9 10 11 12 12 13 13 14 15 16 16 17 17 18 18 19 20 21 22 22 23 24 26 28 28 29 30 31 32 33 33 34 35 36 36 37 38 39 39 40 41 42 43 44 44 45 46 46 47 48 48 49 50]
2023-05-29 23:47:25,008{GMT}	INFO	[jepsen worker 0] jepsen.util: 0	:invoke	:broadcast	51
2023-05-29 23:47:25,011{GMT}	INFO	[jepsen worker 0] jepsen.util: 0	:ok	:broadcast	51
2023-05-29 23:47:25,160{GMT}	INFO	[jepsen worker 1] jepsen.util: 1	:invoke	:read	nil
2023-05-29 23:47:25,162{GMT}	INFO	[jepsen worker 1] jepsen.util: 1	:ok	:read	[0 2 3 5 6 7 9 10 10 11 12 13 14 14 15 16 17 18 19 19 20 21 22 23 23 24 26 28 29 30 31 32 33 34 35 36 37 38 39 40 40 41 42 43 44 45 46 47 48 49 50 51]
2023-05-29 23:47:25,315{GMT}	INFO	[jepsen worker 2] jepsen.util: 2	:invoke	:read	nil
2023-05-29 23:47:25,317{GMT}	INFO	[jepsen worker 2] jepsen.util: 2	:ok	:read	[0 0 2 3 5 6 7 9 10 11 12 13 14 15 16 17 18 19 20 21 22 23 24 24 26 26 28 29 29 30 31 31 32 33 34 35 36 37 38 39 40 41 41 42 43 44 45 46 47 47 48 49 50 51]
2023-05-29 23:47:25,390{GMT}	INFO	[jepsen worker 3] jepsen.util: 3	:invoke	:read	nil
2023-05-29 23:47:25,391{GMT}	INFO	[jepsen worker 3] jepsen.util: 3	:ok	:read	[0 2 3 3 5 6 7 7 9 10 11 11 12 13 14 15 15 16 17 18 19 20 20 21 21 22 23 24 26 28 29 30 30 31 32 32 33 34 34 35 36 37 37 38 39 40 41 42 42 43 44 45 45 46 47 48 49 49 50 51]
2023-05-29 23:47:25,511{GMT}	INFO	[jepsen worker 4] jepsen.util: 4	:invoke	:broadcast	52
2023-05-29 23:47:25,513{GMT}	INFO	[jepsen worker 4] jepsen.util: 4	:ok	:broadcast	52
2023-05-29 23:47:25,683{GMT}	INFO	[jepsen worker 0] jepsen.util: 0	:invoke	:broadcast	53
2023-05-29 23:47:25,686{GMT}	INFO	[jepsen worker 0] jepsen.util: 0	:ok	:broadcast	53
2023-05-29 23:47:25,781{GMT}	INFO	[jepsen worker 0] jepsen.util: 0	:invoke	:read	nil
2023-05-29 23:47:25,783{GMT}	INFO	[jepsen worker 0] jepsen.util: 0	:ok	:read	[0 2 2 3 5 5 6 6 7 9 9 10 11 12 12 13 13 14 15 16 16 17 17 18 18 19 20 21 22 22 23 24 26 28 28 29 30 31 32 33 33 34 35 36 36 37 38 39 39 40 41 42 43 44 44 45 46 46 47 48 48 49 50 51 51 52 53 53]
2023-05-29 23:47:25,965{GMT}	INFO	[jepsen worker 1] jepsen.util: 1	:invoke	:broadcast	54
2023-05-29 23:47:25,967{GMT}	INFO	[jepsen worker 1] jepsen.util: 1	:ok	:broadcast	54
2023-05-29 23:47:26,050{GMT}	INFO	[jepsen worker 2] jepsen.util: 2	:invoke	:read	nil
2023-05-29 23:47:26,052{GMT}	INFO	[jepsen worker 2] jepsen.util: 2	:ok	:read	[0 0 2 3 5 6 7 9 10 11 12 13 14 15 16 17 18 19 20 21 22 23 24 24 26 26 28 29 29 30 31 31 32 33 34 35 36 37 38 39 40 41 41 42 43 44 45 46 47 47 48 49 50 51 52 53 54]
2023-05-29 23:47:26,150{GMT}	INFO	[jepsen worker 3] jepsen.util: 3	:invoke	:read	nil
2023-05-29 23:47:26,152{GMT}	INFO	[jepsen worker 3] jepsen.util: 3	:ok	:read	[0 2 3 3 5 6 7 7 9 10 11 11 12 13 14 15 15 16 17 18 19 20 20 21 21 22 23 24 26 28 29 30 30 31 32 32 33 34 34 35 36 37 37 38 39 40 41 42 42 43 44 45 45 46 47 48 49 49 50 51 52 53 54]
2023-05-29 23:47:26,306{GMT}	INFO	[jepsen worker 4] jepsen.util: 4	:invoke	:broadcast	55
2023-05-29 23:47:26,308{GMT}	INFO	[jepsen worker 4] jepsen.util: 4	:ok	:broadcast	55
2023-05-29 23:47:26,340{GMT}	INFO	[jepsen worker 0] jepsen.util: 0	:invoke	:read	nil
2023-05-29 23:47:26,342{GMT}	INFO	[jepsen worker 0] jepsen.util: 0	:ok	:read	[0 2 2 3 5 5 6 6 7 9 9 10 11 12 12 13 13 14 15 16 16 17 17 18 18 19 20 21 22 22 23 24 26 28 28 29 30 31 32 33 33 34 35 36 36 37 38 39 39 40 41 42 43 44 44 45 46 46 47 48 48 49 50 51 51 52 53 53 54 55]
2023-05-29 23:47:26,372{GMT}	INFO	[jepsen worker 0] jepsen.util: 0	:invoke	:broadcast	56
2023-05-29 23:47:26,374{GMT}	INFO	[jepsen worker 0] jepsen.util: 0	:ok	:broadcast	56
2023-05-29 23:47:26,406{GMT}	INFO	[jepsen worker 1] jepsen.util: 1	:invoke	:read	nil
2023-05-29 23:47:26,408{GMT}	INFO	[jepsen worker 1] jepsen.util: 1	:ok	:read	[0 2 3 5 6 7 9 10 10 11 12 13 14 14 15 16 17 18 19 19 20 21 22 23 23 24 26 28 29 30 31 32 33 34 35 36 37 38 39 40 40 41 42 43 44 45 46 47 48 49 50 51 52 53 54 54 55 56]
2023-05-29 23:47:26,579{GMT}	INFO	[jepsen worker 2] jepsen.util: 2	:invoke	:broadcast	57
2023-05-29 23:47:26,581{GMT}	INFO	[jepsen worker 2] jepsen.util: 2	:ok	:broadcast	57
2023-05-29 23:47:26,660{GMT}	INFO	[jepsen worker 3] jepsen.util: 3	:invoke	:read	nil
2023-05-29 23:47:26,662{GMT}	INFO	[jepsen worker 3] jepsen.util: 3	:ok	:read	[0 2 3 3 5 6 7 7 9 10 11 11 12 13 14 15 15 16 17 18 19 20 20 21 21 22 23 24 26 28 29 30 30 31 32 32 33 34 34 35 36 37 37 38 39 40 41 42 42 43 44 45 45 46 47 48 49 49 50 51 52 53 54 55 56 57]
2023-05-29 23:47:26,697{GMT}	INFO	[jepsen worker 4] jepsen.util: 4	:invoke	:broadcast	58
2023-05-29 23:47:26,698{GMT}	INFO	[jepsen worker 4] jepsen.util: 4	:ok	:broadcast	58
2023-05-29 23:47:26,856{GMT}	INFO	[jepsen worker 0] jepsen.util: 0	:invoke	:read	nil
2023-05-29 23:47:26,858{GMT}	INFO	[jepsen worker 0] jepsen.util: 0	:ok	:read	[0 2 2 3 5 5 6 6 7 9 9 10 11 12 12 13 13 14 15 16 16 17 17 18 18 19 20 21 22 22 23 24 26 28 28 29 30 31 32 33 33 34 35 36 36 37 38 39 39 40 41 42 43 44 44 45 46 46 47 48 48 49 50 51 51 52 53 53 54 55 56 56 57 58]
2023-05-29 23:47:26,884{GMT}	INFO	[jepsen worker 0] jepsen.util: 0	:invoke	:read	nil
2023-05-29 23:47:26,885{GMT}	INFO	[jepsen worker 0] jepsen.util: 0	:ok	:read	[0 2 2 3 5 5 6 6 7 9 9 10 11 12 12 13 13 14 15 16 16 17 17 18 18 19 20 21 22 22 23 24 26 28 28 29 30 31 32 33 33 34 35 36 36 37 38 39 39 40 41 42 43 44 44 45 46 46 47 48 48 49 50 51 51 52 53 53 54 55 56 56 57 58]
2023-05-29 23:47:27,046{GMT}	INFO	[jepsen worker 1] jepsen.util: 1	:invoke	:broadcast	59
2023-05-29 23:47:27,048{GMT}	INFO	[jepsen worker 1] jepsen.util: 1	:ok	:broadcast	59
2023-05-29 23:47:27,145{GMT}	INFO	[jepsen worker 2] jepsen.util: 2	:invoke	:broadcast	60
2023-05-29 23:47:27,146{GMT}	INFO	[jepsen worker 2] jepsen.util: 2	:ok	:broadcast	60
2023-05-29 23:47:27,234{GMT}	INFO	[jepsen worker 3] jepsen.util: 3	:invoke	:read	nil
2023-05-29 23:47:27,236{GMT}	INFO	[jepsen worker 3] jepsen.util: 3	:ok	:read	[0 2 3 3 5 6 7 7 9 10 11 11 12 13 14 15 15 16 17 18 19 20 20 21 21 22 23 24 26 28 29 30 30 31 32 32 33 34 34 35 36 37 37 38 39 40 41 42 42 43 44 45 45 46 47 48 49 49 50 51 52 53 54 55 56 57 58 59 60]
2023-05-29 23:47:27,250{GMT}	INFO	[jepsen worker 4] jepsen.util: 4	:invoke	:broadcast	61
2023-05-29 23:47:27,252{GMT}	INFO	[jepsen worker 4] jepsen.util: 4	:ok	:broadcast	61
2023-05-29 23:47:27,368{GMT}	INFO	[jepsen worker 0] jepsen.util: 0	:invoke	:broadcast	62
2023-05-29 23:47:27,369{GMT}	INFO	[jepsen worker 0] jepsen.util: 0	:ok	:broadcast	62
2023-05-29 23:47:27,421{GMT}	INFO	[jepsen worker 0] jepsen.util: 0	:invoke	:read	nil
2023-05-29 23:47:27,423{GMT}	INFO	[jepsen worker 0] jepsen.util: 0	:ok	:read	[0 2 2 3 5 5 6 6 7 9 9 10 11 12 12 13 13 14 15 16 16 17 17 18 18 19 20 21 22 22 23 24 26 28 28 29 30 31 32 33 33 34 35 36 36 37 38 39 39 40 41 42 43 44 44 45 46 46 47 48 48 49 50 51 51 52 53 53 54 55 56 56 57 58 59 60 61 62 62]
2023-05-29 23:47:27,468{GMT}	INFO	[jepsen worker 1] jepsen.util: 1	:invoke	:broadcast	63
2023-05-29 23:47:27,469{GMT}	INFO	[jepsen worker 1] jepsen.util: 1	:ok	:broadcast	63
2023-05-29 23:47:27,535{GMT}	INFO	[jepsen worker 2] jepsen.util: 2	:invoke	:broadcast	64
2023-05-29 23:47:27,536{GMT}	INFO	[jepsen worker 2] jepsen.util: 2	:ok	:broadcast	64
2023-05-29 23:47:27,651{GMT}	INFO	[jepsen worker 3] jepsen.util: 3	:invoke	:broadcast	65
2023-05-29 23:47:27,652{GMT}	INFO	[jepsen worker 3] jepsen.util: 3	:ok	:broadcast	65
2023-05-29 23:47:27,818{GMT}	INFO	[jepsen worker 4] jepsen.util: 4	:invoke	:read	nil
2023-05-29 23:47:27,819{GMT}	INFO	[jepsen worker 4] jepsen.util: 4	:ok	:read	[1 4 8 25 27 31 32 33 34 35 35 36 37 38 38 39 40 41 42 43 43 44 45 46 47 48 49 50 50 51 52 52 53 54 55 55 56 57 58 58 59 60 61 61 62 63 64 65]
2023-05-29 23:47:28,001{GMT}	INFO	[jepsen worker 0] jepsen.util: 0	:invoke	:read	nil
2023-05-29 23:47:28,003{GMT}	INFO	[jepsen worker 0] jepsen.util: 0	:ok	:read	[0 2 2 3 5 5 6 6 7 9 9 10 11 12 12 13 13 14 15 16 16 17 17 18 18 19 20 21 22 22 23 24 26 28 28 29 30 31 32 33 33 34 35 36 36 37 38 39 39 40 41 42 43 44 44 45 46 46 47 48 48 49 50 51 51 52 53 53 54 55 56 56 57 58 59 60 61 62 62 63 64 65]
2023-05-29 23:47:28,075{GMT}	INFO	[jepsen worker 0] jepsen.util: 0	:invoke	:read	nil
2023-05-29 23:47:28,077{GMT}	INFO	[jepsen worker 0] jepsen.util: 0	:ok	:read	[0 2 2 3 5 5 6 6 7 9 9 10 11 12 12 13 13 14 15 16 16 17 17 18 18 19 20 21 22 22 23 24 26 28 28 29 30 31 32 33 33 34 35 36 36 37 38 39 39 40 41 42 43 44 44 45 46 46 47 48 48 49 50 51 51 52 53 53 54 55 56 56 57 58 59 60 61 62 62 63 64 65]
2023-05-29 23:47:28,143{GMT}	INFO	[jepsen worker 1] jepsen.util: 1	:invoke	:broadcast	66
2023-05-29 23:47:28,144{GMT}	INFO	[jepsen worker 1] jepsen.util: 1	:ok	:broadcast	66
2023-05-29 23:47:28,232{GMT}	INFO	[jepsen worker 2] jepsen.util: 2	:invoke	:broadcast	67
2023-05-29 23:47:28,234{GMT}	INFO	[jepsen worker 2] jepsen.util: 2	:ok	:broadcast	67
2023-05-29 23:47:28,418{GMT}	INFO	[jepsen worker 3] jepsen.util: 3	:invoke	:broadcast	68
2023-05-29 23:47:28,420{GMT}	INFO	[jepsen worker 3] jepsen.util: 3	:ok	:broadcast	68
2023-05-29 23:47:28,551{GMT}	INFO	[jepsen worker 4] jepsen.util: 4	:invoke	:broadcast	69
2023-05-29 23:47:28,553{GMT}	INFO	[jepsen worker 4] jepsen.util: 4	:ok	:broadcast	69
2023-05-29 23:47:28,611{GMT}	INFO	[jepsen worker 0] jepsen.util: 0	:invoke	:broadcast	70
2023-05-29 23:47:28,613{GMT}	INFO	[jepsen worker 0] jepsen.util: 0	:ok	:broadcast	70
2023-05-29 23:47:28,736{GMT}	INFO	[jepsen worker 0] jepsen.util: 0	:invoke	:read	nil
2023-05-29 23:47:28,738{GMT}	INFO	[jepsen worker 0] jepsen.util: 0	:ok	:read	[0 2 2 3 5 5 6 6 7 9 9 10 11 12 12 13 13 14 15 16 16 17 17 18 18 19 20 21 22 22 23 24 26 28 28 29 30 31 32 33 33 34 35 36 36 37 38 39 39 40 41 42 43 44 44 45 46 46 47 48 48 49 50 51 51 52 53 53 54 55 56 56 57 58 59 60 61 62 62 63 64 65 66 67 68 69 70 70]
2023-05-29 23:47:28,824{GMT}	INFO	[jepsen worker 1] jepsen.util: 1	:invoke	:broadcast	71
2023-05-29 23:47:28,826{GMT}	INFO	[jepsen worker 1] jepsen.util: 1	:ok	:broadcast	71
2023-05-29 23:47:29,023{GMT}	INFO	[jepsen worker 2] jepsen.util: 2	:invoke	:read	nil
2023-05-29 23:47:29,025{GMT}	INFO	[jepsen worker 2] jepsen.util: 2	:ok	:read	[0 0 2 3 5 6 7 9 10 11 12 13 14 15 16 17 18 19 20 21 22 23 24 24 26 26 28 29 29 30 31 31 32 33 34 35 36 37 38 39 40 41 41 42 43 44 45 46 47 47 48 49 50 51 52 53 54 55 56 57 57 58 59 60 60 61 62 63 64 64 65 66 67 67 68 69 70 71]
2023-05-29 23:47:29,126{GMT}	INFO	[jepsen worker 3] jepsen.util: 3	:invoke	:broadcast	72
2023-05-29 23:47:29,127{GMT}	INFO	[jepsen worker 3] jepsen.util: 3	:ok	:broadcast	72
2023-05-29 23:47:29,202{GMT}	INFO	[jepsen worker 4] jepsen.util: 4	:invoke	:read	nil
2023-05-29 23:47:29,204{GMT}	INFO	[jepsen worker 4] jepsen.util: 4	:ok	:read	[1 4 8 25 27 31 32 33 34 35 35 36 37 38 38 39 40 41 42 43 43 44 45 46 47 48 49 50 50 51 52 52 53 54 55 55 56 57 58 58 59 60 61 61 62 63 64 65 66 67 68 69 69 70 71 72]
2023-05-29 23:47:29,361{GMT}	INFO	[jepsen worker 0] jepsen.util: 0	:invoke	:broadcast	73
2023-05-29 23:47:29,362{GMT}	INFO	[jepsen worker 0] jepsen.util: 0	:ok	:broadcast	73
2023-05-29 23:47:29,386{GMT}	INFO	[jepsen worker 0] jepsen.util: 0	:invoke	:read	nil
2023-05-29 23:47:29,388{GMT}	INFO	[jepsen worker 0] jepsen.util: 0	:ok	:read	[0 2 2 3 5 5 6 6 7 9 9 10 11 12 12 13 13 14 15 16 16 17 17 18 18 19 20 21 22 22 23 24 26 28 28 29 30 31 32 33 33 34 35 36 36 37 38 39 39 40 41 42 43 44 44 45 46 46 47 48 48 49 50 51 51 52 53 53 54 55 56 56 57 58 59 60 61 62 62 63 64 65 66 67 68 69 70 70 71 72 73 73]
2023-05-29 23:47:29,586{GMT}	INFO	[jepsen worker 1] jepsen.util: 1	:invoke	:read	nil
2023-05-29 23:47:29,588{GMT}	INFO	[jepsen worker 1] jepsen.util: 1	:ok	:read	[0 2 3 5 6 7 9 10 10 11 12 13 14 14 15 16 17 18 19 19 20 21 22 23 23 24 26 28 29 30 31 32 33 34 35 36 37 38 39 40 40 41 42 43 44 45 46 47 48 49 50 51 52 53 54 54 55 56 57 58 59 59 60 61 62 63 63 64 65 66 66 67 68 69 70 71 71 72 73]
2023-05-29 23:47:29,693{GMT}	INFO	[jepsen worker 2] jepsen.util: 2	:invoke	:broadcast	74
2023-05-29 23:47:29,694{GMT}	INFO	[jepsen worker 2] jepsen.util: 2	:ok	:broadcast	74
2023-05-29 23:47:29,700{GMT}	INFO	[jepsen worker 3] jepsen.util: 3	:invoke	:read	nil
2023-05-29 23:47:29,701{GMT}	INFO	[jepsen worker 3] jepsen.util: 3	:ok	:read	[0 2 3 3 5 6 7 7 9 10 11 11 12 13 14 15 15 16 17 18 19 20 20 21 21 22 23 24 26 28 29 30 30 31 32 32 33 34 34 35 36 37 37 38 39 40 41 42 42 43 44 45 45 46 47 48 49 49 50 51 52 53 54 55 56 57 58 59 60 61 62 63 64 65 65 66 67 68 68 69 70 71 72 72 73 74]
2023-05-29 23:47:29,770{GMT}	INFO	[jepsen worker 4] jepsen.util: 4	:invoke	:broadcast	75
2023-05-29 23:47:29,771{GMT}	INFO	[jepsen worker 4] jepsen.util: 4	:ok	:broadcast	75
2023-05-29 23:47:29,826{GMT}	INFO	[jepsen worker 0] jepsen.util: 0	:invoke	:broadcast	76
2023-05-29 23:47:29,828{GMT}	INFO	[jepsen worker 0] jepsen.util: 0	:ok	:broadcast	76
2023-05-29 23:47:29,903{GMT}	INFO	[jepsen worker 0] jepsen.util: 0	:invoke	:read	nil
2023-05-29 23:47:29,905{GMT}	INFO	[jepsen worker 0] jepsen.util: 0	:ok	:read	[0 2 2 3 5 5 6 6 7 9 9 10 11 12 12 13 13 14 15 16 16 17 17 18 18 19 20 21 22 22 23 24 26 28 28 29 30 31 32 33 33 34 35 36 36 37 38 39 39 40 41 42 43 44 44 45 46 46 47 48 48 49 50 51 51 52 53 53 54 55 56 56 57 58 59 60 61 62 62 63 64 65 66 67 68 69 70 70 71 72 73 73 74 75 76 76]
2023-05-29 23:47:30,096{GMT}	INFO	[jepsen worker 1] jepsen.util: 1	:invoke	:broadcast	77
2023-05-29 23:47:30,098{GMT}	INFO	[jepsen worker 1] jepsen.util: 1	:ok	:broadcast	77
2023-05-29 23:47:30,270{GMT}	INFO	[jepsen worker 2] jepsen.util: 2	:invoke	:read	nil
2023-05-29 23:47:30,272{GMT}	INFO	[jepsen worker 2] jepsen.util: 2	:ok	:read	[0 0 2 3 5 6 7 9 10 11 12 13 14 15 16 17 18 19 20 21 22 23 24 24 26 26 28 29 29 30 31 31 32 33 34 35 36 37 38 39 40 41 41 42 43 44 45 46 47 47 48 49 50 51 52 53 54 55 56 57 57 58 59 60 60 61 62 63 64 64 65 66 67 67 68 69 70 71 72 73 74 74 75 76 77]
2023-05-29 23:47:30,370{GMT}	INFO	[jepsen worker 3] jepsen.util: 3	:invoke	:read	nil
2023-05-29 23:47:30,372{GMT}	INFO	[jepsen worker 3] jepsen.util: 3	:ok	:read	[0 2 3 3 5 6 7 7 9 10 11 11 12 13 14 15 15 16 17 18 19 20 20 21 21 22 23 24 26 28 29 30 30 31 32 32 33 34 34 35 36 37 37 38 39 40 41 42 42 43 44 45 45 46 47 48 49 49 50 51 52 53 54 55 56 57 58 59 60 61 62 63 64 65 65 66 67 68 68 69 70 71 72 72 73 74 75 76 77]
2023-05-29 23:47:30,396{GMT}	INFO	[jepsen worker 4] jepsen.util: 4	:invoke	:read	nil
2023-05-29 23:47:30,397{GMT}	INFO	[jepsen worker 4] jepsen.util: 4	:ok	:read	[1 4 8 25 27 31 32 33 34 35 35 36 37 38 38 39 40 41 42 43 43 44 45 46 47 48 49 50 50 51 52 52 53 54 55 55 56 57 58 58 59 60 61 61 62 63 64 65 66 67 68 69 69 70 71 72 73 74 75 75 76 77]
2023-05-29 23:47:30,475{GMT}	INFO	[jepsen worker 0] jepsen.util: 0	:invoke	:read	nil
2023-05-29 23:47:30,477{GMT}	INFO	[jepsen worker 0] jepsen.util: 0	:ok	:read	[0 2 2 3 5 5 6 6 7 9 9 10 11 12 12 13 13 14 15 16 16 17 17 18 18 19 20 21 22 22 23 24 26 28 28 29 30 31 32 33 33 34 35 36 36 37 38 39 39 40 41 42 43 44 44 45 46 46 47 48 48 49 50 51 51 52 53 53 54 55 56 56 57 58 59 60 61 62 62 63 64 65 66 67 68 69 70 70 71 72 73 73 74 75 76 76 77]
2023-05-29 23:47:30,606{GMT}	INFO	[jepsen worker 0] jepsen.util: 0	:invoke	:read	nil
2023-05-29 23:47:30,608{GMT}	INFO	[jepsen worker 0] jepsen.util: 0	:ok	:read	[0 2 2 3 5 5 6 6 7 9 9 10 11 12 12 13 13 14 15 16 16 17 17 18 18 19 20 21 22 22 23 24 26 28 28 29 30 31 32 33 33 34 35 36 36 37 38 39 39 40 41 42 43 44 44 45 46 46 47 48 48 49 50 51 51 52 53 53 54 55 56 56 57 58 59 60 61 62 62 63 64 65 66 67 68 69 70 70 71 72 73 73 74 75 76 76 77]
2023-05-29 23:47:30,796{GMT}	INFO	[jepsen worker 1] jepsen.util: 1	:invoke	:broadcast	78
2023-05-29 23:47:30,798{GMT}	INFO	[jepsen worker 1] jepsen.util: 1	:ok	:broadcast	78
2023-05-29 23:47:30,822{GMT}	INFO	[jepsen worker 2] jepsen.util: 2	:invoke	:read	nil
2023-05-29 23:47:30,823{GMT}	INFO	[jepsen worker 2] jepsen.util: 2	:ok	:read	[0 0 2 3 5 6 7 9 10 11 12 13 14 15 16 17 18 19 20 21 22 23 24 24 26 26 28 29 29 30 31 31 32 33 34 35 36 37 38 39 40 41 41 42 43 44 45 46 47 47 48 49 50 51 52 53 54 55 56 57 57 58 59 60 60 61 62 63 64 64 65 66 67 67 68 69 70 71 72 73 74 74 75 76 77 78]
2023-05-29 23:47:30,871{GMT}	INFO	[jepsen worker 3] jepsen.util: 3	:invoke	:read	nil
2023-05-29 23:47:30,873{GMT}	INFO	[jepsen worker 3] jepsen.util: 3	:ok	:read	[0 2 3 3 5 6 7 7 9 10 11 11 12 13 14 15 15 16 17 18 19 20 20 21 21 22 23 24 26 28 29 30 30 31 32 32 33 34 34 35 36 37 37 38 39 40 41 42 42 43 44 45 45 46 47 48 49 49 50 51 52 53 54 55 56 57 58 59 60 61 62 63 64 65 65 66 67 68 68 69 70 71 72 72 73 74 75 76 77 78]
2023-05-29 23:47:30,927{GMT}	INFO	[jepsen worker 4] jepsen.util: 4	:invoke	:broadcast	79
2023-05-29 23:47:30,929{GMT}	INFO	[jepsen worker 4] jepsen.util: 4	:ok	:broadcast	79
2023-05-29 23:47:31,053{GMT}	INFO	[jepsen worker 0] jepsen.util: 0	:invoke	:read	nil
2023-05-29 23:47:31,055{GMT}	INFO	[jepsen worker 0] jepsen.util: 0	:ok	:read	[0 2 2 3 5 5 6 6 7 9 9 10 11 12 12 13 13 14 15 16 16 17 17 18 18 19 20 21 22 22 23 24 26 28 28 29 30 31 32 33 33 34 35 36 36 37 38 39 39 40 41 42 43 44 44 45 46 46 47 48 48 49 50 51 51 52 53 53 54 55 56 56 57 58 59 60 61 62 62 63 64 65 66 67 68 69 70 70 71 72 73 73 74 75 76 76 77 78 79]
2023-05-29 23:47:31,196{GMT}	INFO	[jepsen worker 0] jepsen.util: 0	:invoke	:read	nil
2023-05-29 23:47:31,198{GMT}	INFO	[jepsen worker 0] jepsen.util: 0	:ok	:read	[0 2 2 3 5 5 6 6 7 9 9 10 11 12 12 13 13 14 15 16 16 17 17 18 18 19 20 21 22 22 23 24 26 28 28 29 30 31 32 33 33 34 35 36 36 37 38 39 39 40 41 42 43 44 44 45 46 46 47 48 48 49 50 51 51 52 53 53 54 55 56 56 57 58 59 60 61 62 62 63 64 65 66 67 68 69 70 70 71 72 73 73 74 75 76 76 77 78 79]
2023-05-29 23:47:31,356{GMT}	INFO	[jepsen worker 1] jepsen.util: 1	:invoke	:broadcast	80
2023-05-29 23:47:31,358{GMT}	INFO	[jepsen worker 1] jepsen.util: 1	:ok	:broadcast	80
2023-05-29 23:47:31,535{GMT}	INFO	[jepsen worker 2] jepsen.util: 2	:invoke	:read	nil
2023-05-29 23:47:31,537{GMT}	INFO	[jepsen worker 2] jepsen.util: 2	:ok	:read	[0 0 2 3 5 6 7 9 10 11 12 13 14 15 16 17 18 19 20 21 22 23 24 24 26 26 28 29 29 30 31 31 32 33 34 35 36 37 38 39 40 41 41 42 43 44 45 46 47 47 48 49 50 51 52 53 54 55 56 57 57 58 59 60 60 61 62 63 64 64 65 66 67 67 68 69 70 71 72 73 74 74 75 76 77 78 79 80]
2023-05-29 23:47:31,692{GMT}	INFO	[jepsen worker 3] jepsen.util: 3	:invoke	:broadcast	81
2023-05-29 23:47:31,693{GMT}	INFO	[jepsen worker 3] jepsen.util: 3	:ok	:broadcast	81
2023-05-29 23:47:31,778{GMT}	INFO	[jepsen worker 4] jepsen.util: 4	:invoke	:read	nil
2023-05-29 23:47:31,779{GMT}	INFO	[jepsen worker 4] jepsen.util: 4	:ok	:read	[1 4 8 25 27 31 32 33 34 35 35 36 37 38 38 39 40 41 42 43 43 44 45 46 47 48 49 50 50 51 52 52 53 54 55 55 56 57 58 58 59 60 61 61 62 63 64 65 66 67 68 69 69 70 71 72 73 74 75 75 76 77 78 79 79 80 81]
2023-05-29 23:47:31,804{GMT}	INFO	[jepsen worker 0] jepsen.util: 0	:invoke	:broadcast	82
2023-05-29 23:47:31,805{GMT}	INFO	[jepsen worker 0] jepsen.util: 0	:ok	:broadcast	82
2023-05-29 23:47:31,951{GMT}	INFO	[jepsen worker 0] jepsen.util: 0	:invoke	:read	nil
2023-05-29 23:47:31,953{GMT}	INFO	[jepsen worker 0] jepsen.util: 0	:ok	:read	[0 2 2 3 5 5 6 6 7 9 9 10 11 12 12 13 13 14 15 16 16 17 17 18 18 19 20 21 22 22 23 24 26 28 28 29 30 31 32 33 33 34 35 36 36 37 38 39 39 40 41 42 43 44 44 45 46 46 47 48 48 49 50 51 51 52 53 53 54 55 56 56 57 58 59 60 61 62 62 63 64 65 66 67 68 69 70 70 71 72 73 73 74 75 76 76 77 78 79 80 81 82 82]
2023-05-29 23:47:32,023{GMT}	INFO	[jepsen worker 1] jepsen.util: 1	:invoke	:read	nil
2023-05-29 23:47:32,025{GMT}	INFO	[jepsen worker 1] jepsen.util: 1	:ok	:read	[0 2 3 5 6 7 9 10 10 11 12 13 14 14 15 16 17 18 19 19 20 21 22 23 23 24 26 28 29 30 31 32 33 34 35 36 37 38 39 40 40 41 42 43 44 45 46 47 48 49 50 51 52 53 54 54 55 56 57 58 59 59 60 61 62 63 63 64 65 66 66 67 68 69 70 71 71 72 73 74 75 76 77 77 78 78 79 80 80 81 82]
2023-05-29 23:47:32,201{GMT}	INFO	[jepsen worker 2] jepsen.util: 2	:invoke	:broadcast	83
2023-05-29 23:47:32,202{GMT}	INFO	[jepsen worker 2] jepsen.util: 2	:ok	:broadcast	83
2023-05-29 23:47:32,388{GMT}	INFO	[jepsen worker 3] jepsen.util: 3	:invoke	:read	nil
2023-05-29 23:47:32,390{GMT}	INFO	[jepsen worker 3] jepsen.util: 3	:ok	:read	[0 2 3 3 5 6 7 7 9 10 11 11 12 13 14 15 15 16 17 18 19 20 20 21 21 22 23 24 26 28 29 30 30 31 32 32 33 34 34 35 36 37 37 38 39 40 41 42 42 43 44 45 45 46 47 48 49 49 50 51 52 53 54 55 56 57 58 59 60 61 62 63 64 65 65 66 67 68 68 69 70 71 72 72 73 74 75 76 77 78 79 80 81 81 82 83]
2023-05-29 23:47:32,547{GMT}	INFO	[jepsen worker 4] jepsen.util: 4	:invoke	:broadcast	84
2023-05-29 23:47:32,549{GMT}	INFO	[jepsen worker 4] jepsen.util: 4	:ok	:broadcast	84
2023-05-29 23:47:32,552{GMT}	INFO	[jepsen worker 0] jepsen.util: 0	:invoke	:broadcast	85
2023-05-29 23:47:32,554{GMT}	INFO	[jepsen worker 0] jepsen.util: 0	:ok	:broadcast	85
2023-05-29 23:47:32,710{GMT}	INFO	[jepsen worker 0] jepsen.util: 0	:invoke	:read	nil
2023-05-29 23:47:32,711{GMT}	INFO	[jepsen worker 0] jepsen.util: 0	:ok	:read	[0 2 2 3 5 5 6 6 7 9 9 10 11 12 12 13 13 14 15 16 16 17 17 18 18 19 20 21 22 22 23 24 26 28 28 29 30 31 32 33 33 34 35 36 36 37 38 39 39 40 41 42 43 44 44 45 46 46 47 48 48 49 50 51 51 52 53 53 54 55 56 56 57 58 59 60 61 62 62 63 64 65 66 67 68 69 70 70 71 72 73 73 74 75 76 76 77 78 79 80 81 82 82 83 84 85 85]
2023-05-29 23:47:32,789{GMT}	INFO	[jepsen worker 1] jepsen.util: 1	:invoke	:broadcast	86
2023-05-29 23:47:32,790{GMT}	INFO	[jepsen worker 1] jepsen.util: 1	:ok	:broadcast	86
2023-05-29 23:47:32,839{GMT}	INFO	[jepsen worker 2] jepsen.util: 2	:invoke	:read	nil
2023-05-29 23:47:32,840{GMT}	INFO	[jepsen worker 2] jepsen.util: 2	:ok	:read	[0 0 2 3 5 6 7 9 10 11 12 13 14 15 16 17 18 19 20 21 22 23 24 24 26 26 28 29 29 30 31 31 32 33 34 35 36 37 38 39 40 41 41 42 43 44 45 46 47 47 48 49 50 51 52 53 54 55 56 57 57 58 59 60 60 61 62 63 64 64 65 66 67 67 68 69 70 71 72 73 74 74 75 76 77 78 79 80 81 82 83 83 84 85 86]
2023-05-29 23:47:33,001{GMT}	INFO	[jepsen worker 3] jepsen.util: 3	:invoke	:broadcast	87
2023-05-29 23:47:33,002{GMT}	INFO	[jepsen worker 3] jepsen.util: 3	:ok	:broadcast	87
2023-05-29 23:47:33,135{GMT}	INFO	[jepsen worker 4] jepsen.util: 4	:invoke	:broadcast	88
2023-05-29 23:47:33,136{GMT}	INFO	[jepsen worker 4] jepsen.util: 4	:ok	:broadcast	88
2023-05-29 23:47:33,196{GMT}	INFO	[jepsen worker 0] jepsen.util: 0	:invoke	:read	nil
2023-05-29 23:47:33,198{GMT}	INFO	[jepsen worker 0] jepsen.util: 0	:ok	:read	[0 2 2 3 5 5 6 6 7 9 9 10 11 12 12 13 13 14 15 16 16 17 17 18 18 19 20 21 22 22 23 24 26 28 28 29 30 31 32 33 33 34 35 36 36 37 38 39 39 40 41 42 43 44 44 45 46 46 47 48 48 49 50 51 51 52 53 53 54 55 56 56 57 58 59 60 61 62 62 63 64 65 66 67 68 69 70 70 71 72 73 73 74 75 76 76 77 78 79 80 81 82 82 83 84 85 85 86 87 88]
2023-05-29 23:47:33,198{GMT}	INFO	[jepsen worker nemesis] jepsen.util: :nemesis	:info	:stop-partition	nil
2023-05-29 23:47:33,198{GMT}	INFO	[jepsen worker nemesis] jepsen.util: :nemesis	:info	:stop-partition	:network-healed
2023-05-29 23:47:33,199{GMT}	INFO	[jepsen worker 1] jepsen.generator.interpreter: Waiting for recovery...
2023-05-29 23:47:43,206{GMT}	INFO	[jepsen worker 2] jepsen.util: 2	:invoke	:read	nil
2023-05-29 23:47:43,207{GMT}	INFO	[jepsen worker 0] jepsen.util: 0	:invoke	:read	nil
2023-05-29 23:47:43,207{GMT}	INFO	[jepsen worker 4] jepsen.util: 4	:invoke	:read	nil
2023-05-29 23:47:43,207{GMT}	INFO	[jepsen worker 1] jepsen.util: 1	:invoke	:read	nil
2023-05-29 23:47:43,208{GMT}	INFO	[jepsen worker 3] jepsen.util: 3	:invoke	:read	nil
2023-05-29 23:47:43,210{GMT}	INFO	[jepsen worker 2] jepsen.util: 2	:ok	:read	[0 0 2 3 5 6 7 9 10 11 12 13 14 15 16 17 18 19 20 21 22 23 24 24 26 26 28 29 29 30 31 31 32 33 34 35 36 37 38 39 40 41 41 42 43 44 45 46 47 47 48 49 50 51 52 53 54 55 56 57 57 58 59 60 60 61 62 63 64 64 65 66 67 67 68 69 70 71 72 73 74 74 75 76 77 78 79 80 81 82 83 83 84 85 86 87 88]
2023-05-29 23:47:43,210{GMT}	INFO	[jepsen worker 4] jepsen.util: 4	:ok	:read	[1 4 8 25 27 31 32 33 34 35 35 36 37 38 38 39 40 41 42 43 43 44 45 46 47 48 49 50 50 51 52 52 53 54 55 55 56 57 58 58 59 60 61 61 62 63 64 65 66 67 68 69 69 70 71 72 73 74 75 75 76 77 78 79 79 80 81 82 83 84 84 85 86 87 88 88]
2023-05-29 23:47:43,210{GMT}	INFO	[jepsen worker 0] jepsen.util: 0	:ok	:read	[0 2 2 3 5 5 6 6 7 9 9 10 11 12 12 13 13 14 15 16 16 17 17 18 18 19 20 21 22 22 23 24 26 28 28 29 30 31 32 33 33 34 35 36 36 37 38 39 39 40 41 42 43 44 44 45 46 46 47 48 48 49 50 51 51 52 53 53 54 55 56 56 57 58 59 60 61 62 62 63 64 65 66 67 68 69 70 70 71 72 73 73 74 75 76 76 77 78 79 80 81 82 82 83 84 85 85 86 87 88]
2023-05-29 23:47:43,211{GMT}	INFO	[jepsen worker 3] jepsen.util: 3	:ok	:read	[0 2 3 3 5 6 7 7 9 10 11 11 12 13 14 15 15 16 17 18 19 20 20 21 21 22 23 24 26 28 29 30 30 31 32 32 33 34 34 35 36 37 37 38 39 40 41 42 42 43 44 45 45 46 47 48 49 49 50 51 52 53 54 55 56 57 58 59 60 61 62 63 64 65 65 66 67 68 68 69 70 71 72 72 73 74 75 76 77 78 79 80 81 81 82 83 84 85 86 87 87 88]
2023-05-29 23:47:43,211{GMT}	INFO	[jepsen worker 1] jepsen.util: 1	:ok	:read	[0 2 3 5 6 7 9 10 10 11 12 13 14 14 15 16 17 18 19 19 20 21 22 23 23 24 26 28 29 30 31 32 33 34 35 36 37 38 39 40 40 41 42 43 44 45 46 47 48 49 50 51 52 53 54 54 55 56 57 58 59 59 60 61 62 63 63 64 65 66 66 67 68 69 70 71 71 72 73 74 75 76 77 77 78 78 79 80 80 81 82 83 84 85 86 86 87 88]
2023-05-29 23:47:43,242{GMT}	INFO	[jepsen test runner] jepsen.core: Run complete, writing
2023-05-29 23:47:43,316{GMT}	INFO	[jepsen node n1] maelstrom.db: Tearing down n1
2023-05-29 23:47:43,316{GMT}	INFO	[jepsen node n3] maelstrom.db: Tearing down n3
2023-05-29 23:47:43,316{GMT}	INFO	[jepsen node n4] maelstrom.db: Tearing down n4
2023-05-29 23:47:43,316{GMT}	INFO	[jepsen node n0] maelstrom.db: Tearing down n0
2023-05-29 23:47:43,316{GMT}	INFO	[jepsen node n2] maelstrom.db: Tearing down n2
2023-05-29 23:47:45,024{GMT}	INFO	[jepsen node n0] maelstrom.net: Shutting down Maelstrom network
2023-05-29 23:47:45,029{GMT}	INFO	[jepsen test runner] jepsen.core: Analyzing...
2023-05-29 23:47:45,458{GMT}	INFO	[jepsen test runner] jepsen.core: Analysis complete
2023-05-29 23:47:45,489{GMT}	INFO	[jepsen results] jepsen.store: Wrote /Users/adicardrz/go-projects/maelstrom-challenges/maelstrom/store/broadcast/20230529T234710.625+0200/results.edn
2023-05-29 23:47:45,561{GMT}	INFO	[jepsen test runner] jepsen.core: {:perf {:latency-graph {:valid? true},
        :rate-graph {:valid? true},
        :valid? true},
 :timeline {:valid? true},
 :exceptions {:valid? true},
 :stats {:valid? true,
         :count 195,
         :ok-count 195,
         :fail-count 0,
         :info-count 0,
         :by-f {:broadcast {:valid? true,
                            :count 89,
                            :ok-count 89,
                            :fail-count 0,
                            :info-count 0},
                :read {:valid? true,
                       :count 106,
                       :ok-count 106,
                       :fail-count 0,
                       :info-count 0}}},
 :availability {:valid? true, :ok-fraction 1.0},
 :net {:all {:send-count 2271,
             :recv-count 2198,
             :msg-count 2271,
             :msgs-per-op 11.646153},
       :clients {:send-count 410, :recv-count 410, :msg-count 410},
       :servers {:send-count 1861,
                 :recv-count 1788,
                 :msg-count 1861,
                 :msgs-per-op 9.54359},
       :valid? true},
 :workload {:worst-stale ({:element 0,
                           :outcome :stable,
                           :stable-latency 29906,
                           :lost-latency nil,
                           :known #jepsen.history.Op{:index 5,
                                                     :time 37803538,
                                                     :type :ok,
                                                     :process 2,
                                                     :f :add,
                                                     :value 0},
                           :last-absent #jepsen.history.Op{:index 388,
                                                           :time 29944324081,
                                                           :type :invoke,
                                                           :process 4,
                                                           :f :read,
                                                           :value nil,
                                                           :final? true}}
                          {:element 2,
                           :outcome :stable,
                           :stable-latency 29474,
                           :lost-latency nil,
                           :known #jepsen.history.Op{:index 13,
                                                     :time 469438441,
                                                     :type :ok,
                                                     :process 0,
                                                     :f :add,
                                                     :value 2},
                           :last-absent #jepsen.history.Op{:index 388,
                                                           :time 29944324081,
                                                           :type :invoke,
                                                           :process 4,
                                                           :f :read,
                                                           :value nil,
                                                           :final? true}}
                          {:element 3,
                           :outcome :stable,
                           :stable-latency 29205,
                           :lost-latency nil,
                           :known #jepsen.history.Op{:index 19,
                                                     :time 739205469,
                                                     :type :ok,
                                                     :process 3,
                                                     :f :add,
                                                     :value 3},
                           :last-absent #jepsen.history.Op{:index 388,
                                                           :time 29944324081,
                                                           :type :invoke,
                                                           :process 4,
                                                           :f :read,
                                                           :value nil,
                                                           :final? true}}
                          {:element 5,
                           :outcome :stable,
                           :stable-latency 29158,
                           :lost-latency nil,
                           :known #jepsen.history.Op{:index 23,
                                                     :time 785486998,
                                                     :type :ok,
                                                     :process 0,
                                                     :f :add,
                                                     :value 5},
                           :last-absent #jepsen.history.Op{:index 388,
                                                           :time 29944324081,
                                                           :type :invoke,
                                                           :process 4,
                                                           :f :read,
                                                           :value nil,
                                                           :final? true}}
                          {:element 6,
                           :outcome :stable,
                           :stable-latency 29065,
                           :lost-latency nil,
                           :known #jepsen.history.Op{:index 25,
                                                     :time 878888211,
                                                     :type :ok,
                                                     :process 0,
                                                     :f :add,
                                                     :value 6},
                           :last-absent #jepsen.history.Op{:index 388,
                                                           :time 29944324081,
                                                           :type :invoke,
                                                           :process 4,
                                                           :f :read,
                                                           :value nil,
                                                           :final? true}}
                          {:element 7,
                           :outcome :stable,
                           :stable-latency 28751,
                           :lost-latency nil,
                           :known #jepsen.history.Op{:index 31,
                                                     :time 1193203677,
                                                     :type :ok,
                                                     :process 3,
                                                     :f :add,
                                                     :value 7},
                           :last-absent #jepsen.history.Op{:index 388,
                                                           :time 29944324081,
                                                           :type :invoke,
                                                           :process 4,
                                                           :f :read,
                                                           :value nil,
                                                           :final? true}}
                          {:element 9,
                           :outcome :stable,
                           :stable-latency 28383,
                           :lost-latency nil,
                           :known #jepsen.history.Op{:index 37,
                                                     :time 1561290632,
                                                     :type :ok,
                                                     :process 0,
                                                     :f :add,
                                                     :value 9},
                           :last-absent #jepsen.history.Op{:index 388,
                                                           :time 29944324081,
                                                           :type :invoke,
                                                           :process 4,
                                                           :f :read,
                                                           :value nil,
                                                           :final? true}}
                          {:element 10,
                           :outcome :stable,
                           :stable-latency 28279,
                           :lost-latency nil,
                           :known #jepsen.history.Op{:index 39,
                                                     :time 1664543626,
                                                     :type :ok,
                                                     :process 1,
                                                     :f :add,
                                                     :value 10},
                           :last-absent #jepsen.history.Op{:index 388,
                                                           :time 29944324081,
                                                           :type :invoke,
                                                           :process 4,
                                                           :f :read,
                                                           :value nil,
                                                           :final? true}}),
            :duplicated-count 0,
            :valid? false,
            :lost-count 5,
            :lost (1 4 8 25 27),
            :stable-count 84,
            :stale-count 26,
            :stale (0
                    2
                    3
                    5
                    6
                    7
                    9
                    10
                    11
                    12
                    13
                    14
                    15
                    16
                    17
                    18
                    19
                    20
                    21
                    22
                    23
                    24
                    26
                    28
                    29
                    30),
            :never-read-count 0,
            :stable-latencies {0 0,
                               0.5 0,
                               0.95 29065,
                               0.99 29906,
                               1 29906},
            :attempt-count 89,
            :lost-latencies {0 22890,
                             0.5 28549,
                             0.95 29712,
                             0.99 29712,
                             1 29712},
            :never-read (),
            :duplicated {}},
 :valid? false}


Analysis invalid! ( 
