2023-05-29 23:16:28,603{GMT}	INFO	[jepsen test runner] jepsen.core: Command line:
lein run test -w broadcast --bin /Users/adicardrz/go/bin/maelstrom-broadcast --node-count 5 --time-limit 20 --rate 10 --nemesis partition
2023-05-29 23:16:28,698{GMT}	INFO	[jepsen test runner] jepsen.core: Running test:
{:args []
 :remote
 #jepsen.control.retry.Remote{:remote #jepsen.control.scp.Remote{:cmd-remote #jepsen.control.sshj.SSHJRemote{:concurrency-limit 6,
                                                                                                             :conn-spec nil,
                                                                                                             :client nil,
                                                                                                             :semaphore nil},
                                                                 :conn-spec nil},
                              :conn nil}
 :log-net-send false
 :node-count 5
 :availability nil
 :max-txn-length 4
 :concurrency 5
 :db
 #object[maelstrom.db$db$reify__16142
         "0x60035f1e"
         "maelstrom.db$db$reify__16142@60035f1e"]
 :max-writes-per-key 16
 :leave-db-running? false
 :name "broadcast"
 :logging-json? false
 :start-time
 #object[org.joda.time.DateTime "0x2459715c" "2023-05-29T23:16:28.547+02:00"]
 :nemesis-interval 10
 :net
 #object[maelstrom.net$jepsen_net$reify__15251
         "0x401e36ab"
         "maelstrom.net$jepsen_net$reify__15251@401e36ab"]
 :client
 #object[maelstrom.workload.broadcast$client$reify__16644
         "0x4ce66169"
         "maelstrom.workload.broadcast$client$reify__16644@4ce66169"]
 :barrier
 #object[java.util.concurrent.CyclicBarrier
         "0x53d0cf4d"
         "java.util.concurrent.CyclicBarrier@53d0cf4d"]
 :log-stderr false
 :pure-generators true
 :ssh {:dummy? true}
 :rate 10.0
 :checker
 #object[jepsen.checker$compose$reify__11881
         "0x3c6c87fa"
         "jepsen.checker$compose$reify__11881@3c6c87fa"]
 :argv
 ("test"
  "-w"
  "broadcast"
  "--bin"
  "/Users/adicardrz/go/bin/maelstrom-broadcast"
  "--node-count"
  "5"
  "--time-limit"
  "20"
  "--rate"
  "10"
  "--nemesis"
  "partition")
 :nemesis
 (jepsen.nemesis.ReflCompose
  {:fm {:start-partition 0,
        :stop-partition 0,
        :kill 1,
        :start 1,
        :pause 1,
        :resume 1},
   :nemeses [#unprintable "jepsen.nemesis.combined$partition_nemesis$reify__16416@d7645b2"
             #unprintable "jepsen.nemesis.combined$db_nemesis$reify__16397@72e4905c"]})
 :nodes ["n0" "n1" "n2" "n3" "n4"]
 :test-count 1
 :latency {:mean 0, :dist :constant}
 :bin "/Users/adicardrz/go/bin/maelstrom-broadcast"
 :generator
 ((jepsen.generator.Synchronize
   {:gen (jepsen.generator.TimeLimit
          {:limit 20000000000,
           :cutoff nil,
           :gen (jepsen.generator.Any
                 {:gens [(jepsen.generator.OnThreads
                          {:f #{:nemesis},
                           :context-filter #object[jepsen.generator.context$make_thread_filter$lazy_filter__9167
                                                   "0x383c94ed"
                                                   "jepsen.generator.context$make_thread_filter$lazy_filter__9167@383c94ed"],
                           :gen (jepsen.generator.Stagger
                                 {:dt 20000000000,
                                  :next-time nil,
                                  :gen (jepsen.generator.FlipFlop
                                        {:gens [#object[jepsen.nemesis.combined$partition_package$start__16420
                                                        "0x293ccbdd"
                                                        "jepsen.nemesis.combined$partition_package$start__16420@293ccbdd"]
                                                ({:type :info,
                                                  :f :stop-partition,
                                                  :value nil}
                                                 {:type :info,
                                                  :f :stop-partition,
                                                  :value nil}
                                                 {:type :info,
                                                  :f :stop-partition,
                                                  :value nil}
                                                 {:type :info,
                                                  :f :stop-partition,
                                                  :value nil}
                                                 {:type :info,
                                                  :f :stop-partition,
                                                  :value nil}
                                                 {:type :info,
                                                  :f :stop-partition,
                                                  :value nil}
                                                 {:type :info,
                                                  :f :stop-partition,
                                                  :value nil}
                                                 {:type :info,
                                                  :f :stop-partition,
                                                  :value nil}
                                                 ...)],
                                         :i 0})})})
                         (jepsen.generator.OnThreads
                          {:f #jepsen.generator.context.AllBut{:element :nemesis},
                           :context-filter #object[jepsen.generator.context$make_thread_filter$lazy_filter__9167
                                                   "0x474a63d9"
                                                   "jepsen.generator.context$make_thread_filter$lazy_filter__9167@474a63d9"],
                           :gen (jepsen.generator.Stagger
                                 {:dt 200000000,
                                  :next-time nil,
                                  :gen (jepsen.generator.Mix
                                        {:i 0,
                                         :gens [({:f :broadcast, :value 0}
                                                 {:f :broadcast, :value 1}
                                                 {:f :broadcast, :value 2}
                                                 {:f :broadcast, :value 3}
                                                 {:f :broadcast, :value 4}
                                                 {:f :broadcast, :value 5}
                                                 {:f :broadcast, :value 6}
                                                 {:f :broadcast, :value 7}
                                                 ...)
                                                ({:f :read}
                                                 {:f :read}
                                                 {:f :read}
                                                 {:f :read}
                                                 {:f :read}
                                                 {:f :read}
                                                 {:f :read}
                                                 {:f :read}
                                                 ...)]})})})]})})})
  (jepsen.generator.Synchronize
   {:gen (jepsen.generator.OnThreads
          {:f #{:nemesis},
           :context-filter #object[jepsen.generator.context$make_thread_filter$lazy_filter__9167
                                   "0x1b8d0c21"
                                   "jepsen.generator.context$make_thread_filter$lazy_filter__9167@1b8d0c21"],
           :gen ({:type :info, :f :stop-partition, :value nil})})})
  (jepsen.generator.Synchronize
   {:gen {:type :log, :value "Waiting for recovery..."}})
  (jepsen.generator.Synchronize {:gen {:type :sleep, :value 10}})
  (jepsen.generator.Synchronize
   {:gen (jepsen.generator.OnThreads
          {:f #jepsen.generator.context.AllBut{:element :nemesis},
           :context-filter #object[jepsen.generator.context$make_thread_filter$lazy_filter__9167
                                   "0x54a04eae"
                                   "jepsen.generator.context$make_thread_filter$lazy_filter__9167@54a04eae"],
           :gen (jepsen.generator.EachThread
                 {:fresh-gen {:f :read, :final? true},
                  :context-filters #object[clojure.core$promise$reify__8591
                                           "0x4664fef"
                                           {:status :pending, :val nil}],
                  :gens {}})})}))
 :log-net-recv false
 :os
 #object[maelstrom.net$jepsen_os$reify__15254
         "0x1026a011"
         "maelstrom.net$jepsen_os$reify__15254@1026a011"]
 :time-limit 20
 :workload :broadcast
 :consistency-models [:strict-serializable]
 :topology :grid}

2023-05-29 23:16:31,072{GMT}	INFO	[jepsen node n0] maelstrom.net: Starting Maelstrom network
2023-05-29 23:16:31,074{GMT}	INFO	[jepsen test runner] jepsen.db: Tearing down DB
2023-05-29 23:16:31,076{GMT}	INFO	[jepsen test runner] jepsen.db: Setting up DB
2023-05-29 23:16:31,077{GMT}	INFO	[jepsen node n1] maelstrom.db: Setting up n1
2023-05-29 23:16:31,077{GMT}	INFO	[jepsen node n2] maelstrom.db: Setting up n2
2023-05-29 23:16:31,077{GMT}	INFO	[jepsen node n3] maelstrom.db: Setting up n3
2023-05-29 23:16:31,078{GMT}	INFO	[jepsen node n4] maelstrom.db: Setting up n4
2023-05-29 23:16:31,078{GMT}	INFO	[jepsen node n3] maelstrom.process: launching /Users/adicardrz/go/bin/maelstrom-broadcast []
2023-05-29 23:16:31,078{GMT}	INFO	[jepsen node n4] maelstrom.process: launching /Users/adicardrz/go/bin/maelstrom-broadcast []
2023-05-29 23:16:31,079{GMT}	INFO	[jepsen node n2] maelstrom.process: launching /Users/adicardrz/go/bin/maelstrom-broadcast []
2023-05-29 23:16:31,079{GMT}	INFO	[jepsen node n1] maelstrom.process: launching /Users/adicardrz/go/bin/maelstrom-broadcast []
2023-05-29 23:16:31,081{GMT}	INFO	[jepsen node n0] maelstrom.service: Starting services: (lin-kv lin-tso lww-kv seq-kv)
2023-05-29 23:16:31,084{GMT}	INFO	[jepsen node n0] maelstrom.db: Setting up n0
2023-05-29 23:16:31,085{GMT}	INFO	[jepsen node n0] maelstrom.process: launching /Users/adicardrz/go/bin/maelstrom-broadcast []
2023-05-29 23:16:31,397{GMT}	INFO	[jepsen test runner] jepsen.core: Relative time begins now
2023-05-29 23:16:31,418{GMT}	INFO	[jepsen worker nemesis] jepsen.util: :nemesis	:info	:start-partition	:majority
2023-05-29 23:16:31,418{GMT}	INFO	[jepsen worker 1] jepsen.util: 1	:invoke	:broadcast	0
2023-05-29 23:16:31,423{GMT}	INFO	[jepsen worker 1] jepsen.util: 1	:ok	:broadcast	0
2023-05-29 23:16:31,425{GMT}	INFO	[jepsen worker nemesis] jepsen.util: :nemesis	:info	:start-partition	[:isolated {"n2" #{"n1" "n4" "n0"}, "n3" #{"n1" "n4" "n0"}, "n1" #{"n2" "n3"}, "n4" #{"n2" "n3"}, "n0" #{"n2" "n3"}}]
2023-05-29 23:16:31,432{GMT}	INFO	[jepsen worker 2] jepsen.util: 2	:invoke	:read	nil
2023-05-29 23:16:31,434{GMT}	INFO	[jepsen worker 2] jepsen.util: 2	:ok	:read	[]
2023-05-29 23:16:31,538{GMT}	INFO	[jepsen worker 3] jepsen.util: 3	:invoke	:broadcast	1
2023-05-29 23:16:31,565{GMT}	INFO	[jepsen worker 3] jepsen.util: 3	:ok	:broadcast	1
2023-05-29 23:16:31,591{GMT}	INFO	[jepsen worker 4] jepsen.util: 4	:invoke	:broadcast	2
2023-05-29 23:16:31,595{GMT}	INFO	[jepsen worker 4] jepsen.util: 4	:ok	:broadcast	2
2023-05-29 23:16:31,601{GMT}	INFO	[jepsen worker 0] jepsen.util: 0	:invoke	:broadcast	3
2023-05-29 23:16:31,604{GMT}	INFO	[jepsen worker 0] jepsen.util: 0	:ok	:broadcast	3
2023-05-29 23:16:31,739{GMT}	INFO	[jepsen worker 0] jepsen.util: 0	:invoke	:read	nil
2023-05-29 23:16:31,743{GMT}	INFO	[jepsen worker 0] jepsen.util: 0	:ok	:read	[0 2 3 3]
2023-05-29 23:16:31,868{GMT}	INFO	[jepsen worker 1] jepsen.util: 1	:invoke	:broadcast	4
2023-05-29 23:16:31,872{GMT}	INFO	[jepsen worker 1] jepsen.util: 1	:ok	:broadcast	4
2023-05-29 23:16:31,916{GMT}	INFO	[jepsen worker 2] jepsen.util: 2	:invoke	:broadcast	5
2023-05-29 23:16:31,918{GMT}	INFO	[jepsen worker 3] jepsen.util: 3	:invoke	:broadcast	6
2023-05-29 23:16:31,920{GMT}	INFO	[jepsen worker 2] jepsen.util: 2	:ok	:broadcast	5
2023-05-29 23:16:31,921{GMT}	INFO	[jepsen worker 3] jepsen.util: 3	:ok	:broadcast	6
2023-05-29 23:16:32,001{GMT}	INFO	[jepsen worker 4] jepsen.util: 4	:invoke	:read	nil
2023-05-29 23:16:32,004{GMT}	INFO	[jepsen worker 4] jepsen.util: 4	:ok	:read	[0 2 2 3 4]
2023-05-29 23:16:32,185{GMT}	INFO	[jepsen worker 0] jepsen.util: 0	:invoke	:broadcast	7
2023-05-29 23:16:32,188{GMT}	INFO	[jepsen worker 0] jepsen.util: 0	:ok	:broadcast	7
2023-05-29 23:16:32,357{GMT}	INFO	[jepsen worker 0] jepsen.util: 0	:invoke	:broadcast	8
2023-05-29 23:16:32,360{GMT}	INFO	[jepsen worker 1] jepsen.util: 1	:invoke	:broadcast	9
2023-05-29 23:16:32,360{GMT}	INFO	[jepsen worker 0] jepsen.util: 0	:ok	:broadcast	8
2023-05-29 23:16:32,365{GMT}	INFO	[jepsen worker 1] jepsen.util: 1	:ok	:broadcast	9
2023-05-29 23:16:32,413{GMT}	INFO	[jepsen worker 2] jepsen.util: 2	:invoke	:broadcast	10
2023-05-29 23:16:32,418{GMT}	INFO	[jepsen worker 2] jepsen.util: 2	:ok	:broadcast	10
2023-05-29 23:16:32,485{GMT}	INFO	[jepsen worker 3] jepsen.util: 3	:invoke	:read	nil
2023-05-29 23:16:32,487{GMT}	INFO	[jepsen worker 3] jepsen.util: 3	:ok	:read	[1 6]
2023-05-29 23:16:32,549{GMT}	INFO	[jepsen worker 4] jepsen.util: 4	:invoke	:read	nil
2023-05-29 23:16:32,551{GMT}	INFO	[jepsen worker 4] jepsen.util: 4	:ok	:read	[0 2 2 3 4 7 8 9]
2023-05-29 23:16:32,752{GMT}	INFO	[jepsen worker 0] jepsen.util: 0	:invoke	:broadcast	11
2023-05-29 23:16:32,754{GMT}	INFO	[jepsen worker 0] jepsen.util: 0	:ok	:broadcast	11
2023-05-29 23:16:32,760{GMT}	INFO	[jepsen worker 0] jepsen.util: 0	:invoke	:broadcast	12
2023-05-29 23:16:32,764{GMT}	INFO	[jepsen worker 0] jepsen.util: 0	:ok	:broadcast	12
2023-05-29 23:16:32,907{GMT}	INFO	[jepsen worker 1] jepsen.util: 1	:invoke	:read	nil
2023-05-29 23:16:32,910{GMT}	INFO	[jepsen worker 1] jepsen.util: 1	:ok	:read	[0 0 2 3 4 4 7 8 9 9 11 12]
2023-05-29 23:16:33,074{GMT}	INFO	[jepsen worker 2] jepsen.util: 2	:invoke	:read	nil
2023-05-29 23:16:33,076{GMT}	INFO	[jepsen worker 2] jepsen.util: 2	:ok	:read	[5 10]
2023-05-29 23:16:33,256{GMT}	INFO	[jepsen worker 3] jepsen.util: 3	:invoke	:read	nil
2023-05-29 23:16:33,258{GMT}	INFO	[jepsen worker 3] jepsen.util: 3	:ok	:read	[1 6]
2023-05-29 23:16:33,435{GMT}	INFO	[jepsen worker 4] jepsen.util: 4	:invoke	:broadcast	13
2023-05-29 23:16:33,438{GMT}	INFO	[jepsen worker 4] jepsen.util: 4	:ok	:broadcast	13
2023-05-29 23:16:33,535{GMT}	INFO	[jepsen worker 0] jepsen.util: 0	:invoke	:broadcast	14
2023-05-29 23:16:33,538{GMT}	INFO	[jepsen worker 0] jepsen.util: 0	:ok	:broadcast	14
2023-05-29 23:16:33,714{GMT}	INFO	[jepsen worker 0] jepsen.util: 0	:invoke	:broadcast	15
2023-05-29 23:16:33,717{GMT}	INFO	[jepsen worker 0] jepsen.util: 0	:ok	:broadcast	15
2023-05-29 23:16:33,751{GMT}	INFO	[jepsen worker 1] jepsen.util: 1	:invoke	:read	nil
2023-05-29 23:16:33,753{GMT}	INFO	[jepsen worker 1] jepsen.util: 1	:ok	:read	[0 0 2 3 4 4 7 8 9 9 11 12 13 14 15]
2023-05-29 23:16:33,830{GMT}	INFO	[jepsen worker 2] jepsen.util: 2	:invoke	:broadcast	16
2023-05-29 23:16:33,831{GMT}	INFO	[jepsen worker 2] jepsen.util: 2	:ok	:broadcast	16
2023-05-29 23:16:34,018{GMT}	INFO	[jepsen worker 3] jepsen.util: 3	:invoke	:broadcast	17
2023-05-29 23:16:34,021{GMT}	INFO	[jepsen worker 3] jepsen.util: 3	:ok	:broadcast	17
2023-05-29 23:16:34,074{GMT}	INFO	[jepsen worker 4] jepsen.util: 4	:invoke	:read	nil
2023-05-29 23:16:34,076{GMT}	INFO	[jepsen worker 4] jepsen.util: 4	:ok	:read	[0 2 2 3 4 7 8 9 11 12 13 13 14 15]
2023-05-29 23:16:34,098{GMT}	INFO	[jepsen worker 0] jepsen.util: 0	:invoke	:read	nil
2023-05-29 23:16:34,101{GMT}	INFO	[jepsen worker 0] jepsen.util: 0	:ok	:read	[0 2 3 3 4 7 7 8 8 9 11 11 12 12 13 14 14 15 15]
2023-05-29 23:16:34,276{GMT}	INFO	[jepsen worker 0] jepsen.util: 0	:invoke	:read	nil
2023-05-29 23:16:34,279{GMT}	INFO	[jepsen worker 0] jepsen.util: 0	:ok	:read	[0 2 3 3 4 7 7 8 8 9 11 11 12 12 13 14 14 15 15]
2023-05-29 23:16:34,447{GMT}	INFO	[jepsen worker 1] jepsen.util: 1	:invoke	:read	nil
2023-05-29 23:16:34,449{GMT}	INFO	[jepsen worker 1] jepsen.util: 1	:ok	:read	[0 0 2 3 4 4 7 8 9 9 11 12 13 14 15]
2023-05-29 23:16:34,652{GMT}	INFO	[jepsen worker 2] jepsen.util: 2	:invoke	:read	nil
2023-05-29 23:16:34,654{GMT}	INFO	[jepsen worker 2] jepsen.util: 2	:ok	:read	[5 10 16]
2023-05-29 23:16:34,730{GMT}	INFO	[jepsen worker 3] jepsen.util: 3	:invoke	:read	nil
2023-05-29 23:16:34,732{GMT}	INFO	[jepsen worker 3] jepsen.util: 3	:ok	:read	[1 6 17]
2023-05-29 23:16:34,881{GMT}	INFO	[jepsen worker 4] jepsen.util: 4	:invoke	:broadcast	18
2023-05-29 23:16:34,883{GMT}	INFO	[jepsen worker 4] jepsen.util: 4	:ok	:broadcast	18
2023-05-29 23:16:34,896{GMT}	INFO	[jepsen worker 0] jepsen.util: 0	:invoke	:read	nil
2023-05-29 23:16:34,898{GMT}	INFO	[jepsen worker 0] jepsen.util: 0	:ok	:read	[0 2 3 3 4 7 7 8 8 9 11 11 12 12 13 14 14 15 15 18]
2023-05-29 23:16:34,952{GMT}	INFO	[jepsen worker 0] jepsen.util: 0	:invoke	:read	nil
2023-05-29 23:16:34,954{GMT}	INFO	[jepsen worker 0] jepsen.util: 0	:ok	:read	[0 2 3 3 4 7 7 8 8 9 11 11 12 12 13 14 14 15 15 18]
2023-05-29 23:16:35,032{GMT}	INFO	[jepsen worker 1] jepsen.util: 1	:invoke	:broadcast	19
2023-05-29 23:16:35,034{GMT}	INFO	[jepsen worker 1] jepsen.util: 1	:ok	:broadcast	19
2023-05-29 23:16:35,232{GMT}	INFO	[jepsen worker 2] jepsen.util: 2	:invoke	:broadcast	20
2023-05-29 23:16:35,233{GMT}	INFO	[jepsen worker 3] jepsen.util: 3	:invoke	:read	nil
2023-05-29 23:16:35,234{GMT}	INFO	[jepsen worker 2] jepsen.util: 2	:ok	:broadcast	20
2023-05-29 23:16:35,236{GMT}	INFO	[jepsen worker 3] jepsen.util: 3	:ok	:read	[1 6 17]
2023-05-29 23:16:35,249{GMT}	INFO	[jepsen worker 4] jepsen.util: 4	:invoke	:broadcast	21
2023-05-29 23:16:35,253{GMT}	INFO	[jepsen worker 4] jepsen.util: 4	:ok	:broadcast	21
2023-05-29 23:16:35,446{GMT}	INFO	[jepsen worker 0] jepsen.util: 0	:invoke	:read	nil
2023-05-29 23:16:35,449{GMT}	INFO	[jepsen worker 0] jepsen.util: 0	:ok	:read	[0 2 3 3 4 7 7 8 8 9 11 11 12 12 13 14 14 15 15 18 19 21]
2023-05-29 23:16:35,541{GMT}	INFO	[jepsen worker 0] jepsen.util: 0	:invoke	:broadcast	22
2023-05-29 23:16:35,543{GMT}	INFO	[jepsen worker 0] jepsen.util: 0	:ok	:broadcast	22
2023-05-29 23:16:35,606{GMT}	INFO	[jepsen worker 1] jepsen.util: 1	:invoke	:read	nil
2023-05-29 23:16:35,608{GMT}	INFO	[jepsen worker 1] jepsen.util: 1	:ok	:read	[0 0 2 3 4 4 7 8 9 9 11 12 13 14 15 18 19 19 21 22]
2023-05-29 23:16:35,720{GMT}	INFO	[jepsen worker 2] jepsen.util: 2	:invoke	:read	nil
2023-05-29 23:16:35,722{GMT}	INFO	[jepsen worker 2] jepsen.util: 2	:ok	:read	[5 10 16 20]
2023-05-29 23:16:35,849{GMT}	INFO	[jepsen worker 3] jepsen.util: 3	:invoke	:broadcast	23
2023-05-29 23:16:35,851{GMT}	INFO	[jepsen worker 3] jepsen.util: 3	:ok	:broadcast	23
2023-05-29 23:16:35,885{GMT}	INFO	[jepsen worker 4] jepsen.util: 4	:invoke	:broadcast	24
2023-05-29 23:16:35,887{GMT}	INFO	[jepsen worker 4] jepsen.util: 4	:ok	:broadcast	24
2023-05-29 23:16:35,949{GMT}	INFO	[jepsen worker 0] jepsen.util: 0	:invoke	:broadcast	25
2023-05-29 23:16:35,951{GMT}	INFO	[jepsen worker 0] jepsen.util: 0	:ok	:broadcast	25
2023-05-29 23:16:36,079{GMT}	INFO	[jepsen worker 0] jepsen.util: 0	:invoke	:broadcast	26
2023-05-29 23:16:36,082{GMT}	INFO	[jepsen worker 0] jepsen.util: 0	:ok	:broadcast	26
2023-05-29 23:16:36,173{GMT}	INFO	[jepsen worker 1] jepsen.util: 1	:invoke	:read	nil
2023-05-29 23:16:36,176{GMT}	INFO	[jepsen worker 1] jepsen.util: 1	:ok	:read	[0 0 2 3 4 4 7 8 9 9 11 12 13 14 15 18 19 19 21 22 24 25 26]
2023-05-29 23:16:36,309{GMT}	INFO	[jepsen worker 2] jepsen.util: 2	:invoke	:read	nil
2023-05-29 23:16:36,311{GMT}	INFO	[jepsen worker 2] jepsen.util: 2	:ok	:read	[5 10 16 20]
2023-05-29 23:16:36,441{GMT}	INFO	[jepsen worker 3] jepsen.util: 3	:invoke	:read	nil
2023-05-29 23:16:36,442{GMT}	INFO	[jepsen worker 3] jepsen.util: 3	:ok	:read	[1 6 17 23]
2023-05-29 23:16:36,540{GMT}	INFO	[jepsen worker 4] jepsen.util: 4	:invoke	:read	nil
2023-05-29 23:16:36,542{GMT}	INFO	[jepsen worker 4] jepsen.util: 4	:ok	:read	[0 2 2 3 4 7 8 9 11 12 13 13 14 15 18 18 19 21 21 22 24 24 25 26]
2023-05-29 23:16:36,700{GMT}	INFO	[jepsen worker 0] jepsen.util: 0	:invoke	:read	nil
2023-05-29 23:16:36,702{GMT}	INFO	[jepsen worker 0] jepsen.util: 0	:ok	:read	[0 2 3 3 4 7 7 8 8 9 11 11 12 12 13 14 14 15 15 18 19 21 22 22 24 25 25 26 26]
2023-05-29 23:16:36,746{GMT}	INFO	[jepsen worker 0] jepsen.util: 0	:invoke	:read	nil
2023-05-29 23:16:36,749{GMT}	INFO	[jepsen worker 0] jepsen.util: 0	:ok	:read	[0 2 3 3 4 7 7 8 8 9 11 11 12 12 13 14 14 15 15 18 19 21 22 22 24 25 25 26 26]
2023-05-29 23:16:36,833{GMT}	INFO	[jepsen worker 1] jepsen.util: 1	:invoke	:read	nil
2023-05-29 23:16:36,835{GMT}	INFO	[jepsen worker 1] jepsen.util: 1	:ok	:read	[0 0 2 3 4 4 7 8 9 9 11 12 13 14 15 18 19 19 21 22 24 25 26]
2023-05-29 23:16:36,863{GMT}	INFO	[jepsen worker 2] jepsen.util: 2	:invoke	:read	nil
2023-05-29 23:16:36,866{GMT}	INFO	[jepsen worker 2] jepsen.util: 2	:ok	:read	[5 10 16 20]
2023-05-29 23:16:37,008{GMT}	INFO	[jepsen worker 3] jepsen.util: 3	:invoke	:broadcast	27
2023-05-29 23:16:37,010{GMT}	INFO	[jepsen worker 3] jepsen.util: 3	:ok	:broadcast	27
2023-05-29 23:16:37,141{GMT}	INFO	[jepsen worker 4] jepsen.util: 4	:invoke	:broadcast	28
2023-05-29 23:16:37,143{GMT}	INFO	[jepsen worker 4] jepsen.util: 4	:ok	:broadcast	28
2023-05-29 23:16:37,243{GMT}	INFO	[jepsen worker 0] jepsen.util: 0	:invoke	:broadcast	29
2023-05-29 23:16:37,245{GMT}	INFO	[jepsen worker 0] jepsen.util: 0	:ok	:broadcast	29
2023-05-29 23:16:37,341{GMT}	INFO	[jepsen worker 0] jepsen.util: 0	:invoke	:read	nil
2023-05-29 23:16:37,343{GMT}	INFO	[jepsen worker 0] jepsen.util: 0	:ok	:read	[0 2 3 3 4 7 7 8 8 9 11 11 12 12 13 14 14 15 15 18 19 21 22 22 24 25 25 26 26 28 29 29]
2023-05-29 23:16:37,519{GMT}	INFO	[jepsen worker 1] jepsen.util: 1	:invoke	:read	nil
2023-05-29 23:16:37,521{GMT}	INFO	[jepsen worker 1] jepsen.util: 1	:ok	:read	[0 0 2 3 4 4 7 8 9 9 11 12 13 14 15 18 19 19 21 22 24 25 26 28 29]
2023-05-29 23:16:37,669{GMT}	INFO	[jepsen worker 2] jepsen.util: 2	:invoke	:read	nil
2023-05-29 23:16:37,670{GMT}	INFO	[jepsen worker 2] jepsen.util: 2	:ok	:read	[5 10 16 20]
2023-05-29 23:16:37,825{GMT}	INFO	[jepsen worker 3] jepsen.util: 3	:invoke	:read	nil
2023-05-29 23:16:37,826{GMT}	INFO	[jepsen worker 3] jepsen.util: 3	:ok	:read	[1 6 17 23 27]
2023-05-29 23:16:37,850{GMT}	INFO	[jepsen worker 4] jepsen.util: 4	:invoke	:read	nil
2023-05-29 23:16:37,852{GMT}	INFO	[jepsen worker 4] jepsen.util: 4	:ok	:read	[0 2 2 3 4 7 8 9 11 12 13 13 14 15 18 18 19 21 21 22 24 24 25 26 28 28 29]
2023-05-29 23:16:37,856{GMT}	INFO	[jepsen worker 0] jepsen.util: 0	:invoke	:read	nil
2023-05-29 23:16:37,857{GMT}	INFO	[jepsen worker 0] jepsen.util: 0	:ok	:read	[0 2 3 3 4 7 7 8 8 9 11 11 12 12 13 14 14 15 15 18 19 21 22 22 24 25 25 26 26 28 29 29]
2023-05-29 23:16:38,030{GMT}	INFO	[jepsen worker 0] jepsen.util: 0	:invoke	:read	nil
2023-05-29 23:16:38,032{GMT}	INFO	[jepsen worker 0] jepsen.util: 0	:ok	:read	[0 2 3 3 4 7 7 8 8 9 11 11 12 12 13 14 14 15 15 18 19 21 22 22 24 25 25 26 26 28 29 29]
2023-05-29 23:16:38,224{GMT}	INFO	[jepsen worker 1] jepsen.util: 1	:invoke	:read	nil
2023-05-29 23:16:38,225{GMT}	INFO	[jepsen worker 1] jepsen.util: 1	:ok	:read	[0 0 2 3 4 4 7 8 9 9 11 12 13 14 15 18 19 19 21 22 24 25 26 28 29]
2023-05-29 23:16:38,255{GMT}	INFO	[jepsen worker 2] jepsen.util: 2	:invoke	:read	nil
2023-05-29 23:16:38,257{GMT}	INFO	[jepsen worker 2] jepsen.util: 2	:ok	:read	[5 10 16 20]
2023-05-29 23:16:38,384{GMT}	INFO	[jepsen worker 3] jepsen.util: 3	:invoke	:read	nil
2023-05-29 23:16:38,386{GMT}	INFO	[jepsen worker 3] jepsen.util: 3	:ok	:read	[1 6 17 23 27]
2023-05-29 23:16:38,570{GMT}	INFO	[jepsen worker 4] jepsen.util: 4	:invoke	:broadcast	30
2023-05-29 23:16:38,572{GMT}	INFO	[jepsen worker 4] jepsen.util: 4	:ok	:broadcast	30
2023-05-29 23:16:38,752{GMT}	INFO	[jepsen worker 0] jepsen.util: 0	:invoke	:broadcast	31
2023-05-29 23:16:38,759{GMT}	INFO	[jepsen worker 0] jepsen.util: 0	:ok	:broadcast	31
2023-05-29 23:16:38,842{GMT}	INFO	[jepsen worker 0] jepsen.util: 0	:invoke	:broadcast	32
2023-05-29 23:16:38,843{GMT}	INFO	[jepsen worker 0] jepsen.util: 0	:ok	:broadcast	32
2023-05-29 23:16:38,919{GMT}	INFO	[jepsen worker 1] jepsen.util: 1	:invoke	:broadcast	33
2023-05-29 23:16:38,920{GMT}	INFO	[jepsen worker 1] jepsen.util: 1	:ok	:broadcast	33
2023-05-29 23:16:39,071{GMT}	INFO	[jepsen worker 2] jepsen.util: 2	:invoke	:read	nil
2023-05-29 23:16:39,073{GMT}	INFO	[jepsen worker 2] jepsen.util: 2	:ok	:read	[5 10 16 20]
2023-05-29 23:16:39,257{GMT}	INFO	[jepsen worker 3] jepsen.util: 3	:invoke	:read	nil
2023-05-29 23:16:39,259{GMT}	INFO	[jepsen worker 3] jepsen.util: 3	:ok	:read	[1 6 17 23 27]
2023-05-29 23:16:39,380{GMT}	INFO	[jepsen worker 4] jepsen.util: 4	:invoke	:read	nil
2023-05-29 23:16:39,382{GMT}	INFO	[jepsen worker 4] jepsen.util: 4	:ok	:read	[0 2 2 3 4 7 8 9 11 12 13 13 14 15 18 18 19 21 21 22 24 24 25 26 28 28 29 30 30 31 32 33]
2023-05-29 23:16:39,439{GMT}	INFO	[jepsen worker 0] jepsen.util: 0	:invoke	:broadcast	34
2023-05-29 23:16:39,441{GMT}	INFO	[jepsen worker 0] jepsen.util: 0	:ok	:broadcast	34
2023-05-29 23:16:39,539{GMT}	INFO	[jepsen worker 0] jepsen.util: 0	:invoke	:read	nil
2023-05-29 23:16:39,541{GMT}	INFO	[jepsen worker 0] jepsen.util: 0	:ok	:read	[0 2 3 3 4 7 7 8 8 9 11 11 12 12 13 14 14 15 15 18 19 21 22 22 24 25 25 26 26 28 29 29 30 31 31 32 32 33 34 34]
2023-05-29 23:16:39,558{GMT}	INFO	[jepsen worker 1] jepsen.util: 1	:invoke	:broadcast	35
2023-05-29 23:16:39,560{GMT}	INFO	[jepsen worker 1] jepsen.util: 1	:ok	:broadcast	35
2023-05-29 23:16:39,579{GMT}	INFO	[jepsen worker 2] jepsen.util: 2	:invoke	:read	nil
2023-05-29 23:16:39,581{GMT}	INFO	[jepsen worker 2] jepsen.util: 2	:ok	:read	[5 10 16 20]
2023-05-29 23:16:39,768{GMT}	INFO	[jepsen worker 3] jepsen.util: 3	:invoke	:read	nil
2023-05-29 23:16:39,770{GMT}	INFO	[jepsen worker 3] jepsen.util: 3	:ok	:read	[1 6 17 23 27]
2023-05-29 23:16:39,885{GMT}	INFO	[jepsen worker 4] jepsen.util: 4	:invoke	:broadcast	36
2023-05-29 23:16:39,887{GMT}	INFO	[jepsen worker 4] jepsen.util: 4	:ok	:broadcast	36
2023-05-29 23:16:40,064{GMT}	INFO	[jepsen worker 0] jepsen.util: 0	:invoke	:read	nil
2023-05-29 23:16:40,066{GMT}	INFO	[jepsen worker 0] jepsen.util: 0	:ok	:read	[0 2 3 3 4 7 7 8 8 9 11 11 12 12 13 14 14 15 15 18 19 21 22 22 24 25 25 26 26 28 29 29 30 31 31 32 32 33 34 34 35 36]
2023-05-29 23:16:40,235{GMT}	INFO	[jepsen worker 0] jepsen.util: 0	:invoke	:read	nil
2023-05-29 23:16:40,237{GMT}	INFO	[jepsen worker 0] jepsen.util: 0	:ok	:read	[0 2 3 3 4 7 7 8 8 9 11 11 12 12 13 14 14 15 15 18 19 21 22 22 24 25 25 26 26 28 29 29 30 31 31 32 32 33 34 34 35 36]
2023-05-29 23:16:40,419{GMT}	INFO	[jepsen worker 1] jepsen.util: 1	:invoke	:read	nil
2023-05-29 23:16:40,421{GMT}	INFO	[jepsen worker 1] jepsen.util: 1	:ok	:read	[0 0 2 3 4 4 7 8 9 9 11 12 13 14 15 18 19 19 21 22 24 25 26 28 29 30 31 32 33 33 34 35 35 36]
2023-05-29 23:16:40,489{GMT}	INFO	[jepsen worker 2] jepsen.util: 2	:invoke	:broadcast	37
2023-05-29 23:16:40,491{GMT}	INFO	[jepsen worker 2] jepsen.util: 2	:ok	:broadcast	37
2023-05-29 23:16:40,639{GMT}	INFO	[jepsen worker 3] jepsen.util: 3	:invoke	:read	nil
2023-05-29 23:16:40,641{GMT}	INFO	[jepsen worker 3] jepsen.util: 3	:ok	:read	[1 6 17 23 27]
2023-05-29 23:16:40,669{GMT}	INFO	[jepsen worker 4] jepsen.util: 4	:invoke	:broadcast	38
2023-05-29 23:16:40,671{GMT}	INFO	[jepsen worker 4] jepsen.util: 4	:ok	:broadcast	38
2023-05-29 23:16:40,725{GMT}	INFO	[jepsen worker 0] jepsen.util: 0	:invoke	:broadcast	39
2023-05-29 23:16:40,727{GMT}	INFO	[jepsen worker 0] jepsen.util: 0	:ok	:broadcast	39
2023-05-29 23:16:40,885{GMT}	INFO	[jepsen worker 0] jepsen.util: 0	:invoke	:read	nil
2023-05-29 23:16:40,887{GMT}	INFO	[jepsen worker 0] jepsen.util: 0	:ok	:read	[0 2 3 3 4 7 7 8 8 9 11 11 12 12 13 14 14 15 15 18 19 21 22 22 24 25 25 26 26 28 29 29 30 31 31 32 32 33 34 34 35 36 38 39 39]
2023-05-29 23:16:41,034{GMT}	INFO	[jepsen worker 1] jepsen.util: 1	:invoke	:read	nil
2023-05-29 23:16:41,036{GMT}	INFO	[jepsen worker 1] jepsen.util: 1	:ok	:read	[0 0 2 3 4 4 7 8 9 9 11 12 13 14 15 18 19 19 21 22 24 25 26 28 29 30 31 32 33 33 34 35 35 36 38 39]
2023-05-29 23:16:41,133{GMT}	INFO	[jepsen worker 2] jepsen.util: 2	:invoke	:broadcast	40
2023-05-29 23:16:41,135{GMT}	INFO	[jepsen worker 2] jepsen.util: 2	:ok	:broadcast	40
2023-05-29 23:16:41,294{GMT}	INFO	[jepsen worker 3] jepsen.util: 3	:invoke	:broadcast	41
2023-05-29 23:16:41,295{GMT}	INFO	[jepsen worker 3] jepsen.util: 3	:ok	:broadcast	41
2023-05-29 23:16:41,479{GMT}	INFO	[jepsen worker 4] jepsen.util: 4	:invoke	:read	nil
2023-05-29 23:16:41,480{GMT}	INFO	[jepsen worker 4] jepsen.util: 4	:ok	:read	[0 2 2 3 4 7 8 9 11 12 13 13 14 15 18 18 19 21 21 22 24 24 25 26 28 28 29 30 30 31 32 33 34 35 36 36 38 38 39]
2023-05-29 23:16:41,566{GMT}	INFO	[jepsen worker 0] jepsen.util: 0	:invoke	:broadcast	42
2023-05-29 23:16:41,567{GMT}	INFO	[jepsen worker 0] jepsen.util: 0	:ok	:broadcast	42
2023-05-29 23:16:41,579{GMT}	INFO	[jepsen worker 0] jepsen.util: 0	:invoke	:broadcast	43
2023-05-29 23:16:41,581{GMT}	INFO	[jepsen worker 0] jepsen.util: 0	:ok	:broadcast	43
2023-05-29 23:16:41,760{GMT}	INFO	[jepsen worker 1] jepsen.util: 1	:invoke	:broadcast	44
2023-05-29 23:16:41,762{GMT}	INFO	[jepsen worker 1] jepsen.util: 1	:ok	:broadcast	44
2023-05-29 23:16:41,858{GMT}	INFO	[jepsen worker 2] jepsen.util: 2	:invoke	:broadcast	45
2023-05-29 23:16:41,860{GMT}	INFO	[jepsen worker 2] jepsen.util: 2	:ok	:broadcast	45
2023-05-29 23:16:41,939{GMT}	INFO	[jepsen worker 3] jepsen.util: 3	:invoke	:broadcast	46
2023-05-29 23:16:41,940{GMT}	INFO	[jepsen worker 3] jepsen.util: 3	:ok	:broadcast	46
2023-05-29 23:16:42,080{GMT}	INFO	[jepsen worker 4] jepsen.util: 4	:invoke	:broadcast	47
2023-05-29 23:16:42,082{GMT}	INFO	[jepsen worker 4] jepsen.util: 4	:ok	:broadcast	47
2023-05-29 23:16:42,228{GMT}	INFO	[jepsen worker 0] jepsen.util: 0	:invoke	:broadcast	48
2023-05-29 23:16:42,229{GMT}	INFO	[jepsen worker 0] jepsen.util: 0	:ok	:broadcast	48
2023-05-29 23:16:42,339{GMT}	INFO	[jepsen worker 0] jepsen.util: 0	:invoke	:broadcast	49
2023-05-29 23:16:42,341{GMT}	INFO	[jepsen worker 0] jepsen.util: 0	:ok	:broadcast	49
2023-05-29 23:16:42,457{GMT}	INFO	[jepsen worker 1] jepsen.util: 1	:invoke	:read	nil
2023-05-29 23:16:42,459{GMT}	INFO	[jepsen worker 1] jepsen.util: 1	:ok	:read	[0 0 2 3 4 4 7 8 9 9 11 12 13 14 15 18 19 19 21 22 24 25 26 28 29 30 31 32 33 33 34 35 35 36 38 39 42 43 44 44 47 48 49]
2023-05-29 23:16:42,505{GMT}	INFO	[jepsen worker 2] jepsen.util: 2	:invoke	:read	nil
2023-05-29 23:16:42,506{GMT}	INFO	[jepsen worker 2] jepsen.util: 2	:ok	:read	[5 10 16 20 37 40 45]
2023-05-29 23:16:42,658{GMT}	INFO	[jepsen worker 3] jepsen.util: 3	:invoke	:read	nil
2023-05-29 23:16:42,660{GMT}	INFO	[jepsen worker 3] jepsen.util: 3	:ok	:read	[1 6 17 23 27 41 46]
2023-05-29 23:16:42,805{GMT}	INFO	[jepsen worker 4] jepsen.util: 4	:invoke	:read	nil
2023-05-29 23:16:42,807{GMT}	INFO	[jepsen worker 4] jepsen.util: 4	:ok	:read	[0 2 2 3 4 7 8 9 11 12 13 13 14 15 18 18 19 21 21 22 24 24 25 26 28 28 29 30 30 31 32 33 34 35 36 36 38 38 39 42 43 44 47 47 48 49]
2023-05-29 23:16:42,875{GMT}	INFO	[jepsen worker 0] jepsen.util: 0	:invoke	:broadcast	50
2023-05-29 23:16:42,877{GMT}	INFO	[jepsen worker 0] jepsen.util: 0	:ok	:broadcast	50
2023-05-29 23:16:42,925{GMT}	INFO	[jepsen worker 0] jepsen.util: 0	:invoke	:broadcast	51
2023-05-29 23:16:42,927{GMT}	INFO	[jepsen worker 0] jepsen.util: 0	:ok	:broadcast	51
2023-05-29 23:16:42,964{GMT}	INFO	[jepsen worker 1] jepsen.util: 1	:invoke	:broadcast	52
2023-05-29 23:16:42,966{GMT}	INFO	[jepsen worker 1] jepsen.util: 1	:ok	:broadcast	52
2023-05-29 23:16:43,089{GMT}	INFO	[jepsen worker 2] jepsen.util: 2	:invoke	:broadcast	53
2023-05-29 23:16:43,090{GMT}	INFO	[jepsen worker 2] jepsen.util: 2	:ok	:broadcast	53
2023-05-29 23:16:43,215{GMT}	INFO	[jepsen worker 3] jepsen.util: 3	:invoke	:read	nil
2023-05-29 23:16:43,216{GMT}	INFO	[jepsen worker 3] jepsen.util: 3	:ok	:read	[1 6 17 23 27 41 46]
2023-05-29 23:16:43,267{GMT}	INFO	[jepsen worker 4] jepsen.util: 4	:invoke	:read	nil
2023-05-29 23:16:43,269{GMT}	INFO	[jepsen worker 4] jepsen.util: 4	:ok	:read	[0 2 2 3 4 7 8 9 11 12 13 13 14 15 18 18 19 21 21 22 24 24 25 26 28 28 29 30 30 31 32 33 34 35 36 36 38 38 39 42 43 44 47 47 48 49 50 51 52]
2023-05-29 23:16:43,350{GMT}	INFO	[jepsen worker 0] jepsen.util: 0	:invoke	:broadcast	54
2023-05-29 23:16:43,352{GMT}	INFO	[jepsen worker 0] jepsen.util: 0	:ok	:broadcast	54
2023-05-29 23:16:43,521{GMT}	INFO	[jepsen worker 0] jepsen.util: 0	:invoke	:read	nil
2023-05-29 23:16:43,523{GMT}	INFO	[jepsen worker 0] jepsen.util: 0	:ok	:read	[0 2 3 3 4 7 7 8 8 9 11 11 12 12 13 14 14 15 15 18 19 21 22 22 24 25 25 26 26 28 29 29 30 31 31 32 32 33 34 34 35 36 38 39 39 42 42 43 43 44 47 48 48 49 49 50 50 51 51 52 54 54]
2023-05-29 23:16:43,703{GMT}	INFO	[jepsen worker 1] jepsen.util: 1	:invoke	:read	nil
2023-05-29 23:16:43,705{GMT}	INFO	[jepsen worker 1] jepsen.util: 1	:ok	:read	[0 0 2 3 4 4 7 8 9 9 11 12 13 14 15 18 19 19 21 22 24 25 26 28 29 30 31 32 33 33 34 35 35 36 38 39 42 43 44 44 47 48 49 50 51 52 52 54]
2023-05-29 23:16:43,771{GMT}	INFO	[jepsen worker 2] jepsen.util: 2	:invoke	:broadcast	55
2023-05-29 23:16:43,773{GMT}	INFO	[jepsen worker 2] jepsen.util: 2	:ok	:broadcast	55
2023-05-29 23:16:43,867{GMT}	INFO	[jepsen worker 3] jepsen.util: 3	:invoke	:read	nil
2023-05-29 23:16:43,868{GMT}	INFO	[jepsen worker 3] jepsen.util: 3	:ok	:read	[1 6 17 23 27 41 46]
2023-05-29 23:16:43,892{GMT}	INFO	[jepsen worker 4] jepsen.util: 4	:invoke	:broadcast	56
2023-05-29 23:16:43,893{GMT}	INFO	[jepsen worker 4] jepsen.util: 4	:ok	:broadcast	56
2023-05-29 23:16:43,992{GMT}	INFO	[jepsen worker 0] jepsen.util: 0	:invoke	:read	nil
2023-05-29 23:16:43,994{GMT}	INFO	[jepsen worker 0] jepsen.util: 0	:ok	:read	[0 2 3 3 4 7 7 8 8 9 11 11 12 12 13 14 14 15 15 18 19 21 22 22 24 25 25 26 26 28 29 29 30 31 31 32 32 33 34 34 35 36 38 39 39 42 42 43 43 44 47 48 48 49 49 50 50 51 51 52 54 54 56]
2023-05-29 23:16:44,186{GMT}	INFO	[jepsen worker 0] jepsen.util: 0	:invoke	:read	nil
2023-05-29 23:16:44,187{GMT}	INFO	[jepsen worker 0] jepsen.util: 0	:ok	:read	[0 2 3 3 4 7 7 8 8 9 11 11 12 12 13 14 14 15 15 18 19 21 22 22 24 25 25 26 26 28 29 29 30 31 31 32 32 33 34 34 35 36 38 39 39 42 42 43 43 44 47 48 48 49 49 50 50 51 51 52 54 54 56]
2023-05-29 23:16:44,286{GMT}	INFO	[jepsen worker 1] jepsen.util: 1	:invoke	:read	nil
2023-05-29 23:16:44,288{GMT}	INFO	[jepsen worker 1] jepsen.util: 1	:ok	:read	[0 0 2 3 4 4 7 8 9 9 11 12 13 14 15 18 19 19 21 22 24 25 26 28 29 30 31 32 33 33 34 35 35 36 38 39 42 43 44 44 47 48 49 50 51 52 52 54 56]
2023-05-29 23:16:44,299{GMT}	INFO	[jepsen worker 2] jepsen.util: 2	:invoke	:read	nil
2023-05-29 23:16:44,301{GMT}	INFO	[jepsen worker 2] jepsen.util: 2	:ok	:read	[5 10 16 20 37 40 45 53 55]
2023-05-29 23:16:44,375{GMT}	INFO	[jepsen worker 3] jepsen.util: 3	:invoke	:broadcast	57
2023-05-29 23:16:44,377{GMT}	INFO	[jepsen worker 3] jepsen.util: 3	:ok	:broadcast	57
2023-05-29 23:16:44,450{GMT}	INFO	[jepsen worker 4] jepsen.util: 4	:invoke	:read	nil
2023-05-29 23:16:44,452{GMT}	INFO	[jepsen worker 4] jepsen.util: 4	:ok	:read	[0 2 2 3 4 7 8 9 11 12 13 13 14 15 18 18 19 21 21 22 24 24 25 26 28 28 29 30 30 31 32 33 34 35 36 36 38 38 39 42 43 44 47 47 48 49 50 51 52 54 56 56]
2023-05-29 23:16:44,609{GMT}	INFO	[jepsen worker 0] jepsen.util: 0	:invoke	:read	nil
2023-05-29 23:16:44,610{GMT}	INFO	[jepsen worker 0] jepsen.util: 0	:ok	:read	[0 2 3 3 4 7 7 8 8 9 11 11 12 12 13 14 14 15 15 18 19 21 22 22 24 25 25 26 26 28 29 29 30 31 31 32 32 33 34 34 35 36 38 39 39 42 42 43 43 44 47 48 48 49 49 50 50 51 51 52 54 54 56]
2023-05-29 23:16:44,739{GMT}	INFO	[jepsen worker 0] jepsen.util: 0	:invoke	:broadcast	58
2023-05-29 23:16:44,740{GMT}	INFO	[jepsen worker 0] jepsen.util: 0	:ok	:broadcast	58
2023-05-29 23:16:44,859{GMT}	INFO	[jepsen worker 1] jepsen.util: 1	:invoke	:read	nil
2023-05-29 23:16:44,860{GMT}	INFO	[jepsen worker 1] jepsen.util: 1	:ok	:read	[0 0 2 3 4 4 7 8 9 9 11 12 13 14 15 18 19 19 21 22 24 25 26 28 29 30 31 32 33 33 34 35 35 36 38 39 42 43 44 44 47 48 49 50 51 52 52 54 56 58]
2023-05-29 23:16:44,914{GMT}	INFO	[jepsen worker 2] jepsen.util: 2	:invoke	:broadcast	59
2023-05-29 23:16:44,916{GMT}	INFO	[jepsen worker 2] jepsen.util: 2	:ok	:broadcast	59
2023-05-29 23:16:45,039{GMT}	INFO	[jepsen worker 3] jepsen.util: 3	:invoke	:read	nil
2023-05-29 23:16:45,040{GMT}	INFO	[jepsen worker 3] jepsen.util: 3	:ok	:read	[1 6 17 23 27 41 46 57]
2023-05-29 23:16:45,205{GMT}	INFO	[jepsen worker 4] jepsen.util: 4	:invoke	:read	nil
2023-05-29 23:16:45,207{GMT}	INFO	[jepsen worker 4] jepsen.util: 4	:ok	:read	[0 2 2 3 4 7 8 9 11 12 13 13 14 15 18 18 19 21 21 22 24 24 25 26 28 28 29 30 30 31 32 33 34 35 36 36 38 38 39 42 43 44 47 47 48 49 50 51 52 54 56 56 58]
2023-05-29 23:16:45,375{GMT}	INFO	[jepsen worker 0] jepsen.util: 0	:invoke	:broadcast	60
2023-05-29 23:16:45,377{GMT}	INFO	[jepsen worker 0] jepsen.util: 0	:ok	:broadcast	60
2023-05-29 23:16:45,509{GMT}	INFO	[jepsen worker 0] jepsen.util: 0	:invoke	:broadcast	61
2023-05-29 23:16:45,510{GMT}	INFO	[jepsen worker 0] jepsen.util: 0	:ok	:broadcast	61
2023-05-29 23:16:45,692{GMT}	INFO	[jepsen worker 1] jepsen.util: 1	:invoke	:read	nil
2023-05-29 23:16:45,694{GMT}	INFO	[jepsen worker 1] jepsen.util: 1	:ok	:read	[0 0 2 3 4 4 7 8 9 9 11 12 13 14 15 18 19 19 21 22 24 25 26 28 29 30 31 32 33 33 34 35 35 36 38 39 42 43 44 44 47 48 49 50 51 52 52 54 56 58 60 61]
2023-05-29 23:16:45,725{GMT}	INFO	[jepsen worker 2] jepsen.util: 2	:invoke	:broadcast	62
2023-05-29 23:16:45,727{GMT}	INFO	[jepsen worker 2] jepsen.util: 2	:ok	:broadcast	62
2023-05-29 23:16:45,747{GMT}	INFO	[jepsen worker 3] jepsen.util: 3	:invoke	:broadcast	63
2023-05-29 23:16:45,749{GMT}	INFO	[jepsen worker 3] jepsen.util: 3	:ok	:broadcast	63
2023-05-29 23:16:45,761{GMT}	INFO	[jepsen worker 4] jepsen.util: 4	:invoke	:broadcast	64
2023-05-29 23:16:45,763{GMT}	INFO	[jepsen worker 4] jepsen.util: 4	:ok	:broadcast	64
2023-05-29 23:16:45,937{GMT}	INFO	[jepsen worker 0] jepsen.util: 0	:invoke	:broadcast	65
2023-05-29 23:16:45,938{GMT}	INFO	[jepsen worker 0] jepsen.util: 0	:ok	:broadcast	65
2023-05-29 23:16:46,020{GMT}	INFO	[jepsen worker 0] jepsen.util: 0	:invoke	:read	nil
2023-05-29 23:16:46,021{GMT}	INFO	[jepsen worker 0] jepsen.util: 0	:ok	:read	[0 2 3 3 4 7 7 8 8 9 11 11 12 12 13 14 14 15 15 18 19 21 22 22 24 25 25 26 26 28 29 29 30 31 31 32 32 33 34 34 35 36 38 39 39 42 42 43 43 44 47 48 48 49 49 50 50 51 51 52 54 54 56 58 58 60 60 61 61 64 65 65]
2023-05-29 23:16:46,159{GMT}	INFO	[jepsen worker 1] jepsen.util: 1	:invoke	:read	nil
2023-05-29 23:16:46,160{GMT}	INFO	[jepsen worker 1] jepsen.util: 1	:ok	:read	[0 0 2 3 4 4 7 8 9 9 11 12 13 14 15 18 19 19 21 22 24 25 26 28 29 30 31 32 33 33 34 35 35 36 38 39 42 43 44 44 47 48 49 50 51 52 52 54 56 58 60 61 64 65]
2023-05-29 23:16:46,325{GMT}	INFO	[jepsen worker 2] jepsen.util: 2	:invoke	:read	nil
2023-05-29 23:16:46,327{GMT}	INFO	[jepsen worker 2] jepsen.util: 2	:ok	:read	[5 10 16 20 37 40 45 53 55 59 62]
2023-05-29 23:16:46,431{GMT}	INFO	[jepsen worker 3] jepsen.util: 3	:invoke	:read	nil
2023-05-29 23:16:46,432{GMT}	INFO	[jepsen worker 3] jepsen.util: 3	:ok	:read	[1 6 17 23 27 41 46 57 63]
2023-05-29 23:16:46,445{GMT}	INFO	[jepsen worker 4] jepsen.util: 4	:invoke	:broadcast	66
2023-05-29 23:16:46,447{GMT}	INFO	[jepsen worker 4] jepsen.util: 4	:ok	:broadcast	66
2023-05-29 23:16:46,636{GMT}	INFO	[jepsen worker 0] jepsen.util: 0	:invoke	:broadcast	67
2023-05-29 23:16:46,638{GMT}	INFO	[jepsen worker 0] jepsen.util: 0	:ok	:broadcast	67
2023-05-29 23:16:46,659{GMT}	INFO	[jepsen worker 0] jepsen.util: 0	:invoke	:broadcast	68
2023-05-29 23:16:46,660{GMT}	INFO	[jepsen worker 0] jepsen.util: 0	:ok	:broadcast	68
2023-05-29 23:16:46,775{GMT}	INFO	[jepsen worker 1] jepsen.util: 1	:invoke	:read	nil
2023-05-29 23:16:46,777{GMT}	INFO	[jepsen worker 1] jepsen.util: 1	:ok	:read	[0 0 2 3 4 4 7 8 9 9 11 12 13 14 15 18 19 19 21 22 24 25 26 28 29 30 31 32 33 33 34 35 35 36 38 39 42 43 44 44 47 48 49 50 51 52 52 54 56 58 60 61 64 65 66 67 68]
2023-05-29 23:16:46,916{GMT}	INFO	[jepsen worker 2] jepsen.util: 2	:invoke	:read	nil
2023-05-29 23:16:46,918{GMT}	INFO	[jepsen worker 2] jepsen.util: 2	:ok	:read	[5 10 16 20 37 40 45 53 55 59 62]
2023-05-29 23:16:47,046{GMT}	INFO	[jepsen worker 3] jepsen.util: 3	:invoke	:read	nil
2023-05-29 23:16:47,048{GMT}	INFO	[jepsen worker 3] jepsen.util: 3	:ok	:read	[1 6 17 23 27 41 46 57 63]
2023-05-29 23:16:47,132{GMT}	INFO	[jepsen worker 4] jepsen.util: 4	:invoke	:read	nil
2023-05-29 23:16:47,133{GMT}	INFO	[jepsen worker 4] jepsen.util: 4	:ok	:read	[0 2 2 3 4 7 8 9 11 12 13 13 14 15 18 18 19 21 21 22 24 24 25 26 28 28 29 30 30 31 32 33 34 35 36 36 38 38 39 42 43 44 47 47 48 49 50 51 52 54 56 56 58 60 61 64 64 65 66 66 67 68]
2023-05-29 23:16:47,247{GMT}	INFO	[jepsen worker 0] jepsen.util: 0	:invoke	:read	nil
2023-05-29 23:16:47,249{GMT}	INFO	[jepsen worker 0] jepsen.util: 0	:ok	:read	[0 2 3 3 4 7 7 8 8 9 11 11 12 12 13 14 14 15 15 18 19 21 22 22 24 25 25 26 26 28 29 29 30 31 31 32 32 33 34 34 35 36 38 39 39 42 42 43 43 44 47 48 48 49 49 50 50 51 51 52 54 54 56 58 58 60 60 61 61 64 65 65 66 67 67 68 68]
2023-05-29 23:16:47,403{GMT}	INFO	[jepsen worker 0] jepsen.util: 0	:invoke	:broadcast	69
2023-05-29 23:16:47,404{GMT}	INFO	[jepsen worker 0] jepsen.util: 0	:ok	:broadcast	69
2023-05-29 23:16:47,406{GMT}	INFO	[jepsen worker 1] jepsen.util: 1	:invoke	:broadcast	70
2023-05-29 23:16:47,409{GMT}	INFO	[jepsen worker 1] jepsen.util: 1	:ok	:broadcast	70
2023-05-29 23:16:47,416{GMT}	INFO	[jepsen worker 2] jepsen.util: 2	:invoke	:read	nil
2023-05-29 23:16:47,417{GMT}	INFO	[jepsen worker 2] jepsen.util: 2	:ok	:read	[5 10 16 20 37 40 45 53 55 59 62]
2023-05-29 23:16:47,525{GMT}	INFO	[jepsen worker 3] jepsen.util: 3	:invoke	:broadcast	71
2023-05-29 23:16:47,526{GMT}	INFO	[jepsen worker 3] jepsen.util: 3	:ok	:broadcast	71
2023-05-29 23:16:47,667{GMT}	INFO	[jepsen worker 4] jepsen.util: 4	:invoke	:read	nil
2023-05-29 23:16:47,669{GMT}	INFO	[jepsen worker 4] jepsen.util: 4	:ok	:read	[0 2 2 3 4 7 8 9 11 12 13 13 14 15 18 18 19 21 21 22 24 24 25 26 28 28 29 30 30 31 32 33 34 35 36 36 38 38 39 42 43 44 47 47 48 49 50 51 52 54 56 56 58 60 61 64 64 65 66 66 67 68 69 70]
2023-05-29 23:16:47,702{GMT}	INFO	[jepsen worker 0] jepsen.util: 0	:invoke	:read	nil
2023-05-29 23:16:47,719{GMT}	INFO	[jepsen worker 0] jepsen.util: 0	:ok	:read	[0 2 3 3 4 7 7 8 8 9 11 11 12 12 13 14 14 15 15 18 19 21 22 22 24 25 25 26 26 28 29 29 30 31 31 32 32 33 34 34 35 36 38 39 39 42 42 43 43 44 47 48 48 49 49 50 50 51 51 52 54 54 56 58 58 60 60 61 61 64 65 65 66 67 67 68 68 69 69 70]
2023-05-29 23:16:47,848{GMT}	INFO	[jepsen worker 0] jepsen.util: 0	:invoke	:read	nil
2023-05-29 23:16:47,850{GMT}	INFO	[jepsen worker 0] jepsen.util: 0	:ok	:read	[0 2 3 3 4 7 7 8 8 9 11 11 12 12 13 14 14 15 15 18 19 21 22 22 24 25 25 26 26 28 29 29 30 31 31 32 32 33 34 34 35 36 38 39 39 42 42 43 43 44 47 48 48 49 49 50 50 51 51 52 54 54 56 58 58 60 60 61 61 64 65 65 66 67 67 68 68 69 69 70]
2023-05-29 23:16:48,039{GMT}	INFO	[jepsen worker 1] jepsen.util: 1	:invoke	:read	nil
2023-05-29 23:16:48,040{GMT}	INFO	[jepsen worker 1] jepsen.util: 1	:ok	:read	[0 0 2 3 4 4 7 8 9 9 11 12 13 14 15 18 19 19 21 22 24 25 26 28 29 30 31 32 33 33 34 35 35 36 38 39 42 43 44 44 47 48 49 50 51 52 52 54 56 58 60 61 64 65 66 67 68 69 70 70]
2023-05-29 23:16:48,160{GMT}	INFO	[jepsen worker 2] jepsen.util: 2	:invoke	:broadcast	72
2023-05-29 23:16:48,161{GMT}	INFO	[jepsen worker 2] jepsen.util: 2	:ok	:broadcast	72
2023-05-29 23:16:48,302{GMT}	INFO	[jepsen worker 3] jepsen.util: 3	:invoke	:read	nil
2023-05-29 23:16:48,303{GMT}	INFO	[jepsen worker 3] jepsen.util: 3	:ok	:read	[1 6 17 23 27 41 46 57 63 71]
2023-05-29 23:16:48,427{GMT}	INFO	[jepsen worker 4] jepsen.util: 4	:invoke	:read	nil
2023-05-29 23:16:48,429{GMT}	INFO	[jepsen worker 4] jepsen.util: 4	:ok	:read	[0 2 2 3 4 7 8 9 11 12 13 13 14 15 18 18 19 21 21 22 24 24 25 26 28 28 29 30 30 31 32 33 34 35 36 36 38 38 39 42 43 44 47 47 48 49 50 51 52 54 56 56 58 60 61 64 64 65 66 66 67 68 69 70]
2023-05-29 23:16:48,582{GMT}	INFO	[jepsen worker 0] jepsen.util: 0	:invoke	:read	nil
2023-05-29 23:16:48,584{GMT}	INFO	[jepsen worker 0] jepsen.util: 0	:ok	:read	[0 2 3 3 4 7 7 8 8 9 11 11 12 12 13 14 14 15 15 18 19 21 22 22 24 25 25 26 26 28 29 29 30 31 31 32 32 33 34 34 35 36 38 39 39 42 42 43 43 44 47 48 48 49 49 50 50 51 51 52 54 54 56 58 58 60 60 61 61 64 65 65 66 67 67 68 68 69 69 70]
2023-05-29 23:16:48,620{GMT}	INFO	[jepsen worker 0] jepsen.util: 0	:invoke	:read	nil
2023-05-29 23:16:48,622{GMT}	INFO	[jepsen worker 1] jepsen.util: 1	:invoke	:read	nil
2023-05-29 23:16:48,622{GMT}	INFO	[jepsen worker 0] jepsen.util: 0	:ok	:read	[0 2 3 3 4 7 7 8 8 9 11 11 12 12 13 14 14 15 15 18 19 21 22 22 24 25 25 26 26 28 29 29 30 31 31 32 32 33 34 34 35 36 38 39 39 42 42 43 43 44 47 48 48 49 49 50 50 51 51 52 54 54 56 58 58 60 60 61 61 64 65 65 66 67 67 68 68 69 69 70]
2023-05-29 23:16:48,623{GMT}	INFO	[jepsen worker 1] jepsen.util: 1	:ok	:read	[0 0 2 3 4 4 7 8 9 9 11 12 13 14 15 18 19 19 21 22 24 25 26 28 29 30 31 32 33 33 34 35 35 36 38 39 42 43 44 44 47 48 49 50 51 52 52 54 56 58 60 61 64 65 66 67 68 69 70 70]
2023-05-29 23:16:48,728{GMT}	INFO	[jepsen worker 2] jepsen.util: 2	:invoke	:broadcast	73
2023-05-29 23:16:48,730{GMT}	INFO	[jepsen worker 2] jepsen.util: 2	:ok	:broadcast	73
2023-05-29 23:16:48,772{GMT}	INFO	[jepsen worker 3] jepsen.util: 3	:invoke	:broadcast	74
2023-05-29 23:16:48,773{GMT}	INFO	[jepsen worker 3] jepsen.util: 3	:ok	:broadcast	74
2023-05-29 23:16:48,895{GMT}	INFO	[jepsen worker 4] jepsen.util: 4	:invoke	:broadcast	75
2023-05-29 23:16:48,896{GMT}	INFO	[jepsen worker 4] jepsen.util: 4	:ok	:broadcast	75
2023-05-29 23:16:49,038{GMT}	INFO	[jepsen worker 0] jepsen.util: 0	:invoke	:broadcast	76
2023-05-29 23:16:49,040{GMT}	INFO	[jepsen worker 0] jepsen.util: 0	:ok	:broadcast	76
2023-05-29 23:16:49,155{GMT}	INFO	[jepsen worker 0] jepsen.util: 0	:invoke	:broadcast	77
2023-05-29 23:16:49,156{GMT}	INFO	[jepsen worker 0] jepsen.util: 0	:ok	:broadcast	77
2023-05-29 23:16:49,253{GMT}	INFO	[jepsen worker 1] jepsen.util: 1	:invoke	:broadcast	78
2023-05-29 23:16:49,255{GMT}	INFO	[jepsen worker 1] jepsen.util: 1	:ok	:broadcast	78
2023-05-29 23:16:49,453{GMT}	INFO	[jepsen worker 2] jepsen.util: 2	:invoke	:read	nil
2023-05-29 23:16:49,455{GMT}	INFO	[jepsen worker 2] jepsen.util: 2	:ok	:read	[5 10 16 20 37 40 45 53 55 59 62 72 73]
2023-05-29 23:16:49,632{GMT}	INFO	[jepsen worker 3] jepsen.util: 3	:invoke	:broadcast	79
2023-05-29 23:16:49,633{GMT}	INFO	[jepsen worker 3] jepsen.util: 3	:ok	:broadcast	79
2023-05-29 23:16:49,718{GMT}	INFO	[jepsen worker 4] jepsen.util: 4	:invoke	:read	nil
2023-05-29 23:16:49,719{GMT}	INFO	[jepsen worker 4] jepsen.util: 4	:ok	:read	[0 2 2 3 4 7 8 9 11 12 13 13 14 15 18 18 19 21 21 22 24 24 25 26 28 28 29 30 30 31 32 33 34 35 36 36 38 38 39 42 43 44 47 47 48 49 50 51 52 54 56 56 58 60 61 64 64 65 66 66 67 68 69 70 75 75 76 77 78]
2023-05-29 23:16:49,723{GMT}	INFO	[jepsen worker 0] jepsen.util: 0	:invoke	:read	nil
2023-05-29 23:16:49,726{GMT}	INFO	[jepsen worker 0] jepsen.util: 0	:ok	:read	[0 2 3 3 4 7 7 8 8 9 11 11 12 12 13 14 14 15 15 18 19 21 22 22 24 25 25 26 26 28 29 29 30 31 31 32 32 33 34 34 35 36 38 39 39 42 42 43 43 44 47 48 48 49 49 50 50 51 51 52 54 54 56 58 58 60 60 61 61 64 65 65 66 67 67 68 68 69 69 70 75 76 76 77 77 78]
2023-05-29 23:16:49,770{GMT}	INFO	[jepsen worker 0] jepsen.util: 0	:invoke	:broadcast	80
2023-05-29 23:16:49,772{GMT}	INFO	[jepsen worker 0] jepsen.util: 0	:ok	:broadcast	80
2023-05-29 23:16:49,952{GMT}	INFO	[jepsen worker 1] jepsen.util: 1	:invoke	:read	nil
2023-05-29 23:16:49,954{GMT}	INFO	[jepsen worker 1] jepsen.util: 1	:ok	:read	[0 0 2 3 4 4 7 8 9 9 11 12 13 14 15 18 19 19 21 22 24 25 26 28 29 30 31 32 33 33 34 35 35 36 38 39 42 43 44 44 47 48 49 50 51 52 52 54 56 58 60 61 64 65 66 67 68 69 70 70 75 76 77 78 78 80]
2023-05-29 23:16:50,076{GMT}	INFO	[jepsen worker 2] jepsen.util: 2	:invoke	:read	nil
2023-05-29 23:16:50,077{GMT}	INFO	[jepsen worker 2] jepsen.util: 2	:ok	:read	[5 10 16 20 37 40 45 53 55 59 62 72 73]
2023-05-29 23:16:50,079{GMT}	INFO	[jepsen worker 3] jepsen.util: 3	:invoke	:broadcast	81
2023-05-29 23:16:50,080{GMT}	INFO	[jepsen worker 3] jepsen.util: 3	:ok	:broadcast	81
2023-05-29 23:16:50,280{GMT}	INFO	[jepsen worker 4] jepsen.util: 4	:invoke	:broadcast	82
2023-05-29 23:16:50,282{GMT}	INFO	[jepsen worker 4] jepsen.util: 4	:ok	:broadcast	82
2023-05-29 23:16:50,317{GMT}	INFO	[jepsen worker nemesis] jepsen.util: :nemesis	:info	:stop-partition	nil
2023-05-29 23:16:50,318{GMT}	INFO	[jepsen worker nemesis] jepsen.util: :nemesis	:info	:stop-partition	:network-healed
2023-05-29 23:16:50,414{GMT}	INFO	[jepsen worker 0] jepsen.util: 0	:invoke	:read	nil
2023-05-29 23:16:50,416{GMT}	INFO	[jepsen worker 0] jepsen.util: 0	:ok	:read	[0 2 3 3 4 7 7 8 8 9 11 11 12 12 13 14 14 15 15 18 19 21 22 22 24 25 25 26 26 28 29 29 30 31 31 32 32 33 34 34 35 36 38 39 39 42 42 43 43 44 47 48 48 49 49 50 50 51 51 52 54 54 56 58 58 60 60 61 61 64 65 65 66 67 67 68 68 69 69 70 75 76 76 77 77 78 80 80 82]
2023-05-29 23:16:50,421{GMT}	INFO	[jepsen worker 1] jepsen.util: 1	:invoke	:read	nil
2023-05-29 23:16:50,423{GMT}	INFO	[jepsen worker 1] jepsen.util: 1	:ok	:read	[0 0 2 3 4 4 7 8 9 9 11 12 13 14 15 18 19 19 21 22 24 25 26 28 29 30 31 32 33 33 34 35 35 36 38 39 42 43 44 44 47 48 49 50 51 52 52 54 56 58 60 61 64 65 66 67 68 69 70 70 75 76 77 78 78 80 82]
2023-05-29 23:16:50,461{GMT}	INFO	[jepsen worker 2] jepsen.util: 2	:invoke	:broadcast	83
2023-05-29 23:16:50,463{GMT}	INFO	[jepsen worker 2] jepsen.util: 2	:ok	:broadcast	83
2023-05-29 23:16:50,532{GMT}	INFO	[jepsen worker 3] jepsen.util: 3	:invoke	:broadcast	84
2023-05-29 23:16:50,534{GMT}	INFO	[jepsen worker 3] jepsen.util: 3	:ok	:broadcast	84
2023-05-29 23:16:50,609{GMT}	INFO	[jepsen worker 4] jepsen.util: 4	:invoke	:read	nil
2023-05-29 23:16:50,611{GMT}	INFO	[jepsen worker 4] jepsen.util: 4	:ok	:read	[0 2 2 3 4 7 8 9 11 12 13 13 14 15 18 18 19 21 21 22 24 24 25 26 28 28 29 30 30 31 32 33 34 35 36 36 38 38 39 42 43 44 47 47 48 49 50 51 52 54 56 56 58 60 61 64 64 65 66 66 67 68 69 70 75 75 76 77 78 80 82 82 83 84]
2023-05-29 23:16:50,625{GMT}	INFO	[jepsen worker 0] jepsen.util: 0	:invoke	:broadcast	85
2023-05-29 23:16:50,626{GMT}	INFO	[jepsen worker 0] jepsen.util: 0	:ok	:broadcast	85
2023-05-29 23:16:50,650{GMT}	INFO	[jepsen worker 0] jepsen.util: 0	:invoke	:read	nil
2023-05-29 23:16:50,654{GMT}	INFO	[jepsen worker 0] jepsen.util: 0	:ok	:read	[0 2 3 3 4 7 7 8 8 9 11 11 12 12 13 14 14 15 15 18 19 21 22 22 24 25 25 26 26 28 29 29 30 31 31 32 32 33 34 34 35 36 38 39 39 42 42 43 43 44 47 48 48 49 49 50 50 51 51 52 54 54 56 58 58 60 60 61 61 64 65 65 66 67 67 68 68 69 69 70 75 76 76 77 77 78 80 80 82 83 84 85 85]
2023-05-29 23:16:50,738{GMT}	INFO	[jepsen worker 1] jepsen.util: 1	:invoke	:broadcast	86
2023-05-29 23:16:50,740{GMT}	INFO	[jepsen worker 1] jepsen.util: 1	:ok	:broadcast	86
2023-05-29 23:16:50,800{GMT}	INFO	[jepsen worker 2] jepsen.util: 2	:invoke	:broadcast	87
2023-05-29 23:16:50,802{GMT}	INFO	[jepsen worker 2] jepsen.util: 2	:ok	:broadcast	87
2023-05-29 23:16:50,996{GMT}	INFO	[jepsen worker 3] jepsen.util: 3	:invoke	:broadcast	88
2023-05-29 23:16:50,997{GMT}	INFO	[jepsen worker 4] jepsen.util: 4	:invoke	:read	nil
2023-05-29 23:16:50,998{GMT}	INFO	[jepsen worker 3] jepsen.util: 3	:ok	:broadcast	88
2023-05-29 23:16:50,999{GMT}	INFO	[jepsen worker 4] jepsen.util: 4	:ok	:read	[0 2 2 3 4 7 8 9 11 12 13 13 14 15 18 18 19 21 21 22 24 24 25 26 28 28 29 30 30 31 32 33 34 35 36 36 38 38 39 42 43 44 47 47 48 49 50 51 52 54 56 56 58 60 61 64 64 65 66 66 67 68 69 70 75 75 76 77 78 80 82 82 83 84 85 86 87]
2023-05-29 23:16:51,185{GMT}	INFO	[jepsen worker 0] jepsen.util: 0	:invoke	:broadcast	89
2023-05-29 23:16:51,187{GMT}	INFO	[jepsen worker 0] jepsen.util: 0	:ok	:broadcast	89
2023-05-29 23:16:51,237{GMT}	INFO	[jepsen worker 0] jepsen.util: 0	:invoke	:read	nil
2023-05-29 23:16:51,239{GMT}	INFO	[jepsen worker 0] jepsen.util: 0	:ok	:read	[0 2 3 3 4 7 7 8 8 9 11 11 12 12 13 14 14 15 15 18 19 21 22 22 24 25 25 26 26 28 29 29 30 31 31 32 32 33 34 34 35 36 38 39 39 42 42 43 43 44 47 48 48 49 49 50 50 51 51 52 54 54 56 58 58 60 60 61 61 64 65 65 66 67 67 68 68 69 69 70 75 76 76 77 77 78 80 80 82 83 84 85 85 86 87 88 89 89]
2023-05-29 23:16:51,245{GMT}	INFO	[jepsen worker 1] jepsen.util: 1	:invoke	:read	nil
2023-05-29 23:16:51,246{GMT}	INFO	[jepsen worker 1] jepsen.util: 1	:ok	:read	[0 0 2 3 4 4 7 8 9 9 11 12 13 14 15 18 19 19 21 22 24 25 26 28 29 30 31 32 33 33 34 35 35 36 38 39 42 43 44 44 47 48 49 50 51 52 52 54 56 58 60 61 64 65 66 67 68 69 70 70 75 76 77 78 78 80 82 83 84 85 86 86 87 88 89]
2023-05-29 23:16:51,268{GMT}	INFO	[jepsen worker 2] jepsen.util: 2	:invoke	:read	nil
2023-05-29 23:16:51,269{GMT}	INFO	[jepsen worker 2] jepsen.util: 2	:ok	:read	[5 10 16 20 37 40 45 53 55 59 62 72 73 83 83 84 85 86 87 87 88 89]
2023-05-29 23:16:51,395{GMT}	INFO	[jepsen worker 3] jepsen.util: 3	:invoke	:read	nil
2023-05-29 23:16:51,396{GMT}	INFO	[jepsen worker 3] jepsen.util: 3	:ok	:read	[1 6 17 23 27 41 46 57 63 71 74 79 81 83 84 84 85 86 87 88 88 89]
2023-05-29 23:16:51,397{GMT}	INFO	[jepsen worker nemesis] jepsen.util: :nemesis	:info	:stop-partition	nil
2023-05-29 23:16:51,397{GMT}	INFO	[jepsen worker nemesis] jepsen.util: :nemesis	:info	:stop-partition	:network-healed
2023-05-29 23:16:51,397{GMT}	INFO	[jepsen worker nemesis] jepsen.generator.interpreter: Waiting for recovery...
2023-05-29 23:17:01,406{GMT}	INFO	[jepsen worker 1] jepsen.util: 1	:invoke	:read	nil
2023-05-29 23:17:01,407{GMT}	INFO	[jepsen worker 4] jepsen.util: 4	:invoke	:read	nil
2023-05-29 23:17:01,407{GMT}	INFO	[jepsen worker 3] jepsen.util: 3	:invoke	:read	nil
2023-05-29 23:17:01,407{GMT}	INFO	[jepsen worker 0] jepsen.util: 0	:invoke	:read	nil
2023-05-29 23:17:01,408{GMT}	INFO	[jepsen worker 2] jepsen.util: 2	:invoke	:read	nil
2023-05-29 23:17:01,409{GMT}	INFO	[jepsen worker 1] jepsen.util: 1	:ok	:read	[0 0 2 3 4 4 7 8 9 9 11 12 13 14 15 18 19 19 21 22 24 25 26 28 29 30 31 32 33 33 34 35 35 36 38 39 42 43 44 44 47 48 49 50 51 52 52 54 56 58 60 61 64 65 66 67 68 69 70 70 75 76 77 78 78 80 82 83 84 85 86 86 87 88 89]
2023-05-29 23:17:01,410{GMT}	INFO	[jepsen worker 4] jepsen.util: 4	:ok	:read	[0 2 2 3 4 7 8 9 11 12 13 13 14 15 18 18 19 21 21 22 24 24 25 26 28 28 29 30 30 31 32 33 34 35 36 36 38 38 39 42 43 44 47 47 48 49 50 51 52 54 56 56 58 60 61 64 64 65 66 66 67 68 69 70 75 75 76 77 78 80 82 82 83 84 85 86 87 88 89]
2023-05-29 23:17:01,410{GMT}	INFO	[jepsen worker 3] jepsen.util: 3	:ok	:read	[1 6 17 23 27 41 46 57 63 71 74 79 81 83 84 84 85 86 87 88 88 89]
2023-05-29 23:17:01,410{GMT}	INFO	[jepsen worker 0] jepsen.util: 0	:ok	:read	[0 2 3 3 4 7 7 8 8 9 11 11 12 12 13 14 14 15 15 18 19 21 22 22 24 25 25 26 26 28 29 29 30 31 31 32 32 33 34 34 35 36 38 39 39 42 42 43 43 44 47 48 48 49 49 50 50 51 51 52 54 54 56 58 58 60 60 61 61 64 65 65 66 67 67 68 68 69 69 70 75 76 76 77 77 78 80 80 82 83 84 85 85 86 87 88 89 89]
2023-05-29 23:17:01,411{GMT}	INFO	[jepsen worker 2] jepsen.util: 2	:ok	:read	[5 10 16 20 37 40 45 53 55 59 62 72 73 83 83 84 85 86 87 87 88 89]
2023-05-29 23:17:01,445{GMT}	INFO	[jepsen test runner] jepsen.core: Run complete, writing
2023-05-29 23:17:01,528{GMT}	INFO	[jepsen node n0] maelstrom.db: Tearing down n0
2023-05-29 23:17:01,529{GMT}	INFO	[jepsen node n1] maelstrom.db: Tearing down n1
2023-05-29 23:17:01,529{GMT}	INFO	[jepsen node n2] maelstrom.db: Tearing down n2
2023-05-29 23:17:01,529{GMT}	INFO	[jepsen node n3] maelstrom.db: Tearing down n3
2023-05-29 23:17:01,531{GMT}	INFO	[jepsen node n4] maelstrom.db: Tearing down n4
2023-05-29 23:17:03,179{GMT}	INFO	[jepsen node n0] maelstrom.net: Shutting down Maelstrom network
2023-05-29 23:17:03,184{GMT}	INFO	[jepsen test runner] jepsen.core: Analyzing...
2023-05-29 23:17:03,642{GMT}	INFO	[jepsen test runner] jepsen.core: Analysis complete
2023-05-29 23:17:03,671{GMT}	INFO	[jepsen results] jepsen.store: Wrote /Users/adicardrz/go-projects/maelstrom-challenges/maelstrom/store/broadcast/20230529T231628.547+0200/results.edn
2023-05-29 23:17:03,726{GMT}	INFO	[jepsen test runner] jepsen.core: {:perf {:latency-graph {:valid? true},
        :rate-graph {:valid? true},
        :valid? true},
 :timeline {:valid? true},
 :exceptions {:valid? true},
 :stats {:valid? true,
         :count 199,
         :ok-count 199,
         :fail-count 0,
         :info-count 0,
         :by-f {:broadcast {:valid? true,
                            :count 90,
                            :ok-count 90,
                            :fail-count 0,
                            :info-count 0},
                :read {:valid? true,
                       :count 109,
                       :ok-count 109,
                       :fail-count 0,
                       :info-count 0}}},
 :availability {:valid? true, :ok-fraction 1.0},
 :net {:all {:send-count 1441,
             :recv-count 1174,
             :msg-count 1441,
             :msgs-per-op 7.241206},
       :clients {:send-count 418, :recv-count 418, :msg-count 418},
       :servers {:send-count 1023,
                 :recv-count 756,
                 :msg-count 1023,
                 :msgs-per-op 5.1407037},
       :valid? true},
 :workload {:worst-stale ({:element 5,
                           :outcome :stable,
                           :stable-latency 29488,
                           :lost-latency nil,
                           :known #jepsen.history.Op{:index 18,
                                                     :time 523264965,
                                                     :type :ok,
                                                     :process 2,
                                                     :f :add,
                                                     :value 5},
                           :last-absent #jepsen.history.Op{:index 397,
                                                           :time 30011271563,
                                                           :type :invoke,
                                                           :process 0,
                                                           :f :read,
                                                           :value nil,
                                                           :final? true}}
                          {:element 10,
                           :outcome :stable,
                           :stable-latency 28989,
                           :lost-latency nil,
                           :known #jepsen.history.Op{:index 29,
                                                     :time 1021427918,
                                                     :type :ok,
                                                     :process 2,
                                                     :f :add,
                                                     :value 10},
                           :last-absent #jepsen.history.Op{:index 397,
                                                           :time 30011271563,
                                                           :type :invoke,
                                                           :process 0,
                                                           :f :read,
                                                           :value nil,
                                                           :final? true}}
                          {:element 16,
                           :outcome :stable,
                           :stable-latency 27576,
                           :lost-latency nil,
                           :known #jepsen.history.Op{:index 53,
                                                     :time 2434807073,
                                                     :type :ok,
                                                     :process 2,
                                                     :f :add,
                                                     :value 16},
                           :last-absent #jepsen.history.Op{:index 397,
                                                           :time 30011271563,
                                                           :type :invoke,
                                                           :process 0,
                                                           :f :read,
                                                           :value nil,
                                                           :final? true}}
                          {:element 20,
                           :outcome :stable,
                           :stable-latency 26173,
                           :lost-latency nil,
                           :known #jepsen.history.Op{:index 78,
                                                     :time 3837434951,
                                                     :type :ok,
                                                     :process 2,
                                                     :f :add,
                                                     :value 20},
                           :last-absent #jepsen.history.Op{:index 397,
                                                           :time 30011271563,
                                                           :type :invoke,
                                                           :process 0,
                                                           :f :read,
                                                           :value nil,
                                                           :final? true}}
                          {:element 37,
                           :outcome :stable,
                           :stable-latency 20916,
                           :lost-latency nil,
                           :known #jepsen.history.Op{:index 173,
                                                     :time 9094704431,
                                                     :type :ok,
                                                     :process 2,
                                                     :f :add,
                                                     :value 37},
                           :last-absent #jepsen.history.Op{:index 397,
                                                           :time 30011271563,
                                                           :type :invoke,
                                                           :process 0,
                                                           :f :read,
                                                           :value nil,
                                                           :final? true}}
                          {:element 40,
                           :outcome :stable,
                           :stable-latency 20272,
                           :lost-latency nil,
                           :known #jepsen.history.Op{:index 185,
                                                     :time 9739009310,
                                                     :type :ok,
                                                     :process 2,
                                                     :f :add,
                                                     :value 40},
                           :last-absent #jepsen.history.Op{:index 397,
                                                           :time 30011271563,
                                                           :type :invoke,
                                                           :process 0,
                                                           :f :read,
                                                           :value nil,
                                                           :final? true}}
                          {:element 45,
                           :outcome :stable,
                           :stable-latency 19547,
                           :lost-latency nil,
                           :known #jepsen.history.Op{:index 197,
                                                     :time 10463556214,
                                                     :type :ok,
                                                     :process 2,
                                                     :f :add,
                                                     :value 45},
                           :last-absent #jepsen.history.Op{:index 397,
                                                           :time 30011271563,
                                                           :type :invoke,
                                                           :process 0,
                                                           :f :read,
                                                           :value nil,
                                                           :final? true}}
                          {:element 53,
                           :outcome :stable,
                           :stable-latency 18317,
                           :lost-latency nil,
                           :known #jepsen.history.Op{:index 221,
                                                     :time 11693927323,
                                                     :type :ok,
                                                     :process 2,
                                                     :f :add,
                                                     :value 53},
                           :last-absent #jepsen.history.Op{:index 397,
                                                           :time 30011271563,
                                                           :type :invoke,
                                                           :process 0,
                                                           :f :read,
                                                           :value nil,
                                                           :final? true}}),
            :duplicated-count 0,
            :valid? false,
            :lost-count 70,
            :lost (0
                   1
                   2
                   3
                   4
                   6
                   7
                   8
                   9
                   11
                   12
                   13
                   14
                   15
                   17
                   18
                   19
                   21
                   22
                   23
                   24
                   25
                   26
                   27
                   28
                   29
                   30
                   31
                   32
                   33
                   34
                   35
                   36
                   38
                   39
                   41
                   42
                   43
                   44
                   46
                   47
                   48
                   49
                   50
                   51
                   52
                   54
                   56
                   57
                   58
                   60
                   61
                   63
                   64
                   65
                   66
                   67
                   68
                   69
                   70
                   71
                   74
                   75
                   76
                   77
                   78
                   79
                   80
                   81
                   82),
            :stable-count 20,
            :stale-count 13,
            :stale (5 10 16 20 37 40 45 53 55 59 62 72 73),
            :never-read-count 0,
            :stable-latencies {0 0,
                               0.5 16491,
                               0.95 29488,
                               0.99 29488,
                               1 29488},
            :attempt-count 90,
            :lost-latencies {0 11125,
                             0.5 20680,
                             0.95 29803,
                             0.99 29984,
                             1 29984},
            :never-read (),
            :duplicated {}},
 :valid? false}


Analysis invalid! ( 
