2023-05-29 23:53:21,024{GMT}	INFO	[jepsen test runner] jepsen.core: Command line:
lein run test -w broadcast --bin /Users/adicardrz/go/bin/maelstrom-broadcast --node-count 5 --time-limit 20 --rate 10 --nemesis partition
2023-05-29 23:53:21,147{GMT}	INFO	[jepsen test runner] jepsen.core: Running test:
{:args []
 :remote
 #jepsen.control.retry.Remote{:remote #jepsen.control.scp.Remote{:cmd-remote #jepsen.control.sshj.SSHJRemote{:concurrency-limit 6,
                                                                                                             :conn-spec nil,
                                                                                                             :client nil,
                                                                                                             :semaphore nil},
                                                                 :conn-spec nil},
                              :conn nil}
 :log-net-send false
 :node-count 5
 :availability nil
 :max-txn-length 4
 :concurrency 5
 :db
 #object[maelstrom.db$db$reify__16142
         "0x60035f1e"
         "maelstrom.db$db$reify__16142@60035f1e"]
 :max-writes-per-key 16
 :leave-db-running? false
 :name "broadcast"
 :logging-json? false
 :start-time
 #object[org.joda.time.DateTime "0x2459715c" "2023-05-29T23:53:20.983+02:00"]
 :nemesis-interval 10
 :net
 #object[maelstrom.net$jepsen_net$reify__15251
         "0x401e36ab"
         "maelstrom.net$jepsen_net$reify__15251@401e36ab"]
 :client
 #object[maelstrom.workload.broadcast$client$reify__16644
         "0x4ce66169"
         "maelstrom.workload.broadcast$client$reify__16644@4ce66169"]
 :barrier
 #object[java.util.concurrent.CyclicBarrier
         "0x53d0cf4d"
         "java.util.concurrent.CyclicBarrier@53d0cf4d"]
 :log-stderr false
 :pure-generators true
 :ssh {:dummy? true}
 :rate 10.0
 :checker
 #object[jepsen.checker$compose$reify__11881
         "0x3c6c87fa"
         "jepsen.checker$compose$reify__11881@3c6c87fa"]
 :argv
 ("test"
  "-w"
  "broadcast"
  "--bin"
  "/Users/adicardrz/go/bin/maelstrom-broadcast"
  "--node-count"
  "5"
  "--time-limit"
  "20"
  "--rate"
  "10"
  "--nemesis"
  "partition")
 :nemesis
 (jepsen.nemesis.ReflCompose
  {:fm {:start-partition 0,
        :stop-partition 0,
        :kill 1,
        :start 1,
        :pause 1,
        :resume 1},
   :nemeses [#unprintable "jepsen.nemesis.combined$partition_nemesis$reify__16416@d7645b2"
             #unprintable "jepsen.nemesis.combined$db_nemesis$reify__16397@72e4905c"]})
 :nodes ["n0" "n1" "n2" "n3" "n4"]
 :test-count 1
 :latency {:mean 0, :dist :constant}
 :bin "/Users/adicardrz/go/bin/maelstrom-broadcast"
 :generator
 ((jepsen.generator.Synchronize
   {:gen (jepsen.generator.TimeLimit
          {:limit 20000000000,
           :cutoff nil,
           :gen (jepsen.generator.Any
                 {:gens [(jepsen.generator.OnThreads
                          {:f #{:nemesis},
                           :context-filter #object[jepsen.generator.context$make_thread_filter$lazy_filter__9167
                                                   "0x383c94ed"
                                                   "jepsen.generator.context$make_thread_filter$lazy_filter__9167@383c94ed"],
                           :gen (jepsen.generator.Stagger
                                 {:dt 20000000000,
                                  :next-time nil,
                                  :gen (jepsen.generator.FlipFlop
                                        {:gens [#object[jepsen.nemesis.combined$partition_package$start__16420
                                                        "0x293ccbdd"
                                                        "jepsen.nemesis.combined$partition_package$start__16420@293ccbdd"]
                                                ({:type :info,
                                                  :f :stop-partition,
                                                  :value nil}
                                                 {:type :info,
                                                  :f :stop-partition,
                                                  :value nil}
                                                 {:type :info,
                                                  :f :stop-partition,
                                                  :value nil}
                                                 {:type :info,
                                                  :f :stop-partition,
                                                  :value nil}
                                                 {:type :info,
                                                  :f :stop-partition,
                                                  :value nil}
                                                 {:type :info,
                                                  :f :stop-partition,
                                                  :value nil}
                                                 {:type :info,
                                                  :f :stop-partition,
                                                  :value nil}
                                                 {:type :info,
                                                  :f :stop-partition,
                                                  :value nil}
                                                 ...)],
                                         :i 0})})})
                         (jepsen.generator.OnThreads
                          {:f #jepsen.generator.context.AllBut{:element :nemesis},
                           :context-filter #object[jepsen.generator.context$make_thread_filter$lazy_filter__9167
                                                   "0x474a63d9"
                                                   "jepsen.generator.context$make_thread_filter$lazy_filter__9167@474a63d9"],
                           :gen (jepsen.generator.Stagger
                                 {:dt 200000000,
                                  :next-time nil,
                                  :gen (jepsen.generator.Mix
                                        {:i 0,
                                         :gens [({:f :broadcast, :value 0}
                                                 {:f :broadcast, :value 1}
                                                 {:f :broadcast, :value 2}
                                                 {:f :broadcast, :value 3}
                                                 {:f :broadcast, :value 4}
                                                 {:f :broadcast, :value 5}
                                                 {:f :broadcast, :value 6}
                                                 {:f :broadcast, :value 7}
                                                 ...)
                                                ({:f :read}
                                                 {:f :read}
                                                 {:f :read}
                                                 {:f :read}
                                                 {:f :read}
                                                 {:f :read}
                                                 {:f :read}
                                                 {:f :read}
                                                 ...)]})})})]})})})
  (jepsen.generator.Synchronize
   {:gen (jepsen.generator.OnThreads
          {:f #{:nemesis},
           :context-filter #object[jepsen.generator.context$make_thread_filter$lazy_filter__9167
                                   "0x1b8d0c21"
                                   "jepsen.generator.context$make_thread_filter$lazy_filter__9167@1b8d0c21"],
           :gen ({:type :info, :f :stop-partition, :value nil})})})
  (jepsen.generator.Synchronize
   {:gen {:type :log, :value "Waiting for recovery..."}})
  (jepsen.generator.Synchronize {:gen {:type :sleep, :value 10}})
  (jepsen.generator.Synchronize
   {:gen (jepsen.generator.OnThreads
          {:f #jepsen.generator.context.AllBut{:element :nemesis},
           :context-filter #object[jepsen.generator.context$make_thread_filter$lazy_filter__9167
                                   "0x54a04eae"
                                   "jepsen.generator.context$make_thread_filter$lazy_filter__9167@54a04eae"],
           :gen (jepsen.generator.EachThread
                 {:fresh-gen {:f :read, :final? true},
                  :context-filters #object[clojure.core$promise$reify__8591
                                           "0x4664fef"
                                           {:status :pending, :val nil}],
                  :gens {}})})}))
 :log-net-recv false
 :os
 #object[maelstrom.net$jepsen_os$reify__15254
         "0x1026a011"
         "maelstrom.net$jepsen_os$reify__15254@1026a011"]
 :time-limit 20
 :workload :broadcast
 :consistency-models [:strict-serializable]
 :topology :grid}

2023-05-29 23:53:23,729{GMT}	INFO	[jepsen node n0] maelstrom.net: Starting Maelstrom network
2023-05-29 23:53:23,731{GMT}	INFO	[jepsen test runner] jepsen.db: Tearing down DB
2023-05-29 23:53:23,733{GMT}	INFO	[jepsen test runner] jepsen.db: Setting up DB
2023-05-29 23:53:23,734{GMT}	INFO	[jepsen node n1] maelstrom.db: Setting up n1
2023-05-29 23:53:23,734{GMT}	INFO	[jepsen node n2] maelstrom.db: Setting up n2
2023-05-29 23:53:23,735{GMT}	INFO	[jepsen node n1] maelstrom.process: launching /Users/adicardrz/go/bin/maelstrom-broadcast []
2023-05-29 23:53:23,735{GMT}	INFO	[jepsen node n3] maelstrom.db: Setting up n3
2023-05-29 23:53:23,735{GMT}	INFO	[jepsen node n2] maelstrom.process: launching /Users/adicardrz/go/bin/maelstrom-broadcast []
2023-05-29 23:53:23,736{GMT}	INFO	[jepsen node n3] maelstrom.process: launching /Users/adicardrz/go/bin/maelstrom-broadcast []
2023-05-29 23:53:23,737{GMT}	INFO	[jepsen node n4] maelstrom.db: Setting up n4
2023-05-29 23:53:23,737{GMT}	INFO	[jepsen node n4] maelstrom.process: launching /Users/adicardrz/go/bin/maelstrom-broadcast []
2023-05-29 23:53:23,737{GMT}	INFO	[jepsen node n0] maelstrom.service: Starting services: (lin-kv lin-tso lww-kv seq-kv)
2023-05-29 23:53:23,740{GMT}	INFO	[jepsen node n0] maelstrom.db: Setting up n0
2023-05-29 23:53:23,741{GMT}	INFO	[jepsen node n0] maelstrom.process: launching /Users/adicardrz/go/bin/maelstrom-broadcast []
2023-05-29 23:53:24,013{GMT}	INFO	[jepsen test runner] jepsen.core: Relative time begins now
2023-05-29 23:53:24,043{GMT}	INFO	[jepsen worker nemesis] jepsen.util: :nemesis	:info	:start-partition	:minority-third
2023-05-29 23:53:24,043{GMT}	INFO	[jepsen worker 0] jepsen.util: 0	:invoke	:broadcast	0
2023-05-29 23:53:24,050{GMT}	INFO	[jepsen worker 0] jepsen.util: 0	:ok	:broadcast	0
2023-05-29 23:53:24,051{GMT}	INFO	[jepsen worker nemesis] jepsen.util: :nemesis	:info	:start-partition	[:isolated {"n3" #{"n2" "n1" "n4" "n0"}, "n2" #{"n3"}, "n1" #{"n3"}, "n4" #{"n3"}, "n0" #{"n3"}}]
2023-05-29 23:53:24,204{GMT}	INFO	[jepsen worker 2] jepsen.util: 2	:invoke	:broadcast	1
2023-05-29 23:53:24,207{GMT}	INFO	[jepsen worker 2] jepsen.util: 2	:ok	:broadcast	1
2023-05-29 23:53:24,360{GMT}	INFO	[jepsen worker 3] jepsen.util: 3	:invoke	:read	nil
2023-05-29 23:53:24,362{GMT}	INFO	[jepsen worker 3] jepsen.util: 3	:ok	:read	[]
2023-05-29 23:53:24,437{GMT}	INFO	[jepsen worker 4] jepsen.util: 4	:invoke	:broadcast	2
2023-05-29 23:53:24,441{GMT}	INFO	[jepsen worker 4] jepsen.util: 4	:ok	:broadcast	2
2023-05-29 23:53:24,555{GMT}	INFO	[jepsen worker 0] jepsen.util: 0	:invoke	:read	nil
2023-05-29 23:53:24,557{GMT}	INFO	[jepsen worker 0] jepsen.util: 0	:ok	:read	[0 0 1 2]
2023-05-29 23:53:24,687{GMT}	INFO	[jepsen worker 0] jepsen.util: 0	:invoke	:read	nil
2023-05-29 23:53:24,690{GMT}	INFO	[jepsen worker 0] jepsen.util: 0	:ok	:read	[0 0 1 2]
2023-05-29 23:53:24,882{GMT}	INFO	[jepsen worker 1] jepsen.util: 1	:invoke	:read	nil
2023-05-29 23:53:24,885{GMT}	INFO	[jepsen worker 1] jepsen.util: 1	:ok	:read	[0 1 2]
2023-05-29 23:53:24,920{GMT}	INFO	[jepsen worker 2] jepsen.util: 2	:invoke	:read	nil
2023-05-29 23:53:24,925{GMT}	INFO	[jepsen worker 2] jepsen.util: 2	:ok	:read	[0 1 1 2]
2023-05-29 23:53:24,951{GMT}	INFO	[jepsen worker 3] jepsen.util: 3	:invoke	:broadcast	3
2023-05-29 23:53:24,955{GMT}	INFO	[jepsen worker 3] jepsen.util: 3	:ok	:broadcast	3
2023-05-29 23:53:25,151{GMT}	INFO	[jepsen worker 4] jepsen.util: 4	:invoke	:read	nil
2023-05-29 23:53:25,153{GMT}	INFO	[jepsen worker 4] jepsen.util: 4	:ok	:read	[0 1 2 2]
2023-05-29 23:53:25,258{GMT}	INFO	[jepsen worker 0] jepsen.util: 0	:invoke	:read	nil
2023-05-29 23:53:25,260{GMT}	INFO	[jepsen worker 0] jepsen.util: 0	:ok	:read	[0 0 1 2]
2023-05-29 23:53:25,445{GMT}	INFO	[jepsen worker 0] jepsen.util: 0	:invoke	:read	nil
2023-05-29 23:53:25,448{GMT}	INFO	[jepsen worker 0] jepsen.util: 0	:ok	:read	[0 0 1 2]
2023-05-29 23:53:25,549{GMT}	INFO	[jepsen worker 1] jepsen.util: 1	:invoke	:read	nil
2023-05-29 23:53:25,551{GMT}	INFO	[jepsen worker 1] jepsen.util: 1	:ok	:read	[0 1 2]
2023-05-29 23:53:25,652{GMT}	INFO	[jepsen worker 2] jepsen.util: 2	:invoke	:broadcast	4
2023-05-29 23:53:25,655{GMT}	INFO	[jepsen worker 2] jepsen.util: 2	:ok	:broadcast	4
2023-05-29 23:53:25,661{GMT}	INFO	[jepsen worker 3] jepsen.util: 3	:invoke	:broadcast	5
2023-05-29 23:53:25,663{GMT}	INFO	[jepsen worker 3] jepsen.util: 3	:ok	:broadcast	5
2023-05-29 23:53:25,823{GMT}	INFO	[jepsen worker 4] jepsen.util: 4	:invoke	:broadcast	6
2023-05-29 23:53:25,826{GMT}	INFO	[jepsen worker 4] jepsen.util: 4	:ok	:broadcast	6
2023-05-29 23:53:26,013{GMT}	INFO	[jepsen worker 0] jepsen.util: 0	:invoke	:read	nil
2023-05-29 23:53:26,016{GMT}	INFO	[jepsen worker 0] jepsen.util: 0	:ok	:read	[0 0 1 2 4 6]
2023-05-29 23:53:26,102{GMT}	INFO	[jepsen worker 0] jepsen.util: 0	:invoke	:broadcast	7
2023-05-29 23:53:26,105{GMT}	INFO	[jepsen worker 0] jepsen.util: 0	:ok	:broadcast	7
2023-05-29 23:53:26,258{GMT}	INFO	[jepsen worker 1] jepsen.util: 1	:invoke	:broadcast	8
2023-05-29 23:53:26,262{GMT}	INFO	[jepsen worker 1] jepsen.util: 1	:ok	:broadcast	8
2023-05-29 23:53:26,351{GMT}	INFO	[jepsen worker 2] jepsen.util: 2	:invoke	:broadcast	9
2023-05-29 23:53:26,354{GMT}	INFO	[jepsen worker 2] jepsen.util: 2	:ok	:broadcast	9
2023-05-29 23:53:26,408{GMT}	INFO	[jepsen worker 3] jepsen.util: 3	:invoke	:broadcast	10
2023-05-29 23:53:26,411{GMT}	INFO	[jepsen worker 3] jepsen.util: 3	:ok	:broadcast	10
2023-05-29 23:53:26,489{GMT}	INFO	[jepsen worker 4] jepsen.util: 4	:invoke	:read	nil
2023-05-29 23:53:26,490{GMT}	INFO	[jepsen worker 4] jepsen.util: 4	:ok	:read	[0 1 2 2 4 6 6 7 8 9]
2023-05-29 23:53:26,566{GMT}	INFO	[jepsen worker 0] jepsen.util: 0	:invoke	:read	nil
2023-05-29 23:53:26,568{GMT}	INFO	[jepsen worker 0] jepsen.util: 0	:ok	:read	[0 0 1 2 4 6 7 7 8 9]
2023-05-29 23:53:26,700{GMT}	INFO	[jepsen worker 0] jepsen.util: 0	:invoke	:read	nil
2023-05-29 23:53:26,702{GMT}	INFO	[jepsen worker 0] jepsen.util: 0	:ok	:read	[0 0 1 2 4 6 7 7 8 9]
2023-05-29 23:53:26,720{GMT}	INFO	[jepsen worker 1] jepsen.util: 1	:invoke	:read	nil
2023-05-29 23:53:26,724{GMT}	INFO	[jepsen worker 1] jepsen.util: 1	:ok	:read	[0 1 2 4 6 7 8 8 9]
2023-05-29 23:53:26,754{GMT}	INFO	[jepsen worker 2] jepsen.util: 2	:invoke	:read	nil
2023-05-29 23:53:26,758{GMT}	INFO	[jepsen worker 2] jepsen.util: 2	:ok	:read	[0 1 1 2 4 4 6 7 8 9 9]
2023-05-29 23:53:26,845{GMT}	INFO	[jepsen worker 3] jepsen.util: 3	:invoke	:read	nil
2023-05-29 23:53:26,847{GMT}	INFO	[jepsen worker 3] jepsen.util: 3	:ok	:read	[3 5 10]
2023-05-29 23:53:27,029{GMT}	INFO	[jepsen worker 4] jepsen.util: 4	:invoke	:broadcast	11
2023-05-29 23:53:27,031{GMT}	INFO	[jepsen worker 4] jepsen.util: 4	:ok	:broadcast	11
2023-05-29 23:53:27,195{GMT}	INFO	[jepsen worker 0] jepsen.util: 0	:invoke	:broadcast	12
2023-05-29 23:53:27,197{GMT}	INFO	[jepsen worker 0] jepsen.util: 0	:ok	:broadcast	12
2023-05-29 23:53:27,233{GMT}	INFO	[jepsen worker 0] jepsen.util: 0	:invoke	:read	nil
2023-05-29 23:53:27,235{GMT}	INFO	[jepsen worker 0] jepsen.util: 0	:ok	:read	[0 0 1 2 4 6 7 7 8 9 11 12 12]
2023-05-29 23:53:27,271{GMT}	INFO	[jepsen worker 1] jepsen.util: 1	:invoke	:broadcast	13
2023-05-29 23:53:27,274{GMT}	INFO	[jepsen worker 1] jepsen.util: 1	:ok	:broadcast	13
2023-05-29 23:53:27,376{GMT}	INFO	[jepsen worker 2] jepsen.util: 2	:invoke	:broadcast	14
2023-05-29 23:53:27,379{GMT}	INFO	[jepsen worker 2] jepsen.util: 2	:ok	:broadcast	14
2023-05-29 23:53:27,434{GMT}	INFO	[jepsen worker 3] jepsen.util: 3	:invoke	:broadcast	15
2023-05-29 23:53:27,436{GMT}	INFO	[jepsen worker 3] jepsen.util: 3	:ok	:broadcast	15
2023-05-29 23:53:27,508{GMT}	INFO	[jepsen worker 4] jepsen.util: 4	:invoke	:broadcast	16
2023-05-29 23:53:27,510{GMT}	INFO	[jepsen worker 4] jepsen.util: 4	:ok	:broadcast	16
2023-05-29 23:53:27,586{GMT}	INFO	[jepsen worker 0] jepsen.util: 0	:invoke	:read	nil
2023-05-29 23:53:27,588{GMT}	INFO	[jepsen worker 0] jepsen.util: 0	:ok	:read	[0 0 1 2 4 6 7 7 8 9 11 12 12 13 14 16]
2023-05-29 23:53:27,636{GMT}	INFO	[jepsen worker 0] jepsen.util: 0	:invoke	:read	nil
2023-05-29 23:53:27,639{GMT}	INFO	[jepsen worker 0] jepsen.util: 0	:ok	:read	[0 0 1 2 4 6 7 7 8 9 11 12 12 13 14 16]
2023-05-29 23:53:27,717{GMT}	INFO	[jepsen worker 1] jepsen.util: 1	:invoke	:read	nil
2023-05-29 23:53:27,720{GMT}	INFO	[jepsen worker 1] jepsen.util: 1	:ok	:read	[0 1 2 4 6 7 8 8 9 11 12 13 13 14 16]
2023-05-29 23:53:27,731{GMT}	INFO	[jepsen worker 2] jepsen.util: 2	:invoke	:read	nil
2023-05-29 23:53:27,733{GMT}	INFO	[jepsen worker 2] jepsen.util: 2	:ok	:read	[0 1 1 2 4 4 6 7 8 9 9 11 12 13 14 14 16]
2023-05-29 23:53:27,893{GMT}	INFO	[jepsen worker 3] jepsen.util: 3	:invoke	:read	nil
2023-05-29 23:53:27,895{GMT}	INFO	[jepsen worker 3] jepsen.util: 3	:ok	:read	[3 5 10 15]
2023-05-29 23:53:27,959{GMT}	INFO	[jepsen worker 4] jepsen.util: 4	:invoke	:broadcast	17
2023-05-29 23:53:27,961{GMT}	INFO	[jepsen worker 4] jepsen.util: 4	:ok	:broadcast	17
2023-05-29 23:53:28,092{GMT}	INFO	[jepsen worker 0] jepsen.util: 0	:invoke	:broadcast	18
2023-05-29 23:53:28,094{GMT}	INFO	[jepsen worker 0] jepsen.util: 0	:ok	:broadcast	18
2023-05-29 23:53:28,232{GMT}	INFO	[jepsen worker 0] jepsen.util: 0	:invoke	:broadcast	19
2023-05-29 23:53:28,235{GMT}	INFO	[jepsen worker 0] jepsen.util: 0	:ok	:broadcast	19
2023-05-29 23:53:28,334{GMT}	INFO	[jepsen worker 1] jepsen.util: 1	:invoke	:read	nil
2023-05-29 23:53:28,336{GMT}	INFO	[jepsen worker 1] jepsen.util: 1	:ok	:read	[0 1 2 4 6 7 8 8 9 11 12 13 13 14 16 17 18 19]
2023-05-29 23:53:28,521{GMT}	INFO	[jepsen worker 2] jepsen.util: 2	:invoke	:read	nil
2023-05-29 23:53:28,523{GMT}	INFO	[jepsen worker 2] jepsen.util: 2	:ok	:read	[0 1 1 2 4 4 6 7 8 9 9 11 12 13 14 14 16 17 18 19]
2023-05-29 23:53:28,533{GMT}	INFO	[jepsen worker 3] jepsen.util: 3	:invoke	:broadcast	20
2023-05-29 23:53:28,535{GMT}	INFO	[jepsen worker 3] jepsen.util: 3	:ok	:broadcast	20
2023-05-29 23:53:28,553{GMT}	INFO	[jepsen worker 4] jepsen.util: 4	:invoke	:broadcast	21
2023-05-29 23:53:28,556{GMT}	INFO	[jepsen worker 4] jepsen.util: 4	:ok	:broadcast	21
2023-05-29 23:53:28,751{GMT}	INFO	[jepsen worker 0] jepsen.util: 0	:invoke	:broadcast	22
2023-05-29 23:53:28,753{GMT}	INFO	[jepsen worker 0] jepsen.util: 0	:ok	:broadcast	22
2023-05-29 23:53:28,908{GMT}	INFO	[jepsen worker 0] jepsen.util: 0	:invoke	:broadcast	23
2023-05-29 23:53:28,910{GMT}	INFO	[jepsen worker 0] jepsen.util: 0	:ok	:broadcast	23
2023-05-29 23:53:29,036{GMT}	INFO	[jepsen worker 1] jepsen.util: 1	:invoke	:broadcast	24
2023-05-29 23:53:29,038{GMT}	INFO	[jepsen worker 1] jepsen.util: 1	:ok	:broadcast	24
2023-05-29 23:53:29,118{GMT}	INFO	[jepsen worker 2] jepsen.util: 2	:invoke	:broadcast	25
2023-05-29 23:53:29,120{GMT}	INFO	[jepsen worker 2] jepsen.util: 2	:ok	:broadcast	25
2023-05-29 23:53:29,187{GMT}	INFO	[jepsen worker 3] jepsen.util: 3	:invoke	:read	nil
2023-05-29 23:53:29,188{GMT}	INFO	[jepsen worker 3] jepsen.util: 3	:ok	:read	[3 5 10 15 20]
2023-05-29 23:53:29,229{GMT}	INFO	[jepsen worker 4] jepsen.util: 4	:invoke	:broadcast	26
2023-05-29 23:53:29,230{GMT}	INFO	[jepsen worker 4] jepsen.util: 4	:ok	:broadcast	26
2023-05-29 23:53:29,375{GMT}	INFO	[jepsen worker 0] jepsen.util: 0	:invoke	:broadcast	27
2023-05-29 23:53:29,377{GMT}	INFO	[jepsen worker 0] jepsen.util: 0	:ok	:broadcast	27
2023-05-29 23:53:29,458{GMT}	INFO	[jepsen worker 0] jepsen.util: 0	:invoke	:broadcast	28
2023-05-29 23:53:29,460{GMT}	INFO	[jepsen worker 0] jepsen.util: 0	:ok	:broadcast	28
2023-05-29 23:53:29,569{GMT}	INFO	[jepsen worker 1] jepsen.util: 1	:invoke	:read	nil
2023-05-29 23:53:29,571{GMT}	INFO	[jepsen worker 1] jepsen.util: 1	:ok	:read	[0 1 2 4 6 7 8 8 9 11 12 13 13 14 16 17 18 19 21 22 23 24 24 25 26 27 28]
2023-05-29 23:53:29,719{GMT}	INFO	[jepsen worker 2] jepsen.util: 2	:invoke	:broadcast	29
2023-05-29 23:53:29,721{GMT}	INFO	[jepsen worker 2] jepsen.util: 2	:ok	:broadcast	29
2023-05-29 23:53:29,858{GMT}	INFO	[jepsen worker 3] jepsen.util: 3	:invoke	:read	nil
2023-05-29 23:53:29,860{GMT}	INFO	[jepsen worker 3] jepsen.util: 3	:ok	:read	[3 5 10 15 20]
2023-05-29 23:53:29,982{GMT}	INFO	[jepsen worker 4] jepsen.util: 4	:invoke	:read	nil
2023-05-29 23:53:29,984{GMT}	INFO	[jepsen worker 4] jepsen.util: 4	:ok	:read	[0 1 2 2 4 6 6 7 8 9 11 11 12 13 14 16 16 17 17 18 19 21 21 22 23 24 25 26 26 27 28 29]
2023-05-29 23:53:30,132{GMT}	INFO	[jepsen worker 0] jepsen.util: 0	:invoke	:broadcast	30
2023-05-29 23:53:30,134{GMT}	INFO	[jepsen worker 0] jepsen.util: 0	:ok	:broadcast	30
2023-05-29 23:53:30,235{GMT}	INFO	[jepsen worker 0] jepsen.util: 0	:invoke	:broadcast	31
2023-05-29 23:53:30,237{GMT}	INFO	[jepsen worker 0] jepsen.util: 0	:ok	:broadcast	31
2023-05-29 23:53:30,358{GMT}	INFO	[jepsen worker 1] jepsen.util: 1	:invoke	:broadcast	32
2023-05-29 23:53:30,361{GMT}	INFO	[jepsen worker 1] jepsen.util: 1	:ok	:broadcast	32
2023-05-29 23:53:30,455{GMT}	INFO	[jepsen worker 2] jepsen.util: 2	:invoke	:read	nil
2023-05-29 23:53:30,457{GMT}	INFO	[jepsen worker 2] jepsen.util: 2	:ok	:read	[0 1 1 2 4 4 6 7 8 9 9 11 12 13 14 14 16 17 18 19 21 22 23 24 25 25 26 27 28 29 29 30 31 32]
2023-05-29 23:53:30,491{GMT}	INFO	[jepsen worker 3] jepsen.util: 3	:invoke	:read	nil
2023-05-29 23:53:30,493{GMT}	INFO	[jepsen worker 3] jepsen.util: 3	:ok	:read	[3 5 10 15 20]
2023-05-29 23:53:30,687{GMT}	INFO	[jepsen worker 4] jepsen.util: 4	:invoke	:read	nil
2023-05-29 23:53:30,689{GMT}	INFO	[jepsen worker 4] jepsen.util: 4	:ok	:read	[0 1 2 2 4 6 6 7 8 9 11 11 12 13 14 16 16 17 17 18 19 21 21 22 23 24 25 26 26 27 28 29 30 31 32]
2023-05-29 23:53:30,753{GMT}	INFO	[jepsen worker 0] jepsen.util: 0	:invoke	:read	nil
2023-05-29 23:53:30,754{GMT}	INFO	[jepsen worker 0] jepsen.util: 0	:ok	:read	[0 0 1 2 4 6 7 7 8 9 11 12 12 13 14 16 17 18 18 19 19 21 22 22 23 23 24 25 26 27 27 28 28 29 30 30 31 31 32]
2023-05-29 23:53:30,870{GMT}	INFO	[jepsen worker 0] jepsen.util: 0	:invoke	:broadcast	33
2023-05-29 23:53:30,871{GMT}	INFO	[jepsen worker 0] jepsen.util: 0	:ok	:broadcast	33
2023-05-29 23:53:31,070{GMT}	INFO	[jepsen worker 1] jepsen.util: 1	:invoke	:broadcast	34
2023-05-29 23:53:31,072{GMT}	INFO	[jepsen worker 1] jepsen.util: 1	:ok	:broadcast	34
2023-05-29 23:53:31,121{GMT}	INFO	[jepsen worker 2] jepsen.util: 2	:invoke	:broadcast	35
2023-05-29 23:53:31,124{GMT}	INFO	[jepsen worker 2] jepsen.util: 2	:ok	:broadcast	35
2023-05-29 23:53:31,296{GMT}	INFO	[jepsen worker 3] jepsen.util: 3	:invoke	:broadcast	36
2023-05-29 23:53:31,298{GMT}	INFO	[jepsen worker 3] jepsen.util: 3	:ok	:broadcast	36
2023-05-29 23:53:31,332{GMT}	INFO	[jepsen worker 4] jepsen.util: 4	:invoke	:broadcast	37
2023-05-29 23:53:31,334{GMT}	INFO	[jepsen worker 4] jepsen.util: 4	:ok	:broadcast	37
2023-05-29 23:53:31,447{GMT}	INFO	[jepsen worker 0] jepsen.util: 0	:invoke	:read	nil
2023-05-29 23:53:31,449{GMT}	INFO	[jepsen worker 0] jepsen.util: 0	:ok	:read	[0 0 1 2 4 6 7 7 8 9 11 12 12 13 14 16 17 18 18 19 19 21 22 22 23 23 24 25 26 27 27 28 28 29 30 30 31 31 32 33 33 34 35 37]
2023-05-29 23:53:31,562{GMT}	INFO	[jepsen worker 0] jepsen.util: 0	:invoke	:broadcast	38
2023-05-29 23:53:31,564{GMT}	INFO	[jepsen worker 0] jepsen.util: 0	:ok	:broadcast	38
2023-05-29 23:53:31,727{GMT}	INFO	[jepsen worker 1] jepsen.util: 1	:invoke	:read	nil
2023-05-29 23:53:31,729{GMT}	INFO	[jepsen worker 1] jepsen.util: 1	:ok	:read	[0 1 2 4 6 7 8 8 9 11 12 13 13 14 16 17 18 19 21 22 23 24 24 25 26 27 28 29 30 31 32 32 33 34 34 35 37 38]
2023-05-29 23:53:31,929{GMT}	INFO	[jepsen worker 2] jepsen.util: 2	:invoke	:read	nil
2023-05-29 23:53:31,931{GMT}	INFO	[jepsen worker 2] jepsen.util: 2	:ok	:read	[0 1 1 2 4 4 6 7 8 9 9 11 12 13 14 14 16 17 18 19 21 22 23 24 25 25 26 27 28 29 29 30 31 32 33 34 35 35 37 38]
2023-05-29 23:53:31,979{GMT}	INFO	[jepsen worker 3] jepsen.util: 3	:invoke	:read	nil
2023-05-29 23:53:31,981{GMT}	INFO	[jepsen worker 3] jepsen.util: 3	:ok	:read	[3 5 10 15 20 36]
2023-05-29 23:53:32,003{GMT}	INFO	[jepsen worker 4] jepsen.util: 4	:invoke	:broadcast	39
2023-05-29 23:53:32,007{GMT}	INFO	[jepsen worker 4] jepsen.util: 4	:ok	:broadcast	39
2023-05-29 23:53:32,121{GMT}	INFO	[jepsen worker 0] jepsen.util: 0	:invoke	:read	nil
2023-05-29 23:53:32,123{GMT}	INFO	[jepsen worker 0] jepsen.util: 0	:ok	:read	[0 0 1 2 4 6 7 7 8 9 11 12 12 13 14 16 17 18 18 19 19 21 22 22 23 23 24 25 26 27 27 28 28 29 30 30 31 31 32 33 33 34 35 37 38 38 39]
2023-05-29 23:53:32,229{GMT}	INFO	[jepsen worker 0] jepsen.util: 0	:invoke	:broadcast	40
2023-05-29 23:53:32,231{GMT}	INFO	[jepsen worker 0] jepsen.util: 0	:ok	:broadcast	40
2023-05-29 23:53:32,388{GMT}	INFO	[jepsen worker 1] jepsen.util: 1	:invoke	:broadcast	41
2023-05-29 23:53:32,390{GMT}	INFO	[jepsen worker 1] jepsen.util: 1	:ok	:broadcast	41
2023-05-29 23:53:32,546{GMT}	INFO	[jepsen worker 2] jepsen.util: 2	:invoke	:read	nil
2023-05-29 23:53:32,548{GMT}	INFO	[jepsen worker 2] jepsen.util: 2	:ok	:read	[0 1 1 2 4 4 6 7 8 9 9 11 12 13 14 14 16 17 18 19 21 22 23 24 25 25 26 27 28 29 29 30 31 32 33 34 35 35 37 38 39 40 41]
2023-05-29 23:53:32,713{GMT}	INFO	[jepsen worker 3] jepsen.util: 3	:invoke	:read	nil
2023-05-29 23:53:32,714{GMT}	INFO	[jepsen worker 3] jepsen.util: 3	:ok	:read	[3 5 10 15 20 36]
2023-05-29 23:53:32,750{GMT}	INFO	[jepsen worker 4] jepsen.util: 4	:invoke	:read	nil
2023-05-29 23:53:32,751{GMT}	INFO	[jepsen worker 4] jepsen.util: 4	:ok	:read	[0 1 2 2 4 6 6 7 8 9 11 11 12 13 14 16 16 17 17 18 19 21 21 22 23 24 25 26 26 27 28 29 30 31 32 33 34 35 37 37 38 39 39 40 41]
2023-05-29 23:53:32,932{GMT}	INFO	[jepsen worker 0] jepsen.util: 0	:invoke	:broadcast	42
2023-05-29 23:53:32,934{GMT}	INFO	[jepsen worker 0] jepsen.util: 0	:ok	:broadcast	42
2023-05-29 23:53:32,996{GMT}	INFO	[jepsen worker 0] jepsen.util: 0	:invoke	:broadcast	43
2023-05-29 23:53:32,998{GMT}	INFO	[jepsen worker 0] jepsen.util: 0	:ok	:broadcast	43
2023-05-29 23:53:33,163{GMT}	INFO	[jepsen worker 1] jepsen.util: 1	:invoke	:read	nil
2023-05-29 23:53:33,165{GMT}	INFO	[jepsen worker 1] jepsen.util: 1	:ok	:read	[0 1 2 4 6 7 8 8 9 11 12 13 13 14 16 17 18 19 21 22 23 24 24 25 26 27 28 29 30 31 32 32 33 34 34 35 37 38 39 40 41 41 42 43]
2023-05-29 23:53:33,333{GMT}	INFO	[jepsen worker 2] jepsen.util: 2	:invoke	:read	nil
2023-05-29 23:53:33,335{GMT}	INFO	[jepsen worker 2] jepsen.util: 2	:ok	:read	[0 1 1 2 4 4 6 7 8 9 9 11 12 13 14 14 16 17 18 19 21 22 23 24 25 25 26 27 28 29 29 30 31 32 33 34 35 35 37 38 39 40 41 42 43]
2023-05-29 23:53:33,472{GMT}	INFO	[jepsen worker 3] jepsen.util: 3	:invoke	:read	nil
2023-05-29 23:53:33,474{GMT}	INFO	[jepsen worker 3] jepsen.util: 3	:ok	:read	[3 5 10 15 20 36]
2023-05-29 23:53:33,478{GMT}	INFO	[jepsen worker 4] jepsen.util: 4	:invoke	:broadcast	44
2023-05-29 23:53:33,480{GMT}	INFO	[jepsen worker 4] jepsen.util: 4	:ok	:broadcast	44
2023-05-29 23:53:33,572{GMT}	INFO	[jepsen worker 0] jepsen.util: 0	:invoke	:read	nil
2023-05-29 23:53:33,574{GMT}	INFO	[jepsen worker 0] jepsen.util: 0	:ok	:read	[0 0 1 2 4 6 7 7 8 9 11 12 12 13 14 16 17 18 18 19 19 21 22 22 23 23 24 25 26 27 27 28 28 29 30 30 31 31 32 33 33 34 35 37 38 38 39 40 40 41 42 42 43 43 44]
2023-05-29 23:53:33,612{GMT}	INFO	[jepsen worker 0] jepsen.util: 0	:invoke	:read	nil
2023-05-29 23:53:33,614{GMT}	INFO	[jepsen worker 0] jepsen.util: 0	:ok	:read	[0 0 1 2 4 6 7 7 8 9 11 12 12 13 14 16 17 18 18 19 19 21 22 22 23 23 24 25 26 27 27 28 28 29 30 30 31 31 32 33 33 34 35 37 38 38 39 40 40 41 42 42 43 43 44]
2023-05-29 23:53:33,782{GMT}	INFO	[jepsen worker 1] jepsen.util: 1	:invoke	:broadcast	45
2023-05-29 23:53:33,784{GMT}	INFO	[jepsen worker 1] jepsen.util: 1	:ok	:broadcast	45
2023-05-29 23:53:33,838{GMT}	INFO	[jepsen worker 2] jepsen.util: 2	:invoke	:broadcast	46
2023-05-29 23:53:33,841{GMT}	INFO	[jepsen worker 2] jepsen.util: 2	:ok	:broadcast	46
2023-05-29 23:53:34,022{GMT}	INFO	[jepsen worker 3] jepsen.util: 3	:invoke	:read	nil
2023-05-29 23:53:34,024{GMT}	INFO	[jepsen worker 3] jepsen.util: 3	:ok	:read	[3 5 10 15 20 36]
2023-05-29 23:53:34,171{GMT}	INFO	[jepsen worker 4] jepsen.util: 4	:invoke	:read	nil
2023-05-29 23:53:34,173{GMT}	INFO	[jepsen worker 4] jepsen.util: 4	:ok	:read	[0 1 2 2 4 6 6 7 8 9 11 11 12 13 14 16 16 17 17 18 19 21 21 22 23 24 25 26 26 27 28 29 30 31 32 33 34 35 37 37 38 39 39 40 41 42 43 44 44 45 46]
2023-05-29 23:53:34,351{GMT}	INFO	[jepsen worker 0] jepsen.util: 0	:invoke	:broadcast	47
2023-05-29 23:53:34,353{GMT}	INFO	[jepsen worker 0] jepsen.util: 0	:ok	:broadcast	47
2023-05-29 23:53:34,391{GMT}	INFO	[jepsen worker 0] jepsen.util: 0	:invoke	:broadcast	48
2023-05-29 23:53:34,392{GMT}	INFO	[jepsen worker 0] jepsen.util: 0	:ok	:broadcast	48
2023-05-29 23:53:34,395{GMT}	INFO	[jepsen worker 1] jepsen.util: 1	:invoke	:read	nil
2023-05-29 23:53:34,396{GMT}	INFO	[jepsen worker 1] jepsen.util: 1	:ok	:read	[0 1 2 4 6 7 8 8 9 11 12 13 13 14 16 17 18 19 21 22 23 24 24 25 26 27 28 29 30 31 32 32 33 34 34 35 37 38 39 40 41 41 42 43 44 45 45 46 47 48]
2023-05-29 23:53:34,496{GMT}	INFO	[jepsen worker 2] jepsen.util: 2	:invoke	:broadcast	49
2023-05-29 23:53:34,498{GMT}	INFO	[jepsen worker 2] jepsen.util: 2	:ok	:broadcast	49
2023-05-29 23:53:34,532{GMT}	INFO	[jepsen worker 3] jepsen.util: 3	:invoke	:read	nil
2023-05-29 23:53:34,533{GMT}	INFO	[jepsen worker 3] jepsen.util: 3	:ok	:read	[3 5 10 15 20 36]
2023-05-29 23:53:34,540{GMT}	INFO	[jepsen worker 4] jepsen.util: 4	:invoke	:read	nil
2023-05-29 23:53:34,541{GMT}	INFO	[jepsen worker 4] jepsen.util: 4	:ok	:read	[0 1 2 2 4 6 6 7 8 9 11 11 12 13 14 16 16 17 17 18 19 21 21 22 23 24 25 26 26 27 28 29 30 31 32 33 34 35 37 37 38 39 39 40 41 42 43 44 44 45 46 47 48 49]
2023-05-29 23:53:34,713{GMT}	INFO	[jepsen worker 0] jepsen.util: 0	:invoke	:read	nil
2023-05-29 23:53:34,714{GMT}	INFO	[jepsen worker 0] jepsen.util: 0	:ok	:read	[0 0 1 2 4 6 7 7 8 9 11 12 12 13 14 16 17 18 18 19 19 21 22 22 23 23 24 25 26 27 27 28 28 29 30 30 31 31 32 33 33 34 35 37 38 38 39 40 40 41 42 42 43 43 44 45 46 47 47 48 48 49]
2023-05-29 23:53:34,823{GMT}	INFO	[jepsen worker 0] jepsen.util: 0	:invoke	:broadcast	50
2023-05-29 23:53:34,825{GMT}	INFO	[jepsen worker 0] jepsen.util: 0	:ok	:broadcast	50
2023-05-29 23:53:34,959{GMT}	INFO	[jepsen worker 1] jepsen.util: 1	:invoke	:read	nil
2023-05-29 23:53:34,960{GMT}	INFO	[jepsen worker 1] jepsen.util: 1	:ok	:read	[0 1 2 4 6 7 8 8 9 11 12 13 13 14 16 17 18 19 21 22 23 24 24 25 26 27 28 29 30 31 32 32 33 34 34 35 37 38 39 40 41 41 42 43 44 45 45 46 47 48 49 50]
2023-05-29 23:53:34,996{GMT}	INFO	[jepsen worker 2] jepsen.util: 2	:invoke	:broadcast	51
2023-05-29 23:53:34,997{GMT}	INFO	[jepsen worker 2] jepsen.util: 2	:ok	:broadcast	51
2023-05-29 23:53:35,113{GMT}	INFO	[jepsen worker 3] jepsen.util: 3	:invoke	:read	nil
2023-05-29 23:53:35,114{GMT}	INFO	[jepsen worker 3] jepsen.util: 3	:ok	:read	[3 5 10 15 20 36]
2023-05-29 23:53:35,171{GMT}	INFO	[jepsen worker 4] jepsen.util: 4	:invoke	:broadcast	52
2023-05-29 23:53:35,173{GMT}	INFO	[jepsen worker 4] jepsen.util: 4	:ok	:broadcast	52
2023-05-29 23:53:35,323{GMT}	INFO	[jepsen worker 0] jepsen.util: 0	:invoke	:read	nil
2023-05-29 23:53:35,325{GMT}	INFO	[jepsen worker 0] jepsen.util: 0	:ok	:read	[0 0 1 2 4 6 7 7 8 9 11 12 12 13 14 16 17 18 18 19 19 21 22 22 23 23 24 25 26 27 27 28 28 29 30 30 31 31 32 33 33 34 35 37 38 38 39 40 40 41 42 42 43 43 44 45 46 47 47 48 48 49 50 50 51 52]
2023-05-29 23:53:35,348{GMT}	INFO	[jepsen worker 0] jepsen.util: 0	:invoke	:broadcast	53
2023-05-29 23:53:35,350{GMT}	INFO	[jepsen worker 0] jepsen.util: 0	:ok	:broadcast	53
2023-05-29 23:53:35,543{GMT}	INFO	[jepsen worker 1] jepsen.util: 1	:invoke	:broadcast	54
2023-05-29 23:53:35,545{GMT}	INFO	[jepsen worker 1] jepsen.util: 1	:ok	:broadcast	54
2023-05-29 23:53:35,646{GMT}	INFO	[jepsen worker 2] jepsen.util: 2	:invoke	:broadcast	55
2023-05-29 23:53:35,648{GMT}	INFO	[jepsen worker 2] jepsen.util: 2	:ok	:broadcast	55
2023-05-29 23:53:35,674{GMT}	INFO	[jepsen worker 3] jepsen.util: 3	:invoke	:read	nil
2023-05-29 23:53:35,676{GMT}	INFO	[jepsen worker 3] jepsen.util: 3	:ok	:read	[3 5 10 15 20 36]
2023-05-29 23:53:35,819{GMT}	INFO	[jepsen worker 4] jepsen.util: 4	:invoke	:read	nil
2023-05-29 23:53:35,820{GMT}	INFO	[jepsen worker 4] jepsen.util: 4	:ok	:read	[0 1 2 2 4 6 6 7 8 9 11 11 12 13 14 16 16 17 17 18 19 21 21 22 23 24 25 26 26 27 28 29 30 31 32 33 34 35 37 37 38 39 39 40 41 42 43 44 44 45 46 47 48 49 50 51 52 52 53 54 55]
2023-05-29 23:53:36,001{GMT}	INFO	[jepsen worker 0] jepsen.util: 0	:invoke	:read	nil
2023-05-29 23:53:36,003{GMT}	INFO	[jepsen worker 0] jepsen.util: 0	:ok	:read	[0 0 1 2 4 6 7 7 8 9 11 12 12 13 14 16 17 18 18 19 19 21 22 22 23 23 24 25 26 27 27 28 28 29 30 30 31 31 32 33 33 34 35 37 38 38 39 40 40 41 42 42 43 43 44 45 46 47 47 48 48 49 50 50 51 52 53 53 54 55]
2023-05-29 23:53:36,024{GMT}	INFO	[jepsen worker 0] jepsen.util: 0	:invoke	:read	nil
2023-05-29 23:53:36,026{GMT}	INFO	[jepsen worker 0] jepsen.util: 0	:ok	:read	[0 0 1 2 4 6 7 7 8 9 11 12 12 13 14 16 17 18 18 19 19 21 22 22 23 23 24 25 26 27 27 28 28 29 30 30 31 31 32 33 33 34 35 37 38 38 39 40 40 41 42 42 43 43 44 45 46 47 47 48 48 49 50 50 51 52 53 53 54 55]
2023-05-29 23:53:36,070{GMT}	INFO	[jepsen worker 1] jepsen.util: 1	:invoke	:broadcast	56
2023-05-29 23:53:36,072{GMT}	INFO	[jepsen worker 1] jepsen.util: 1	:ok	:broadcast	56
2023-05-29 23:53:36,164{GMT}	INFO	[jepsen worker 2] jepsen.util: 2	:invoke	:read	nil
2023-05-29 23:53:36,166{GMT}	INFO	[jepsen worker 2] jepsen.util: 2	:ok	:read	[0 1 1 2 4 4 6 7 8 9 9 11 12 13 14 14 16 17 18 19 21 22 23 24 25 25 26 27 28 29 29 30 31 32 33 34 35 35 37 38 39 40 41 42 43 44 45 46 46 47 48 49 49 50 51 51 52 53 54 55 55 56]
2023-05-29 23:53:36,263{GMT}	INFO	[jepsen worker 3] jepsen.util: 3	:invoke	:broadcast	57
2023-05-29 23:53:36,264{GMT}	INFO	[jepsen worker 3] jepsen.util: 3	:ok	:broadcast	57
2023-05-29 23:53:36,459{GMT}	INFO	[jepsen worker 4] jepsen.util: 4	:invoke	:broadcast	58
2023-05-29 23:53:36,460{GMT}	INFO	[jepsen worker 4] jepsen.util: 4	:ok	:broadcast	58
2023-05-29 23:53:36,492{GMT}	INFO	[jepsen worker 0] jepsen.util: 0	:invoke	:read	nil
2023-05-29 23:53:36,494{GMT}	INFO	[jepsen worker 0] jepsen.util: 0	:ok	:read	[0 0 1 2 4 6 7 7 8 9 11 12 12 13 14 16 17 18 18 19 19 21 22 22 23 23 24 25 26 27 27 28 28 29 30 30 31 31 32 33 33 34 35 37 38 38 39 40 40 41 42 42 43 43 44 45 46 47 47 48 48 49 50 50 51 52 53 53 54 55 56 58]
2023-05-29 23:53:36,674{GMT}	INFO	[jepsen worker 0] jepsen.util: 0	:invoke	:broadcast	59
2023-05-29 23:53:36,676{GMT}	INFO	[jepsen worker 0] jepsen.util: 0	:ok	:broadcast	59
2023-05-29 23:53:36,839{GMT}	INFO	[jepsen worker 1] jepsen.util: 1	:invoke	:read	nil
2023-05-29 23:53:36,841{GMT}	INFO	[jepsen worker 1] jepsen.util: 1	:ok	:read	[0 1 2 4 6 7 8 8 9 11 12 13 13 14 16 17 18 19 21 22 23 24 24 25 26 27 28 29 30 31 32 32 33 34 34 35 37 38 39 40 41 41 42 43 44 45 45 46 47 48 49 50 51 52 53 54 54 55 56 56 58 59]
2023-05-29 23:53:37,032{GMT}	INFO	[jepsen worker 2] jepsen.util: 2	:invoke	:broadcast	60
2023-05-29 23:53:37,033{GMT}	INFO	[jepsen worker 2] jepsen.util: 2	:ok	:broadcast	60
2023-05-29 23:53:37,072{GMT}	INFO	[jepsen worker 3] jepsen.util: 3	:invoke	:broadcast	61
2023-05-29 23:53:37,075{GMT}	INFO	[jepsen worker 3] jepsen.util: 3	:ok	:broadcast	61
2023-05-29 23:53:37,098{GMT}	INFO	[jepsen worker 4] jepsen.util: 4	:invoke	:read	nil
2023-05-29 23:53:37,100{GMT}	INFO	[jepsen worker 4] jepsen.util: 4	:ok	:read	[0 1 2 2 4 6 6 7 8 9 11 11 12 13 14 16 16 17 17 18 19 21 21 22 23 24 25 26 26 27 28 29 30 31 32 33 34 35 37 37 38 39 39 40 41 42 43 44 44 45 46 47 48 49 50 51 52 52 53 54 55 56 58 58 59 60]
2023-05-29 23:53:37,115{GMT}	INFO	[jepsen worker 0] jepsen.util: 0	:invoke	:read	nil
2023-05-29 23:53:37,116{GMT}	INFO	[jepsen worker 0] jepsen.util: 0	:ok	:read	[0 0 1 2 4 6 7 7 8 9 11 12 12 13 14 16 17 18 18 19 19 21 22 22 23 23 24 25 26 27 27 28 28 29 30 30 31 31 32 33 33 34 35 37 38 38 39 40 40 41 42 42 43 43 44 45 46 47 47 48 48 49 50 50 51 52 53 53 54 55 56 58 59 59 60]
2023-05-29 23:53:37,204{GMT}	INFO	[jepsen worker 0] jepsen.util: 0	:invoke	:broadcast	62
2023-05-29 23:53:37,205{GMT}	INFO	[jepsen worker 0] jepsen.util: 0	:ok	:broadcast	62
2023-05-29 23:53:37,221{GMT}	INFO	[jepsen worker 1] jepsen.util: 1	:invoke	:broadcast	63
2023-05-29 23:53:37,225{GMT}	INFO	[jepsen worker 1] jepsen.util: 1	:ok	:broadcast	63
2023-05-29 23:53:37,409{GMT}	INFO	[jepsen worker 2] jepsen.util: 2	:invoke	:read	nil
2023-05-29 23:53:37,411{GMT}	INFO	[jepsen worker 2] jepsen.util: 2	:ok	:read	[0 1 1 2 4 4 6 7 8 9 9 11 12 13 14 14 16 17 18 19 21 22 23 24 25 25 26 27 28 29 29 30 31 32 33 34 35 35 37 38 39 40 41 42 43 44 45 46 46 47 48 49 49 50 51 51 52 53 54 55 55 56 58 59 60 60 62 63]
2023-05-29 23:53:37,454{GMT}	INFO	[jepsen worker 3] jepsen.util: 3	:invoke	:read	nil
2023-05-29 23:53:37,456{GMT}	INFO	[jepsen worker 3] jepsen.util: 3	:ok	:read	[3 5 10 15 20 36 57 61]
2023-05-29 23:53:37,467{GMT}	INFO	[jepsen worker 4] jepsen.util: 4	:invoke	:broadcast	64
2023-05-29 23:53:37,468{GMT}	INFO	[jepsen worker 4] jepsen.util: 4	:ok	:broadcast	64
2023-05-29 23:53:37,668{GMT}	INFO	[jepsen worker 0] jepsen.util: 0	:invoke	:read	nil
2023-05-29 23:53:37,670{GMT}	INFO	[jepsen worker 0] jepsen.util: 0	:ok	:read	[0 0 1 2 4 6 7 7 8 9 11 12 12 13 14 16 17 18 18 19 19 21 22 22 23 23 24 25 26 27 27 28 28 29 30 30 31 31 32 33 33 34 35 37 38 38 39 40 40 41 42 42 43 43 44 45 46 47 47 48 48 49 50 50 51 52 53 53 54 55 56 58 59 59 60 62 62 63 64]
2023-05-29 23:53:37,825{GMT}	INFO	[jepsen worker 0] jepsen.util: 0	:invoke	:broadcast	65
2023-05-29 23:53:37,827{GMT}	INFO	[jepsen worker 0] jepsen.util: 0	:ok	:broadcast	65
2023-05-29 23:53:37,957{GMT}	INFO	[jepsen worker 1] jepsen.util: 1	:invoke	:broadcast	66
2023-05-29 23:53:37,959{GMT}	INFO	[jepsen worker 1] jepsen.util: 1	:ok	:broadcast	66
2023-05-29 23:53:38,059{GMT}	INFO	[jepsen worker 2] jepsen.util: 2	:invoke	:read	nil
2023-05-29 23:53:38,060{GMT}	INFO	[jepsen worker 2] jepsen.util: 2	:ok	:read	[0 1 1 2 4 4 6 7 8 9 9 11 12 13 14 14 16 17 18 19 21 22 23 24 25 25 26 27 28 29 29 30 31 32 33 34 35 35 37 38 39 40 41 42 43 44 45 46 46 47 48 49 49 50 51 51 52 53 54 55 55 56 58 59 60 60 62 63 64 65 66]
2023-05-29 23:53:38,212{GMT}	INFO	[jepsen worker 3] jepsen.util: 3	:invoke	:broadcast	67
2023-05-29 23:53:38,214{GMT}	INFO	[jepsen worker 3] jepsen.util: 3	:ok	:broadcast	67
2023-05-29 23:53:38,396{GMT}	INFO	[jepsen worker 4] jepsen.util: 4	:invoke	:broadcast	68
2023-05-29 23:53:38,398{GMT}	INFO	[jepsen worker 4] jepsen.util: 4	:ok	:broadcast	68
2023-05-29 23:53:38,464{GMT}	INFO	[jepsen worker 0] jepsen.util: 0	:invoke	:broadcast	69
2023-05-29 23:53:38,465{GMT}	INFO	[jepsen worker 0] jepsen.util: 0	:ok	:broadcast	69
2023-05-29 23:53:38,621{GMT}	INFO	[jepsen worker 0] jepsen.util: 0	:invoke	:read	nil
2023-05-29 23:53:38,622{GMT}	INFO	[jepsen worker 0] jepsen.util: 0	:ok	:read	[0 0 1 2 4 6 7 7 8 9 11 12 12 13 14 16 17 18 18 19 19 21 22 22 23 23 24 25 26 27 27 28 28 29 30 30 31 31 32 33 33 34 35 37 38 38 39 40 40 41 42 42 43 43 44 45 46 47 47 48 48 49 50 50 51 52 53 53 54 55 56 58 59 59 60 62 62 63 64 65 65 66 68 69 69]
2023-05-29 23:53:38,632{GMT}	INFO	[jepsen worker 1] jepsen.util: 1	:invoke	:read	nil
2023-05-29 23:53:38,634{GMT}	INFO	[jepsen worker 1] jepsen.util: 1	:ok	:read	[0 1 2 4 6 7 8 8 9 11 12 13 13 14 16 17 18 19 21 22 23 24 24 25 26 27 28 29 30 31 32 32 33 34 34 35 37 38 39 40 41 41 42 43 44 45 45 46 47 48 49 50 51 52 53 54 54 55 56 56 58 59 60 62 63 63 64 65 66 66 68 69]
2023-05-29 23:53:38,656{GMT}	INFO	[jepsen worker 2] jepsen.util: 2	:invoke	:broadcast	70
2023-05-29 23:53:38,659{GMT}	INFO	[jepsen worker 2] jepsen.util: 2	:ok	:broadcast	70
2023-05-29 23:53:38,846{GMT}	INFO	[jepsen worker 3] jepsen.util: 3	:invoke	:read	nil
2023-05-29 23:53:38,848{GMT}	INFO	[jepsen worker 3] jepsen.util: 3	:ok	:read	[3 5 10 15 20 36 57 61 67]
2023-05-29 23:53:38,952{GMT}	INFO	[jepsen worker 4] jepsen.util: 4	:invoke	:read	nil
2023-05-29 23:53:38,953{GMT}	INFO	[jepsen worker 4] jepsen.util: 4	:ok	:read	[0 1 2 2 4 6 6 7 8 9 11 11 12 13 14 16 16 17 17 18 19 21 21 22 23 24 25 26 26 27 28 29 30 31 32 33 34 35 37 37 38 39 39 40 41 42 43 44 44 45 46 47 48 49 50 51 52 52 53 54 55 56 58 58 59 60 62 63 64 64 65 66 68 68 69 70]
2023-05-29 23:53:39,009{GMT}	INFO	[jepsen worker 0] jepsen.util: 0	:invoke	:read	nil
2023-05-29 23:53:39,010{GMT}	INFO	[jepsen worker 0] jepsen.util: 0	:ok	:read	[0 0 1 2 4 6 7 7 8 9 11 12 12 13 14 16 17 18 18 19 19 21 22 22 23 23 24 25 26 27 27 28 28 29 30 30 31 31 32 33 33 34 35 37 38 38 39 40 40 41 42 42 43 43 44 45 46 47 47 48 48 49 50 50 51 52 53 53 54 55 56 58 59 59 60 62 62 63 64 65 65 66 68 69 69 70]
2023-05-29 23:53:39,132{GMT}	INFO	[jepsen worker 0] jepsen.util: 0	:invoke	:read	nil
2023-05-29 23:53:39,133{GMT}	INFO	[jepsen worker 0] jepsen.util: 0	:ok	:read	[0 0 1 2 4 6 7 7 8 9 11 12 12 13 14 16 17 18 18 19 19 21 22 22 23 23 24 25 26 27 27 28 28 29 30 30 31 31 32 33 33 34 35 37 38 38 39 40 40 41 42 42 43 43 44 45 46 47 47 48 48 49 50 50 51 52 53 53 54 55 56 58 59 59 60 62 62 63 64 65 65 66 68 69 69 70]
2023-05-29 23:53:39,173{GMT}	INFO	[jepsen worker 1] jepsen.util: 1	:invoke	:broadcast	71
2023-05-29 23:53:39,175{GMT}	INFO	[jepsen worker 1] jepsen.util: 1	:ok	:broadcast	71
2023-05-29 23:53:39,222{GMT}	INFO	[jepsen worker 2] jepsen.util: 2	:invoke	:broadcast	72
2023-05-29 23:53:39,223{GMT}	INFO	[jepsen worker 2] jepsen.util: 2	:ok	:broadcast	72
2023-05-29 23:53:39,273{GMT}	INFO	[jepsen worker 3] jepsen.util: 3	:invoke	:broadcast	73
2023-05-29 23:53:39,275{GMT}	INFO	[jepsen worker 3] jepsen.util: 3	:ok	:broadcast	73
2023-05-29 23:53:39,409{GMT}	INFO	[jepsen worker 4] jepsen.util: 4	:invoke	:read	nil
2023-05-29 23:53:39,410{GMT}	INFO	[jepsen worker 4] jepsen.util: 4	:ok	:read	[0 1 2 2 4 6 6 7 8 9 11 11 12 13 14 16 16 17 17 18 19 21 21 22 23 24 25 26 26 27 28 29 30 31 32 33 34 35 37 37 38 39 39 40 41 42 43 44 44 45 46 47 48 49 50 51 52 52 53 54 55 56 58 58 59 60 62 63 64 64 65 66 68 68 69 70 71 72]
2023-05-29 23:53:39,547{GMT}	INFO	[jepsen worker 0] jepsen.util: 0	:invoke	:read	nil
2023-05-29 23:53:39,548{GMT}	INFO	[jepsen worker 0] jepsen.util: 0	:ok	:read	[0 0 1 2 4 6 7 7 8 9 11 12 12 13 14 16 17 18 18 19 19 21 22 22 23 23 24 25 26 27 27 28 28 29 30 30 31 31 32 33 33 34 35 37 38 38 39 40 40 41 42 42 43 43 44 45 46 47 47 48 48 49 50 50 51 52 53 53 54 55 56 58 59 59 60 62 62 63 64 65 65 66 68 69 69 70 71 72]
2023-05-29 23:53:39,550{GMT}	INFO	[jepsen worker 0] jepsen.util: 0	:invoke	:broadcast	74
2023-05-29 23:53:39,552{GMT}	INFO	[jepsen worker 0] jepsen.util: 0	:ok	:broadcast	74
2023-05-29 23:53:39,663{GMT}	INFO	[jepsen worker 1] jepsen.util: 1	:invoke	:read	nil
2023-05-29 23:53:39,665{GMT}	INFO	[jepsen worker 1] jepsen.util: 1	:ok	:read	[0 1 2 4 6 7 8 8 9 11 12 13 13 14 16 17 18 19 21 22 23 24 24 25 26 27 28 29 30 31 32 32 33 34 34 35 37 38 39 40 41 41 42 43 44 45 45 46 47 48 49 50 51 52 53 54 54 55 56 56 58 59 60 62 63 63 64 65 66 66 68 69 70 71 71 72 74]
2023-05-29 23:53:39,827{GMT}	INFO	[jepsen worker 2] jepsen.util: 2	:invoke	:read	nil
2023-05-29 23:53:39,828{GMT}	INFO	[jepsen worker 2] jepsen.util: 2	:ok	:read	[0 1 1 2 4 4 6 7 8 9 9 11 12 13 14 14 16 17 18 19 21 22 23 24 25 25 26 27 28 29 29 30 31 32 33 34 35 35 37 38 39 40 41 42 43 44 45 46 46 47 48 49 49 50 51 51 52 53 54 55 55 56 58 59 60 60 62 63 64 65 66 68 69 70 70 71 72 72 74]
2023-05-29 23:53:39,907{GMT}	INFO	[jepsen worker 3] jepsen.util: 3	:invoke	:broadcast	75
2023-05-29 23:53:39,909{GMT}	INFO	[jepsen worker 3] jepsen.util: 3	:ok	:broadcast	75
2023-05-29 23:53:40,047{GMT}	INFO	[jepsen worker 4] jepsen.util: 4	:invoke	:broadcast	76
2023-05-29 23:53:40,048{GMT}	INFO	[jepsen worker 4] jepsen.util: 4	:ok	:broadcast	76
2023-05-29 23:53:40,102{GMT}	INFO	[jepsen worker 0] jepsen.util: 0	:invoke	:read	nil
2023-05-29 23:53:40,104{GMT}	INFO	[jepsen worker 0] jepsen.util: 0	:ok	:read	[0 0 1 2 4 6 7 7 8 9 11 12 12 13 14 16 17 18 18 19 19 21 22 22 23 23 24 25 26 27 27 28 28 29 30 30 31 31 32 33 33 34 35 37 38 38 39 40 40 41 42 42 43 43 44 45 46 47 47 48 48 49 50 50 51 52 53 53 54 55 56 58 59 59 60 62 62 63 64 65 65 66 68 69 69 70 71 72 74 74 76]
2023-05-29 23:53:40,131{GMT}	INFO	[jepsen worker 0] jepsen.util: 0	:invoke	:broadcast	77
2023-05-29 23:53:40,133{GMT}	INFO	[jepsen worker 0] jepsen.util: 0	:ok	:broadcast	77
2023-05-29 23:53:40,259{GMT}	INFO	[jepsen worker nemesis] jepsen.util: :nemesis	:info	:stop-partition	nil
2023-05-29 23:53:40,259{GMT}	INFO	[jepsen worker nemesis] jepsen.util: :nemesis	:info	:stop-partition	:network-healed
2023-05-29 23:53:40,294{GMT}	INFO	[jepsen worker 2] jepsen.util: 2	:invoke	:read	nil
2023-05-29 23:53:40,295{GMT}	INFO	[jepsen worker 2] jepsen.util: 2	:ok	:read	[0 1 1 2 4 4 6 7 8 9 9 11 12 13 14 14 16 17 18 19 21 22 23 24 25 25 26 27 28 29 29 30 31 32 33 34 35 35 37 38 39 40 41 42 43 44 45 46 46 47 48 49 49 50 51 51 52 53 54 55 55 56 58 59 60 60 62 63 64 65 66 68 69 70 70 71 72 72 74 76 77]
2023-05-29 23:53:40,409{GMT}	INFO	[jepsen worker 3] jepsen.util: 3	:invoke	:broadcast	78
2023-05-29 23:53:40,411{GMT}	INFO	[jepsen worker 3] jepsen.util: 3	:ok	:broadcast	78
2023-05-29 23:53:40,433{GMT}	INFO	[jepsen worker 4] jepsen.util: 4	:invoke	:broadcast	79
2023-05-29 23:53:40,434{GMT}	INFO	[jepsen worker 4] jepsen.util: 4	:ok	:broadcast	79
2023-05-29 23:53:40,527{GMT}	INFO	[jepsen worker 0] jepsen.util: 0	:invoke	:broadcast	80
2023-05-29 23:53:40,529{GMT}	INFO	[jepsen worker 0] jepsen.util: 0	:ok	:broadcast	80
2023-05-29 23:53:40,606{GMT}	INFO	[jepsen worker 0] jepsen.util: 0	:invoke	:read	nil
2023-05-29 23:53:40,608{GMT}	INFO	[jepsen worker 0] jepsen.util: 0	:ok	:read	[0 0 1 2 4 6 7 7 8 9 11 12 12 13 14 16 17 18 18 19 19 21 22 22 23 23 24 25 26 27 27 28 28 29 30 30 31 31 32 33 33 34 35 37 38 38 39 40 40 41 42 42 43 43 44 45 46 47 47 48 48 49 50 50 51 52 53 53 54 55 56 58 59 59 60 62 62 63 64 65 65 66 68 69 69 70 71 72 74 74 76 77 77 78 79 80 80]
2023-05-29 23:53:40,731{GMT}	INFO	[jepsen worker 1] jepsen.util: 1	:invoke	:read	nil
2023-05-29 23:53:40,733{GMT}	INFO	[jepsen worker 1] jepsen.util: 1	:ok	:read	[0 1 2 4 6 7 8 8 9 11 12 13 13 14 16 17 18 19 21 22 23 24 24 25 26 27 28 29 30 31 32 32 33 34 34 35 37 38 39 40 41 41 42 43 44 45 45 46 47 48 49 50 51 52 53 54 54 55 56 56 58 59 60 62 63 63 64 65 66 66 68 69 70 71 71 72 74 76 77 78 79 80]
2023-05-29 23:53:40,839{GMT}	INFO	[jepsen worker 2] jepsen.util: 2	:invoke	:read	nil
2023-05-29 23:53:40,840{GMT}	INFO	[jepsen worker 2] jepsen.util: 2	:ok	:read	[0 1 1 2 4 4 6 7 8 9 9 11 12 13 14 14 16 17 18 19 21 22 23 24 25 25 26 27 28 29 29 30 31 32 33 34 35 35 37 38 39 40 41 42 43 44 45 46 46 47 48 49 49 50 51 51 52 53 54 55 55 56 58 59 60 60 62 63 64 65 66 68 69 70 70 71 72 72 74 76 77 78 79 80]
2023-05-29 23:53:40,924{GMT}	INFO	[jepsen worker 3] jepsen.util: 3	:invoke	:broadcast	81
2023-05-29 23:53:40,925{GMT}	INFO	[jepsen worker 3] jepsen.util: 3	:ok	:broadcast	81
2023-05-29 23:53:41,087{GMT}	INFO	[jepsen worker 4] jepsen.util: 4	:invoke	:read	nil
2023-05-29 23:53:41,088{GMT}	INFO	[jepsen worker 4] jepsen.util: 4	:ok	:read	[0 1 2 2 4 6 6 7 8 9 11 11 12 13 14 16 16 17 17 18 19 21 21 22 23 24 25 26 26 27 28 29 30 31 32 33 34 35 37 37 38 39 39 40 41 42 43 44 44 45 46 47 48 49 50 51 52 52 53 54 55 56 58 58 59 60 62 63 64 64 65 66 68 68 69 70 71 72 74 76 76 77 78 79 79 80 81]
2023-05-29 23:53:41,187{GMT}	INFO	[jepsen worker 0] jepsen.util: 0	:invoke	:broadcast	82
2023-05-29 23:53:41,189{GMT}	INFO	[jepsen worker 0] jepsen.util: 0	:ok	:broadcast	82
2023-05-29 23:53:41,213{GMT}	INFO	[jepsen worker 0] jepsen.util: 0	:invoke	:read	nil
2023-05-29 23:53:41,215{GMT}	INFO	[jepsen worker 0] jepsen.util: 0	:ok	:read	[0 0 1 2 4 6 7 7 8 9 11 12 12 13 14 16 17 18 18 19 19 21 22 22 23 23 24 25 26 27 27 28 28 29 30 30 31 31 32 33 33 34 35 37 38 38 39 40 40 41 42 42 43 43 44 45 46 47 47 48 48 49 50 50 51 52 53 53 54 55 56 58 59 59 60 62 62 63 64 65 65 66 68 69 69 70 71 72 74 74 76 77 77 78 79 80 80 81 82 82]
2023-05-29 23:53:41,272{GMT}	INFO	[jepsen worker 1] jepsen.util: 1	:invoke	:broadcast	83
2023-05-29 23:53:41,274{GMT}	INFO	[jepsen worker 1] jepsen.util: 1	:ok	:broadcast	83
2023-05-29 23:53:41,339{GMT}	INFO	[jepsen worker 2] jepsen.util: 2	:invoke	:broadcast	84
2023-05-29 23:53:41,340{GMT}	INFO	[jepsen worker 2] jepsen.util: 2	:ok	:broadcast	84
2023-05-29 23:53:41,540{GMT}	INFO	[jepsen worker 3] jepsen.util: 3	:invoke	:broadcast	85
2023-05-29 23:53:41,542{GMT}	INFO	[jepsen worker 3] jepsen.util: 3	:ok	:broadcast	85
2023-05-29 23:53:41,590{GMT}	INFO	[jepsen worker 4] jepsen.util: 4	:invoke	:broadcast	86
2023-05-29 23:53:41,592{GMT}	INFO	[jepsen worker 4] jepsen.util: 4	:ok	:broadcast	86
2023-05-29 23:53:41,629{GMT}	INFO	[jepsen worker 0] jepsen.util: 0	:invoke	:broadcast	87
2023-05-29 23:53:41,631{GMT}	INFO	[jepsen worker 0] jepsen.util: 0	:ok	:broadcast	87
2023-05-29 23:53:41,802{GMT}	INFO	[jepsen worker 0] jepsen.util: 0	:invoke	:broadcast	88
2023-05-29 23:53:41,803{GMT}	INFO	[jepsen worker 0] jepsen.util: 0	:ok	:broadcast	88
2023-05-29 23:53:41,897{GMT}	INFO	[jepsen worker 1] jepsen.util: 1	:invoke	:broadcast	89
2023-05-29 23:53:41,898{GMT}	INFO	[jepsen worker 1] jepsen.util: 1	:ok	:broadcast	89
2023-05-29 23:53:42,038{GMT}	INFO	[jepsen worker 2] jepsen.util: 2	:invoke	:read	nil
2023-05-29 23:53:42,040{GMT}	INFO	[jepsen worker 2] jepsen.util: 2	:ok	:read	[0 1 1 2 4 4 6 7 8 9 9 11 12 13 14 14 16 17 18 19 21 22 23 24 25 25 26 27 28 29 29 30 31 32 33 34 35 35 37 38 39 40 41 42 43 44 45 46 46 47 48 49 49 50 51 51 52 53 54 55 55 56 58 59 60 60 62 63 64 65 66 68 69 70 70 71 72 72 74 76 77 78 79 80 81 82 83 84 84 85 86 87 88 89]
2023-05-29 23:53:42,078{GMT}	INFO	[jepsen worker 3] jepsen.util: 3	:invoke	:broadcast	90
2023-05-29 23:53:42,080{GMT}	INFO	[jepsen worker 3] jepsen.util: 3	:ok	:broadcast	90
2023-05-29 23:53:42,123{GMT}	INFO	[jepsen worker 4] jepsen.util: 4	:invoke	:read	nil
2023-05-29 23:53:42,125{GMT}	INFO	[jepsen worker 4] jepsen.util: 4	:ok	:read	[0 1 2 2 4 6 6 7 8 9 11 11 12 13 14 16 16 17 17 18 19 21 21 22 23 24 25 26 26 27 28 29 30 31 32 33 34 35 37 37 38 39 39 40 41 42 43 44 44 45 46 47 48 49 50 51 52 52 53 54 55 56 58 58 59 60 62 63 64 64 65 66 68 68 69 70 71 72 74 76 76 77 78 79 79 80 81 82 83 84 85 86 86 87 88 89 90]
2023-05-29 23:53:42,296{GMT}	INFO	[jepsen worker 0] jepsen.util: 0	:invoke	:read	nil
2023-05-29 23:53:42,298{GMT}	INFO	[jepsen worker 0] jepsen.util: 0	:ok	:read	[0 0 1 2 4 6 7 7 8 9 11 12 12 13 14 16 17 18 18 19 19 21 22 22 23 23 24 25 26 27 27 28 28 29 30 30 31 31 32 33 33 34 35 37 38 38 39 40 40 41 42 42 43 43 44 45 46 47 47 48 48 49 50 50 51 52 53 53 54 55 56 58 59 59 60 62 62 63 64 65 65 66 68 69 69 70 71 72 74 74 76 77 77 78 79 80 80 81 82 82 83 84 85 86 87 87 88 88 89 90]
2023-05-29 23:53:42,354{GMT}	INFO	[jepsen worker 0] jepsen.util: 0	:invoke	:read	nil
2023-05-29 23:53:42,356{GMT}	INFO	[jepsen worker 0] jepsen.util: 0	:ok	:read	[0 0 1 2 4 6 7 7 8 9 11 12 12 13 14 16 17 18 18 19 19 21 22 22 23 23 24 25 26 27 27 28 28 29 30 30 31 31 32 33 33 34 35 37 38 38 39 40 40 41 42 42 43 43 44 45 46 47 47 48 48 49 50 50 51 52 53 53 54 55 56 58 59 59 60 62 62 63 64 65 65 66 68 69 69 70 71 72 74 74 76 77 77 78 79 80 80 81 82 82 83 84 85 86 87 87 88 88 89 90]
2023-05-29 23:53:42,396{GMT}	INFO	[jepsen worker 1] jepsen.util: 1	:invoke	:broadcast	91
2023-05-29 23:53:42,398{GMT}	INFO	[jepsen worker 1] jepsen.util: 1	:ok	:broadcast	91
2023-05-29 23:53:42,496{GMT}	INFO	[jepsen worker 2] jepsen.util: 2	:invoke	:broadcast	92
2023-05-29 23:53:42,497{GMT}	INFO	[jepsen worker 2] jepsen.util: 2	:ok	:broadcast	92
2023-05-29 23:53:42,582{GMT}	INFO	[jepsen worker 3] jepsen.util: 3	:invoke	:read	nil
2023-05-29 23:53:42,583{GMT}	INFO	[jepsen worker 3] jepsen.util: 3	:ok	:read	[3 5 10 15 20 36 57 61 67 73 75 78 78 79 80 81 81 82 83 84 85 85 86 87 88 89 90 90 91 92]
2023-05-29 23:53:42,732{GMT}	INFO	[jepsen worker 4] jepsen.util: 4	:invoke	:read	nil
2023-05-29 23:53:42,733{GMT}	INFO	[jepsen worker 4] jepsen.util: 4	:ok	:read	[0 1 2 2 4 6 6 7 8 9 11 11 12 13 14 16 16 17 17 18 19 21 21 22 23 24 25 26 26 27 28 29 30 31 32 33 34 35 37 37 38 39 39 40 41 42 43 44 44 45 46 47 48 49 50 51 52 52 53 54 55 56 58 58 59 60 62 63 64 64 65 66 68 68 69 70 71 72 74 76 76 77 78 79 79 80 81 82 83 84 85 86 86 87 88 89 90 91 92]
2023-05-29 23:53:42,781{GMT}	INFO	[jepsen worker 0] jepsen.util: 0	:invoke	:broadcast	93
2023-05-29 23:53:42,783{GMT}	INFO	[jepsen worker 0] jepsen.util: 0	:ok	:broadcast	93
2023-05-29 23:53:42,821{GMT}	INFO	[jepsen worker 0] jepsen.util: 0	:invoke	:read	nil
2023-05-29 23:53:42,823{GMT}	INFO	[jepsen worker 0] jepsen.util: 0	:ok	:read	[0 0 1 2 4 6 7 7 8 9 11 12 12 13 14 16 17 18 18 19 19 21 22 22 23 23 24 25 26 27 27 28 28 29 30 30 31 31 32 33 33 34 35 37 38 38 39 40 40 41 42 42 43 43 44 45 46 47 47 48 48 49 50 50 51 52 53 53 54 55 56 58 59 59 60 62 62 63 64 65 65 66 68 69 69 70 71 72 74 74 76 77 77 78 79 80 80 81 82 82 83 84 85 86 87 87 88 88 89 90 91 92 93 93]
2023-05-29 23:53:42,866{GMT}	INFO	[jepsen worker 1] jepsen.util: 1	:invoke	:read	nil
2023-05-29 23:53:42,868{GMT}	INFO	[jepsen worker 1] jepsen.util: 1	:ok	:read	[0 1 2 4 6 7 8 8 9 11 12 13 13 14 16 17 18 19 21 22 23 24 24 25 26 27 28 29 30 31 32 32 33 34 34 35 37 38 39 40 41 41 42 43 44 45 45 46 47 48 49 50 51 52 53 54 54 55 56 56 58 59 60 62 63 63 64 65 66 66 68 69 70 71 71 72 74 76 77 78 79 80 81 82 83 83 84 85 86 87 88 89 89 90 91 91 92 93]
2023-05-29 23:53:42,922{GMT}	INFO	[jepsen worker 2] jepsen.util: 2	:invoke	:broadcast	94
2023-05-29 23:53:42,924{GMT}	INFO	[jepsen worker 2] jepsen.util: 2	:ok	:broadcast	94
2023-05-29 23:53:43,076{GMT}	INFO	[jepsen worker 3] jepsen.util: 3	:invoke	:broadcast	95
2023-05-29 23:53:43,078{GMT}	INFO	[jepsen worker 3] jepsen.util: 3	:ok	:broadcast	95
2023-05-29 23:53:43,164{GMT}	INFO	[jepsen worker 4] jepsen.util: 4	:invoke	:broadcast	96
2023-05-29 23:53:43,166{GMT}	INFO	[jepsen worker 4] jepsen.util: 4	:ok	:broadcast	96
2023-05-29 23:53:43,343{GMT}	INFO	[jepsen worker 0] jepsen.util: 0	:invoke	:read	nil
2023-05-29 23:53:43,344{GMT}	INFO	[jepsen worker 0] jepsen.util: 0	:ok	:read	[0 0 1 2 4 6 7 7 8 9 11 12 12 13 14 16 17 18 18 19 19 21 22 22 23 23 24 25 26 27 27 28 28 29 30 30 31 31 32 33 33 34 35 37 38 38 39 40 40 41 42 42 43 43 44 45 46 47 47 48 48 49 50 50 51 52 53 53 54 55 56 58 59 59 60 62 62 63 64 65 65 66 68 69 69 70 71 72 74 74 76 77 77 78 79 80 80 81 82 82 83 84 85 86 87 87 88 88 89 90 91 92 93 93 94 95 96]
2023-05-29 23:53:43,426{GMT}	INFO	[jepsen worker 0] jepsen.util: 0	:invoke	:broadcast	97
2023-05-29 23:53:43,427{GMT}	INFO	[jepsen worker 0] jepsen.util: 0	:ok	:broadcast	97
2023-05-29 23:53:43,481{GMT}	INFO	[jepsen worker 1] jepsen.util: 1	:invoke	:read	nil
2023-05-29 23:53:43,483{GMT}	INFO	[jepsen worker 1] jepsen.util: 1	:ok	:read	[0 1 2 4 6 7 8 8 9 11 12 13 13 14 16 17 18 19 21 22 23 24 24 25 26 27 28 29 30 31 32 32 33 34 34 35 37 38 39 40 41 41 42 43 44 45 45 46 47 48 49 50 51 52 53 54 54 55 56 56 58 59 60 62 63 63 64 65 66 66 68 69 70 71 71 72 74 76 77 78 79 80 81 82 83 83 84 85 86 87 88 89 89 90 91 91 92 93 94 95 96 97]
2023-05-29 23:53:43,615{GMT}	INFO	[jepsen worker 2] jepsen.util: 2	:invoke	:broadcast	98
2023-05-29 23:53:43,617{GMT}	INFO	[jepsen worker 2] jepsen.util: 2	:ok	:broadcast	98
2023-05-29 23:53:43,639{GMT}	INFO	[jepsen worker nemesis] jepsen.util: :nemesis	:info	:start-partition	:majority
2023-05-29 23:53:43,647{GMT}	INFO	[jepsen worker nemesis] jepsen.util: :nemesis	:info	:start-partition	[:isolated {"n1" #{"n2" "n4" "n3"}, "n0" #{"n2" "n4" "n3"}, "n2" #{"n1" "n0"}, "n4" #{"n1" "n0"}, "n3" #{"n1" "n0"}}]
2023-05-29 23:53:43,696{GMT}	INFO	[jepsen worker 4] jepsen.util: 4	:invoke	:broadcast	99
2023-05-29 23:53:43,698{GMT}	INFO	[jepsen worker 4] jepsen.util: 4	:ok	:broadcast	99
2023-05-29 23:53:43,897{GMT}	INFO	[jepsen worker 0] jepsen.util: 0	:invoke	:read	nil
2023-05-29 23:53:43,898{GMT}	INFO	[jepsen worker 0] jepsen.util: 0	:ok	:read	[0 0 1 2 4 6 7 7 8 9 11 12 12 13 14 16 17 18 18 19 19 21 22 22 23 23 24 25 26 27 27 28 28 29 30 30 31 31 32 33 33 34 35 37 38 38 39 40 40 41 42 42 43 43 44 45 46 47 47 48 48 49 50 50 51 52 53 53 54 55 56 58 59 59 60 62 62 63 64 65 65 66 68 69 69 70 71 72 74 74 76 77 77 78 79 80 80 81 82 82 83 84 85 86 87 87 88 88 89 90 91 92 93 93 94 95 96 97 97 98]
2023-05-29 23:53:43,946{GMT}	INFO	[jepsen worker 0] jepsen.util: 0	:invoke	:broadcast	100
2023-05-29 23:53:43,947{GMT}	INFO	[jepsen worker 0] jepsen.util: 0	:ok	:broadcast	100
2023-05-29 23:53:43,948{GMT}	INFO	[jepsen worker nemesis] jepsen.util: :nemesis	:info	:stop-partition	nil
2023-05-29 23:53:43,948{GMT}	INFO	[jepsen worker nemesis] jepsen.util: :nemesis	:info	:stop-partition	:network-healed
2023-05-29 23:53:43,949{GMT}	INFO	[jepsen worker 2] jepsen.generator.interpreter: Waiting for recovery...
2023-05-29 23:53:53,958{GMT}	INFO	[jepsen worker 4] jepsen.util: 4	:invoke	:read	nil
2023-05-29 23:53:53,958{GMT}	INFO	[jepsen worker 2] jepsen.util: 2	:invoke	:read	nil
2023-05-29 23:53:53,958{GMT}	INFO	[jepsen worker 3] jepsen.util: 3	:invoke	:read	nil
2023-05-29 23:53:53,958{GMT}	INFO	[jepsen worker 1] jepsen.util: 1	:invoke	:read	nil
2023-05-29 23:53:53,959{GMT}	INFO	[jepsen worker 0] jepsen.util: 0	:invoke	:read	nil
2023-05-29 23:53:53,960{GMT}	INFO	[jepsen worker 4] jepsen.util: 4	:ok	:read	[0 1 2 2 4 6 6 7 8 9 11 11 12 13 14 16 16 17 17 18 19 21 21 22 23 24 25 26 26 27 28 29 30 31 32 33 34 35 37 37 38 39 39 40 41 42 43 44 44 45 46 47 48 49 50 51 52 52 53 54 55 56 58 58 59 60 62 63 64 64 65 66 68 68 69 70 71 72 74 76 76 77 78 79 79 80 81 82 83 84 85 86 86 87 88 89 90 91 92 93 94 95 96 96 97 98 99 99 100]
2023-05-29 23:53:53,961{GMT}	INFO	[jepsen worker 2] jepsen.util: 2	:ok	:read	[0 1 1 2 4 4 6 7 8 9 9 11 12 13 14 14 16 17 18 19 21 22 23 24 25 25 26 27 28 29 29 30 31 32 33 34 35 35 37 38 39 40 41 42 43 44 45 46 46 47 48 49 49 50 51 51 52 53 54 55 55 56 58 59 60 60 62 63 64 65 66 68 69 70 70 71 72 72 74 76 77 78 79 80 81 82 83 84 84 85 86 87 88 89 90 91 92 92 93 94 94 95 96 97 98 98]
2023-05-29 23:53:53,961{GMT}	INFO	[jepsen worker 3] jepsen.util: 3	:ok	:read	[3 5 10 15 20 36 57 61 67 73 75 78 78 79 80 81 81 82 83 84 85 85 86 87 88 89 90 90 91 92 93 94 95 95 96 97 98 99 100]
2023-05-29 23:53:53,962{GMT}	INFO	[jepsen worker 0] jepsen.util: 0	:ok	:read	[0 0 1 2 4 6 7 7 8 9 11 12 12 13 14 16 17 18 18 19 19 21 22 22 23 23 24 25 26 27 27 28 28 29 30 30 31 31 32 33 33 34 35 37 38 38 39 40 40 41 42 42 43 43 44 45 46 47 47 48 48 49 50 50 51 52 53 53 54 55 56 58 59 59 60 62 62 63 64 65 65 66 68 69 69 70 71 72 74 74 76 77 77 78 79 80 80 81 82 82 83 84 85 86 87 87 88 88 89 90 91 92 93 93 94 95 96 97 97 98 100 100]
2023-05-29 23:53:53,962{GMT}	INFO	[jepsen worker 1] jepsen.util: 1	:ok	:read	[0 1 2 4 6 7 8 8 9 11 12 13 13 14 16 17 18 19 21 22 23 24 24 25 26 27 28 29 30 31 32 32 33 34 34 35 37 38 39 40 41 41 42 43 44 45 45 46 47 48 49 50 51 52 53 54 54 55 56 56 58 59 60 62 63 63 64 65 66 66 68 69 70 71 71 72 74 76 77 78 79 80 81 82 83 83 84 85 86 87 88 89 89 90 91 91 92 93 94 95 96 97 98 100]
2023-05-29 23:53:53,989{GMT}	INFO	[jepsen test runner] jepsen.core: Run complete, writing
2023-05-29 23:53:54,069{GMT}	INFO	[jepsen node n1] maelstrom.db: Tearing down n1
2023-05-29 23:53:54,069{GMT}	INFO	[jepsen node n2] maelstrom.db: Tearing down n2
2023-05-29 23:53:54,069{GMT}	INFO	[jepsen node n3] maelstrom.db: Tearing down n3
2023-05-29 23:53:54,069{GMT}	INFO	[jepsen node n0] maelstrom.db: Tearing down n0
2023-05-29 23:53:54,069{GMT}	INFO	[jepsen node n4] maelstrom.db: Tearing down n4
2023-05-29 23:53:55,824{GMT}	INFO	[jepsen node n0] maelstrom.net: Shutting down Maelstrom network
2023-05-29 23:53:55,829{GMT}	INFO	[jepsen test runner] jepsen.core: Analyzing...
2023-05-29 23:53:56,303{GMT}	INFO	[jepsen test runner] jepsen.core: Analysis complete
2023-05-29 23:53:56,331{GMT}	INFO	[jepsen results] jepsen.store: Wrote /Users/adicardrz/go-projects/maelstrom-challenges/maelstrom/store/broadcast/20230529T235320.983+0200/results.edn
2023-05-29 23:53:56,384{GMT}	INFO	[jepsen test runner] jepsen.core: {:perf {:latency-graph {:valid? true},
        :rate-graph {:valid? true},
        :valid? true},
 :timeline {:valid? true},
 :exceptions {:valid? true},
 :stats {:valid? true,
         :count 201,
         :ok-count 201,
         :fail-count 0,
         :info-count 0,
         :by-f {:broadcast {:valid? true,
                            :count 101,
                            :ok-count 101,
                            :fail-count 0,
                            :info-count 0},
                :read {:valid? true,
                       :count 100,
                       :ok-count 100,
                       :fail-count 0,
                       :info-count 0}}},
 :availability {:valid? true, :ok-fraction 1.0},
 :net {:all {:send-count 2135,
             :recv-count 1932,
             :msg-count 2135,
             :msgs-per-op 10.621891},
       :clients {:send-count 422, :recv-count 422, :msg-count 422},
       :servers {:send-count 1713,
                 :recv-count 1510,
                 :msg-count 1713,
                 :msgs-per-op 8.522388},
       :valid? true},
 :workload {:worst-stale ({:element 0,
                           :outcome :stable,
                           :stable-latency 29909,
                           :lost-latency nil,
                           :known #jepsen.history.Op{:index 3,
                                                     :time 37376420,
                                                     :type :ok,
                                                     :process 0,
                                                     :f :add,
                                                     :value 0},
                           :last-absent #jepsen.history.Op{:index 402,
                                                           :time 29946440712,
                                                           :type :invoke,
                                                           :process 3,
                                                           :f :read,
                                                           :value nil,
                                                           :final? true}}
                          {:element 1,
                           :outcome :stable,
                           :stable-latency 29751,
                           :lost-latency nil,
                           :known #jepsen.history.Op{:index 5,
                                                     :time 194477977,
                                                     :type :ok,
                                                     :process 2,
                                                     :f :add,
                                                     :value 1},
                           :last-absent #jepsen.history.Op{:index 402,
                                                           :time 29946440712,
                                                           :type :invoke,
                                                           :process 3,
                                                           :f :read,
                                                           :value nil,
                                                           :final? true}}
                          {:element 2,
                           :outcome :stable,
                           :stable-latency 29517,
                           :lost-latency nil,
                           :known #jepsen.history.Op{:index 9,
                                                     :time 428483685,
                                                     :type :ok,
                                                     :process 4,
                                                     :f :add,
                                                     :value 2},
                           :last-absent #jepsen.history.Op{:index 402,
                                                           :time 29946440712,
                                                           :type :invoke,
                                                           :process 3,
                                                           :f :read,
                                                           :value nil,
                                                           :final? true}}
                          {:element 4,
                           :outcome :stable,
                           :stable-latency 28304,
                           :lost-latency nil,
                           :known #jepsen.history.Op{:index 29,
                                                     :time 1642098986,
                                                     :type :ok,
                                                     :process 2,
                                                     :f :add,
                                                     :value 4},
                           :last-absent #jepsen.history.Op{:index 402,
                                                           :time 29946440712,
                                                           :type :invoke,
                                                           :process 3,
                                                           :f :read,
                                                           :value nil,
                                                           :final? true}}
                          {:element 6,
                           :outcome :stable,
                           :stable-latency 28133,
                           :lost-latency nil,
                           :known #jepsen.history.Op{:index 33,
                                                     :time 1813374798,
                                                     :type :ok,
                                                     :process 4,
                                                     :f :add,
                                                     :value 6},
                           :last-absent #jepsen.history.Op{:index 402,
                                                           :time 29946440712,
                                                           :type :invoke,
                                                           :process 3,
                                                           :f :read,
                                                           :value nil,
                                                           :final? true}}
                          {:element 7,
                           :outcome :stable,
                           :stable-latency 27853,
                           :lost-latency nil,
                           :known #jepsen.history.Op{:index 37,
                                                     :time 2092868603,
                                                     :type :ok,
                                                     :process 0,
                                                     :f :add,
                                                     :value 7},
                           :last-absent #jepsen.history.Op{:index 402,
                                                           :time 29946440712,
                                                           :type :invoke,
                                                           :process 3,
                                                           :f :read,
                                                           :value nil,
                                                           :final? true}}
                          {:element 8,
                           :outcome :stable,
                           :stable-latency 27697,
                           :lost-latency nil,
                           :known #jepsen.history.Op{:index 39,
                                                     :time 2249423938,
                                                     :type :ok,
                                                     :process 1,
                                                     :f :add,
                                                     :value 8},
                           :last-absent #jepsen.history.Op{:index 402,
                                                           :time 29946440712,
                                                           :type :invoke,
                                                           :process 3,
                                                           :f :read,
                                                           :value nil,
                                                           :final? true}}
                          {:element 9,
                           :outcome :stable,
                           :stable-latency 27605,
                           :lost-latency nil,
                           :known #jepsen.history.Op{:index 41,
                                                     :time 2341179463,
                                                     :type :ok,
                                                     :process 2,
                                                     :f :add,
                                                     :value 9},
                           :last-absent #jepsen.history.Op{:index 402,
                                                           :time 29946440712,
                                                           :type :invoke,
                                                           :process 3,
                                                           :f :read,
                                                           :value nil,
                                                           :final? true}}),
            :duplicated-count 0,
            :valid? false,
            :lost-count 12,
            :lost (3 5 10 15 20 36 57 61 67 73 75 99),
            :stable-count 89,
            :stale-count 68,
            :stale (0
                    1
                    2
                    4
                    6
                    7
                    8
                    9
                    11
                    12
                    13
                    14
                    16
                    17
                    18
                    19
                    21
                    22
                    23
                    24
                    25
                    26
                    27
                    28
                    29
                    30
                    31
                    32
                    33
                    34
                    35
                    37
                    38
                    39
                    40
                    41
                    42
                    43
                    44
                    45
                    46
                    47
                    48
                    49
                    50
                    51
                    52
                    53
                    54
                    55
                    56
                    58
                    59
                    60
                    62
                    63
                    64
                    65
                    66
                    68
                    69
                    70
                    71
                    72
                    74
                    76
                    77
                    100),
            :never-read-count 0,
            :stable-latencies {0 0,
                               0.5 19133,
                               0.95 28133,
                               0.99 29909,
                               1 29909},
            :attempt-count 101,
            :lost-latencies {0 10260,
                             0.5 22661,
                             0.95 29003,
                             0.99 29003,
                             1 29003},
            :never-read (),
            :duplicated {}},
 :valid? false}


Analysis invalid! ( 
