2023-05-30 00:33:50,250{GMT}	INFO	[jepsen test runner] jepsen.core: Command line:
lein run test -w broadcast --bin /Users/adicardrz/go/bin/maelstrom-broadcast --node-count 5 --time-limit 20 --rate 10 --nemesis partition
2023-05-30 00:33:50,382{GMT}	INFO	[jepsen test runner] jepsen.core: Running test:
{:args []
 :remote
 #jepsen.control.retry.Remote{:remote #jepsen.control.scp.Remote{:cmd-remote #jepsen.control.sshj.SSHJRemote{:concurrency-limit 6,
                                                                                                             :conn-spec nil,
                                                                                                             :client nil,
                                                                                                             :semaphore nil},
                                                                 :conn-spec nil},
                              :conn nil}
 :log-net-send false
 :node-count 5
 :availability nil
 :max-txn-length 4
 :concurrency 5
 :db
 #object[maelstrom.db$db$reify__16142
         "0x60035f1e"
         "maelstrom.db$db$reify__16142@60035f1e"]
 :max-writes-per-key 16
 :leave-db-running? false
 :name "broadcast"
 :logging-json? false
 :start-time
 #object[org.joda.time.DateTime "0x2459715c" "2023-05-30T00:33:50.202+02:00"]
 :nemesis-interval 10
 :net
 #object[maelstrom.net$jepsen_net$reify__15251
         "0x401e36ab"
         "maelstrom.net$jepsen_net$reify__15251@401e36ab"]
 :client
 #object[maelstrom.workload.broadcast$client$reify__16644
         "0x4ce66169"
         "maelstrom.workload.broadcast$client$reify__16644@4ce66169"]
 :barrier
 #object[java.util.concurrent.CyclicBarrier
         "0x53d0cf4d"
         "java.util.concurrent.CyclicBarrier@53d0cf4d"]
 :log-stderr false
 :pure-generators true
 :ssh {:dummy? true}
 :rate 10.0
 :checker
 #object[jepsen.checker$compose$reify__11881
         "0x3c6c87fa"
         "jepsen.checker$compose$reify__11881@3c6c87fa"]
 :argv
 ("test"
  "-w"
  "broadcast"
  "--bin"
  "/Users/adicardrz/go/bin/maelstrom-broadcast"
  "--node-count"
  "5"
  "--time-limit"
  "20"
  "--rate"
  "10"
  "--nemesis"
  "partition")
 :nemesis
 (jepsen.nemesis.ReflCompose
  {:fm {:start-partition 0,
        :stop-partition 0,
        :kill 1,
        :start 1,
        :pause 1,
        :resume 1},
   :nemeses [#unprintable "jepsen.nemesis.combined$partition_nemesis$reify__16416@d7645b2"
             #unprintable "jepsen.nemesis.combined$db_nemesis$reify__16397@72e4905c"]})
 :nodes ["n0" "n1" "n2" "n3" "n4"]
 :test-count 1
 :latency {:mean 0, :dist :constant}
 :bin "/Users/adicardrz/go/bin/maelstrom-broadcast"
 :generator
 ((jepsen.generator.Synchronize
   {:gen (jepsen.generator.TimeLimit
          {:limit 20000000000,
           :cutoff nil,
           :gen (jepsen.generator.Any
                 {:gens [(jepsen.generator.OnThreads
                          {:f #{:nemesis},
                           :context-filter #object[jepsen.generator.context$make_thread_filter$lazy_filter__9167
                                                   "0x383c94ed"
                                                   "jepsen.generator.context$make_thread_filter$lazy_filter__9167@383c94ed"],
                           :gen (jepsen.generator.Stagger
                                 {:dt 20000000000,
                                  :next-time nil,
                                  :gen (jepsen.generator.FlipFlop
                                        {:gens [#object[jepsen.nemesis.combined$partition_package$start__16420
                                                        "0x293ccbdd"
                                                        "jepsen.nemesis.combined$partition_package$start__16420@293ccbdd"]
                                                ({:type :info,
                                                  :f :stop-partition,
                                                  :value nil}
                                                 {:type :info,
                                                  :f :stop-partition,
                                                  :value nil}
                                                 {:type :info,
                                                  :f :stop-partition,
                                                  :value nil}
                                                 {:type :info,
                                                  :f :stop-partition,
                                                  :value nil}
                                                 {:type :info,
                                                  :f :stop-partition,
                                                  :value nil}
                                                 {:type :info,
                                                  :f :stop-partition,
                                                  :value nil}
                                                 {:type :info,
                                                  :f :stop-partition,
                                                  :value nil}
                                                 {:type :info,
                                                  :f :stop-partition,
                                                  :value nil}
                                                 ...)],
                                         :i 0})})})
                         (jepsen.generator.OnThreads
                          {:f #jepsen.generator.context.AllBut{:element :nemesis},
                           :context-filter #object[jepsen.generator.context$make_thread_filter$lazy_filter__9167
                                                   "0x474a63d9"
                                                   "jepsen.generator.context$make_thread_filter$lazy_filter__9167@474a63d9"],
                           :gen (jepsen.generator.Stagger
                                 {:dt 200000000,
                                  :next-time nil,
                                  :gen (jepsen.generator.Mix
                                        {:i 1,
                                         :gens [({:f :broadcast, :value 0}
                                                 {:f :broadcast, :value 1}
                                                 {:f :broadcast, :value 2}
                                                 {:f :broadcast, :value 3}
                                                 {:f :broadcast, :value 4}
                                                 {:f :broadcast, :value 5}
                                                 {:f :broadcast, :value 6}
                                                 {:f :broadcast, :value 7}
                                                 ...)
                                                ({:f :read}
                                                 {:f :read}
                                                 {:f :read}
                                                 {:f :read}
                                                 {:f :read}
                                                 {:f :read}
                                                 {:f :read}
                                                 {:f :read}
                                                 ...)]})})})]})})})
  (jepsen.generator.Synchronize
   {:gen (jepsen.generator.OnThreads
          {:f #{:nemesis},
           :context-filter #object[jepsen.generator.context$make_thread_filter$lazy_filter__9167
                                   "0x1b8d0c21"
                                   "jepsen.generator.context$make_thread_filter$lazy_filter__9167@1b8d0c21"],
           :gen ({:type :info, :f :stop-partition, :value nil})})})
  (jepsen.generator.Synchronize
   {:gen {:type :log, :value "Waiting for recovery..."}})
  (jepsen.generator.Synchronize {:gen {:type :sleep, :value 10}})
  (jepsen.generator.Synchronize
   {:gen (jepsen.generator.OnThreads
          {:f #jepsen.generator.context.AllBut{:element :nemesis},
           :context-filter #object[jepsen.generator.context$make_thread_filter$lazy_filter__9167
                                   "0x54a04eae"
                                   "jepsen.generator.context$make_thread_filter$lazy_filter__9167@54a04eae"],
           :gen (jepsen.generator.EachThread
                 {:fresh-gen {:f :read, :final? true},
                  :context-filters #object[clojure.core$promise$reify__8591
                                           "0x4664fef"
                                           {:status :pending, :val nil}],
                  :gens {}})})}))
 :log-net-recv false
 :os
 #object[maelstrom.net$jepsen_os$reify__15254
         "0x1026a011"
         "maelstrom.net$jepsen_os$reify__15254@1026a011"]
 :time-limit 20
 :workload :broadcast
 :consistency-models [:strict-serializable]
 :topology :grid}

2023-05-30 00:33:52,697{GMT}	INFO	[jepsen node n0] maelstrom.net: Starting Maelstrom network
2023-05-30 00:33:52,699{GMT}	INFO	[jepsen test runner] jepsen.db: Tearing down DB
2023-05-30 00:33:52,701{GMT}	INFO	[jepsen test runner] jepsen.db: Setting up DB
2023-05-30 00:33:52,703{GMT}	INFO	[jepsen node n2] maelstrom.db: Setting up n2
2023-05-30 00:33:52,703{GMT}	INFO	[jepsen node n1] maelstrom.db: Setting up n1
2023-05-30 00:33:52,703{GMT}	INFO	[jepsen node n3] maelstrom.db: Setting up n3
2023-05-30 00:33:52,704{GMT}	INFO	[jepsen node n4] maelstrom.db: Setting up n4
2023-05-30 00:33:52,704{GMT}	INFO	[jepsen node n3] maelstrom.process: launching /Users/adicardrz/go/bin/maelstrom-broadcast []
2023-05-30 00:33:52,704{GMT}	INFO	[jepsen node n4] maelstrom.process: launching /Users/adicardrz/go/bin/maelstrom-broadcast []
2023-05-30 00:33:52,704{GMT}	INFO	[jepsen node n1] maelstrom.process: launching /Users/adicardrz/go/bin/maelstrom-broadcast []
2023-05-30 00:33:52,704{GMT}	INFO	[jepsen node n2] maelstrom.process: launching /Users/adicardrz/go/bin/maelstrom-broadcast []
2023-05-30 00:33:52,706{GMT}	INFO	[jepsen node n0] maelstrom.service: Starting services: (lin-kv lin-tso lww-kv seq-kv)
2023-05-30 00:33:52,709{GMT}	INFO	[jepsen node n0] maelstrom.db: Setting up n0
2023-05-30 00:33:52,710{GMT}	INFO	[jepsen node n0] maelstrom.process: launching /Users/adicardrz/go/bin/maelstrom-broadcast []
2023-05-30 00:33:53,079{GMT}	INFO	[jepsen test runner] jepsen.core: Relative time begins now
2023-05-30 00:33:53,107{GMT}	INFO	[jepsen worker 0] jepsen.util: 0	:invoke	:read	nil
2023-05-30 00:33:53,108{GMT}	INFO	[jepsen worker nemesis] jepsen.util: :nemesis	:info	:start-partition	:majorities-ring
2023-05-30 00:33:53,115{GMT}	INFO	[jepsen worker 0] jepsen.util: 0	:ok	:read	[]
2023-05-30 00:33:53,128{GMT}	INFO	[jepsen worker nemesis] jepsen.util: :nemesis	:info	:start-partition	[:isolated {"n0" #{"n2" "n1"}, "n3" #{"n2" "n4"}, "n1" #{"n4" "n0"}, "n2" #{"n0" "n3"}, "n4" #{"n1" "n3"}}]
2023-05-30 00:33:53,229{GMT}	INFO	[jepsen worker 2] jepsen.util: 2	:invoke	:broadcast	0
2023-05-30 00:33:53,232{GMT}	INFO	[jepsen worker 2] jepsen.util: 2	:ok	:broadcast	0
2023-05-30 00:33:53,415{GMT}	INFO	[jepsen worker 3] jepsen.util: 3	:invoke	:broadcast	1
2023-05-30 00:33:53,419{GMT}	INFO	[jepsen worker 3] jepsen.util: 3	:ok	:broadcast	1
2023-05-30 00:33:53,595{GMT}	INFO	[jepsen worker 4] jepsen.util: 4	:invoke	:broadcast	2
2023-05-30 00:33:53,599{GMT}	INFO	[jepsen worker 4] jepsen.util: 4	:ok	:broadcast	2
2023-05-30 00:33:53,649{GMT}	INFO	[jepsen worker 0] jepsen.util: 0	:invoke	:broadcast	3
2023-05-30 00:33:53,652{GMT}	INFO	[jepsen worker 0] jepsen.util: 0	:ok	:broadcast	3
2023-05-30 00:33:53,720{GMT}	INFO	[jepsen worker 0] jepsen.util: 0	:invoke	:read	nil
2023-05-30 00:33:53,723{GMT}	INFO	[jepsen worker 0] jepsen.util: 0	:ok	:read	[1 3 3]
2023-05-30 00:33:53,885{GMT}	INFO	[jepsen worker 1] jepsen.util: 1	:invoke	:broadcast	4
2023-05-30 00:33:53,889{GMT}	INFO	[jepsen worker 1] jepsen.util: 1	:ok	:broadcast	4
2023-05-30 00:33:53,995{GMT}	INFO	[jepsen worker 2] jepsen.util: 2	:invoke	:read	nil
2023-05-30 00:33:53,998{GMT}	INFO	[jepsen worker 2] jepsen.util: 2	:ok	:read	[0 0 4]
2023-05-30 00:33:54,075{GMT}	INFO	[jepsen worker 3] jepsen.util: 3	:invoke	:broadcast	5
2023-05-30 00:33:54,077{GMT}	INFO	[jepsen worker 3] jepsen.util: 3	:ok	:broadcast	5
2023-05-30 00:33:54,251{GMT}	INFO	[jepsen worker 4] jepsen.util: 4	:invoke	:broadcast	6
2023-05-30 00:33:54,254{GMT}	INFO	[jepsen worker 4] jepsen.util: 4	:ok	:broadcast	6
2023-05-30 00:33:54,312{GMT}	INFO	[jepsen worker 0] jepsen.util: 0	:invoke	:broadcast	7
2023-05-30 00:33:54,314{GMT}	INFO	[jepsen worker 0] jepsen.util: 0	:ok	:broadcast	7
2023-05-30 00:33:54,479{GMT}	INFO	[jepsen worker 0] jepsen.util: 0	:invoke	:broadcast	8
2023-05-30 00:33:54,481{GMT}	INFO	[jepsen worker 0] jepsen.util: 0	:ok	:broadcast	8
2023-05-30 00:33:54,514{GMT}	INFO	[jepsen worker 1] jepsen.util: 1	:invoke	:broadcast	9
2023-05-30 00:33:54,516{GMT}	INFO	[jepsen worker 1] jepsen.util: 1	:ok	:broadcast	9
2023-05-30 00:33:54,545{GMT}	INFO	[jepsen worker 2] jepsen.util: 2	:invoke	:read	nil
2023-05-30 00:33:54,548{GMT}	INFO	[jepsen worker 2] jepsen.util: 2	:ok	:read	[0 0 4 9]
2023-05-30 00:33:54,591{GMT}	INFO	[jepsen worker 3] jepsen.util: 3	:invoke	:read	nil
2023-05-30 00:33:54,593{GMT}	INFO	[jepsen worker 3] jepsen.util: 3	:ok	:read	[1 1 3 5 5 7 8]
2023-05-30 00:33:54,686{GMT}	INFO	[jepsen worker 4] jepsen.util: 4	:invoke	:broadcast	10
2023-05-30 00:33:54,688{GMT}	INFO	[jepsen worker 4] jepsen.util: 4	:ok	:broadcast	10
2023-05-30 00:33:54,765{GMT}	INFO	[jepsen worker 0] jepsen.util: 0	:invoke	:broadcast	11
2023-05-30 00:33:54,767{GMT}	INFO	[jepsen worker 0] jepsen.util: 0	:ok	:broadcast	11
2023-05-30 00:33:54,862{GMT}	INFO	[jepsen worker 0] jepsen.util: 0	:invoke	:read	nil
2023-05-30 00:33:54,865{GMT}	INFO	[jepsen worker 0] jepsen.util: 0	:ok	:read	[1 3 3 5 7 7 8 8 11 11]
2023-05-30 00:33:54,973{GMT}	INFO	[jepsen worker 1] jepsen.util: 1	:invoke	:broadcast	12
2023-05-30 00:33:54,976{GMT}	INFO	[jepsen worker 1] jepsen.util: 1	:ok	:broadcast	12
2023-05-30 00:33:55,040{GMT}	INFO	[jepsen worker 2] jepsen.util: 2	:invoke	:broadcast	13
2023-05-30 00:33:55,043{GMT}	INFO	[jepsen worker 2] jepsen.util: 2	:ok	:broadcast	13
2023-05-30 00:33:55,128{GMT}	INFO	[jepsen worker 3] jepsen.util: 3	:invoke	:broadcast	14
2023-05-30 00:33:55,128{GMT}	INFO	[jepsen worker 4] jepsen.util: 4	:invoke	:broadcast	15
2023-05-30 00:33:55,131{GMT}	INFO	[jepsen worker 4] jepsen.util: 4	:ok	:broadcast	15
2023-05-30 00:33:55,132{GMT}	INFO	[jepsen worker 3] jepsen.util: 3	:ok	:broadcast	14
2023-05-30 00:33:55,329{GMT}	INFO	[jepsen worker 0] jepsen.util: 0	:invoke	:read	nil
2023-05-30 00:33:55,331{GMT}	INFO	[jepsen worker 0] jepsen.util: 0	:ok	:read	[1 3 3 5 7 7 8 8 11 11 14]
2023-05-30 00:33:55,423{GMT}	INFO	[jepsen worker 0] jepsen.util: 0	:invoke	:read	nil
2023-05-30 00:33:55,425{GMT}	INFO	[jepsen worker 0] jepsen.util: 0	:ok	:read	[1 3 3 5 7 7 8 8 11 11 14]
2023-05-30 00:33:55,473{GMT}	INFO	[jepsen worker 1] jepsen.util: 1	:invoke	:read	nil
2023-05-30 00:33:55,476{GMT}	INFO	[jepsen worker 1] jepsen.util: 1	:ok	:read	[0 4 4 9 9 12 12 13]
2023-05-30 00:33:55,540{GMT}	INFO	[jepsen worker 2] jepsen.util: 2	:invoke	:read	nil
2023-05-30 00:33:55,542{GMT}	INFO	[jepsen worker 2] jepsen.util: 2	:ok	:read	[0 0 4 9 12 13 13]
2023-05-30 00:33:55,695{GMT}	INFO	[jepsen worker 3] jepsen.util: 3	:invoke	:read	nil
2023-05-30 00:33:55,697{GMT}	INFO	[jepsen worker 3] jepsen.util: 3	:ok	:read	[1 1 3 5 5 7 8 11 14 14]
2023-05-30 00:33:55,800{GMT}	INFO	[jepsen worker 4] jepsen.util: 4	:invoke	:read	nil
2023-05-30 00:33:55,802{GMT}	INFO	[jepsen worker 4] jepsen.util: 4	:ok	:read	[2 6 10 15]
2023-05-30 00:33:55,828{GMT}	INFO	[jepsen worker 0] jepsen.util: 0	:invoke	:read	nil
2023-05-30 00:33:55,830{GMT}	INFO	[jepsen worker 0] jepsen.util: 0	:ok	:read	[1 3 3 5 7 7 8 8 11 11 14]
2023-05-30 00:33:56,003{GMT}	INFO	[jepsen worker 0] jepsen.util: 0	:invoke	:broadcast	16
2023-05-30 00:33:56,005{GMT}	INFO	[jepsen worker 0] jepsen.util: 0	:ok	:broadcast	16
2023-05-30 00:33:56,179{GMT}	INFO	[jepsen worker 1] jepsen.util: 1	:invoke	:broadcast	17
2023-05-30 00:33:56,181{GMT}	INFO	[jepsen worker 1] jepsen.util: 1	:ok	:broadcast	17
2023-05-30 00:33:56,321{GMT}	INFO	[jepsen worker 2] jepsen.util: 2	:invoke	:broadcast	18
2023-05-30 00:33:56,323{GMT}	INFO	[jepsen worker 2] jepsen.util: 2	:ok	:broadcast	18
2023-05-30 00:33:56,404{GMT}	INFO	[jepsen worker 3] jepsen.util: 3	:invoke	:broadcast	19
2023-05-30 00:33:56,406{GMT}	INFO	[jepsen worker 3] jepsen.util: 3	:ok	:broadcast	19
2023-05-30 00:33:56,536{GMT}	INFO	[jepsen worker 4] jepsen.util: 4	:invoke	:read	nil
2023-05-30 00:33:56,538{GMT}	INFO	[jepsen worker 4] jepsen.util: 4	:ok	:read	[2 6 10 15]
2023-05-30 00:33:56,629{GMT}	INFO	[jepsen worker 0] jepsen.util: 0	:invoke	:read	nil
2023-05-30 00:33:56,631{GMT}	INFO	[jepsen worker 0] jepsen.util: 0	:ok	:read	[1 3 3 5 7 7 8 8 11 11 14 16 16 19]
2023-05-30 00:33:56,800{GMT}	INFO	[jepsen worker 0] jepsen.util: 0	:invoke	:read	nil
2023-05-30 00:33:56,802{GMT}	INFO	[jepsen worker 0] jepsen.util: 0	:ok	:read	[1 3 3 5 7 7 8 8 11 11 14 16 16 19]
2023-05-30 00:33:56,903{GMT}	INFO	[jepsen worker 1] jepsen.util: 1	:invoke	:broadcast	20
2023-05-30 00:33:56,906{GMT}	INFO	[jepsen worker 1] jepsen.util: 1	:ok	:broadcast	20
2023-05-30 00:33:56,962{GMT}	INFO	[jepsen worker 2] jepsen.util: 2	:invoke	:read	nil
2023-05-30 00:33:56,965{GMT}	INFO	[jepsen worker 2] jepsen.util: 2	:ok	:read	[0 0 4 9 12 13 13 17 18 18 20]
2023-05-30 00:33:57,057{GMT}	INFO	[jepsen worker 3] jepsen.util: 3	:invoke	:broadcast	21
2023-05-30 00:33:57,060{GMT}	INFO	[jepsen worker 3] jepsen.util: 3	:ok	:broadcast	21
2023-05-30 00:33:57,203{GMT}	INFO	[jepsen worker 4] jepsen.util: 4	:invoke	:broadcast	22
2023-05-30 00:33:57,204{GMT}	INFO	[jepsen worker 4] jepsen.util: 4	:ok	:broadcast	22
2023-05-30 00:33:57,209{GMT}	INFO	[jepsen worker 0] jepsen.util: 0	:invoke	:broadcast	23
2023-05-30 00:33:57,211{GMT}	INFO	[jepsen worker 0] jepsen.util: 0	:ok	:broadcast	23
2023-05-30 00:33:57,312{GMT}	INFO	[jepsen worker 0] jepsen.util: 0	:invoke	:broadcast	24
2023-05-30 00:33:57,314{GMT}	INFO	[jepsen worker 0] jepsen.util: 0	:ok	:broadcast	24
2023-05-30 00:33:57,362{GMT}	INFO	[jepsen worker 1] jepsen.util: 1	:invoke	:broadcast	25
2023-05-30 00:33:57,364{GMT}	INFO	[jepsen worker 1] jepsen.util: 1	:ok	:broadcast	25
2023-05-30 00:33:57,512{GMT}	INFO	[jepsen worker 2] jepsen.util: 2	:invoke	:broadcast	26
2023-05-30 00:33:57,514{GMT}	INFO	[jepsen worker 2] jepsen.util: 2	:ok	:broadcast	26
2023-05-30 00:33:57,562{GMT}	INFO	[jepsen worker 3] jepsen.util: 3	:invoke	:broadcast	27
2023-05-30 00:33:57,564{GMT}	INFO	[jepsen worker 3] jepsen.util: 3	:ok	:broadcast	27
2023-05-30 00:33:57,740{GMT}	INFO	[jepsen worker 4] jepsen.util: 4	:invoke	:broadcast	28
2023-05-30 00:33:57,742{GMT}	INFO	[jepsen worker 4] jepsen.util: 4	:ok	:broadcast	28
2023-05-30 00:33:57,913{GMT}	INFO	[jepsen worker 0] jepsen.util: 0	:invoke	:broadcast	29
2023-05-30 00:33:57,914{GMT}	INFO	[jepsen worker 0] jepsen.util: 0	:ok	:broadcast	29
2023-05-30 00:33:58,079{GMT}	INFO	[jepsen worker 0] jepsen.util: 0	:invoke	:read	nil
2023-05-30 00:33:58,081{GMT}	INFO	[jepsen worker 0] jepsen.util: 0	:ok	:read	[1 3 3 5 7 7 8 8 11 11 14 16 16 19 21 23 23 24 24 27 29 29]
2023-05-30 00:33:58,229{GMT}	INFO	[jepsen worker 1] jepsen.util: 1	:invoke	:broadcast	30
2023-05-30 00:33:58,231{GMT}	INFO	[jepsen worker 1] jepsen.util: 1	:ok	:broadcast	30
2023-05-30 00:33:58,368{GMT}	INFO	[jepsen worker 2] jepsen.util: 2	:invoke	:broadcast	31
2023-05-30 00:33:58,371{GMT}	INFO	[jepsen worker 2] jepsen.util: 2	:ok	:broadcast	31
2023-05-30 00:33:58,490{GMT}	INFO	[jepsen worker 3] jepsen.util: 3	:invoke	:broadcast	32
2023-05-30 00:33:58,492{GMT}	INFO	[jepsen worker 3] jepsen.util: 3	:ok	:broadcast	32
2023-05-30 00:33:58,626{GMT}	INFO	[jepsen worker 4] jepsen.util: 4	:invoke	:read	nil
2023-05-30 00:33:58,627{GMT}	INFO	[jepsen worker 4] jepsen.util: 4	:ok	:read	[2 6 10 15 22 28]
2023-05-30 00:33:58,670{GMT}	INFO	[jepsen worker 0] jepsen.util: 0	:invoke	:broadcast	33
2023-05-30 00:33:58,672{GMT}	INFO	[jepsen worker 0] jepsen.util: 0	:ok	:broadcast	33
2023-05-30 00:33:58,740{GMT}	INFO	[jepsen worker 0] jepsen.util: 0	:invoke	:read	nil
2023-05-30 00:33:58,742{GMT}	INFO	[jepsen worker 0] jepsen.util: 0	:ok	:read	[1 3 3 5 7 7 8 8 11 11 14 16 16 19 21 23 23 24 24 27 29 29 32 33 33]
2023-05-30 00:33:58,826{GMT}	INFO	[jepsen worker 1] jepsen.util: 1	:invoke	:broadcast	34
2023-05-30 00:33:58,828{GMT}	INFO	[jepsen worker 1] jepsen.util: 1	:ok	:broadcast	34
2023-05-30 00:33:58,919{GMT}	INFO	[jepsen worker 2] jepsen.util: 2	:invoke	:broadcast	35
2023-05-30 00:33:58,920{GMT}	INFO	[jepsen worker 2] jepsen.util: 2	:ok	:broadcast	35
2023-05-30 00:33:59,001{GMT}	INFO	[jepsen worker 3] jepsen.util: 3	:invoke	:read	nil
2023-05-30 00:33:59,003{GMT}	INFO	[jepsen worker 3] jepsen.util: 3	:ok	:read	[1 1 3 5 5 7 8 11 14 14 16 19 19 21 21 23 24 27 27 29 32 32 33]
2023-05-30 00:33:59,090{GMT}	INFO	[jepsen worker 4] jepsen.util: 4	:invoke	:read	nil
2023-05-30 00:33:59,092{GMT}	INFO	[jepsen worker 4] jepsen.util: 4	:ok	:read	[2 6 10 15 22 28]
2023-05-30 00:33:59,165{GMT}	INFO	[jepsen worker 0] jepsen.util: 0	:invoke	:read	nil
2023-05-30 00:33:59,167{GMT}	INFO	[jepsen worker 0] jepsen.util: 0	:ok	:read	[1 3 3 5 7 7 8 8 11 11 14 16 16 19 21 23 23 24 24 27 29 29 32 33 33]
2023-05-30 00:33:59,208{GMT}	INFO	[jepsen worker 0] jepsen.util: 0	:invoke	:broadcast	36
2023-05-30 00:33:59,209{GMT}	INFO	[jepsen worker 0] jepsen.util: 0	:ok	:broadcast	36
2023-05-30 00:33:59,368{GMT}	INFO	[jepsen worker 1] jepsen.util: 1	:invoke	:read	nil
2023-05-30 00:33:59,370{GMT}	INFO	[jepsen worker 1] jepsen.util: 1	:ok	:read	[0 4 4 9 9 12 12 13 17 17 18 20 20 25 25 26 30 30 31 34 34 35]
2023-05-30 00:33:59,546{GMT}	INFO	[jepsen worker 2] jepsen.util: 2	:invoke	:broadcast	37
2023-05-30 00:33:59,548{GMT}	INFO	[jepsen worker 2] jepsen.util: 2	:ok	:broadcast	37
2023-05-30 00:33:59,589{GMT}	INFO	[jepsen worker 3] jepsen.util: 3	:invoke	:broadcast	38
2023-05-30 00:33:59,591{GMT}	INFO	[jepsen worker 3] jepsen.util: 3	:ok	:broadcast	38
2023-05-30 00:33:59,655{GMT}	INFO	[jepsen worker 4] jepsen.util: 4	:invoke	:broadcast	39
2023-05-30 00:33:59,656{GMT}	INFO	[jepsen worker 4] jepsen.util: 4	:ok	:broadcast	39
2023-05-30 00:33:59,732{GMT}	INFO	[jepsen worker 0] jepsen.util: 0	:invoke	:read	nil
2023-05-30 00:33:59,734{GMT}	INFO	[jepsen worker 0] jepsen.util: 0	:ok	:read	[1 3 3 5 7 7 8 8 11 11 14 16 16 19 21 23 23 24 24 27 29 29 32 33 33 36 36 38]
2023-05-30 00:33:59,873{GMT}	INFO	[jepsen worker 0] jepsen.util: 0	:invoke	:read	nil
2023-05-30 00:33:59,875{GMT}	INFO	[jepsen worker 0] jepsen.util: 0	:ok	:read	[1 3 3 5 7 7 8 8 11 11 14 16 16 19 21 23 23 24 24 27 29 29 32 33 33 36 36 38]
2023-05-30 00:33:59,923{GMT}	INFO	[jepsen worker 1] jepsen.util: 1	:invoke	:broadcast	40
2023-05-30 00:33:59,926{GMT}	INFO	[jepsen worker 1] jepsen.util: 1	:ok	:broadcast	40
2023-05-30 00:33:59,959{GMT}	INFO	[jepsen worker 2] jepsen.util: 2	:invoke	:read	nil
2023-05-30 00:33:59,960{GMT}	INFO	[jepsen worker 2] jepsen.util: 2	:ok	:read	[0 0 4 9 12 13 13 17 18 18 20 25 26 26 30 31 31 34 35 35 37 37 40]
2023-05-30 00:34:00,090{GMT}	INFO	[jepsen worker 3] jepsen.util: 3	:invoke	:broadcast	41
2023-05-30 00:34:00,092{GMT}	INFO	[jepsen worker 3] jepsen.util: 3	:ok	:broadcast	41
2023-05-30 00:34:00,154{GMT}	INFO	[jepsen worker 4] jepsen.util: 4	:invoke	:broadcast	42
2023-05-30 00:34:00,156{GMT}	INFO	[jepsen worker 4] jepsen.util: 4	:ok	:broadcast	42
2023-05-30 00:34:00,274{GMT}	INFO	[jepsen worker 0] jepsen.util: 0	:invoke	:read	nil
2023-05-30 00:34:00,276{GMT}	INFO	[jepsen worker 0] jepsen.util: 0	:ok	:read	[1 3 3 5 7 7 8 8 11 11 14 16 16 19 21 23 23 24 24 27 29 29 32 33 33 36 36 38 41]
2023-05-30 00:34:00,322{GMT}	INFO	[jepsen worker 0] jepsen.util: 0	:invoke	:broadcast	43
2023-05-30 00:34:00,325{GMT}	INFO	[jepsen worker 0] jepsen.util: 0	:ok	:broadcast	43
2023-05-30 00:34:00,514{GMT}	INFO	[jepsen worker 1] jepsen.util: 1	:invoke	:read	nil
2023-05-30 00:34:00,515{GMT}	INFO	[jepsen worker 2] jepsen.util: 2	:invoke	:broadcast	44
2023-05-30 00:34:00,517{GMT}	INFO	[jepsen worker 2] jepsen.util: 2	:ok	:broadcast	44
2023-05-30 00:34:00,518{GMT}	INFO	[jepsen worker 1] jepsen.util: 1	:ok	:read	[0 4 4 9 9 12 12 13 17 17 18 20 20 25 25 26 30 30 31 34 34 35 37 40 40]
2023-05-30 00:34:00,669{GMT}	INFO	[jepsen worker 3] jepsen.util: 3	:invoke	:broadcast	45
2023-05-30 00:34:00,671{GMT}	INFO	[jepsen worker 3] jepsen.util: 3	:ok	:broadcast	45
2023-05-30 00:34:00,746{GMT}	INFO	[jepsen worker 4] jepsen.util: 4	:invoke	:read	nil
2023-05-30 00:34:00,748{GMT}	INFO	[jepsen worker 4] jepsen.util: 4	:ok	:read	[2 6 10 15 22 28 39 42]
2023-05-30 00:34:00,932{GMT}	INFO	[jepsen worker 0] jepsen.util: 0	:invoke	:read	nil
2023-05-30 00:34:00,933{GMT}	INFO	[jepsen worker 0] jepsen.util: 0	:ok	:read	[1 3 3 5 7 7 8 8 11 11 14 16 16 19 21 23 23 24 24 27 29 29 32 33 33 36 36 38 41 43 43 45]
2023-05-30 00:34:01,057{GMT}	INFO	[jepsen worker 0] jepsen.util: 0	:invoke	:read	nil
2023-05-30 00:34:01,059{GMT}	INFO	[jepsen worker 0] jepsen.util: 0	:ok	:read	[1 3 3 5 7 7 8 8 11 11 14 16 16 19 21 23 23 24 24 27 29 29 32 33 33 36 36 38 41 43 43 45]
2023-05-30 00:34:01,246{GMT}	INFO	[jepsen worker 1] jepsen.util: 1	:invoke	:read	nil
2023-05-30 00:34:01,248{GMT}	INFO	[jepsen worker 1] jepsen.util: 1	:ok	:read	[0 4 4 9 9 12 12 13 17 17 18 20 20 25 25 26 30 30 31 34 34 35 37 40 40 44]
2023-05-30 00:34:01,331{GMT}	INFO	[jepsen worker 2] jepsen.util: 2	:invoke	:broadcast	46
2023-05-30 00:34:01,332{GMT}	INFO	[jepsen worker 2] jepsen.util: 2	:ok	:broadcast	46
2023-05-30 00:34:01,424{GMT}	INFO	[jepsen worker 3] jepsen.util: 3	:invoke	:read	nil
2023-05-30 00:34:01,426{GMT}	INFO	[jepsen worker 3] jepsen.util: 3	:ok	:read	[1 1 3 5 5 7 8 11 14 14 16 19 19 21 21 23 24 27 27 29 32 32 33 36 38 38 41 41 43 45 45]
2023-05-30 00:34:01,540{GMT}	INFO	[jepsen worker 4] jepsen.util: 4	:invoke	:read	nil
2023-05-30 00:34:01,542{GMT}	INFO	[jepsen worker 4] jepsen.util: 4	:ok	:read	[2 6 10 15 22 28 39 42]
2023-05-30 00:34:01,678{GMT}	INFO	[jepsen worker 0] jepsen.util: 0	:invoke	:broadcast	47
2023-05-30 00:34:01,679{GMT}	INFO	[jepsen worker 0] jepsen.util: 0	:ok	:broadcast	47
2023-05-30 00:34:01,773{GMT}	INFO	[jepsen worker 0] jepsen.util: 0	:invoke	:read	nil
2023-05-30 00:34:01,775{GMT}	INFO	[jepsen worker 0] jepsen.util: 0	:ok	:read	[1 3 3 5 7 7 8 8 11 11 14 16 16 19 21 23 23 24 24 27 29 29 32 33 33 36 36 38 41 43 43 45 47 47]
2023-05-30 00:34:01,783{GMT}	INFO	[jepsen worker 1] jepsen.util: 1	:invoke	:broadcast	48
2023-05-30 00:34:01,785{GMT}	INFO	[jepsen worker 1] jepsen.util: 1	:ok	:broadcast	48
2023-05-30 00:34:01,809{GMT}	INFO	[jepsen worker 2] jepsen.util: 2	:invoke	:broadcast	49
2023-05-30 00:34:01,811{GMT}	INFO	[jepsen worker 2] jepsen.util: 2	:ok	:broadcast	49
2023-05-30 00:34:01,951{GMT}	INFO	[jepsen worker 3] jepsen.util: 3	:invoke	:read	nil
2023-05-30 00:34:01,953{GMT}	INFO	[jepsen worker 3] jepsen.util: 3	:ok	:read	[1 1 3 5 5 7 8 11 14 14 16 19 19 21 21 23 24 27 27 29 32 32 33 36 38 38 41 41 43 45 45 47]
2023-05-30 00:34:02,052{GMT}	INFO	[jepsen worker 4] jepsen.util: 4	:invoke	:read	nil
2023-05-30 00:34:02,054{GMT}	INFO	[jepsen worker 4] jepsen.util: 4	:ok	:read	[2 6 10 15 22 28 39 42]
2023-05-30 00:34:02,196{GMT}	INFO	[jepsen worker 0] jepsen.util: 0	:invoke	:broadcast	50
2023-05-30 00:34:02,198{GMT}	INFO	[jepsen worker 0] jepsen.util: 0	:ok	:broadcast	50
2023-05-30 00:34:02,249{GMT}	INFO	[jepsen worker 0] jepsen.util: 0	:invoke	:read	nil
2023-05-30 00:34:02,251{GMT}	INFO	[jepsen worker 0] jepsen.util: 0	:ok	:read	[1 3 3 5 7 7 8 8 11 11 14 16 16 19 21 23 23 24 24 27 29 29 32 33 33 36 36 38 41 43 43 45 47 47 50 50]
2023-05-30 00:34:02,391{GMT}	INFO	[jepsen worker 1] jepsen.util: 1	:invoke	:broadcast	51
2023-05-30 00:34:02,393{GMT}	INFO	[jepsen worker 1] jepsen.util: 1	:ok	:broadcast	51
2023-05-30 00:34:02,496{GMT}	INFO	[jepsen worker 2] jepsen.util: 2	:invoke	:broadcast	52
2023-05-30 00:34:02,498{GMT}	INFO	[jepsen worker 2] jepsen.util: 2	:ok	:broadcast	52
2023-05-30 00:34:02,570{GMT}	INFO	[jepsen worker 3] jepsen.util: 3	:invoke	:broadcast	53
2023-05-30 00:34:02,572{GMT}	INFO	[jepsen worker 3] jepsen.util: 3	:ok	:broadcast	53
2023-05-30 00:34:02,685{GMT}	INFO	[jepsen worker 4] jepsen.util: 4	:invoke	:broadcast	54
2023-05-30 00:34:02,687{GMT}	INFO	[jepsen worker 4] jepsen.util: 4	:ok	:broadcast	54
2023-05-30 00:34:02,722{GMT}	INFO	[jepsen worker 0] jepsen.util: 0	:invoke	:read	nil
2023-05-30 00:34:02,725{GMT}	INFO	[jepsen worker 0] jepsen.util: 0	:ok	:read	[1 3 3 5 7 7 8 8 11 11 14 16 16 19 21 23 23 24 24 27 29 29 32 33 33 36 36 38 41 43 43 45 47 47 50 50 53]
2023-05-30 00:34:02,826{GMT}	INFO	[jepsen worker 0] jepsen.util: 0	:invoke	:broadcast	55
2023-05-30 00:34:02,831{GMT}	INFO	[jepsen worker 0] jepsen.util: 0	:ok	:broadcast	55
2023-05-30 00:34:02,913{GMT}	INFO	[jepsen worker 1] jepsen.util: 1	:invoke	:read	nil
2023-05-30 00:34:02,915{GMT}	INFO	[jepsen worker 1] jepsen.util: 1	:ok	:read	[0 4 4 9 9 12 12 13 17 17 18 20 20 25 25 26 30 30 31 34 34 35 37 40 40 44 46 48 48 49 51 51 52]
2023-05-30 00:34:03,046{GMT}	INFO	[jepsen worker 2] jepsen.util: 2	:invoke	:broadcast	56
2023-05-30 00:34:03,048{GMT}	INFO	[jepsen worker 2] jepsen.util: 2	:ok	:broadcast	56
2023-05-30 00:34:03,124{GMT}	INFO	[jepsen worker 3] jepsen.util: 3	:invoke	:read	nil
2023-05-30 00:34:03,126{GMT}	INFO	[jepsen worker 3] jepsen.util: 3	:ok	:read	[1 1 3 5 5 7 8 11 14 14 16 19 19 21 21 23 24 27 27 29 32 32 33 36 38 38 41 41 43 45 45 47 50 53 53 55]
2023-05-30 00:34:03,274{GMT}	INFO	[jepsen worker 4] jepsen.util: 4	:invoke	:read	nil
2023-05-30 00:34:03,276{GMT}	INFO	[jepsen worker 4] jepsen.util: 4	:ok	:read	[2 6 10 15 22 28 39 42 54]
2023-05-30 00:34:03,357{GMT}	INFO	[jepsen worker 0] jepsen.util: 0	:invoke	:broadcast	57
2023-05-30 00:34:03,359{GMT}	INFO	[jepsen worker 0] jepsen.util: 0	:ok	:broadcast	57
2023-05-30 00:34:03,477{GMT}	INFO	[jepsen worker 0] jepsen.util: 0	:invoke	:read	nil
2023-05-30 00:34:03,479{GMT}	INFO	[jepsen worker 0] jepsen.util: 0	:ok	:read	[1 3 3 5 7 7 8 8 11 11 14 16 16 19 21 23 23 24 24 27 29 29 32 33 33 36 36 38 41 43 43 45 47 47 50 50 53 55 55 57 57]
2023-05-30 00:34:03,624{GMT}	INFO	[jepsen worker 1] jepsen.util: 1	:invoke	:broadcast	58
2023-05-30 00:34:03,626{GMT}	INFO	[jepsen worker 1] jepsen.util: 1	:ok	:broadcast	58
2023-05-30 00:34:03,780{GMT}	INFO	[jepsen worker 2] jepsen.util: 2	:invoke	:read	nil
2023-05-30 00:34:03,782{GMT}	INFO	[jepsen worker 2] jepsen.util: 2	:ok	:read	[0 0 4 9 12 13 13 17 18 18 20 25 26 26 30 31 31 34 35 35 37 37 40 44 44 46 46 48 49 49 51 52 52 56 56 58]
2023-05-30 00:34:03,950{GMT}	INFO	[jepsen worker 3] jepsen.util: 3	:invoke	:read	nil
2023-05-30 00:34:03,952{GMT}	INFO	[jepsen worker 3] jepsen.util: 3	:ok	:read	[1 1 3 5 5 7 8 11 14 14 16 19 19 21 21 23 24 27 27 29 32 32 33 36 38 38 41 41 43 45 45 47 50 53 53 55 57]
2023-05-30 00:34:04,046{GMT}	INFO	[jepsen worker 4] jepsen.util: 4	:invoke	:broadcast	59
2023-05-30 00:34:04,048{GMT}	INFO	[jepsen worker 4] jepsen.util: 4	:ok	:broadcast	59
2023-05-30 00:34:04,234{GMT}	INFO	[jepsen worker 0] jepsen.util: 0	:invoke	:broadcast	60
2023-05-30 00:34:04,235{GMT}	INFO	[jepsen worker 0] jepsen.util: 0	:ok	:broadcast	60
2023-05-30 00:34:04,304{GMT}	INFO	[jepsen worker 0] jepsen.util: 0	:invoke	:broadcast	61
2023-05-30 00:34:04,306{GMT}	INFO	[jepsen worker 0] jepsen.util: 0	:ok	:broadcast	61
2023-05-30 00:34:04,463{GMT}	INFO	[jepsen worker 1] jepsen.util: 1	:invoke	:broadcast	62
2023-05-30 00:34:04,465{GMT}	INFO	[jepsen worker 1] jepsen.util: 1	:ok	:broadcast	62
2023-05-30 00:34:04,513{GMT}	INFO	[jepsen worker 2] jepsen.util: 2	:invoke	:broadcast	63
2023-05-30 00:34:04,515{GMT}	INFO	[jepsen worker 2] jepsen.util: 2	:ok	:broadcast	63
2023-05-30 00:34:04,546{GMT}	INFO	[jepsen worker 3] jepsen.util: 3	:invoke	:read	nil
2023-05-30 00:34:04,548{GMT}	INFO	[jepsen worker 3] jepsen.util: 3	:ok	:read	[1 1 3 5 5 7 8 11 14 14 16 19 19 21 21 23 24 27 27 29 32 32 33 36 38 38 41 41 43 45 45 47 50 53 53 55 57 60 61]
2023-05-30 00:34:04,687{GMT}	INFO	[jepsen worker 4] jepsen.util: 4	:invoke	:broadcast	64
2023-05-30 00:34:04,689{GMT}	INFO	[jepsen worker 4] jepsen.util: 4	:ok	:broadcast	64
2023-05-30 00:34:04,835{GMT}	INFO	[jepsen worker 0] jepsen.util: 0	:invoke	:read	nil
2023-05-30 00:34:04,837{GMT}	INFO	[jepsen worker 0] jepsen.util: 0	:ok	:read	[1 3 3 5 7 7 8 8 11 11 14 16 16 19 21 23 23 24 24 27 29 29 32 33 33 36 36 38 41 43 43 45 47 47 50 50 53 55 55 57 57 60 60 61 61]
2023-05-30 00:34:04,989{GMT}	INFO	[jepsen worker 0] jepsen.util: 0	:invoke	:broadcast	65
2023-05-30 00:34:04,990{GMT}	INFO	[jepsen worker 0] jepsen.util: 0	:ok	:broadcast	65
2023-05-30 00:34:05,013{GMT}	INFO	[jepsen worker 1] jepsen.util: 1	:invoke	:read	nil
2023-05-30 00:34:05,015{GMT}	INFO	[jepsen worker 1] jepsen.util: 1	:ok	:read	[0 4 4 9 9 12 12 13 17 17 18 20 20 25 25 26 30 30 31 34 34 35 37 40 40 44 46 48 48 49 51 51 52 56 58 58 62 62 63]
2023-05-30 00:34:05,159{GMT}	INFO	[jepsen worker 2] jepsen.util: 2	:invoke	:read	nil
2023-05-30 00:34:05,160{GMT}	INFO	[jepsen worker 2] jepsen.util: 2	:ok	:read	[0 0 4 9 12 13 13 17 18 18 20 25 26 26 30 31 31 34 35 35 37 37 40 44 44 46 46 48 49 49 51 52 52 56 56 58 62 63 63]
2023-05-30 00:34:05,333{GMT}	INFO	[jepsen worker 3] jepsen.util: 3	:invoke	:broadcast	66
2023-05-30 00:34:05,334{GMT}	INFO	[jepsen worker 3] jepsen.util: 3	:ok	:broadcast	66
2023-05-30 00:34:05,513{GMT}	INFO	[jepsen worker 4] jepsen.util: 4	:invoke	:broadcast	67
2023-05-30 00:34:05,515{GMT}	INFO	[jepsen worker 4] jepsen.util: 4	:ok	:broadcast	67
2023-05-30 00:34:05,635{GMT}	INFO	[jepsen worker 0] jepsen.util: 0	:invoke	:read	nil
2023-05-30 00:34:05,637{GMT}	INFO	[jepsen worker 0] jepsen.util: 0	:ok	:read	[1 3 3 5 7 7 8 8 11 11 14 16 16 19 21 23 23 24 24 27 29 29 32 33 33 36 36 38 41 43 43 45 47 47 50 50 53 55 55 57 57 60 60 61 61 65 65 66]
2023-05-30 00:34:05,659{GMT}	INFO	[jepsen worker 0] jepsen.util: 0	:invoke	:read	nil
2023-05-30 00:34:05,661{GMT}	INFO	[jepsen worker 0] jepsen.util: 0	:ok	:read	[1 3 3 5 7 7 8 8 11 11 14 16 16 19 21 23 23 24 24 27 29 29 32 33 33 36 36 38 41 43 43 45 47 47 50 50 53 55 55 57 57 60 60 61 61 65 65 66]
2023-05-30 00:34:05,791{GMT}	INFO	[jepsen worker 1] jepsen.util: 1	:invoke	:broadcast	68
2023-05-30 00:34:05,792{GMT}	INFO	[jepsen worker 1] jepsen.util: 1	:ok	:broadcast	68
2023-05-30 00:34:05,819{GMT}	INFO	[jepsen worker 2] jepsen.util: 2	:invoke	:read	nil
2023-05-30 00:34:05,821{GMT}	INFO	[jepsen worker 2] jepsen.util: 2	:ok	:read	[0 0 4 9 12 13 13 17 18 18 20 25 26 26 30 31 31 34 35 35 37 37 40 44 44 46 46 48 49 49 51 52 52 56 56 58 62 63 63 68]
2023-05-30 00:34:05,830{GMT}	INFO	[jepsen worker 3] jepsen.util: 3	:invoke	:read	nil
2023-05-30 00:34:05,832{GMT}	INFO	[jepsen worker 3] jepsen.util: 3	:ok	:read	[1 1 3 5 5 7 8 11 14 14 16 19 19 21 21 23 24 27 27 29 32 32 33 36 38 38 41 41 43 45 45 47 50 53 53 55 57 60 61 65 66 66]
2023-05-30 00:34:06,001{GMT}	INFO	[jepsen worker 4] jepsen.util: 4	:invoke	:broadcast	69
2023-05-30 00:34:06,003{GMT}	INFO	[jepsen worker 4] jepsen.util: 4	:ok	:broadcast	69
2023-05-30 00:34:06,110{GMT}	INFO	[jepsen worker 0] jepsen.util: 0	:invoke	:broadcast	70
2023-05-30 00:34:06,112{GMT}	INFO	[jepsen worker 0] jepsen.util: 0	:ok	:broadcast	70
2023-05-30 00:34:06,271{GMT}	INFO	[jepsen worker 0] jepsen.util: 0	:invoke	:read	nil
2023-05-30 00:34:06,273{GMT}	INFO	[jepsen worker 0] jepsen.util: 0	:ok	:read	[1 3 3 5 7 7 8 8 11 11 14 16 16 19 21 23 23 24 24 27 29 29 32 33 33 36 36 38 41 43 43 45 47 47 50 50 53 55 55 57 57 60 60 61 61 65 65 66 70 70]
2023-05-30 00:34:06,442{GMT}	INFO	[jepsen worker 1] jepsen.util: 1	:invoke	:read	nil
2023-05-30 00:34:06,443{GMT}	INFO	[jepsen worker 1] jepsen.util: 1	:ok	:read	[0 4 4 9 9 12 12 13 17 17 18 20 20 25 25 26 30 30 31 34 34 35 37 40 40 44 46 48 48 49 51 51 52 56 58 58 62 62 63 68 68]
2023-05-30 00:34:06,491{GMT}	INFO	[jepsen worker 2] jepsen.util: 2	:invoke	:read	nil
2023-05-30 00:34:06,493{GMT}	INFO	[jepsen worker 3] jepsen.util: 3	:invoke	:broadcast	71
2023-05-30 00:34:06,494{GMT}	INFO	[jepsen worker 2] jepsen.util: 2	:ok	:read	[0 0 4 9 12 13 13 17 18 18 20 25 26 26 30 31 31 34 35 35 37 37 40 44 44 46 46 48 49 49 51 52 52 56 56 58 62 63 63 68]
2023-05-30 00:34:06,495{GMT}	INFO	[jepsen worker 3] jepsen.util: 3	:ok	:broadcast	71
2023-05-30 00:34:06,692{GMT}	INFO	[jepsen worker 4] jepsen.util: 4	:invoke	:read	nil
2023-05-30 00:34:06,694{GMT}	INFO	[jepsen worker 4] jepsen.util: 4	:ok	:read	[2 6 10 15 22 28 39 42 54 59 64 67 69]
2023-05-30 00:34:06,824{GMT}	INFO	[jepsen worker 0] jepsen.util: 0	:invoke	:read	nil
2023-05-30 00:34:06,827{GMT}	INFO	[jepsen worker 0] jepsen.util: 0	:ok	:read	[1 3 3 5 7 7 8 8 11 11 14 16 16 19 21 23 23 24 24 27 29 29 32 33 33 36 36 38 41 43 43 45 47 47 50 50 53 55 55 57 57 60 60 61 61 65 65 66 70 70 71]
2023-05-30 00:34:06,991{GMT}	INFO	[jepsen worker 0] jepsen.util: 0	:invoke	:broadcast	72
2023-05-30 00:34:06,993{GMT}	INFO	[jepsen worker 0] jepsen.util: 0	:ok	:broadcast	72
2023-05-30 00:34:06,995{GMT}	INFO	[jepsen worker 1] jepsen.util: 1	:invoke	:broadcast	73
2023-05-30 00:34:06,997{GMT}	INFO	[jepsen worker 1] jepsen.util: 1	:ok	:broadcast	73
2023-05-30 00:34:07,043{GMT}	INFO	[jepsen worker 2] jepsen.util: 2	:invoke	:read	nil
2023-05-30 00:34:07,045{GMT}	INFO	[jepsen worker 2] jepsen.util: 2	:ok	:read	[0 0 4 9 12 13 13 17 18 18 20 25 26 26 30 31 31 34 35 35 37 37 40 44 44 46 46 48 49 49 51 52 52 56 56 58 62 63 63 68 73]
2023-05-30 00:34:07,180{GMT}	INFO	[jepsen worker 3] jepsen.util: 3	:invoke	:read	nil
2023-05-30 00:34:07,182{GMT}	INFO	[jepsen worker 3] jepsen.util: 3	:ok	:read	[1 1 3 5 5 7 8 11 14 14 16 19 19 21 21 23 24 27 27 29 32 32 33 36 38 38 41 41 43 45 45 47 50 53 53 55 57 60 61 65 66 66 70 71 71 72]
2023-05-30 00:34:07,278{GMT}	INFO	[jepsen worker 4] jepsen.util: 4	:invoke	:broadcast	74
2023-05-30 00:34:07,280{GMT}	INFO	[jepsen worker 4] jepsen.util: 4	:ok	:broadcast	74
2023-05-30 00:34:07,314{GMT}	INFO	[jepsen worker 0] jepsen.util: 0	:invoke	:read	nil
2023-05-30 00:34:07,315{GMT}	INFO	[jepsen worker 0] jepsen.util: 0	:ok	:read	[1 3 3 5 7 7 8 8 11 11 14 16 16 19 21 23 23 24 24 27 29 29 32 33 33 36 36 38 41 43 43 45 47 47 50 50 53 55 55 57 57 60 60 61 61 65 65 66 70 70 71 72 72]
2023-05-30 00:34:07,424{GMT}	INFO	[jepsen worker 0] jepsen.util: 0	:invoke	:read	nil
2023-05-30 00:34:07,426{GMT}	INFO	[jepsen worker 0] jepsen.util: 0	:ok	:read	[1 3 3 5 7 7 8 8 11 11 14 16 16 19 21 23 23 24 24 27 29 29 32 33 33 36 36 38 41 43 43 45 47 47 50 50 53 55 55 57 57 60 60 61 61 65 65 66 70 70 71 72 72]
2023-05-30 00:34:07,507{GMT}	INFO	[jepsen worker 1] jepsen.util: 1	:invoke	:broadcast	75
2023-05-30 00:34:07,509{GMT}	INFO	[jepsen worker 1] jepsen.util: 1	:ok	:broadcast	75
2023-05-30 00:34:07,664{GMT}	INFO	[jepsen worker 2] jepsen.util: 2	:invoke	:read	nil
2023-05-30 00:34:07,665{GMT}	INFO	[jepsen worker 2] jepsen.util: 2	:ok	:read	[0 0 4 9 12 13 13 17 18 18 20 25 26 26 30 31 31 34 35 35 37 37 40 44 44 46 46 48 49 49 51 52 52 56 56 58 62 63 63 68 73 75]
2023-05-30 00:34:07,760{GMT}	INFO	[jepsen worker 3] jepsen.util: 3	:invoke	:broadcast	76
2023-05-30 00:34:07,762{GMT}	INFO	[jepsen worker 3] jepsen.util: 3	:ok	:broadcast	76
2023-05-30 00:34:07,806{GMT}	INFO	[jepsen worker 4] jepsen.util: 4	:invoke	:read	nil
2023-05-30 00:34:07,807{GMT}	INFO	[jepsen worker 4] jepsen.util: 4	:ok	:read	[2 6 10 15 22 28 39 42 54 59 64 67 69 74]
2023-05-30 00:34:07,974{GMT}	INFO	[jepsen worker 0] jepsen.util: 0	:invoke	:broadcast	77
2023-05-30 00:34:07,976{GMT}	INFO	[jepsen worker 0] jepsen.util: 0	:ok	:broadcast	77
2023-05-30 00:34:08,056{GMT}	INFO	[jepsen worker 0] jepsen.util: 0	:invoke	:broadcast	78
2023-05-30 00:34:08,058{GMT}	INFO	[jepsen worker 0] jepsen.util: 0	:ok	:broadcast	78
2023-05-30 00:34:08,139{GMT}	INFO	[jepsen worker 1] jepsen.util: 1	:invoke	:read	nil
2023-05-30 00:34:08,141{GMT}	INFO	[jepsen worker 1] jepsen.util: 1	:ok	:read	[0 4 4 9 9 12 12 13 17 17 18 20 20 25 25 26 30 30 31 34 34 35 37 40 40 44 46 48 48 49 51 51 52 56 58 58 62 62 63 68 68 73 73 75 75]
2023-05-30 00:34:08,173{GMT}	INFO	[jepsen worker 2] jepsen.util: 2	:invoke	:read	nil
2023-05-30 00:34:08,176{GMT}	INFO	[jepsen worker 2] jepsen.util: 2	:ok	:read	[0 0 4 9 12 13 13 17 18 18 20 25 26 26 30 31 31 34 35 35 37 37 40 44 44 46 46 48 49 49 51 52 52 56 56 58 62 63 63 68 73 75]
2023-05-30 00:34:08,330{GMT}	INFO	[jepsen worker 3] jepsen.util: 3	:invoke	:broadcast	79
2023-05-30 00:34:08,332{GMT}	INFO	[jepsen worker 3] jepsen.util: 3	:ok	:broadcast	79
2023-05-30 00:34:08,371{GMT}	INFO	[jepsen worker 4] jepsen.util: 4	:invoke	:broadcast	80
2023-05-30 00:34:08,373{GMT}	INFO	[jepsen worker 4] jepsen.util: 4	:ok	:broadcast	80
2023-05-30 00:34:08,499{GMT}	INFO	[jepsen worker 0] jepsen.util: 0	:invoke	:broadcast	81
2023-05-30 00:34:08,500{GMT}	INFO	[jepsen worker 0] jepsen.util: 0	:ok	:broadcast	81
2023-05-30 00:34:08,636{GMT}	INFO	[jepsen worker 0] jepsen.util: 0	:invoke	:read	nil
2023-05-30 00:34:08,638{GMT}	INFO	[jepsen worker 0] jepsen.util: 0	:ok	:read	[1 3 3 5 7 7 8 8 11 11 14 16 16 19 21 23 23 24 24 27 29 29 32 33 33 36 36 38 41 43 43 45 47 47 50 50 53 55 55 57 57 60 60 61 61 65 65 66 70 70 71 72 72 76 77 77 78 78 79 81 81]
2023-05-30 00:34:08,718{GMT}	INFO	[jepsen worker 1] jepsen.util: 1	:invoke	:broadcast	82
2023-05-30 00:34:08,720{GMT}	INFO	[jepsen worker 1] jepsen.util: 1	:ok	:broadcast	82
2023-05-30 00:34:08,830{GMT}	INFO	[jepsen worker 2] jepsen.util: 2	:invoke	:read	nil
2023-05-30 00:34:08,832{GMT}	INFO	[jepsen worker 2] jepsen.util: 2	:ok	:read	[0 0 4 9 12 13 13 17 18 18 20 25 26 26 30 31 31 34 35 35 37 37 40 44 44 46 46 48 49 49 51 52 52 56 56 58 62 63 63 68 73 75 82]
2023-05-30 00:34:08,941{GMT}	INFO	[jepsen worker 3] jepsen.util: 3	:invoke	:read	nil
2023-05-30 00:34:08,943{GMT}	INFO	[jepsen worker 3] jepsen.util: 3	:ok	:read	[1 1 3 5 5 7 8 11 14 14 16 19 19 21 21 23 24 27 27 29 32 32 33 36 38 38 41 41 43 45 45 47 50 53 53 55 57 60 61 65 66 66 70 71 71 72 76 76 77 78 79 79 81]
2023-05-30 00:34:08,949{GMT}	INFO	[jepsen worker 4] jepsen.util: 4	:invoke	:broadcast	83
2023-05-30 00:34:08,950{GMT}	INFO	[jepsen worker 4] jepsen.util: 4	:ok	:broadcast	83
2023-05-30 00:34:09,139{GMT}	INFO	[jepsen worker 0] jepsen.util: 0	:invoke	:broadcast	84
2023-05-30 00:34:09,141{GMT}	INFO	[jepsen worker 0] jepsen.util: 0	:ok	:broadcast	84
2023-05-30 00:34:09,202{GMT}	INFO	[jepsen worker 0] jepsen.util: 0	:invoke	:broadcast	85
2023-05-30 00:34:09,203{GMT}	INFO	[jepsen worker 0] jepsen.util: 0	:ok	:broadcast	85
2023-05-30 00:34:09,310{GMT}	INFO	[jepsen worker 1] jepsen.util: 1	:invoke	:broadcast	86
2023-05-30 00:34:09,311{GMT}	INFO	[jepsen worker 1] jepsen.util: 1	:ok	:broadcast	86
2023-05-30 00:34:09,504{GMT}	INFO	[jepsen worker 2] jepsen.util: 2	:invoke	:broadcast	87
2023-05-30 00:34:09,505{GMT}	INFO	[jepsen worker 2] jepsen.util: 2	:ok	:broadcast	87
2023-05-30 00:34:09,625{GMT}	INFO	[jepsen worker 3] jepsen.util: 3	:invoke	:broadcast	88
2023-05-30 00:34:09,626{GMT}	INFO	[jepsen worker 3] jepsen.util: 3	:ok	:broadcast	88
2023-05-30 00:34:09,797{GMT}	INFO	[jepsen worker 4] jepsen.util: 4	:invoke	:broadcast	89
2023-05-30 00:34:09,798{GMT}	INFO	[jepsen worker 4] jepsen.util: 4	:ok	:broadcast	89
2023-05-30 00:34:09,941{GMT}	INFO	[jepsen worker 0] jepsen.util: 0	:invoke	:read	nil
2023-05-30 00:34:09,943{GMT}	INFO	[jepsen worker 0] jepsen.util: 0	:ok	:read	[1 3 3 5 7 7 8 8 11 11 14 16 16 19 21 23 23 24 24 27 29 29 32 33 33 36 36 38 41 43 43 45 47 47 50 50 53 55 55 57 57 60 60 61 61 65 65 66 70 70 71 72 72 76 77 77 78 78 79 81 81 84 84 85 85 88]
2023-05-30 00:34:10,008{GMT}	INFO	[jepsen worker nemesis] jepsen.util: :nemesis	:info	:stop-partition	nil
2023-05-30 00:34:10,008{GMT}	INFO	[jepsen worker nemesis] jepsen.util: :nemesis	:info	:stop-partition	:network-healed
2023-05-30 00:34:10,097{GMT}	INFO	[jepsen worker 1] jepsen.util: 1	:invoke	:broadcast	90
2023-05-30 00:34:10,099{GMT}	INFO	[jepsen worker 1] jepsen.util: 1	:ok	:broadcast	90
2023-05-30 00:34:10,195{GMT}	INFO	[jepsen worker 2] jepsen.util: 2	:invoke	:read	nil
2023-05-30 00:34:10,196{GMT}	INFO	[jepsen worker 2] jepsen.util: 2	:ok	:read	[0 0 4 9 12 13 13 17 18 18 20 25 26 26 30 31 31 34 35 35 37 37 40 44 44 46 46 48 49 49 51 52 52 56 56 58 62 63 63 68 73 75 82 86 87 87 90]
2023-05-30 00:34:10,371{GMT}	INFO	[jepsen worker 3] jepsen.util: 3	:invoke	:broadcast	91
2023-05-30 00:34:10,373{GMT}	INFO	[jepsen worker 3] jepsen.util: 3	:ok	:broadcast	91
2023-05-30 00:34:10,404{GMT}	INFO	[jepsen worker 4] jepsen.util: 4	:invoke	:broadcast	92
2023-05-30 00:34:10,405{GMT}	INFO	[jepsen worker 4] jepsen.util: 4	:ok	:broadcast	92
2023-05-30 00:34:10,419{GMT}	INFO	[jepsen worker 0] jepsen.util: 0	:invoke	:read	nil
2023-05-30 00:34:10,421{GMT}	INFO	[jepsen worker 0] jepsen.util: 0	:ok	:read	[1 3 3 5 7 7 8 8 11 11 14 16 16 19 21 23 23 24 24 27 29 29 32 33 33 36 36 38 41 43 43 45 47 47 50 50 53 55 55 57 57 60 60 61 61 65 65 66 70 70 71 72 72 76 77 77 78 78 79 81 81 84 84 85 85 88 90 91 92]
2023-05-30 00:34:10,505{GMT}	INFO	[jepsen worker 0] jepsen.util: 0	:invoke	:broadcast	93
2023-05-30 00:34:10,507{GMT}	INFO	[jepsen worker 0] jepsen.util: 0	:ok	:broadcast	93
2023-05-30 00:34:10,605{GMT}	INFO	[jepsen worker 1] jepsen.util: 1	:invoke	:broadcast	94
2023-05-30 00:34:10,606{GMT}	INFO	[jepsen worker 1] jepsen.util: 1	:ok	:broadcast	94
2023-05-30 00:34:10,625{GMT}	INFO	[jepsen worker 2] jepsen.util: 2	:invoke	:read	nil
2023-05-30 00:34:10,628{GMT}	INFO	[jepsen worker 2] jepsen.util: 2	:ok	:read	[0 0 4 9 12 13 13 17 18 18 20 25 26 26 30 31 31 34 35 35 37 37 40 44 44 46 46 48 49 49 51 52 52 56 56 58 62 63 63 68 73 75 82 86 87 87 90 91 92 93 94]
2023-05-30 00:34:10,808{GMT}	INFO	[jepsen worker 3] jepsen.util: 3	:invoke	:read	nil
2023-05-30 00:34:10,810{GMT}	INFO	[jepsen worker 3] jepsen.util: 3	:ok	:read	[1 1 3 5 5 7 8 11 14 14 16 19 19 21 21 23 24 27 27 29 32 32 33 36 38 38 41 41 43 45 45 47 50 53 53 55 57 60 61 65 66 66 70 71 71 72 76 76 77 78 79 79 81 84 85 88 88 90 91 91 92 93 94]
2023-05-30 00:34:11,001{GMT}	INFO	[jepsen worker 4] jepsen.util: 4	:invoke	:read	nil
2023-05-30 00:34:11,003{GMT}	INFO	[jepsen worker 4] jepsen.util: 4	:ok	:read	[2 6 10 15 22 28 39 42 54 59 64 67 69 74 80 83 89 90 91 92 92 93 94]
2023-05-30 00:34:11,175{GMT}	INFO	[jepsen worker 0] jepsen.util: 0	:invoke	:broadcast	95
2023-05-30 00:34:11,177{GMT}	INFO	[jepsen worker 0] jepsen.util: 0	:ok	:broadcast	95
2023-05-30 00:34:11,307{GMT}	INFO	[jepsen worker 0] jepsen.util: 0	:invoke	:broadcast	96
2023-05-30 00:34:11,308{GMT}	INFO	[jepsen worker 0] jepsen.util: 0	:ok	:broadcast	96
2023-05-30 00:34:11,471{GMT}	INFO	[jepsen worker 1] jepsen.util: 1	:invoke	:broadcast	97
2023-05-30 00:34:11,473{GMT}	INFO	[jepsen worker 1] jepsen.util: 1	:ok	:broadcast	97
2023-05-30 00:34:11,531{GMT}	INFO	[jepsen worker 2] jepsen.util: 2	:invoke	:read	nil
2023-05-30 00:34:11,532{GMT}	INFO	[jepsen worker 2] jepsen.util: 2	:ok	:read	[0 0 4 9 12 13 13 17 18 18 20 25 26 26 30 31 31 34 35 35 37 37 40 44 44 46 46 48 49 49 51 52 52 56 56 58 62 63 63 68 73 75 82 86 87 87 90 91 92 93 94 95 96 97]
2023-05-30 00:34:11,721{GMT}	INFO	[jepsen worker 3] jepsen.util: 3	:invoke	:broadcast	98
2023-05-30 00:34:11,723{GMT}	INFO	[jepsen worker 3] jepsen.util: 3	:ok	:broadcast	98
2023-05-30 00:34:11,887{GMT}	INFO	[jepsen worker 4] jepsen.util: 4	:invoke	:broadcast	99
2023-05-30 00:34:11,888{GMT}	INFO	[jepsen worker 0] jepsen.util: 0	:invoke	:broadcast	100
2023-05-30 00:34:11,888{GMT}	INFO	[jepsen worker 4] jepsen.util: 4	:ok	:broadcast	99
2023-05-30 00:34:11,890{GMT}	INFO	[jepsen worker 0] jepsen.util: 0	:ok	:broadcast	100
2023-05-30 00:34:11,921{GMT}	INFO	[jepsen worker 0] jepsen.util: 0	:invoke	:broadcast	101
2023-05-30 00:34:11,923{GMT}	INFO	[jepsen worker 0] jepsen.util: 0	:ok	:broadcast	101
2023-05-30 00:34:12,035{GMT}	INFO	[jepsen worker 1] jepsen.util: 1	:invoke	:read	nil
2023-05-30 00:34:12,036{GMT}	INFO	[jepsen worker 1] jepsen.util: 1	:ok	:read	[0 4 4 9 9 12 12 13 17 17 18 20 20 25 25 26 30 30 31 34 34 35 37 40 40 44 46 48 48 49 51 51 52 56 58 58 62 62 63 68 68 73 73 75 75 82 82 86 86 87 90 90 91 92 93 94 94 95 96 97 97 98 99 100 101]
2023-05-30 00:34:12,197{GMT}	INFO	[jepsen worker 2] jepsen.util: 2	:invoke	:read	nil
2023-05-30 00:34:12,199{GMT}	INFO	[jepsen worker 2] jepsen.util: 2	:ok	:read	[0 0 4 9 12 13 13 17 18 18 20 25 26 26 30 31 31 34 35 35 37 37 40 44 44 46 46 48 49 49 51 52 52 56 56 58 62 63 63 68 73 75 82 86 87 87 90 91 92 93 94 95 96 97 98 99 100 101]
2023-05-30 00:34:12,273{GMT}	INFO	[jepsen worker 3] jepsen.util: 3	:invoke	:broadcast	102
2023-05-30 00:34:12,274{GMT}	INFO	[jepsen worker 3] jepsen.util: 3	:ok	:broadcast	102
2023-05-30 00:34:12,329{GMT}	INFO	[jepsen worker 4] jepsen.util: 4	:invoke	:read	nil
2023-05-30 00:34:12,331{GMT}	INFO	[jepsen worker 4] jepsen.util: 4	:ok	:read	[2 6 10 15 22 28 39 42 54 59 64 67 69 74 80 83 89 90 91 92 92 93 94 95 96 97 98 99 99 100 101 102]
2023-05-30 00:34:12,514{GMT}	INFO	[jepsen worker 0] jepsen.util: 0	:invoke	:broadcast	103
2023-05-30 00:34:12,516{GMT}	INFO	[jepsen worker 0] jepsen.util: 0	:ok	:broadcast	103
2023-05-30 00:34:12,564{GMT}	INFO	[jepsen worker 0] jepsen.util: 0	:invoke	:read	nil
2023-05-30 00:34:12,566{GMT}	INFO	[jepsen worker 0] jepsen.util: 0	:ok	:read	[1 3 3 5 7 7 8 8 11 11 14 16 16 19 21 23 23 24 24 27 29 29 32 33 33 36 36 38 41 43 43 45 47 47 50 50 53 55 55 57 57 60 60 61 61 65 65 66 70 70 71 72 72 76 77 77 78 78 79 81 81 84 84 85 85 88 90 91 92 93 93 94 95 95 96 96 97 98 100 99 100 101 101 102 103 103]
2023-05-30 00:34:12,625{GMT}	INFO	[jepsen worker 1] jepsen.util: 1	:invoke	:broadcast	104
2023-05-30 00:34:12,627{GMT}	INFO	[jepsen worker 1] jepsen.util: 1	:ok	:broadcast	104
2023-05-30 00:34:12,781{GMT}	INFO	[jepsen worker 2] jepsen.util: 2	:invoke	:read	nil
2023-05-30 00:34:12,783{GMT}	INFO	[jepsen worker 2] jepsen.util: 2	:ok	:read	[0 0 4 9 12 13 13 17 18 18 20 25 26 26 30 31 31 34 35 35 37 37 40 44 44 46 46 48 49 49 51 52 52 56 56 58 62 63 63 68 73 75 82 86 87 87 90 91 92 93 94 95 96 97 98 99 100 101 102 103 104]
2023-05-30 00:34:12,939{GMT}	INFO	[jepsen worker 3] jepsen.util: 3	:invoke	:read	nil
2023-05-30 00:34:12,940{GMT}	INFO	[jepsen worker 3] jepsen.util: 3	:ok	:read	[1 1 3 5 5 7 8 11 14 14 16 19 19 21 21 23 24 27 27 29 32 32 33 36 38 38 41 41 43 45 45 47 50 53 53 55 57 60 61 65 66 66 70 71 71 72 76 76 77 78 79 79 81 84 85 88 88 90 91 91 92 93 94 95 96 97 98 98 99 100 101 102 102 103 104]
2023-05-30 00:34:13,014{GMT}	INFO	[jepsen worker 4] jepsen.util: 4	:invoke	:read	nil
2023-05-30 00:34:13,016{GMT}	INFO	[jepsen worker 4] jepsen.util: 4	:ok	:read	[2 6 10 15 22 28 39 42 54 59 64 67 69 74 80 83 89 90 91 92 92 93 94 95 96 97 98 99 99 100 101 102 103 104]
2023-05-30 00:34:13,062{GMT}	INFO	[jepsen worker 0] jepsen.util: 0	:invoke	:broadcast	105
2023-05-30 00:34:13,063{GMT}	INFO	[jepsen worker 0] jepsen.util: 0	:ok	:broadcast	105
2023-05-30 00:34:13,064{GMT}	INFO	[jepsen worker nemesis] jepsen.util: :nemesis	:info	:stop-partition	nil
2023-05-30 00:34:13,064{GMT}	INFO	[jepsen worker nemesis] jepsen.util: :nemesis	:info	:stop-partition	:network-healed
2023-05-30 00:34:13,065{GMT}	INFO	[jepsen worker 1] jepsen.generator.interpreter: Waiting for recovery...
2023-05-30 00:34:23,071{GMT}	INFO	[jepsen worker 3] jepsen.util: 3	:invoke	:read	nil
2023-05-30 00:34:23,072{GMT}	INFO	[jepsen worker 1] jepsen.util: 1	:invoke	:read	nil
2023-05-30 00:34:23,072{GMT}	INFO	[jepsen worker 4] jepsen.util: 4	:invoke	:read	nil
2023-05-30 00:34:23,072{GMT}	INFO	[jepsen worker 2] jepsen.util: 2	:invoke	:read	nil
2023-05-30 00:34:23,072{GMT}	INFO	[jepsen worker 0] jepsen.util: 0	:invoke	:read	nil
2023-05-30 00:34:23,074{GMT}	INFO	[jepsen worker 3] jepsen.util: 3	:ok	:read	[1 1 3 5 5 7 8 11 14 14 16 19 19 21 21 23 24 27 27 29 32 32 33 36 38 38 41 41 43 45 45 47 50 53 53 55 57 60 61 65 66 66 70 71 71 72 76 76 77 78 79 79 81 84 85 88 88 90 91 91 92 93 94 95 96 97 98 98 99 100 101 102 102 103 104 105]
2023-05-30 00:34:23,074{GMT}	INFO	[jepsen worker 4] jepsen.util: 4	:ok	:read	[2 6 10 15 22 28 39 42 54 59 64 67 69 74 80 83 89 90 91 92 92 93 94 95 96 97 98 99 99 100 101 102 103 104 105]
2023-05-30 00:34:23,074{GMT}	INFO	[jepsen worker 1] jepsen.util: 1	:ok	:read	[0 4 4 9 9 12 12 13 17 17 18 20 20 25 25 26 30 30 31 34 34 35 37 40 40 44 46 48 48 49 51 51 52 56 58 58 62 62 63 68 68 73 73 75 75 82 82 86 86 87 90 90 91 92 93 94 94 95 96 97 97 98 99 100 101 102 103 104 104 105]
2023-05-30 00:34:23,075{GMT}	INFO	[jepsen worker 0] jepsen.util: 0	:ok	:read	[1 3 3 5 7 7 8 8 11 11 14 16 16 19 21 23 23 24 24 27 29 29 32 33 33 36 36 38 41 43 43 45 47 47 50 50 53 55 55 57 57 60 60 61 61 65 65 66 70 70 71 72 72 76 77 77 78 78 79 81 81 84 84 85 85 88 90 91 92 93 93 94 95 95 96 96 97 98 100 99 100 101 101 102 103 103 104 105 105]
2023-05-30 00:34:23,075{GMT}	INFO	[jepsen worker 2] jepsen.util: 2	:ok	:read	[0 0 4 9 12 13 13 17 18 18 20 25 26 26 30 31 31 34 35 35 37 37 40 44 44 46 46 48 49 49 51 52 52 56 56 58 62 63 63 68 73 75 82 86 87 87 90 91 92 93 94 95 96 97 98 99 100 101 102 103 104 105]
2023-05-30 00:34:23,106{GMT}	INFO	[jepsen test runner] jepsen.core: Run complete, writing
2023-05-30 00:34:23,179{GMT}	INFO	[jepsen node n0] maelstrom.db: Tearing down n0
2023-05-30 00:34:23,179{GMT}	INFO	[jepsen node n1] maelstrom.db: Tearing down n1
2023-05-30 00:34:23,179{GMT}	INFO	[jepsen node n2] maelstrom.db: Tearing down n2
2023-05-30 00:34:23,179{GMT}	INFO	[jepsen node n3] maelstrom.db: Tearing down n3
2023-05-30 00:34:23,179{GMT}	INFO	[jepsen node n4] maelstrom.db: Tearing down n4
2023-05-30 00:34:24,817{GMT}	INFO	[jepsen node n0] maelstrom.net: Shutting down Maelstrom network
2023-05-30 00:34:24,821{GMT}	INFO	[jepsen test runner] jepsen.core: Analyzing...
2023-05-30 00:34:25,355{GMT}	INFO	[jepsen test runner] jepsen.core: Analysis complete
2023-05-30 00:34:25,394{GMT}	INFO	[jepsen results] jepsen.store: Wrote /Users/adicardrz/go-projects/maelstrom-challenges/maelstrom/store/broadcast/20230530T003350.202+0200/results.edn
2023-05-30 00:34:25,454{GMT}	INFO	[jepsen test runner] jepsen.core: {:perf {:latency-graph {:valid? true},
        :rate-graph {:valid? true},
        :valid? true},
 :timeline {:valid? true},
 :exceptions {:valid? true},
 :stats {:valid? true,
         :count 195,
         :ok-count 195,
         :fail-count 0,
         :info-count 0,
         :by-f {:broadcast {:valid? true,
                            :count 106,
                            :ok-count 106,
                            :fail-count 0,
                            :info-count 0},
                :read {:valid? true,
                       :count 89,
                       :ok-count 89,
                       :fail-count 0,
                       :info-count 0}}},
 :availability {:valid? true, :ok-fraction 1.0},
 :net {:all {:send-count 1497,
             :recv-count 1240,
             :msg-count 1497,
             :msgs-per-op 7.6769233},
       :clients {:send-count 410, :recv-count 410, :msg-count 410},
       :servers {:send-count 1087,
                 :recv-count 830,
                 :msg-count 1087,
                 :msgs-per-op 5.574359},
       :valid? true},
 :workload {:worst-stale ({:element 1,
                           :outcome :stable,
                           :stable-latency 29653,
                           :lost-latency nil,
                           :known #jepsen.history.Op{:index 7,
                                                     :time 340255650,
                                                     :type :ok,
                                                     :process 3,
                                                     :f :add,
                                                     :value 1},
                           :last-absent #jepsen.history.Op{:index 389,
                                                           :time 29994075948,
                                                           :type :invoke,
                                                           :process 4,
                                                           :f :read,
                                                           :value nil,
                                                           :final? true}}
                          {:element 3,
                           :outcome :stable,
                           :stable-latency 29420,
                           :lost-latency nil,
                           :known #jepsen.history.Op{:index 11,
                                                     :time 573332486,
                                                     :type :ok,
                                                     :process 0,
                                                     :f :add,
                                                     :value 3},
                           :last-absent #jepsen.history.Op{:index 389,
                                                           :time 29994075948,
                                                           :type :invoke,
                                                           :process 4,
                                                           :f :read,
                                                           :value nil,
                                                           :final? true}}
                          {:element 5,
                           :outcome :stable,
                           :stable-latency 28995,
                           :lost-latency nil,
                           :known #jepsen.history.Op{:index 19,
                                                     :time 998647928,
                                                     :type :ok,
                                                     :process 3,
                                                     :f :add,
                                                     :value 5},
                           :last-absent #jepsen.history.Op{:index 389,
                                                           :time 29994075948,
                                                           :type :invoke,
                                                           :process 4,
                                                           :f :read,
                                                           :value nil,
                                                           :final? true}}
                          {:element 7,
                           :outcome :stable,
                           :stable-latency 28758,
                           :lost-latency nil,
                           :known #jepsen.history.Op{:index 23,
                                                     :time 1236063683,
                                                     :type :ok,
                                                     :process 0,
                                                     :f :add,
                                                     :value 7},
                           :last-absent #jepsen.history.Op{:index 389,
                                                           :time 29994075948,
                                                           :type :invoke,
                                                           :process 4,
                                                           :f :read,
                                                           :value nil,
                                                           :final? true}}
                          {:element 8,
                           :outcome :stable,
                           :stable-latency 28591,
                           :lost-latency nil,
                           :known #jepsen.history.Op{:index 25,
                                                     :time 1402607570,
                                                     :type :ok,
                                                     :process 0,
                                                     :f :add,
                                                     :value 8},
                           :last-absent #jepsen.history.Op{:index 389,
                                                           :time 29994075948,
                                                           :type :invoke,
                                                           :process 4,
                                                           :f :read,
                                                           :value nil,
                                                           :final? true}}
                          {:element 11,
                           :outcome :stable,
                           :stable-latency 28305,
                           :lost-latency nil,
                           :known #jepsen.history.Op{:index 35,
                                                     :time 1688653324,
                                                     :type :ok,
                                                     :process 0,
                                                     :f :add,
                                                     :value 11},
                           :last-absent #jepsen.history.Op{:index 389,
                                                           :time 29994075948,
                                                           :type :invoke,
                                                           :process 4,
                                                           :f :read,
                                                           :value nil,
                                                           :final? true}}
                          {:element 14,
                           :outcome :stable,
                           :stable-latency 27941,
                           :lost-latency nil,
                           :known #jepsen.history.Op{:index 45,
                                                     :time 2053014853,
                                                     :type :ok,
                                                     :process 3,
                                                     :f :add,
                                                     :value 14},
                           :last-absent #jepsen.history.Op{:index 389,
                                                           :time 29994075948,
                                                           :type :invoke,
                                                           :process 4,
                                                           :f :read,
                                                           :value nil,
                                                           :final? true}}
                          {:element 16,
                           :outcome :stable,
                           :stable-latency 27067,
                           :lost-latency nil,
                           :known #jepsen.history.Op{:index 61,
                                                     :time 2926797839,
                                                     :type :ok,
                                                     :process 0,
                                                     :f :add,
                                                     :value 16},
                           :last-absent #jepsen.history.Op{:index 389,
                                                           :time 29994075948,
                                                           :type :invoke,
                                                           :process 4,
                                                           :f :read,
                                                           :value nil,
                                                           :final? true}}),
            :duplicated-count 0,
            :valid? false,
            :lost-count 49,
            :lost (0
                   2
                   4
                   6
                   9
                   10
                   12
                   13
                   15
                   17
                   18
                   20
                   22
                   25
                   26
                   28
                   30
                   31
                   34
                   35
                   37
                   39
                   40
                   42
                   44
                   46
                   48
                   49
                   51
                   52
                   54
                   56
                   58
                   59
                   62
                   63
                   64
                   67
                   68
                   69
                   73
                   74
                   75
                   80
                   82
                   83
                   86
                   87
                   89),
            :stable-count 57,
            :stale-count 41,
            :stale (1
                    3
                    5
                    7
                    8
                    11
                    14
                    16
                    19
                    21
                    23
                    24
                    27
                    29
                    32
                    33
                    36
                    38
                    41
                    43
                    45
                    47
                    50
                    53
                    55
                    57
                    60
                    61
                    65
                    66
                    70
                    71
                    72
                    76
                    77
                    78
                    79
                    81
                    84
                    85
                    88),
            :never-read-count 0,
            :stable-latencies {0 0,
                               0.5 18081,
                               0.95 28995,
                               0.99 29653,
                               1 29653},
            :attempt-count 106,
            :lost-latencies {0 13273,
                             0.5 22554,
                             0.95 29183,
                             0.99 29840,
                             1 29840},
            :never-read (),
            :duplicated {}},
 :valid? false}


Analysis invalid! ( 
