2023-05-29 15:53:13,172{GMT}	INFO	[jepsen test runner] jepsen.core: Command line:
lein run test -w echo --bin /Users/adicardrz/go/bin/maelstrom-echo --node-count 1 --time-limit 10
2023-05-29 15:53:13,252{GMT}	INFO	[jepsen test runner] jepsen.core: Running test:
{:args []
 :remote
 #jepsen.control.retry.Remote{:remote #jepsen.control.scp.Remote{:cmd-remote #jepsen.control.sshj.SSHJRemote{:concurrency-limit 6,
                                                                                                             :conn-spec nil,
                                                                                                             :client nil,
                                                                                                             :semaphore nil},
                                                                 :conn-spec nil},
                              :conn nil}
 :log-net-send false
 :node-count 1
 :availability nil
 :max-txn-length 4
 :concurrency 1
 :db
 #object[maelstrom.db$db$reify__16142
         "0x292237cd"
         "maelstrom.db$db$reify__16142@292237cd"]
 :max-writes-per-key 16
 :leave-db-running? false
 :name "echo"
 :logging-json? false
 :start-time
 #object[org.joda.time.DateTime "0x5827908c" "2023-05-29T15:53:13.115+02:00"]
 :nemesis-interval 10
 :net
 #object[maelstrom.net$jepsen_net$reify__15251
         "0x732ffb6a"
         "maelstrom.net$jepsen_net$reify__15251@732ffb6a"]
 :client
 #object[maelstrom.workload.echo$client$reify__16863
         "0x5ed83e36"
         "maelstrom.workload.echo$client$reify__16863@5ed83e36"]
 :barrier
 #object[java.util.concurrent.CyclicBarrier
         "0x2459715c"
         "java.util.concurrent.CyclicBarrier@2459715c"]
 :log-stderr false
 :pure-generators true
 :ssh {:dummy? true}
 :rate 5
 :checker
 #object[jepsen.checker$compose$reify__11881
         "0x401e36ab"
         "jepsen.checker$compose$reify__11881@401e36ab"]
 :argv
 ("test"
  "-w"
  "echo"
  "--bin"
  "/Users/adicardrz/go/bin/maelstrom-echo"
  "--node-count"
  "1"
  "--time-limit"
  "10")
 :nemesis
 (jepsen.nemesis.ReflCompose
  {:fm {:start-partition 0,
        :stop-partition 0,
        :kill 1,
        :start 1,
        :pause 1,
        :resume 1},
   :nemeses [#unprintable "jepsen.nemesis.combined$partition_nemesis$reify__16416@4ce66169"
             #unprintable "jepsen.nemesis.combined$db_nemesis$reify__16397@53d0cf4d"]})
 :nodes ["n0"]
 :test-count 1
 :latency {:mean 0, :dist :constant}
 :bin "/Users/adicardrz/go/bin/maelstrom-echo"
 :generator
 (jepsen.generator.TimeLimit
  {:limit 10000000000,
   :cutoff nil,
   :gen (jepsen.generator.Any
         {:gens [(jepsen.generator.OnThreads
                  {:f #{:nemesis},
                   :context-filter #object[jepsen.generator.context$make_thread_filter$lazy_filter__9167
                                           "0x405a296e"
                                           "jepsen.generator.context$make_thread_filter$lazy_filter__9167@405a296e"],
                   :gen nil})
                 (jepsen.generator.OnThreads
                  {:f #jepsen.generator.context.AllBut{:element :nemesis},
                   :context-filter #object[jepsen.generator.context$make_thread_filter$lazy_filter__9167
                                           "0x77198cce"
                                           "jepsen.generator.context$make_thread_filter$lazy_filter__9167@77198cce"],
                   :gen (jepsen.generator.Stagger
                         {:dt 400000000,
                          :next-time nil,
                          :gen (jepsen.generator.EachThread
                                {:fresh-gen #object[maelstrom.workload.echo$workload$fn__16882
                                                    "0xe7b7395"
                                                    "maelstrom.workload.echo$workload$fn__16882@e7b7395"],
                                 :context-filters #object[clojure.core$promise$reify__8591
                                                          "0x383c94ed"
                                                          {:status :pending,
                                                           :val nil}],
                                 :gens {}})})})]})})
 :log-net-recv false
 :os
 #object[maelstrom.net$jepsen_os$reify__15254
         "0x293ccbdd"
         "maelstrom.net$jepsen_os$reify__15254@293ccbdd"]
 :time-limit 10
 :workload :echo
 :consistency-models [:strict-serializable]
 :topology :grid}

2023-05-29 15:53:15,696{GMT}	INFO	[jepsen node n0] maelstrom.net: Starting Maelstrom network
2023-05-29 15:53:15,697{GMT}	INFO	[jepsen test runner] jepsen.db: Tearing down DB
2023-05-29 15:53:15,700{GMT}	INFO	[jepsen test runner] jepsen.db: Setting up DB
2023-05-29 15:53:15,704{GMT}	INFO	[jepsen node n0] maelstrom.service: Starting services: (lin-kv lin-tso lww-kv seq-kv)
2023-05-29 15:53:15,706{GMT}	INFO	[jepsen node n0] maelstrom.db: Setting up n0
2023-05-29 15:53:15,707{GMT}	INFO	[jepsen node n0] maelstrom.process: launching /Users/adicardrz/go/bin/maelstrom-echo []
2023-05-29 15:53:15,898{GMT}	INFO	[jepsen test runner] jepsen.core: Relative time begins now
2023-05-29 15:53:15,912{GMT}	INFO	[jepsen worker 0] jepsen.util: 0	:invoke	:echo	"Please echo 73"
2023-05-29 15:53:15,919{GMT}	INFO	[jepsen worker 0] jepsen.util: 0	:ok	:echo	{:echo "Please echo 73", :in_reply_to 1, :msg_id 1, :type "echo_ok"}
2023-05-29 15:53:16,147{GMT}	INFO	[jepsen worker 0] jepsen.util: 0	:invoke	:echo	"Please echo 81"
2023-05-29 15:53:16,151{GMT}	INFO	[jepsen worker 0] jepsen.util: 0	:ok	:echo	{:echo "Please echo 81", :in_reply_to 2, :msg_id 2, :type "echo_ok"}
2023-05-29 15:53:16,327{GMT}	INFO	[jepsen worker 0] jepsen.util: 0	:invoke	:echo	"Please echo 56"
2023-05-29 15:53:16,330{GMT}	INFO	[jepsen worker 0] jepsen.util: 0	:ok	:echo	{:echo "Please echo 56", :in_reply_to 3, :msg_id 3, :type "echo_ok"}
2023-05-29 15:53:16,541{GMT}	INFO	[jepsen worker 0] jepsen.util: 0	:invoke	:echo	"Please echo 83"
2023-05-29 15:53:16,543{GMT}	INFO	[jepsen worker 0] jepsen.util: 0	:ok	:echo	{:echo "Please echo 83", :in_reply_to 4, :msg_id 4, :type "echo_ok"}
2023-05-29 15:53:16,719{GMT}	INFO	[jepsen worker 0] jepsen.util: 0	:invoke	:echo	"Please echo 91"
2023-05-29 15:53:16,722{GMT}	INFO	[jepsen worker 0] jepsen.util: 0	:ok	:echo	{:echo "Please echo 91", :in_reply_to 5, :msg_id 5, :type "echo_ok"}
2023-05-29 15:53:16,847{GMT}	INFO	[jepsen worker 0] jepsen.util: 0	:invoke	:echo	"Please echo 107"
2023-05-29 15:53:16,851{GMT}	INFO	[jepsen worker 0] jepsen.util: 0	:ok	:echo	{:echo "Please echo 107", :in_reply_to 6, :msg_id 6, :type "echo_ok"}
2023-05-29 15:53:16,959{GMT}	INFO	[jepsen worker 0] jepsen.util: 0	:invoke	:echo	"Please echo 50"
2023-05-29 15:53:16,961{GMT}	INFO	[jepsen worker 0] jepsen.util: 0	:ok	:echo	{:echo "Please echo 50", :in_reply_to 7, :msg_id 7, :type "echo_ok"}
2023-05-29 15:53:17,189{GMT}	INFO	[jepsen worker 0] jepsen.util: 0	:invoke	:echo	"Please echo 81"
2023-05-29 15:53:17,192{GMT}	INFO	[jepsen worker 0] jepsen.util: 0	:ok	:echo	{:echo "Please echo 81", :in_reply_to 8, :msg_id 8, :type "echo_ok"}
2023-05-29 15:53:17,491{GMT}	INFO	[jepsen worker 0] jepsen.util: 0	:invoke	:echo	"Please echo 22"
2023-05-29 15:53:17,495{GMT}	INFO	[jepsen worker 0] jepsen.util: 0	:ok	:echo	{:echo "Please echo 22", :in_reply_to 9, :msg_id 9, :type "echo_ok"}
2023-05-29 15:53:17,888{GMT}	INFO	[jepsen worker 0] jepsen.util: 0	:invoke	:echo	"Please echo 76"
2023-05-29 15:53:17,891{GMT}	INFO	[jepsen worker 0] jepsen.util: 0	:ok	:echo	{:echo "Please echo 76", :in_reply_to 10, :msg_id 10, :type "echo_ok"}
2023-05-29 15:53:18,018{GMT}	INFO	[jepsen worker 0] jepsen.util: 0	:invoke	:echo	"Please echo 114"
2023-05-29 15:53:18,020{GMT}	INFO	[jepsen worker 0] jepsen.util: 0	:ok	:echo	{:echo "Please echo 114", :in_reply_to 11, :msg_id 11, :type "echo_ok"}
2023-05-29 15:53:18,369{GMT}	INFO	[jepsen worker 0] jepsen.util: 0	:invoke	:echo	"Please echo 124"
2023-05-29 15:53:18,372{GMT}	INFO	[jepsen worker 0] jepsen.util: 0	:ok	:echo	{:echo "Please echo 124", :in_reply_to 12, :msg_id 12, :type "echo_ok"}
2023-05-29 15:53:18,772{GMT}	INFO	[jepsen worker 0] jepsen.util: 0	:invoke	:echo	"Please echo 33"
2023-05-29 15:53:18,775{GMT}	INFO	[jepsen worker 0] jepsen.util: 0	:ok	:echo	{:echo "Please echo 33", :in_reply_to 13, :msg_id 13, :type "echo_ok"}
2023-05-29 15:53:18,874{GMT}	INFO	[jepsen worker 0] jepsen.util: 0	:invoke	:echo	"Please echo 63"
2023-05-29 15:53:18,876{GMT}	INFO	[jepsen worker 0] jepsen.util: 0	:ok	:echo	{:echo "Please echo 63", :in_reply_to 14, :msg_id 14, :type "echo_ok"}
2023-05-29 15:53:19,011{GMT}	INFO	[jepsen worker 0] jepsen.util: 0	:invoke	:echo	"Please echo 119"
2023-05-29 15:53:19,013{GMT}	INFO	[jepsen worker 0] jepsen.util: 0	:ok	:echo	{:echo "Please echo 119", :in_reply_to 15, :msg_id 15, :type "echo_ok"}
2023-05-29 15:53:19,139{GMT}	INFO	[jepsen worker 0] jepsen.util: 0	:invoke	:echo	"Please echo 121"
2023-05-29 15:53:19,141{GMT}	INFO	[jepsen worker 0] jepsen.util: 0	:ok	:echo	{:echo "Please echo 121", :in_reply_to 16, :msg_id 16, :type "echo_ok"}
2023-05-29 15:53:19,200{GMT}	INFO	[jepsen worker 0] jepsen.util: 0	:invoke	:echo	"Please echo 70"
2023-05-29 15:53:19,204{GMT}	INFO	[jepsen worker 0] jepsen.util: 0	:ok	:echo	{:echo "Please echo 70", :in_reply_to 17, :msg_id 17, :type "echo_ok"}
2023-05-29 15:53:19,578{GMT}	INFO	[jepsen worker 0] jepsen.util: 0	:invoke	:echo	"Please echo 23"
2023-05-29 15:53:19,581{GMT}	INFO	[jepsen worker 0] jepsen.util: 0	:ok	:echo	{:echo "Please echo 23", :in_reply_to 18, :msg_id 18, :type "echo_ok"}
2023-05-29 15:53:19,772{GMT}	INFO	[jepsen worker 0] jepsen.util: 0	:invoke	:echo	"Please echo 70"
2023-05-29 15:53:19,774{GMT}	INFO	[jepsen worker 0] jepsen.util: 0	:ok	:echo	{:echo "Please echo 70", :in_reply_to 19, :msg_id 19, :type "echo_ok"}
2023-05-29 15:53:20,057{GMT}	INFO	[jepsen worker 0] jepsen.util: 0	:invoke	:echo	"Please echo 33"
2023-05-29 15:53:20,060{GMT}	INFO	[jepsen worker 0] jepsen.util: 0	:ok	:echo	{:echo "Please echo 33", :in_reply_to 20, :msg_id 20, :type "echo_ok"}
2023-05-29 15:53:20,438{GMT}	INFO	[jepsen worker 0] jepsen.util: 0	:invoke	:echo	"Please echo 50"
2023-05-29 15:53:20,441{GMT}	INFO	[jepsen worker 0] jepsen.util: 0	:ok	:echo	{:echo "Please echo 50", :in_reply_to 21, :msg_id 21, :type "echo_ok"}
2023-05-29 15:53:20,833{GMT}	INFO	[jepsen worker 0] jepsen.util: 0	:invoke	:echo	"Please echo 119"
2023-05-29 15:53:20,836{GMT}	INFO	[jepsen worker 0] jepsen.util: 0	:ok	:echo	{:echo "Please echo 119", :in_reply_to 22, :msg_id 22, :type "echo_ok"}
2023-05-29 15:53:21,191{GMT}	INFO	[jepsen worker 0] jepsen.util: 0	:invoke	:echo	"Please echo 65"
2023-05-29 15:53:21,193{GMT}	INFO	[jepsen worker 0] jepsen.util: 0	:ok	:echo	{:echo "Please echo 65", :in_reply_to 23, :msg_id 23, :type "echo_ok"}
2023-05-29 15:53:21,433{GMT}	INFO	[jepsen worker 0] jepsen.util: 0	:invoke	:echo	"Please echo 27"
2023-05-29 15:53:21,436{GMT}	INFO	[jepsen worker 0] jepsen.util: 0	:ok	:echo	{:echo "Please echo 27", :in_reply_to 24, :msg_id 24, :type "echo_ok"}
2023-05-29 15:53:21,571{GMT}	INFO	[jepsen worker 0] jepsen.util: 0	:invoke	:echo	"Please echo 73"
2023-05-29 15:53:21,574{GMT}	INFO	[jepsen worker 0] jepsen.util: 0	:ok	:echo	{:echo "Please echo 73", :in_reply_to 25, :msg_id 25, :type "echo_ok"}
2023-05-29 15:53:21,813{GMT}	INFO	[jepsen worker 0] jepsen.util: 0	:invoke	:echo	"Please echo 62"
2023-05-29 15:53:21,815{GMT}	INFO	[jepsen worker 0] jepsen.util: 0	:ok	:echo	{:echo "Please echo 62", :in_reply_to 26, :msg_id 26, :type "echo_ok"}
2023-05-29 15:53:22,085{GMT}	INFO	[jepsen worker 0] jepsen.util: 0	:invoke	:echo	"Please echo 97"
2023-05-29 15:53:22,088{GMT}	INFO	[jepsen worker 0] jepsen.util: 0	:ok	:echo	{:echo "Please echo 97", :in_reply_to 27, :msg_id 27, :type "echo_ok"}
2023-05-29 15:53:22,386{GMT}	INFO	[jepsen worker 0] jepsen.util: 0	:invoke	:echo	"Please echo 112"
2023-05-29 15:53:22,388{GMT}	INFO	[jepsen worker 0] jepsen.util: 0	:ok	:echo	{:echo "Please echo 112", :in_reply_to 28, :msg_id 28, :type "echo_ok"}
2023-05-29 15:53:22,716{GMT}	INFO	[jepsen worker 0] jepsen.util: 0	:invoke	:echo	"Please echo 67"
2023-05-29 15:53:22,719{GMT}	INFO	[jepsen worker 0] jepsen.util: 0	:ok	:echo	{:echo "Please echo 67", :in_reply_to 29, :msg_id 29, :type "echo_ok"}
2023-05-29 15:53:22,929{GMT}	INFO	[jepsen worker 0] jepsen.util: 0	:invoke	:echo	"Please echo 83"
2023-05-29 15:53:22,931{GMT}	INFO	[jepsen worker 0] jepsen.util: 0	:ok	:echo	{:echo "Please echo 83", :in_reply_to 30, :msg_id 30, :type "echo_ok"}
2023-05-29 15:53:23,065{GMT}	INFO	[jepsen worker 0] jepsen.util: 0	:invoke	:echo	"Please echo 88"
2023-05-29 15:53:23,068{GMT}	INFO	[jepsen worker 0] jepsen.util: 0	:ok	:echo	{:echo "Please echo 88", :in_reply_to 31, :msg_id 31, :type "echo_ok"}
2023-05-29 15:53:23,389{GMT}	INFO	[jepsen worker 0] jepsen.util: 0	:invoke	:echo	"Please echo 2"
2023-05-29 15:53:23,391{GMT}	INFO	[jepsen worker 0] jepsen.util: 0	:ok	:echo	{:echo "Please echo 2", :in_reply_to 32, :msg_id 32, :type "echo_ok"}
2023-05-29 15:53:23,614{GMT}	INFO	[jepsen worker 0] jepsen.util: 0	:invoke	:echo	"Please echo 9"
2023-05-29 15:53:23,616{GMT}	INFO	[jepsen worker 0] jepsen.util: 0	:ok	:echo	{:echo "Please echo 9", :in_reply_to 33, :msg_id 33, :type "echo_ok"}
2023-05-29 15:53:23,640{GMT}	INFO	[jepsen worker 0] jepsen.util: 0	:invoke	:echo	"Please echo 33"
2023-05-29 15:53:23,666{GMT}	INFO	[jepsen worker 0] jepsen.util: 0	:ok	:echo	{:echo "Please echo 33", :in_reply_to 34, :msg_id 34, :type "echo_ok"}
2023-05-29 15:53:24,007{GMT}	INFO	[jepsen worker 0] jepsen.util: 0	:invoke	:echo	"Please echo 99"
2023-05-29 15:53:24,009{GMT}	INFO	[jepsen worker 0] jepsen.util: 0	:ok	:echo	{:echo "Please echo 99", :in_reply_to 35, :msg_id 35, :type "echo_ok"}
2023-05-29 15:53:24,151{GMT}	INFO	[jepsen worker 0] jepsen.util: 0	:invoke	:echo	"Please echo 33"
2023-05-29 15:53:24,154{GMT}	INFO	[jepsen worker 0] jepsen.util: 0	:ok	:echo	{:echo "Please echo 33", :in_reply_to 36, :msg_id 36, :type "echo_ok"}
2023-05-29 15:53:24,447{GMT}	INFO	[jepsen worker 0] jepsen.util: 0	:invoke	:echo	"Please echo 81"
2023-05-29 15:53:24,450{GMT}	INFO	[jepsen worker 0] jepsen.util: 0	:ok	:echo	{:echo "Please echo 81", :in_reply_to 37, :msg_id 37, :type "echo_ok"}
2023-05-29 15:53:24,525{GMT}	INFO	[jepsen worker 0] jepsen.util: 0	:invoke	:echo	"Please echo 42"
2023-05-29 15:53:24,527{GMT}	INFO	[jepsen worker 0] jepsen.util: 0	:ok	:echo	{:echo "Please echo 42", :in_reply_to 38, :msg_id 38, :type "echo_ok"}
2023-05-29 15:53:24,913{GMT}	INFO	[jepsen worker 0] jepsen.util: 0	:invoke	:echo	"Please echo 28"
2023-05-29 15:53:24,915{GMT}	INFO	[jepsen worker 0] jepsen.util: 0	:ok	:echo	{:echo "Please echo 28", :in_reply_to 39, :msg_id 39, :type "echo_ok"}
2023-05-29 15:53:25,083{GMT}	INFO	[jepsen worker 0] jepsen.util: 0	:invoke	:echo	"Please echo 105"
2023-05-29 15:53:25,086{GMT}	INFO	[jepsen worker 0] jepsen.util: 0	:ok	:echo	{:echo "Please echo 105", :in_reply_to 40, :msg_id 40, :type "echo_ok"}
2023-05-29 15:53:25,305{GMT}	INFO	[jepsen worker 0] jepsen.util: 0	:invoke	:echo	"Please echo 30"
2023-05-29 15:53:25,308{GMT}	INFO	[jepsen worker 0] jepsen.util: 0	:ok	:echo	{:echo "Please echo 30", :in_reply_to 41, :msg_id 41, :type "echo_ok"}
2023-05-29 15:53:25,374{GMT}	INFO	[jepsen worker 0] jepsen.util: 0	:invoke	:echo	"Please echo 70"
2023-05-29 15:53:25,376{GMT}	INFO	[jepsen worker 0] jepsen.util: 0	:ok	:echo	{:echo "Please echo 70", :in_reply_to 42, :msg_id 42, :type "echo_ok"}
2023-05-29 15:53:25,639{GMT}	INFO	[jepsen worker 0] jepsen.util: 0	:invoke	:echo	"Please echo 67"
2023-05-29 15:53:25,641{GMT}	INFO	[jepsen worker 0] jepsen.util: 0	:ok	:echo	{:echo "Please echo 67", :in_reply_to 43, :msg_id 43, :type "echo_ok"}
2023-05-29 15:53:25,723{GMT}	INFO	[jepsen worker 0] jepsen.util: 0	:invoke	:echo	"Please echo 77"
2023-05-29 15:53:25,726{GMT}	INFO	[jepsen worker 0] jepsen.util: 0	:ok	:echo	{:echo "Please echo 77", :in_reply_to 44, :msg_id 44, :type "echo_ok"}
2023-05-29 15:53:25,790{GMT}	INFO	[jepsen worker 0] jepsen.util: 0	:invoke	:echo	"Please echo 125"
2023-05-29 15:53:25,792{GMT}	INFO	[jepsen worker 0] jepsen.util: 0	:ok	:echo	{:echo "Please echo 125", :in_reply_to 45, :msg_id 45, :type "echo_ok"}
2023-05-29 15:53:25,840{GMT}	INFO	[jepsen worker 0] jepsen.util: 0	:invoke	:echo	"Please echo 68"
2023-05-29 15:53:25,842{GMT}	INFO	[jepsen worker 0] jepsen.util: 0	:ok	:echo	{:echo "Please echo 68", :in_reply_to 46, :msg_id 46, :type "echo_ok"}
2023-05-29 15:53:25,894{GMT}	INFO	[jepsen test runner] jepsen.core: Run complete, writing
2023-05-29 15:53:25,943{GMT}	INFO	[jepsen node n0] maelstrom.db: Tearing down n0
2023-05-29 15:53:27,733{GMT}	INFO	[jepsen node n0] maelstrom.net: Shutting down Maelstrom network
2023-05-29 15:53:27,734{GMT}	INFO	[jepsen test runner] jepsen.core: Analyzing...
2023-05-29 15:53:34,316{GMT}	INFO	[jepsen test runner] jepsen.core: Analysis complete
2023-05-29 15:53:34,329{GMT}	INFO	[jepsen results] jepsen.store: Wrote /Users/adicardrz/go-projects/maelstrom-challenges/maelstrom/store/echo/20230529T155313.115+0200/results.edn
2023-05-29 15:53:34,402{GMT}	INFO	[jepsen test runner] jepsen.core: {:perf {:latency-graph {:valid? true},
        :rate-graph {:valid? true},
        :valid? true},
 :timeline {:valid? true},
 :exceptions {:valid? true},
 :stats {:valid? true,
         :count 46,
         :ok-count 46,
         :fail-count 0,
         :info-count 0,
         :by-f {:echo {:valid? true,
                       :count 46,
                       :ok-count 46,
                       :fail-count 0,
                       :info-count 0}}},
 :availability {:valid? true, :ok-fraction 1.0},
 :net {:all {:send-count 94,
             :recv-count 94,
             :msg-count 94,
             :msgs-per-op 2.0434783},
       :clients {:send-count 94, :recv-count 94, :msg-count 94},
       :servers {:send-count 0,
                 :recv-count 0,
                 :msg-count 0,
                 :msgs-per-op 0.0},
       :valid? true},
 :workload {:valid? true, :errors ()},
 :valid? true}


Everything looks good! ヽ(‘ー`)ノ
