2023/05/29 23:42:54 Received {c3 n2 {"type":"init","node_id":"n2","node_ids":["n0","n1","n2","n3","n4"],"msg_id":1}}
2023/05/29 23:42:54 Node n2 initialized
2023/05/29 23:42:54 Sent {"src":"n2","dest":"c3","body":{"in_reply_to":1,"type":"init_ok"}}
2023/05/29 23:42:54 Received {c8 n2 {"type":"topology","topology":{"n0":["n3","n1"],"n1":["n4","n2","n0"],"n2":["n1"],"n3":["n0","n4"],"n4":["n1","n3"]},"msg_id":1}}
2023/05/29 23:42:54 Sent {"src":"n2","dest":"c8","body":{"in_reply_to":1,"type":"topology_ok"}}
2023/05/29 23:42:54 Received {n1 n2 {"counter":1,"message":0,"msg_id":2,"sender":"n1","type":"gossip"}}
2023/05/29 23:42:54 Sent {"src":"n2","dest":"n1","body":{"counter":1,"message":0,"msg_id":1,"sender":"n1","type":"gossip"}}
2023/05/29 23:42:54 Sent {"src":"n2","dest":"n1","body":{"in_reply_to":2,"type":"gossip_ok"}}
2023/05/29 23:42:54 Received {n1 n2 {"counter":1,"message":0,"msg_id":5,"sender":"n1","type":"gossip"}}
2023/05/29 23:42:54 Received {n1 n2 {"in_reply_to":1,"type":"gossip_ok"}}
2023/05/29 23:42:54 Sent {"src":"n2","dest":"n1","body":{"in_reply_to":5,"type":"gossip_ok"}}
2023/05/29 23:42:54 Received {c11 n2 {"type":"read","msg_id":1}}
2023/05/29 23:42:54 Sent {"src":"n2","dest":"c11","body":{"in_reply_to":1,"messages":[0],"msg_id":1,"type":"read_ok"}}
2023/05/29 23:42:55 Received {n1 n2 {"counter":1,"message":2,"msg_id":8,"sender":"n0","type":"gossip"}}
2023/05/29 23:42:55 Sent {"src":"n2","dest":"n1","body":{"counter":1,"message":2,"msg_id":2,"sender":"n0","type":"gossip"}}
2023/05/29 23:42:55 Sent {"src":"n2","dest":"n1","body":{"in_reply_to":8,"type":"gossip_ok"}}
2023/05/29 23:42:55 Received {n1 n2 {"in_reply_to":2,"type":"gossip_ok"}}
2023/05/29 23:42:55 Received {n1 n2 {"counter":2,"message":3,"msg_id":11,"sender":"n0","type":"gossip"}}
2023/05/29 23:42:55 Sent {"src":"n2","dest":"n1","body":{"counter":2,"message":3,"msg_id":3,"sender":"n0","type":"gossip"}}
2023/05/29 23:42:55 Sent {"src":"n2","dest":"n1","body":{"in_reply_to":11,"type":"gossip_ok"}}
2023/05/29 23:42:55 Received {n1 n2 {"in_reply_to":3,"type":"gossip_ok"}}
2023/05/29 23:42:55 Received {n1 n2 {"counter":2,"message":4,"msg_id":14,"sender":"n1","type":"gossip"}}
2023/05/29 23:42:55 Sent {"src":"n2","dest":"n1","body":{"counter":2,"message":4,"msg_id":4,"sender":"n1","type":"gossip"}}
2023/05/29 23:42:55 Sent {"src":"n2","dest":"n1","body":{"in_reply_to":14,"type":"gossip_ok"}}
2023/05/29 23:42:55 Received {n1 n2 {"counter":2,"message":4,"msg_id":17,"sender":"n1","type":"gossip"}}
2023/05/29 23:42:55 Sent {"src":"n2","dest":"n1","body":{"in_reply_to":17,"type":"gossip_ok"}}
2023/05/29 23:42:55 Received {n1 n2 {"in_reply_to":4,"type":"gossip_ok"}}
2023/05/29 23:42:55 Received {c11 n2 {"type":"broadcast","message":5,"msg_id":2}}
2023/05/29 23:42:55 Sent {"src":"n2","dest":"n1","body":{"counter":1,"message":5,"msg_id":5,"sender":"n2","type":"gossip"}}
2023/05/29 23:42:55 Sent {"src":"n2","dest":"c11","body":{"in_reply_to":2,"type":"broadcast_ok"}}
2023/05/29 23:42:55 Received {n1 n2 {"counter":1,"message":5,"msg_id":20,"sender":"n2","type":"gossip"}}
2023/05/29 23:42:55 Sent {"src":"n2","dest":"n1","body":{"counter":1,"message":5,"msg_id":6,"sender":"n2","type":"gossip"}}
2023/05/29 23:42:55 Sent {"src":"n2","dest":"n1","body":{"in_reply_to":20,"type":"gossip_ok"}}
2023/05/29 23:42:55 Received {n1 n2 {"in_reply_to":5,"type":"gossip_ok"}}
2023/05/29 23:42:55 Received {n1 n2 {"in_reply_to":6,"type":"gossip_ok"}}
2023/05/29 23:42:55 Received {n1 n2 {"counter":3,"message":6,"msg_id":23,"sender":"n0","type":"gossip"}}
2023/05/29 23:42:55 Sent {"src":"n2","dest":"n1","body":{"counter":3,"message":6,"msg_id":7,"sender":"n0","type":"gossip"}}
2023/05/29 23:42:55 Sent {"src":"n2","dest":"n1","body":{"in_reply_to":23,"type":"gossip_ok"}}
2023/05/29 23:42:55 Received {n1 n2 {"in_reply_to":7,"type":"gossip_ok"}}
2023/05/29 23:42:56 Received {c11 n2 {"type":"read","msg_id":3}}
2023/05/29 23:42:56 Sent {"src":"n2","dest":"c11","body":{"in_reply_to":3,"messages":[0,2,3,4,5,5,6],"msg_id":3,"type":"read_ok"}}
2023/05/29 23:42:56 Received {n1 n2 {"counter":1,"message":7,"msg_id":26,"sender":"n3","type":"gossip"}}
2023/05/29 23:42:56 Sent {"src":"n2","dest":"n1","body":{"counter":1,"message":7,"msg_id":8,"sender":"n3","type":"gossip"}}
2023/05/29 23:42:56 Sent {"src":"n2","dest":"n1","body":{"in_reply_to":26,"type":"gossip_ok"}}
2023/05/29 23:42:56 Received {n1 n2 {"in_reply_to":8,"type":"gossip_ok"}}
2023/05/29 23:42:56 Received {n1 n2 {"counter":4,"message":9,"msg_id":29,"sender":"n0","type":"gossip"}}
2023/05/29 23:42:56 Sent {"src":"n2","dest":"n1","body":{"counter":4,"message":9,"msg_id":9,"sender":"n0","type":"gossip"}}
2023/05/29 23:42:56 Sent {"src":"n2","dest":"n1","body":{"in_reply_to":29,"type":"gossip_ok"}}
2023/05/29 23:42:56 Received {n1 n2 {"in_reply_to":9,"type":"gossip_ok"}}
2023/05/29 23:42:56 Received {n1 n2 {"counter":5,"message":10,"msg_id":32,"sender":"n0","type":"gossip"}}
2023/05/29 23:42:56 Sent {"src":"n2","dest":"n1","body":{"counter":5,"message":10,"msg_id":10,"sender":"n0","type":"gossip"}}
2023/05/29 23:42:56 Sent {"src":"n2","dest":"n1","body":{"in_reply_to":32,"type":"gossip_ok"}}
2023/05/29 23:42:56 Received {n1 n2 {"in_reply_to":10,"type":"gossip_ok"}}
2023/05/29 23:42:56 Received {n1 n2 {"counter":3,"message":11,"msg_id":35,"sender":"n1","type":"gossip"}}
2023/05/29 23:42:56 Sent {"src":"n2","dest":"n1","body":{"counter":3,"message":11,"msg_id":11,"sender":"n1","type":"gossip"}}
2023/05/29 23:42:56 Sent {"src":"n2","dest":"n1","body":{"in_reply_to":35,"type":"gossip_ok"}}
2023/05/29 23:42:56 Received {n1 n2 {"counter":3,"message":11,"msg_id":38,"sender":"n1","type":"gossip"}}
2023/05/29 23:42:56 Sent {"src":"n2","dest":"n1","body":{"in_reply_to":38,"type":"gossip_ok"}}
2023/05/29 23:42:56 Received {n1 n2 {"in_reply_to":11,"type":"gossip_ok"}}
2023/05/29 23:42:56 Received {c11 n2 {"type":"read","msg_id":4}}
2023/05/29 23:42:56 Sent {"src":"n2","dest":"c11","body":{"in_reply_to":4,"messages":[0,2,3,4,5,5,6,7,9,10,11],"msg_id":4,"type":"read_ok"}}
2023/05/29 23:42:56 Received {n1 n2 {"counter":6,"message":12,"msg_id":41,"sender":"n0","type":"gossip"}}
2023/05/29 23:42:56 Sent {"src":"n2","dest":"n1","body":{"counter":6,"message":12,"msg_id":12,"sender":"n0","type":"gossip"}}
2023/05/29 23:42:56 Sent {"src":"n2","dest":"n1","body":{"in_reply_to":41,"type":"gossip_ok"}}
2023/05/29 23:42:56 Received {n1 n2 {"in_reply_to":12,"type":"gossip_ok"}}
2023/05/29 23:42:57 Received {c11 n2 {"type":"read","msg_id":5}}
2023/05/29 23:42:57 Sent {"src":"n2","dest":"c11","body":{"in_reply_to":5,"messages":[0,2,3,4,5,5,6,7,9,10,11,12],"msg_id":5,"type":"read_ok"}}
2023/05/29 23:42:57 Received {n1 n2 {"counter":7,"message":13,"msg_id":44,"sender":"n0","type":"gossip"}}
2023/05/29 23:42:57 Sent {"src":"n2","dest":"n1","body":{"counter":7,"message":13,"msg_id":13,"sender":"n0","type":"gossip"}}
2023/05/29 23:42:57 Sent {"src":"n2","dest":"n1","body":{"in_reply_to":44,"type":"gossip_ok"}}
2023/05/29 23:42:57 Received {n1 n2 {"in_reply_to":13,"type":"gossip_ok"}}
2023/05/29 23:42:57 Received {n1 n2 {"counter":8,"message":14,"msg_id":47,"sender":"n0","type":"gossip"}}
2023/05/29 23:42:57 Sent {"src":"n2","dest":"n1","body":{"counter":8,"message":14,"msg_id":14,"sender":"n0","type":"gossip"}}
2023/05/29 23:42:57 Sent {"src":"n2","dest":"n1","body":{"in_reply_to":47,"type":"gossip_ok"}}
2023/05/29 23:42:57 Received {n1 n2 {"in_reply_to":14,"type":"gossip_ok"}}
2023/05/29 23:42:57 Received {c11 n2 {"type":"broadcast","message":15,"msg_id":6}}
2023/05/29 23:42:57 Sent {"src":"n2","dest":"n1","body":{"counter":2,"message":15,"msg_id":15,"sender":"n2","type":"gossip"}}
2023/05/29 23:42:57 Sent {"src":"n2","dest":"c11","body":{"in_reply_to":6,"type":"broadcast_ok"}}
2023/05/29 23:42:57 Received {n1 n2 {"counter":2,"message":15,"msg_id":50,"sender":"n2","type":"gossip"}}
2023/05/29 23:42:57 Sent {"src":"n2","dest":"n1","body":{"counter":2,"message":15,"msg_id":16,"sender":"n2","type":"gossip"}}
2023/05/29 23:42:57 Sent {"src":"n2","dest":"n1","body":{"in_reply_to":50,"type":"gossip_ok"}}
2023/05/29 23:42:57 Received {n1 n2 {"in_reply_to":15,"type":"gossip_ok"}}
2023/05/29 23:42:57 Received {n1 n2 {"in_reply_to":16,"type":"gossip_ok"}}
2023/05/29 23:42:58 Received {n1 n2 {"counter":9,"message":17,"msg_id":53,"sender":"n0","type":"gossip"}}
2023/05/29 23:42:58 Sent {"src":"n2","dest":"n1","body":{"counter":9,"message":17,"msg_id":17,"sender":"n0","type":"gossip"}}
2023/05/29 23:42:58 Sent {"src":"n2","dest":"n1","body":{"in_reply_to":53,"type":"gossip_ok"}}
2023/05/29 23:42:58 Received {n1 n2 {"in_reply_to":17,"type":"gossip_ok"}}
2023/05/29 23:42:58 Received {n1 n2 {"counter":4,"message":18,"msg_id":56,"sender":"n1","type":"gossip"}}
2023/05/29 23:42:58 Sent {"src":"n2","dest":"n1","body":{"counter":4,"message":18,"msg_id":18,"sender":"n1","type":"gossip"}}
2023/05/29 23:42:58 Sent {"src":"n2","dest":"n1","body":{"in_reply_to":56,"type":"gossip_ok"}}
2023/05/29 23:42:58 Received {n1 n2 {"counter":4,"message":18,"msg_id":59,"sender":"n1","type":"gossip"}}
2023/05/29 23:42:58 Received {n1 n2 {"in_reply_to":18,"type":"gossip_ok"}}
2023/05/29 23:42:58 Sent {"src":"n2","dest":"n1","body":{"in_reply_to":59,"type":"gossip_ok"}}
2023/05/29 23:42:58 Received {c11 n2 {"type":"read","msg_id":7}}
2023/05/29 23:42:58 Sent {"src":"n2","dest":"c11","body":{"in_reply_to":7,"messages":[0,2,3,4,5,5,6,7,9,10,11,12,13,14,15,15,17,18],"msg_id":7,"type":"read_ok"}}
2023/05/29 23:42:58 Received {n1 n2 {"counter":10,"message":20,"msg_id":62,"sender":"n0","type":"gossip"}}
2023/05/29 23:42:58 Sent {"src":"n2","dest":"n1","body":{"counter":10,"message":20,"msg_id":19,"sender":"n0","type":"gossip"}}
2023/05/29 23:42:58 Sent {"src":"n2","dest":"n1","body":{"in_reply_to":62,"type":"gossip_ok"}}
2023/05/29 23:42:58 Received {n1 n2 {"in_reply_to":19,"type":"gossip_ok"}}
2023/05/29 23:42:58 Received {n1 n2 {"counter":11,"message":21,"msg_id":65,"sender":"n0","type":"gossip"}}
2023/05/29 23:42:58 Sent {"src":"n2","dest":"n1","body":{"counter":11,"message":21,"msg_id":20,"sender":"n0","type":"gossip"}}
2023/05/29 23:42:58 Sent {"src":"n2","dest":"n1","body":{"in_reply_to":65,"type":"gossip_ok"}}
2023/05/29 23:42:58 Received {n1 n2 {"in_reply_to":20,"type":"gossip_ok"}}
2023/05/29 23:42:58 Received {c11 n2 {"type":"broadcast","message":22,"msg_id":8}}
2023/05/29 23:42:58 Sent {"src":"n2","dest":"n1","body":{"counter":3,"message":22,"msg_id":21,"sender":"n2","type":"gossip"}}
2023/05/29 23:42:58 Sent {"src":"n2","dest":"c11","body":{"in_reply_to":8,"type":"broadcast_ok"}}
2023/05/29 23:42:58 Received {n1 n2 {"counter":3,"message":22,"msg_id":68,"sender":"n2","type":"gossip"}}
2023/05/29 23:42:58 Received {n1 n2 {"in_reply_to":21,"type":"gossip_ok"}}
2023/05/29 23:42:58 Sent {"src":"n2","dest":"n1","body":{"counter":3,"message":22,"msg_id":22,"sender":"n2","type":"gossip"}}
2023/05/29 23:42:58 Sent {"src":"n2","dest":"n1","body":{"in_reply_to":68,"type":"gossip_ok"}}
2023/05/29 23:42:58 Received {n1 n2 {"in_reply_to":22,"type":"gossip_ok"}}
2023/05/29 23:42:58 Received {n1 n2 {"counter":2,"message":23,"msg_id":71,"sender":"n3","type":"gossip"}}
2023/05/29 23:42:58 Sent {"src":"n2","dest":"n1","body":{"counter":2,"message":23,"msg_id":23,"sender":"n3","type":"gossip"}}
2023/05/29 23:42:58 Sent {"src":"n2","dest":"n1","body":{"in_reply_to":71,"type":"gossip_ok"}}
2023/05/29 23:42:58 Received {n1 n2 {"in_reply_to":23,"type":"gossip_ok"}}
2023/05/29 23:42:59 Received {n1 n2 {"counter":12,"message":25,"msg_id":74,"sender":"n0","type":"gossip"}}
2023/05/29 23:42:59 Sent {"src":"n2","dest":"n1","body":{"counter":12,"message":25,"msg_id":24,"sender":"n0","type":"gossip"}}
2023/05/29 23:42:59 Sent {"src":"n2","dest":"n1","body":{"in_reply_to":74,"type":"gossip_ok"}}
2023/05/29 23:42:59 Received {n1 n2 {"in_reply_to":24,"type":"gossip_ok"}}
2023/05/29 23:42:59 Received {n1 n2 {"counter":13,"message":26,"msg_id":77,"sender":"n0","type":"gossip"}}
2023/05/29 23:42:59 Sent {"src":"n2","dest":"n1","body":{"counter":13,"message":26,"msg_id":25,"sender":"n0","type":"gossip"}}
2023/05/29 23:42:59 Sent {"src":"n2","dest":"n1","body":{"in_reply_to":77,"type":"gossip_ok"}}
2023/05/29 23:42:59 Received {n1 n2 {"in_reply_to":25,"type":"gossip_ok"}}
2023/05/29 23:42:59 Received {c11 n2 {"type":"broadcast","message":27,"msg_id":9}}
2023/05/29 23:42:59 Sent {"src":"n2","dest":"n1","body":{"counter":4,"message":27,"msg_id":26,"sender":"n2","type":"gossip"}}
2023/05/29 23:42:59 Sent {"src":"n2","dest":"c11","body":{"in_reply_to":9,"type":"broadcast_ok"}}
2023/05/29 23:42:59 Received {n1 n2 {"counter":4,"message":27,"msg_id":80,"sender":"n2","type":"gossip"}}
2023/05/29 23:42:59 Received {n1 n2 {"in_reply_to":26,"type":"gossip_ok"}}
2023/05/29 23:42:59 Sent {"src":"n2","dest":"n1","body":{"counter":4,"message":27,"msg_id":27,"sender":"n2","type":"gossip"}}
2023/05/29 23:42:59 Sent {"src":"n2","dest":"n1","body":{"in_reply_to":80,"type":"gossip_ok"}}
2023/05/29 23:42:59 Received {n1 n2 {"in_reply_to":27,"type":"gossip_ok"}}
2023/05/29 23:42:59 Received {n1 n2 {"counter":3,"message":28,"msg_id":83,"sender":"n3","type":"gossip"}}
2023/05/29 23:42:59 Sent {"src":"n2","dest":"n1","body":{"counter":3,"message":28,"msg_id":28,"sender":"n3","type":"gossip"}}
2023/05/29 23:42:59 Sent {"src":"n2","dest":"n1","body":{"in_reply_to":83,"type":"gossip_ok"}}
2023/05/29 23:42:59 Received {n1 n2 {"in_reply_to":28,"type":"gossip_ok"}}
2023/05/29 23:42:59 Received {n1 n2 {"counter":14,"message":29,"msg_id":86,"sender":"n0","type":"gossip"}}
2023/05/29 23:42:59 Sent {"src":"n2","dest":"n1","body":{"counter":14,"message":29,"msg_id":29,"sender":"n0","type":"gossip"}}
2023/05/29 23:42:59 Sent {"src":"n2","dest":"n1","body":{"in_reply_to":86,"type":"gossip_ok"}}
2023/05/29 23:42:59 Received {n1 n2 {"in_reply_to":29,"type":"gossip_ok"}}
2023/05/29 23:42:59 Received {n1 n2 {"counter":5,"message":30,"msg_id":89,"sender":"n1","type":"gossip"}}
2023/05/29 23:42:59 Sent {"src":"n2","dest":"n1","body":{"counter":5,"message":30,"msg_id":30,"sender":"n1","type":"gossip"}}
2023/05/29 23:42:59 Sent {"src":"n2","dest":"n1","body":{"in_reply_to":89,"type":"gossip_ok"}}
2023/05/29 23:42:59 Received {n1 n2 {"counter":5,"message":30,"msg_id":92,"sender":"n1","type":"gossip"}}
2023/05/29 23:42:59 Received {n1 n2 {"in_reply_to":30,"type":"gossip_ok"}}
2023/05/29 23:42:59 Sent {"src":"n2","dest":"n1","body":{"in_reply_to":92,"type":"gossip_ok"}}
2023/05/29 23:43:00 Received {c11 n2 {"type":"read","msg_id":10}}
2023/05/29 23:43:00 Sent {"src":"n2","dest":"c11","body":{"in_reply_to":10,"messages":[0,2,3,4,5,5,6,7,9,10,11,12,13,14,15,15,17,18,20,21,22,22,23,25,26,27,27,28,29,30],"msg_id":10,"type":"read_ok"}}
2023/05/29 23:43:00 Received {n1 n2 {"counter":4,"message":31,"msg_id":95,"sender":"n3","type":"gossip"}}
2023/05/29 23:43:00 Sent {"src":"n2","dest":"n1","body":{"counter":4,"message":31,"msg_id":31,"sender":"n3","type":"gossip"}}
2023/05/29 23:43:00 Sent {"src":"n2","dest":"n1","body":{"in_reply_to":95,"type":"gossip_ok"}}
2023/05/29 23:43:00 Received {n1 n2 {"in_reply_to":31,"type":"gossip_ok"}}
2023/05/29 23:43:00 Received {n1 n2 {"counter":15,"message":32,"msg_id":98,"sender":"n0","type":"gossip"}}
2023/05/29 23:43:00 Sent {"src":"n2","dest":"n1","body":{"counter":15,"message":32,"msg_id":32,"sender":"n0","type":"gossip"}}
2023/05/29 23:43:00 Sent {"src":"n2","dest":"n1","body":{"in_reply_to":98,"type":"gossip_ok"}}
2023/05/29 23:43:00 Received {n1 n2 {"in_reply_to":32,"type":"gossip_ok"}}
2023/05/29 23:43:00 Received {n1 n2 {"counter":16,"message":33,"msg_id":101,"sender":"n0","type":"gossip"}}
2023/05/29 23:43:00 Sent {"src":"n2","dest":"n1","body":{"counter":16,"message":33,"msg_id":33,"sender":"n0","type":"gossip"}}
2023/05/29 23:43:00 Sent {"src":"n2","dest":"n1","body":{"in_reply_to":101,"type":"gossip_ok"}}
2023/05/29 23:43:00 Received {n1 n2 {"in_reply_to":33,"type":"gossip_ok"}}
2023/05/29 23:43:00 Received {n1 n2 {"counter":6,"message":34,"msg_id":104,"sender":"n1","type":"gossip"}}
2023/05/29 23:43:00 Sent {"src":"n2","dest":"n1","body":{"counter":6,"message":34,"msg_id":34,"sender":"n1","type":"gossip"}}
2023/05/29 23:43:00 Sent {"src":"n2","dest":"n1","body":{"in_reply_to":104,"type":"gossip_ok"}}
2023/05/29 23:43:00 Received {n1 n2 {"counter":6,"message":34,"msg_id":107,"sender":"n1","type":"gossip"}}
2023/05/29 23:43:00 Received {n1 n2 {"in_reply_to":34,"type":"gossip_ok"}}
2023/05/29 23:43:00 Sent {"src":"n2","dest":"n1","body":{"in_reply_to":107,"type":"gossip_ok"}}
2023/05/29 23:43:00 Received {c11 n2 {"type":"read","msg_id":11}}
2023/05/29 23:43:00 Sent {"src":"n2","dest":"c11","body":{"in_reply_to":11,"messages":[0,2,3,4,5,5,6,7,9,10,11,12,13,14,15,15,17,18,20,21,22,22,23,25,26,27,27,28,29,30,31,32,33,34],"msg_id":11,"type":"read_ok"}}
2023/05/29 23:43:01 Received {n1 n2 {"counter":17,"message":35,"msg_id":110,"sender":"n0","type":"gossip"}}
2023/05/29 23:43:01 Sent {"src":"n2","dest":"n1","body":{"counter":17,"message":35,"msg_id":35,"sender":"n0","type":"gossip"}}
2023/05/29 23:43:01 Sent {"src":"n2","dest":"n1","body":{"in_reply_to":110,"type":"gossip_ok"}}
2023/05/29 23:43:01 Received {n1 n2 {"in_reply_to":35,"type":"gossip_ok"}}
2023/05/29 23:43:01 Received {n1 n2 {"counter":18,"message":36,"msg_id":113,"sender":"n0","type":"gossip"}}
2023/05/29 23:43:01 Sent {"src":"n2","dest":"n1","body":{"counter":18,"message":36,"msg_id":36,"sender":"n0","type":"gossip"}}
2023/05/29 23:43:01 Sent {"src":"n2","dest":"n1","body":{"in_reply_to":113,"type":"gossip_ok"}}
2023/05/29 23:43:01 Received {n1 n2 {"in_reply_to":36,"type":"gossip_ok"}}
2023/05/29 23:43:01 Received {n1 n2 {"counter":7,"message":37,"msg_id":116,"sender":"n1","type":"gossip"}}
2023/05/29 23:43:01 Sent {"src":"n2","dest":"n1","body":{"counter":7,"message":37,"msg_id":37,"sender":"n1","type":"gossip"}}
2023/05/29 23:43:01 Sent {"src":"n2","dest":"n1","body":{"in_reply_to":116,"type":"gossip_ok"}}
2023/05/29 23:43:01 Received {n1 n2 {"counter":7,"message":37,"msg_id":119,"sender":"n1","type":"gossip"}}
2023/05/29 23:43:01 Sent {"src":"n2","dest":"n1","body":{"in_reply_to":119,"type":"gossip_ok"}}
2023/05/29 23:43:01 Received {n1 n2 {"in_reply_to":37,"type":"gossip_ok"}}
2023/05/29 23:43:01 Received {c11 n2 {"type":"read","msg_id":12}}
2023/05/29 23:43:01 Sent {"src":"n2","dest":"c11","body":{"in_reply_to":12,"messages":[0,2,3,4,5,5,6,7,9,10,11,12,13,14,15,15,17,18,20,21,22,22,23,25,26,27,27,28,29,30,31,32,33,34,35,36,37],"msg_id":12,"type":"read_ok"}}
2023/05/29 23:43:01 Received {n1 n2 {"counter":5,"message":38,"msg_id":122,"sender":"n3","type":"gossip"}}
2023/05/29 23:43:01 Sent {"src":"n2","dest":"n1","body":{"counter":5,"message":38,"msg_id":38,"sender":"n3","type":"gossip"}}
2023/05/29 23:43:01 Sent {"src":"n2","dest":"n1","body":{"in_reply_to":122,"type":"gossip_ok"}}
2023/05/29 23:43:01 Received {n1 n2 {"in_reply_to":38,"type":"gossip_ok"}}
2023/05/29 23:43:01 Received {n1 n2 {"counter":19,"message":40,"msg_id":125,"sender":"n0","type":"gossip"}}
2023/05/29 23:43:01 Sent {"src":"n2","dest":"n1","body":{"counter":19,"message":40,"msg_id":39,"sender":"n0","type":"gossip"}}
2023/05/29 23:43:01 Sent {"src":"n2","dest":"n1","body":{"in_reply_to":125,"type":"gossip_ok"}}
2023/05/29 23:43:01 Received {n1 n2 {"in_reply_to":39,"type":"gossip_ok"}}
2023/05/29 23:43:01 Received {n1 n2 {"counter":20,"message":41,"msg_id":128,"sender":"n0","type":"gossip"}}
2023/05/29 23:43:01 Sent {"src":"n2","dest":"n1","body":{"counter":20,"message":41,"msg_id":40,"sender":"n0","type":"gossip"}}
2023/05/29 23:43:01 Sent {"src":"n2","dest":"n1","body":{"in_reply_to":128,"type":"gossip_ok"}}
2023/05/29 23:43:01 Received {n1 n2 {"in_reply_to":40,"type":"gossip_ok"}}
2023/05/29 23:43:01 Received {n1 n2 {"counter":8,"message":42,"msg_id":131,"sender":"n1","type":"gossip"}}
2023/05/29 23:43:01 Sent {"src":"n2","dest":"n1","body":{"counter":8,"message":42,"msg_id":41,"sender":"n1","type":"gossip"}}
2023/05/29 23:43:01 Sent {"src":"n2","dest":"n1","body":{"in_reply_to":131,"type":"gossip_ok"}}
2023/05/29 23:43:01 Received {n1 n2 {"counter":8,"message":42,"msg_id":134,"sender":"n1","type":"gossip"}}
2023/05/29 23:43:01 Received {n1 n2 {"in_reply_to":41,"type":"gossip_ok"}}
2023/05/29 23:43:01 Sent {"src":"n2","dest":"n1","body":{"in_reply_to":134,"type":"gossip_ok"}}
2023/05/29 23:43:01 Received {c11 n2 {"type":"broadcast","message":43,"msg_id":13}}
2023/05/29 23:43:01 Sent {"src":"n2","dest":"n1","body":{"counter":5,"message":43,"msg_id":42,"sender":"n2","type":"gossip"}}
2023/05/29 23:43:01 Sent {"src":"n2","dest":"c11","body":{"in_reply_to":13,"type":"broadcast_ok"}}
2023/05/29 23:43:01 Received {n1 n2 {"counter":5,"message":43,"msg_id":137,"sender":"n2","type":"gossip"}}
2023/05/29 23:43:01 Received {n1 n2 {"in_reply_to":42,"type":"gossip_ok"}}
2023/05/29 23:43:01 Sent {"src":"n2","dest":"n1","body":{"counter":5,"message":43,"msg_id":43,"sender":"n2","type":"gossip"}}
2023/05/29 23:43:01 Sent {"src":"n2","dest":"n1","body":{"in_reply_to":137,"type":"gossip_ok"}}
2023/05/29 23:43:01 Received {n1 n2 {"in_reply_to":43,"type":"gossip_ok"}}
2023/05/29 23:43:02 Received {n1 n2 {"counter":21,"message":44,"msg_id":140,"sender":"n0","type":"gossip"}}
2023/05/29 23:43:02 Sent {"src":"n2","dest":"n1","body":{"counter":21,"message":44,"msg_id":44,"sender":"n0","type":"gossip"}}
2023/05/29 23:43:02 Sent {"src":"n2","dest":"n1","body":{"in_reply_to":140,"type":"gossip_ok"}}
2023/05/29 23:43:02 Received {n1 n2 {"in_reply_to":44,"type":"gossip_ok"}}
2023/05/29 23:43:02 Received {n1 n2 {"counter":9,"message":45,"msg_id":143,"sender":"n1","type":"gossip"}}
2023/05/29 23:43:02 Sent {"src":"n2","dest":"n1","body":{"counter":9,"message":45,"msg_id":45,"sender":"n1","type":"gossip"}}
2023/05/29 23:43:02 Sent {"src":"n2","dest":"n1","body":{"in_reply_to":143,"type":"gossip_ok"}}
2023/05/29 23:43:02 Received {n1 n2 {"counter":9,"message":45,"msg_id":146,"sender":"n1","type":"gossip"}}
2023/05/29 23:43:02 Sent {"src":"n2","dest":"n1","body":{"in_reply_to":146,"type":"gossip_ok"}}
2023/05/29 23:43:02 Received {n1 n2 {"in_reply_to":45,"type":"gossip_ok"}}
2023/05/29 23:43:02 Received {c11 n2 {"type":"read","msg_id":14}}
2023/05/29 23:43:02 Sent {"src":"n2","dest":"c11","body":{"in_reply_to":14,"messages":[0,2,3,4,5,5,6,7,9,10,11,12,13,14,15,15,17,18,20,21,22,22,23,25,26,27,27,28,29,30,31,32,33,34,35,36,37,38,40,41,42,43,43,44,45],"msg_id":14,"type":"read_ok"}}
2023/05/29 23:43:02 Received {n1 n2 {"counter":6,"message":46,"msg_id":149,"sender":"n3","type":"gossip"}}
2023/05/29 23:43:02 Sent {"src":"n2","dest":"n1","body":{"counter":6,"message":46,"msg_id":46,"sender":"n3","type":"gossip"}}
2023/05/29 23:43:02 Sent {"src":"n2","dest":"n1","body":{"in_reply_to":149,"type":"gossip_ok"}}
2023/05/29 23:43:02 Received {n1 n2 {"in_reply_to":46,"type":"gossip_ok"}}
2023/05/29 23:43:02 Received {n1 n2 {"counter":22,"message":47,"msg_id":152,"sender":"n0","type":"gossip"}}
2023/05/29 23:43:02 Sent {"src":"n2","dest":"n1","body":{"counter":22,"message":47,"msg_id":47,"sender":"n0","type":"gossip"}}
2023/05/29 23:43:02 Sent {"src":"n2","dest":"n1","body":{"in_reply_to":152,"type":"gossip_ok"}}
2023/05/29 23:43:02 Received {n1 n2 {"in_reply_to":47,"type":"gossip_ok"}}
2023/05/29 23:43:02 Received {n1 n2 {"counter":23,"message":48,"msg_id":155,"sender":"n0","type":"gossip"}}
2023/05/29 23:43:02 Sent {"src":"n2","dest":"n1","body":{"counter":23,"message":48,"msg_id":48,"sender":"n0","type":"gossip"}}
2023/05/29 23:43:02 Sent {"src":"n2","dest":"n1","body":{"in_reply_to":155,"type":"gossip_ok"}}
2023/05/29 23:43:02 Received {n1 n2 {"in_reply_to":48,"type":"gossip_ok"}}
2023/05/29 23:43:02 Received {n1 n2 {"counter":10,"message":49,"msg_id":158,"sender":"n1","type":"gossip"}}
2023/05/29 23:43:02 Sent {"src":"n2","dest":"n1","body":{"counter":10,"message":49,"msg_id":49,"sender":"n1","type":"gossip"}}
2023/05/29 23:43:02 Sent {"src":"n2","dest":"n1","body":{"in_reply_to":158,"type":"gossip_ok"}}
2023/05/29 23:43:02 Received {n1 n2 {"counter":10,"message":49,"msg_id":161,"sender":"n1","type":"gossip"}}
2023/05/29 23:43:02 Received {n1 n2 {"in_reply_to":49,"type":"gossip_ok"}}
2023/05/29 23:43:02 Sent {"src":"n2","dest":"n1","body":{"in_reply_to":161,"type":"gossip_ok"}}
2023/05/29 23:43:02 Received {c11 n2 {"type":"broadcast","message":50,"msg_id":15}}
2023/05/29 23:43:02 Sent {"src":"n2","dest":"n1","body":{"counter":6,"message":50,"msg_id":50,"sender":"n2","type":"gossip"}}
2023/05/29 23:43:02 Sent {"src":"n2","dest":"c11","body":{"in_reply_to":15,"type":"broadcast_ok"}}
2023/05/29 23:43:02 Received {n1 n2 {"counter":6,"message":50,"msg_id":164,"sender":"n2","type":"gossip"}}
2023/05/29 23:43:02 Received {n1 n2 {"in_reply_to":50,"type":"gossip_ok"}}
2023/05/29 23:43:02 Sent {"src":"n2","dest":"n1","body":{"counter":6,"message":50,"msg_id":51,"sender":"n2","type":"gossip"}}
2023/05/29 23:43:02 Sent {"src":"n2","dest":"n1","body":{"in_reply_to":164,"type":"gossip_ok"}}
2023/05/29 23:43:02 Received {n1 n2 {"in_reply_to":51,"type":"gossip_ok"}}
2023/05/29 23:43:03 Received {n1 n2 {"counter":7,"message":51,"msg_id":167,"sender":"n3","type":"gossip"}}
2023/05/29 23:43:03 Sent {"src":"n2","dest":"n1","body":{"counter":7,"message":51,"msg_id":52,"sender":"n3","type":"gossip"}}
2023/05/29 23:43:03 Sent {"src":"n2","dest":"n1","body":{"in_reply_to":167,"type":"gossip_ok"}}
2023/05/29 23:43:03 Received {n1 n2 {"in_reply_to":52,"type":"gossip_ok"}}
2023/05/29 23:43:03 Received {n1 n2 {"counter":24,"message":53,"msg_id":170,"sender":"n0","type":"gossip"}}
2023/05/29 23:43:03 Sent {"src":"n2","dest":"n1","body":{"counter":24,"message":53,"msg_id":53,"sender":"n0","type":"gossip"}}
2023/05/29 23:43:03 Sent {"src":"n2","dest":"n1","body":{"in_reply_to":170,"type":"gossip_ok"}}
2023/05/29 23:43:03 Received {n1 n2 {"in_reply_to":53,"type":"gossip_ok"}}
2023/05/29 23:43:03 Received {n1 n2 {"counter":11,"message":54,"msg_id":173,"sender":"n1","type":"gossip"}}
2023/05/29 23:43:03 Sent {"src":"n2","dest":"n1","body":{"counter":11,"message":54,"msg_id":54,"sender":"n1","type":"gossip"}}
2023/05/29 23:43:03 Sent {"src":"n2","dest":"n1","body":{"in_reply_to":173,"type":"gossip_ok"}}
2023/05/29 23:43:03 Received {n1 n2 {"counter":11,"message":54,"msg_id":176,"sender":"n1","type":"gossip"}}
2023/05/29 23:43:03 Received {n1 n2 {"in_reply_to":54,"type":"gossip_ok"}}
2023/05/29 23:43:03 Sent {"src":"n2","dest":"n1","body":{"in_reply_to":176,"type":"gossip_ok"}}
2023/05/29 23:43:03 Received {c11 n2 {"type":"read","msg_id":16}}
2023/05/29 23:43:03 Sent {"src":"n2","dest":"c11","body":{"in_reply_to":16,"messages":[0,2,3,4,5,5,6,7,9,10,11,12,13,14,15,15,17,18,20,21,22,22,23,25,26,27,27,28,29,30,31,32,33,34,35,36,37,38,40,41,42,43,43,44,45,46,47,48,49,50,50,51,53,54],"msg_id":16,"type":"read_ok"}}
2023/05/29 23:43:04 Received {n1 n2 {"counter":25,"message":56,"msg_id":179,"sender":"n0","type":"gossip"}}
2023/05/29 23:43:04 Sent {"src":"n2","dest":"n1","body":{"counter":25,"message":56,"msg_id":55,"sender":"n0","type":"gossip"}}
2023/05/29 23:43:04 Sent {"src":"n2","dest":"n1","body":{"in_reply_to":179,"type":"gossip_ok"}}
2023/05/29 23:43:04 Received {n1 n2 {"in_reply_to":55,"type":"gossip_ok"}}
2023/05/29 23:43:04 Received {n1 n2 {"counter":12,"message":57,"msg_id":182,"sender":"n1","type":"gossip"}}
2023/05/29 23:43:04 Sent {"src":"n2","dest":"n1","body":{"counter":12,"message":57,"msg_id":56,"sender":"n1","type":"gossip"}}
2023/05/29 23:43:04 Sent {"src":"n2","dest":"n1","body":{"in_reply_to":182,"type":"gossip_ok"}}
2023/05/29 23:43:04 Received {n1 n2 {"counter":12,"message":57,"msg_id":185,"sender":"n1","type":"gossip"}}
2023/05/29 23:43:04 Received {n1 n2 {"in_reply_to":56,"type":"gossip_ok"}}
2023/05/29 23:43:04 Sent {"src":"n2","dest":"n1","body":{"in_reply_to":185,"type":"gossip_ok"}}
2023/05/29 23:43:04 Received {c11 n2 {"type":"broadcast","message":58,"msg_id":17}}
2023/05/29 23:43:04 Sent {"src":"n2","dest":"n1","body":{"counter":7,"message":58,"msg_id":57,"sender":"n2","type":"gossip"}}
2023/05/29 23:43:04 Sent {"src":"n2","dest":"c11","body":{"in_reply_to":17,"type":"broadcast_ok"}}
2023/05/29 23:43:04 Received {n1 n2 {"counter":7,"message":58,"msg_id":188,"sender":"n2","type":"gossip"}}
2023/05/29 23:43:04 Sent {"src":"n2","dest":"n1","body":{"counter":7,"message":58,"msg_id":58,"sender":"n2","type":"gossip"}}
2023/05/29 23:43:04 Received {n1 n2 {"in_reply_to":57,"type":"gossip_ok"}}
2023/05/29 23:43:04 Sent {"src":"n2","dest":"n1","body":{"in_reply_to":188,"type":"gossip_ok"}}
2023/05/29 23:43:04 Received {n1 n2 {"in_reply_to":58,"type":"gossip_ok"}}
2023/05/29 23:43:04 Received {n1 n2 {"counter":8,"message":59,"msg_id":191,"sender":"n3","type":"gossip"}}
2023/05/29 23:43:04 Sent {"src":"n2","dest":"n1","body":{"counter":8,"message":59,"msg_id":59,"sender":"n3","type":"gossip"}}
2023/05/29 23:43:04 Sent {"src":"n2","dest":"n1","body":{"in_reply_to":191,"type":"gossip_ok"}}
2023/05/29 23:43:04 Received {n1 n2 {"in_reply_to":59,"type":"gossip_ok"}}
2023/05/29 23:43:04 Received {n1 n2 {"counter":26,"message":60,"msg_id":194,"sender":"n0","type":"gossip"}}
2023/05/29 23:43:04 Sent {"src":"n2","dest":"n1","body":{"counter":26,"message":60,"msg_id":60,"sender":"n0","type":"gossip"}}
2023/05/29 23:43:04 Sent {"src":"n2","dest":"n1","body":{"in_reply_to":194,"type":"gossip_ok"}}
2023/05/29 23:43:04 Received {n1 n2 {"in_reply_to":60,"type":"gossip_ok"}}
2023/05/29 23:43:04 Received {n1 n2 {"counter":27,"message":61,"msg_id":197,"sender":"n0","type":"gossip"}}
2023/05/29 23:43:04 Sent {"src":"n2","dest":"n1","body":{"counter":27,"message":61,"msg_id":61,"sender":"n0","type":"gossip"}}
2023/05/29 23:43:04 Sent {"src":"n2","dest":"n1","body":{"in_reply_to":197,"type":"gossip_ok"}}
2023/05/29 23:43:04 Received {n1 n2 {"in_reply_to":61,"type":"gossip_ok"}}
2023/05/29 23:43:04 Received {n1 n2 {"counter":13,"message":62,"msg_id":200,"sender":"n1","type":"gossip"}}
2023/05/29 23:43:04 Sent {"src":"n2","dest":"n1","body":{"counter":13,"message":62,"msg_id":62,"sender":"n1","type":"gossip"}}
2023/05/29 23:43:04 Sent {"src":"n2","dest":"n1","body":{"in_reply_to":200,"type":"gossip_ok"}}
2023/05/29 23:43:04 Received {n1 n2 {"counter":13,"message":62,"msg_id":203,"sender":"n1","type":"gossip"}}
2023/05/29 23:43:04 Received {n1 n2 {"in_reply_to":62,"type":"gossip_ok"}}
2023/05/29 23:43:04 Sent {"src":"n2","dest":"n1","body":{"in_reply_to":203,"type":"gossip_ok"}}
2023/05/29 23:43:04 Received {c11 n2 {"type":"read","msg_id":18}}
2023/05/29 23:43:04 Sent {"src":"n2","dest":"c11","body":{"in_reply_to":18,"messages":[0,2,3,4,5,5,6,7,9,10,11,12,13,14,15,15,17,18,20,21,22,22,23,25,26,27,27,28,29,30,31,32,33,34,35,36,37,38,40,41,42,43,43,44,45,46,47,48,49,50,50,51,53,54,56,57,58,58,59,60,61,62],"msg_id":18,"type":"read_ok"}}
2023/05/29 23:43:05 Received {n1 n2 {"counter":28,"message":64,"msg_id":206,"sender":"n0","type":"gossip"}}
2023/05/29 23:43:05 Sent {"src":"n2","dest":"n1","body":{"counter":28,"message":64,"msg_id":63,"sender":"n0","type":"gossip"}}
2023/05/29 23:43:05 Sent {"src":"n2","dest":"n1","body":{"in_reply_to":206,"type":"gossip_ok"}}
2023/05/29 23:43:05 Received {n1 n2 {"in_reply_to":63,"type":"gossip_ok"}}
2023/05/29 23:43:05 Received {c11 n2 {"type":"broadcast","message":65,"msg_id":19}}
2023/05/29 23:43:05 Sent {"src":"n2","dest":"n1","body":{"counter":8,"message":65,"msg_id":64,"sender":"n2","type":"gossip"}}
2023/05/29 23:43:05 Sent {"src":"n2","dest":"c11","body":{"in_reply_to":19,"type":"broadcast_ok"}}
2023/05/29 23:43:05 Received {n1 n2 {"counter":8,"message":65,"msg_id":209,"sender":"n2","type":"gossip"}}
2023/05/29 23:43:05 Received {n1 n2 {"in_reply_to":64,"type":"gossip_ok"}}
2023/05/29 23:43:05 Sent {"src":"n2","dest":"n1","body":{"counter":8,"message":65,"msg_id":65,"sender":"n2","type":"gossip"}}
2023/05/29 23:43:05 Sent {"src":"n2","dest":"n1","body":{"in_reply_to":209,"type":"gossip_ok"}}
2023/05/29 23:43:05 Received {n1 n2 {"in_reply_to":65,"type":"gossip_ok"}}
2023/05/29 23:43:05 Received {n1 n2 {"counter":9,"message":66,"msg_id":212,"sender":"n3","type":"gossip"}}
2023/05/29 23:43:05 Sent {"src":"n2","dest":"n1","body":{"counter":9,"message":66,"msg_id":66,"sender":"n3","type":"gossip"}}
2023/05/29 23:43:05 Sent {"src":"n2","dest":"n1","body":{"in_reply_to":212,"type":"gossip_ok"}}
2023/05/29 23:43:05 Received {n1 n2 {"in_reply_to":66,"type":"gossip_ok"}}
2023/05/29 23:43:05 Received {n1 n2 {"counter":29,"message":67,"msg_id":215,"sender":"n0","type":"gossip"}}
2023/05/29 23:43:05 Sent {"src":"n2","dest":"n1","body":{"counter":29,"message":67,"msg_id":67,"sender":"n0","type":"gossip"}}
2023/05/29 23:43:05 Sent {"src":"n2","dest":"n1","body":{"in_reply_to":215,"type":"gossip_ok"}}
2023/05/29 23:43:05 Received {n1 n2 {"in_reply_to":67,"type":"gossip_ok"}}
2023/05/29 23:43:05 Received {n1 n2 {"counter":30,"message":68,"msg_id":218,"sender":"n0","type":"gossip"}}
2023/05/29 23:43:05 Sent {"src":"n2","dest":"n1","body":{"counter":30,"message":68,"msg_id":68,"sender":"n0","type":"gossip"}}
2023/05/29 23:43:05 Sent {"src":"n2","dest":"n1","body":{"in_reply_to":218,"type":"gossip_ok"}}
2023/05/29 23:43:05 Received {n1 n2 {"in_reply_to":68,"type":"gossip_ok"}}
2023/05/29 23:43:05 Received {n1 n2 {"counter":14,"message":69,"msg_id":221,"sender":"n1","type":"gossip"}}
2023/05/29 23:43:05 Sent {"src":"n2","dest":"n1","body":{"counter":14,"message":69,"msg_id":69,"sender":"n1","type":"gossip"}}
2023/05/29 23:43:05 Sent {"src":"n2","dest":"n1","body":{"in_reply_to":221,"type":"gossip_ok"}}
2023/05/29 23:43:05 Received {n1 n2 {"counter":14,"message":69,"msg_id":224,"sender":"n1","type":"gossip"}}
2023/05/29 23:43:05 Received {n1 n2 {"in_reply_to":69,"type":"gossip_ok"}}
2023/05/29 23:43:05 Sent {"src":"n2","dest":"n1","body":{"in_reply_to":224,"type":"gossip_ok"}}
2023/05/29 23:43:05 Received {c11 n2 {"type":"broadcast","message":70,"msg_id":20}}
2023/05/29 23:43:05 Sent {"src":"n2","dest":"n1","body":{"counter":9,"message":70,"msg_id":70,"sender":"n2","type":"gossip"}}
2023/05/29 23:43:05 Sent {"src":"n2","dest":"c11","body":{"in_reply_to":20,"type":"broadcast_ok"}}
2023/05/29 23:43:05 Received {n1 n2 {"counter":9,"message":70,"msg_id":227,"sender":"n2","type":"gossip"}}
2023/05/29 23:43:05 Sent {"src":"n2","dest":"n1","body":{"counter":9,"message":70,"msg_id":71,"sender":"n2","type":"gossip"}}
2023/05/29 23:43:05 Sent {"src":"n2","dest":"n1","body":{"in_reply_to":227,"type":"gossip_ok"}}
2023/05/29 23:43:05 Received {n1 n2 {"in_reply_to":70,"type":"gossip_ok"}}
2023/05/29 23:43:05 Received {n1 n2 {"in_reply_to":71,"type":"gossip_ok"}}
2023/05/29 23:43:06 Received {n1 n2 {"counter":31,"message":72,"msg_id":230,"sender":"n0","type":"gossip"}}
2023/05/29 23:43:06 Sent {"src":"n2","dest":"n1","body":{"counter":31,"message":72,"msg_id":72,"sender":"n0","type":"gossip"}}
2023/05/29 23:43:06 Sent {"src":"n2","dest":"n1","body":{"in_reply_to":230,"type":"gossip_ok"}}
2023/05/29 23:43:06 Received {n1 n2 {"in_reply_to":72,"type":"gossip_ok"}}
2023/05/29 23:43:06 Received {n1 n2 {"counter":32,"message":73,"msg_id":233,"sender":"n0","type":"gossip"}}
2023/05/29 23:43:06 Sent {"src":"n2","dest":"n1","body":{"counter":32,"message":73,"msg_id":73,"sender":"n0","type":"gossip"}}
2023/05/29 23:43:06 Sent {"src":"n2","dest":"n1","body":{"in_reply_to":233,"type":"gossip_ok"}}
2023/05/29 23:43:06 Received {n1 n2 {"in_reply_to":73,"type":"gossip_ok"}}
2023/05/29 23:43:06 Received {n1 n2 {"counter":15,"message":74,"msg_id":236,"sender":"n1","type":"gossip"}}
2023/05/29 23:43:06 Sent {"src":"n2","dest":"n1","body":{"counter":15,"message":74,"msg_id":74,"sender":"n1","type":"gossip"}}
2023/05/29 23:43:06 Sent {"src":"n2","dest":"n1","body":{"in_reply_to":236,"type":"gossip_ok"}}
2023/05/29 23:43:06 Received {n1 n2 {"counter":15,"message":74,"msg_id":239,"sender":"n1","type":"gossip"}}
2023/05/29 23:43:06 Received {n1 n2 {"in_reply_to":74,"type":"gossip_ok"}}
2023/05/29 23:43:06 Sent {"src":"n2","dest":"n1","body":{"in_reply_to":239,"type":"gossip_ok"}}
2023/05/29 23:43:06 Received {c11 n2 {"type":"read","msg_id":21}}
2023/05/29 23:43:06 Sent {"src":"n2","dest":"c11","body":{"in_reply_to":21,"messages":[0,2,3,4,5,5,6,7,9,10,11,12,13,14,15,15,17,18,20,21,22,22,23,25,26,27,27,28,29,30,31,32,33,34,35,36,37,38,40,41,42,43,43,44,45,46,47,48,49,50,50,51,53,54,56,57,58,58,59,60,61,62,64,65,65,66,67,68,69,70,70,72,73,74],"msg_id":21,"type":"read_ok"}}
2023/05/29 23:43:06 Received {n1 n2 {"counter":10,"message":75,"msg_id":242,"sender":"n3","type":"gossip"}}
2023/05/29 23:43:06 Sent {"src":"n2","dest":"n1","body":{"counter":10,"message":75,"msg_id":75,"sender":"n3","type":"gossip"}}
2023/05/29 23:43:06 Sent {"src":"n2","dest":"n1","body":{"in_reply_to":242,"type":"gossip_ok"}}
2023/05/29 23:43:06 Received {n1 n2 {"in_reply_to":75,"type":"gossip_ok"}}
2023/05/29 23:43:07 Received {n1 n2 {"counter":33,"message":76,"msg_id":245,"sender":"n0","type":"gossip"}}
2023/05/29 23:43:07 Sent {"src":"n2","dest":"n1","body":{"counter":33,"message":76,"msg_id":76,"sender":"n0","type":"gossip"}}
2023/05/29 23:43:07 Sent {"src":"n2","dest":"n1","body":{"in_reply_to":245,"type":"gossip_ok"}}
2023/05/29 23:43:07 Received {n1 n2 {"in_reply_to":76,"type":"gossip_ok"}}
2023/05/29 23:43:07 Received {c11 n2 {"type":"read","msg_id":22}}
2023/05/29 23:43:07 Sent {"src":"n2","dest":"c11","body":{"in_reply_to":22,"messages":[0,2,3,4,5,5,6,7,9,10,11,12,13,14,15,15,17,18,20,21,22,22,23,25,26,27,27,28,29,30,31,32,33,34,35,36,37,38,40,41,42,43,43,44,45,46,47,48,49,50,50,51,53,54,56,57,58,58,59,60,61,62,64,65,65,66,67,68,69,70,70,72,73,74,75,76],"msg_id":22,"type":"read_ok"}}
2023/05/29 23:43:07 Received {c11 n2 {"type":"read","msg_id":23}}
2023/05/29 23:43:07 Sent {"src":"n2","dest":"c11","body":{"in_reply_to":23,"messages":[0,2,3,4,5,5,6,7,9,10,11,12,13,14,15,15,17,18,20,21,22,22,23,25,26,27,27,28,29,30,31,32,33,34,35,36,37,38,40,41,42,43,43,44,45,46,47,48,49,50,50,51,53,54,56,57,58,58,59,60,61,62,64,65,65,66,67,68,69,70,70,72,73,74,75,76],"msg_id":23,"type":"read_ok"}}
2023/05/29 23:43:08 Received {c11 n2 {"type":"read","msg_id":24}}
2023/05/29 23:43:08 Sent {"src":"n2","dest":"c11","body":{"in_reply_to":24,"messages":[0,2,3,4,5,5,6,7,9,10,11,12,13,14,15,15,17,18,20,21,22,22,23,25,26,27,27,28,29,30,31,32,33,34,35,36,37,38,40,41,42,43,43,44,45,46,47,48,49,50,50,51,53,54,56,57,58,58,59,60,61,62,64,65,65,66,67,68,69,70,70,72,73,74,75,76],"msg_id":24,"type":"read_ok"}}
2023/05/29 23:43:08 Received {n1 n2 {"counter":11,"message":78,"msg_id":248,"sender":"n3","type":"gossip"}}
2023/05/29 23:43:08 Sent {"src":"n2","dest":"n1","body":{"counter":11,"message":78,"msg_id":77,"sender":"n3","type":"gossip"}}
2023/05/29 23:43:08 Sent {"src":"n2","dest":"n1","body":{"in_reply_to":248,"type":"gossip_ok"}}
2023/05/29 23:43:08 Received {n1 n2 {"in_reply_to":77,"type":"gossip_ok"}}
2023/05/29 23:43:08 Received {n1 n2 {"counter":34,"message":80,"msg_id":251,"sender":"n0","type":"gossip"}}
2023/05/29 23:43:08 Sent {"src":"n2","dest":"n1","body":{"counter":34,"message":80,"msg_id":78,"sender":"n0","type":"gossip"}}
2023/05/29 23:43:08 Sent {"src":"n2","dest":"n1","body":{"in_reply_to":251,"type":"gossip_ok"}}
2023/05/29 23:43:08 Received {n1 n2 {"in_reply_to":78,"type":"gossip_ok"}}
2023/05/29 23:43:08 Received {n1 n2 {"counter":16,"message":81,"msg_id":254,"sender":"n1","type":"gossip"}}
2023/05/29 23:43:08 Sent {"src":"n2","dest":"n1","body":{"counter":16,"message":81,"msg_id":79,"sender":"n1","type":"gossip"}}
2023/05/29 23:43:08 Sent {"src":"n2","dest":"n1","body":{"in_reply_to":254,"type":"gossip_ok"}}
2023/05/29 23:43:08 Received {n1 n2 {"counter":16,"message":81,"msg_id":257,"sender":"n1","type":"gossip"}}
2023/05/29 23:43:08 Received {n1 n2 {"in_reply_to":79,"type":"gossip_ok"}}
2023/05/29 23:43:08 Sent {"src":"n2","dest":"n1","body":{"in_reply_to":257,"type":"gossip_ok"}}
2023/05/29 23:43:08 Received {c11 n2 {"type":"read","msg_id":25}}
2023/05/29 23:43:08 Sent {"src":"n2","dest":"c11","body":{"in_reply_to":25,"messages":[0,2,3,4,5,5,6,7,9,10,11,12,13,14,15,15,17,18,20,21,22,22,23,25,26,27,27,28,29,30,31,32,33,34,35,36,37,38,40,41,42,43,43,44,45,46,47,48,49,50,50,51,53,54,56,57,58,58,59,60,61,62,64,65,65,66,67,68,69,70,70,72,73,74,75,76,78,80,81],"msg_id":25,"type":"read_ok"}}
2023/05/29 23:43:08 Received {n1 n2 {"counter":12,"message":82,"msg_id":260,"sender":"n3","type":"gossip"}}
2023/05/29 23:43:08 Sent {"src":"n2","dest":"n1","body":{"counter":12,"message":82,"msg_id":80,"sender":"n3","type":"gossip"}}
2023/05/29 23:43:08 Sent {"src":"n2","dest":"n1","body":{"in_reply_to":260,"type":"gossip_ok"}}
2023/05/29 23:43:08 Received {n1 n2 {"in_reply_to":80,"type":"gossip_ok"}}
2023/05/29 23:43:08 Received {n1 n2 {"counter":35,"message":83,"msg_id":263,"sender":"n0","type":"gossip"}}
2023/05/29 23:43:08 Sent {"src":"n2","dest":"n1","body":{"counter":35,"message":83,"msg_id":81,"sender":"n0","type":"gossip"}}
2023/05/29 23:43:08 Sent {"src":"n2","dest":"n1","body":{"in_reply_to":263,"type":"gossip_ok"}}
2023/05/29 23:43:08 Received {n1 n2 {"in_reply_to":81,"type":"gossip_ok"}}
2023/05/29 23:43:09 Received {n1 n2 {"counter":17,"message":84,"msg_id":266,"sender":"n1","type":"gossip"}}
2023/05/29 23:43:09 Sent {"src":"n2","dest":"n1","body":{"counter":17,"message":84,"msg_id":82,"sender":"n1","type":"gossip"}}
2023/05/29 23:43:09 Sent {"src":"n2","dest":"n1","body":{"in_reply_to":266,"type":"gossip_ok"}}
2023/05/29 23:43:09 Received {n1 n2 {"counter":17,"message":84,"msg_id":269,"sender":"n1","type":"gossip"}}
2023/05/29 23:43:09 Received {n1 n2 {"in_reply_to":82,"type":"gossip_ok"}}
2023/05/29 23:43:09 Sent {"src":"n2","dest":"n1","body":{"in_reply_to":269,"type":"gossip_ok"}}
2023/05/29 23:43:09 Received {c11 n2 {"type":"read","msg_id":26}}
2023/05/29 23:43:09 Sent {"src":"n2","dest":"c11","body":{"in_reply_to":26,"messages":[0,2,3,4,5,5,6,7,9,10,11,12,13,14,15,15,17,18,20,21,22,22,23,25,26,27,27,28,29,30,31,32,33,34,35,36,37,38,40,41,42,43,43,44,45,46,47,48,49,50,50,51,53,54,56,57,58,58,59,60,61,62,64,65,65,66,67,68,69,70,70,72,73,74,75,76,78,80,81,82,83,84],"msg_id":26,"type":"read_ok"}}
2023/05/29 23:43:09 Received {n1 n2 {"counter":36,"message":86,"msg_id":272,"sender":"n0","type":"gossip"}}
2023/05/29 23:43:09 Sent {"src":"n2","dest":"n1","body":{"counter":36,"message":86,"msg_id":83,"sender":"n0","type":"gossip"}}
2023/05/29 23:43:09 Sent {"src":"n2","dest":"n1","body":{"in_reply_to":272,"type":"gossip_ok"}}
2023/05/29 23:43:09 Received {n1 n2 {"in_reply_to":83,"type":"gossip_ok"}}
2023/05/29 23:43:09 Received {n1 n2 {"counter":18,"message":87,"msg_id":275,"sender":"n1","type":"gossip"}}
2023/05/29 23:43:09 Sent {"src":"n2","dest":"n1","body":{"counter":18,"message":87,"msg_id":84,"sender":"n1","type":"gossip"}}
2023/05/29 23:43:09 Sent {"src":"n2","dest":"n1","body":{"in_reply_to":275,"type":"gossip_ok"}}
2023/05/29 23:43:09 Received {n1 n2 {"counter":18,"message":87,"msg_id":278,"sender":"n1","type":"gossip"}}
2023/05/29 23:43:09 Received {n1 n2 {"in_reply_to":84,"type":"gossip_ok"}}
2023/05/29 23:43:09 Sent {"src":"n2","dest":"n1","body":{"in_reply_to":278,"type":"gossip_ok"}}
2023/05/29 23:43:09 Received {c11 n2 {"type":"broadcast","message":88,"msg_id":27}}
2023/05/29 23:43:09 Sent {"src":"n2","dest":"n1","body":{"counter":10,"message":88,"msg_id":85,"sender":"n2","type":"gossip"}}
2023/05/29 23:43:09 Sent {"src":"n2","dest":"c11","body":{"in_reply_to":27,"type":"broadcast_ok"}}
2023/05/29 23:43:09 Received {n1 n2 {"counter":10,"message":88,"msg_id":281,"sender":"n2","type":"gossip"}}
2023/05/29 23:43:09 Sent {"src":"n2","dest":"n1","body":{"counter":10,"message":88,"msg_id":86,"sender":"n2","type":"gossip"}}
2023/05/29 23:43:09 Sent {"src":"n2","dest":"n1","body":{"in_reply_to":281,"type":"gossip_ok"}}
2023/05/29 23:43:09 Received {n1 n2 {"in_reply_to":85,"type":"gossip_ok"}}
2023/05/29 23:43:09 Received {n1 n2 {"in_reply_to":86,"type":"gossip_ok"}}
2023/05/29 23:43:09 Received {n1 n2 {"counter":13,"message":89,"msg_id":284,"sender":"n3","type":"gossip"}}
2023/05/29 23:43:09 Sent {"src":"n2","dest":"n1","body":{"counter":13,"message":89,"msg_id":87,"sender":"n3","type":"gossip"}}
2023/05/29 23:43:09 Sent {"src":"n2","dest":"n1","body":{"in_reply_to":284,"type":"gossip_ok"}}
2023/05/29 23:43:09 Received {n1 n2 {"in_reply_to":87,"type":"gossip_ok"}}
2023/05/29 23:43:10 Received {c11 n2 {"type":"broadcast","message":91,"msg_id":28}}
2023/05/29 23:43:10 Sent {"src":"n2","dest":"n1","body":{"counter":11,"message":91,"msg_id":88,"sender":"n2","type":"gossip"}}
2023/05/29 23:43:10 Sent {"src":"n2","dest":"c11","body":{"in_reply_to":28,"type":"broadcast_ok"}}
2023/05/29 23:43:10 Received {n1 n2 {"counter":11,"message":91,"msg_id":287,"sender":"n2","type":"gossip"}}
2023/05/29 23:43:10 Received {n1 n2 {"in_reply_to":88,"type":"gossip_ok"}}
2023/05/29 23:43:10 Sent {"src":"n2","dest":"n1","body":{"counter":11,"message":91,"msg_id":89,"sender":"n2","type":"gossip"}}
2023/05/29 23:43:10 Sent {"src":"n2","dest":"n1","body":{"in_reply_to":287,"type":"gossip_ok"}}
2023/05/29 23:43:10 Received {n1 n2 {"in_reply_to":89,"type":"gossip_ok"}}
2023/05/29 23:43:11 Received {n1 n2 {"counter":37,"message":93,"msg_id":290,"sender":"n0","type":"gossip"}}
2023/05/29 23:43:11 Sent {"src":"n2","dest":"n1","body":{"counter":37,"message":93,"msg_id":90,"sender":"n0","type":"gossip"}}
2023/05/29 23:43:11 Sent {"src":"n2","dest":"n1","body":{"in_reply_to":290,"type":"gossip_ok"}}
2023/05/29 23:43:11 Received {n1 n2 {"in_reply_to":90,"type":"gossip_ok"}}
2023/05/29 23:43:11 Received {n1 n2 {"counter":19,"message":94,"msg_id":293,"sender":"n1","type":"gossip"}}
2023/05/29 23:43:11 Sent {"src":"n2","dest":"n1","body":{"counter":19,"message":94,"msg_id":91,"sender":"n1","type":"gossip"}}
2023/05/29 23:43:11 Sent {"src":"n2","dest":"n1","body":{"in_reply_to":293,"type":"gossip_ok"}}
2023/05/29 23:43:11 Received {n1 n2 {"counter":19,"message":94,"msg_id":296,"sender":"n1","type":"gossip"}}
2023/05/29 23:43:11 Sent {"src":"n2","dest":"n1","body":{"in_reply_to":296,"type":"gossip_ok"}}
2023/05/29 23:43:11 Received {n1 n2 {"in_reply_to":91,"type":"gossip_ok"}}
2023/05/29 23:43:11 Received {c11 n2 {"type":"broadcast","message":95,"msg_id":29}}
2023/05/29 23:43:11 Sent {"src":"n2","dest":"n1","body":{"counter":12,"message":95,"msg_id":92,"sender":"n2","type":"gossip"}}
2023/05/29 23:43:11 Sent {"src":"n2","dest":"c11","body":{"in_reply_to":29,"type":"broadcast_ok"}}
2023/05/29 23:43:11 Received {n1 n2 {"counter":12,"message":95,"msg_id":299,"sender":"n2","type":"gossip"}}
2023/05/29 23:43:11 Received {n1 n2 {"in_reply_to":92,"type":"gossip_ok"}}
2023/05/29 23:43:11 Sent {"src":"n2","dest":"n1","body":{"counter":12,"message":95,"msg_id":93,"sender":"n2","type":"gossip"}}
2023/05/29 23:43:11 Sent {"src":"n2","dest":"n1","body":{"in_reply_to":299,"type":"gossip_ok"}}
2023/05/29 23:43:11 Received {n1 n2 {"in_reply_to":93,"type":"gossip_ok"}}
2023/05/29 23:43:11 Received {n1 n2 {"counter":14,"message":96,"msg_id":302,"sender":"n3","type":"gossip"}}
2023/05/29 23:43:11 Sent {"src":"n2","dest":"n1","body":{"counter":14,"message":96,"msg_id":94,"sender":"n3","type":"gossip"}}
2023/05/29 23:43:11 Sent {"src":"n2","dest":"n1","body":{"in_reply_to":302,"type":"gossip_ok"}}
2023/05/29 23:43:11 Received {n1 n2 {"in_reply_to":94,"type":"gossip_ok"}}
2023/05/29 23:43:11 Received {n1 n2 {"counter":38,"message":98,"msg_id":305,"sender":"n0","type":"gossip"}}
2023/05/29 23:43:11 Sent {"src":"n2","dest":"n1","body":{"counter":38,"message":98,"msg_id":95,"sender":"n0","type":"gossip"}}
2023/05/29 23:43:11 Sent {"src":"n2","dest":"n1","body":{"in_reply_to":305,"type":"gossip_ok"}}
2023/05/29 23:43:11 Received {n1 n2 {"in_reply_to":95,"type":"gossip_ok"}}
2023/05/29 23:43:11 Received {n1 n2 {"counter":39,"message":99,"msg_id":308,"sender":"n0","type":"gossip"}}
2023/05/29 23:43:11 Sent {"src":"n2","dest":"n1","body":{"counter":39,"message":99,"msg_id":96,"sender":"n0","type":"gossip"}}
2023/05/29 23:43:11 Sent {"src":"n2","dest":"n1","body":{"in_reply_to":308,"type":"gossip_ok"}}
2023/05/29 23:43:11 Received {n1 n2 {"in_reply_to":96,"type":"gossip_ok"}}
2023/05/29 23:43:11 Received {c11 n2 {"type":"broadcast","message":100,"msg_id":30}}
2023/05/29 23:43:11 Sent {"src":"n2","dest":"n1","body":{"counter":13,"message":100,"msg_id":97,"sender":"n2","type":"gossip"}}
2023/05/29 23:43:11 Sent {"src":"n2","dest":"c11","body":{"in_reply_to":30,"type":"broadcast_ok"}}
2023/05/29 23:43:11 Received {n1 n2 {"counter":13,"message":100,"msg_id":311,"sender":"n2","type":"gossip"}}
2023/05/29 23:43:11 Sent {"src":"n2","dest":"n1","body":{"counter":13,"message":100,"msg_id":98,"sender":"n2","type":"gossip"}}
2023/05/29 23:43:11 Received {n1 n2 {"in_reply_to":97,"type":"gossip_ok"}}
2023/05/29 23:43:11 Sent {"src":"n2","dest":"n1","body":{"in_reply_to":311,"type":"gossip_ok"}}
2023/05/29 23:43:11 Received {n1 n2 {"in_reply_to":98,"type":"gossip_ok"}}
2023/05/29 23:43:12 Received {n1 n2 {"counter":40,"message":101,"msg_id":314,"sender":"n0","type":"gossip"}}
2023/05/29 23:43:12 Sent {"src":"n2","dest":"n1","body":{"counter":40,"message":101,"msg_id":99,"sender":"n0","type":"gossip"}}
2023/05/29 23:43:12 Sent {"src":"n2","dest":"n1","body":{"in_reply_to":314,"type":"gossip_ok"}}
2023/05/29 23:43:12 Received {n1 n2 {"in_reply_to":99,"type":"gossip_ok"}}
2023/05/29 23:43:12 Received {n1 n2 {"counter":41,"message":102,"msg_id":317,"sender":"n0","type":"gossip"}}
2023/05/29 23:43:12 Sent {"src":"n2","dest":"n1","body":{"counter":41,"message":102,"msg_id":100,"sender":"n0","type":"gossip"}}
2023/05/29 23:43:12 Sent {"src":"n2","dest":"n1","body":{"in_reply_to":317,"type":"gossip_ok"}}
2023/05/29 23:43:12 Received {n1 n2 {"in_reply_to":100,"type":"gossip_ok"}}
2023/05/29 23:43:12 Received {c11 n2 {"type":"read","msg_id":31}}
2023/05/29 23:43:12 Sent {"src":"n2","dest":"c11","body":{"in_reply_to":31,"messages":[0,2,3,4,5,5,6,7,9,10,11,12,13,14,15,15,17,18,20,21,22,22,23,25,26,27,27,28,29,30,31,32,33,34,35,36,37,38,40,41,42,43,43,44,45,46,47,48,49,50,50,51,53,54,56,57,58,58,59,60,61,62,64,65,65,66,67,68,69,70,70,72,73,74,75,76,78,80,81,82,83,84,86,87,88,88,89,91,91,93,94,95,95,96,98,99,100,100,101,102],"msg_id":31,"type":"read_ok"}}
2023/05/29 23:43:12 Received {n1 n2 {"counter":17,"message":103,"msg_id":320,"sender":"n4","type":"gossip"}}
2023/05/29 23:43:12 Sent {"src":"n2","dest":"n1","body":{"counter":17,"message":103,"msg_id":101,"sender":"n4","type":"gossip"}}
2023/05/29 23:43:12 Sent {"src":"n2","dest":"n1","body":{"in_reply_to":320,"type":"gossip_ok"}}
2023/05/29 23:43:12 Received {n1 n2 {"in_reply_to":101,"type":"gossip_ok"}}
2023/05/29 23:43:12 Received {n1 n2 {"counter":42,"message":104,"msg_id":323,"sender":"n0","type":"gossip"}}
2023/05/29 23:43:12 Sent {"src":"n2","dest":"n1","body":{"counter":42,"message":104,"msg_id":102,"sender":"n0","type":"gossip"}}
2023/05/29 23:43:12 Sent {"src":"n2","dest":"n1","body":{"in_reply_to":323,"type":"gossip_ok"}}
2023/05/29 23:43:12 Received {n1 n2 {"in_reply_to":102,"type":"gossip_ok"}}
2023/05/29 23:43:13 Received {c11 n2 {"type":"read","msg_id":32}}
2023/05/29 23:43:13 Sent {"src":"n2","dest":"c11","body":{"in_reply_to":32,"messages":[0,2,3,4,5,5,6,7,9,10,11,12,13,14,15,15,17,18,20,21,22,22,23,25,26,27,27,28,29,30,31,32,33,34,35,36,37,38,40,41,42,43,43,44,45,46,47,48,49,50,50,51,53,54,56,57,58,58,59,60,61,62,64,65,65,66,67,68,69,70,70,72,73,74,75,76,78,80,81,82,83,84,86,87,88,88,89,91,91,93,94,95,95,96,98,99,100,100,101,102,103,104],"msg_id":32,"type":"read_ok"}}
2023/05/29 23:43:13 Received {n1 n2 {"counter":43,"message":105,"msg_id":326,"sender":"n0","type":"gossip"}}
2023/05/29 23:43:13 Sent {"src":"n2","dest":"n1","body":{"counter":43,"message":105,"msg_id":103,"sender":"n0","type":"gossip"}}
2023/05/29 23:43:13 Sent {"src":"n2","dest":"n1","body":{"in_reply_to":326,"type":"gossip_ok"}}
2023/05/29 23:43:13 Received {n1 n2 {"in_reply_to":103,"type":"gossip_ok"}}
2023/05/29 23:43:13 Received {n1 n2 {"counter":44,"message":106,"msg_id":329,"sender":"n0","type":"gossip"}}
2023/05/29 23:43:13 Sent {"src":"n2","dest":"n1","body":{"counter":44,"message":106,"msg_id":104,"sender":"n0","type":"gossip"}}
2023/05/29 23:43:13 Sent {"src":"n2","dest":"n1","body":{"in_reply_to":329,"type":"gossip_ok"}}
2023/05/29 23:43:13 Received {n1 n2 {"in_reply_to":104,"type":"gossip_ok"}}
2023/05/29 23:43:13 Received {n1 n2 {"counter":20,"message":107,"msg_id":332,"sender":"n1","type":"gossip"}}
2023/05/29 23:43:13 Sent {"src":"n2","dest":"n1","body":{"counter":20,"message":107,"msg_id":105,"sender":"n1","type":"gossip"}}
2023/05/29 23:43:13 Sent {"src":"n2","dest":"n1","body":{"in_reply_to":332,"type":"gossip_ok"}}
2023/05/29 23:43:13 Received {n1 n2 {"counter":20,"message":107,"msg_id":335,"sender":"n1","type":"gossip"}}
2023/05/29 23:43:13 Received {n1 n2 {"in_reply_to":105,"type":"gossip_ok"}}
2023/05/29 23:43:13 Sent {"src":"n2","dest":"n1","body":{"in_reply_to":335,"type":"gossip_ok"}}
2023/05/29 23:43:13 Received {c11 n2 {"type":"read","msg_id":33}}
2023/05/29 23:43:13 Sent {"src":"n2","dest":"c11","body":{"in_reply_to":33,"messages":[0,2,3,4,5,5,6,7,9,10,11,12,13,14,15,15,17,18,20,21,22,22,23,25,26,27,27,28,29,30,31,32,33,34,35,36,37,38,40,41,42,43,43,44,45,46,47,48,49,50,50,51,53,54,56,57,58,58,59,60,61,62,64,65,65,66,67,68,69,70,70,72,73,74,75,76,78,80,81,82,83,84,86,87,88,88,89,91,91,93,94,95,95,96,98,99,100,100,101,102,103,104,105,106,107],"msg_id":33,"type":"read_ok"}}
2023/05/29 23:43:14 Received {n1 n2 {"counter":18,"message":108,"msg_id":338,"sender":"n4","type":"gossip"}}
2023/05/29 23:43:14 Sent {"src":"n2","dest":"n1","body":{"counter":18,"message":108,"msg_id":106,"sender":"n4","type":"gossip"}}
2023/05/29 23:43:14 Sent {"src":"n2","dest":"n1","body":{"in_reply_to":338,"type":"gossip_ok"}}
2023/05/29 23:43:14 Received {n1 n2 {"in_reply_to":106,"type":"gossip_ok"}}
2023/05/29 23:43:14 Received {n1 n2 {"counter":45,"message":109,"msg_id":341,"sender":"n0","type":"gossip"}}
2023/05/29 23:43:14 Sent {"src":"n2","dest":"n1","body":{"counter":45,"message":109,"msg_id":107,"sender":"n0","type":"gossip"}}
2023/05/29 23:43:14 Sent {"src":"n2","dest":"n1","body":{"in_reply_to":341,"type":"gossip_ok"}}
2023/05/29 23:43:14 Received {n1 n2 {"in_reply_to":107,"type":"gossip_ok"}}
2023/05/29 23:43:14 Received {c11 n2 {"type":"broadcast","message":110,"msg_id":34}}
2023/05/29 23:43:14 Sent {"src":"n2","dest":"n1","body":{"counter":14,"message":110,"msg_id":108,"sender":"n2","type":"gossip"}}
2023/05/29 23:43:14 Sent {"src":"n2","dest":"c11","body":{"in_reply_to":34,"type":"broadcast_ok"}}
2023/05/29 23:43:14 Received {n1 n2 {"counter":14,"message":110,"msg_id":344,"sender":"n2","type":"gossip"}}
2023/05/29 23:43:14 Received {n1 n2 {"in_reply_to":108,"type":"gossip_ok"}}
2023/05/29 23:43:14 Sent {"src":"n2","dest":"n1","body":{"counter":14,"message":110,"msg_id":109,"sender":"n2","type":"gossip"}}
2023/05/29 23:43:14 Sent {"src":"n2","dest":"n1","body":{"in_reply_to":344,"type":"gossip_ok"}}
2023/05/29 23:43:14 Received {n1 n2 {"in_reply_to":109,"type":"gossip_ok"}}
2023/05/29 23:43:24 Received {c11 n2 {"type":"read","msg_id":35}}
2023/05/29 23:43:24 Sent {"src":"n2","dest":"c11","body":{"in_reply_to":35,"messages":[0,2,3,4,5,5,6,7,9,10,11,12,13,14,15,15,17,18,20,21,22,22,23,25,26,27,27,28,29,30,31,32,33,34,35,36,37,38,40,41,42,43,43,44,45,46,47,48,49,50,50,51,53,54,56,57,58,58,59,60,61,62,64,65,65,66,67,68,69,70,70,72,73,74,75,76,78,80,81,82,83,84,86,87,88,88,89,91,91,93,94,95,95,96,98,99,100,100,101,102,103,104,105,106,107,108,109,110,110],"msg_id":35,"type":"read_ok"}}
