2023/05/29 23:42:54 Received {c1 n3 {"type":"init","node_id":"n3","node_ids":["n0","n1","n2","n3","n4"],"msg_id":1}}
2023/05/29 23:42:54 Node n3 initialized
2023/05/29 23:42:54 Sent {"src":"n3","dest":"c1","body":{"in_reply_to":1,"type":"init_ok"}}
2023/05/29 23:42:54 Received {c6 n3 {"type":"topology","topology":{"n0":["n3","n1"],"n1":["n4","n2","n0"],"n2":["n1"],"n3":["n0","n4"],"n4":["n1","n3"]},"msg_id":1}}
2023/05/29 23:42:54 Sent {"src":"n3","dest":"c6","body":{"in_reply_to":1,"type":"topology_ok"}}
2023/05/29 23:42:54 Received {n0 n3 {"counter":1,"message":0,"msg_id":1,"sender":"n1","type":"gossip"}}
2023/05/29 23:42:54 Sent {"src":"n3","dest":"n0","body":{"counter":1,"message":0,"msg_id":1,"sender":"n1","type":"gossip"}}
2023/05/29 23:42:54 Sent {"src":"n3","dest":"n4","body":{"counter":1,"message":0,"msg_id":2,"sender":"n1","type":"gossip"}}
2023/05/29 23:42:54 Sent {"src":"n3","dest":"n0","body":{"in_reply_to":1,"type":"gossip_ok"}}
2023/05/29 23:42:54 Received {n0 n3 {"in_reply_to":1,"type":"gossip_ok"}}
2023/05/29 23:42:55 Received {c12 n3 {"type":"read","msg_id":1}}
2023/05/29 23:42:55 Sent {"src":"n3","dest":"c12","body":{"in_reply_to":1,"messages":[0],"msg_id":1,"type":"read_ok"}}
2023/05/29 23:42:55 Received {n0 n3 {"counter":1,"message":2,"msg_id":3,"sender":"n0","type":"gossip"}}
2023/05/29 23:42:55 Sent {"src":"n3","dest":"n0","body":{"counter":1,"message":2,"msg_id":3,"sender":"n0","type":"gossip"}}
2023/05/29 23:42:55 Sent {"src":"n3","dest":"n4","body":{"counter":1,"message":2,"msg_id":4,"sender":"n0","type":"gossip"}}
2023/05/29 23:42:55 Sent {"src":"n3","dest":"n0","body":{"in_reply_to":3,"type":"gossip_ok"}}
2023/05/29 23:42:55 Received {n0 n3 {"counter":1,"message":2,"msg_id":5,"sender":"n0","type":"gossip"}}
2023/05/29 23:42:55 Sent {"src":"n3","dest":"n0","body":{"in_reply_to":5,"type":"gossip_ok"}}
2023/05/29 23:42:55 Received {n0 n3 {"in_reply_to":3,"type":"gossip_ok"}}
2023/05/29 23:42:55 Received {n0 n3 {"counter":2,"message":3,"msg_id":7,"sender":"n0","type":"gossip"}}
2023/05/29 23:42:55 Sent {"src":"n3","dest":"n0","body":{"counter":2,"message":3,"msg_id":5,"sender":"n0","type":"gossip"}}
2023/05/29 23:42:55 Sent {"src":"n3","dest":"n4","body":{"counter":2,"message":3,"msg_id":6,"sender":"n0","type":"gossip"}}
2023/05/29 23:42:55 Sent {"src":"n3","dest":"n0","body":{"in_reply_to":7,"type":"gossip_ok"}}
2023/05/29 23:42:55 Received {n0 n3 {"counter":2,"message":3,"msg_id":9,"sender":"n0","type":"gossip"}}
2023/05/29 23:42:55 Sent {"src":"n3","dest":"n0","body":{"in_reply_to":9,"type":"gossip_ok"}}
2023/05/29 23:42:55 Received {n0 n3 {"in_reply_to":5,"type":"gossip_ok"}}
2023/05/29 23:42:55 Received {n0 n3 {"counter":2,"message":4,"msg_id":11,"sender":"n1","type":"gossip"}}
2023/05/29 23:42:55 Sent {"src":"n3","dest":"n0","body":{"counter":2,"message":4,"msg_id":7,"sender":"n1","type":"gossip"}}
2023/05/29 23:42:55 Sent {"src":"n3","dest":"n4","body":{"counter":2,"message":4,"msg_id":8,"sender":"n1","type":"gossip"}}
2023/05/29 23:42:55 Sent {"src":"n3","dest":"n0","body":{"in_reply_to":11,"type":"gossip_ok"}}
2023/05/29 23:42:55 Received {n0 n3 {"in_reply_to":7,"type":"gossip_ok"}}
2023/05/29 23:42:55 Received {n0 n3 {"counter":1,"message":5,"msg_id":13,"sender":"n2","type":"gossip"}}
2023/05/29 23:42:55 Sent {"src":"n3","dest":"n0","body":{"counter":1,"message":5,"msg_id":9,"sender":"n2","type":"gossip"}}
2023/05/29 23:42:55 Sent {"src":"n3","dest":"n4","body":{"counter":1,"message":5,"msg_id":10,"sender":"n2","type":"gossip"}}
2023/05/29 23:42:55 Sent {"src":"n3","dest":"n0","body":{"in_reply_to":13,"type":"gossip_ok"}}
2023/05/29 23:42:55 Received {n0 n3 {"in_reply_to":9,"type":"gossip_ok"}}
2023/05/29 23:42:55 Received {c12 n3 {"type":"read","msg_id":2}}
2023/05/29 23:42:55 Sent {"src":"n3","dest":"c12","body":{"in_reply_to":2,"messages":[0,2,3,4,5],"msg_id":2,"type":"read_ok"}}
2023/05/29 23:42:55 Received {n0 n3 {"counter":3,"message":6,"msg_id":15,"sender":"n0","type":"gossip"}}
2023/05/29 23:42:55 Sent {"src":"n3","dest":"n0","body":{"counter":3,"message":6,"msg_id":11,"sender":"n0","type":"gossip"}}
2023/05/29 23:42:55 Sent {"src":"n3","dest":"n4","body":{"counter":3,"message":6,"msg_id":12,"sender":"n0","type":"gossip"}}
2023/05/29 23:42:55 Sent {"src":"n3","dest":"n0","body":{"in_reply_to":15,"type":"gossip_ok"}}
2023/05/29 23:42:55 Received {n0 n3 {"counter":3,"message":6,"msg_id":17,"sender":"n0","type":"gossip"}}
2023/05/29 23:42:55 Sent {"src":"n3","dest":"n0","body":{"in_reply_to":17,"type":"gossip_ok"}}
2023/05/29 23:42:55 Received {n0 n3 {"in_reply_to":11,"type":"gossip_ok"}}
2023/05/29 23:42:56 Received {c12 n3 {"type":"broadcast","message":7,"msg_id":3}}
2023/05/29 23:42:56 Sent {"src":"n3","dest":"n0","body":{"counter":1,"message":7,"msg_id":13,"sender":"n3","type":"gossip"}}
2023/05/29 23:42:56 Sent {"src":"n3","dest":"n4","body":{"counter":1,"message":7,"msg_id":14,"sender":"n3","type":"gossip"}}
2023/05/29 23:42:56 Sent {"src":"n3","dest":"c12","body":{"in_reply_to":3,"type":"broadcast_ok"}}
2023/05/29 23:42:56 Received {n0 n3 {"counter":1,"message":7,"msg_id":19,"sender":"n3","type":"gossip"}}
2023/05/29 23:42:56 Received {n0 n3 {"in_reply_to":13,"type":"gossip_ok"}}
2023/05/29 23:42:56 Sent {"src":"n3","dest":"n0","body":{"counter":1,"message":7,"msg_id":15,"sender":"n3","type":"gossip"}}
2023/05/29 23:42:56 Sent {"src":"n3","dest":"n4","body":{"counter":1,"message":7,"msg_id":16,"sender":"n3","type":"gossip"}}
2023/05/29 23:42:56 Sent {"src":"n3","dest":"n0","body":{"in_reply_to":19,"type":"gossip_ok"}}
2023/05/29 23:42:56 Received {n0 n3 {"in_reply_to":15,"type":"gossip_ok"}}
2023/05/29 23:42:56 Received {n0 n3 {"counter":4,"message":9,"msg_id":21,"sender":"n0","type":"gossip"}}
2023/05/29 23:42:56 Sent {"src":"n3","dest":"n0","body":{"counter":4,"message":9,"msg_id":17,"sender":"n0","type":"gossip"}}
2023/05/29 23:42:56 Sent {"src":"n3","dest":"n4","body":{"counter":4,"message":9,"msg_id":18,"sender":"n0","type":"gossip"}}
2023/05/29 23:42:56 Sent {"src":"n3","dest":"n0","body":{"in_reply_to":21,"type":"gossip_ok"}}
2023/05/29 23:42:56 Received {n0 n3 {"counter":4,"message":9,"msg_id":23,"sender":"n0","type":"gossip"}}
2023/05/29 23:42:56 Sent {"src":"n3","dest":"n0","body":{"in_reply_to":23,"type":"gossip_ok"}}
2023/05/29 23:42:56 Received {n0 n3 {"in_reply_to":17,"type":"gossip_ok"}}
2023/05/29 23:42:56 Received {n0 n3 {"counter":5,"message":10,"msg_id":25,"sender":"n0","type":"gossip"}}
2023/05/29 23:42:56 Sent {"src":"n3","dest":"n0","body":{"counter":5,"message":10,"msg_id":19,"sender":"n0","type":"gossip"}}
2023/05/29 23:42:56 Sent {"src":"n3","dest":"n4","body":{"counter":5,"message":10,"msg_id":20,"sender":"n0","type":"gossip"}}
2023/05/29 23:42:56 Sent {"src":"n3","dest":"n0","body":{"in_reply_to":25,"type":"gossip_ok"}}
2023/05/29 23:42:56 Received {n0 n3 {"counter":5,"message":10,"msg_id":27,"sender":"n0","type":"gossip"}}
2023/05/29 23:42:56 Sent {"src":"n3","dest":"n0","body":{"in_reply_to":27,"type":"gossip_ok"}}
2023/05/29 23:42:56 Received {n0 n3 {"in_reply_to":19,"type":"gossip_ok"}}
2023/05/29 23:42:56 Received {n0 n3 {"counter":3,"message":11,"msg_id":29,"sender":"n1","type":"gossip"}}
2023/05/29 23:42:56 Sent {"src":"n3","dest":"n0","body":{"counter":3,"message":11,"msg_id":21,"sender":"n1","type":"gossip"}}
2023/05/29 23:42:56 Sent {"src":"n3","dest":"n4","body":{"counter":3,"message":11,"msg_id":22,"sender":"n1","type":"gossip"}}
2023/05/29 23:42:56 Sent {"src":"n3","dest":"n0","body":{"in_reply_to":29,"type":"gossip_ok"}}
2023/05/29 23:42:56 Received {n0 n3 {"in_reply_to":21,"type":"gossip_ok"}}
2023/05/29 23:42:56 Received {c12 n3 {"type":"read","msg_id":4}}
2023/05/29 23:42:56 Sent {"src":"n3","dest":"c12","body":{"in_reply_to":4,"messages":[0,2,3,4,5,6,7,7,9,10,11],"msg_id":4,"type":"read_ok"}}
2023/05/29 23:42:56 Received {n0 n3 {"counter":6,"message":12,"msg_id":31,"sender":"n0","type":"gossip"}}
2023/05/29 23:42:56 Sent {"src":"n3","dest":"n0","body":{"counter":6,"message":12,"msg_id":23,"sender":"n0","type":"gossip"}}
2023/05/29 23:42:56 Sent {"src":"n3","dest":"n4","body":{"counter":6,"message":12,"msg_id":24,"sender":"n0","type":"gossip"}}
2023/05/29 23:42:56 Sent {"src":"n3","dest":"n0","body":{"in_reply_to":31,"type":"gossip_ok"}}
2023/05/29 23:42:56 Received {n0 n3 {"counter":6,"message":12,"msg_id":33,"sender":"n0","type":"gossip"}}
2023/05/29 23:42:56 Received {n0 n3 {"in_reply_to":23,"type":"gossip_ok"}}
2023/05/29 23:42:56 Sent {"src":"n3","dest":"n0","body":{"in_reply_to":33,"type":"gossip_ok"}}
2023/05/29 23:42:57 Received {c12 n3 {"type":"read","msg_id":5}}
2023/05/29 23:42:57 Sent {"src":"n3","dest":"c12","body":{"in_reply_to":5,"messages":[0,2,3,4,5,6,7,7,9,10,11,12],"msg_id":5,"type":"read_ok"}}
2023/05/29 23:42:57 Received {n0 n3 {"counter":7,"message":13,"msg_id":35,"sender":"n0","type":"gossip"}}
2023/05/29 23:42:57 Sent {"src":"n3","dest":"n0","body":{"counter":7,"message":13,"msg_id":25,"sender":"n0","type":"gossip"}}
2023/05/29 23:42:57 Sent {"src":"n3","dest":"n4","body":{"counter":7,"message":13,"msg_id":26,"sender":"n0","type":"gossip"}}
2023/05/29 23:42:57 Sent {"src":"n3","dest":"n0","body":{"in_reply_to":35,"type":"gossip_ok"}}
2023/05/29 23:42:57 Received {n0 n3 {"counter":7,"message":13,"msg_id":37,"sender":"n0","type":"gossip"}}
2023/05/29 23:42:57 Received {n0 n3 {"in_reply_to":25,"type":"gossip_ok"}}
2023/05/29 23:42:57 Sent {"src":"n3","dest":"n0","body":{"in_reply_to":37,"type":"gossip_ok"}}
2023/05/29 23:42:57 Received {n0 n3 {"counter":8,"message":14,"msg_id":39,"sender":"n0","type":"gossip"}}
2023/05/29 23:42:57 Sent {"src":"n3","dest":"n0","body":{"counter":8,"message":14,"msg_id":27,"sender":"n0","type":"gossip"}}
2023/05/29 23:42:57 Sent {"src":"n3","dest":"n4","body":{"counter":8,"message":14,"msg_id":28,"sender":"n0","type":"gossip"}}
2023/05/29 23:42:57 Sent {"src":"n3","dest":"n0","body":{"in_reply_to":39,"type":"gossip_ok"}}
2023/05/29 23:42:57 Received {n0 n3 {"counter":8,"message":14,"msg_id":41,"sender":"n0","type":"gossip"}}
2023/05/29 23:42:57 Received {n0 n3 {"in_reply_to":27,"type":"gossip_ok"}}
2023/05/29 23:42:57 Sent {"src":"n3","dest":"n0","body":{"in_reply_to":41,"type":"gossip_ok"}}
2023/05/29 23:42:57 Received {n0 n3 {"counter":2,"message":15,"msg_id":43,"sender":"n2","type":"gossip"}}
2023/05/29 23:42:57 Sent {"src":"n3","dest":"n0","body":{"counter":2,"message":15,"msg_id":29,"sender":"n2","type":"gossip"}}
2023/05/29 23:42:57 Sent {"src":"n3","dest":"n4","body":{"counter":2,"message":15,"msg_id":30,"sender":"n2","type":"gossip"}}
2023/05/29 23:42:57 Sent {"src":"n3","dest":"n0","body":{"in_reply_to":43,"type":"gossip_ok"}}
2023/05/29 23:42:57 Received {n0 n3 {"in_reply_to":29,"type":"gossip_ok"}}
2023/05/29 23:42:57 Received {c12 n3 {"type":"read","msg_id":6}}
2023/05/29 23:42:57 Sent {"src":"n3","dest":"c12","body":{"in_reply_to":6,"messages":[0,2,3,4,5,6,7,7,9,10,11,12,13,14,15],"msg_id":6,"type":"read_ok"}}
2023/05/29 23:42:58 Received {n0 n3 {"counter":9,"message":17,"msg_id":45,"sender":"n0","type":"gossip"}}
2023/05/29 23:42:58 Sent {"src":"n3","dest":"n0","body":{"counter":9,"message":17,"msg_id":31,"sender":"n0","type":"gossip"}}
2023/05/29 23:42:58 Sent {"src":"n3","dest":"n4","body":{"counter":9,"message":17,"msg_id":32,"sender":"n0","type":"gossip"}}
2023/05/29 23:42:58 Sent {"src":"n3","dest":"n0","body":{"in_reply_to":45,"type":"gossip_ok"}}
2023/05/29 23:42:58 Received {n0 n3 {"counter":9,"message":17,"msg_id":47,"sender":"n0","type":"gossip"}}
2023/05/29 23:42:58 Received {n0 n3 {"in_reply_to":31,"type":"gossip_ok"}}
2023/05/29 23:42:58 Sent {"src":"n3","dest":"n0","body":{"in_reply_to":47,"type":"gossip_ok"}}
2023/05/29 23:42:58 Received {n0 n3 {"counter":4,"message":18,"msg_id":49,"sender":"n1","type":"gossip"}}
2023/05/29 23:42:58 Sent {"src":"n3","dest":"n0","body":{"counter":4,"message":18,"msg_id":33,"sender":"n1","type":"gossip"}}
2023/05/29 23:42:58 Sent {"src":"n3","dest":"n4","body":{"counter":4,"message":18,"msg_id":34,"sender":"n1","type":"gossip"}}
2023/05/29 23:42:58 Sent {"src":"n3","dest":"n0","body":{"in_reply_to":49,"type":"gossip_ok"}}
2023/05/29 23:42:58 Received {n0 n3 {"in_reply_to":33,"type":"gossip_ok"}}
2023/05/29 23:42:58 Received {c12 n3 {"type":"read","msg_id":7}}
2023/05/29 23:42:58 Sent {"src":"n3","dest":"c12","body":{"in_reply_to":7,"messages":[0,2,3,4,5,6,7,7,9,10,11,12,13,14,15,17,18],"msg_id":7,"type":"read_ok"}}
2023/05/29 23:42:58 Received {n0 n3 {"counter":10,"message":20,"msg_id":51,"sender":"n0","type":"gossip"}}
2023/05/29 23:42:58 Sent {"src":"n3","dest":"n0","body":{"counter":10,"message":20,"msg_id":35,"sender":"n0","type":"gossip"}}
2023/05/29 23:42:58 Sent {"src":"n3","dest":"n4","body":{"counter":10,"message":20,"msg_id":36,"sender":"n0","type":"gossip"}}
2023/05/29 23:42:58 Sent {"src":"n3","dest":"n0","body":{"in_reply_to":51,"type":"gossip_ok"}}
2023/05/29 23:42:58 Received {n0 n3 {"counter":10,"message":20,"msg_id":53,"sender":"n0","type":"gossip"}}
2023/05/29 23:42:58 Sent {"src":"n3","dest":"n0","body":{"in_reply_to":53,"type":"gossip_ok"}}
2023/05/29 23:42:58 Received {n0 n3 {"in_reply_to":35,"type":"gossip_ok"}}
2023/05/29 23:42:58 Received {n0 n3 {"counter":11,"message":21,"msg_id":55,"sender":"n0","type":"gossip"}}
2023/05/29 23:42:58 Sent {"src":"n3","dest":"n0","body":{"counter":11,"message":21,"msg_id":37,"sender":"n0","type":"gossip"}}
2023/05/29 23:42:58 Sent {"src":"n3","dest":"n4","body":{"counter":11,"message":21,"msg_id":38,"sender":"n0","type":"gossip"}}
2023/05/29 23:42:58 Sent {"src":"n3","dest":"n0","body":{"in_reply_to":55,"type":"gossip_ok"}}
2023/05/29 23:42:58 Received {n0 n3 {"counter":11,"message":21,"msg_id":57,"sender":"n0","type":"gossip"}}
2023/05/29 23:42:58 Received {n0 n3 {"in_reply_to":37,"type":"gossip_ok"}}
2023/05/29 23:42:58 Sent {"src":"n3","dest":"n0","body":{"in_reply_to":57,"type":"gossip_ok"}}
2023/05/29 23:42:58 Received {n0 n3 {"counter":3,"message":22,"msg_id":59,"sender":"n2","type":"gossip"}}
2023/05/29 23:42:58 Sent {"src":"n3","dest":"n0","body":{"counter":3,"message":22,"msg_id":39,"sender":"n2","type":"gossip"}}
2023/05/29 23:42:58 Sent {"src":"n3","dest":"n4","body":{"counter":3,"message":22,"msg_id":40,"sender":"n2","type":"gossip"}}
2023/05/29 23:42:58 Sent {"src":"n3","dest":"n0","body":{"in_reply_to":59,"type":"gossip_ok"}}
2023/05/29 23:42:58 Received {n0 n3 {"in_reply_to":39,"type":"gossip_ok"}}
2023/05/29 23:42:58 Received {c12 n3 {"type":"broadcast","message":23,"msg_id":8}}
2023/05/29 23:42:58 Sent {"src":"n3","dest":"n0","body":{"counter":2,"message":23,"msg_id":41,"sender":"n3","type":"gossip"}}
2023/05/29 23:42:58 Sent {"src":"n3","dest":"n4","body":{"counter":2,"message":23,"msg_id":42,"sender":"n3","type":"gossip"}}
2023/05/29 23:42:58 Sent {"src":"n3","dest":"c12","body":{"in_reply_to":8,"type":"broadcast_ok"}}
2023/05/29 23:42:58 Received {n0 n3 {"counter":2,"message":23,"msg_id":61,"sender":"n3","type":"gossip"}}
2023/05/29 23:42:58 Received {n0 n3 {"in_reply_to":41,"type":"gossip_ok"}}
2023/05/29 23:42:58 Sent {"src":"n3","dest":"n0","body":{"counter":2,"message":23,"msg_id":43,"sender":"n3","type":"gossip"}}
2023/05/29 23:42:58 Sent {"src":"n3","dest":"n4","body":{"counter":2,"message":23,"msg_id":44,"sender":"n3","type":"gossip"}}
2023/05/29 23:42:58 Sent {"src":"n3","dest":"n0","body":{"in_reply_to":61,"type":"gossip_ok"}}
2023/05/29 23:42:58 Received {n0 n3 {"in_reply_to":43,"type":"gossip_ok"}}
2023/05/29 23:42:59 Received {n0 n3 {"counter":12,"message":25,"msg_id":63,"sender":"n0","type":"gossip"}}
2023/05/29 23:42:59 Sent {"src":"n3","dest":"n0","body":{"counter":12,"message":25,"msg_id":45,"sender":"n0","type":"gossip"}}
2023/05/29 23:42:59 Sent {"src":"n3","dest":"n4","body":{"counter":12,"message":25,"msg_id":46,"sender":"n0","type":"gossip"}}
2023/05/29 23:42:59 Sent {"src":"n3","dest":"n0","body":{"in_reply_to":63,"type":"gossip_ok"}}
2023/05/29 23:42:59 Received {n0 n3 {"counter":12,"message":25,"msg_id":65,"sender":"n0","type":"gossip"}}
2023/05/29 23:42:59 Received {n0 n3 {"in_reply_to":45,"type":"gossip_ok"}}
2023/05/29 23:42:59 Sent {"src":"n3","dest":"n0","body":{"in_reply_to":65,"type":"gossip_ok"}}
2023/05/29 23:42:59 Received {n0 n3 {"counter":13,"message":26,"msg_id":67,"sender":"n0","type":"gossip"}}
2023/05/29 23:42:59 Sent {"src":"n3","dest":"n0","body":{"counter":13,"message":26,"msg_id":47,"sender":"n0","type":"gossip"}}
2023/05/29 23:42:59 Sent {"src":"n3","dest":"n4","body":{"counter":13,"message":26,"msg_id":48,"sender":"n0","type":"gossip"}}
2023/05/29 23:42:59 Sent {"src":"n3","dest":"n0","body":{"in_reply_to":67,"type":"gossip_ok"}}
2023/05/29 23:42:59 Received {n0 n3 {"counter":13,"message":26,"msg_id":69,"sender":"n0","type":"gossip"}}
2023/05/29 23:42:59 Sent {"src":"n3","dest":"n0","body":{"in_reply_to":69,"type":"gossip_ok"}}
2023/05/29 23:42:59 Received {n0 n3 {"in_reply_to":47,"type":"gossip_ok"}}
2023/05/29 23:42:59 Received {n0 n3 {"counter":4,"message":27,"msg_id":71,"sender":"n2","type":"gossip"}}
2023/05/29 23:42:59 Sent {"src":"n3","dest":"n0","body":{"counter":4,"message":27,"msg_id":49,"sender":"n2","type":"gossip"}}
2023/05/29 23:42:59 Sent {"src":"n3","dest":"n4","body":{"counter":4,"message":27,"msg_id":50,"sender":"n2","type":"gossip"}}
2023/05/29 23:42:59 Sent {"src":"n3","dest":"n0","body":{"in_reply_to":71,"type":"gossip_ok"}}
2023/05/29 23:42:59 Received {n0 n3 {"in_reply_to":49,"type":"gossip_ok"}}
2023/05/29 23:42:59 Received {c12 n3 {"type":"broadcast","message":28,"msg_id":9}}
2023/05/29 23:42:59 Sent {"src":"n3","dest":"n0","body":{"counter":3,"message":28,"msg_id":51,"sender":"n3","type":"gossip"}}
2023/05/29 23:42:59 Sent {"src":"n3","dest":"n4","body":{"counter":3,"message":28,"msg_id":52,"sender":"n3","type":"gossip"}}
2023/05/29 23:42:59 Sent {"src":"n3","dest":"c12","body":{"in_reply_to":9,"type":"broadcast_ok"}}
2023/05/29 23:42:59 Received {n0 n3 {"counter":3,"message":28,"msg_id":73,"sender":"n3","type":"gossip"}}
2023/05/29 23:42:59 Received {n0 n3 {"in_reply_to":51,"type":"gossip_ok"}}
2023/05/29 23:42:59 Sent {"src":"n3","dest":"n0","body":{"counter":3,"message":28,"msg_id":53,"sender":"n3","type":"gossip"}}
2023/05/29 23:42:59 Sent {"src":"n3","dest":"n4","body":{"counter":3,"message":28,"msg_id":54,"sender":"n3","type":"gossip"}}
2023/05/29 23:42:59 Sent {"src":"n3","dest":"n0","body":{"in_reply_to":73,"type":"gossip_ok"}}
2023/05/29 23:42:59 Received {n0 n3 {"in_reply_to":53,"type":"gossip_ok"}}
2023/05/29 23:42:59 Received {n0 n3 {"counter":14,"message":29,"msg_id":75,"sender":"n0","type":"gossip"}}
2023/05/29 23:42:59 Sent {"src":"n3","dest":"n0","body":{"counter":14,"message":29,"msg_id":55,"sender":"n0","type":"gossip"}}
2023/05/29 23:42:59 Sent {"src":"n3","dest":"n4","body":{"counter":14,"message":29,"msg_id":56,"sender":"n0","type":"gossip"}}
2023/05/29 23:42:59 Sent {"src":"n3","dest":"n0","body":{"in_reply_to":75,"type":"gossip_ok"}}
2023/05/29 23:42:59 Received {n0 n3 {"counter":14,"message":29,"msg_id":77,"sender":"n0","type":"gossip"}}
2023/05/29 23:42:59 Sent {"src":"n3","dest":"n0","body":{"in_reply_to":77,"type":"gossip_ok"}}
2023/05/29 23:42:59 Received {n0 n3 {"in_reply_to":55,"type":"gossip_ok"}}
2023/05/29 23:42:59 Received {n0 n3 {"counter":5,"message":30,"msg_id":79,"sender":"n1","type":"gossip"}}
2023/05/29 23:42:59 Sent {"src":"n3","dest":"n0","body":{"counter":5,"message":30,"msg_id":57,"sender":"n1","type":"gossip"}}
2023/05/29 23:42:59 Sent {"src":"n3","dest":"n4","body":{"counter":5,"message":30,"msg_id":58,"sender":"n1","type":"gossip"}}
2023/05/29 23:42:59 Sent {"src":"n3","dest":"n0","body":{"in_reply_to":79,"type":"gossip_ok"}}
2023/05/29 23:42:59 Received {n0 n3 {"in_reply_to":57,"type":"gossip_ok"}}
2023/05/29 23:43:00 Received {c12 n3 {"type":"broadcast","message":31,"msg_id":10}}
2023/05/29 23:43:00 Sent {"src":"n3","dest":"n0","body":{"counter":4,"message":31,"msg_id":59,"sender":"n3","type":"gossip"}}
2023/05/29 23:43:00 Sent {"src":"n3","dest":"n4","body":{"counter":4,"message":31,"msg_id":60,"sender":"n3","type":"gossip"}}
2023/05/29 23:43:00 Sent {"src":"n3","dest":"c12","body":{"in_reply_to":10,"type":"broadcast_ok"}}
2023/05/29 23:43:00 Received {n0 n3 {"counter":4,"message":31,"msg_id":81,"sender":"n3","type":"gossip"}}
2023/05/29 23:43:00 Sent {"src":"n3","dest":"n0","body":{"counter":4,"message":31,"msg_id":61,"sender":"n3","type":"gossip"}}
2023/05/29 23:43:00 Sent {"src":"n3","dest":"n4","body":{"counter":4,"message":31,"msg_id":62,"sender":"n3","type":"gossip"}}
2023/05/29 23:43:00 Sent {"src":"n3","dest":"n0","body":{"in_reply_to":81,"type":"gossip_ok"}}
2023/05/29 23:43:00 Received {n0 n3 {"in_reply_to":59,"type":"gossip_ok"}}
2023/05/29 23:43:00 Received {n0 n3 {"in_reply_to":61,"type":"gossip_ok"}}
2023/05/29 23:43:00 Received {n0 n3 {"counter":15,"message":32,"msg_id":83,"sender":"n0","type":"gossip"}}
2023/05/29 23:43:00 Sent {"src":"n3","dest":"n0","body":{"counter":15,"message":32,"msg_id":63,"sender":"n0","type":"gossip"}}
2023/05/29 23:43:00 Sent {"src":"n3","dest":"n4","body":{"counter":15,"message":32,"msg_id":64,"sender":"n0","type":"gossip"}}
2023/05/29 23:43:00 Sent {"src":"n3","dest":"n0","body":{"in_reply_to":83,"type":"gossip_ok"}}
2023/05/29 23:43:00 Received {n0 n3 {"counter":15,"message":32,"msg_id":85,"sender":"n0","type":"gossip"}}
2023/05/29 23:43:00 Sent {"src":"n3","dest":"n0","body":{"in_reply_to":85,"type":"gossip_ok"}}
2023/05/29 23:43:00 Received {n0 n3 {"in_reply_to":63,"type":"gossip_ok"}}
2023/05/29 23:43:00 Received {n0 n3 {"counter":16,"message":33,"msg_id":87,"sender":"n0","type":"gossip"}}
2023/05/29 23:43:00 Sent {"src":"n3","dest":"n0","body":{"counter":16,"message":33,"msg_id":65,"sender":"n0","type":"gossip"}}
2023/05/29 23:43:00 Sent {"src":"n3","dest":"n4","body":{"counter":16,"message":33,"msg_id":66,"sender":"n0","type":"gossip"}}
2023/05/29 23:43:00 Sent {"src":"n3","dest":"n0","body":{"in_reply_to":87,"type":"gossip_ok"}}
2023/05/29 23:43:00 Received {n0 n3 {"counter":16,"message":33,"msg_id":89,"sender":"n0","type":"gossip"}}
2023/05/29 23:43:00 Received {n0 n3 {"in_reply_to":65,"type":"gossip_ok"}}
2023/05/29 23:43:00 Sent {"src":"n3","dest":"n0","body":{"in_reply_to":89,"type":"gossip_ok"}}
2023/05/29 23:43:00 Received {n0 n3 {"counter":6,"message":34,"msg_id":91,"sender":"n1","type":"gossip"}}
2023/05/29 23:43:00 Sent {"src":"n3","dest":"n0","body":{"counter":6,"message":34,"msg_id":67,"sender":"n1","type":"gossip"}}
2023/05/29 23:43:00 Sent {"src":"n3","dest":"n4","body":{"counter":6,"message":34,"msg_id":68,"sender":"n1","type":"gossip"}}
2023/05/29 23:43:00 Sent {"src":"n3","dest":"n0","body":{"in_reply_to":91,"type":"gossip_ok"}}
2023/05/29 23:43:00 Received {n0 n3 {"in_reply_to":67,"type":"gossip_ok"}}
2023/05/29 23:43:00 Received {c12 n3 {"type":"read","msg_id":11}}
2023/05/29 23:43:00 Sent {"src":"n3","dest":"c12","body":{"in_reply_to":11,"messages":[0,2,3,4,5,6,7,7,9,10,11,12,13,14,15,17,18,20,21,22,23,23,25,26,27,28,28,29,30,31,31,32,33,34],"msg_id":11,"type":"read_ok"}}
2023/05/29 23:43:01 Received {n0 n3 {"counter":17,"message":35,"msg_id":93,"sender":"n0","type":"gossip"}}
2023/05/29 23:43:01 Sent {"src":"n3","dest":"n0","body":{"counter":17,"message":35,"msg_id":69,"sender":"n0","type":"gossip"}}
2023/05/29 23:43:01 Sent {"src":"n3","dest":"n4","body":{"counter":17,"message":35,"msg_id":70,"sender":"n0","type":"gossip"}}
2023/05/29 23:43:01 Sent {"src":"n3","dest":"n0","body":{"in_reply_to":93,"type":"gossip_ok"}}
2023/05/29 23:43:01 Received {n0 n3 {"counter":17,"message":35,"msg_id":95,"sender":"n0","type":"gossip"}}
2023/05/29 23:43:01 Received {n0 n3 {"in_reply_to":69,"type":"gossip_ok"}}
2023/05/29 23:43:01 Sent {"src":"n3","dest":"n0","body":{"in_reply_to":95,"type":"gossip_ok"}}
2023/05/29 23:43:01 Received {n0 n3 {"counter":18,"message":36,"msg_id":97,"sender":"n0","type":"gossip"}}
2023/05/29 23:43:01 Sent {"src":"n3","dest":"n0","body":{"counter":18,"message":36,"msg_id":71,"sender":"n0","type":"gossip"}}
2023/05/29 23:43:01 Sent {"src":"n3","dest":"n4","body":{"counter":18,"message":36,"msg_id":72,"sender":"n0","type":"gossip"}}
2023/05/29 23:43:01 Sent {"src":"n3","dest":"n0","body":{"in_reply_to":97,"type":"gossip_ok"}}
2023/05/29 23:43:01 Received {n0 n3 {"counter":18,"message":36,"msg_id":99,"sender":"n0","type":"gossip"}}
2023/05/29 23:43:01 Sent {"src":"n3","dest":"n0","body":{"in_reply_to":99,"type":"gossip_ok"}}
2023/05/29 23:43:01 Received {n0 n3 {"in_reply_to":71,"type":"gossip_ok"}}
2023/05/29 23:43:01 Received {n0 n3 {"counter":7,"message":37,"msg_id":101,"sender":"n1","type":"gossip"}}
2023/05/29 23:43:01 Sent {"src":"n3","dest":"n0","body":{"counter":7,"message":37,"msg_id":73,"sender":"n1","type":"gossip"}}
2023/05/29 23:43:01 Sent {"src":"n3","dest":"n4","body":{"counter":7,"message":37,"msg_id":74,"sender":"n1","type":"gossip"}}
2023/05/29 23:43:01 Sent {"src":"n3","dest":"n0","body":{"in_reply_to":101,"type":"gossip_ok"}}
2023/05/29 23:43:01 Received {n0 n3 {"in_reply_to":73,"type":"gossip_ok"}}
2023/05/29 23:43:01 Received {c12 n3 {"type":"broadcast","message":38,"msg_id":12}}
2023/05/29 23:43:01 Sent {"src":"n3","dest":"n0","body":{"counter":5,"message":38,"msg_id":75,"sender":"n3","type":"gossip"}}
2023/05/29 23:43:01 Sent {"src":"n3","dest":"n4","body":{"counter":5,"message":38,"msg_id":76,"sender":"n3","type":"gossip"}}
2023/05/29 23:43:01 Sent {"src":"n3","dest":"c12","body":{"in_reply_to":12,"type":"broadcast_ok"}}
2023/05/29 23:43:01 Received {n0 n3 {"counter":5,"message":38,"msg_id":103,"sender":"n3","type":"gossip"}}
2023/05/29 23:43:01 Sent {"src":"n3","dest":"n0","body":{"counter":5,"message":38,"msg_id":77,"sender":"n3","type":"gossip"}}
2023/05/29 23:43:01 Sent {"src":"n3","dest":"n4","body":{"counter":5,"message":38,"msg_id":78,"sender":"n3","type":"gossip"}}
2023/05/29 23:43:01 Sent {"src":"n3","dest":"n0","body":{"in_reply_to":103,"type":"gossip_ok"}}
2023/05/29 23:43:01 Received {n0 n3 {"in_reply_to":75,"type":"gossip_ok"}}
2023/05/29 23:43:01 Received {n0 n3 {"in_reply_to":77,"type":"gossip_ok"}}
2023/05/29 23:43:01 Received {n0 n3 {"counter":19,"message":40,"msg_id":105,"sender":"n0","type":"gossip"}}
2023/05/29 23:43:01 Sent {"src":"n3","dest":"n0","body":{"counter":19,"message":40,"msg_id":79,"sender":"n0","type":"gossip"}}
2023/05/29 23:43:01 Sent {"src":"n3","dest":"n4","body":{"counter":19,"message":40,"msg_id":80,"sender":"n0","type":"gossip"}}
2023/05/29 23:43:01 Sent {"src":"n3","dest":"n0","body":{"in_reply_to":105,"type":"gossip_ok"}}
2023/05/29 23:43:01 Received {n0 n3 {"counter":19,"message":40,"msg_id":107,"sender":"n0","type":"gossip"}}
2023/05/29 23:43:01 Received {n0 n3 {"in_reply_to":79,"type":"gossip_ok"}}
2023/05/29 23:43:01 Sent {"src":"n3","dest":"n0","body":{"in_reply_to":107,"type":"gossip_ok"}}
2023/05/29 23:43:01 Received {n0 n3 {"counter":20,"message":41,"msg_id":109,"sender":"n0","type":"gossip"}}
2023/05/29 23:43:01 Sent {"src":"n3","dest":"n0","body":{"counter":20,"message":41,"msg_id":81,"sender":"n0","type":"gossip"}}
2023/05/29 23:43:01 Sent {"src":"n3","dest":"n4","body":{"counter":20,"message":41,"msg_id":82,"sender":"n0","type":"gossip"}}
2023/05/29 23:43:01 Sent {"src":"n3","dest":"n0","body":{"in_reply_to":109,"type":"gossip_ok"}}
2023/05/29 23:43:01 Received {n0 n3 {"counter":20,"message":41,"msg_id":111,"sender":"n0","type":"gossip"}}
2023/05/29 23:43:01 Received {n0 n3 {"in_reply_to":81,"type":"gossip_ok"}}
2023/05/29 23:43:01 Sent {"src":"n3","dest":"n0","body":{"in_reply_to":111,"type":"gossip_ok"}}
2023/05/29 23:43:01 Received {n0 n3 {"counter":8,"message":42,"msg_id":113,"sender":"n1","type":"gossip"}}
2023/05/29 23:43:01 Sent {"src":"n3","dest":"n0","body":{"counter":8,"message":42,"msg_id":83,"sender":"n1","type":"gossip"}}
2023/05/29 23:43:01 Sent {"src":"n3","dest":"n4","body":{"counter":8,"message":42,"msg_id":84,"sender":"n1","type":"gossip"}}
2023/05/29 23:43:01 Sent {"src":"n3","dest":"n0","body":{"in_reply_to":113,"type":"gossip_ok"}}
2023/05/29 23:43:01 Received {n0 n3 {"in_reply_to":83,"type":"gossip_ok"}}
2023/05/29 23:43:01 Received {n0 n3 {"counter":5,"message":43,"msg_id":115,"sender":"n2","type":"gossip"}}
2023/05/29 23:43:01 Sent {"src":"n3","dest":"n0","body":{"counter":5,"message":43,"msg_id":85,"sender":"n2","type":"gossip"}}
2023/05/29 23:43:01 Sent {"src":"n3","dest":"n4","body":{"counter":5,"message":43,"msg_id":86,"sender":"n2","type":"gossip"}}
2023/05/29 23:43:01 Sent {"src":"n3","dest":"n0","body":{"in_reply_to":115,"type":"gossip_ok"}}
2023/05/29 23:43:01 Received {n0 n3 {"in_reply_to":85,"type":"gossip_ok"}}
2023/05/29 23:43:01 Received {c12 n3 {"type":"read","msg_id":13}}
2023/05/29 23:43:01 Sent {"src":"n3","dest":"c12","body":{"in_reply_to":13,"messages":[0,2,3,4,5,6,7,7,9,10,11,12,13,14,15,17,18,20,21,22,23,23,25,26,27,28,28,29,30,31,31,32,33,34,35,36,37,38,38,40,41,42,43],"msg_id":13,"type":"read_ok"}}
2023/05/29 23:43:02 Received {n0 n3 {"counter":21,"message":44,"msg_id":117,"sender":"n0","type":"gossip"}}
2023/05/29 23:43:02 Sent {"src":"n3","dest":"n0","body":{"counter":21,"message":44,"msg_id":87,"sender":"n0","type":"gossip"}}
2023/05/29 23:43:02 Sent {"src":"n3","dest":"n4","body":{"counter":21,"message":44,"msg_id":88,"sender":"n0","type":"gossip"}}
2023/05/29 23:43:02 Sent {"src":"n3","dest":"n0","body":{"in_reply_to":117,"type":"gossip_ok"}}
2023/05/29 23:43:02 Received {n0 n3 {"counter":21,"message":44,"msg_id":119,"sender":"n0","type":"gossip"}}
2023/05/29 23:43:02 Sent {"src":"n3","dest":"n0","body":{"in_reply_to":119,"type":"gossip_ok"}}
2023/05/29 23:43:02 Received {n0 n3 {"in_reply_to":87,"type":"gossip_ok"}}
2023/05/29 23:43:02 Received {n0 n3 {"counter":9,"message":45,"msg_id":121,"sender":"n1","type":"gossip"}}
2023/05/29 23:43:02 Sent {"src":"n3","dest":"n0","body":{"counter":9,"message":45,"msg_id":89,"sender":"n1","type":"gossip"}}
2023/05/29 23:43:02 Sent {"src":"n3","dest":"n4","body":{"counter":9,"message":45,"msg_id":90,"sender":"n1","type":"gossip"}}
2023/05/29 23:43:02 Sent {"src":"n3","dest":"n0","body":{"in_reply_to":121,"type":"gossip_ok"}}
2023/05/29 23:43:02 Received {n0 n3 {"in_reply_to":89,"type":"gossip_ok"}}
2023/05/29 23:43:02 Received {c12 n3 {"type":"broadcast","message":46,"msg_id":14}}
2023/05/29 23:43:02 Sent {"src":"n3","dest":"n0","body":{"counter":6,"message":46,"msg_id":91,"sender":"n3","type":"gossip"}}
2023/05/29 23:43:02 Sent {"src":"n3","dest":"n4","body":{"counter":6,"message":46,"msg_id":92,"sender":"n3","type":"gossip"}}
2023/05/29 23:43:02 Sent {"src":"n3","dest":"c12","body":{"in_reply_to":14,"type":"broadcast_ok"}}
2023/05/29 23:43:02 Received {n0 n3 {"counter":6,"message":46,"msg_id":123,"sender":"n3","type":"gossip"}}
2023/05/29 23:43:02 Received {n0 n3 {"in_reply_to":91,"type":"gossip_ok"}}
2023/05/29 23:43:02 Sent {"src":"n3","dest":"n0","body":{"counter":6,"message":46,"msg_id":93,"sender":"n3","type":"gossip"}}
2023/05/29 23:43:02 Sent {"src":"n3","dest":"n4","body":{"counter":6,"message":46,"msg_id":94,"sender":"n3","type":"gossip"}}
2023/05/29 23:43:02 Sent {"src":"n3","dest":"n0","body":{"in_reply_to":123,"type":"gossip_ok"}}
2023/05/29 23:43:02 Received {n0 n3 {"in_reply_to":93,"type":"gossip_ok"}}
2023/05/29 23:43:02 Received {n0 n3 {"counter":22,"message":47,"msg_id":125,"sender":"n0","type":"gossip"}}
2023/05/29 23:43:02 Sent {"src":"n3","dest":"n0","body":{"counter":22,"message":47,"msg_id":95,"sender":"n0","type":"gossip"}}
2023/05/29 23:43:02 Sent {"src":"n3","dest":"n4","body":{"counter":22,"message":47,"msg_id":96,"sender":"n0","type":"gossip"}}
2023/05/29 23:43:02 Sent {"src":"n3","dest":"n0","body":{"in_reply_to":125,"type":"gossip_ok"}}
2023/05/29 23:43:02 Received {n0 n3 {"counter":22,"message":47,"msg_id":127,"sender":"n0","type":"gossip"}}
2023/05/29 23:43:02 Received {n0 n3 {"in_reply_to":95,"type":"gossip_ok"}}
2023/05/29 23:43:02 Sent {"src":"n3","dest":"n0","body":{"in_reply_to":127,"type":"gossip_ok"}}
2023/05/29 23:43:02 Received {n0 n3 {"counter":23,"message":48,"msg_id":129,"sender":"n0","type":"gossip"}}
2023/05/29 23:43:02 Sent {"src":"n3","dest":"n0","body":{"counter":23,"message":48,"msg_id":97,"sender":"n0","type":"gossip"}}
2023/05/29 23:43:02 Sent {"src":"n3","dest":"n4","body":{"counter":23,"message":48,"msg_id":98,"sender":"n0","type":"gossip"}}
2023/05/29 23:43:02 Sent {"src":"n3","dest":"n0","body":{"in_reply_to":129,"type":"gossip_ok"}}
2023/05/29 23:43:02 Received {n0 n3 {"counter":23,"message":48,"msg_id":131,"sender":"n0","type":"gossip"}}
2023/05/29 23:43:02 Sent {"src":"n3","dest":"n0","body":{"in_reply_to":131,"type":"gossip_ok"}}
2023/05/29 23:43:02 Received {n0 n3 {"in_reply_to":97,"type":"gossip_ok"}}
2023/05/29 23:43:02 Received {n0 n3 {"counter":10,"message":49,"msg_id":133,"sender":"n1","type":"gossip"}}
2023/05/29 23:43:02 Sent {"src":"n3","dest":"n0","body":{"counter":10,"message":49,"msg_id":99,"sender":"n1","type":"gossip"}}
2023/05/29 23:43:02 Sent {"src":"n3","dest":"n4","body":{"counter":10,"message":49,"msg_id":100,"sender":"n1","type":"gossip"}}
2023/05/29 23:43:02 Sent {"src":"n3","dest":"n0","body":{"in_reply_to":133,"type":"gossip_ok"}}
2023/05/29 23:43:02 Received {n0 n3 {"in_reply_to":99,"type":"gossip_ok"}}
2023/05/29 23:43:02 Received {n0 n3 {"counter":6,"message":50,"msg_id":135,"sender":"n2","type":"gossip"}}
2023/05/29 23:43:02 Sent {"src":"n3","dest":"n0","body":{"counter":6,"message":50,"msg_id":101,"sender":"n2","type":"gossip"}}
2023/05/29 23:43:02 Sent {"src":"n3","dest":"n4","body":{"counter":6,"message":50,"msg_id":102,"sender":"n2","type":"gossip"}}
2023/05/29 23:43:02 Sent {"src":"n3","dest":"n0","body":{"in_reply_to":135,"type":"gossip_ok"}}
2023/05/29 23:43:02 Received {n0 n3 {"in_reply_to":101,"type":"gossip_ok"}}
2023/05/29 23:43:03 Received {c12 n3 {"type":"broadcast","message":51,"msg_id":15}}
2023/05/29 23:43:03 Sent {"src":"n3","dest":"n0","body":{"counter":7,"message":51,"msg_id":103,"sender":"n3","type":"gossip"}}
2023/05/29 23:43:03 Sent {"src":"n3","dest":"n4","body":{"counter":7,"message":51,"msg_id":104,"sender":"n3","type":"gossip"}}
2023/05/29 23:43:03 Sent {"src":"n3","dest":"c12","body":{"in_reply_to":15,"type":"broadcast_ok"}}
2023/05/29 23:43:03 Received {n0 n3 {"counter":7,"message":51,"msg_id":137,"sender":"n3","type":"gossip"}}
2023/05/29 23:43:03 Sent {"src":"n3","dest":"n0","body":{"counter":7,"message":51,"msg_id":105,"sender":"n3","type":"gossip"}}
2023/05/29 23:43:03 Sent {"src":"n3","dest":"n4","body":{"counter":7,"message":51,"msg_id":106,"sender":"n3","type":"gossip"}}
2023/05/29 23:43:03 Received {n0 n3 {"in_reply_to":103,"type":"gossip_ok"}}
2023/05/29 23:43:03 Sent {"src":"n3","dest":"n0","body":{"in_reply_to":137,"type":"gossip_ok"}}
2023/05/29 23:43:03 Received {n0 n3 {"in_reply_to":105,"type":"gossip_ok"}}
2023/05/29 23:43:03 Received {n0 n3 {"counter":24,"message":53,"msg_id":139,"sender":"n0","type":"gossip"}}
2023/05/29 23:43:03 Sent {"src":"n3","dest":"n0","body":{"counter":24,"message":53,"msg_id":107,"sender":"n0","type":"gossip"}}
2023/05/29 23:43:03 Sent {"src":"n3","dest":"n4","body":{"counter":24,"message":53,"msg_id":108,"sender":"n0","type":"gossip"}}
2023/05/29 23:43:03 Sent {"src":"n3","dest":"n0","body":{"in_reply_to":139,"type":"gossip_ok"}}
2023/05/29 23:43:03 Received {n0 n3 {"counter":24,"message":53,"msg_id":141,"sender":"n0","type":"gossip"}}
2023/05/29 23:43:03 Received {n0 n3 {"in_reply_to":107,"type":"gossip_ok"}}
2023/05/29 23:43:03 Sent {"src":"n3","dest":"n0","body":{"in_reply_to":141,"type":"gossip_ok"}}
2023/05/29 23:43:03 Received {n0 n3 {"counter":11,"message":54,"msg_id":143,"sender":"n1","type":"gossip"}}
2023/05/29 23:43:03 Sent {"src":"n3","dest":"n0","body":{"counter":11,"message":54,"msg_id":109,"sender":"n1","type":"gossip"}}
2023/05/29 23:43:03 Sent {"src":"n3","dest":"n4","body":{"counter":11,"message":54,"msg_id":110,"sender":"n1","type":"gossip"}}
2023/05/29 23:43:03 Sent {"src":"n3","dest":"n0","body":{"in_reply_to":143,"type":"gossip_ok"}}
2023/05/29 23:43:03 Received {n0 n3 {"in_reply_to":109,"type":"gossip_ok"}}
2023/05/29 23:43:03 Received {c12 n3 {"type":"read","msg_id":16}}
2023/05/29 23:43:03 Sent {"src":"n3","dest":"c12","body":{"in_reply_to":16,"messages":[0,2,3,4,5,6,7,7,9,10,11,12,13,14,15,17,18,20,21,22,23,23,25,26,27,28,28,29,30,31,31,32,33,34,35,36,37,38,38,40,41,42,43,44,45,46,46,47,48,49,50,51,51,53,54],"msg_id":16,"type":"read_ok"}}
2023/05/29 23:43:04 Received {n0 n3 {"counter":25,"message":56,"msg_id":145,"sender":"n0","type":"gossip"}}
2023/05/29 23:43:04 Sent {"src":"n3","dest":"n0","body":{"counter":25,"message":56,"msg_id":111,"sender":"n0","type":"gossip"}}
2023/05/29 23:43:04 Sent {"src":"n3","dest":"n4","body":{"counter":25,"message":56,"msg_id":112,"sender":"n0","type":"gossip"}}
2023/05/29 23:43:04 Sent {"src":"n3","dest":"n0","body":{"in_reply_to":145,"type":"gossip_ok"}}
2023/05/29 23:43:04 Received {n0 n3 {"counter":25,"message":56,"msg_id":147,"sender":"n0","type":"gossip"}}
2023/05/29 23:43:04 Sent {"src":"n3","dest":"n0","body":{"in_reply_to":147,"type":"gossip_ok"}}
2023/05/29 23:43:04 Received {n0 n3 {"in_reply_to":111,"type":"gossip_ok"}}
2023/05/29 23:43:04 Received {n0 n3 {"counter":12,"message":57,"msg_id":149,"sender":"n1","type":"gossip"}}
2023/05/29 23:43:04 Sent {"src":"n3","dest":"n0","body":{"counter":12,"message":57,"msg_id":113,"sender":"n1","type":"gossip"}}
2023/05/29 23:43:04 Sent {"src":"n3","dest":"n4","body":{"counter":12,"message":57,"msg_id":114,"sender":"n1","type":"gossip"}}
2023/05/29 23:43:04 Sent {"src":"n3","dest":"n0","body":{"in_reply_to":149,"type":"gossip_ok"}}
2023/05/29 23:43:04 Received {n0 n3 {"in_reply_to":113,"type":"gossip_ok"}}
2023/05/29 23:43:04 Received {n0 n3 {"counter":7,"message":58,"msg_id":151,"sender":"n2","type":"gossip"}}
2023/05/29 23:43:04 Sent {"src":"n3","dest":"n0","body":{"counter":7,"message":58,"msg_id":115,"sender":"n2","type":"gossip"}}
2023/05/29 23:43:04 Sent {"src":"n3","dest":"n4","body":{"counter":7,"message":58,"msg_id":116,"sender":"n2","type":"gossip"}}
2023/05/29 23:43:04 Sent {"src":"n3","dest":"n0","body":{"in_reply_to":151,"type":"gossip_ok"}}
2023/05/29 23:43:04 Received {n0 n3 {"in_reply_to":115,"type":"gossip_ok"}}
2023/05/29 23:43:04 Received {c12 n3 {"type":"broadcast","message":59,"msg_id":17}}
2023/05/29 23:43:04 Sent {"src":"n3","dest":"n0","body":{"counter":8,"message":59,"msg_id":117,"sender":"n3","type":"gossip"}}
2023/05/29 23:43:04 Sent {"src":"n3","dest":"n4","body":{"counter":8,"message":59,"msg_id":118,"sender":"n3","type":"gossip"}}
2023/05/29 23:43:04 Sent {"src":"n3","dest":"c12","body":{"in_reply_to":17,"type":"broadcast_ok"}}
2023/05/29 23:43:04 Received {n0 n3 {"counter":8,"message":59,"msg_id":153,"sender":"n3","type":"gossip"}}
2023/05/29 23:43:04 Received {n0 n3 {"in_reply_to":117,"type":"gossip_ok"}}
2023/05/29 23:43:04 Sent {"src":"n3","dest":"n0","body":{"counter":8,"message":59,"msg_id":119,"sender":"n3","type":"gossip"}}
2023/05/29 23:43:04 Sent {"src":"n3","dest":"n4","body":{"counter":8,"message":59,"msg_id":120,"sender":"n3","type":"gossip"}}
2023/05/29 23:43:04 Sent {"src":"n3","dest":"n0","body":{"in_reply_to":153,"type":"gossip_ok"}}
2023/05/29 23:43:04 Received {n0 n3 {"in_reply_to":119,"type":"gossip_ok"}}
2023/05/29 23:43:04 Received {n0 n3 {"counter":26,"message":60,"msg_id":155,"sender":"n0","type":"gossip"}}
2023/05/29 23:43:04 Sent {"src":"n3","dest":"n0","body":{"counter":26,"message":60,"msg_id":121,"sender":"n0","type":"gossip"}}
2023/05/29 23:43:04 Sent {"src":"n3","dest":"n4","body":{"counter":26,"message":60,"msg_id":122,"sender":"n0","type":"gossip"}}
2023/05/29 23:43:04 Sent {"src":"n3","dest":"n0","body":{"in_reply_to":155,"type":"gossip_ok"}}
2023/05/29 23:43:04 Received {n0 n3 {"counter":26,"message":60,"msg_id":157,"sender":"n0","type":"gossip"}}
2023/05/29 23:43:04 Received {n0 n3 {"in_reply_to":121,"type":"gossip_ok"}}
2023/05/29 23:43:04 Sent {"src":"n3","dest":"n0","body":{"in_reply_to":157,"type":"gossip_ok"}}
2023/05/29 23:43:04 Received {n0 n3 {"counter":27,"message":61,"msg_id":159,"sender":"n0","type":"gossip"}}
2023/05/29 23:43:04 Sent {"src":"n3","dest":"n0","body":{"counter":27,"message":61,"msg_id":123,"sender":"n0","type":"gossip"}}
2023/05/29 23:43:04 Sent {"src":"n3","dest":"n4","body":{"counter":27,"message":61,"msg_id":124,"sender":"n0","type":"gossip"}}
2023/05/29 23:43:04 Sent {"src":"n3","dest":"n0","body":{"in_reply_to":159,"type":"gossip_ok"}}
2023/05/29 23:43:04 Received {n0 n3 {"counter":27,"message":61,"msg_id":161,"sender":"n0","type":"gossip"}}
2023/05/29 23:43:04 Received {n0 n3 {"in_reply_to":123,"type":"gossip_ok"}}
2023/05/29 23:43:04 Sent {"src":"n3","dest":"n0","body":{"in_reply_to":161,"type":"gossip_ok"}}
2023/05/29 23:43:04 Received {n0 n3 {"counter":13,"message":62,"msg_id":163,"sender":"n1","type":"gossip"}}
2023/05/29 23:43:04 Sent {"src":"n3","dest":"n0","body":{"counter":13,"message":62,"msg_id":125,"sender":"n1","type":"gossip"}}
2023/05/29 23:43:04 Sent {"src":"n3","dest":"n4","body":{"counter":13,"message":62,"msg_id":126,"sender":"n1","type":"gossip"}}
2023/05/29 23:43:04 Sent {"src":"n3","dest":"n0","body":{"in_reply_to":163,"type":"gossip_ok"}}
2023/05/29 23:43:04 Received {n0 n3 {"in_reply_to":125,"type":"gossip_ok"}}
2023/05/29 23:43:05 Received {c12 n3 {"type":"read","msg_id":18}}
2023/05/29 23:43:05 Sent {"src":"n3","dest":"c12","body":{"in_reply_to":18,"messages":[0,2,3,4,5,6,7,7,9,10,11,12,13,14,15,17,18,20,21,22,23,23,25,26,27,28,28,29,30,31,31,32,33,34,35,36,37,38,38,40,41,42,43,44,45,46,46,47,48,49,50,51,51,53,54,56,57,58,59,59,60,61,62],"msg_id":18,"type":"read_ok"}}
2023/05/29 23:43:05 Received {n0 n3 {"counter":28,"message":64,"msg_id":165,"sender":"n0","type":"gossip"}}
2023/05/29 23:43:05 Sent {"src":"n3","dest":"n0","body":{"counter":28,"message":64,"msg_id":127,"sender":"n0","type":"gossip"}}
2023/05/29 23:43:05 Sent {"src":"n3","dest":"n4","body":{"counter":28,"message":64,"msg_id":128,"sender":"n0","type":"gossip"}}
2023/05/29 23:43:05 Sent {"src":"n3","dest":"n0","body":{"in_reply_to":165,"type":"gossip_ok"}}
2023/05/29 23:43:05 Received {n0 n3 {"counter":28,"message":64,"msg_id":167,"sender":"n0","type":"gossip"}}
2023/05/29 23:43:05 Received {n0 n3 {"in_reply_to":127,"type":"gossip_ok"}}
2023/05/29 23:43:05 Sent {"src":"n3","dest":"n0","body":{"in_reply_to":167,"type":"gossip_ok"}}
2023/05/29 23:43:05 Received {c12 n3 {"type":"broadcast","message":66,"msg_id":19}}
2023/05/29 23:43:05 Sent {"src":"n3","dest":"n0","body":{"counter":9,"message":66,"msg_id":129,"sender":"n3","type":"gossip"}}
2023/05/29 23:43:05 Sent {"src":"n3","dest":"n4","body":{"counter":9,"message":66,"msg_id":130,"sender":"n3","type":"gossip"}}
2023/05/29 23:43:05 Sent {"src":"n3","dest":"c12","body":{"in_reply_to":19,"type":"broadcast_ok"}}
2023/05/29 23:43:05 Received {n0 n3 {"counter":8,"message":65,"msg_id":169,"sender":"n2","type":"gossip"}}
2023/05/29 23:43:05 Sent {"src":"n3","dest":"n0","body":{"counter":8,"message":65,"msg_id":131,"sender":"n2","type":"gossip"}}
2023/05/29 23:43:05 Sent {"src":"n3","dest":"n4","body":{"counter":8,"message":65,"msg_id":132,"sender":"n2","type":"gossip"}}
2023/05/29 23:43:05 Sent {"src":"n3","dest":"n0","body":{"in_reply_to":169,"type":"gossip_ok"}}
2023/05/29 23:43:05 Received {n0 n3 {"counter":9,"message":66,"msg_id":171,"sender":"n3","type":"gossip"}}
2023/05/29 23:43:05 Received {n0 n3 {"in_reply_to":129,"type":"gossip_ok"}}
2023/05/29 23:43:05 Sent {"src":"n3","dest":"n0","body":{"counter":9,"message":66,"msg_id":133,"sender":"n3","type":"gossip"}}
2023/05/29 23:43:05 Sent {"src":"n3","dest":"n4","body":{"counter":9,"message":66,"msg_id":134,"sender":"n3","type":"gossip"}}
2023/05/29 23:43:05 Sent {"src":"n3","dest":"n0","body":{"in_reply_to":171,"type":"gossip_ok"}}
2023/05/29 23:43:05 Received {n0 n3 {"in_reply_to":131,"type":"gossip_ok"}}
2023/05/29 23:43:05 Received {n0 n3 {"in_reply_to":133,"type":"gossip_ok"}}
2023/05/29 23:43:05 Received {n0 n3 {"counter":29,"message":67,"msg_id":173,"sender":"n0","type":"gossip"}}
2023/05/29 23:43:05 Sent {"src":"n3","dest":"n0","body":{"counter":29,"message":67,"msg_id":135,"sender":"n0","type":"gossip"}}
2023/05/29 23:43:05 Sent {"src":"n3","dest":"n4","body":{"counter":29,"message":67,"msg_id":136,"sender":"n0","type":"gossip"}}
2023/05/29 23:43:05 Sent {"src":"n3","dest":"n0","body":{"in_reply_to":173,"type":"gossip_ok"}}
2023/05/29 23:43:05 Received {n0 n3 {"counter":29,"message":67,"msg_id":175,"sender":"n0","type":"gossip"}}
2023/05/29 23:43:05 Sent {"src":"n3","dest":"n0","body":{"in_reply_to":175,"type":"gossip_ok"}}
2023/05/29 23:43:05 Received {n0 n3 {"in_reply_to":135,"type":"gossip_ok"}}
2023/05/29 23:43:05 Received {n0 n3 {"counter":30,"message":68,"msg_id":177,"sender":"n0","type":"gossip"}}
2023/05/29 23:43:05 Sent {"src":"n3","dest":"n0","body":{"counter":30,"message":68,"msg_id":137,"sender":"n0","type":"gossip"}}
2023/05/29 23:43:05 Sent {"src":"n3","dest":"n4","body":{"counter":30,"message":68,"msg_id":138,"sender":"n0","type":"gossip"}}
2023/05/29 23:43:05 Sent {"src":"n3","dest":"n0","body":{"in_reply_to":177,"type":"gossip_ok"}}
2023/05/29 23:43:05 Received {n0 n3 {"counter":30,"message":68,"msg_id":179,"sender":"n0","type":"gossip"}}
2023/05/29 23:43:05 Received {n0 n3 {"in_reply_to":137,"type":"gossip_ok"}}
2023/05/29 23:43:05 Sent {"src":"n3","dest":"n0","body":{"in_reply_to":179,"type":"gossip_ok"}}
2023/05/29 23:43:05 Received {n0 n3 {"counter":14,"message":69,"msg_id":181,"sender":"n1","type":"gossip"}}
2023/05/29 23:43:05 Sent {"src":"n3","dest":"n0","body":{"counter":14,"message":69,"msg_id":139,"sender":"n1","type":"gossip"}}
2023/05/29 23:43:05 Sent {"src":"n3","dest":"n4","body":{"counter":14,"message":69,"msg_id":140,"sender":"n1","type":"gossip"}}
2023/05/29 23:43:05 Sent {"src":"n3","dest":"n0","body":{"in_reply_to":181,"type":"gossip_ok"}}
2023/05/29 23:43:05 Received {n0 n3 {"in_reply_to":139,"type":"gossip_ok"}}
2023/05/29 23:43:05 Received {n0 n3 {"counter":9,"message":70,"msg_id":183,"sender":"n2","type":"gossip"}}
2023/05/29 23:43:05 Sent {"src":"n3","dest":"n0","body":{"counter":9,"message":70,"msg_id":141,"sender":"n2","type":"gossip"}}
2023/05/29 23:43:05 Sent {"src":"n3","dest":"n4","body":{"counter":9,"message":70,"msg_id":142,"sender":"n2","type":"gossip"}}
2023/05/29 23:43:05 Sent {"src":"n3","dest":"n0","body":{"in_reply_to":183,"type":"gossip_ok"}}
2023/05/29 23:43:05 Received {n0 n3 {"in_reply_to":141,"type":"gossip_ok"}}
2023/05/29 23:43:06 Received {c12 n3 {"type":"read","msg_id":20}}
2023/05/29 23:43:06 Sent {"src":"n3","dest":"c12","body":{"in_reply_to":20,"messages":[0,2,3,4,5,6,7,7,9,10,11,12,13,14,15,17,18,20,21,22,23,23,25,26,27,28,28,29,30,31,31,32,33,34,35,36,37,38,38,40,41,42,43,44,45,46,46,47,48,49,50,51,51,53,54,56,57,58,59,59,60,61,62,64,66,65,66,67,68,69,70],"msg_id":20,"type":"read_ok"}}
2023/05/29 23:43:06 Received {n0 n3 {"counter":31,"message":72,"msg_id":185,"sender":"n0","type":"gossip"}}
2023/05/29 23:43:06 Sent {"src":"n3","dest":"n0","body":{"counter":31,"message":72,"msg_id":143,"sender":"n0","type":"gossip"}}
2023/05/29 23:43:06 Sent {"src":"n3","dest":"n4","body":{"counter":31,"message":72,"msg_id":144,"sender":"n0","type":"gossip"}}
2023/05/29 23:43:06 Sent {"src":"n3","dest":"n0","body":{"in_reply_to":185,"type":"gossip_ok"}}
2023/05/29 23:43:06 Received {n0 n3 {"counter":31,"message":72,"msg_id":187,"sender":"n0","type":"gossip"}}
2023/05/29 23:43:06 Received {n0 n3 {"in_reply_to":143,"type":"gossip_ok"}}
2023/05/29 23:43:06 Sent {"src":"n3","dest":"n0","body":{"in_reply_to":187,"type":"gossip_ok"}}
2023/05/29 23:43:06 Received {n0 n3 {"counter":32,"message":73,"msg_id":189,"sender":"n0","type":"gossip"}}
2023/05/29 23:43:06 Sent {"src":"n3","dest":"n0","body":{"counter":32,"message":73,"msg_id":145,"sender":"n0","type":"gossip"}}
2023/05/29 23:43:06 Sent {"src":"n3","dest":"n4","body":{"counter":32,"message":73,"msg_id":146,"sender":"n0","type":"gossip"}}
2023/05/29 23:43:06 Sent {"src":"n3","dest":"n0","body":{"in_reply_to":189,"type":"gossip_ok"}}
2023/05/29 23:43:06 Received {n0 n3 {"counter":32,"message":73,"msg_id":191,"sender":"n0","type":"gossip"}}
2023/05/29 23:43:06 Received {n0 n3 {"in_reply_to":145,"type":"gossip_ok"}}
2023/05/29 23:43:06 Sent {"src":"n3","dest":"n0","body":{"in_reply_to":191,"type":"gossip_ok"}}
2023/05/29 23:43:06 Received {n0 n3 {"counter":15,"message":74,"msg_id":193,"sender":"n1","type":"gossip"}}
2023/05/29 23:43:06 Sent {"src":"n3","dest":"n0","body":{"counter":15,"message":74,"msg_id":147,"sender":"n1","type":"gossip"}}
2023/05/29 23:43:06 Sent {"src":"n3","dest":"n4","body":{"counter":15,"message":74,"msg_id":148,"sender":"n1","type":"gossip"}}
2023/05/29 23:43:06 Sent {"src":"n3","dest":"n0","body":{"in_reply_to":193,"type":"gossip_ok"}}
2023/05/29 23:43:06 Received {n0 n3 {"in_reply_to":147,"type":"gossip_ok"}}
2023/05/29 23:43:06 Received {c12 n3 {"type":"broadcast","message":75,"msg_id":21}}
2023/05/29 23:43:06 Sent {"src":"n3","dest":"n0","body":{"counter":10,"message":75,"msg_id":149,"sender":"n3","type":"gossip"}}
2023/05/29 23:43:06 Sent {"src":"n3","dest":"n4","body":{"counter":10,"message":75,"msg_id":150,"sender":"n3","type":"gossip"}}
2023/05/29 23:43:06 Sent {"src":"n3","dest":"c12","body":{"in_reply_to":21,"type":"broadcast_ok"}}
2023/05/29 23:43:06 Received {n0 n3 {"counter":10,"message":75,"msg_id":195,"sender":"n3","type":"gossip"}}
2023/05/29 23:43:06 Received {n0 n3 {"in_reply_to":149,"type":"gossip_ok"}}
2023/05/29 23:43:06 Sent {"src":"n3","dest":"n0","body":{"counter":10,"message":75,"msg_id":151,"sender":"n3","type":"gossip"}}
2023/05/29 23:43:06 Sent {"src":"n3","dest":"n4","body":{"counter":10,"message":75,"msg_id":152,"sender":"n3","type":"gossip"}}
2023/05/29 23:43:06 Sent {"src":"n3","dest":"n0","body":{"in_reply_to":195,"type":"gossip_ok"}}
2023/05/29 23:43:06 Received {n0 n3 {"in_reply_to":151,"type":"gossip_ok"}}
2023/05/29 23:43:07 Received {n0 n3 {"counter":33,"message":76,"msg_id":197,"sender":"n0","type":"gossip"}}
2023/05/29 23:43:07 Sent {"src":"n3","dest":"n0","body":{"counter":33,"message":76,"msg_id":153,"sender":"n0","type":"gossip"}}
2023/05/29 23:43:07 Sent {"src":"n3","dest":"n4","body":{"counter":33,"message":76,"msg_id":154,"sender":"n0","type":"gossip"}}
2023/05/29 23:43:07 Sent {"src":"n3","dest":"n0","body":{"in_reply_to":197,"type":"gossip_ok"}}
2023/05/29 23:43:07 Received {n0 n3 {"counter":33,"message":76,"msg_id":199,"sender":"n0","type":"gossip"}}
2023/05/29 23:43:07 Sent {"src":"n3","dest":"n0","body":{"in_reply_to":199,"type":"gossip_ok"}}
2023/05/29 23:43:07 Received {n0 n3 {"in_reply_to":153,"type":"gossip_ok"}}
2023/05/29 23:43:07 Received {c12 n3 {"type":"read","msg_id":22}}
2023/05/29 23:43:07 Sent {"src":"n3","dest":"c12","body":{"in_reply_to":22,"messages":[0,2,3,4,5,6,7,7,9,10,11,12,13,14,15,17,18,20,21,22,23,23,25,26,27,28,28,29,30,31,31,32,33,34,35,36,37,38,38,40,41,42,43,44,45,46,46,47,48,49,50,51,51,53,54,56,57,58,59,59,60,61,62,64,66,65,66,67,68,69,70,72,73,74,75,75,76],"msg_id":22,"type":"read_ok"}}
2023/05/29 23:43:07 Received {c12 n3 {"type":"read","msg_id":23}}
2023/05/29 23:43:07 Sent {"src":"n3","dest":"c12","body":{"in_reply_to":23,"messages":[0,2,3,4,5,6,7,7,9,10,11,12,13,14,15,17,18,20,21,22,23,23,25,26,27,28,28,29,30,31,31,32,33,34,35,36,37,38,38,40,41,42,43,44,45,46,46,47,48,49,50,51,51,53,54,56,57,58,59,59,60,61,62,64,66,65,66,67,68,69,70,72,73,74,75,75,76],"msg_id":23,"type":"read_ok"}}
2023/05/29 23:43:08 Received {c12 n3 {"type":"broadcast","message":78,"msg_id":24}}
2023/05/29 23:43:08 Sent {"src":"n3","dest":"n0","body":{"counter":11,"message":78,"msg_id":155,"sender":"n3","type":"gossip"}}
2023/05/29 23:43:08 Sent {"src":"n3","dest":"n4","body":{"counter":11,"message":78,"msg_id":156,"sender":"n3","type":"gossip"}}
2023/05/29 23:43:08 Sent {"src":"n3","dest":"c12","body":{"in_reply_to":24,"type":"broadcast_ok"}}
2023/05/29 23:43:08 Received {n0 n3 {"counter":11,"message":78,"msg_id":201,"sender":"n3","type":"gossip"}}
2023/05/29 23:43:08 Sent {"src":"n3","dest":"n0","body":{"counter":11,"message":78,"msg_id":157,"sender":"n3","type":"gossip"}}
2023/05/29 23:43:08 Received {n0 n3 {"in_reply_to":155,"type":"gossip_ok"}}
2023/05/29 23:43:08 Sent {"src":"n3","dest":"n4","body":{"counter":11,"message":78,"msg_id":158,"sender":"n3","type":"gossip"}}
2023/05/29 23:43:08 Sent {"src":"n3","dest":"n0","body":{"in_reply_to":201,"type":"gossip_ok"}}
2023/05/29 23:43:08 Received {n0 n3 {"in_reply_to":157,"type":"gossip_ok"}}
2023/05/29 23:43:08 Received {n0 n3 {"counter":34,"message":80,"msg_id":203,"sender":"n0","type":"gossip"}}
2023/05/29 23:43:08 Sent {"src":"n3","dest":"n0","body":{"counter":34,"message":80,"msg_id":159,"sender":"n0","type":"gossip"}}
2023/05/29 23:43:08 Sent {"src":"n3","dest":"n4","body":{"counter":34,"message":80,"msg_id":160,"sender":"n0","type":"gossip"}}
2023/05/29 23:43:08 Sent {"src":"n3","dest":"n0","body":{"in_reply_to":203,"type":"gossip_ok"}}
2023/05/29 23:43:08 Received {n0 n3 {"counter":34,"message":80,"msg_id":205,"sender":"n0","type":"gossip"}}
2023/05/29 23:43:08 Received {n0 n3 {"in_reply_to":159,"type":"gossip_ok"}}
2023/05/29 23:43:08 Sent {"src":"n3","dest":"n0","body":{"in_reply_to":205,"type":"gossip_ok"}}
2023/05/29 23:43:08 Received {n0 n3 {"counter":16,"message":81,"msg_id":207,"sender":"n1","type":"gossip"}}
2023/05/29 23:43:08 Sent {"src":"n3","dest":"n0","body":{"counter":16,"message":81,"msg_id":161,"sender":"n1","type":"gossip"}}
2023/05/29 23:43:08 Sent {"src":"n3","dest":"n4","body":{"counter":16,"message":81,"msg_id":162,"sender":"n1","type":"gossip"}}
2023/05/29 23:43:08 Sent {"src":"n3","dest":"n0","body":{"in_reply_to":207,"type":"gossip_ok"}}
2023/05/29 23:43:08 Received {n0 n3 {"in_reply_to":161,"type":"gossip_ok"}}
2023/05/29 23:43:08 Received {c12 n3 {"type":"broadcast","message":82,"msg_id":25}}
2023/05/29 23:43:08 Sent {"src":"n3","dest":"n0","body":{"counter":12,"message":82,"msg_id":163,"sender":"n3","type":"gossip"}}
2023/05/29 23:43:08 Sent {"src":"n3","dest":"n4","body":{"counter":12,"message":82,"msg_id":164,"sender":"n3","type":"gossip"}}
2023/05/29 23:43:08 Sent {"src":"n3","dest":"c12","body":{"in_reply_to":25,"type":"broadcast_ok"}}
2023/05/29 23:43:08 Received {n0 n3 {"counter":12,"message":82,"msg_id":209,"sender":"n3","type":"gossip"}}
2023/05/29 23:43:08 Sent {"src":"n3","dest":"n0","body":{"counter":12,"message":82,"msg_id":165,"sender":"n3","type":"gossip"}}
2023/05/29 23:43:08 Sent {"src":"n3","dest":"n4","body":{"counter":12,"message":82,"msg_id":166,"sender":"n3","type":"gossip"}}
2023/05/29 23:43:08 Sent {"src":"n3","dest":"n0","body":{"in_reply_to":209,"type":"gossip_ok"}}
2023/05/29 23:43:08 Received {n0 n3 {"in_reply_to":163,"type":"gossip_ok"}}
2023/05/29 23:43:08 Received {n0 n3 {"in_reply_to":165,"type":"gossip_ok"}}
2023/05/29 23:43:08 Received {n0 n3 {"counter":35,"message":83,"msg_id":211,"sender":"n0","type":"gossip"}}
2023/05/29 23:43:08 Sent {"src":"n3","dest":"n0","body":{"counter":35,"message":83,"msg_id":167,"sender":"n0","type":"gossip"}}
2023/05/29 23:43:08 Sent {"src":"n3","dest":"n4","body":{"counter":35,"message":83,"msg_id":168,"sender":"n0","type":"gossip"}}
2023/05/29 23:43:08 Sent {"src":"n3","dest":"n0","body":{"in_reply_to":211,"type":"gossip_ok"}}
2023/05/29 23:43:08 Received {n0 n3 {"counter":35,"message":83,"msg_id":213,"sender":"n0","type":"gossip"}}
2023/05/29 23:43:08 Sent {"src":"n3","dest":"n0","body":{"in_reply_to":213,"type":"gossip_ok"}}
2023/05/29 23:43:08 Received {n0 n3 {"in_reply_to":167,"type":"gossip_ok"}}
2023/05/29 23:43:09 Received {n0 n3 {"counter":17,"message":84,"msg_id":215,"sender":"n1","type":"gossip"}}
2023/05/29 23:43:09 Sent {"src":"n3","dest":"n0","body":{"counter":17,"message":84,"msg_id":169,"sender":"n1","type":"gossip"}}
2023/05/29 23:43:09 Sent {"src":"n3","dest":"n4","body":{"counter":17,"message":84,"msg_id":170,"sender":"n1","type":"gossip"}}
2023/05/29 23:43:09 Sent {"src":"n3","dest":"n0","body":{"in_reply_to":215,"type":"gossip_ok"}}
2023/05/29 23:43:09 Received {n0 n3 {"in_reply_to":169,"type":"gossip_ok"}}
2023/05/29 23:43:09 Received {c12 n3 {"type":"read","msg_id":26}}
2023/05/29 23:43:09 Sent {"src":"n3","dest":"c12","body":{"in_reply_to":26,"messages":[0,2,3,4,5,6,7,7,9,10,11,12,13,14,15,17,18,20,21,22,23,23,25,26,27,28,28,29,30,31,31,32,33,34,35,36,37,38,38,40,41,42,43,44,45,46,46,47,48,49,50,51,51,53,54,56,57,58,59,59,60,61,62,64,66,65,66,67,68,69,70,72,73,74,75,75,76,78,78,80,81,82,82,83,84],"msg_id":26,"type":"read_ok"}}
2023/05/29 23:43:09 Received {n0 n3 {"counter":36,"message":86,"msg_id":217,"sender":"n0","type":"gossip"}}
2023/05/29 23:43:09 Sent {"src":"n3","dest":"n0","body":{"counter":36,"message":86,"msg_id":171,"sender":"n0","type":"gossip"}}
2023/05/29 23:43:09 Sent {"src":"n3","dest":"n4","body":{"counter":36,"message":86,"msg_id":172,"sender":"n0","type":"gossip"}}
2023/05/29 23:43:09 Sent {"src":"n3","dest":"n0","body":{"in_reply_to":217,"type":"gossip_ok"}}
2023/05/29 23:43:09 Received {n0 n3 {"counter":36,"message":86,"msg_id":219,"sender":"n0","type":"gossip"}}
2023/05/29 23:43:09 Sent {"src":"n3","dest":"n0","body":{"in_reply_to":219,"type":"gossip_ok"}}
2023/05/29 23:43:09 Received {n0 n3 {"in_reply_to":171,"type":"gossip_ok"}}
2023/05/29 23:43:09 Received {n0 n3 {"counter":18,"message":87,"msg_id":221,"sender":"n1","type":"gossip"}}
2023/05/29 23:43:09 Sent {"src":"n3","dest":"n0","body":{"counter":18,"message":87,"msg_id":173,"sender":"n1","type":"gossip"}}
2023/05/29 23:43:09 Sent {"src":"n3","dest":"n4","body":{"counter":18,"message":87,"msg_id":174,"sender":"n1","type":"gossip"}}
2023/05/29 23:43:09 Sent {"src":"n3","dest":"n0","body":{"in_reply_to":221,"type":"gossip_ok"}}
2023/05/29 23:43:09 Received {n0 n3 {"in_reply_to":173,"type":"gossip_ok"}}
2023/05/29 23:43:09 Received {n0 n3 {"counter":10,"message":88,"msg_id":223,"sender":"n2","type":"gossip"}}
2023/05/29 23:43:09 Sent {"src":"n3","dest":"n0","body":{"counter":10,"message":88,"msg_id":175,"sender":"n2","type":"gossip"}}
2023/05/29 23:43:09 Sent {"src":"n3","dest":"n4","body":{"counter":10,"message":88,"msg_id":176,"sender":"n2","type":"gossip"}}
2023/05/29 23:43:09 Sent {"src":"n3","dest":"n0","body":{"in_reply_to":223,"type":"gossip_ok"}}
2023/05/29 23:43:09 Received {n0 n3 {"in_reply_to":175,"type":"gossip_ok"}}
2023/05/29 23:43:09 Received {c12 n3 {"type":"broadcast","message":89,"msg_id":27}}
2023/05/29 23:43:09 Sent {"src":"n3","dest":"n0","body":{"counter":13,"message":89,"msg_id":177,"sender":"n3","type":"gossip"}}
2023/05/29 23:43:09 Sent {"src":"n3","dest":"n4","body":{"counter":13,"message":89,"msg_id":178,"sender":"n3","type":"gossip"}}
2023/05/29 23:43:09 Sent {"src":"n3","dest":"c12","body":{"in_reply_to":27,"type":"broadcast_ok"}}
2023/05/29 23:43:09 Received {n0 n3 {"counter":13,"message":89,"msg_id":225,"sender":"n3","type":"gossip"}}
2023/05/29 23:43:09 Received {n0 n3 {"in_reply_to":177,"type":"gossip_ok"}}
2023/05/29 23:43:09 Sent {"src":"n3","dest":"n0","body":{"counter":13,"message":89,"msg_id":179,"sender":"n3","type":"gossip"}}
2023/05/29 23:43:09 Sent {"src":"n3","dest":"n4","body":{"counter":13,"message":89,"msg_id":180,"sender":"n3","type":"gossip"}}
2023/05/29 23:43:09 Sent {"src":"n3","dest":"n0","body":{"in_reply_to":225,"type":"gossip_ok"}}
2023/05/29 23:43:09 Received {n0 n3 {"in_reply_to":179,"type":"gossip_ok"}}
2023/05/29 23:43:10 Received {n0 n3 {"counter":11,"message":91,"msg_id":227,"sender":"n2","type":"gossip"}}
2023/05/29 23:43:10 Sent {"src":"n3","dest":"n0","body":{"counter":11,"message":91,"msg_id":181,"sender":"n2","type":"gossip"}}
2023/05/29 23:43:10 Sent {"src":"n3","dest":"n4","body":{"counter":11,"message":91,"msg_id":182,"sender":"n2","type":"gossip"}}
2023/05/29 23:43:10 Sent {"src":"n3","dest":"n0","body":{"in_reply_to":227,"type":"gossip_ok"}}
2023/05/29 23:43:10 Received {n0 n3 {"in_reply_to":181,"type":"gossip_ok"}}
2023/05/29 23:43:10 Received {c12 n3 {"type":"read","msg_id":28}}
2023/05/29 23:43:10 Sent {"src":"n3","dest":"c12","body":{"in_reply_to":28,"messages":[0,2,3,4,5,6,7,7,9,10,11,12,13,14,15,17,18,20,21,22,23,23,25,26,27,28,28,29,30,31,31,32,33,34,35,36,37,38,38,40,41,42,43,44,45,46,46,47,48,49,50,51,51,53,54,56,57,58,59,59,60,61,62,64,66,65,66,67,68,69,70,72,73,74,75,75,76,78,78,80,81,82,82,83,84,86,87,88,89,89,91],"msg_id":28,"type":"read_ok"}}
2023/05/29 23:43:11 Received {n0 n3 {"counter":37,"message":93,"msg_id":229,"sender":"n0","type":"gossip"}}
2023/05/29 23:43:11 Sent {"src":"n3","dest":"n0","body":{"counter":37,"message":93,"msg_id":183,"sender":"n0","type":"gossip"}}
2023/05/29 23:43:11 Sent {"src":"n3","dest":"n4","body":{"counter":37,"message":93,"msg_id":184,"sender":"n0","type":"gossip"}}
2023/05/29 23:43:11 Sent {"src":"n3","dest":"n0","body":{"in_reply_to":229,"type":"gossip_ok"}}
2023/05/29 23:43:11 Received {n0 n3 {"counter":37,"message":93,"msg_id":231,"sender":"n0","type":"gossip"}}
2023/05/29 23:43:11 Received {n0 n3 {"in_reply_to":183,"type":"gossip_ok"}}
2023/05/29 23:43:11 Sent {"src":"n3","dest":"n0","body":{"in_reply_to":231,"type":"gossip_ok"}}
2023/05/29 23:43:11 Received {n0 n3 {"counter":19,"message":94,"msg_id":233,"sender":"n1","type":"gossip"}}
2023/05/29 23:43:11 Sent {"src":"n3","dest":"n0","body":{"counter":19,"message":94,"msg_id":185,"sender":"n1","type":"gossip"}}
2023/05/29 23:43:11 Sent {"src":"n3","dest":"n4","body":{"counter":19,"message":94,"msg_id":186,"sender":"n1","type":"gossip"}}
2023/05/29 23:43:11 Sent {"src":"n3","dest":"n0","body":{"in_reply_to":233,"type":"gossip_ok"}}
2023/05/29 23:43:11 Received {n0 n3 {"in_reply_to":185,"type":"gossip_ok"}}
2023/05/29 23:43:11 Received {n0 n3 {"counter":12,"message":95,"msg_id":235,"sender":"n2","type":"gossip"}}
2023/05/29 23:43:11 Sent {"src":"n3","dest":"n0","body":{"counter":12,"message":95,"msg_id":187,"sender":"n2","type":"gossip"}}
2023/05/29 23:43:11 Sent {"src":"n3","dest":"n4","body":{"counter":12,"message":95,"msg_id":188,"sender":"n2","type":"gossip"}}
2023/05/29 23:43:11 Sent {"src":"n3","dest":"n0","body":{"in_reply_to":235,"type":"gossip_ok"}}
2023/05/29 23:43:11 Received {n0 n3 {"in_reply_to":187,"type":"gossip_ok"}}
2023/05/29 23:43:11 Received {c12 n3 {"type":"broadcast","message":96,"msg_id":29}}
2023/05/29 23:43:11 Sent {"src":"n3","dest":"n0","body":{"counter":14,"message":96,"msg_id":189,"sender":"n3","type":"gossip"}}
2023/05/29 23:43:11 Sent {"src":"n3","dest":"n4","body":{"counter":14,"message":96,"msg_id":190,"sender":"n3","type":"gossip"}}
2023/05/29 23:43:11 Sent {"src":"n3","dest":"c12","body":{"in_reply_to":29,"type":"broadcast_ok"}}
2023/05/29 23:43:11 Received {n0 n3 {"counter":14,"message":96,"msg_id":237,"sender":"n3","type":"gossip"}}
2023/05/29 23:43:11 Sent {"src":"n3","dest":"n0","body":{"counter":14,"message":96,"msg_id":191,"sender":"n3","type":"gossip"}}
2023/05/29 23:43:11 Sent {"src":"n3","dest":"n4","body":{"counter":14,"message":96,"msg_id":192,"sender":"n3","type":"gossip"}}
2023/05/29 23:43:11 Received {n0 n3 {"in_reply_to":189,"type":"gossip_ok"}}
2023/05/29 23:43:11 Sent {"src":"n3","dest":"n0","body":{"in_reply_to":237,"type":"gossip_ok"}}
2023/05/29 23:43:11 Received {n0 n3 {"in_reply_to":191,"type":"gossip_ok"}}
2023/05/29 23:43:11 Received {n0 n3 {"counter":38,"message":98,"msg_id":239,"sender":"n0","type":"gossip"}}
2023/05/29 23:43:11 Sent {"src":"n3","dest":"n0","body":{"counter":38,"message":98,"msg_id":193,"sender":"n0","type":"gossip"}}
2023/05/29 23:43:11 Sent {"src":"n3","dest":"n4","body":{"counter":38,"message":98,"msg_id":194,"sender":"n0","type":"gossip"}}
2023/05/29 23:43:11 Sent {"src":"n3","dest":"n0","body":{"in_reply_to":239,"type":"gossip_ok"}}
2023/05/29 23:43:11 Received {n0 n3 {"counter":38,"message":98,"msg_id":241,"sender":"n0","type":"gossip"}}
2023/05/29 23:43:11 Received {n0 n3 {"in_reply_to":193,"type":"gossip_ok"}}
2023/05/29 23:43:11 Sent {"src":"n3","dest":"n0","body":{"in_reply_to":241,"type":"gossip_ok"}}
2023/05/29 23:43:11 Received {n0 n3 {"counter":39,"message":99,"msg_id":243,"sender":"n0","type":"gossip"}}
2023/05/29 23:43:11 Sent {"src":"n3","dest":"n0","body":{"counter":39,"message":99,"msg_id":195,"sender":"n0","type":"gossip"}}
2023/05/29 23:43:11 Sent {"src":"n3","dest":"n4","body":{"counter":39,"message":99,"msg_id":196,"sender":"n0","type":"gossip"}}
2023/05/29 23:43:11 Sent {"src":"n3","dest":"n0","body":{"in_reply_to":243,"type":"gossip_ok"}}
2023/05/29 23:43:11 Received {n0 n3 {"counter":39,"message":99,"msg_id":245,"sender":"n0","type":"gossip"}}
2023/05/29 23:43:11 Received {n0 n3 {"in_reply_to":195,"type":"gossip_ok"}}
2023/05/29 23:43:11 Sent {"src":"n3","dest":"n0","body":{"in_reply_to":245,"type":"gossip_ok"}}
2023/05/29 23:43:11 Received {n0 n3 {"counter":13,"message":100,"msg_id":247,"sender":"n2","type":"gossip"}}
2023/05/29 23:43:11 Sent {"src":"n3","dest":"n0","body":{"counter":13,"message":100,"msg_id":197,"sender":"n2","type":"gossip"}}
2023/05/29 23:43:11 Sent {"src":"n3","dest":"n4","body":{"counter":13,"message":100,"msg_id":198,"sender":"n2","type":"gossip"}}
2023/05/29 23:43:11 Sent {"src":"n3","dest":"n0","body":{"in_reply_to":247,"type":"gossip_ok"}}
2023/05/29 23:43:11 Received {n0 n3 {"in_reply_to":197,"type":"gossip_ok"}}
2023/05/29 23:43:12 Received {n0 n3 {"counter":40,"message":101,"msg_id":249,"sender":"n0","type":"gossip"}}
2023/05/29 23:43:12 Sent {"src":"n3","dest":"n0","body":{"counter":40,"message":101,"msg_id":199,"sender":"n0","type":"gossip"}}
2023/05/29 23:43:12 Sent {"src":"n3","dest":"n4","body":{"counter":40,"message":101,"msg_id":200,"sender":"n0","type":"gossip"}}
2023/05/29 23:43:12 Sent {"src":"n3","dest":"n0","body":{"in_reply_to":249,"type":"gossip_ok"}}
2023/05/29 23:43:12 Received {n0 n3 {"counter":40,"message":101,"msg_id":251,"sender":"n0","type":"gossip"}}
2023/05/29 23:43:12 Received {n0 n3 {"in_reply_to":199,"type":"gossip_ok"}}
2023/05/29 23:43:12 Sent {"src":"n3","dest":"n0","body":{"in_reply_to":251,"type":"gossip_ok"}}
2023/05/29 23:43:12 Received {n4 n3 {"counter":40,"message":101,"msg_id":34,"sender":"n0","type":"gossip"}}
2023/05/29 23:43:12 Received {n4 n3 {"in_reply_to":200,"type":"gossip_ok"}}
2023/05/29 23:43:12 Sent {"src":"n3","dest":"n4","body":{"in_reply_to":34,"type":"gossip_ok"}}
2023/05/29 23:43:12 Received {n0 n3 {"counter":41,"message":102,"msg_id":253,"sender":"n0","type":"gossip"}}
2023/05/29 23:43:12 Sent {"src":"n3","dest":"n0","body":{"counter":41,"message":102,"msg_id":201,"sender":"n0","type":"gossip"}}
2023/05/29 23:43:12 Sent {"src":"n3","dest":"n4","body":{"counter":41,"message":102,"msg_id":202,"sender":"n0","type":"gossip"}}
2023/05/29 23:43:12 Sent {"src":"n3","dest":"n0","body":{"in_reply_to":253,"type":"gossip_ok"}}
2023/05/29 23:43:12 Received {n0 n3 {"counter":41,"message":102,"msg_id":255,"sender":"n0","type":"gossip"}}
2023/05/29 23:43:12 Received {n4 n3 {"counter":41,"message":102,"msg_id":36,"sender":"n0","type":"gossip"}}
2023/05/29 23:43:12 Received {n0 n3 {"in_reply_to":201,"type":"gossip_ok"}}
2023/05/29 23:43:12 Sent {"src":"n3","dest":"n0","body":{"in_reply_to":255,"type":"gossip_ok"}}
2023/05/29 23:43:12 Received {n4 n3 {"in_reply_to":202,"type":"gossip_ok"}}
2023/05/29 23:43:12 Sent {"src":"n3","dest":"n4","body":{"in_reply_to":36,"type":"gossip_ok"}}
2023/05/29 23:43:12 Received {c12 n3 {"type":"read","msg_id":30}}
2023/05/29 23:43:12 Sent {"src":"n3","dest":"c12","body":{"in_reply_to":30,"messages":[0,2,3,4,5,6,7,7,9,10,11,12,13,14,15,17,18,20,21,22,23,23,25,26,27,28,28,29,30,31,31,32,33,34,35,36,37,38,38,40,41,42,43,44,45,46,46,47,48,49,50,51,51,53,54,56,57,58,59,59,60,61,62,64,66,65,66,67,68,69,70,72,73,74,75,75,76,78,78,80,81,82,82,83,84,86,87,88,89,89,91,93,94,95,96,96,98,99,100,101,102],"msg_id":30,"type":"read_ok"}}
2023/05/29 23:43:12 Received {n4 n3 {"counter":17,"message":103,"msg_id":38,"sender":"n4","type":"gossip"}}
2023/05/29 23:43:12 Sent {"src":"n3","dest":"n0","body":{"counter":17,"message":103,"msg_id":203,"sender":"n4","type":"gossip"}}
2023/05/29 23:43:12 Sent {"src":"n3","dest":"n4","body":{"counter":17,"message":103,"msg_id":204,"sender":"n4","type":"gossip"}}
2023/05/29 23:43:12 Sent {"src":"n3","dest":"n4","body":{"in_reply_to":38,"type":"gossip_ok"}}
2023/05/29 23:43:12 Received {n4 n3 {"counter":17,"message":103,"msg_id":40,"sender":"n4","type":"gossip"}}
2023/05/29 23:43:12 Sent {"src":"n3","dest":"n4","body":{"in_reply_to":40,"type":"gossip_ok"}}
2023/05/29 23:43:12 Received {n0 n3 {"counter":17,"message":103,"msg_id":257,"sender":"n4","type":"gossip"}}
2023/05/29 23:43:12 Received {n0 n3 {"in_reply_to":203,"type":"gossip_ok"}}
2023/05/29 23:43:12 Received {n4 n3 {"in_reply_to":204,"type":"gossip_ok"}}
2023/05/29 23:43:12 Sent {"src":"n3","dest":"n0","body":{"in_reply_to":257,"type":"gossip_ok"}}
2023/05/29 23:43:12 Received {n0 n3 {"counter":42,"message":104,"msg_id":259,"sender":"n0","type":"gossip"}}
2023/05/29 23:43:12 Sent {"src":"n3","dest":"n0","body":{"counter":42,"message":104,"msg_id":205,"sender":"n0","type":"gossip"}}
2023/05/29 23:43:12 Sent {"src":"n3","dest":"n4","body":{"counter":42,"message":104,"msg_id":206,"sender":"n0","type":"gossip"}}
2023/05/29 23:43:12 Sent {"src":"n3","dest":"n0","body":{"in_reply_to":259,"type":"gossip_ok"}}
2023/05/29 23:43:12 Received {n0 n3 {"counter":42,"message":104,"msg_id":261,"sender":"n0","type":"gossip"}}
2023/05/29 23:43:12 Received {n0 n3 {"in_reply_to":205,"type":"gossip_ok"}}
2023/05/29 23:43:12 Sent {"src":"n3","dest":"n0","body":{"in_reply_to":261,"type":"gossip_ok"}}
2023/05/29 23:43:12 Received {n4 n3 {"counter":42,"message":104,"msg_id":42,"sender":"n0","type":"gossip"}}
2023/05/29 23:43:12 Received {n4 n3 {"in_reply_to":206,"type":"gossip_ok"}}
2023/05/29 23:43:12 Sent {"src":"n3","dest":"n4","body":{"in_reply_to":42,"type":"gossip_ok"}}
2023/05/29 23:43:13 Received {c12 n3 {"type":"read","msg_id":31}}
2023/05/29 23:43:13 Sent {"src":"n3","dest":"c12","body":{"in_reply_to":31,"messages":[0,2,3,4,5,6,7,7,9,10,11,12,13,14,15,17,18,20,21,22,23,23,25,26,27,28,28,29,30,31,31,32,33,34,35,36,37,38,38,40,41,42,43,44,45,46,46,47,48,49,50,51,51,53,54,56,57,58,59,59,60,61,62,64,66,65,66,67,68,69,70,72,73,74,75,75,76,78,78,80,81,82,82,83,84,86,87,88,89,89,91,93,94,95,96,96,98,99,100,101,102,103,104],"msg_id":31,"type":"read_ok"}}
2023/05/29 23:43:13 Received {n0 n3 {"counter":43,"message":105,"msg_id":263,"sender":"n0","type":"gossip"}}
2023/05/29 23:43:13 Sent {"src":"n3","dest":"n0","body":{"counter":43,"message":105,"msg_id":207,"sender":"n0","type":"gossip"}}
2023/05/29 23:43:13 Sent {"src":"n3","dest":"n4","body":{"counter":43,"message":105,"msg_id":208,"sender":"n0","type":"gossip"}}
2023/05/29 23:43:13 Sent {"src":"n3","dest":"n0","body":{"in_reply_to":263,"type":"gossip_ok"}}
2023/05/29 23:43:13 Received {n4 n3 {"counter":43,"message":105,"msg_id":44,"sender":"n0","type":"gossip"}}
2023/05/29 23:43:13 Received {n4 n3 {"in_reply_to":208,"type":"gossip_ok"}}
2023/05/29 23:43:13 Received {n0 n3 {"counter":43,"message":105,"msg_id":265,"sender":"n0","type":"gossip"}}
2023/05/29 23:43:13 Sent {"src":"n3","dest":"n4","body":{"in_reply_to":44,"type":"gossip_ok"}}
2023/05/29 23:43:13 Sent {"src":"n3","dest":"n0","body":{"in_reply_to":265,"type":"gossip_ok"}}
2023/05/29 23:43:13 Received {n0 n3 {"in_reply_to":207,"type":"gossip_ok"}}
2023/05/29 23:43:13 Received {n0 n3 {"counter":44,"message":106,"msg_id":267,"sender":"n0","type":"gossip"}}
2023/05/29 23:43:13 Sent {"src":"n3","dest":"n0","body":{"counter":44,"message":106,"msg_id":209,"sender":"n0","type":"gossip"}}
2023/05/29 23:43:13 Sent {"src":"n3","dest":"n4","body":{"counter":44,"message":106,"msg_id":210,"sender":"n0","type":"gossip"}}
2023/05/29 23:43:13 Sent {"src":"n3","dest":"n0","body":{"in_reply_to":267,"type":"gossip_ok"}}
2023/05/29 23:43:13 Received {n0 n3 {"counter":44,"message":106,"msg_id":269,"sender":"n0","type":"gossip"}}
2023/05/29 23:43:13 Received {n0 n3 {"in_reply_to":209,"type":"gossip_ok"}}
2023/05/29 23:43:13 Sent {"src":"n3","dest":"n0","body":{"in_reply_to":269,"type":"gossip_ok"}}
2023/05/29 23:43:13 Received {n4 n3 {"counter":44,"message":106,"msg_id":46,"sender":"n0","type":"gossip"}}
2023/05/29 23:43:13 Received {n4 n3 {"in_reply_to":210,"type":"gossip_ok"}}
2023/05/29 23:43:13 Sent {"src":"n3","dest":"n4","body":{"in_reply_to":46,"type":"gossip_ok"}}
2023/05/29 23:43:13 Received {n0 n3 {"counter":20,"message":107,"msg_id":271,"sender":"n1","type":"gossip"}}
2023/05/29 23:43:13 Received {n4 n3 {"counter":20,"message":107,"msg_id":48,"sender":"n1","type":"gossip"}}
2023/05/29 23:43:13 Sent {"src":"n3","dest":"n0","body":{"counter":20,"message":107,"msg_id":211,"sender":"n1","type":"gossip"}}
2023/05/29 23:43:13 Sent {"src":"n3","dest":"n4","body":{"counter":20,"message":107,"msg_id":212,"sender":"n1","type":"gossip"}}
2023/05/29 23:43:13 Sent {"src":"n3","dest":"n0","body":{"in_reply_to":271,"type":"gossip_ok"}}
2023/05/29 23:43:13 Sent {"src":"n3","dest":"n4","body":{"in_reply_to":48,"type":"gossip_ok"}}
2023/05/29 23:43:13 Received {n4 n3 {"in_reply_to":212,"type":"gossip_ok"}}
2023/05/29 23:43:13 Received {n0 n3 {"in_reply_to":211,"type":"gossip_ok"}}
2023/05/29 23:43:14 Received {c12 n3 {"type":"read","msg_id":32}}
2023/05/29 23:43:14 Sent {"src":"n3","dest":"c12","body":{"in_reply_to":32,"messages":[0,2,3,4,5,6,7,7,9,10,11,12,13,14,15,17,18,20,21,22,23,23,25,26,27,28,28,29,30,31,31,32,33,34,35,36,37,38,38,40,41,42,43,44,45,46,46,47,48,49,50,51,51,53,54,56,57,58,59,59,60,61,62,64,66,65,66,67,68,69,70,72,73,74,75,75,76,78,78,80,81,82,82,83,84,86,87,88,89,89,91,93,94,95,96,96,98,99,100,101,102,103,104,105,106,107],"msg_id":32,"type":"read_ok"}}
2023/05/29 23:43:14 Received {n4 n3 {"counter":18,"message":108,"msg_id":50,"sender":"n4","type":"gossip"}}
2023/05/29 23:43:14 Sent {"src":"n3","dest":"n0","body":{"counter":18,"message":108,"msg_id":213,"sender":"n4","type":"gossip"}}
2023/05/29 23:43:14 Sent {"src":"n3","dest":"n4","body":{"counter":18,"message":108,"msg_id":214,"sender":"n4","type":"gossip"}}
2023/05/29 23:43:14 Sent {"src":"n3","dest":"n4","body":{"in_reply_to":50,"type":"gossip_ok"}}
2023/05/29 23:43:14 Received {n0 n3 {"counter":18,"message":108,"msg_id":273,"sender":"n4","type":"gossip"}}
2023/05/29 23:43:14 Received {n4 n3 {"counter":18,"message":108,"msg_id":52,"sender":"n4","type":"gossip"}}
2023/05/29 23:43:14 Received {n4 n3 {"in_reply_to":214,"type":"gossip_ok"}}
2023/05/29 23:43:14 Received {n0 n3 {"in_reply_to":213,"type":"gossip_ok"}}
2023/05/29 23:43:14 Sent {"src":"n3","dest":"n4","body":{"in_reply_to":52,"type":"gossip_ok"}}
2023/05/29 23:43:14 Sent {"src":"n3","dest":"n0","body":{"in_reply_to":273,"type":"gossip_ok"}}
2023/05/29 23:43:14 Received {n0 n3 {"counter":45,"message":109,"msg_id":275,"sender":"n0","type":"gossip"}}
2023/05/29 23:43:14 Sent {"src":"n3","dest":"n0","body":{"counter":45,"message":109,"msg_id":215,"sender":"n0","type":"gossip"}}
2023/05/29 23:43:14 Sent {"src":"n3","dest":"n4","body":{"counter":45,"message":109,"msg_id":216,"sender":"n0","type":"gossip"}}
2023/05/29 23:43:14 Sent {"src":"n3","dest":"n0","body":{"in_reply_to":275,"type":"gossip_ok"}}
2023/05/29 23:43:14 Received {n0 n3 {"counter":45,"message":109,"msg_id":277,"sender":"n0","type":"gossip"}}
2023/05/29 23:43:14 Received {n0 n3 {"in_reply_to":215,"type":"gossip_ok"}}
2023/05/29 23:43:14 Received {n4 n3 {"counter":45,"message":109,"msg_id":54,"sender":"n0","type":"gossip"}}
2023/05/29 23:43:14 Received {n4 n3 {"in_reply_to":216,"type":"gossip_ok"}}
2023/05/29 23:43:14 Sent {"src":"n3","dest":"n0","body":{"in_reply_to":277,"type":"gossip_ok"}}
2023/05/29 23:43:14 Sent {"src":"n3","dest":"n4","body":{"in_reply_to":54,"type":"gossip_ok"}}
2023/05/29 23:43:14 Received {n0 n3 {"counter":14,"message":110,"msg_id":279,"sender":"n2","type":"gossip"}}
2023/05/29 23:43:14 Received {n4 n3 {"counter":14,"message":110,"msg_id":56,"sender":"n2","type":"gossip"}}
2023/05/29 23:43:14 Sent {"src":"n3","dest":"n0","body":{"counter":14,"message":110,"msg_id":217,"sender":"n2","type":"gossip"}}
2023/05/29 23:43:14 Sent {"src":"n3","dest":"n4","body":{"counter":14,"message":110,"msg_id":218,"sender":"n2","type":"gossip"}}
2023/05/29 23:43:14 Sent {"src":"n3","dest":"n0","body":{"in_reply_to":279,"type":"gossip_ok"}}
2023/05/29 23:43:14 Sent {"src":"n3","dest":"n4","body":{"in_reply_to":56,"type":"gossip_ok"}}
2023/05/29 23:43:14 Received {n4 n3 {"in_reply_to":218,"type":"gossip_ok"}}
2023/05/29 23:43:14 Received {n0 n3 {"in_reply_to":217,"type":"gossip_ok"}}
2023/05/29 23:43:14 Received {c12 n3 {"type":"read","msg_id":33}}
2023/05/29 23:43:14 Sent {"src":"n3","dest":"c12","body":{"in_reply_to":33,"messages":[0,2,3,4,5,6,7,7,9,10,11,12,13,14,15,17,18,20,21,22,23,23,25,26,27,28,28,29,30,31,31,32,33,34,35,36,37,38,38,40,41,42,43,44,45,46,46,47,48,49,50,51,51,53,54,56,57,58,59,59,60,61,62,64,66,65,66,67,68,69,70,72,73,74,75,75,76,78,78,80,81,82,82,83,84,86,87,88,89,89,91,93,94,95,96,96,98,99,100,101,102,103,104,105,106,107,108,109,110],"msg_id":33,"type":"read_ok"}}
2023/05/29 23:43:24 Received {c12 n3 {"type":"read","msg_id":34}}
2023/05/29 23:43:24 Sent {"src":"n3","dest":"c12","body":{"in_reply_to":34,"messages":[0,2,3,4,5,6,7,7,9,10,11,12,13,14,15,17,18,20,21,22,23,23,25,26,27,28,28,29,30,31,31,32,33,34,35,36,37,38,38,40,41,42,43,44,45,46,46,47,48,49,50,51,51,53,54,56,57,58,59,59,60,61,62,64,66,65,66,67,68,69,70,72,73,74,75,75,76,78,78,80,81,82,82,83,84,86,87,88,89,89,91,93,94,95,96,96,98,99,100,101,102,103,104,105,106,107,108,109,110],"msg_id":34,"type":"read_ok"}}
