2023/05/29 23:42:54 Received {c0 n4 {"type":"init","node_id":"n4","node_ids":["n0","n1","n2","n3","n4"],"msg_id":1}}
2023/05/29 23:42:54 Node n4 initialized
2023/05/29 23:42:54 Sent {"src":"n4","dest":"c0","body":{"in_reply_to":1,"type":"init_ok"}}
2023/05/29 23:42:54 Received {c9 n4 {"type":"topology","topology":{"n0":["n3","n1"],"n1":["n4","n2","n0"],"n2":["n1"],"n3":["n0","n4"],"n4":["n1","n3"]},"msg_id":1}}
2023/05/29 23:42:54 Sent {"src":"n4","dest":"c9","body":{"in_reply_to":1,"type":"topology_ok"}}
2023/05/29 23:42:55 Received {c13 n4 {"type":"broadcast","message":1,"msg_id":1}}
2023/05/29 23:42:55 Sent {"src":"n4","dest":"n1","body":{"counter":1,"message":1,"msg_id":1,"sender":"n4","type":"gossip"}}
2023/05/29 23:42:55 Sent {"src":"n4","dest":"n3","body":{"counter":1,"message":1,"msg_id":2,"sender":"n4","type":"gossip"}}
2023/05/29 23:42:55 Sent {"src":"n4","dest":"c13","body":{"in_reply_to":1,"type":"broadcast_ok"}}
2023/05/29 23:42:55 Received {c13 n4 {"type":"read","msg_id":2}}
2023/05/29 23:42:55 Sent {"src":"n4","dest":"c13","body":{"in_reply_to":2,"messages":[1],"msg_id":2,"type":"read_ok"}}
2023/05/29 23:42:56 Received {c13 n4 {"type":"broadcast","message":8,"msg_id":3}}
2023/05/29 23:42:56 Sent {"src":"n4","dest":"n1","body":{"counter":2,"message":8,"msg_id":3,"sender":"n4","type":"gossip"}}
2023/05/29 23:42:56 Sent {"src":"n4","dest":"n3","body":{"counter":2,"message":8,"msg_id":4,"sender":"n4","type":"gossip"}}
2023/05/29 23:42:56 Sent {"src":"n4","dest":"c13","body":{"in_reply_to":3,"type":"broadcast_ok"}}
2023/05/29 23:42:56 Received {c13 n4 {"type":"read","msg_id":4}}
2023/05/29 23:42:56 Sent {"src":"n4","dest":"c13","body":{"in_reply_to":4,"messages":[1,8],"msg_id":4,"type":"read_ok"}}
2023/05/29 23:42:57 Received {c13 n4 {"type":"read","msg_id":5}}
2023/05/29 23:42:57 Sent {"src":"n4","dest":"c13","body":{"in_reply_to":5,"messages":[1,8],"msg_id":5,"type":"read_ok"}}
2023/05/29 23:42:57 Received {c13 n4 {"type":"broadcast","message":16,"msg_id":6}}
2023/05/29 23:42:57 Sent {"src":"n4","dest":"n1","body":{"counter":3,"message":16,"msg_id":5,"sender":"n4","type":"gossip"}}
2023/05/29 23:42:57 Sent {"src":"n4","dest":"n3","body":{"counter":3,"message":16,"msg_id":6,"sender":"n4","type":"gossip"}}
2023/05/29 23:42:57 Sent {"src":"n4","dest":"c13","body":{"in_reply_to":6,"type":"broadcast_ok"}}
2023/05/29 23:42:58 Received {c13 n4 {"type":"broadcast","message":19,"msg_id":7}}
2023/05/29 23:42:58 Sent {"src":"n4","dest":"n1","body":{"counter":4,"message":19,"msg_id":7,"sender":"n4","type":"gossip"}}
2023/05/29 23:42:58 Sent {"src":"n4","dest":"n3","body":{"counter":4,"message":19,"msg_id":8,"sender":"n4","type":"gossip"}}
2023/05/29 23:42:58 Sent {"src":"n4","dest":"c13","body":{"in_reply_to":7,"type":"broadcast_ok"}}
2023/05/29 23:42:59 Received {c13 n4 {"type":"broadcast","message":24,"msg_id":8}}
2023/05/29 23:42:59 Sent {"src":"n4","dest":"n1","body":{"counter":5,"message":24,"msg_id":9,"sender":"n4","type":"gossip"}}
2023/05/29 23:42:59 Sent {"src":"n4","dest":"n3","body":{"counter":5,"message":24,"msg_id":10,"sender":"n4","type":"gossip"}}
2023/05/29 23:42:59 Sent {"src":"n4","dest":"c13","body":{"in_reply_to":8,"type":"broadcast_ok"}}
2023/05/29 23:42:59 Received {c13 n4 {"type":"read","msg_id":9}}
2023/05/29 23:42:59 Sent {"src":"n4","dest":"c13","body":{"in_reply_to":9,"messages":[1,8,16,19,24],"msg_id":9,"type":"read_ok"}}
2023/05/29 23:43:00 Received {c13 n4 {"type":"read","msg_id":10}}
2023/05/29 23:43:00 Sent {"src":"n4","dest":"c13","body":{"in_reply_to":10,"messages":[1,8,16,19,24],"msg_id":10,"type":"read_ok"}}
2023/05/29 23:43:00 Received {c13 n4 {"type":"read","msg_id":11}}
2023/05/29 23:43:00 Sent {"src":"n4","dest":"c13","body":{"in_reply_to":11,"messages":[1,8,16,19,24],"msg_id":11,"type":"read_ok"}}
2023/05/29 23:43:01 Received {c13 n4 {"type":"broadcast","message":39,"msg_id":12}}
2023/05/29 23:43:01 Sent {"src":"n4","dest":"n1","body":{"counter":6,"message":39,"msg_id":11,"sender":"n4","type":"gossip"}}
2023/05/29 23:43:01 Sent {"src":"n4","dest":"n3","body":{"counter":6,"message":39,"msg_id":12,"sender":"n4","type":"gossip"}}
2023/05/29 23:43:01 Sent {"src":"n4","dest":"c13","body":{"in_reply_to":12,"type":"broadcast_ok"}}
2023/05/29 23:43:02 Received {c13 n4 {"type":"read","msg_id":13}}
2023/05/29 23:43:02 Sent {"src":"n4","dest":"c13","body":{"in_reply_to":13,"messages":[1,8,16,19,24,39],"msg_id":13,"type":"read_ok"}}
2023/05/29 23:43:02 Received {c13 n4 {"type":"read","msg_id":14}}
2023/05/29 23:43:02 Sent {"src":"n4","dest":"c13","body":{"in_reply_to":14,"messages":[1,8,16,19,24,39],"msg_id":14,"type":"read_ok"}}
2023/05/29 23:43:03 Received {c13 n4 {"type":"broadcast","message":52,"msg_id":15}}
2023/05/29 23:43:03 Sent {"src":"n4","dest":"n1","body":{"counter":7,"message":52,"msg_id":13,"sender":"n4","type":"gossip"}}
2023/05/29 23:43:03 Sent {"src":"n4","dest":"n3","body":{"counter":7,"message":52,"msg_id":14,"sender":"n4","type":"gossip"}}
2023/05/29 23:43:03 Sent {"src":"n4","dest":"c13","body":{"in_reply_to":15,"type":"broadcast_ok"}}
2023/05/29 23:43:03 Received {c13 n4 {"type":"broadcast","message":55,"msg_id":16}}
2023/05/29 23:43:03 Sent {"src":"n4","dest":"n1","body":{"counter":8,"message":55,"msg_id":15,"sender":"n4","type":"gossip"}}
2023/05/29 23:43:03 Sent {"src":"n4","dest":"n3","body":{"counter":8,"message":55,"msg_id":16,"sender":"n4","type":"gossip"}}
2023/05/29 23:43:03 Sent {"src":"n4","dest":"c13","body":{"in_reply_to":16,"type":"broadcast_ok"}}
2023/05/29 23:43:04 Received {c13 n4 {"type":"read","msg_id":17}}
2023/05/29 23:43:04 Sent {"src":"n4","dest":"c13","body":{"in_reply_to":17,"messages":[1,8,16,19,24,39,52,55],"msg_id":17,"type":"read_ok"}}
2023/05/29 23:43:05 Received {c13 n4 {"type":"broadcast","message":63,"msg_id":18}}
2023/05/29 23:43:05 Sent {"src":"n4","dest":"n1","body":{"counter":9,"message":63,"msg_id":17,"sender":"n4","type":"gossip"}}
2023/05/29 23:43:05 Sent {"src":"n4","dest":"n3","body":{"counter":9,"message":63,"msg_id":18,"sender":"n4","type":"gossip"}}
2023/05/29 23:43:05 Sent {"src":"n4","dest":"c13","body":{"in_reply_to":18,"type":"broadcast_ok"}}
2023/05/29 23:43:05 Received {c13 n4 {"type":"read","msg_id":19}}
2023/05/29 23:43:05 Sent {"src":"n4","dest":"c13","body":{"in_reply_to":19,"messages":[1,8,16,19,24,39,52,55,63],"msg_id":19,"type":"read_ok"}}
2023/05/29 23:43:06 Received {c13 n4 {"type":"broadcast","message":71,"msg_id":20}}
2023/05/29 23:43:06 Sent {"src":"n4","dest":"n1","body":{"counter":10,"message":71,"msg_id":19,"sender":"n4","type":"gossip"}}
2023/05/29 23:43:06 Sent {"src":"n4","dest":"n3","body":{"counter":10,"message":71,"msg_id":20,"sender":"n4","type":"gossip"}}
2023/05/29 23:43:06 Sent {"src":"n4","dest":"c13","body":{"in_reply_to":20,"type":"broadcast_ok"}}
2023/05/29 23:43:06 Received {c13 n4 {"type":"read","msg_id":21}}
2023/05/29 23:43:06 Sent {"src":"n4","dest":"c13","body":{"in_reply_to":21,"messages":[1,8,16,19,24,39,52,55,63,71],"msg_id":21,"type":"read_ok"}}
2023/05/29 23:43:07 Received {c13 n4 {"type":"broadcast","message":77,"msg_id":22}}
2023/05/29 23:43:07 Sent {"src":"n4","dest":"n1","body":{"counter":11,"message":77,"msg_id":21,"sender":"n4","type":"gossip"}}
2023/05/29 23:43:07 Sent {"src":"n4","dest":"n3","body":{"counter":11,"message":77,"msg_id":22,"sender":"n4","type":"gossip"}}
2023/05/29 23:43:07 Sent {"src":"n4","dest":"c13","body":{"in_reply_to":22,"type":"broadcast_ok"}}
2023/05/29 23:43:07 Received {c13 n4 {"type":"read","msg_id":23}}
2023/05/29 23:43:07 Sent {"src":"n4","dest":"c13","body":{"in_reply_to":23,"messages":[1,8,16,19,24,39,52,55,63,71,77],"msg_id":23,"type":"read_ok"}}
2023/05/29 23:43:08 Received {c13 n4 {"type":"broadcast","message":79,"msg_id":24}}
2023/05/29 23:43:08 Sent {"src":"n4","dest":"n1","body":{"counter":12,"message":79,"msg_id":23,"sender":"n4","type":"gossip"}}
2023/05/29 23:43:08 Sent {"src":"n4","dest":"n3","body":{"counter":12,"message":79,"msg_id":24,"sender":"n4","type":"gossip"}}
2023/05/29 23:43:08 Sent {"src":"n4","dest":"c13","body":{"in_reply_to":24,"type":"broadcast_ok"}}
2023/05/29 23:43:08 Received {c13 n4 {"type":"read","msg_id":25}}
2023/05/29 23:43:08 Sent {"src":"n4","dest":"c13","body":{"in_reply_to":25,"messages":[1,8,16,19,24,39,52,55,63,71,77,79],"msg_id":25,"type":"read_ok"}}
2023/05/29 23:43:09 Received {c13 n4 {"type":"broadcast","message":85,"msg_id":26}}
2023/05/29 23:43:09 Sent {"src":"n4","dest":"n1","body":{"counter":13,"message":85,"msg_id":25,"sender":"n4","type":"gossip"}}
2023/05/29 23:43:09 Sent {"src":"n4","dest":"n3","body":{"counter":13,"message":85,"msg_id":26,"sender":"n4","type":"gossip"}}
2023/05/29 23:43:09 Sent {"src":"n4","dest":"c13","body":{"in_reply_to":26,"type":"broadcast_ok"}}
2023/05/29 23:43:10 Received {c13 n4 {"type":"broadcast","message":90,"msg_id":27}}
2023/05/29 23:43:10 Sent {"src":"n4","dest":"n1","body":{"counter":14,"message":90,"msg_id":27,"sender":"n4","type":"gossip"}}
2023/05/29 23:43:10 Sent {"src":"n4","dest":"n3","body":{"counter":14,"message":90,"msg_id":28,"sender":"n4","type":"gossip"}}
2023/05/29 23:43:10 Sent {"src":"n4","dest":"c13","body":{"in_reply_to":27,"type":"broadcast_ok"}}
2023/05/29 23:43:10 Received {c13 n4 {"type":"broadcast","message":92,"msg_id":28}}
2023/05/29 23:43:10 Sent {"src":"n4","dest":"n1","body":{"counter":15,"message":92,"msg_id":29,"sender":"n4","type":"gossip"}}
2023/05/29 23:43:10 Sent {"src":"n4","dest":"n3","body":{"counter":15,"message":92,"msg_id":30,"sender":"n4","type":"gossip"}}
2023/05/29 23:43:10 Sent {"src":"n4","dest":"c13","body":{"in_reply_to":28,"type":"broadcast_ok"}}
2023/05/29 23:43:11 Received {c13 n4 {"type":"broadcast","message":97,"msg_id":29}}
2023/05/29 23:43:11 Sent {"src":"n4","dest":"n1","body":{"counter":16,"message":97,"msg_id":31,"sender":"n4","type":"gossip"}}
2023/05/29 23:43:11 Sent {"src":"n4","dest":"n3","body":{"counter":16,"message":97,"msg_id":32,"sender":"n4","type":"gossip"}}
2023/05/29 23:43:11 Sent {"src":"n4","dest":"c13","body":{"in_reply_to":29,"type":"broadcast_ok"}}
2023/05/29 23:43:11 Received {c13 n4 {"type":"read","msg_id":30}}
2023/05/29 23:43:11 Sent {"src":"n4","dest":"c13","body":{"in_reply_to":30,"messages":[1,8,16,19,24,39,52,55,63,71,77,79,85,90,92,97],"msg_id":30,"type":"read_ok"}}
2023/05/29 23:43:12 Received {n1 n4 {"counter":40,"message":101,"msg_id":313,"sender":"n0","type":"gossip"}}
2023/05/29 23:43:12 Received {n3 n4 {"counter":40,"message":101,"msg_id":200,"sender":"n0","type":"gossip"}}
2023/05/29 23:43:12 Sent {"src":"n4","dest":"n1","body":{"counter":40,"message":101,"msg_id":33,"sender":"n0","type":"gossip"}}
2023/05/29 23:43:12 Sent {"src":"n4","dest":"n3","body":{"counter":40,"message":101,"msg_id":34,"sender":"n0","type":"gossip"}}
2023/05/29 23:43:12 Sent {"src":"n4","dest":"n3","body":{"in_reply_to":200,"type":"gossip_ok"}}
2023/05/29 23:43:12 Sent {"src":"n4","dest":"n1","body":{"in_reply_to":313,"type":"gossip_ok"}}
2023/05/29 23:43:12 Received {n3 n4 {"in_reply_to":34,"type":"gossip_ok"}}
2023/05/29 23:43:12 Received {n1 n4 {"in_reply_to":33,"type":"gossip_ok"}}
2023/05/29 23:43:12 Received {n3 n4 {"counter":41,"message":102,"msg_id":202,"sender":"n0","type":"gossip"}}
2023/05/29 23:43:12 Received {n1 n4 {"counter":41,"message":102,"msg_id":316,"sender":"n0","type":"gossip"}}
2023/05/29 23:43:12 Sent {"src":"n4","dest":"n1","body":{"counter":41,"message":102,"msg_id":35,"sender":"n0","type":"gossip"}}
2023/05/29 23:43:12 Sent {"src":"n4","dest":"n3","body":{"counter":41,"message":102,"msg_id":36,"sender":"n0","type":"gossip"}}
2023/05/29 23:43:12 Sent {"src":"n4","dest":"n3","body":{"in_reply_to":202,"type":"gossip_ok"}}
2023/05/29 23:43:12 Sent {"src":"n4","dest":"n1","body":{"in_reply_to":316,"type":"gossip_ok"}}
2023/05/29 23:43:12 Received {n1 n4 {"in_reply_to":35,"type":"gossip_ok"}}
2023/05/29 23:43:12 Received {n3 n4 {"in_reply_to":36,"type":"gossip_ok"}}
2023/05/29 23:43:12 Received {c13 n4 {"type":"broadcast","message":103,"msg_id":31}}
2023/05/29 23:43:12 Sent {"src":"n4","dest":"n1","body":{"counter":17,"message":103,"msg_id":37,"sender":"n4","type":"gossip"}}
2023/05/29 23:43:12 Sent {"src":"n4","dest":"n3","body":{"counter":17,"message":103,"msg_id":38,"sender":"n4","type":"gossip"}}
2023/05/29 23:43:12 Sent {"src":"n4","dest":"c13","body":{"in_reply_to":31,"type":"broadcast_ok"}}
2023/05/29 23:43:12 Received {n1 n4 {"counter":17,"message":103,"msg_id":319,"sender":"n4","type":"gossip"}}
2023/05/29 23:43:12 Sent {"src":"n4","dest":"n1","body":{"counter":17,"message":103,"msg_id":39,"sender":"n4","type":"gossip"}}
2023/05/29 23:43:12 Sent {"src":"n4","dest":"n3","body":{"counter":17,"message":103,"msg_id":40,"sender":"n4","type":"gossip"}}
2023/05/29 23:43:12 Sent {"src":"n4","dest":"n1","body":{"in_reply_to":319,"type":"gossip_ok"}}
2023/05/29 23:43:12 Received {n3 n4 {"counter":17,"message":103,"msg_id":204,"sender":"n4","type":"gossip"}}
2023/05/29 23:43:12 Received {n1 n4 {"in_reply_to":37,"type":"gossip_ok"}}
2023/05/29 23:43:12 Received {n3 n4 {"in_reply_to":38,"type":"gossip_ok"}}
2023/05/29 23:43:12 Sent {"src":"n4","dest":"n3","body":{"in_reply_to":204,"type":"gossip_ok"}}
2023/05/29 23:43:12 Received {n3 n4 {"in_reply_to":40,"type":"gossip_ok"}}
2023/05/29 23:43:12 Received {n1 n4 {"in_reply_to":39,"type":"gossip_ok"}}
2023/05/29 23:43:12 Received {n1 n4 {"counter":42,"message":104,"msg_id":322,"sender":"n0","type":"gossip"}}
2023/05/29 23:43:12 Received {n3 n4 {"counter":42,"message":104,"msg_id":206,"sender":"n0","type":"gossip"}}
2023/05/29 23:43:12 Sent {"src":"n4","dest":"n1","body":{"counter":42,"message":104,"msg_id":41,"sender":"n0","type":"gossip"}}
2023/05/29 23:43:12 Sent {"src":"n4","dest":"n3","body":{"counter":42,"message":104,"msg_id":42,"sender":"n0","type":"gossip"}}
2023/05/29 23:43:12 Sent {"src":"n4","dest":"n1","body":{"in_reply_to":322,"type":"gossip_ok"}}
2023/05/29 23:43:12 Sent {"src":"n4","dest":"n3","body":{"in_reply_to":206,"type":"gossip_ok"}}
2023/05/29 23:43:12 Received {n1 n4 {"in_reply_to":41,"type":"gossip_ok"}}
2023/05/29 23:43:12 Received {n3 n4 {"in_reply_to":42,"type":"gossip_ok"}}
2023/05/29 23:43:13 Received {c13 n4 {"type":"read","msg_id":32}}
2023/05/29 23:43:13 Sent {"src":"n4","dest":"c13","body":{"in_reply_to":32,"messages":[1,8,16,19,24,39,52,55,63,71,77,79,85,90,92,97,101,102,103,103,104],"msg_id":32,"type":"read_ok"}}
2023/05/29 23:43:13 Received {n1 n4 {"counter":43,"message":105,"msg_id":325,"sender":"n0","type":"gossip"}}
2023/05/29 23:43:13 Sent {"src":"n4","dest":"n1","body":{"counter":43,"message":105,"msg_id":43,"sender":"n0","type":"gossip"}}
2023/05/29 23:43:13 Sent {"src":"n4","dest":"n3","body":{"counter":43,"message":105,"msg_id":44,"sender":"n0","type":"gossip"}}
2023/05/29 23:43:13 Received {n3 n4 {"counter":43,"message":105,"msg_id":208,"sender":"n0","type":"gossip"}}
2023/05/29 23:43:13 Sent {"src":"n4","dest":"n1","body":{"in_reply_to":325,"type":"gossip_ok"}}
2023/05/29 23:43:13 Sent {"src":"n4","dest":"n3","body":{"in_reply_to":208,"type":"gossip_ok"}}
2023/05/29 23:43:13 Received {n1 n4 {"in_reply_to":43,"type":"gossip_ok"}}
2023/05/29 23:43:13 Received {n3 n4 {"in_reply_to":44,"type":"gossip_ok"}}
2023/05/29 23:43:13 Received {n1 n4 {"counter":44,"message":106,"msg_id":328,"sender":"n0","type":"gossip"}}
2023/05/29 23:43:13 Received {n3 n4 {"counter":44,"message":106,"msg_id":210,"sender":"n0","type":"gossip"}}
2023/05/29 23:43:13 Sent {"src":"n4","dest":"n1","body":{"counter":44,"message":106,"msg_id":45,"sender":"n0","type":"gossip"}}
2023/05/29 23:43:13 Sent {"src":"n4","dest":"n3","body":{"counter":44,"message":106,"msg_id":46,"sender":"n0","type":"gossip"}}
2023/05/29 23:43:13 Sent {"src":"n4","dest":"n1","body":{"in_reply_to":328,"type":"gossip_ok"}}
2023/05/29 23:43:13 Sent {"src":"n4","dest":"n3","body":{"in_reply_to":210,"type":"gossip_ok"}}
2023/05/29 23:43:13 Received {n1 n4 {"in_reply_to":45,"type":"gossip_ok"}}
2023/05/29 23:43:13 Received {n3 n4 {"in_reply_to":46,"type":"gossip_ok"}}
2023/05/29 23:43:13 Received {n1 n4 {"counter":20,"message":107,"msg_id":331,"sender":"n1","type":"gossip"}}
2023/05/29 23:43:13 Sent {"src":"n4","dest":"n1","body":{"counter":20,"message":107,"msg_id":47,"sender":"n1","type":"gossip"}}
2023/05/29 23:43:13 Sent {"src":"n4","dest":"n3","body":{"counter":20,"message":107,"msg_id":48,"sender":"n1","type":"gossip"}}
2023/05/29 23:43:13 Sent {"src":"n4","dest":"n1","body":{"in_reply_to":331,"type":"gossip_ok"}}
2023/05/29 23:43:13 Received {n1 n4 {"counter":20,"message":107,"msg_id":334,"sender":"n1","type":"gossip"}}
2023/05/29 23:43:13 Sent {"src":"n4","dest":"n1","body":{"in_reply_to":334,"type":"gossip_ok"}}
2023/05/29 23:43:13 Received {n3 n4 {"counter":20,"message":107,"msg_id":212,"sender":"n1","type":"gossip"}}
2023/05/29 23:43:13 Received {n1 n4 {"in_reply_to":47,"type":"gossip_ok"}}
2023/05/29 23:43:13 Received {n3 n4 {"in_reply_to":48,"type":"gossip_ok"}}
2023/05/29 23:43:13 Sent {"src":"n4","dest":"n3","body":{"in_reply_to":212,"type":"gossip_ok"}}
2023/05/29 23:43:14 Received {c13 n4 {"type":"broadcast","message":108,"msg_id":33}}
2023/05/29 23:43:14 Sent {"src":"n4","dest":"n1","body":{"counter":18,"message":108,"msg_id":49,"sender":"n4","type":"gossip"}}
2023/05/29 23:43:14 Sent {"src":"n4","dest":"n3","body":{"counter":18,"message":108,"msg_id":50,"sender":"n4","type":"gossip"}}
2023/05/29 23:43:14 Sent {"src":"n4","dest":"c13","body":{"in_reply_to":33,"type":"broadcast_ok"}}
2023/05/29 23:43:14 Received {n3 n4 {"counter":18,"message":108,"msg_id":214,"sender":"n4","type":"gossip"}}
2023/05/29 23:43:14 Received {n3 n4 {"in_reply_to":50,"type":"gossip_ok"}}
2023/05/29 23:43:14 Received {n1 n4 {"counter":18,"message":108,"msg_id":337,"sender":"n4","type":"gossip"}}
2023/05/29 23:43:14 Received {n1 n4 {"in_reply_to":49,"type":"gossip_ok"}}
2023/05/29 23:43:14 Sent {"src":"n4","dest":"n1","body":{"counter":18,"message":108,"msg_id":51,"sender":"n4","type":"gossip"}}
2023/05/29 23:43:14 Sent {"src":"n4","dest":"n3","body":{"counter":18,"message":108,"msg_id":52,"sender":"n4","type":"gossip"}}
2023/05/29 23:43:14 Sent {"src":"n4","dest":"n3","body":{"in_reply_to":214,"type":"gossip_ok"}}
2023/05/29 23:43:14 Sent {"src":"n4","dest":"n1","body":{"in_reply_to":337,"type":"gossip_ok"}}
2023/05/29 23:43:14 Received {n1 n4 {"in_reply_to":51,"type":"gossip_ok"}}
2023/05/29 23:43:14 Received {n3 n4 {"in_reply_to":52,"type":"gossip_ok"}}
2023/05/29 23:43:14 Received {n3 n4 {"counter":45,"message":109,"msg_id":216,"sender":"n0","type":"gossip"}}
2023/05/29 23:43:14 Sent {"src":"n4","dest":"n1","body":{"counter":45,"message":109,"msg_id":53,"sender":"n0","type":"gossip"}}
2023/05/29 23:43:14 Received {n1 n4 {"counter":45,"message":109,"msg_id":340,"sender":"n0","type":"gossip"}}
2023/05/29 23:43:14 Sent {"src":"n4","dest":"n3","body":{"counter":45,"message":109,"msg_id":54,"sender":"n0","type":"gossip"}}
2023/05/29 23:43:14 Sent {"src":"n4","dest":"n3","body":{"in_reply_to":216,"type":"gossip_ok"}}
2023/05/29 23:43:14 Sent {"src":"n4","dest":"n1","body":{"in_reply_to":340,"type":"gossip_ok"}}
2023/05/29 23:43:14 Received {n1 n4 {"in_reply_to":53,"type":"gossip_ok"}}
2023/05/29 23:43:14 Received {n3 n4 {"in_reply_to":54,"type":"gossip_ok"}}
2023/05/29 23:43:14 Received {n1 n4 {"counter":14,"message":110,"msg_id":343,"sender":"n2","type":"gossip"}}
2023/05/29 23:43:14 Sent {"src":"n4","dest":"n1","body":{"counter":14,"message":110,"msg_id":55,"sender":"n2","type":"gossip"}}
2023/05/29 23:43:14 Sent {"src":"n4","dest":"n3","body":{"counter":14,"message":110,"msg_id":56,"sender":"n2","type":"gossip"}}
2023/05/29 23:43:14 Sent {"src":"n4","dest":"n1","body":{"in_reply_to":343,"type":"gossip_ok"}}
2023/05/29 23:43:14 Received {n3 n4 {"counter":14,"message":110,"msg_id":218,"sender":"n2","type":"gossip"}}
2023/05/29 23:43:14 Received {n1 n4 {"in_reply_to":55,"type":"gossip_ok"}}
2023/05/29 23:43:14 Sent {"src":"n4","dest":"n3","body":{"in_reply_to":218,"type":"gossip_ok"}}
2023/05/29 23:43:14 Received {n3 n4 {"in_reply_to":56,"type":"gossip_ok"}}
2023/05/29 23:43:14 Received {c13 n4 {"type":"read","msg_id":34}}
2023/05/29 23:43:14 Sent {"src":"n4","dest":"c13","body":{"in_reply_to":34,"messages":[1,8,16,19,24,39,52,55,63,71,77,79,85,90,92,97,101,102,103,103,104,105,106,107,108,108,109,110],"msg_id":34,"type":"read_ok"}}
2023/05/29 23:43:24 Received {c13 n4 {"type":"read","msg_id":35}}
2023/05/29 23:43:24 Sent {"src":"n4","dest":"c13","body":{"in_reply_to":35,"messages":[1,8,16,19,24,39,52,55,63,71,77,79,85,90,92,97,101,102,103,103,104,105,106,107,108,108,109,110],"msg_id":35,"type":"read_ok"}}
