2023-05-29 22:16:19,901{GMT}	INFO	[jepsen test runner] jepsen.core: Command line:
lein run test -w broadcast --bin /Users/adicardrz/go/bin/maelstrom-broadcast --node-count 5 --time-limit 20 --rate 10
2023-05-29 22:16:19,995{GMT}	INFO	[jepsen test runner] jepsen.core: Running test:
{:args []
 :remote
 #jepsen.control.retry.Remote{:remote #jepsen.control.scp.Remote{:cmd-remote #jepsen.control.sshj.SSHJRemote{:concurrency-limit 6,
                                                                                                             :conn-spec nil,
                                                                                                             :client nil,
                                                                                                             :semaphore nil},
                                                                 :conn-spec nil},
                              :conn nil}
 :log-net-send false
 :node-count 5
 :availability nil
 :max-txn-length 4
 :concurrency 5
 :db
 #object[maelstrom.db$db$reify__16142
         "0x60035f1e"
         "maelstrom.db$db$reify__16142@60035f1e"]
 :max-writes-per-key 16
 :leave-db-running? false
 :name "broadcast"
 :logging-json? false
 :start-time
 #object[org.joda.time.DateTime "0x2459715c" "2023-05-29T22:16:19.857+02:00"]
 :nemesis-interval 10
 :net
 #object[maelstrom.net$jepsen_net$reify__15251
         "0x401e36ab"
         "maelstrom.net$jepsen_net$reify__15251@401e36ab"]
 :client
 #object[maelstrom.workload.broadcast$client$reify__16644
         "0x4ce66169"
         "maelstrom.workload.broadcast$client$reify__16644@4ce66169"]
 :barrier
 #object[java.util.concurrent.CyclicBarrier
         "0x53d0cf4d"
         "java.util.concurrent.CyclicBarrier@53d0cf4d"]
 :log-stderr false
 :pure-generators true
 :ssh {:dummy? true}
 :rate 10.0
 :checker
 #object[jepsen.checker$compose$reify__11881
         "0x3c6c87fa"
         "jepsen.checker$compose$reify__11881@3c6c87fa"]
 :argv
 ("test"
  "-w"
  "broadcast"
  "--bin"
  "/Users/adicardrz/go/bin/maelstrom-broadcast"
  "--node-count"
  "5"
  "--time-limit"
  "20"
  "--rate"
  "10")
 :nemesis
 (jepsen.nemesis.ReflCompose
  {:fm {:start-partition 0,
        :stop-partition 0,
        :kill 1,
        :start 1,
        :pause 1,
        :resume 1},
   :nemeses [#unprintable "jepsen.nemesis.combined$partition_nemesis$reify__16416@d7645b2"
             #unprintable "jepsen.nemesis.combined$db_nemesis$reify__16397@72e4905c"]})
 :nodes ["n0" "n1" "n2" "n3" "n4"]
 :test-count 1
 :latency {:mean 0, :dist :constant}
 :bin "/Users/adicardrz/go/bin/maelstrom-broadcast"
 :generator
 ((jepsen.generator.Synchronize
   {:gen (jepsen.generator.TimeLimit
          {:limit 20000000000,
           :cutoff nil,
           :gen (jepsen.generator.Any
                 {:gens [(jepsen.generator.OnThreads
                          {:f #{:nemesis},
                           :context-filter #object[jepsen.generator.context$make_thread_filter$lazy_filter__9167
                                                   "0x383c94ed"
                                                   "jepsen.generator.context$make_thread_filter$lazy_filter__9167@383c94ed"],
                           :gen nil})
                         (jepsen.generator.OnThreads
                          {:f #jepsen.generator.context.AllBut{:element :nemesis},
                           :context-filter #object[jepsen.generator.context$make_thread_filter$lazy_filter__9167
                                                   "0x293ccbdd"
                                                   "jepsen.generator.context$make_thread_filter$lazy_filter__9167@293ccbdd"],
                           :gen (jepsen.generator.Stagger
                                 {:dt 200000000,
                                  :next-time nil,
                                  :gen (jepsen.generator.Mix
                                        {:i 0,
                                         :gens [({:f :broadcast, :value 0}
                                                 {:f :broadcast, :value 1}
                                                 {:f :broadcast, :value 2}
                                                 {:f :broadcast, :value 3}
                                                 {:f :broadcast, :value 4}
                                                 {:f :broadcast, :value 5}
                                                 {:f :broadcast, :value 6}
                                                 {:f :broadcast, :value 7}
                                                 ...)
                                                ({:f :read}
                                                 {:f :read}
                                                 {:f :read}
                                                 {:f :read}
                                                 {:f :read}
                                                 {:f :read}
                                                 {:f :read}
                                                 {:f :read}
                                                 ...)]})})})]})})})
  (jepsen.generator.Synchronize
   {:gen (jepsen.generator.OnThreads
          {:f #{:nemesis},
           :context-filter #object[jepsen.generator.context$make_thread_filter$lazy_filter__9167
                                   "0x474a63d9"
                                   "jepsen.generator.context$make_thread_filter$lazy_filter__9167@474a63d9"],
           :gen ()})})
  (jepsen.generator.Synchronize
   {:gen {:type :log, :value "Waiting for recovery..."}})
  (jepsen.generator.Synchronize {:gen {:type :sleep, :value 10}})
  (jepsen.generator.Synchronize
   {:gen (jepsen.generator.OnThreads
          {:f #jepsen.generator.context.AllBut{:element :nemesis},
           :context-filter #object[jepsen.generator.context$make_thread_filter$lazy_filter__9167
                                   "0x1b8d0c21"
                                   "jepsen.generator.context$make_thread_filter$lazy_filter__9167@1b8d0c21"],
           :gen (jepsen.generator.EachThread
                 {:fresh-gen {:f :read, :final? true},
                  :context-filters #object[clojure.core$promise$reify__8591
                                           "0x54a04eae"
                                           {:status :pending, :val nil}],
                  :gens {}})})}))
 :log-net-recv false
 :os
 #object[maelstrom.net$jepsen_os$reify__15254
         "0x4664fef"
         "maelstrom.net$jepsen_os$reify__15254@4664fef"]
 :time-limit 20
 :workload :broadcast
 :consistency-models [:strict-serializable]
 :topology :grid}

2023-05-29 22:16:22,313{GMT}	INFO	[jepsen node n0] maelstrom.net: Starting Maelstrom network
2023-05-29 22:16:22,314{GMT}	INFO	[jepsen test runner] jepsen.db: Tearing down DB
2023-05-29 22:16:22,317{GMT}	INFO	[jepsen test runner] jepsen.db: Setting up DB
2023-05-29 22:16:22,318{GMT}	INFO	[jepsen node n1] maelstrom.db: Setting up n1
2023-05-29 22:16:22,318{GMT}	INFO	[jepsen node n4] maelstrom.db: Setting up n4
2023-05-29 22:16:22,318{GMT}	INFO	[jepsen node n3] maelstrom.db: Setting up n3
2023-05-29 22:16:22,318{GMT}	INFO	[jepsen node n2] maelstrom.db: Setting up n2
2023-05-29 22:16:22,319{GMT}	INFO	[jepsen node n2] maelstrom.process: launching /Users/adicardrz/go/bin/maelstrom-broadcast []
2023-05-29 22:16:22,319{GMT}	INFO	[jepsen node n4] maelstrom.process: launching /Users/adicardrz/go/bin/maelstrom-broadcast []
2023-05-29 22:16:22,319{GMT}	INFO	[jepsen node n1] maelstrom.process: launching /Users/adicardrz/go/bin/maelstrom-broadcast []
2023-05-29 22:16:22,319{GMT}	INFO	[jepsen node n3] maelstrom.process: launching /Users/adicardrz/go/bin/maelstrom-broadcast []
2023-05-29 22:16:22,321{GMT}	INFO	[jepsen node n0] maelstrom.service: Starting services: (lin-kv lin-tso lww-kv seq-kv)
2023-05-29 22:16:22,323{GMT}	INFO	[jepsen node n0] maelstrom.db: Setting up n0
2023-05-29 22:16:22,324{GMT}	INFO	[jepsen node n0] maelstrom.process: launching /Users/adicardrz/go/bin/maelstrom-broadcast []
2023-05-29 22:16:22,724{GMT}	INFO	[jepsen test runner] jepsen.core: Relative time begins now
2023-05-29 22:16:22,744{GMT}	INFO	[jepsen worker 0] jepsen.util: 0	:invoke	:broadcast	0
2023-05-29 22:16:22,747{GMT}	INFO	[jepsen worker 0] jepsen.util: 0	:ok	:broadcast	0
2023-05-29 22:16:22,785{GMT}	INFO	[jepsen worker 1] jepsen.util: 1	:invoke	:read	nil
2023-05-29 22:16:22,913{GMT}	INFO	[jepsen worker 2] jepsen.util: 2	:invoke	:read	nil
2023-05-29 22:16:22,921{GMT}	INFO	[jepsen worker 2] jepsen.util: 2	:ok	:read	[0]
2023-05-29 22:16:22,941{GMT}	INFO	[jepsen worker 3] jepsen.util: 3	:invoke	:broadcast	1
2023-05-29 22:16:23,058{GMT}	INFO	[jepsen worker 4] jepsen.util: 4	:invoke	:broadcast	2
2023-05-29 22:16:23,062{GMT}	INFO	[jepsen worker 4] jepsen.util: 4	:ok	:broadcast	2
2023-05-29 22:16:23,194{GMT}	INFO	[jepsen worker 0] jepsen.util: 0	:invoke	:broadcast	3
2023-05-29 22:16:23,282{GMT}	INFO	[jepsen worker 2] jepsen.util: 2	:invoke	:read	nil
2023-05-29 22:16:23,286{GMT}	INFO	[jepsen worker 2] jepsen.util: 2	:ok	:read	[0]
2023-05-29 22:16:23,450{GMT}	INFO	[jepsen worker 2] jepsen.util: 2	:invoke	:read	nil
2023-05-29 22:16:23,458{GMT}	INFO	[jepsen worker 2] jepsen.util: 2	:ok	:read	[0]
2023-05-29 22:16:23,622{GMT}	INFO	[jepsen worker 2] jepsen.util: 2	:invoke	:broadcast	4
2023-05-29 22:16:23,633{GMT}	INFO	[jepsen worker 2] jepsen.util: 2	:ok	:broadcast	4
2023-05-29 22:16:23,825{GMT}	INFO	[jepsen worker 4] jepsen.util: 4	:invoke	:broadcast	5
2023-05-29 22:16:23,842{GMT}	INFO	[jepsen worker 4] jepsen.util: 4	:ok	:broadcast	5
2023-05-29 22:16:24,010{GMT}	INFO	[jepsen worker 4] jepsen.util: 4	:invoke	:read	nil
2023-05-29 22:16:24,013{GMT}	INFO	[jepsen worker 4] jepsen.util: 4	:ok	:read	[0 2 5]
2023-05-29 22:16:24,076{GMT}	INFO	[jepsen worker 2] jepsen.util: 2	:invoke	:read	nil
2023-05-29 22:16:24,086{GMT}	INFO	[jepsen worker 2] jepsen.util: 2	:ok	:read	[0 4]
2023-05-29 22:16:24,136{GMT}	INFO	[jepsen worker 2] jepsen.util: 2	:invoke	:read	nil
2023-05-29 22:16:24,143{GMT}	INFO	[jepsen worker 2] jepsen.util: 2	:ok	:read	[0 4]
2023-05-29 22:16:24,266{GMT}	INFO	[jepsen worker 2] jepsen.util: 2	:invoke	:broadcast	6
2023-05-29 22:16:24,274{GMT}	INFO	[jepsen worker 2] jepsen.util: 2	:ok	:broadcast	6
2023-05-29 22:16:24,464{GMT}	INFO	[jepsen worker 2] jepsen.util: 2	:invoke	:read	nil
2023-05-29 22:16:24,476{GMT}	INFO	[jepsen worker 2] jepsen.util: 2	:ok	:read	[0 4 6]
2023-05-29 22:16:24,657{GMT}	INFO	[jepsen worker 4] jepsen.util: 4	:invoke	:read	nil
2023-05-29 22:16:24,670{GMT}	INFO	[jepsen worker 4] jepsen.util: 4	:ok	:read	[0 2 5]
2023-05-29 22:16:24,823{GMT}	INFO	[jepsen worker 4] jepsen.util: 4	:invoke	:broadcast	7
2023-05-29 22:16:24,833{GMT}	INFO	[jepsen worker 4] jepsen.util: 4	:ok	:broadcast	7
2023-05-29 22:16:24,965{GMT}	INFO	[jepsen worker 2] jepsen.util: 2	:invoke	:read	nil
2023-05-29 22:16:24,984{GMT}	INFO	[jepsen worker 2] jepsen.util: 2	:ok	:read	[0 4 6]
2023-05-29 22:16:25,101{GMT}	INFO	[jepsen worker 2] jepsen.util: 2	:invoke	:broadcast	8
2023-05-29 22:16:25,103{GMT}	INFO	[jepsen worker 2] jepsen.util: 2	:ok	:broadcast	8
2023-05-29 22:16:25,295{GMT}	INFO	[jepsen worker 2] jepsen.util: 2	:invoke	:read	nil
2023-05-29 22:16:25,306{GMT}	INFO	[jepsen worker 2] jepsen.util: 2	:ok	:read	[0 4 6 8]
2023-05-29 22:16:25,415{GMT}	INFO	[jepsen worker 2] jepsen.util: 2	:invoke	:read	nil
2023-05-29 22:16:25,423{GMT}	INFO	[jepsen worker 2] jepsen.util: 2	:ok	:read	[0 4 6 8]
2023-05-29 22:16:25,558{GMT}	INFO	[jepsen worker 4] jepsen.util: 4	:invoke	:broadcast	9
2023-05-29 22:16:25,572{GMT}	INFO	[jepsen worker 4] jepsen.util: 4	:ok	:broadcast	9
2023-05-29 22:16:25,677{GMT}	INFO	[jepsen worker 4] jepsen.util: 4	:invoke	:broadcast	10
2023-05-29 22:16:25,695{GMT}	INFO	[jepsen worker 4] jepsen.util: 4	:ok	:broadcast	10
2023-05-29 22:16:25,757{GMT}	INFO	[jepsen worker 2] jepsen.util: 2	:invoke	:read	nil
2023-05-29 22:16:25,771{GMT}	INFO	[jepsen worker 2] jepsen.util: 2	:ok	:read	[0 4 6 8]
2023-05-29 22:16:25,926{GMT}	INFO	[jepsen worker 2] jepsen.util: 2	:invoke	:read	nil
2023-05-29 22:16:25,936{GMT}	INFO	[jepsen worker 2] jepsen.util: 2	:ok	:read	[0 4 6 8]
2023-05-29 22:16:25,999{GMT}	INFO	[jepsen worker 2] jepsen.util: 2	:invoke	:broadcast	11
2023-05-29 22:16:26,008{GMT}	INFO	[jepsen worker 2] jepsen.util: 2	:ok	:broadcast	11
2023-05-29 22:16:26,125{GMT}	INFO	[jepsen worker 2] jepsen.util: 2	:invoke	:broadcast	12
2023-05-29 22:16:26,128{GMT}	INFO	[jepsen worker 2] jepsen.util: 2	:ok	:broadcast	12
2023-05-29 22:16:26,247{GMT}	INFO	[jepsen worker 4] jepsen.util: 4	:invoke	:broadcast	13
2023-05-29 22:16:26,259{GMT}	INFO	[jepsen worker 4] jepsen.util: 4	:ok	:broadcast	13
2023-05-29 22:16:26,366{GMT}	INFO	[jepsen worker 4] jepsen.util: 4	:invoke	:broadcast	14
2023-05-29 22:16:26,380{GMT}	INFO	[jepsen worker 4] jepsen.util: 4	:ok	:broadcast	14
2023-05-29 22:16:26,549{GMT}	INFO	[jepsen worker 2] jepsen.util: 2	:invoke	:read	nil
2023-05-29 22:16:26,555{GMT}	INFO	[jepsen worker 2] jepsen.util: 2	:ok	:read	[0 4 6 8 11 12]
2023-05-29 22:16:26,717{GMT}	INFO	[jepsen worker 2] jepsen.util: 2	:invoke	:broadcast	15
2023-05-29 22:16:26,737{GMT}	INFO	[jepsen worker 2] jepsen.util: 2	:ok	:broadcast	15
2023-05-29 22:16:26,916{GMT}	INFO	[jepsen worker 2] jepsen.util: 2	:invoke	:read	nil
2023-05-29 22:16:26,924{GMT}	INFO	[jepsen worker 2] jepsen.util: 2	:ok	:read	[0 4 6 8 11 12 15]
2023-05-29 22:16:27,023{GMT}	INFO	[jepsen worker 2] jepsen.util: 2	:invoke	:broadcast	16
2023-05-29 22:16:27,031{GMT}	INFO	[jepsen worker 2] jepsen.util: 2	:ok	:broadcast	16
2023-05-29 22:16:27,093{GMT}	INFO	[jepsen worker 4] jepsen.util: 4	:invoke	:read	nil
2023-05-29 22:16:27,096{GMT}	INFO	[jepsen worker 4] jepsen.util: 4	:ok	:read	[0 2 5 7 9 10 13 14]
2023-05-29 22:16:27,116{GMT}	INFO	[jepsen worker 4] jepsen.util: 4	:invoke	:broadcast	17
2023-05-29 22:16:27,119{GMT}	INFO	[jepsen worker 4] jepsen.util: 4	:ok	:broadcast	17
2023-05-29 22:16:27,302{GMT}	INFO	[jepsen worker 2] jepsen.util: 2	:invoke	:broadcast	18
2023-05-29 22:16:27,304{GMT}	INFO	[jepsen worker 2] jepsen.util: 2	:ok	:broadcast	18
2023-05-29 22:16:27,426{GMT}	INFO	[jepsen worker 2] jepsen.util: 2	:invoke	:read	nil
2023-05-29 22:16:27,437{GMT}	INFO	[jepsen worker 2] jepsen.util: 2	:ok	:read	[0 4 6 8 11 12 15 16 18]
2023-05-29 22:16:27,617{GMT}	INFO	[jepsen worker 2] jepsen.util: 2	:invoke	:broadcast	19
2023-05-29 22:16:27,630{GMT}	INFO	[jepsen worker 2] jepsen.util: 2	:ok	:broadcast	19
2023-05-29 22:16:27,635{GMT}	INFO	[jepsen worker 2] jepsen.util: 2	:invoke	:broadcast	20
2023-05-29 22:16:27,637{GMT}	INFO	[jepsen worker 4] jepsen.util: 4	:invoke	:read	nil
2023-05-29 22:16:27,646{GMT}	INFO	[jepsen worker 2] jepsen.util: 2	:ok	:broadcast	20
2023-05-29 22:16:27,651{GMT}	INFO	[jepsen worker 4] jepsen.util: 4	:ok	:read	[0 2 5 7 9 10 13 14 17]
2023-05-29 22:16:27,714{GMT}	INFO	[jepsen worker 4] jepsen.util: 4	:invoke	:read	nil
2023-05-29 22:16:27,717{GMT}	INFO	[jepsen worker 4] jepsen.util: 4	:ok	:read	[0 2 5 7 9 10 13 14 17]
2023-05-29 22:16:27,793{GMT}	INFO	[jepsen worker 1] jepsen.util: 1	:fail	:read	nil	:net-timeout
2023-05-29 22:16:27,854{GMT}	INFO	[jepsen worker 1] jepsen.util: 1	:invoke	:read	nil
2023-05-29 22:16:27,946{GMT}	INFO	[jepsen worker 3] jepsen.util: 3	:info	:broadcast	1	:net-timeout
2023-05-29 22:16:28,054{GMT}	INFO	[jepsen worker 2] jepsen.util: 2	:invoke	:read	nil
2023-05-29 22:16:28,061{GMT}	INFO	[jepsen worker 2] jepsen.util: 2	:ok	:read	[0 4 6 8 11 12 15 16 18 19 20]
2023-05-29 22:16:28,126{GMT}	INFO	[jepsen worker 2] jepsen.util: 2	:invoke	:broadcast	21
2023-05-29 22:16:28,145{GMT}	INFO	[jepsen worker 2] jepsen.util: 2	:ok	:broadcast	21
2023-05-29 22:16:28,194{GMT}	INFO	[jepsen worker 0] jepsen.util: 0	:info	:broadcast	3	:net-timeout
2023-05-29 22:16:28,283{GMT}	INFO	[jepsen worker 2] jepsen.util: 2	:invoke	:broadcast	22
2023-05-29 22:16:28,287{GMT}	INFO	[jepsen worker 2] jepsen.util: 2	:ok	:broadcast	22
2023-05-29 22:16:28,321{GMT}	INFO	[jepsen worker 3] jepsen.util: 8	:invoke	:read	nil
2023-05-29 22:16:28,336{GMT}	INFO	[jepsen worker 4] jepsen.util: 4	:invoke	:read	nil
2023-05-29 22:16:28,343{GMT}	INFO	[jepsen worker 4] jepsen.util: 4	:ok	:read	[0 2 5 7 9 10 13 14 17]
2023-05-29 22:16:28,361{GMT}	INFO	[jepsen worker 0] jepsen.util: 5	:invoke	:read	nil
2023-05-29 22:16:28,436{GMT}	INFO	[jepsen worker 2] jepsen.util: 2	:invoke	:broadcast	23
2023-05-29 22:16:28,446{GMT}	INFO	[jepsen worker 2] jepsen.util: 2	:ok	:broadcast	23
2023-05-29 22:16:28,530{GMT}	INFO	[jepsen worker 2] jepsen.util: 2	:invoke	:read	nil
2023-05-29 22:16:28,545{GMT}	INFO	[jepsen worker 2] jepsen.util: 2	:ok	:read	[0 4 6 8 11 12 15 16 18 19 20 21 22 23]
2023-05-29 22:16:28,705{GMT}	INFO	[jepsen worker 2] jepsen.util: 2	:invoke	:broadcast	24
2023-05-29 22:16:28,710{GMT}	INFO	[jepsen worker 2] jepsen.util: 2	:ok	:broadcast	24
2023-05-29 22:16:28,834{GMT}	INFO	[jepsen worker 4] jepsen.util: 4	:invoke	:read	nil
2023-05-29 22:16:28,837{GMT}	INFO	[jepsen worker 4] jepsen.util: 4	:ok	:read	[0 2 5 7 9 10 13 14 17]
2023-05-29 22:16:28,981{GMT}	INFO	[jepsen worker 4] jepsen.util: 4	:invoke	:read	nil
2023-05-29 22:16:28,993{GMT}	INFO	[jepsen worker 4] jepsen.util: 4	:ok	:read	[0 2 5 7 9 10 13 14 17]
2023-05-29 22:16:29,080{GMT}	INFO	[jepsen worker 2] jepsen.util: 2	:invoke	:read	nil
2023-05-29 22:16:29,082{GMT}	INFO	[jepsen worker 2] jepsen.util: 2	:ok	:read	[0 4 6 8 11 12 15 16 18 19 20 21 22 23 24]
2023-05-29 22:16:29,142{GMT}	INFO	[jepsen worker 2] jepsen.util: 2	:invoke	:broadcast	25
2023-05-29 22:16:29,144{GMT}	INFO	[jepsen worker 2] jepsen.util: 2	:ok	:broadcast	25
2023-05-29 22:16:29,203{GMT}	INFO	[jepsen worker 2] jepsen.util: 2	:invoke	:broadcast	26
2023-05-29 22:16:29,215{GMT}	INFO	[jepsen worker 2] jepsen.util: 2	:ok	:broadcast	26
2023-05-29 22:16:29,269{GMT}	INFO	[jepsen worker 2] jepsen.util: 2	:invoke	:read	nil
2023-05-29 22:16:29,277{GMT}	INFO	[jepsen worker 2] jepsen.util: 2	:ok	:read	[0 4 6 8 11 12 15 16 18 19 20 21 22 23 24 25 26]
2023-05-29 22:16:29,306{GMT}	INFO	[jepsen worker 4] jepsen.util: 4	:invoke	:read	nil
2023-05-29 22:16:29,317{GMT}	INFO	[jepsen worker 4] jepsen.util: 4	:ok	:read	[0 2 5 7 9 10 13 14 17]
2023-05-29 22:16:29,363{GMT}	INFO	[jepsen worker 4] jepsen.util: 4	:invoke	:broadcast	27
2023-05-29 22:16:29,365{GMT}	INFO	[jepsen worker 4] jepsen.util: 4	:ok	:broadcast	27
2023-05-29 22:16:29,465{GMT}	INFO	[jepsen worker 2] jepsen.util: 2	:invoke	:read	nil
2023-05-29 22:16:29,478{GMT}	INFO	[jepsen worker 2] jepsen.util: 2	:ok	:read	[0 4 6 8 11 12 15 16 18 19 20 21 22 23 24 25 26]
2023-05-29 22:16:29,580{GMT}	INFO	[jepsen worker 2] jepsen.util: 2	:invoke	:read	nil
2023-05-29 22:16:29,593{GMT}	INFO	[jepsen worker 2] jepsen.util: 2	:ok	:read	[0 4 6 8 11 12 15 16 18 19 20 21 22 23 24 25 26]
2023-05-29 22:16:29,627{GMT}	INFO	[jepsen worker 2] jepsen.util: 2	:invoke	:read	nil
2023-05-29 22:16:29,631{GMT}	INFO	[jepsen worker 2] jepsen.util: 2	:ok	:read	[0 4 6 8 11 12 15 16 18 19 20 21 22 23 24 25 26]
2023-05-29 22:16:29,819{GMT}	INFO	[jepsen worker 2] jepsen.util: 2	:invoke	:broadcast	28
2023-05-29 22:16:29,831{GMT}	INFO	[jepsen worker 2] jepsen.util: 2	:ok	:broadcast	28
2023-05-29 22:16:29,991{GMT}	INFO	[jepsen worker 4] jepsen.util: 4	:invoke	:read	nil
2023-05-29 22:16:30,006{GMT}	INFO	[jepsen worker 4] jepsen.util: 4	:ok	:read	[0 2 5 7 9 10 13 14 17 27]
2023-05-29 22:16:30,175{GMT}	INFO	[jepsen worker 4] jepsen.util: 4	:invoke	:read	nil
2023-05-29 22:16:30,192{GMT}	INFO	[jepsen worker 4] jepsen.util: 4	:ok	:read	[0 2 5 7 9 10 13 14 17 27]
2023-05-29 22:16:30,228{GMT}	INFO	[jepsen worker 2] jepsen.util: 2	:invoke	:broadcast	29
2023-05-29 22:16:30,230{GMT}	INFO	[jepsen worker 2] jepsen.util: 2	:ok	:broadcast	29
2023-05-29 22:16:30,392{GMT}	INFO	[jepsen worker 2] jepsen.util: 2	:invoke	:read	nil
2023-05-29 22:16:30,399{GMT}	INFO	[jepsen worker 2] jepsen.util: 2	:ok	:read	[0 4 6 8 11 12 15 16 18 19 20 21 22 23 24 25 26 28 29]
2023-05-29 22:16:30,428{GMT}	INFO	[jepsen worker 2] jepsen.util: 2	:invoke	:read	nil
2023-05-29 22:16:30,438{GMT}	INFO	[jepsen worker 2] jepsen.util: 2	:ok	:read	[0 4 6 8 11 12 15 16 18 19 20 21 22 23 24 25 26 28 29]
2023-05-29 22:16:30,584{GMT}	INFO	[jepsen worker 2] jepsen.util: 2	:invoke	:broadcast	30
2023-05-29 22:16:30,594{GMT}	INFO	[jepsen worker 2] jepsen.util: 2	:ok	:broadcast	30
2023-05-29 22:16:30,603{GMT}	INFO	[jepsen worker 4] jepsen.util: 4	:invoke	:broadcast	31
2023-05-29 22:16:30,624{GMT}	INFO	[jepsen worker 4] jepsen.util: 4	:ok	:broadcast	31
2023-05-29 22:16:30,796{GMT}	INFO	[jepsen worker 4] jepsen.util: 4	:invoke	:broadcast	32
2023-05-29 22:16:30,798{GMT}	INFO	[jepsen worker 4] jepsen.util: 4	:ok	:broadcast	32
2023-05-29 22:16:30,943{GMT}	INFO	[jepsen worker 2] jepsen.util: 2	:invoke	:read	nil
2023-05-29 22:16:30,953{GMT}	INFO	[jepsen worker 2] jepsen.util: 2	:ok	:read	[0 4 6 8 11 12 15 16 18 19 20 21 22 23 24 25 26 28 29 30]
2023-05-29 22:16:31,108{GMT}	INFO	[jepsen worker 2] jepsen.util: 2	:invoke	:broadcast	33
2023-05-29 22:16:31,125{GMT}	INFO	[jepsen worker 2] jepsen.util: 2	:ok	:broadcast	33
2023-05-29 22:16:31,245{GMT}	INFO	[jepsen worker 2] jepsen.util: 2	:invoke	:read	nil
2023-05-29 22:16:31,256{GMT}	INFO	[jepsen worker 2] jepsen.util: 2	:ok	:read	[0 4 6 8 11 12 15 16 18 19 20 21 22 23 24 25 26 28 29 30 33]
2023-05-29 22:16:31,285{GMT}	INFO	[jepsen worker 2] jepsen.util: 2	:invoke	:broadcast	34
2023-05-29 22:16:31,297{GMT}	INFO	[jepsen worker 2] jepsen.util: 2	:ok	:broadcast	34
2023-05-29 22:16:31,334{GMT}	INFO	[jepsen worker 4] jepsen.util: 4	:invoke	:read	nil
2023-05-29 22:16:31,336{GMT}	INFO	[jepsen worker 4] jepsen.util: 4	:ok	:read	[0 2 5 7 9 10 13 14 17 27 31 32]
2023-05-29 22:16:31,422{GMT}	INFO	[jepsen worker 4] jepsen.util: 4	:invoke	:broadcast	35
2023-05-29 22:16:31,424{GMT}	INFO	[jepsen worker 4] jepsen.util: 4	:ok	:broadcast	35
2023-05-29 22:16:31,608{GMT}	INFO	[jepsen worker 2] jepsen.util: 2	:invoke	:read	nil
2023-05-29 22:16:31,624{GMT}	INFO	[jepsen worker 2] jepsen.util: 2	:ok	:read	[0 4 6 8 11 12 15 16 18 19 20 21 22 23 24 25 26 28 29 30 33 34]
2023-05-29 22:16:31,666{GMT}	INFO	[jepsen worker 2] jepsen.util: 2	:invoke	:read	nil
2023-05-29 22:16:31,675{GMT}	INFO	[jepsen worker 2] jepsen.util: 2	:ok	:read	[0 4 6 8 11 12 15 16 18 19 20 21 22 23 24 25 26 28 29 30 33 34]
2023-05-29 22:16:31,749{GMT}	INFO	[jepsen worker 2] jepsen.util: 2	:invoke	:broadcast	36
2023-05-29 22:16:31,751{GMT}	INFO	[jepsen worker 2] jepsen.util: 2	:ok	:broadcast	36
2023-05-29 22:16:31,769{GMT}	INFO	[jepsen worker 2] jepsen.util: 2	:invoke	:read	nil
2023-05-29 22:16:31,772{GMT}	INFO	[jepsen worker 2] jepsen.util: 2	:ok	:read	[0 4 6 8 11 12 15 16 18 19 20 21 22 23 24 25 26 28 29 30 33 34 36]
2023-05-29 22:16:31,859{GMT}	INFO	[jepsen worker 4] jepsen.util: 4	:invoke	:read	nil
2023-05-29 22:16:31,869{GMT}	INFO	[jepsen worker 4] jepsen.util: 4	:ok	:read	[0 2 5 7 9 10 13 14 17 27 31 32 35]
2023-05-29 22:16:31,879{GMT}	INFO	[jepsen worker 4] jepsen.util: 4	:invoke	:broadcast	37
2023-05-29 22:16:31,896{GMT}	INFO	[jepsen worker 4] jepsen.util: 4	:ok	:broadcast	37
2023-05-29 22:16:31,967{GMT}	INFO	[jepsen worker 2] jepsen.util: 2	:invoke	:read	nil
2023-05-29 22:16:31,971{GMT}	INFO	[jepsen worker 2] jepsen.util: 2	:ok	:read	[0 4 6 8 11 12 15 16 18 19 20 21 22 23 24 25 26 28 29 30 33 34 36]
2023-05-29 22:16:32,017{GMT}	INFO	[jepsen worker 2] jepsen.util: 2	:invoke	:read	nil
2023-05-29 22:16:32,019{GMT}	INFO	[jepsen worker 2] jepsen.util: 2	:ok	:read	[0 4 6 8 11 12 15 16 18 19 20 21 22 23 24 25 26 28 29 30 33 34 36]
2023-05-29 22:16:32,117{GMT}	INFO	[jepsen worker 2] jepsen.util: 2	:invoke	:broadcast	38
2023-05-29 22:16:32,134{GMT}	INFO	[jepsen worker 2] jepsen.util: 2	:ok	:broadcast	38
2023-05-29 22:16:32,303{GMT}	INFO	[jepsen worker 2] jepsen.util: 2	:invoke	:broadcast	39
2023-05-29 22:16:32,305{GMT}	INFO	[jepsen worker 2] jepsen.util: 2	:ok	:broadcast	39
2023-05-29 22:16:32,307{GMT}	INFO	[jepsen worker 4] jepsen.util: 4	:invoke	:read	nil
2023-05-29 22:16:32,308{GMT}	INFO	[jepsen worker 4] jepsen.util: 4	:ok	:read	[0 2 5 7 9 10 13 14 17 27 31 32 35 37]
2023-05-29 22:16:32,492{GMT}	INFO	[jepsen worker 4] jepsen.util: 4	:invoke	:read	nil
2023-05-29 22:16:32,503{GMT}	INFO	[jepsen worker 4] jepsen.util: 4	:ok	:read	[0 2 5 7 9 10 13 14 17 27 31 32 35 37]
2023-05-29 22:16:32,585{GMT}	INFO	[jepsen worker 2] jepsen.util: 2	:invoke	:read	nil
2023-05-29 22:16:32,595{GMT}	INFO	[jepsen worker 2] jepsen.util: 2	:ok	:read	[0 4 6 8 11 12 15 16 18 19 20 21 22 23 24 25 26 28 29 30 33 34 36 38 39]
2023-05-29 22:16:32,722{GMT}	INFO	[jepsen worker 2] jepsen.util: 2	:invoke	:broadcast	40
2023-05-29 22:16:32,729{GMT}	INFO	[jepsen worker 4] jepsen.util: 4	:invoke	:broadcast	41
2023-05-29 22:16:32,729{GMT}	INFO	[jepsen worker 2] jepsen.util: 2	:ok	:broadcast	40
2023-05-29 22:16:32,740{GMT}	INFO	[jepsen worker 4] jepsen.util: 4	:ok	:broadcast	41
2023-05-29 22:16:32,743{GMT}	INFO	[jepsen worker 2] jepsen.util: 2	:invoke	:read	nil
2023-05-29 22:16:32,760{GMT}	INFO	[jepsen worker 2] jepsen.util: 2	:ok	:read	[0 4 6 8 11 12 15 16 18 19 20 21 22 23 24 25 26 28 29 30 33 34 36 38 39 40]
2023-05-29 22:16:32,859{GMT}	INFO	[jepsen worker 1] jepsen.util: 1	:fail	:read	nil	:net-timeout
2023-05-29 22:16:32,869{GMT}	INFO	[jepsen worker 4] jepsen.util: 4	:invoke	:broadcast	42
2023-05-29 22:16:32,880{GMT}	INFO	[jepsen worker 4] jepsen.util: 4	:ok	:broadcast	42
2023-05-29 22:16:32,992{GMT}	INFO	[jepsen worker 4] jepsen.util: 4	:invoke	:broadcast	43
2023-05-29 22:16:33,004{GMT}	INFO	[jepsen worker 4] jepsen.util: 4	:ok	:broadcast	43
2023-05-29 22:16:33,014{GMT}	INFO	[jepsen worker 1] jepsen.util: 1	:invoke	:read	nil
2023-05-29 22:16:33,062{GMT}	INFO	[jepsen worker 2] jepsen.util: 2	:invoke	:broadcast	44
2023-05-29 22:16:33,070{GMT}	INFO	[jepsen worker 2] jepsen.util: 2	:ok	:broadcast	44
2023-05-29 22:16:33,128{GMT}	INFO	[jepsen worker 2] jepsen.util: 2	:invoke	:read	nil
2023-05-29 22:16:33,128{GMT}	INFO	[jepsen worker 4] jepsen.util: 4	:invoke	:read	nil
2023-05-29 22:16:33,130{GMT}	INFO	[jepsen worker 2] jepsen.util: 2	:ok	:read	[0 4 6 8 11 12 15 16 18 19 20 21 22 23 24 25 26 28 29 30 33 34 36 38 39 40 44]
2023-05-29 22:16:33,130{GMT}	INFO	[jepsen worker 4] jepsen.util: 4	:ok	:read	[0 2 5 7 9 10 13 14 17 27 31 32 35 37 41 42 43]
2023-05-29 22:16:33,190{GMT}	INFO	[jepsen worker 4] jepsen.util: 4	:invoke	:broadcast	45
2023-05-29 22:16:33,192{GMT}	INFO	[jepsen worker 4] jepsen.util: 4	:ok	:broadcast	45
2023-05-29 22:16:33,323{GMT}	INFO	[jepsen worker 3] jepsen.util: 8	:fail	:read	nil	:net-timeout
2023-05-29 22:16:33,331{GMT}	INFO	[jepsen worker 4] jepsen.util: 4	:invoke	:broadcast	46
2023-05-29 22:16:33,341{GMT}	INFO	[jepsen worker 4] jepsen.util: 4	:ok	:broadcast	46
2023-05-29 22:16:33,363{GMT}	INFO	[jepsen worker 0] jepsen.util: 5	:fail	:read	nil	:net-timeout
2023-05-29 22:16:33,395{GMT}	INFO	[jepsen worker 0] jepsen.util: 5	:invoke	:read	nil
2023-05-29 22:16:33,491{GMT}	INFO	[jepsen worker 2] jepsen.util: 2	:invoke	:read	nil
2023-05-29 22:16:33,498{GMT}	INFO	[jepsen worker 2] jepsen.util: 2	:ok	:read	[0 4 6 8 11 12 15 16 18 19 20 21 22 23 24 25 26 28 29 30 33 34 36 38 39 40 44]
2023-05-29 22:16:33,692{GMT}	INFO	[jepsen worker 2] jepsen.util: 2	:invoke	:broadcast	47
2023-05-29 22:16:33,699{GMT}	INFO	[jepsen worker 2] jepsen.util: 2	:ok	:broadcast	47
2023-05-29 22:16:33,742{GMT}	INFO	[jepsen worker 2] jepsen.util: 2	:invoke	:broadcast	48
2023-05-29 22:16:33,744{GMT}	INFO	[jepsen worker 2] jepsen.util: 2	:ok	:broadcast	48
2023-05-29 22:16:33,817{GMT}	INFO	[jepsen worker 3] jepsen.util: 8	:invoke	:broadcast	49
2023-05-29 22:16:33,992{GMT}	INFO	[jepsen worker 4] jepsen.util: 4	:invoke	:read	nil
2023-05-29 22:16:34,012{GMT}	INFO	[jepsen worker 4] jepsen.util: 4	:ok	:read	[0 2 5 7 9 10 13 14 17 27 31 32 35 37 41 42 43 45 46]
2023-05-29 22:16:34,152{GMT}	INFO	[jepsen worker 2] jepsen.util: 2	:invoke	:broadcast	50
2023-05-29 22:16:34,154{GMT}	INFO	[jepsen worker 2] jepsen.util: 2	:ok	:broadcast	50
2023-05-29 22:16:34,321{GMT}	INFO	[jepsen worker 2] jepsen.util: 2	:invoke	:read	nil
2023-05-29 22:16:34,330{GMT}	INFO	[jepsen worker 2] jepsen.util: 2	:ok	:read	[0 4 6 8 11 12 15 16 18 19 20 21 22 23 24 25 26 28 29 30 33 34 36 38 39 40 44 47 48 50]
2023-05-29 22:16:34,489{GMT}	INFO	[jepsen worker 2] jepsen.util: 2	:invoke	:read	nil
2023-05-29 22:16:34,509{GMT}	INFO	[jepsen worker 2] jepsen.util: 2	:ok	:read	[0 4 6 8 11 12 15 16 18 19 20 21 22 23 24 25 26 28 29 30 33 34 36 38 39 40 44 47 48 50]
2023-05-29 22:16:34,557{GMT}	INFO	[jepsen worker 2] jepsen.util: 2	:invoke	:broadcast	51
2023-05-29 22:16:34,563{GMT}	INFO	[jepsen worker 2] jepsen.util: 2	:ok	:broadcast	51
2023-05-29 22:16:34,648{GMT}	INFO	[jepsen worker 2] jepsen.util: 2	:invoke	:broadcast	53
2023-05-29 22:16:34,648{GMT}	INFO	[jepsen worker 4] jepsen.util: 4	:invoke	:broadcast	52
2023-05-29 22:16:34,651{GMT}	INFO	[jepsen worker 2] jepsen.util: 2	:ok	:broadcast	53
2023-05-29 22:16:34,651{GMT}	INFO	[jepsen worker 4] jepsen.util: 4	:ok	:broadcast	52
2023-05-29 22:16:34,678{GMT}	INFO	[jepsen worker 2] jepsen.util: 2	:invoke	:read	nil
2023-05-29 22:16:34,680{GMT}	INFO	[jepsen worker 2] jepsen.util: 2	:ok	:read	[0 4 6 8 11 12 15 16 18 19 20 21 22 23 24 25 26 28 29 30 33 34 36 38 39 40 44 47 48 50 51 53]
2023-05-29 22:16:34,807{GMT}	INFO	[jepsen worker 2] jepsen.util: 2	:invoke	:broadcast	54
2023-05-29 22:16:34,821{GMT}	INFO	[jepsen worker 2] jepsen.util: 2	:ok	:broadcast	54
2023-05-29 22:16:34,950{GMT}	INFO	[jepsen worker 2] jepsen.util: 2	:invoke	:read	nil
2023-05-29 22:16:34,952{GMT}	INFO	[jepsen worker 2] jepsen.util: 2	:ok	:read	[0 4 6 8 11 12 15 16 18 19 20 21 22 23 24 25 26 28 29 30 33 34 36 38 39 40 44 47 48 50 51 53 54]
2023-05-29 22:16:35,148{GMT}	INFO	[jepsen worker 2] jepsen.util: 2	:invoke	:read	nil
2023-05-29 22:16:35,160{GMT}	INFO	[jepsen worker 2] jepsen.util: 2	:ok	:read	[0 4 6 8 11 12 15 16 18 19 20 21 22 23 24 25 26 28 29 30 33 34 36 38 39 40 44 47 48 50 51 53 54]
2023-05-29 22:16:35,323{GMT}	INFO	[jepsen worker 4] jepsen.util: 4	:invoke	:read	nil
2023-05-29 22:16:35,346{GMT}	INFO	[jepsen worker 2] jepsen.util: 2	:invoke	:read	nil
2023-05-29 22:16:35,346{GMT}	INFO	[jepsen worker 4] jepsen.util: 4	:ok	:read	[0 2 5 7 9 10 13 14 17 27 31 32 35 37 41 42 43 45 46 52]
2023-05-29 22:16:35,359{GMT}	INFO	[jepsen worker 2] jepsen.util: 2	:ok	:read	[0 4 6 8 11 12 15 16 18 19 20 21 22 23 24 25 26 28 29 30 33 34 36 38 39 40 44 47 48 50 51 53 54]
2023-05-29 22:16:35,377{GMT}	INFO	[jepsen worker 2] jepsen.util: 2	:invoke	:read	nil
2023-05-29 22:16:35,379{GMT}	INFO	[jepsen worker 2] jepsen.util: 2	:ok	:read	[0 4 6 8 11 12 15 16 18 19 20 21 22 23 24 25 26 28 29 30 33 34 36 38 39 40 44 47 48 50 51 53 54]
2023-05-29 22:16:35,557{GMT}	INFO	[jepsen worker 2] jepsen.util: 2	:invoke	:read	nil
2023-05-29 22:16:35,566{GMT}	INFO	[jepsen worker 2] jepsen.util: 2	:ok	:read	[0 4 6 8 11 12 15 16 18 19 20 21 22 23 24 25 26 28 29 30 33 34 36 38 39 40 44 47 48 50 51 53 54]
2023-05-29 22:16:35,626{GMT}	INFO	[jepsen worker 2] jepsen.util: 2	:invoke	:broadcast	55
2023-05-29 22:16:35,642{GMT}	INFO	[jepsen worker 2] jepsen.util: 2	:ok	:broadcast	55
2023-05-29 22:16:35,700{GMT}	INFO	[jepsen worker 2] jepsen.util: 2	:invoke	:read	nil
2023-05-29 22:16:35,714{GMT}	INFO	[jepsen worker 2] jepsen.util: 2	:ok	:read	[0 4 6 8 11 12 15 16 18 19 20 21 22 23 24 25 26 28 29 30 33 34 36 38 39 40 44 47 48 50 51 53 54 55]
2023-05-29 22:16:35,767{GMT}	INFO	[jepsen worker 4] jepsen.util: 4	:invoke	:broadcast	56
2023-05-29 22:16:35,769{GMT}	INFO	[jepsen worker 4] jepsen.util: 4	:ok	:broadcast	56
2023-05-29 22:16:35,950{GMT}	INFO	[jepsen worker 4] jepsen.util: 4	:invoke	:read	nil
2023-05-29 22:16:35,961{GMT}	INFO	[jepsen worker 4] jepsen.util: 4	:ok	:read	[0 2 5 7 9 10 13 14 17 27 31 32 35 37 41 42 43 45 46 52 56]
2023-05-29 22:16:36,097{GMT}	INFO	[jepsen worker 2] jepsen.util: 2	:invoke	:read	nil
2023-05-29 22:16:36,099{GMT}	INFO	[jepsen worker 2] jepsen.util: 2	:ok	:read	[0 4 6 8 11 12 15 16 18 19 20 21 22 23 24 25 26 28 29 30 33 34 36 38 39 40 44 47 48 50 51 53 54 55]
2023-05-29 22:16:36,252{GMT}	INFO	[jepsen worker 2] jepsen.util: 2	:invoke	:read	nil
2023-05-29 22:16:36,263{GMT}	INFO	[jepsen worker 2] jepsen.util: 2	:ok	:read	[0 4 6 8 11 12 15 16 18 19 20 21 22 23 24 25 26 28 29 30 33 34 36 38 39 40 44 47 48 50 51 53 54 55]
2023-05-29 22:16:36,347{GMT}	INFO	[jepsen worker 2] jepsen.util: 2	:invoke	:read	nil
2023-05-29 22:16:36,362{GMT}	INFO	[jepsen worker 2] jepsen.util: 2	:ok	:read	[0 4 6 8 11 12 15 16 18 19 20 21 22 23 24 25 26 28 29 30 33 34 36 38 39 40 44 47 48 50 51 53 54 55]
2023-05-29 22:16:36,443{GMT}	INFO	[jepsen worker 2] jepsen.util: 2	:invoke	:broadcast	57
2023-05-29 22:16:36,445{GMT}	INFO	[jepsen worker 2] jepsen.util: 2	:ok	:broadcast	57
2023-05-29 22:16:36,514{GMT}	INFO	[jepsen worker 4] jepsen.util: 4	:invoke	:read	nil
2023-05-29 22:16:36,526{GMT}	INFO	[jepsen worker 4] jepsen.util: 4	:ok	:read	[0 2 5 7 9 10 13 14 17 27 31 32 35 37 41 42 43 45 46 52 56]
2023-05-29 22:16:36,590{GMT}	INFO	[jepsen worker 4] jepsen.util: 4	:invoke	:broadcast	58
2023-05-29 22:16:36,609{GMT}	INFO	[jepsen worker 4] jepsen.util: 4	:ok	:broadcast	58
2023-05-29 22:16:36,631{GMT}	INFO	[jepsen worker 2] jepsen.util: 2	:invoke	:broadcast	59
2023-05-29 22:16:36,633{GMT}	INFO	[jepsen worker 2] jepsen.util: 2	:ok	:broadcast	59
2023-05-29 22:16:36,686{GMT}	INFO	[jepsen worker 2] jepsen.util: 2	:invoke	:broadcast	60
2023-05-29 22:16:36,688{GMT}	INFO	[jepsen worker 2] jepsen.util: 2	:ok	:broadcast	60
2023-05-29 22:16:36,832{GMT}	INFO	[jepsen worker 2] jepsen.util: 2	:invoke	:read	nil
2023-05-29 22:16:36,845{GMT}	INFO	[jepsen worker 2] jepsen.util: 2	:ok	:read	[0 4 6 8 11 12 15 16 18 19 20 21 22 23 24 25 26 28 29 30 33 34 36 38 39 40 44 47 48 50 51 53 54 55 57 59 60]
2023-05-29 22:16:36,992{GMT}	INFO	[jepsen worker 2] jepsen.util: 2	:invoke	:broadcast	61
2023-05-29 22:16:36,993{GMT}	INFO	[jepsen worker 2] jepsen.util: 2	:ok	:broadcast	61
2023-05-29 22:16:37,090{GMT}	INFO	[jepsen worker 4] jepsen.util: 4	:invoke	:read	nil
2023-05-29 22:16:37,100{GMT}	INFO	[jepsen worker 4] jepsen.util: 4	:ok	:read	[0 2 5 7 9 10 13 14 17 27 31 32 35 37 41 42 43 45 46 52 56 58]
2023-05-29 22:16:37,133{GMT}	INFO	[jepsen worker 4] jepsen.util: 4	:invoke	:read	nil
2023-05-29 22:16:37,137{GMT}	INFO	[jepsen worker 4] jepsen.util: 4	:ok	:read	[0 2 5 7 9 10 13 14 17 27 31 32 35 37 41 42 43 45 46 52 56 58]
2023-05-29 22:16:37,216{GMT}	INFO	[jepsen worker 2] jepsen.util: 2	:invoke	:broadcast	62
2023-05-29 22:16:37,218{GMT}	INFO	[jepsen worker 2] jepsen.util: 2	:ok	:broadcast	62
2023-05-29 22:16:37,399{GMT}	INFO	[jepsen worker 2] jepsen.util: 2	:invoke	:read	nil
2023-05-29 22:16:37,412{GMT}	INFO	[jepsen worker 2] jepsen.util: 2	:ok	:read	[0 4 6 8 11 12 15 16 18 19 20 21 22 23 24 25 26 28 29 30 33 34 36 38 39 40 44 47 48 50 51 53 54 55 57 59 60 61 62]
2023-05-29 22:16:37,468{GMT}	INFO	[jepsen worker 2] jepsen.util: 2	:invoke	:read	nil
2023-05-29 22:16:37,476{GMT}	INFO	[jepsen worker 2] jepsen.util: 2	:ok	:read	[0 4 6 8 11 12 15 16 18 19 20 21 22 23 24 25 26 28 29 30 33 34 36 38 39 40 44 47 48 50 51 53 54 55 57 59 60 61 62]
2023-05-29 22:16:37,615{GMT}	INFO	[jepsen worker 2] jepsen.util: 2	:invoke	:broadcast	63
2023-05-29 22:16:37,616{GMT}	INFO	[jepsen worker 2] jepsen.util: 2	:ok	:broadcast	63
2023-05-29 22:16:37,637{GMT}	INFO	[jepsen worker 4] jepsen.util: 4	:invoke	:broadcast	64
2023-05-29 22:16:37,647{GMT}	INFO	[jepsen worker 4] jepsen.util: 4	:ok	:broadcast	64
2023-05-29 22:16:37,674{GMT}	INFO	[jepsen worker 4] jepsen.util: 4	:invoke	:read	nil
2023-05-29 22:16:37,688{GMT}	INFO	[jepsen worker 4] jepsen.util: 4	:ok	:read	[0 2 5 7 9 10 13 14 17 27 31 32 35 37 41 42 43 45 46 52 56 58 64]
2023-05-29 22:16:37,709{GMT}	INFO	[jepsen worker 2] jepsen.util: 2	:invoke	:read	nil
2023-05-29 22:16:37,720{GMT}	INFO	[jepsen worker 2] jepsen.util: 2	:ok	:read	[0 4 6 8 11 12 15 16 18 19 20 21 22 23 24 25 26 28 29 30 33 34 36 38 39 40 44 47 48 50 51 53 54 55 57 59 60 61 62 63]
2023-05-29 22:16:37,747{GMT}	INFO	[jepsen worker 2] jepsen.util: 2	:invoke	:broadcast	65
2023-05-29 22:16:37,751{GMT}	INFO	[jepsen worker 2] jepsen.util: 2	:ok	:broadcast	65
2023-05-29 22:16:37,947{GMT}	INFO	[jepsen worker 2] jepsen.util: 2	:invoke	:broadcast	66
2023-05-29 22:16:37,953{GMT}	INFO	[jepsen worker 2] jepsen.util: 2	:ok	:broadcast	66
2023-05-29 22:16:38,014{GMT}	INFO	[jepsen worker 1] jepsen.util: 1	:fail	:read	nil	:net-timeout
2023-05-29 22:16:38,117{GMT}	INFO	[jepsen worker 2] jepsen.util: 2	:invoke	:read	nil
2023-05-29 22:16:38,119{GMT}	INFO	[jepsen worker 2] jepsen.util: 2	:ok	:read	[0 4 6 8 11 12 15 16 18 19 20 21 22 23 24 25 26 28 29 30 33 34 36 38 39 40 44 47 48 50 51 53 54 55 57 59 60 61 62 63 65 66]
2023-05-29 22:16:38,121{GMT}	INFO	[jepsen worker 4] jepsen.util: 4	:invoke	:broadcast	67
2023-05-29 22:16:38,122{GMT}	INFO	[jepsen worker 4] jepsen.util: 4	:ok	:broadcast	67
2023-05-29 22:16:38,171{GMT}	INFO	[jepsen worker 4] jepsen.util: 4	:invoke	:broadcast	68
2023-05-29 22:16:38,180{GMT}	INFO	[jepsen worker 4] jepsen.util: 4	:ok	:broadcast	68
2023-05-29 22:16:38,333{GMT}	INFO	[jepsen worker 1] jepsen.util: 1	:invoke	:broadcast	69
2023-05-29 22:16:38,398{GMT}	INFO	[jepsen worker 0] jepsen.util: 5	:fail	:read	nil	:net-timeout
2023-05-29 22:16:38,457{GMT}	INFO	[jepsen worker 0] jepsen.util: 5	:invoke	:read	nil
2023-05-29 22:16:38,609{GMT}	INFO	[jepsen worker 2] jepsen.util: 2	:invoke	:read	nil
2023-05-29 22:16:38,618{GMT}	INFO	[jepsen worker 2] jepsen.util: 2	:ok	:read	[0 4 6 8 11 12 15 16 18 19 20 21 22 23 24 25 26 28 29 30 33 34 36 38 39 40 44 47 48 50 51 53 54 55 57 59 60 61 62 63 65 66]
2023-05-29 22:16:38,715{GMT}	INFO	[jepsen worker 2] jepsen.util: 2	:invoke	:read	nil
2023-05-29 22:16:38,717{GMT}	INFO	[jepsen worker 2] jepsen.util: 2	:ok	:read	[0 4 6 8 11 12 15 16 18 19 20 21 22 23 24 25 26 28 29 30 33 34 36 38 39 40 44 47 48 50 51 53 54 55 57 59 60 61 62 63 65 66]
2023-05-29 22:16:38,822{GMT}	INFO	[jepsen worker 3] jepsen.util: 8	:info	:broadcast	49	:net-timeout
2023-05-29 22:16:38,857{GMT}	INFO	[jepsen worker 3] jepsen.util: 13	:invoke	:read	nil
2023-05-29 22:16:38,870{GMT}	INFO	[jepsen worker 4] jepsen.util: 4	:invoke	:read	nil
2023-05-29 22:16:38,877{GMT}	INFO	[jepsen worker 4] jepsen.util: 4	:ok	:read	[0 2 5 7 9 10 13 14 17 27 31 32 35 37 41 42 43 45 46 52 56 58 64 67 68]
2023-05-29 22:16:38,940{GMT}	INFO	[jepsen worker 2] jepsen.util: 2	:invoke	:read	nil
2023-05-29 22:16:38,942{GMT}	INFO	[jepsen worker 2] jepsen.util: 2	:ok	:read	[0 4 6 8 11 12 15 16 18 19 20 21 22 23 24 25 26 28 29 30 33 34 36 38 39 40 44 47 48 50 51 53 54 55 57 59 60 61 62 63 65 66]
2023-05-29 22:16:39,058{GMT}	INFO	[jepsen worker 2] jepsen.util: 2	:invoke	:broadcast	70
2023-05-29 22:16:39,067{GMT}	INFO	[jepsen worker 2] jepsen.util: 2	:ok	:broadcast	70
2023-05-29 22:16:39,095{GMT}	INFO	[jepsen worker 2] jepsen.util: 2	:invoke	:broadcast	71
2023-05-29 22:16:39,108{GMT}	INFO	[jepsen worker 4] jepsen.util: 4	:invoke	:read	nil
2023-05-29 22:16:39,108{GMT}	INFO	[jepsen worker 2] jepsen.util: 2	:ok	:broadcast	71
2023-05-29 22:16:39,120{GMT}	INFO	[jepsen worker 4] jepsen.util: 4	:ok	:read	[0 2 5 7 9 10 13 14 17 27 31 32 35 37 41 42 43 45 46 52 56 58 64 67 68]
2023-05-29 22:16:39,185{GMT}	INFO	[jepsen worker 4] jepsen.util: 4	:invoke	:read	nil
2023-05-29 22:16:39,187{GMT}	INFO	[jepsen worker 4] jepsen.util: 4	:ok	:read	[0 2 5 7 9 10 13 14 17 27 31 32 35 37 41 42 43 45 46 52 56 58 64 67 68]
2023-05-29 22:16:39,248{GMT}	INFO	[jepsen worker 4] jepsen.util: 4	:invoke	:read	nil
2023-05-29 22:16:39,250{GMT}	INFO	[jepsen worker 4] jepsen.util: 4	:ok	:read	[0 2 5 7 9 10 13 14 17 27 31 32 35 37 41 42 43 45 46 52 56 58 64 67 68]
2023-05-29 22:16:39,371{GMT}	INFO	[jepsen worker 2] jepsen.util: 2	:invoke	:broadcast	72
2023-05-29 22:16:39,377{GMT}	INFO	[jepsen worker 2] jepsen.util: 2	:ok	:broadcast	72
2023-05-29 22:16:39,398{GMT}	INFO	[jepsen worker 2] jepsen.util: 2	:invoke	:read	nil
2023-05-29 22:16:39,400{GMT}	INFO	[jepsen worker 2] jepsen.util: 2	:ok	:read	[0 4 6 8 11 12 15 16 18 19 20 21 22 23 24 25 26 28 29 30 33 34 36 38 39 40 44 47 48 50 51 53 54 55 57 59 60 61 62 63 65 66 70 71 72]
2023-05-29 22:16:39,490{GMT}	INFO	[jepsen worker 2] jepsen.util: 2	:invoke	:read	nil
2023-05-29 22:16:39,492{GMT}	INFO	[jepsen worker 2] jepsen.util: 2	:ok	:read	[0 4 6 8 11 12 15 16 18 19 20 21 22 23 24 25 26 28 29 30 33 34 36 38 39 40 44 47 48 50 51 53 54 55 57 59 60 61 62 63 65 66 70 71 72]
2023-05-29 22:16:39,622{GMT}	INFO	[jepsen worker 2] jepsen.util: 2	:invoke	:broadcast	73
2023-05-29 22:16:39,633{GMT}	INFO	[jepsen worker 2] jepsen.util: 2	:ok	:broadcast	73
2023-05-29 22:16:39,697{GMT}	INFO	[jepsen worker 4] jepsen.util: 4	:invoke	:broadcast	74
2023-05-29 22:16:39,699{GMT}	INFO	[jepsen worker 4] jepsen.util: 4	:ok	:broadcast	74
2023-05-29 22:16:39,826{GMT}	INFO	[jepsen worker 4] jepsen.util: 4	:invoke	:broadcast	75
2023-05-29 22:16:39,831{GMT}	INFO	[jepsen worker 4] jepsen.util: 4	:ok	:broadcast	75
2023-05-29 22:16:39,986{GMT}	INFO	[jepsen worker 2] jepsen.util: 2	:invoke	:read	nil
2023-05-29 22:16:39,999{GMT}	INFO	[jepsen worker 2] jepsen.util: 2	:ok	:read	[0 4 6 8 11 12 15 16 18 19 20 21 22 23 24 25 26 28 29 30 33 34 36 38 39 40 44 47 48 50 51 53 54 55 57 59 60 61 62 63 65 66 70 71 72 73]
2023-05-29 22:16:40,079{GMT}	INFO	[jepsen worker 2] jepsen.util: 2	:invoke	:broadcast	76
2023-05-29 22:16:40,093{GMT}	INFO	[jepsen worker 4] jepsen.util: 4	:invoke	:read	nil
2023-05-29 22:16:40,093{GMT}	INFO	[jepsen worker 2] jepsen.util: 2	:ok	:broadcast	76
2023-05-29 22:16:40,105{GMT}	INFO	[jepsen worker 4] jepsen.util: 4	:ok	:read	[0 2 5 7 9 10 13 14 17 27 31 32 35 37 41 42 43 45 46 52 56 58 64 67 68 74 75]
2023-05-29 22:16:40,179{GMT}	INFO	[jepsen worker 2] jepsen.util: 2	:invoke	:broadcast	77
2023-05-29 22:16:40,182{GMT}	INFO	[jepsen worker 2] jepsen.util: 2	:ok	:broadcast	77
2023-05-29 22:16:40,207{GMT}	INFO	[jepsen worker 4] jepsen.util: 4	:invoke	:read	nil
2023-05-29 22:16:40,209{GMT}	INFO	[jepsen worker 4] jepsen.util: 4	:ok	:read	[0 2 5 7 9 10 13 14 17 27 31 32 35 37 41 42 43 45 46 52 56 58 64 67 68 74 75]
2023-05-29 22:16:40,378{GMT}	INFO	[jepsen worker 4] jepsen.util: 4	:invoke	:broadcast	78
2023-05-29 22:16:40,382{GMT}	INFO	[jepsen worker 4] jepsen.util: 4	:ok	:broadcast	78
2023-05-29 22:16:40,509{GMT}	INFO	[jepsen worker 2] jepsen.util: 2	:invoke	:read	nil
2023-05-29 22:16:40,515{GMT}	INFO	[jepsen worker 2] jepsen.util: 2	:ok	:read	[0 4 6 8 11 12 15 16 18 19 20 21 22 23 24 25 26 28 29 30 33 34 36 38 39 40 44 47 48 50 51 53 54 55 57 59 60 61 62 63 65 66 70 71 72 73 76 77]
2023-05-29 22:16:40,546{GMT}	INFO	[jepsen worker 2] jepsen.util: 2	:invoke	:read	nil
2023-05-29 22:16:40,553{GMT}	INFO	[jepsen worker 2] jepsen.util: 2	:ok	:read	[0 4 6 8 11 12 15 16 18 19 20 21 22 23 24 25 26 28 29 30 33 34 36 38 39 40 44 47 48 50 51 53 54 55 57 59 60 61 62 63 65 66 70 71 72 73 76 77]
2023-05-29 22:16:40,651{GMT}	INFO	[jepsen worker 2] jepsen.util: 2	:invoke	:broadcast	79
2023-05-29 22:16:40,653{GMT}	INFO	[jepsen worker 2] jepsen.util: 2	:ok	:broadcast	79
2023-05-29 22:16:40,714{GMT}	INFO	[jepsen worker 2] jepsen.util: 2	:invoke	:read	nil
2023-05-29 22:16:40,716{GMT}	INFO	[jepsen worker 2] jepsen.util: 2	:ok	:read	[0 4 6 8 11 12 15 16 18 19 20 21 22 23 24 25 26 28 29 30 33 34 36 38 39 40 44 47 48 50 51 53 54 55 57 59 60 61 62 63 65 66 70 71 72 73 76 77 79]
2023-05-29 22:16:40,826{GMT}	INFO	[jepsen worker 4] jepsen.util: 4	:invoke	:broadcast	80
2023-05-29 22:16:40,839{GMT}	INFO	[jepsen worker 4] jepsen.util: 4	:ok	:broadcast	80
2023-05-29 22:16:40,865{GMT}	INFO	[jepsen worker 4] jepsen.util: 4	:invoke	:read	nil
2023-05-29 22:16:40,886{GMT}	INFO	[jepsen worker 4] jepsen.util: 4	:ok	:read	[0 2 5 7 9 10 13 14 17 27 31 32 35 37 41 42 43 45 46 52 56 58 64 67 68 74 75 78 80]
2023-05-29 22:16:40,960{GMT}	INFO	[jepsen worker 2] jepsen.util: 2	:invoke	:read	nil
2023-05-29 22:16:40,963{GMT}	INFO	[jepsen worker 2] jepsen.util: 2	:ok	:read	[0 4 6 8 11 12 15 16 18 19 20 21 22 23 24 25 26 28 29 30 33 34 36 38 39 40 44 47 48 50 51 53 54 55 57 59 60 61 62 63 65 66 70 71 72 73 76 77 79]
2023-05-29 22:16:41,140{GMT}	INFO	[jepsen worker 2] jepsen.util: 2	:invoke	:read	nil
2023-05-29 22:16:41,151{GMT}	INFO	[jepsen worker 2] jepsen.util: 2	:ok	:read	[0 4 6 8 11 12 15 16 18 19 20 21 22 23 24 25 26 28 29 30 33 34 36 38 39 40 44 47 48 50 51 53 54 55 57 59 60 61 62 63 65 66 70 71 72 73 76 77 79]
2023-05-29 22:16:41,216{GMT}	INFO	[jepsen worker 2] jepsen.util: 2	:invoke	:read	nil
2023-05-29 22:16:41,223{GMT}	INFO	[jepsen worker 4] jepsen.util: 4	:invoke	:broadcast	81
2023-05-29 22:16:41,226{GMT}	INFO	[jepsen worker 2] jepsen.util: 2	:ok	:read	[0 4 6 8 11 12 15 16 18 19 20 21 22 23 24 25 26 28 29 30 33 34 36 38 39 40 44 47 48 50 51 53 54 55 57 59 60 61 62 63 65 66 70 71 72 73 76 77 79]
2023-05-29 22:16:41,233{GMT}	INFO	[jepsen worker 4] jepsen.util: 4	:ok	:broadcast	81
2023-05-29 22:16:41,407{GMT}	INFO	[jepsen worker 4] jepsen.util: 4	:invoke	:broadcast	82
2023-05-29 22:16:41,408{GMT}	INFO	[jepsen worker 4] jepsen.util: 4	:ok	:broadcast	82
2023-05-29 22:16:41,544{GMT}	INFO	[jepsen worker 4] jepsen.util: 4	:invoke	:broadcast	83
2023-05-29 22:16:41,545{GMT}	INFO	[jepsen worker 4] jepsen.util: 4	:ok	:broadcast	83
2023-05-29 22:16:41,568{GMT}	INFO	[jepsen worker 2] jepsen.util: 2	:invoke	:read	nil
2023-05-29 22:16:41,570{GMT}	INFO	[jepsen worker 2] jepsen.util: 2	:ok	:read	[0 4 6 8 11 12 15 16 18 19 20 21 22 23 24 25 26 28 29 30 33 34 36 38 39 40 44 47 48 50 51 53 54 55 57 59 60 61 62 63 65 66 70 71 72 73 76 77 79]
2023-05-29 22:16:41,690{GMT}	INFO	[jepsen worker 2] jepsen.util: 2	:invoke	:read	nil
2023-05-29 22:16:41,697{GMT}	INFO	[jepsen worker 2] jepsen.util: 2	:ok	:read	[0 4 6 8 11 12 15 16 18 19 20 21 22 23 24 25 26 28 29 30 33 34 36 38 39 40 44 47 48 50 51 53 54 55 57 59 60 61 62 63 65 66 70 71 72 73 76 77 79]
2023-05-29 22:16:41,799{GMT}	INFO	[jepsen worker 2] jepsen.util: 2	:invoke	:broadcast	84
2023-05-29 22:16:41,802{GMT}	INFO	[jepsen worker 2] jepsen.util: 2	:ok	:broadcast	84
2023-05-29 22:16:41,991{GMT}	INFO	[jepsen worker 2] jepsen.util: 2	:invoke	:read	nil
2023-05-29 22:16:42,006{GMT}	INFO	[jepsen worker 2] jepsen.util: 2	:ok	:read	[0 4 6 8 11 12 15 16 18 19 20 21 22 23 24 25 26 28 29 30 33 34 36 38 39 40 44 47 48 50 51 53 54 55 57 59 60 61 62 63 65 66 70 71 72 73 76 77 79 84]
2023-05-29 22:16:42,140{GMT}	INFO	[jepsen worker 4] jepsen.util: 4	:invoke	:read	nil
2023-05-29 22:16:42,143{GMT}	INFO	[jepsen worker 4] jepsen.util: 4	:ok	:read	[0 2 5 7 9 10 13 14 17 27 31 32 35 37 41 42 43 45 46 52 56 58 64 67 68 74 75 78 80 81 82 83]
2023-05-29 22:16:42,156{GMT}	INFO	[jepsen worker 4] jepsen.util: 4	:invoke	:read	nil
2023-05-29 22:16:42,171{GMT}	INFO	[jepsen worker 4] jepsen.util: 4	:ok	:read	[0 2 5 7 9 10 13 14 17 27 31 32 35 37 41 42 43 45 46 52 56 58 64 67 68 74 75 78 80 81 82 83]
2023-05-29 22:16:42,357{GMT}	INFO	[jepsen worker 2] jepsen.util: 2	:invoke	:read	nil
2023-05-29 22:16:42,371{GMT}	INFO	[jepsen worker 2] jepsen.util: 2	:ok	:read	[0 4 6 8 11 12 15 16 18 19 20 21 22 23 24 25 26 28 29 30 33 34 36 38 39 40 44 47 48 50 51 53 54 55 57 59 60 61 62 63 65 66 70 71 72 73 76 77 79 84]
2023-05-29 22:16:42,474{GMT}	INFO	[jepsen worker 2] jepsen.util: 2	:invoke	:broadcast	85
2023-05-29 22:16:42,475{GMT}	INFO	[jepsen worker 2] jepsen.util: 2	:ok	:broadcast	85
2023-05-29 22:16:42,539{GMT}	INFO	[jepsen worker 2] jepsen.util: 2	:invoke	:broadcast	86
2023-05-29 22:16:42,550{GMT}	INFO	[jepsen worker 2] jepsen.util: 2	:ok	:broadcast	86
2023-05-29 22:16:42,559{GMT}	INFO	[jepsen worker 2] jepsen.util: 2	:invoke	:broadcast	87
2023-05-29 22:16:42,571{GMT}	INFO	[jepsen worker 2] jepsen.util: 2	:ok	:broadcast	87
2023-05-29 22:16:42,585{GMT}	INFO	[jepsen worker 4] jepsen.util: 4	:invoke	:broadcast	88
2023-05-29 22:16:42,596{GMT}	INFO	[jepsen worker 4] jepsen.util: 4	:ok	:broadcast	88
2023-05-29 22:16:42,720{GMT}	INFO	[jepsen worker 4] jepsen.util: 4	:invoke	:broadcast	89
2023-05-29 22:16:42,721{GMT}	INFO	[jepsen worker 4] jepsen.util: 4	:ok	:broadcast	89
2023-05-29 22:16:43,337{GMT}	INFO	[jepsen worker 1] jepsen.util: 1	:info	:broadcast	69	:net-timeout
2023-05-29 22:16:43,463{GMT}	INFO	[jepsen worker 0] jepsen.util: 5	:fail	:read	nil	:net-timeout
2023-05-29 22:16:43,859{GMT}	INFO	[jepsen worker 3] jepsen.util: 13	:fail	:read	nil	:net-timeout
2023-05-29 22:16:43,864{GMT}	INFO	[jepsen worker nemesis] jepsen.generator.interpreter: Waiting for recovery...
2023-05-29 22:16:53,878{GMT}	INFO	[jepsen worker 2] jepsen.util: 2	:invoke	:read	nil
2023-05-29 22:16:53,879{GMT}	INFO	[jepsen worker 1] jepsen.util: 6	:invoke	:read	nil
2023-05-29 22:16:53,879{GMT}	INFO	[jepsen worker 3] jepsen.util: 13	:invoke	:read	nil
2023-05-29 22:16:53,880{GMT}	INFO	[jepsen worker 0] jepsen.util: 5	:invoke	:read	nil
2023-05-29 22:16:53,879{GMT}	INFO	[jepsen worker 4] jepsen.util: 4	:invoke	:read	nil
2023-05-29 22:16:53,887{GMT}	INFO	[jepsen worker 2] jepsen.util: 2	:ok	:read	[0 4 6 8 11 12 15 16 18 19 20 21 22 23 24 25 26 28 29 30 33 34 36 38 39 40 44 47 48 50 51 53 54 55 57 59 60 61 62 63 65 66 70 71 72 73 76 77 79 84 85 86 87]
2023-05-29 22:16:53,888{GMT}	INFO	[jepsen worker 4] jepsen.util: 4	:ok	:read	[0 2 5 7 9 10 13 14 17 27 31 32 35 37 41 42 43 45 46 52 56 58 64 67 68 74 75 78 80 81 82 83 88 89]
2023-05-29 22:16:58,881{GMT}	INFO	[jepsen worker 0] jepsen.util: 5	:fail	:read	nil	:net-timeout
2023-05-29 22:16:58,881{GMT}	INFO	[jepsen worker 3] jepsen.util: 13	:fail	:read	nil	:net-timeout
2023-05-29 22:16:58,882{GMT}	INFO	[jepsen worker 1] jepsen.util: 6	:fail	:read	nil	:net-timeout
2023-05-29 22:16:58,947{GMT}	INFO	[jepsen test runner] jepsen.core: Run complete, writing
2023-05-29 22:16:59,174{GMT}	INFO	[jepsen node n2] maelstrom.db: Tearing down n2
2023-05-29 22:16:59,174{GMT}	INFO	[jepsen node n0] maelstrom.db: Tearing down n0
2023-05-29 22:16:59,174{GMT}	INFO	[jepsen node n3] maelstrom.db: Tearing down n3
2023-05-29 22:16:59,174{GMT}	INFO	[jepsen node n1] maelstrom.db: Tearing down n1
2023-05-29 22:16:59,174{GMT}	INFO	[jepsen node n4] maelstrom.db: Tearing down n4
2023-05-29 22:16:59,902{GMT}	INFO	[jepsen node n0] maelstrom.net: Shutting down Maelstrom network
2023-05-29 22:16:59,907{GMT}	WARN	[jepsen test runner] jepsen.core: Test crashed!
clojure.lang.ExceptionInfo: Node n3 crashed with exit status 1. Before crashing, it wrote to STDOUT:

{"src":"n3","dest":"c1","body":{"in_reply_to":1,"type":"init_ok"}}
{"src":"n3","dest":"c8","body":{"in_reply_to":1,"type":"topology_ok"}}
{"src":"n3","dest":"n0","body":{"counter":1,"message":0,"sender":"n0","type":"gossip"}}
{"src":"n3","dest":"n4","body":{"counter":1,"message":0,"sender":"n0","type":"gossip"}}
{"src":"n3","dest":"n0","body":{"in_reply_to":0,"type":"gossip_ok"}}

And to STDERR:

2023/05/29 22:16:22 Received {c1 n3 {"type":"init","node_id":"n3","node_ids":["n0","n1","n2","n3","n4"],"msg_id":1}}
2023/05/29 22:16:22 Node n3 initialized
2023/05/29 22:16:22 Sent {"src":"n3","dest":"c1","body":{"in_reply_to":1,"type":"init_ok"}}
2023/05/29 22:16:22 Received {c8 n3 {"type":"topology","topology":{"n0":["n3","n1"],"n1":["n4","n2","n0"],"n2":["n1"],"n3":["n0","n4"],"n4":["n1","n3"]},"msg_id":1}}
2023/05/29 22:16:22 Sent {"src":"n3","dest":"c8","body":{"in_reply_to":1,"type":"topology_ok"}}
2023/05/29 22:16:22 Received {n0 n3 {"counter":1,"message":0,"sender":"n0","type":"gossip"}}
2023/05/29 22:16:22 Sent {"src":"n3","dest":"n0","body":{"counter":1,"message":0,"sender":"n0","type":"gossip"}}
2023/05/29 22:16:22 Sent {"src":"n3","dest":"n4","body":{"counter":1,"message":0,"sender":"n0","type":"gossip"}}
2023/05/29 22:16:22 Sent {"src":"n3","dest":"n0","body":{"in_reply_to":0,"type":"gossip_ok"}}
2023/05/29 22:16:22 Received {n0 n3 {"counter":1,"message":0,"sender":"n0","type":"gossip"}}
2023/05/29 22:16:22 Received {n0 n3 {"in_reply_to":0,"type":"gossip_ok"}}
2023/05/29 22:16:22 No handler for {"id":33,"src":"n0","dest":"n3","body":{"in_reply_to":0,"type":"gossip_ok"}}

Full STDERR logs are available in /Users/adicardrz/go-projects/maelstrom-challenges/maelstrom/store/broadcast/20230529T221619.857+0200/node-logs/n3.log
	at slingshot.support$stack_trace.invoke(support.clj:201)
	at maelstrom.process$stop_node_BANG_.invokeStatic(process.clj:239)
	at maelstrom.process$stop_node_BANG_.invoke(process.clj:217)
	at maelstrom.db$db$reify__16142.teardown_BANG_(db.clj:75)
	at jepsen.db$fn__8744$G__8725__8748.invoke(db.clj:12)
	at jepsen.db$fn__8744$G__8724__8753.invoke(db.clj:12)
	at clojure.core$partial$fn__5908.invoke(core.clj:2642)
	at jepsen.control$on_nodes$fn__8599.invoke(control.clj:314)
	at clojure.lang.AFn.applyToHelper(AFn.java:154)
	at clojure.lang.AFn.applyTo(AFn.java:144)
	at clojure.core$apply.invokeStatic(core.clj:667)
	at clojure.core$with_bindings_STAR_.invokeStatic(core.clj:1990)
	at clojure.core$with_bindings_STAR_.doInvoke(core.clj:1990)
	at clojure.lang.RestFn.applyTo(RestFn.java:142)
	at clojure.core$apply.invokeStatic(core.clj:671)
	at clojure.core$bound_fn_STAR_$fn__5818.doInvoke(core.clj:2020)
	at clojure.lang.RestFn.invoke(RestFn.java:408)
	at dom_top.core$real_pmap_helper$build_thread__211$fn__212.invoke(core.clj:163)
	at clojure.lang.AFn.applyToHelper(AFn.java:152)
	at clojure.lang.AFn.applyTo(AFn.java:144)
	at clojure.core$apply.invokeStatic(core.clj:667)
	at clojure.core$with_bindings_STAR_.invokeStatic(core.clj:1990)
	at clojure.core$with_bindings_STAR_.doInvoke(core.clj:1990)
	at clojure.lang.RestFn.invoke(RestFn.java:425)
	at clojure.lang.AFn.applyToHelper(AFn.java:156)
	at clojure.lang.RestFn.applyTo(RestFn.java:132)
	at clojure.core$apply.invokeStatic(core.clj:671)
	at clojure.core$bound_fn_STAR_$fn__5818.doInvoke(core.clj:2020)
	at clojure.lang.RestFn.invoke(RestFn.java:397)
	at clojure.lang.AFn.run(AFn.java:22)
	at java.base/java.lang.Thread.run(Thread.java:833)
