2023/05/29 23:47:13 Received {c1 n3 {"type":"init","node_id":"n3","node_ids":["n0","n1","n2","n3","n4"],"msg_id":1}}
2023/05/29 23:47:13 Node n3 initialized
2023/05/29 23:47:13 Sent {"src":"n3","dest":"c1","body":{"in_reply_to":1,"type":"init_ok"}}
2023/05/29 23:47:13 Received {c8 n3 {"type":"topology","topology":{"n0":["n3","n1"],"n1":["n4","n2","n0"],"n2":["n1"],"n3":["n0","n4"],"n4":["n1","n3"]},"msg_id":1}}
2023/05/29 23:47:13 Sent {"src":"n3","dest":"c8","body":{"in_reply_to":1,"type":"topology_ok"}}
2023/05/29 23:47:13 Received {n0 n3 {"counter":1,"message":0,"msg_id":1,"sender":"n2","type":"gossip"}}
2023/05/29 23:47:13 Sent {"src":"n3","dest":"n0","body":{"counter":1,"message":0,"msg_id":1,"sender":"n2","type":"gossip"}}
2023/05/29 23:47:13 Sent {"src":"n3","dest":"n4","body":{"counter":1,"message":0,"msg_id":2,"sender":"n2","type":"gossip"}}
2023/05/29 23:47:13 Sent {"src":"n3","dest":"n0","body":{"in_reply_to":1,"type":"gossip_ok"}}
2023/05/29 23:47:13 Received {n0 n3 {"in_reply_to":1,"type":"gossip_ok"}}
2023/05/29 23:47:13 Received {c12 n3 {"type":"read","msg_id":1}}
2023/05/29 23:47:13 Sent {"src":"n3","dest":"c12","body":{"in_reply_to":1,"messages":[0],"msg_id":1,"type":"read_ok"}}
2023/05/29 23:47:13 Received {n0 n3 {"counter":1,"message":2,"msg_id":3,"sender":"n0","type":"gossip"}}
2023/05/29 23:47:13 Sent {"src":"n3","dest":"n0","body":{"counter":1,"message":2,"msg_id":3,"sender":"n0","type":"gossip"}}
2023/05/29 23:47:13 Sent {"src":"n3","dest":"n4","body":{"counter":1,"message":2,"msg_id":4,"sender":"n0","type":"gossip"}}
2023/05/29 23:47:13 Sent {"src":"n3","dest":"n0","body":{"in_reply_to":3,"type":"gossip_ok"}}
2023/05/29 23:47:13 Received {n0 n3 {"counter":1,"message":2,"msg_id":5,"sender":"n0","type":"gossip"}}
2023/05/29 23:47:13 Sent {"src":"n3","dest":"n0","body":{"in_reply_to":5,"type":"gossip_ok"}}
2023/05/29 23:47:13 Received {n0 n3 {"in_reply_to":3,"type":"gossip_ok"}}
2023/05/29 23:47:14 Received {c12 n3 {"type":"broadcast","message":3,"msg_id":2}}
2023/05/29 23:47:14 Sent {"src":"n3","dest":"n0","body":{"counter":1,"message":3,"msg_id":5,"sender":"n3","type":"gossip"}}
2023/05/29 23:47:14 Sent {"src":"n3","dest":"n4","body":{"counter":1,"message":3,"msg_id":6,"sender":"n3","type":"gossip"}}
2023/05/29 23:47:14 Sent {"src":"n3","dest":"c12","body":{"in_reply_to":2,"type":"broadcast_ok"}}
2023/05/29 23:47:14 Received {n0 n3 {"counter":1,"message":3,"msg_id":7,"sender":"n3","type":"gossip"}}
2023/05/29 23:47:14 Sent {"src":"n3","dest":"n0","body":{"counter":1,"message":3,"msg_id":7,"sender":"n3","type":"gossip"}}
2023/05/29 23:47:14 Sent {"src":"n3","dest":"n4","body":{"counter":1,"message":3,"msg_id":8,"sender":"n3","type":"gossip"}}
2023/05/29 23:47:14 Sent {"src":"n3","dest":"n0","body":{"in_reply_to":7,"type":"gossip_ok"}}
2023/05/29 23:47:14 Received {n0 n3 {"in_reply_to":5,"type":"gossip_ok"}}
2023/05/29 23:47:14 Received {n0 n3 {"in_reply_to":7,"type":"gossip_ok"}}
2023/05/29 23:47:14 Received {n0 n3 {"counter":2,"message":5,"msg_id":9,"sender":"n0","type":"gossip"}}
2023/05/29 23:47:14 Sent {"src":"n3","dest":"n0","body":{"counter":2,"message":5,"msg_id":9,"sender":"n0","type":"gossip"}}
2023/05/29 23:47:14 Sent {"src":"n3","dest":"n4","body":{"counter":2,"message":5,"msg_id":10,"sender":"n0","type":"gossip"}}
2023/05/29 23:47:14 Sent {"src":"n3","dest":"n0","body":{"in_reply_to":9,"type":"gossip_ok"}}
2023/05/29 23:47:14 Received {n0 n3 {"counter":2,"message":5,"msg_id":11,"sender":"n0","type":"gossip"}}
2023/05/29 23:47:14 Sent {"src":"n3","dest":"n0","body":{"in_reply_to":11,"type":"gossip_ok"}}
2023/05/29 23:47:14 Received {n0 n3 {"in_reply_to":9,"type":"gossip_ok"}}
2023/05/29 23:47:14 Received {n0 n3 {"counter":3,"message":6,"msg_id":13,"sender":"n0","type":"gossip"}}
2023/05/29 23:47:14 Sent {"src":"n3","dest":"n0","body":{"counter":3,"message":6,"msg_id":11,"sender":"n0","type":"gossip"}}
2023/05/29 23:47:14 Sent {"src":"n3","dest":"n4","body":{"counter":3,"message":6,"msg_id":12,"sender":"n0","type":"gossip"}}
2023/05/29 23:47:14 Sent {"src":"n3","dest":"n0","body":{"in_reply_to":13,"type":"gossip_ok"}}
2023/05/29 23:47:14 Received {n0 n3 {"counter":3,"message":6,"msg_id":15,"sender":"n0","type":"gossip"}}
2023/05/29 23:47:14 Sent {"src":"n3","dest":"n0","body":{"in_reply_to":15,"type":"gossip_ok"}}
2023/05/29 23:47:14 Received {n0 n3 {"in_reply_to":11,"type":"gossip_ok"}}
2023/05/29 23:47:14 Received {c12 n3 {"type":"broadcast","message":7,"msg_id":3}}
2023/05/29 23:47:14 Sent {"src":"n3","dest":"n0","body":{"counter":2,"message":7,"msg_id":13,"sender":"n3","type":"gossip"}}
2023/05/29 23:47:14 Sent {"src":"n3","dest":"n4","body":{"counter":2,"message":7,"msg_id":14,"sender":"n3","type":"gossip"}}
2023/05/29 23:47:14 Sent {"src":"n3","dest":"c12","body":{"in_reply_to":3,"type":"broadcast_ok"}}
2023/05/29 23:47:14 Received {n0 n3 {"counter":2,"message":7,"msg_id":17,"sender":"n3","type":"gossip"}}
2023/05/29 23:47:14 Sent {"src":"n3","dest":"n0","body":{"counter":2,"message":7,"msg_id":15,"sender":"n3","type":"gossip"}}
2023/05/29 23:47:14 Sent {"src":"n3","dest":"n4","body":{"counter":2,"message":7,"msg_id":16,"sender":"n3","type":"gossip"}}
2023/05/29 23:47:14 Sent {"src":"n3","dest":"n0","body":{"in_reply_to":17,"type":"gossip_ok"}}
2023/05/29 23:47:14 Received {n0 n3 {"in_reply_to":13,"type":"gossip_ok"}}
2023/05/29 23:47:14 Received {n0 n3 {"in_reply_to":15,"type":"gossip_ok"}}
2023/05/29 23:47:14 Received {n0 n3 {"counter":4,"message":9,"msg_id":19,"sender":"n0","type":"gossip"}}
2023/05/29 23:47:14 Sent {"src":"n3","dest":"n0","body":{"counter":4,"message":9,"msg_id":17,"sender":"n0","type":"gossip"}}
2023/05/29 23:47:14 Sent {"src":"n3","dest":"n4","body":{"counter":4,"message":9,"msg_id":18,"sender":"n0","type":"gossip"}}
2023/05/29 23:47:14 Sent {"src":"n3","dest":"n0","body":{"in_reply_to":19,"type":"gossip_ok"}}
2023/05/29 23:47:14 Received {n0 n3 {"counter":4,"message":9,"msg_id":21,"sender":"n0","type":"gossip"}}
2023/05/29 23:47:14 Received {n0 n3 {"in_reply_to":17,"type":"gossip_ok"}}
2023/05/29 23:47:14 Sent {"src":"n3","dest":"n0","body":{"in_reply_to":21,"type":"gossip_ok"}}
2023/05/29 23:47:14 Received {n0 n3 {"counter":1,"message":10,"msg_id":23,"sender":"n1","type":"gossip"}}
2023/05/29 23:47:14 Sent {"src":"n3","dest":"n0","body":{"counter":1,"message":10,"msg_id":19,"sender":"n1","type":"gossip"}}
2023/05/29 23:47:14 Sent {"src":"n3","dest":"n4","body":{"counter":1,"message":10,"msg_id":20,"sender":"n1","type":"gossip"}}
2023/05/29 23:47:14 Sent {"src":"n3","dest":"n0","body":{"in_reply_to":23,"type":"gossip_ok"}}
2023/05/29 23:47:14 Received {n0 n3 {"in_reply_to":19,"type":"gossip_ok"}}
2023/05/29 23:47:15 Received {c12 n3 {"type":"read","msg_id":4}}
2023/05/29 23:47:15 Sent {"src":"n3","dest":"c12","body":{"in_reply_to":4,"messages":[0,2,3,3,5,6,7,7,9,10],"msg_id":4,"type":"read_ok"}}
2023/05/29 23:47:15 Received {c12 n3 {"type":"broadcast","message":11,"msg_id":5}}
2023/05/29 23:47:15 Sent {"src":"n3","dest":"n0","body":{"counter":3,"message":11,"msg_id":21,"sender":"n3","type":"gossip"}}
2023/05/29 23:47:15 Sent {"src":"n3","dest":"n4","body":{"counter":3,"message":11,"msg_id":22,"sender":"n3","type":"gossip"}}
2023/05/29 23:47:15 Sent {"src":"n3","dest":"c12","body":{"in_reply_to":5,"type":"broadcast_ok"}}
2023/05/29 23:47:15 Received {n0 n3 {"counter":3,"message":11,"msg_id":25,"sender":"n3","type":"gossip"}}
2023/05/29 23:47:15 Received {n0 n3 {"in_reply_to":21,"type":"gossip_ok"}}
2023/05/29 23:47:15 Sent {"src":"n3","dest":"n0","body":{"counter":3,"message":11,"msg_id":23,"sender":"n3","type":"gossip"}}
2023/05/29 23:47:15 Sent {"src":"n3","dest":"n4","body":{"counter":3,"message":11,"msg_id":24,"sender":"n3","type":"gossip"}}
2023/05/29 23:47:15 Sent {"src":"n3","dest":"n0","body":{"in_reply_to":25,"type":"gossip_ok"}}
2023/05/29 23:47:15 Received {n0 n3 {"in_reply_to":23,"type":"gossip_ok"}}
2023/05/29 23:47:16 Received {n0 n3 {"counter":5,"message":12,"msg_id":27,"sender":"n0","type":"gossip"}}
2023/05/29 23:47:16 Sent {"src":"n3","dest":"n0","body":{"counter":5,"message":12,"msg_id":25,"sender":"n0","type":"gossip"}}
2023/05/29 23:47:16 Sent {"src":"n3","dest":"n4","body":{"counter":5,"message":12,"msg_id":26,"sender":"n0","type":"gossip"}}
2023/05/29 23:47:16 Sent {"src":"n3","dest":"n0","body":{"in_reply_to":27,"type":"gossip_ok"}}
2023/05/29 23:47:16 Received {n0 n3 {"counter":5,"message":12,"msg_id":29,"sender":"n0","type":"gossip"}}
2023/05/29 23:47:16 Received {n0 n3 {"in_reply_to":25,"type":"gossip_ok"}}
2023/05/29 23:47:16 Sent {"src":"n3","dest":"n0","body":{"in_reply_to":29,"type":"gossip_ok"}}
2023/05/29 23:47:16 Received {n0 n3 {"counter":6,"message":13,"msg_id":31,"sender":"n0","type":"gossip"}}
2023/05/29 23:47:16 Sent {"src":"n3","dest":"n0","body":{"counter":6,"message":13,"msg_id":27,"sender":"n0","type":"gossip"}}
2023/05/29 23:47:16 Sent {"src":"n3","dest":"n4","body":{"counter":6,"message":13,"msg_id":28,"sender":"n0","type":"gossip"}}
2023/05/29 23:47:16 Sent {"src":"n3","dest":"n0","body":{"in_reply_to":31,"type":"gossip_ok"}}
2023/05/29 23:47:16 Received {n0 n3 {"counter":6,"message":13,"msg_id":33,"sender":"n0","type":"gossip"}}
2023/05/29 23:47:16 Received {n0 n3 {"in_reply_to":27,"type":"gossip_ok"}}
2023/05/29 23:47:16 Sent {"src":"n3","dest":"n0","body":{"in_reply_to":33,"type":"gossip_ok"}}
2023/05/29 23:47:16 Received {n0 n3 {"counter":2,"message":14,"msg_id":35,"sender":"n1","type":"gossip"}}
2023/05/29 23:47:16 Sent {"src":"n3","dest":"n0","body":{"counter":2,"message":14,"msg_id":29,"sender":"n1","type":"gossip"}}
2023/05/29 23:47:16 Sent {"src":"n3","dest":"n4","body":{"counter":2,"message":14,"msg_id":30,"sender":"n1","type":"gossip"}}
2023/05/29 23:47:16 Sent {"src":"n3","dest":"n0","body":{"in_reply_to":35,"type":"gossip_ok"}}
2023/05/29 23:47:16 Received {n0 n3 {"in_reply_to":29,"type":"gossip_ok"}}
2023/05/29 23:47:16 Received {c12 n3 {"type":"broadcast","message":15,"msg_id":6}}
2023/05/29 23:47:16 Sent {"src":"n3","dest":"n0","body":{"counter":4,"message":15,"msg_id":31,"sender":"n3","type":"gossip"}}
2023/05/29 23:47:16 Sent {"src":"n3","dest":"n4","body":{"counter":4,"message":15,"msg_id":32,"sender":"n3","type":"gossip"}}
2023/05/29 23:47:16 Sent {"src":"n3","dest":"c12","body":{"in_reply_to":6,"type":"broadcast_ok"}}
2023/05/29 23:47:16 Received {n0 n3 {"counter":4,"message":15,"msg_id":37,"sender":"n3","type":"gossip"}}
2023/05/29 23:47:16 Sent {"src":"n3","dest":"n0","body":{"counter":4,"message":15,"msg_id":33,"sender":"n3","type":"gossip"}}
2023/05/29 23:47:16 Sent {"src":"n3","dest":"n4","body":{"counter":4,"message":15,"msg_id":34,"sender":"n3","type":"gossip"}}
2023/05/29 23:47:16 Sent {"src":"n3","dest":"n0","body":{"in_reply_to":37,"type":"gossip_ok"}}
2023/05/29 23:47:16 Received {n0 n3 {"in_reply_to":31,"type":"gossip_ok"}}
2023/05/29 23:47:16 Received {n0 n3 {"in_reply_to":33,"type":"gossip_ok"}}
2023/05/29 23:47:16 Received {n0 n3 {"counter":7,"message":16,"msg_id":39,"sender":"n0","type":"gossip"}}
2023/05/29 23:47:16 Sent {"src":"n3","dest":"n0","body":{"counter":7,"message":16,"msg_id":35,"sender":"n0","type":"gossip"}}
2023/05/29 23:47:16 Sent {"src":"n3","dest":"n4","body":{"counter":7,"message":16,"msg_id":36,"sender":"n0","type":"gossip"}}
2023/05/29 23:47:16 Sent {"src":"n3","dest":"n0","body":{"in_reply_to":39,"type":"gossip_ok"}}
2023/05/29 23:47:16 Received {n0 n3 {"counter":7,"message":16,"msg_id":41,"sender":"n0","type":"gossip"}}
2023/05/29 23:47:16 Received {n0 n3 {"in_reply_to":35,"type":"gossip_ok"}}
2023/05/29 23:47:16 Sent {"src":"n3","dest":"n0","body":{"in_reply_to":41,"type":"gossip_ok"}}
2023/05/29 23:47:16 Received {n0 n3 {"counter":8,"message":17,"msg_id":43,"sender":"n0","type":"gossip"}}
2023/05/29 23:47:16 Sent {"src":"n3","dest":"n0","body":{"counter":8,"message":17,"msg_id":37,"sender":"n0","type":"gossip"}}
2023/05/29 23:47:16 Sent {"src":"n3","dest":"n4","body":{"counter":8,"message":17,"msg_id":38,"sender":"n0","type":"gossip"}}
2023/05/29 23:47:16 Sent {"src":"n3","dest":"n0","body":{"in_reply_to":43,"type":"gossip_ok"}}
2023/05/29 23:47:16 Received {n0 n3 {"counter":8,"message":17,"msg_id":45,"sender":"n0","type":"gossip"}}
2023/05/29 23:47:16 Received {n0 n3 {"in_reply_to":37,"type":"gossip_ok"}}
2023/05/29 23:47:16 Sent {"src":"n3","dest":"n0","body":{"in_reply_to":45,"type":"gossip_ok"}}
2023/05/29 23:47:17 Received {c12 n3 {"type":"read","msg_id":7}}
2023/05/29 23:47:17 Sent {"src":"n3","dest":"c12","body":{"in_reply_to":7,"messages":[0,2,3,3,5,6,7,7,9,10,11,11,12,13,14,15,15,16,17],"msg_id":7,"type":"read_ok"}}
2023/05/29 23:47:17 Received {n0 n3 {"counter":9,"message":18,"msg_id":47,"sender":"n0","type":"gossip"}}
2023/05/29 23:47:17 Sent {"src":"n3","dest":"n0","body":{"counter":9,"message":18,"msg_id":39,"sender":"n0","type":"gossip"}}
2023/05/29 23:47:17 Sent {"src":"n3","dest":"n4","body":{"counter":9,"message":18,"msg_id":40,"sender":"n0","type":"gossip"}}
2023/05/29 23:47:17 Sent {"src":"n3","dest":"n0","body":{"in_reply_to":47,"type":"gossip_ok"}}
2023/05/29 23:47:17 Received {n0 n3 {"counter":9,"message":18,"msg_id":49,"sender":"n0","type":"gossip"}}
2023/05/29 23:47:17 Received {n0 n3 {"in_reply_to":39,"type":"gossip_ok"}}
2023/05/29 23:47:17 Sent {"src":"n3","dest":"n0","body":{"in_reply_to":49,"type":"gossip_ok"}}
2023/05/29 23:47:17 Received {n0 n3 {"counter":3,"message":19,"msg_id":51,"sender":"n1","type":"gossip"}}
2023/05/29 23:47:17 Sent {"src":"n3","dest":"n0","body":{"counter":3,"message":19,"msg_id":41,"sender":"n1","type":"gossip"}}
2023/05/29 23:47:17 Sent {"src":"n3","dest":"n4","body":{"counter":3,"message":19,"msg_id":42,"sender":"n1","type":"gossip"}}
2023/05/29 23:47:17 Sent {"src":"n3","dest":"n0","body":{"in_reply_to":51,"type":"gossip_ok"}}
2023/05/29 23:47:17 Received {n0 n3 {"in_reply_to":41,"type":"gossip_ok"}}
2023/05/29 23:47:17 Received {c12 n3 {"type":"broadcast","message":20,"msg_id":8}}
2023/05/29 23:47:17 Sent {"src":"n3","dest":"n0","body":{"counter":5,"message":20,"msg_id":43,"sender":"n3","type":"gossip"}}
2023/05/29 23:47:17 Sent {"src":"n3","dest":"n4","body":{"counter":5,"message":20,"msg_id":44,"sender":"n3","type":"gossip"}}
2023/05/29 23:47:17 Sent {"src":"n3","dest":"c12","body":{"in_reply_to":8,"type":"broadcast_ok"}}
2023/05/29 23:47:17 Received {n0 n3 {"counter":5,"message":20,"msg_id":53,"sender":"n3","type":"gossip"}}
2023/05/29 23:47:17 Sent {"src":"n3","dest":"n0","body":{"counter":5,"message":20,"msg_id":45,"sender":"n3","type":"gossip"}}
2023/05/29 23:47:17 Sent {"src":"n3","dest":"n4","body":{"counter":5,"message":20,"msg_id":46,"sender":"n3","type":"gossip"}}
2023/05/29 23:47:17 Received {n0 n3 {"in_reply_to":43,"type":"gossip_ok"}}
2023/05/29 23:47:17 Sent {"src":"n3","dest":"n0","body":{"in_reply_to":53,"type":"gossip_ok"}}
2023/05/29 23:47:17 Received {n0 n3 {"in_reply_to":45,"type":"gossip_ok"}}
2023/05/29 23:47:18 Received {c12 n3 {"type":"broadcast","message":21,"msg_id":9}}
2023/05/29 23:47:18 Sent {"src":"n3","dest":"n0","body":{"counter":6,"message":21,"msg_id":47,"sender":"n3","type":"gossip"}}
2023/05/29 23:47:18 Sent {"src":"n3","dest":"n4","body":{"counter":6,"message":21,"msg_id":48,"sender":"n3","type":"gossip"}}
2023/05/29 23:47:18 Sent {"src":"n3","dest":"c12","body":{"in_reply_to":9,"type":"broadcast_ok"}}
2023/05/29 23:47:18 Received {n0 n3 {"counter":6,"message":21,"msg_id":55,"sender":"n3","type":"gossip"}}
2023/05/29 23:47:18 Received {n0 n3 {"in_reply_to":47,"type":"gossip_ok"}}
2023/05/29 23:47:18 Sent {"src":"n3","dest":"n0","body":{"counter":6,"message":21,"msg_id":49,"sender":"n3","type":"gossip"}}
2023/05/29 23:47:18 Sent {"src":"n3","dest":"n4","body":{"counter":6,"message":21,"msg_id":50,"sender":"n3","type":"gossip"}}
2023/05/29 23:47:18 Sent {"src":"n3","dest":"n0","body":{"in_reply_to":55,"type":"gossip_ok"}}
2023/05/29 23:47:18 Received {n0 n3 {"in_reply_to":49,"type":"gossip_ok"}}
2023/05/29 23:47:19 Received {n0 n3 {"counter":10,"message":22,"msg_id":57,"sender":"n0","type":"gossip"}}
2023/05/29 23:47:19 Sent {"src":"n3","dest":"n0","body":{"counter":10,"message":22,"msg_id":51,"sender":"n0","type":"gossip"}}
2023/05/29 23:47:19 Sent {"src":"n3","dest":"n4","body":{"counter":10,"message":22,"msg_id":52,"sender":"n0","type":"gossip"}}
2023/05/29 23:47:19 Sent {"src":"n3","dest":"n0","body":{"in_reply_to":57,"type":"gossip_ok"}}
2023/05/29 23:47:19 Received {n0 n3 {"counter":10,"message":22,"msg_id":59,"sender":"n0","type":"gossip"}}
2023/05/29 23:47:19 Received {n0 n3 {"in_reply_to":51,"type":"gossip_ok"}}
2023/05/29 23:47:19 Sent {"src":"n3","dest":"n0","body":{"in_reply_to":59,"type":"gossip_ok"}}
2023/05/29 23:47:19 Received {n0 n3 {"counter":4,"message":23,"msg_id":61,"sender":"n1","type":"gossip"}}
2023/05/29 23:47:19 Sent {"src":"n3","dest":"n0","body":{"counter":4,"message":23,"msg_id":53,"sender":"n1","type":"gossip"}}
2023/05/29 23:47:19 Sent {"src":"n3","dest":"n4","body":{"counter":4,"message":23,"msg_id":54,"sender":"n1","type":"gossip"}}
2023/05/29 23:47:19 Sent {"src":"n3","dest":"n0","body":{"in_reply_to":61,"type":"gossip_ok"}}
2023/05/29 23:47:19 Received {n0 n3 {"in_reply_to":53,"type":"gossip_ok"}}
2023/05/29 23:47:19 Received {n0 n3 {"counter":2,"message":24,"msg_id":63,"sender":"n2","type":"gossip"}}
2023/05/29 23:47:19 Sent {"src":"n3","dest":"n0","body":{"counter":2,"message":24,"msg_id":55,"sender":"n2","type":"gossip"}}
2023/05/29 23:47:19 Sent {"src":"n3","dest":"n4","body":{"counter":2,"message":24,"msg_id":56,"sender":"n2","type":"gossip"}}
2023/05/29 23:47:19 Sent {"src":"n3","dest":"n0","body":{"in_reply_to":63,"type":"gossip_ok"}}
2023/05/29 23:47:19 Received {n0 n3 {"in_reply_to":55,"type":"gossip_ok"}}
2023/05/29 23:47:19 Received {c12 n3 {"type":"read","msg_id":10}}
2023/05/29 23:47:19 Sent {"src":"n3","dest":"c12","body":{"in_reply_to":10,"messages":[0,2,3,3,5,6,7,7,9,10,11,11,12,13,14,15,15,16,17,18,19,20,20,21,21,22,23,24],"msg_id":10,"type":"read_ok"}}
2023/05/29 23:47:20 Received {n0 n3 {"counter":3,"message":26,"msg_id":65,"sender":"n2","type":"gossip"}}
2023/05/29 23:47:20 Sent {"src":"n3","dest":"n0","body":{"counter":3,"message":26,"msg_id":57,"sender":"n2","type":"gossip"}}
2023/05/29 23:47:20 Sent {"src":"n3","dest":"n4","body":{"counter":3,"message":26,"msg_id":58,"sender":"n2","type":"gossip"}}
2023/05/29 23:47:20 Sent {"src":"n3","dest":"n0","body":{"in_reply_to":65,"type":"gossip_ok"}}
2023/05/29 23:47:20 Received {n0 n3 {"in_reply_to":57,"type":"gossip_ok"}}
2023/05/29 23:47:20 Received {c12 n3 {"type":"read","msg_id":11}}
2023/05/29 23:47:20 Sent {"src":"n3","dest":"c12","body":{"in_reply_to":11,"messages":[0,2,3,3,5,6,7,7,9,10,11,11,12,13,14,15,15,16,17,18,19,20,20,21,21,22,23,24,26],"msg_id":11,"type":"read_ok"}}
2023/05/29 23:47:20 Received {n0 n3 {"counter":11,"message":28,"msg_id":67,"sender":"n0","type":"gossip"}}
2023/05/29 23:47:20 Sent {"src":"n3","dest":"n0","body":{"counter":11,"message":28,"msg_id":59,"sender":"n0","type":"gossip"}}
2023/05/29 23:47:20 Sent {"src":"n3","dest":"n4","body":{"counter":11,"message":28,"msg_id":60,"sender":"n0","type":"gossip"}}
2023/05/29 23:47:20 Sent {"src":"n3","dest":"n0","body":{"in_reply_to":67,"type":"gossip_ok"}}
2023/05/29 23:47:20 Received {n0 n3 {"counter":11,"message":28,"msg_id":69,"sender":"n0","type":"gossip"}}
2023/05/29 23:47:20 Received {n0 n3 {"in_reply_to":59,"type":"gossip_ok"}}
2023/05/29 23:47:20 Sent {"src":"n3","dest":"n0","body":{"in_reply_to":69,"type":"gossip_ok"}}
2023/05/29 23:47:20 Received {n0 n3 {"counter":4,"message":29,"msg_id":71,"sender":"n2","type":"gossip"}}
2023/05/29 23:47:20 Sent {"src":"n3","dest":"n0","body":{"counter":4,"message":29,"msg_id":61,"sender":"n2","type":"gossip"}}
2023/05/29 23:47:20 Sent {"src":"n3","dest":"n4","body":{"counter":4,"message":29,"msg_id":62,"sender":"n2","type":"gossip"}}
2023/05/29 23:47:20 Sent {"src":"n3","dest":"n0","body":{"in_reply_to":71,"type":"gossip_ok"}}
2023/05/29 23:47:20 Received {n0 n3 {"in_reply_to":61,"type":"gossip_ok"}}
2023/05/29 23:47:20 Received {c12 n3 {"type":"broadcast","message":30,"msg_id":12}}
2023/05/29 23:47:20 Sent {"src":"n3","dest":"n0","body":{"counter":7,"message":30,"msg_id":63,"sender":"n3","type":"gossip"}}
2023/05/29 23:47:20 Sent {"src":"n3","dest":"n4","body":{"counter":7,"message":30,"msg_id":64,"sender":"n3","type":"gossip"}}
2023/05/29 23:47:20 Sent {"src":"n3","dest":"c12","body":{"in_reply_to":12,"type":"broadcast_ok"}}
2023/05/29 23:47:20 Received {n0 n3 {"counter":7,"message":30,"msg_id":73,"sender":"n3","type":"gossip"}}
2023/05/29 23:47:20 Sent {"src":"n3","dest":"n0","body":{"counter":7,"message":30,"msg_id":65,"sender":"n3","type":"gossip"}}
2023/05/29 23:47:20 Received {n0 n3 {"in_reply_to":63,"type":"gossip_ok"}}
2023/05/29 23:47:20 Sent {"src":"n3","dest":"n4","body":{"counter":7,"message":30,"msg_id":66,"sender":"n3","type":"gossip"}}
2023/05/29 23:47:20 Sent {"src":"n3","dest":"n0","body":{"in_reply_to":73,"type":"gossip_ok"}}
2023/05/29 23:47:20 Received {n0 n3 {"in_reply_to":65,"type":"gossip_ok"}}
2023/05/29 23:47:21 Received {n4 n3 {"counter":5,"message":31,"msg_id":12,"sender":"n2","type":"gossip"}}
2023/05/29 23:47:21 Sent {"src":"n3","dest":"n0","body":{"counter":5,"message":31,"msg_id":67,"sender":"n2","type":"gossip"}}
2023/05/29 23:47:21 Sent {"src":"n3","dest":"n4","body":{"counter":5,"message":31,"msg_id":68,"sender":"n2","type":"gossip"}}
2023/05/29 23:47:21 Sent {"src":"n3","dest":"n4","body":{"in_reply_to":12,"type":"gossip_ok"}}
2023/05/29 23:47:21 Received {n0 n3 {"counter":5,"message":31,"msg_id":75,"sender":"n2","type":"gossip"}}
2023/05/29 23:47:21 Sent {"src":"n3","dest":"n0","body":{"in_reply_to":75,"type":"gossip_ok"}}
2023/05/29 23:47:21 Received {n4 n3 {"in_reply_to":68,"type":"gossip_ok"}}
2023/05/29 23:47:21 Received {n0 n3 {"in_reply_to":67,"type":"gossip_ok"}}
2023/05/29 23:47:21 Received {c12 n3 {"type":"broadcast","message":32,"msg_id":13}}
2023/05/29 23:47:21 Sent {"src":"n3","dest":"n0","body":{"counter":8,"message":32,"msg_id":69,"sender":"n3","type":"gossip"}}
2023/05/29 23:47:21 Sent {"src":"n3","dest":"n4","body":{"counter":8,"message":32,"msg_id":70,"sender":"n3","type":"gossip"}}
2023/05/29 23:47:21 Sent {"src":"n3","dest":"c12","body":{"in_reply_to":13,"type":"broadcast_ok"}}
2023/05/29 23:47:21 Received {n0 n3 {"counter":8,"message":32,"msg_id":77,"sender":"n3","type":"gossip"}}
2023/05/29 23:47:21 Sent {"src":"n3","dest":"n0","body":{"counter":8,"message":32,"msg_id":71,"sender":"n3","type":"gossip"}}
2023/05/29 23:47:21 Sent {"src":"n3","dest":"n4","body":{"counter":8,"message":32,"msg_id":72,"sender":"n3","type":"gossip"}}
2023/05/29 23:47:21 Received {n0 n3 {"in_reply_to":69,"type":"gossip_ok"}}
2023/05/29 23:47:21 Sent {"src":"n3","dest":"n0","body":{"in_reply_to":77,"type":"gossip_ok"}}
2023/05/29 23:47:21 Received {n4 n3 {"counter":8,"message":32,"msg_id":14,"sender":"n3","type":"gossip"}}
2023/05/29 23:47:21 Received {n4 n3 {"in_reply_to":70,"type":"gossip_ok"}}
2023/05/29 23:47:21 Sent {"src":"n3","dest":"n4","body":{"in_reply_to":14,"type":"gossip_ok"}}
2023/05/29 23:47:21 Received {n4 n3 {"in_reply_to":72,"type":"gossip_ok"}}
2023/05/29 23:47:21 Received {n0 n3 {"in_reply_to":71,"type":"gossip_ok"}}
2023/05/29 23:47:21 Received {n0 n3 {"counter":12,"message":33,"msg_id":79,"sender":"n0","type":"gossip"}}
2023/05/29 23:47:21 Sent {"src":"n3","dest":"n0","body":{"counter":12,"message":33,"msg_id":73,"sender":"n0","type":"gossip"}}
2023/05/29 23:47:21 Sent {"src":"n3","dest":"n4","body":{"counter":12,"message":33,"msg_id":74,"sender":"n0","type":"gossip"}}
2023/05/29 23:47:21 Sent {"src":"n3","dest":"n0","body":{"in_reply_to":79,"type":"gossip_ok"}}
2023/05/29 23:47:21 Received {n0 n3 {"counter":12,"message":33,"msg_id":81,"sender":"n0","type":"gossip"}}
2023/05/29 23:47:21 Received {n4 n3 {"in_reply_to":74,"type":"gossip_ok"}}
2023/05/29 23:47:21 Received {n0 n3 {"in_reply_to":73,"type":"gossip_ok"}}
2023/05/29 23:47:21 Received {n4 n3 {"counter":12,"message":33,"msg_id":16,"sender":"n0","type":"gossip"}}
2023/05/29 23:47:21 Sent {"src":"n3","dest":"n0","body":{"in_reply_to":81,"type":"gossip_ok"}}
2023/05/29 23:47:21 Sent {"src":"n3","dest":"n4","body":{"in_reply_to":16,"type":"gossip_ok"}}
2023/05/29 23:47:22 Received {c12 n3 {"type":"broadcast","message":34,"msg_id":14}}
2023/05/29 23:47:22 Sent {"src":"n3","dest":"n0","body":{"counter":9,"message":34,"msg_id":75,"sender":"n3","type":"gossip"}}
2023/05/29 23:47:22 Sent {"src":"n3","dest":"n4","body":{"counter":9,"message":34,"msg_id":76,"sender":"n3","type":"gossip"}}
2023/05/29 23:47:22 Sent {"src":"n3","dest":"c12","body":{"in_reply_to":14,"type":"broadcast_ok"}}
2023/05/29 23:47:22 Received {n0 n3 {"counter":9,"message":34,"msg_id":83,"sender":"n3","type":"gossip"}}
2023/05/29 23:47:22 Sent {"src":"n3","dest":"n0","body":{"counter":9,"message":34,"msg_id":77,"sender":"n3","type":"gossip"}}
2023/05/29 23:47:22 Sent {"src":"n3","dest":"n4","body":{"counter":9,"message":34,"msg_id":78,"sender":"n3","type":"gossip"}}
2023/05/29 23:47:22 Sent {"src":"n3","dest":"n0","body":{"in_reply_to":83,"type":"gossip_ok"}}
2023/05/29 23:47:22 Received {n0 n3 {"in_reply_to":75,"type":"gossip_ok"}}
2023/05/29 23:47:22 Received {n4 n3 {"counter":9,"message":34,"msg_id":18,"sender":"n3","type":"gossip"}}
2023/05/29 23:47:22 Received {n4 n3 {"in_reply_to":76,"type":"gossip_ok"}}
2023/05/29 23:47:22 Sent {"src":"n3","dest":"n4","body":{"in_reply_to":18,"type":"gossip_ok"}}
2023/05/29 23:47:22 Received {n4 n3 {"in_reply_to":78,"type":"gossip_ok"}}
2023/05/29 23:47:22 Received {n0 n3 {"in_reply_to":77,"type":"gossip_ok"}}
2023/05/29 23:47:22 Received {n4 n3 {"counter":6,"message":35,"msg_id":20,"sender":"n4","type":"gossip"}}
2023/05/29 23:47:22 Sent {"src":"n3","dest":"n0","body":{"counter":6,"message":35,"msg_id":79,"sender":"n4","type":"gossip"}}
2023/05/29 23:47:22 Sent {"src":"n3","dest":"n4","body":{"counter":6,"message":35,"msg_id":80,"sender":"n4","type":"gossip"}}
2023/05/29 23:47:22 Sent {"src":"n3","dest":"n4","body":{"in_reply_to":20,"type":"gossip_ok"}}
2023/05/29 23:47:22 Received {n0 n3 {"counter":6,"message":35,"msg_id":85,"sender":"n4","type":"gossip"}}
2023/05/29 23:47:22 Received {n4 n3 {"counter":6,"message":35,"msg_id":22,"sender":"n4","type":"gossip"}}
2023/05/29 23:47:22 Received {n0 n3 {"in_reply_to":79,"type":"gossip_ok"}}
2023/05/29 23:47:22 Received {n4 n3 {"in_reply_to":80,"type":"gossip_ok"}}
2023/05/29 23:47:22 Sent {"src":"n3","dest":"n4","body":{"in_reply_to":22,"type":"gossip_ok"}}
2023/05/29 23:47:22 Sent {"src":"n3","dest":"n0","body":{"in_reply_to":85,"type":"gossip_ok"}}
2023/05/29 23:47:22 Received {n0 n3 {"counter":13,"message":36,"msg_id":87,"sender":"n0","type":"gossip"}}
2023/05/29 23:47:22 Sent {"src":"n3","dest":"n0","body":{"counter":13,"message":36,"msg_id":81,"sender":"n0","type":"gossip"}}
2023/05/29 23:47:22 Sent {"src":"n3","dest":"n4","body":{"counter":13,"message":36,"msg_id":82,"sender":"n0","type":"gossip"}}
2023/05/29 23:47:22 Sent {"src":"n3","dest":"n0","body":{"in_reply_to":87,"type":"gossip_ok"}}
2023/05/29 23:47:22 Received {n0 n3 {"counter":13,"message":36,"msg_id":89,"sender":"n0","type":"gossip"}}
2023/05/29 23:47:22 Sent {"src":"n3","dest":"n0","body":{"in_reply_to":89,"type":"gossip_ok"}}
2023/05/29 23:47:22 Received {n4 n3 {"in_reply_to":82,"type":"gossip_ok"}}
2023/05/29 23:47:22 Received {n0 n3 {"in_reply_to":81,"type":"gossip_ok"}}
2023/05/29 23:47:22 Received {n4 n3 {"counter":13,"message":36,"msg_id":24,"sender":"n0","type":"gossip"}}
2023/05/29 23:47:22 Sent {"src":"n3","dest":"n4","body":{"in_reply_to":24,"type":"gossip_ok"}}
2023/05/29 23:47:22 Received {c12 n3 {"type":"broadcast","message":37,"msg_id":15}}
2023/05/29 23:47:22 Sent {"src":"n3","dest":"n0","body":{"counter":10,"message":37,"msg_id":83,"sender":"n3","type":"gossip"}}
2023/05/29 23:47:22 Sent {"src":"n3","dest":"n4","body":{"counter":10,"message":37,"msg_id":84,"sender":"n3","type":"gossip"}}
2023/05/29 23:47:22 Sent {"src":"n3","dest":"c12","body":{"in_reply_to":15,"type":"broadcast_ok"}}
2023/05/29 23:47:22 Received {n0 n3 {"counter":10,"message":37,"msg_id":91,"sender":"n3","type":"gossip"}}
2023/05/29 23:47:22 Received {n4 n3 {"counter":10,"message":37,"msg_id":26,"sender":"n3","type":"gossip"}}
2023/05/29 23:47:22 Received {n0 n3 {"in_reply_to":83,"type":"gossip_ok"}}
2023/05/29 23:47:22 Received {n4 n3 {"in_reply_to":84,"type":"gossip_ok"}}
2023/05/29 23:47:22 Sent {"src":"n3","dest":"n0","body":{"counter":10,"message":37,"msg_id":85,"sender":"n3","type":"gossip"}}
2023/05/29 23:47:22 Sent {"src":"n3","dest":"n4","body":{"counter":10,"message":37,"msg_id":86,"sender":"n3","type":"gossip"}}
2023/05/29 23:47:22 Sent {"src":"n3","dest":"n0","body":{"in_reply_to":91,"type":"gossip_ok"}}
2023/05/29 23:47:22 Sent {"src":"n3","dest":"n4","body":{"in_reply_to":26,"type":"gossip_ok"}}
2023/05/29 23:47:22 Received {n4 n3 {"in_reply_to":86,"type":"gossip_ok"}}
2023/05/29 23:47:22 Received {n0 n3 {"in_reply_to":85,"type":"gossip_ok"}}
2023/05/29 23:47:22 Received {n4 n3 {"counter":7,"message":38,"msg_id":28,"sender":"n4","type":"gossip"}}
2023/05/29 23:47:22 Sent {"src":"n3","dest":"n0","body":{"counter":7,"message":38,"msg_id":87,"sender":"n4","type":"gossip"}}
2023/05/29 23:47:22 Sent {"src":"n3","dest":"n4","body":{"counter":7,"message":38,"msg_id":88,"sender":"n4","type":"gossip"}}
2023/05/29 23:47:22 Sent {"src":"n3","dest":"n4","body":{"in_reply_to":28,"type":"gossip_ok"}}
2023/05/29 23:47:22 Received {n4 n3 {"counter":7,"message":38,"msg_id":30,"sender":"n4","type":"gossip"}}
2023/05/29 23:47:22 Received {n4 n3 {"in_reply_to":88,"type":"gossip_ok"}}
2023/05/29 23:47:22 Sent {"src":"n3","dest":"n4","body":{"in_reply_to":30,"type":"gossip_ok"}}
2023/05/29 23:47:22 Received {n0 n3 {"counter":7,"message":38,"msg_id":93,"sender":"n4","type":"gossip"}}
2023/05/29 23:47:22 Received {n0 n3 {"in_reply_to":87,"type":"gossip_ok"}}
2023/05/29 23:47:22 Sent {"src":"n3","dest":"n0","body":{"in_reply_to":93,"type":"gossip_ok"}}
2023/05/29 23:47:22 Received {n0 n3 {"counter":14,"message":39,"msg_id":95,"sender":"n0","type":"gossip"}}
2023/05/29 23:47:22 Sent {"src":"n3","dest":"n0","body":{"counter":14,"message":39,"msg_id":89,"sender":"n0","type":"gossip"}}
2023/05/29 23:47:22 Sent {"src":"n3","dest":"n4","body":{"counter":14,"message":39,"msg_id":90,"sender":"n0","type":"gossip"}}
2023/05/29 23:47:22 Sent {"src":"n3","dest":"n0","body":{"in_reply_to":95,"type":"gossip_ok"}}
2023/05/29 23:47:22 Received {n0 n3 {"counter":14,"message":39,"msg_id":97,"sender":"n0","type":"gossip"}}
2023/05/29 23:47:22 Received {n0 n3 {"in_reply_to":89,"type":"gossip_ok"}}
2023/05/29 23:47:22 Sent {"src":"n3","dest":"n0","body":{"in_reply_to":97,"type":"gossip_ok"}}
2023/05/29 23:47:22 Received {n4 n3 {"counter":14,"message":39,"msg_id":32,"sender":"n0","type":"gossip"}}
2023/05/29 23:47:22 Received {n4 n3 {"in_reply_to":90,"type":"gossip_ok"}}
2023/05/29 23:47:22 Sent {"src":"n3","dest":"n4","body":{"in_reply_to":32,"type":"gossip_ok"}}
2023/05/29 23:47:22 Received {n4 n3 {"counter":5,"message":40,"msg_id":34,"sender":"n1","type":"gossip"}}
2023/05/29 23:47:22 Received {n0 n3 {"counter":5,"message":40,"msg_id":99,"sender":"n1","type":"gossip"}}
2023/05/29 23:47:22 Sent {"src":"n3","dest":"n0","body":{"in_reply_to":99,"type":"gossip_ok"}}
2023/05/29 23:47:22 Sent {"src":"n3","dest":"n0","body":{"counter":5,"message":40,"msg_id":91,"sender":"n1","type":"gossip"}}
2023/05/29 23:47:22 Sent {"src":"n3","dest":"n4","body":{"counter":5,"message":40,"msg_id":92,"sender":"n1","type":"gossip"}}
2023/05/29 23:47:22 Sent {"src":"n3","dest":"n4","body":{"in_reply_to":34,"type":"gossip_ok"}}
2023/05/29 23:47:22 Received {n0 n3 {"in_reply_to":91,"type":"gossip_ok"}}
2023/05/29 23:47:22 Received {n4 n3 {"in_reply_to":92,"type":"gossip_ok"}}
2023/05/29 23:47:22 Received {n4 n3 {"counter":6,"message":41,"msg_id":36,"sender":"n2","type":"gossip"}}
2023/05/29 23:47:22 Received {n0 n3 {"counter":6,"message":41,"msg_id":101,"sender":"n2","type":"gossip"}}
2023/05/29 23:47:22 Sent {"src":"n3","dest":"n0","body":{"in_reply_to":101,"type":"gossip_ok"}}
2023/05/29 23:47:22 Sent {"src":"n3","dest":"n0","body":{"counter":6,"message":41,"msg_id":93,"sender":"n2","type":"gossip"}}
2023/05/29 23:47:22 Sent {"src":"n3","dest":"n4","body":{"counter":6,"message":41,"msg_id":94,"sender":"n2","type":"gossip"}}
2023/05/29 23:47:22 Sent {"src":"n3","dest":"n4","body":{"in_reply_to":36,"type":"gossip_ok"}}
2023/05/29 23:47:22 Received {n4 n3 {"in_reply_to":94,"type":"gossip_ok"}}
2023/05/29 23:47:22 Received {n0 n3 {"in_reply_to":93,"type":"gossip_ok"}}
2023/05/29 23:47:22 Received {c12 n3 {"type":"broadcast","message":42,"msg_id":16}}
2023/05/29 23:47:22 Sent {"src":"n3","dest":"n0","body":{"counter":11,"message":42,"msg_id":95,"sender":"n3","type":"gossip"}}
2023/05/29 23:47:22 Sent {"src":"n3","dest":"n4","body":{"counter":11,"message":42,"msg_id":96,"sender":"n3","type":"gossip"}}
2023/05/29 23:47:22 Sent {"src":"n3","dest":"c12","body":{"in_reply_to":16,"type":"broadcast_ok"}}
2023/05/29 23:47:22 Received {n0 n3 {"counter":11,"message":42,"msg_id":103,"sender":"n3","type":"gossip"}}
2023/05/29 23:47:22 Received {n4 n3 {"counter":11,"message":42,"msg_id":38,"sender":"n3","type":"gossip"}}
2023/05/29 23:47:22 Received {n4 n3 {"in_reply_to":96,"type":"gossip_ok"}}
2023/05/29 23:47:22 Received {n0 n3 {"in_reply_to":95,"type":"gossip_ok"}}
2023/05/29 23:47:22 Sent {"src":"n3","dest":"n0","body":{"counter":11,"message":42,"msg_id":97,"sender":"n3","type":"gossip"}}
2023/05/29 23:47:22 Sent {"src":"n3","dest":"n4","body":{"counter":11,"message":42,"msg_id":98,"sender":"n3","type":"gossip"}}
2023/05/29 23:47:22 Sent {"src":"n3","dest":"n4","body":{"in_reply_to":38,"type":"gossip_ok"}}
2023/05/29 23:47:22 Sent {"src":"n3","dest":"n0","body":{"in_reply_to":103,"type":"gossip_ok"}}
2023/05/29 23:47:22 Received {n0 n3 {"in_reply_to":97,"type":"gossip_ok"}}
2023/05/29 23:47:22 Received {n4 n3 {"in_reply_to":98,"type":"gossip_ok"}}
2023/05/29 23:47:23 Received {n4 n3 {"counter":8,"message":43,"msg_id":40,"sender":"n4","type":"gossip"}}
2023/05/29 23:47:23 Sent {"src":"n3","dest":"n0","body":{"counter":8,"message":43,"msg_id":99,"sender":"n4","type":"gossip"}}
2023/05/29 23:47:23 Sent {"src":"n3","dest":"n4","body":{"counter":8,"message":43,"msg_id":100,"sender":"n4","type":"gossip"}}
2023/05/29 23:47:23 Sent {"src":"n3","dest":"n4","body":{"in_reply_to":40,"type":"gossip_ok"}}
2023/05/29 23:47:23 Received {n4 n3 {"counter":8,"message":43,"msg_id":42,"sender":"n4","type":"gossip"}}
2023/05/29 23:47:23 Received {n4 n3 {"in_reply_to":100,"type":"gossip_ok"}}
2023/05/29 23:47:23 Sent {"src":"n3","dest":"n4","body":{"in_reply_to":42,"type":"gossip_ok"}}
2023/05/29 23:47:23 Received {n0 n3 {"counter":8,"message":43,"msg_id":105,"sender":"n4","type":"gossip"}}
2023/05/29 23:47:23 Received {n0 n3 {"in_reply_to":99,"type":"gossip_ok"}}
2023/05/29 23:47:23 Sent {"src":"n3","dest":"n0","body":{"in_reply_to":105,"type":"gossip_ok"}}
2023/05/29 23:47:23 Received {n0 n3 {"counter":15,"message":44,"msg_id":107,"sender":"n0","type":"gossip"}}
2023/05/29 23:47:23 Sent {"src":"n3","dest":"n0","body":{"counter":15,"message":44,"msg_id":101,"sender":"n0","type":"gossip"}}
2023/05/29 23:47:23 Sent {"src":"n3","dest":"n4","body":{"counter":15,"message":44,"msg_id":102,"sender":"n0","type":"gossip"}}
2023/05/29 23:47:23 Sent {"src":"n3","dest":"n0","body":{"in_reply_to":107,"type":"gossip_ok"}}
2023/05/29 23:47:23 Received {n0 n3 {"counter":15,"message":44,"msg_id":109,"sender":"n0","type":"gossip"}}
2023/05/29 23:47:23 Received {n0 n3 {"in_reply_to":101,"type":"gossip_ok"}}
2023/05/29 23:47:23 Received {n4 n3 {"counter":15,"message":44,"msg_id":44,"sender":"n0","type":"gossip"}}
2023/05/29 23:47:23 Sent {"src":"n3","dest":"n0","body":{"in_reply_to":109,"type":"gossip_ok"}}
2023/05/29 23:47:23 Sent {"src":"n3","dest":"n4","body":{"in_reply_to":44,"type":"gossip_ok"}}
2023/05/29 23:47:23 Received {n4 n3 {"in_reply_to":102,"type":"gossip_ok"}}
2023/05/29 23:47:23 Received {c12 n3 {"type":"broadcast","message":45,"msg_id":17}}
2023/05/29 23:47:23 Sent {"src":"n3","dest":"n0","body":{"counter":12,"message":45,"msg_id":103,"sender":"n3","type":"gossip"}}
2023/05/29 23:47:23 Sent {"src":"n3","dest":"n4","body":{"counter":12,"message":45,"msg_id":104,"sender":"n3","type":"gossip"}}
2023/05/29 23:47:23 Sent {"src":"n3","dest":"c12","body":{"in_reply_to":17,"type":"broadcast_ok"}}
2023/05/29 23:47:23 Received {n0 n3 {"counter":12,"message":45,"msg_id":111,"sender":"n3","type":"gossip"}}
2023/05/29 23:47:23 Received {n4 n3 {"counter":12,"message":45,"msg_id":46,"sender":"n3","type":"gossip"}}
2023/05/29 23:47:23 Sent {"src":"n3","dest":"n0","body":{"counter":12,"message":45,"msg_id":105,"sender":"n3","type":"gossip"}}
2023/05/29 23:47:23 Sent {"src":"n3","dest":"n4","body":{"counter":12,"message":45,"msg_id":106,"sender":"n3","type":"gossip"}}
2023/05/29 23:47:23 Received {n4 n3 {"in_reply_to":104,"type":"gossip_ok"}}
2023/05/29 23:47:23 Received {n0 n3 {"in_reply_to":103,"type":"gossip_ok"}}
2023/05/29 23:47:23 Sent {"src":"n3","dest":"n0","body":{"in_reply_to":111,"type":"gossip_ok"}}
2023/05/29 23:47:23 Sent {"src":"n3","dest":"n4","body":{"in_reply_to":46,"type":"gossip_ok"}}
2023/05/29 23:47:23 Received {n0 n3 {"in_reply_to":105,"type":"gossip_ok"}}
2023/05/29 23:47:23 Received {n4 n3 {"in_reply_to":106,"type":"gossip_ok"}}
2023/05/29 23:47:23 Received {n0 n3 {"counter":16,"message":46,"msg_id":113,"sender":"n0","type":"gossip"}}
2023/05/29 23:47:23 Sent {"src":"n3","dest":"n0","body":{"counter":16,"message":46,"msg_id":107,"sender":"n0","type":"gossip"}}
2023/05/29 23:47:23 Sent {"src":"n3","dest":"n4","body":{"counter":16,"message":46,"msg_id":108,"sender":"n0","type":"gossip"}}
2023/05/29 23:47:23 Sent {"src":"n3","dest":"n0","body":{"in_reply_to":113,"type":"gossip_ok"}}
2023/05/29 23:47:23 Received {n0 n3 {"counter":16,"message":46,"msg_id":115,"sender":"n0","type":"gossip"}}
2023/05/29 23:47:23 Received {n0 n3 {"in_reply_to":107,"type":"gossip_ok"}}
2023/05/29 23:47:23 Received {n4 n3 {"counter":16,"message":46,"msg_id":48,"sender":"n0","type":"gossip"}}
2023/05/29 23:47:23 Received {n4 n3 {"in_reply_to":108,"type":"gossip_ok"}}
2023/05/29 23:47:23 Sent {"src":"n3","dest":"n0","body":{"in_reply_to":115,"type":"gossip_ok"}}
2023/05/29 23:47:23 Sent {"src":"n3","dest":"n4","body":{"in_reply_to":48,"type":"gossip_ok"}}
2023/05/29 23:47:24 Received {n4 n3 {"counter":7,"message":47,"msg_id":50,"sender":"n2","type":"gossip"}}
2023/05/29 23:47:24 Received {n0 n3 {"counter":7,"message":47,"msg_id":117,"sender":"n2","type":"gossip"}}
2023/05/29 23:47:24 Sent {"src":"n3","dest":"n4","body":{"in_reply_to":50,"type":"gossip_ok"}}
2023/05/29 23:47:24 Sent {"src":"n3","dest":"n0","body":{"counter":7,"message":47,"msg_id":109,"sender":"n2","type":"gossip"}}
2023/05/29 23:47:24 Sent {"src":"n3","dest":"n4","body":{"counter":7,"message":47,"msg_id":110,"sender":"n2","type":"gossip"}}
2023/05/29 23:47:24 Sent {"src":"n3","dest":"n0","body":{"in_reply_to":117,"type":"gossip_ok"}}
2023/05/29 23:47:24 Received {n0 n3 {"in_reply_to":109,"type":"gossip_ok"}}
2023/05/29 23:47:24 Received {n4 n3 {"in_reply_to":110,"type":"gossip_ok"}}
2023/05/29 23:47:24 Received {c12 n3 {"type":"read","msg_id":18}}
2023/05/29 23:47:24 Sent {"src":"n3","dest":"c12","body":{"in_reply_to":18,"messages":[0,2,3,3,5,6,7,7,9,10,11,11,12,13,14,15,15,16,17,18,19,20,20,21,21,22,23,24,26,28,29,30,30,31,32,32,33,34,34,35,36,37,37,38,39,40,41,42,42,43,44,45,45,46,47],"msg_id":18,"type":"read_ok"}}
2023/05/29 23:47:24 Received {n0 n3 {"counter":17,"message":48,"msg_id":119,"sender":"n0","type":"gossip"}}
2023/05/29 23:47:24 Sent {"src":"n3","dest":"n0","body":{"counter":17,"message":48,"msg_id":111,"sender":"n0","type":"gossip"}}
2023/05/29 23:47:24 Sent {"src":"n3","dest":"n4","body":{"counter":17,"message":48,"msg_id":112,"sender":"n0","type":"gossip"}}
2023/05/29 23:47:24 Sent {"src":"n3","dest":"n0","body":{"in_reply_to":119,"type":"gossip_ok"}}
2023/05/29 23:47:24 Received {n0 n3 {"counter":17,"message":48,"msg_id":121,"sender":"n0","type":"gossip"}}
2023/05/29 23:47:24 Received {n4 n3 {"counter":17,"message":48,"msg_id":52,"sender":"n0","type":"gossip"}}
2023/05/29 23:47:24 Received {n0 n3 {"in_reply_to":111,"type":"gossip_ok"}}
2023/05/29 23:47:24 Received {n4 n3 {"in_reply_to":112,"type":"gossip_ok"}}
2023/05/29 23:47:24 Sent {"src":"n3","dest":"n4","body":{"in_reply_to":52,"type":"gossip_ok"}}
2023/05/29 23:47:24 Sent {"src":"n3","dest":"n0","body":{"in_reply_to":121,"type":"gossip_ok"}}
2023/05/29 23:47:24 Received {c12 n3 {"type":"broadcast","message":49,"msg_id":19}}
2023/05/29 23:47:24 Sent {"src":"n3","dest":"n0","body":{"counter":13,"message":49,"msg_id":113,"sender":"n3","type":"gossip"}}
2023/05/29 23:47:24 Sent {"src":"n3","dest":"n4","body":{"counter":13,"message":49,"msg_id":114,"sender":"n3","type":"gossip"}}
2023/05/29 23:47:24 Sent {"src":"n3","dest":"c12","body":{"in_reply_to":19,"type":"broadcast_ok"}}
2023/05/29 23:47:24 Received {n0 n3 {"counter":13,"message":49,"msg_id":123,"sender":"n3","type":"gossip"}}
2023/05/29 23:47:24 Sent {"src":"n3","dest":"n0","body":{"counter":13,"message":49,"msg_id":115,"sender":"n3","type":"gossip"}}
2023/05/29 23:47:24 Sent {"src":"n3","dest":"n4","body":{"counter":13,"message":49,"msg_id":116,"sender":"n3","type":"gossip"}}
2023/05/29 23:47:24 Sent {"src":"n3","dest":"n0","body":{"in_reply_to":123,"type":"gossip_ok"}}
2023/05/29 23:47:24 Received {n0 n3 {"in_reply_to":113,"type":"gossip_ok"}}
2023/05/29 23:47:24 Received {n4 n3 {"counter":13,"message":49,"msg_id":54,"sender":"n3","type":"gossip"}}
2023/05/29 23:47:24 Received {n4 n3 {"in_reply_to":114,"type":"gossip_ok"}}
2023/05/29 23:47:24 Sent {"src":"n3","dest":"n4","body":{"in_reply_to":54,"type":"gossip_ok"}}
2023/05/29 23:47:24 Received {n0 n3 {"in_reply_to":115,"type":"gossip_ok"}}
2023/05/29 23:47:24 Received {n4 n3 {"in_reply_to":116,"type":"gossip_ok"}}
2023/05/29 23:47:24 Received {n4 n3 {"counter":9,"message":50,"msg_id":56,"sender":"n4","type":"gossip"}}
2023/05/29 23:47:24 Sent {"src":"n3","dest":"n0","body":{"counter":9,"message":50,"msg_id":117,"sender":"n4","type":"gossip"}}
2023/05/29 23:47:24 Sent {"src":"n3","dest":"n4","body":{"counter":9,"message":50,"msg_id":118,"sender":"n4","type":"gossip"}}
2023/05/29 23:47:24 Sent {"src":"n3","dest":"n4","body":{"in_reply_to":56,"type":"gossip_ok"}}
2023/05/29 23:47:24 Received {n0 n3 {"counter":9,"message":50,"msg_id":125,"sender":"n4","type":"gossip"}}
2023/05/29 23:47:24 Received {n4 n3 {"counter":9,"message":50,"msg_id":58,"sender":"n4","type":"gossip"}}
2023/05/29 23:47:24 Received {n0 n3 {"in_reply_to":117,"type":"gossip_ok"}}
2023/05/29 23:47:24 Received {n4 n3 {"in_reply_to":118,"type":"gossip_ok"}}
2023/05/29 23:47:24 Sent {"src":"n3","dest":"n0","body":{"in_reply_to":125,"type":"gossip_ok"}}
2023/05/29 23:47:24 Sent {"src":"n3","dest":"n4","body":{"in_reply_to":58,"type":"gossip_ok"}}
2023/05/29 23:47:25 Received {n0 n3 {"counter":18,"message":51,"msg_id":127,"sender":"n0","type":"gossip"}}
2023/05/29 23:47:25 Sent {"src":"n3","dest":"n0","body":{"counter":18,"message":51,"msg_id":119,"sender":"n0","type":"gossip"}}
2023/05/29 23:47:25 Sent {"src":"n3","dest":"n4","body":{"counter":18,"message":51,"msg_id":120,"sender":"n0","type":"gossip"}}
2023/05/29 23:47:25 Sent {"src":"n3","dest":"n0","body":{"in_reply_to":127,"type":"gossip_ok"}}
2023/05/29 23:47:25 Received {n0 n3 {"counter":18,"message":51,"msg_id":129,"sender":"n0","type":"gossip"}}
2023/05/29 23:47:25 Received {n4 n3 {"counter":18,"message":51,"msg_id":60,"sender":"n0","type":"gossip"}}
2023/05/29 23:47:25 Received {n4 n3 {"in_reply_to":120,"type":"gossip_ok"}}
2023/05/29 23:47:25 Received {n0 n3 {"in_reply_to":119,"type":"gossip_ok"}}
2023/05/29 23:47:25 Sent {"src":"n3","dest":"n0","body":{"in_reply_to":129,"type":"gossip_ok"}}
2023/05/29 23:47:25 Sent {"src":"n3","dest":"n4","body":{"in_reply_to":60,"type":"gossip_ok"}}
2023/05/29 23:47:25 Received {c12 n3 {"type":"read","msg_id":20}}
2023/05/29 23:47:25 Sent {"src":"n3","dest":"c12","body":{"in_reply_to":20,"messages":[0,2,3,3,5,6,7,7,9,10,11,11,12,13,14,15,15,16,17,18,19,20,20,21,21,22,23,24,26,28,29,30,30,31,32,32,33,34,34,35,36,37,37,38,39,40,41,42,42,43,44,45,45,46,47,48,49,49,50,51],"msg_id":20,"type":"read_ok"}}
2023/05/29 23:47:25 Received {n4 n3 {"counter":10,"message":52,"msg_id":62,"sender":"n4","type":"gossip"}}
2023/05/29 23:47:25 Sent {"src":"n3","dest":"n0","body":{"counter":10,"message":52,"msg_id":121,"sender":"n4","type":"gossip"}}
2023/05/29 23:47:25 Sent {"src":"n3","dest":"n4","body":{"counter":10,"message":52,"msg_id":122,"sender":"n4","type":"gossip"}}
2023/05/29 23:47:25 Sent {"src":"n3","dest":"n4","body":{"in_reply_to":62,"type":"gossip_ok"}}
2023/05/29 23:47:25 Received {n4 n3 {"counter":10,"message":52,"msg_id":64,"sender":"n4","type":"gossip"}}
2023/05/29 23:47:25 Received {n0 n3 {"counter":10,"message":52,"msg_id":131,"sender":"n4","type":"gossip"}}
2023/05/29 23:47:25 Sent {"src":"n3","dest":"n4","body":{"in_reply_to":64,"type":"gossip_ok"}}
2023/05/29 23:47:25 Sent {"src":"n3","dest":"n0","body":{"in_reply_to":131,"type":"gossip_ok"}}
2023/05/29 23:47:25 Received {n0 n3 {"in_reply_to":121,"type":"gossip_ok"}}
2023/05/29 23:47:25 Received {n4 n3 {"in_reply_to":122,"type":"gossip_ok"}}
2023/05/29 23:47:25 Received {n0 n3 {"counter":19,"message":53,"msg_id":133,"sender":"n0","type":"gossip"}}
2023/05/29 23:47:25 Sent {"src":"n3","dest":"n0","body":{"counter":19,"message":53,"msg_id":123,"sender":"n0","type":"gossip"}}
2023/05/29 23:47:25 Sent {"src":"n3","dest":"n4","body":{"counter":19,"message":53,"msg_id":124,"sender":"n0","type":"gossip"}}
2023/05/29 23:47:25 Sent {"src":"n3","dest":"n0","body":{"in_reply_to":133,"type":"gossip_ok"}}
2023/05/29 23:47:25 Received {n0 n3 {"counter":19,"message":53,"msg_id":135,"sender":"n0","type":"gossip"}}
2023/05/29 23:47:25 Received {n4 n3 {"counter":19,"message":53,"msg_id":66,"sender":"n0","type":"gossip"}}
2023/05/29 23:47:25 Received {n4 n3 {"in_reply_to":124,"type":"gossip_ok"}}
2023/05/29 23:47:25 Received {n0 n3 {"in_reply_to":123,"type":"gossip_ok"}}
2023/05/29 23:47:25 Sent {"src":"n3","dest":"n0","body":{"in_reply_to":135,"type":"gossip_ok"}}
2023/05/29 23:47:25 Sent {"src":"n3","dest":"n4","body":{"in_reply_to":66,"type":"gossip_ok"}}
2023/05/29 23:47:25 Received {n4 n3 {"counter":6,"message":54,"msg_id":68,"sender":"n1","type":"gossip"}}
2023/05/29 23:47:25 Received {n0 n3 {"counter":6,"message":54,"msg_id":137,"sender":"n1","type":"gossip"}}
2023/05/29 23:47:25 Sent {"src":"n3","dest":"n0","body":{"counter":6,"message":54,"msg_id":125,"sender":"n1","type":"gossip"}}
2023/05/29 23:47:25 Sent {"src":"n3","dest":"n4","body":{"counter":6,"message":54,"msg_id":126,"sender":"n1","type":"gossip"}}
2023/05/29 23:47:25 Sent {"src":"n3","dest":"n0","body":{"in_reply_to":137,"type":"gossip_ok"}}
2023/05/29 23:47:25 Sent {"src":"n3","dest":"n4","body":{"in_reply_to":68,"type":"gossip_ok"}}
2023/05/29 23:47:25 Received {n4 n3 {"in_reply_to":126,"type":"gossip_ok"}}
2023/05/29 23:47:25 Received {n0 n3 {"in_reply_to":125,"type":"gossip_ok"}}
2023/05/29 23:47:26 Received {c12 n3 {"type":"read","msg_id":21}}
2023/05/29 23:47:26 Sent {"src":"n3","dest":"c12","body":{"in_reply_to":21,"messages":[0,2,3,3,5,6,7,7,9,10,11,11,12,13,14,15,15,16,17,18,19,20,20,21,21,22,23,24,26,28,29,30,30,31,32,32,33,34,34,35,36,37,37,38,39,40,41,42,42,43,44,45,45,46,47,48,49,49,50,51,52,53,54],"msg_id":21,"type":"read_ok"}}
2023/05/29 23:47:26 Received {n4 n3 {"counter":11,"message":55,"msg_id":70,"sender":"n4","type":"gossip"}}
2023/05/29 23:47:26 Sent {"src":"n3","dest":"n0","body":{"counter":11,"message":55,"msg_id":127,"sender":"n4","type":"gossip"}}
2023/05/29 23:47:26 Sent {"src":"n3","dest":"n4","body":{"counter":11,"message":55,"msg_id":128,"sender":"n4","type":"gossip"}}
2023/05/29 23:47:26 Sent {"src":"n3","dest":"n4","body":{"in_reply_to":70,"type":"gossip_ok"}}
2023/05/29 23:47:26 Received {n4 n3 {"counter":11,"message":55,"msg_id":72,"sender":"n4","type":"gossip"}}
2023/05/29 23:47:26 Received {n0 n3 {"counter":11,"message":55,"msg_id":139,"sender":"n4","type":"gossip"}}
2023/05/29 23:47:26 Sent {"src":"n3","dest":"n4","body":{"in_reply_to":72,"type":"gossip_ok"}}
2023/05/29 23:47:26 Received {n0 n3 {"in_reply_to":127,"type":"gossip_ok"}}
2023/05/29 23:47:26 Received {n4 n3 {"in_reply_to":128,"type":"gossip_ok"}}
2023/05/29 23:47:26 Sent {"src":"n3","dest":"n0","body":{"in_reply_to":139,"type":"gossip_ok"}}
2023/05/29 23:47:26 Received {n0 n3 {"counter":20,"message":56,"msg_id":141,"sender":"n0","type":"gossip"}}
2023/05/29 23:47:26 Sent {"src":"n3","dest":"n0","body":{"counter":20,"message":56,"msg_id":129,"sender":"n0","type":"gossip"}}
2023/05/29 23:47:26 Sent {"src":"n3","dest":"n4","body":{"counter":20,"message":56,"msg_id":130,"sender":"n0","type":"gossip"}}
2023/05/29 23:47:26 Sent {"src":"n3","dest":"n0","body":{"in_reply_to":141,"type":"gossip_ok"}}
2023/05/29 23:47:26 Received {n0 n3 {"counter":20,"message":56,"msg_id":143,"sender":"n0","type":"gossip"}}
2023/05/29 23:47:26 Received {n4 n3 {"counter":20,"message":56,"msg_id":74,"sender":"n0","type":"gossip"}}
2023/05/29 23:47:26 Sent {"src":"n3","dest":"n0","body":{"in_reply_to":143,"type":"gossip_ok"}}
2023/05/29 23:47:26 Sent {"src":"n3","dest":"n4","body":{"in_reply_to":74,"type":"gossip_ok"}}
2023/05/29 23:47:26 Received {n0 n3 {"in_reply_to":129,"type":"gossip_ok"}}
2023/05/29 23:47:26 Received {n4 n3 {"in_reply_to":130,"type":"gossip_ok"}}
2023/05/29 23:47:26 Received {n4 n3 {"counter":8,"message":57,"msg_id":76,"sender":"n2","type":"gossip"}}
2023/05/29 23:47:26 Sent {"src":"n3","dest":"n0","body":{"counter":8,"message":57,"msg_id":131,"sender":"n2","type":"gossip"}}
2023/05/29 23:47:26 Sent {"src":"n3","dest":"n4","body":{"counter":8,"message":57,"msg_id":132,"sender":"n2","type":"gossip"}}
2023/05/29 23:47:26 Sent {"src":"n3","dest":"n4","body":{"in_reply_to":76,"type":"gossip_ok"}}
2023/05/29 23:47:26 Received {n0 n3 {"counter":8,"message":57,"msg_id":145,"sender":"n2","type":"gossip"}}
2023/05/29 23:47:26 Sent {"src":"n3","dest":"n0","body":{"in_reply_to":145,"type":"gossip_ok"}}
2023/05/29 23:47:26 Received {n0 n3 {"in_reply_to":131,"type":"gossip_ok"}}
2023/05/29 23:47:26 Received {n4 n3 {"in_reply_to":132,"type":"gossip_ok"}}
2023/05/29 23:47:26 Received {c12 n3 {"type":"read","msg_id":22}}
2023/05/29 23:47:26 Sent {"src":"n3","dest":"c12","body":{"in_reply_to":22,"messages":[0,2,3,3,5,6,7,7,9,10,11,11,12,13,14,15,15,16,17,18,19,20,20,21,21,22,23,24,26,28,29,30,30,31,32,32,33,34,34,35,36,37,37,38,39,40,41,42,42,43,44,45,45,46,47,48,49,49,50,51,52,53,54,55,56,57],"msg_id":22,"type":"read_ok"}}
2023/05/29 23:47:26 Received {n4 n3 {"counter":12,"message":58,"msg_id":78,"sender":"n4","type":"gossip"}}
2023/05/29 23:47:26 Sent {"src":"n3","dest":"n0","body":{"counter":12,"message":58,"msg_id":133,"sender":"n4","type":"gossip"}}
2023/05/29 23:47:26 Sent {"src":"n3","dest":"n4","body":{"counter":12,"message":58,"msg_id":134,"sender":"n4","type":"gossip"}}
2023/05/29 23:47:26 Sent {"src":"n3","dest":"n4","body":{"in_reply_to":78,"type":"gossip_ok"}}
2023/05/29 23:47:26 Received {n0 n3 {"counter":12,"message":58,"msg_id":147,"sender":"n4","type":"gossip"}}
2023/05/29 23:47:26 Received {n4 n3 {"counter":12,"message":58,"msg_id":80,"sender":"n4","type":"gossip"}}
2023/05/29 23:47:26 Received {n0 n3 {"in_reply_to":133,"type":"gossip_ok"}}
2023/05/29 23:47:26 Received {n4 n3 {"in_reply_to":134,"type":"gossip_ok"}}
2023/05/29 23:47:26 Sent {"src":"n3","dest":"n4","body":{"in_reply_to":80,"type":"gossip_ok"}}
2023/05/29 23:47:26 Sent {"src":"n3","dest":"n0","body":{"in_reply_to":147,"type":"gossip_ok"}}
2023/05/29 23:47:27 Received {n4 n3 {"counter":7,"message":59,"msg_id":82,"sender":"n1","type":"gossip"}}
2023/05/29 23:47:27 Sent {"src":"n3","dest":"n0","body":{"counter":7,"message":59,"msg_id":135,"sender":"n1","type":"gossip"}}
2023/05/29 23:47:27 Sent {"src":"n3","dest":"n4","body":{"counter":7,"message":59,"msg_id":136,"sender":"n1","type":"gossip"}}
2023/05/29 23:47:27 Sent {"src":"n3","dest":"n4","body":{"in_reply_to":82,"type":"gossip_ok"}}
2023/05/29 23:47:27 Received {n0 n3 {"counter":7,"message":59,"msg_id":149,"sender":"n1","type":"gossip"}}
2023/05/29 23:47:27 Sent {"src":"n3","dest":"n0","body":{"in_reply_to":149,"type":"gossip_ok"}}
2023/05/29 23:47:27 Received {n4 n3 {"in_reply_to":136,"type":"gossip_ok"}}
2023/05/29 23:47:27 Received {n0 n3 {"in_reply_to":135,"type":"gossip_ok"}}
2023/05/29 23:47:27 Received {n4 n3 {"counter":9,"message":60,"msg_id":84,"sender":"n2","type":"gossip"}}
2023/05/29 23:47:27 Received {n0 n3 {"counter":9,"message":60,"msg_id":151,"sender":"n2","type":"gossip"}}
2023/05/29 23:47:27 Sent {"src":"n3","dest":"n0","body":{"in_reply_to":151,"type":"gossip_ok"}}
2023/05/29 23:47:27 Sent {"src":"n3","dest":"n0","body":{"counter":9,"message":60,"msg_id":137,"sender":"n2","type":"gossip"}}
2023/05/29 23:47:27 Sent {"src":"n3","dest":"n4","body":{"counter":9,"message":60,"msg_id":138,"sender":"n2","type":"gossip"}}
2023/05/29 23:47:27 Sent {"src":"n3","dest":"n4","body":{"in_reply_to":84,"type":"gossip_ok"}}
2023/05/29 23:47:27 Received {n0 n3 {"in_reply_to":137,"type":"gossip_ok"}}
2023/05/29 23:47:27 Received {n4 n3 {"in_reply_to":138,"type":"gossip_ok"}}
2023/05/29 23:47:27 Received {c12 n3 {"type":"read","msg_id":23}}
2023/05/29 23:47:27 Sent {"src":"n3","dest":"c12","body":{"in_reply_to":23,"messages":[0,2,3,3,5,6,7,7,9,10,11,11,12,13,14,15,15,16,17,18,19,20,20,21,21,22,23,24,26,28,29,30,30,31,32,32,33,34,34,35,36,37,37,38,39,40,41,42,42,43,44,45,45,46,47,48,49,49,50,51,52,53,54,55,56,57,58,59,60],"msg_id":23,"type":"read_ok"}}
2023/05/29 23:47:27 Received {n4 n3 {"counter":13,"message":61,"msg_id":86,"sender":"n4","type":"gossip"}}
2023/05/29 23:47:27 Sent {"src":"n3","dest":"n0","body":{"counter":13,"message":61,"msg_id":139,"sender":"n4","type":"gossip"}}
2023/05/29 23:47:27 Sent {"src":"n3","dest":"n4","body":{"counter":13,"message":61,"msg_id":140,"sender":"n4","type":"gossip"}}
2023/05/29 23:47:27 Sent {"src":"n3","dest":"n4","body":{"in_reply_to":86,"type":"gossip_ok"}}
2023/05/29 23:47:27 Received {n4 n3 {"counter":13,"message":61,"msg_id":88,"sender":"n4","type":"gossip"}}
2023/05/29 23:47:27 Received {n0 n3 {"counter":13,"message":61,"msg_id":153,"sender":"n4","type":"gossip"}}
2023/05/29 23:47:27 Received {n0 n3 {"in_reply_to":139,"type":"gossip_ok"}}
2023/05/29 23:47:27 Received {n4 n3 {"in_reply_to":140,"type":"gossip_ok"}}
2023/05/29 23:47:27 Sent {"src":"n3","dest":"n4","body":{"in_reply_to":88,"type":"gossip_ok"}}
2023/05/29 23:47:27 Sent {"src":"n3","dest":"n0","body":{"in_reply_to":153,"type":"gossip_ok"}}
2023/05/29 23:47:27 Received {n0 n3 {"counter":21,"message":62,"msg_id":155,"sender":"n0","type":"gossip"}}
2023/05/29 23:47:27 Sent {"src":"n3","dest":"n0","body":{"counter":21,"message":62,"msg_id":141,"sender":"n0","type":"gossip"}}
2023/05/29 23:47:27 Sent {"src":"n3","dest":"n4","body":{"counter":21,"message":62,"msg_id":142,"sender":"n0","type":"gossip"}}
2023/05/29 23:47:27 Sent {"src":"n3","dest":"n0","body":{"in_reply_to":155,"type":"gossip_ok"}}
2023/05/29 23:47:27 Received {n0 n3 {"counter":21,"message":62,"msg_id":157,"sender":"n0","type":"gossip"}}
2023/05/29 23:47:27 Received {n0 n3 {"in_reply_to":141,"type":"gossip_ok"}}
2023/05/29 23:47:27 Sent {"src":"n3","dest":"n0","body":{"in_reply_to":157,"type":"gossip_ok"}}
2023/05/29 23:47:27 Received {n4 n3 {"counter":21,"message":62,"msg_id":90,"sender":"n0","type":"gossip"}}
2023/05/29 23:47:27 Received {n4 n3 {"in_reply_to":142,"type":"gossip_ok"}}
2023/05/29 23:47:27 Sent {"src":"n3","dest":"n4","body":{"in_reply_to":90,"type":"gossip_ok"}}
2023/05/29 23:47:27 Received {n0 n3 {"counter":8,"message":63,"msg_id":159,"sender":"n1","type":"gossip"}}
2023/05/29 23:47:27 Received {n4 n3 {"counter":8,"message":63,"msg_id":92,"sender":"n1","type":"gossip"}}
2023/05/29 23:47:27 Sent {"src":"n3","dest":"n0","body":{"counter":8,"message":63,"msg_id":143,"sender":"n1","type":"gossip"}}
2023/05/29 23:47:27 Sent {"src":"n3","dest":"n4","body":{"counter":8,"message":63,"msg_id":144,"sender":"n1","type":"gossip"}}
2023/05/29 23:47:27 Sent {"src":"n3","dest":"n0","body":{"in_reply_to":159,"type":"gossip_ok"}}
2023/05/29 23:47:27 Sent {"src":"n3","dest":"n4","body":{"in_reply_to":92,"type":"gossip_ok"}}
2023/05/29 23:47:27 Received {n0 n3 {"in_reply_to":143,"type":"gossip_ok"}}
2023/05/29 23:47:27 Received {n4 n3 {"in_reply_to":144,"type":"gossip_ok"}}
2023/05/29 23:47:27 Received {n4 n3 {"counter":10,"message":64,"msg_id":94,"sender":"n2","type":"gossip"}}
2023/05/29 23:47:27 Sent {"src":"n3","dest":"n0","body":{"counter":10,"message":64,"msg_id":145,"sender":"n2","type":"gossip"}}
2023/05/29 23:47:27 Sent {"src":"n3","dest":"n4","body":{"counter":10,"message":64,"msg_id":146,"sender":"n2","type":"gossip"}}
2023/05/29 23:47:27 Sent {"src":"n3","dest":"n4","body":{"in_reply_to":94,"type":"gossip_ok"}}
2023/05/29 23:47:27 Received {n0 n3 {"counter":10,"message":64,"msg_id":161,"sender":"n2","type":"gossip"}}
2023/05/29 23:47:27 Sent {"src":"n3","dest":"n0","body":{"in_reply_to":161,"type":"gossip_ok"}}
2023/05/29 23:47:27 Received {n4 n3 {"in_reply_to":146,"type":"gossip_ok"}}
2023/05/29 23:47:27 Received {n0 n3 {"in_reply_to":145,"type":"gossip_ok"}}
2023/05/29 23:47:27 Received {c12 n3 {"type":"broadcast","message":65,"msg_id":24}}
2023/05/29 23:47:27 Sent {"src":"n3","dest":"n0","body":{"counter":14,"message":65,"msg_id":147,"sender":"n3","type":"gossip"}}
2023/05/29 23:47:27 Sent {"src":"n3","dest":"n4","body":{"counter":14,"message":65,"msg_id":148,"sender":"n3","type":"gossip"}}
2023/05/29 23:47:27 Sent {"src":"n3","dest":"c12","body":{"in_reply_to":24,"type":"broadcast_ok"}}
2023/05/29 23:47:27 Received {n0 n3 {"counter":14,"message":65,"msg_id":163,"sender":"n3","type":"gossip"}}
2023/05/29 23:47:27 Received {n4 n3 {"counter":14,"message":65,"msg_id":96,"sender":"n3","type":"gossip"}}
2023/05/29 23:47:27 Received {n4 n3 {"in_reply_to":148,"type":"gossip_ok"}}
2023/05/29 23:47:27 Received {n0 n3 {"in_reply_to":147,"type":"gossip_ok"}}
2023/05/29 23:47:27 Sent {"src":"n3","dest":"n0","body":{"in_reply_to":163,"type":"gossip_ok"}}
2023/05/29 23:47:27 Sent {"src":"n3","dest":"n0","body":{"counter":14,"message":65,"msg_id":149,"sender":"n3","type":"gossip"}}
2023/05/29 23:47:27 Sent {"src":"n3","dest":"n4","body":{"counter":14,"message":65,"msg_id":150,"sender":"n3","type":"gossip"}}
2023/05/29 23:47:27 Sent {"src":"n3","dest":"n4","body":{"in_reply_to":96,"type":"gossip_ok"}}
2023/05/29 23:47:27 Received {n0 n3 {"in_reply_to":149,"type":"gossip_ok"}}
2023/05/29 23:47:27 Received {n4 n3 {"in_reply_to":150,"type":"gossip_ok"}}
2023/05/29 23:47:28 Received {n0 n3 {"counter":9,"message":66,"msg_id":165,"sender":"n1","type":"gossip"}}
2023/05/29 23:47:28 Received {n4 n3 {"counter":9,"message":66,"msg_id":98,"sender":"n1","type":"gossip"}}
2023/05/29 23:47:28 Sent {"src":"n3","dest":"n0","body":{"counter":9,"message":66,"msg_id":151,"sender":"n1","type":"gossip"}}
2023/05/29 23:47:28 Sent {"src":"n3","dest":"n4","body":{"counter":9,"message":66,"msg_id":152,"sender":"n1","type":"gossip"}}
2023/05/29 23:47:28 Sent {"src":"n3","dest":"n0","body":{"in_reply_to":165,"type":"gossip_ok"}}
2023/05/29 23:47:28 Sent {"src":"n3","dest":"n4","body":{"in_reply_to":98,"type":"gossip_ok"}}
2023/05/29 23:47:28 Received {n0 n3 {"in_reply_to":151,"type":"gossip_ok"}}
2023/05/29 23:47:28 Received {n4 n3 {"in_reply_to":152,"type":"gossip_ok"}}
2023/05/29 23:47:28 Received {n4 n3 {"counter":11,"message":67,"msg_id":100,"sender":"n2","type":"gossip"}}
2023/05/29 23:47:28 Sent {"src":"n3","dest":"n0","body":{"counter":11,"message":67,"msg_id":153,"sender":"n2","type":"gossip"}}
2023/05/29 23:47:28 Sent {"src":"n3","dest":"n4","body":{"counter":11,"message":67,"msg_id":154,"sender":"n2","type":"gossip"}}
2023/05/29 23:47:28 Sent {"src":"n3","dest":"n4","body":{"in_reply_to":100,"type":"gossip_ok"}}
2023/05/29 23:47:28 Received {n0 n3 {"counter":11,"message":67,"msg_id":167,"sender":"n2","type":"gossip"}}
2023/05/29 23:47:28 Sent {"src":"n3","dest":"n0","body":{"in_reply_to":167,"type":"gossip_ok"}}
2023/05/29 23:47:28 Received {n4 n3 {"in_reply_to":154,"type":"gossip_ok"}}
2023/05/29 23:47:28 Received {n0 n3 {"in_reply_to":153,"type":"gossip_ok"}}
2023/05/29 23:47:28 Received {c12 n3 {"type":"broadcast","message":68,"msg_id":25}}
2023/05/29 23:47:28 Sent {"src":"n3","dest":"n0","body":{"counter":15,"message":68,"msg_id":155,"sender":"n3","type":"gossip"}}
2023/05/29 23:47:28 Sent {"src":"n3","dest":"n4","body":{"counter":15,"message":68,"msg_id":156,"sender":"n3","type":"gossip"}}
2023/05/29 23:47:28 Sent {"src":"n3","dest":"c12","body":{"in_reply_to":25,"type":"broadcast_ok"}}
2023/05/29 23:47:28 Received {n0 n3 {"counter":15,"message":68,"msg_id":169,"sender":"n3","type":"gossip"}}
2023/05/29 23:47:28 Received {n4 n3 {"counter":15,"message":68,"msg_id":102,"sender":"n3","type":"gossip"}}
2023/05/29 23:47:28 Received {n4 n3 {"in_reply_to":156,"type":"gossip_ok"}}
2023/05/29 23:47:28 Received {n0 n3 {"in_reply_to":155,"type":"gossip_ok"}}
2023/05/29 23:47:28 Sent {"src":"n3","dest":"n0","body":{"counter":15,"message":68,"msg_id":157,"sender":"n3","type":"gossip"}}
2023/05/29 23:47:28 Sent {"src":"n3","dest":"n4","body":{"counter":15,"message":68,"msg_id":158,"sender":"n3","type":"gossip"}}
2023/05/29 23:47:28 Sent {"src":"n3","dest":"n0","body":{"in_reply_to":169,"type":"gossip_ok"}}
2023/05/29 23:47:28 Sent {"src":"n3","dest":"n4","body":{"in_reply_to":102,"type":"gossip_ok"}}
2023/05/29 23:47:28 Received {n0 n3 {"in_reply_to":157,"type":"gossip_ok"}}
2023/05/29 23:47:28 Received {n4 n3 {"in_reply_to":158,"type":"gossip_ok"}}
2023/05/29 23:47:28 Received {n4 n3 {"counter":14,"message":69,"msg_id":104,"sender":"n4","type":"gossip"}}
2023/05/29 23:47:28 Sent {"src":"n3","dest":"n0","body":{"counter":14,"message":69,"msg_id":159,"sender":"n4","type":"gossip"}}
2023/05/29 23:47:28 Sent {"src":"n3","dest":"n4","body":{"counter":14,"message":69,"msg_id":160,"sender":"n4","type":"gossip"}}
2023/05/29 23:47:28 Sent {"src":"n3","dest":"n4","body":{"in_reply_to":104,"type":"gossip_ok"}}
2023/05/29 23:47:28 Received {n4 n3 {"counter":14,"message":69,"msg_id":106,"sender":"n4","type":"gossip"}}
2023/05/29 23:47:28 Received {n4 n3 {"in_reply_to":160,"type":"gossip_ok"}}
2023/05/29 23:47:28 Received {n0 n3 {"counter":14,"message":69,"msg_id":171,"sender":"n4","type":"gossip"}}
2023/05/29 23:47:28 Received {n0 n3 {"in_reply_to":159,"type":"gossip_ok"}}
2023/05/29 23:47:28 Sent {"src":"n3","dest":"n4","body":{"in_reply_to":106,"type":"gossip_ok"}}
2023/05/29 23:47:28 Sent {"src":"n3","dest":"n0","body":{"in_reply_to":171,"type":"gossip_ok"}}
2023/05/29 23:47:28 Received {n0 n3 {"counter":22,"message":70,"msg_id":173,"sender":"n0","type":"gossip"}}
2023/05/29 23:47:28 Sent {"src":"n3","dest":"n0","body":{"counter":22,"message":70,"msg_id":161,"sender":"n0","type":"gossip"}}
2023/05/29 23:47:28 Sent {"src":"n3","dest":"n4","body":{"counter":22,"message":70,"msg_id":162,"sender":"n0","type":"gossip"}}
2023/05/29 23:47:28 Sent {"src":"n3","dest":"n0","body":{"in_reply_to":173,"type":"gossip_ok"}}
2023/05/29 23:47:28 Received {n0 n3 {"counter":22,"message":70,"msg_id":175,"sender":"n0","type":"gossip"}}
2023/05/29 23:47:28 Received {n4 n3 {"counter":22,"message":70,"msg_id":108,"sender":"n0","type":"gossip"}}
2023/05/29 23:47:28 Sent {"src":"n3","dest":"n0","body":{"in_reply_to":175,"type":"gossip_ok"}}
2023/05/29 23:47:28 Sent {"src":"n3","dest":"n4","body":{"in_reply_to":108,"type":"gossip_ok"}}
2023/05/29 23:47:28 Received {n0 n3 {"in_reply_to":161,"type":"gossip_ok"}}
2023/05/29 23:47:28 Received {n4 n3 {"in_reply_to":162,"type":"gossip_ok"}}
2023/05/29 23:47:28 Received {n4 n3 {"counter":10,"message":71,"msg_id":110,"sender":"n1","type":"gossip"}}
2023/05/29 23:47:28 Sent {"src":"n3","dest":"n0","body":{"counter":10,"message":71,"msg_id":163,"sender":"n1","type":"gossip"}}
2023/05/29 23:47:28 Sent {"src":"n3","dest":"n4","body":{"counter":10,"message":71,"msg_id":164,"sender":"n1","type":"gossip"}}
2023/05/29 23:47:28 Sent {"src":"n3","dest":"n4","body":{"in_reply_to":110,"type":"gossip_ok"}}
2023/05/29 23:47:28 Received {n0 n3 {"counter":10,"message":71,"msg_id":177,"sender":"n1","type":"gossip"}}
2023/05/29 23:47:28 Sent {"src":"n3","dest":"n0","body":{"in_reply_to":177,"type":"gossip_ok"}}
2023/05/29 23:47:28 Received {n4 n3 {"in_reply_to":164,"type":"gossip_ok"}}
2023/05/29 23:47:28 Received {n0 n3 {"in_reply_to":163,"type":"gossip_ok"}}
2023/05/29 23:47:29 Received {c12 n3 {"type":"broadcast","message":72,"msg_id":26}}
2023/05/29 23:47:29 Sent {"src":"n3","dest":"n0","body":{"counter":16,"message":72,"msg_id":165,"sender":"n3","type":"gossip"}}
2023/05/29 23:47:29 Sent {"src":"n3","dest":"n4","body":{"counter":16,"message":72,"msg_id":166,"sender":"n3","type":"gossip"}}
2023/05/29 23:47:29 Sent {"src":"n3","dest":"c12","body":{"in_reply_to":26,"type":"broadcast_ok"}}
2023/05/29 23:47:29 Received {n0 n3 {"counter":16,"message":72,"msg_id":179,"sender":"n3","type":"gossip"}}
2023/05/29 23:47:29 Received {n4 n3 {"counter":16,"message":72,"msg_id":112,"sender":"n3","type":"gossip"}}
2023/05/29 23:47:29 Received {n0 n3 {"in_reply_to":165,"type":"gossip_ok"}}
2023/05/29 23:47:29 Received {n4 n3 {"in_reply_to":166,"type":"gossip_ok"}}
2023/05/29 23:47:29 Sent {"src":"n3","dest":"n0","body":{"counter":16,"message":72,"msg_id":167,"sender":"n3","type":"gossip"}}
2023/05/29 23:47:29 Sent {"src":"n3","dest":"n4","body":{"in_reply_to":112,"type":"gossip_ok"}}
2023/05/29 23:47:29 Sent {"src":"n3","dest":"n4","body":{"counter":16,"message":72,"msg_id":168,"sender":"n3","type":"gossip"}}
2023/05/29 23:47:29 Sent {"src":"n3","dest":"n0","body":{"in_reply_to":179,"type":"gossip_ok"}}
2023/05/29 23:47:29 Received {n0 n3 {"in_reply_to":167,"type":"gossip_ok"}}
2023/05/29 23:47:29 Received {n4 n3 {"in_reply_to":168,"type":"gossip_ok"}}
2023/05/29 23:47:29 Received {n0 n3 {"counter":23,"message":73,"msg_id":181,"sender":"n0","type":"gossip"}}
2023/05/29 23:47:29 Sent {"src":"n3","dest":"n0","body":{"counter":23,"message":73,"msg_id":169,"sender":"n0","type":"gossip"}}
2023/05/29 23:47:29 Sent {"src":"n3","dest":"n4","body":{"counter":23,"message":73,"msg_id":170,"sender":"n0","type":"gossip"}}
2023/05/29 23:47:29 Sent {"src":"n3","dest":"n0","body":{"in_reply_to":181,"type":"gossip_ok"}}
2023/05/29 23:47:29 Received {n0 n3 {"counter":23,"message":73,"msg_id":183,"sender":"n0","type":"gossip"}}
2023/05/29 23:47:29 Received {n0 n3 {"in_reply_to":169,"type":"gossip_ok"}}
2023/05/29 23:47:29 Sent {"src":"n3","dest":"n0","body":{"in_reply_to":183,"type":"gossip_ok"}}
2023/05/29 23:47:29 Received {n4 n3 {"counter":23,"message":73,"msg_id":114,"sender":"n0","type":"gossip"}}
2023/05/29 23:47:29 Received {n4 n3 {"in_reply_to":170,"type":"gossip_ok"}}
2023/05/29 23:47:29 Sent {"src":"n3","dest":"n4","body":{"in_reply_to":114,"type":"gossip_ok"}}
2023/05/29 23:47:29 Received {n4 n3 {"counter":12,"message":74,"msg_id":116,"sender":"n2","type":"gossip"}}
2023/05/29 23:47:29 Received {n0 n3 {"counter":12,"message":74,"msg_id":185,"sender":"n2","type":"gossip"}}
2023/05/29 23:47:29 Sent {"src":"n3","dest":"n0","body":{"counter":12,"message":74,"msg_id":171,"sender":"n2","type":"gossip"}}
2023/05/29 23:47:29 Sent {"src":"n3","dest":"n4","body":{"counter":12,"message":74,"msg_id":172,"sender":"n2","type":"gossip"}}
2023/05/29 23:47:29 Sent {"src":"n3","dest":"n4","body":{"in_reply_to":116,"type":"gossip_ok"}}
2023/05/29 23:47:29 Sent {"src":"n3","dest":"n0","body":{"in_reply_to":185,"type":"gossip_ok"}}
2023/05/29 23:47:29 Received {n0 n3 {"in_reply_to":171,"type":"gossip_ok"}}
2023/05/29 23:47:29 Received {n4 n3 {"in_reply_to":172,"type":"gossip_ok"}}
2023/05/29 23:47:29 Received {c12 n3 {"type":"read","msg_id":27}}
2023/05/29 23:47:29 Sent {"src":"n3","dest":"c12","body":{"in_reply_to":27,"messages":[0,2,3,3,5,6,7,7,9,10,11,11,12,13,14,15,15,16,17,18,19,20,20,21,21,22,23,24,26,28,29,30,30,31,32,32,33,34,34,35,36,37,37,38,39,40,41,42,42,43,44,45,45,46,47,48,49,49,50,51,52,53,54,55,56,57,58,59,60,61,62,63,64,65,65,66,67,68,68,69,70,71,72,72,73,74],"msg_id":27,"type":"read_ok"}}
2023/05/29 23:47:29 Received {n4 n3 {"counter":15,"message":75,"msg_id":118,"sender":"n4","type":"gossip"}}
2023/05/29 23:47:29 Sent {"src":"n3","dest":"n0","body":{"counter":15,"message":75,"msg_id":173,"sender":"n4","type":"gossip"}}
2023/05/29 23:47:29 Sent {"src":"n3","dest":"n4","body":{"counter":15,"message":75,"msg_id":174,"sender":"n4","type":"gossip"}}
2023/05/29 23:47:29 Sent {"src":"n3","dest":"n4","body":{"in_reply_to":118,"type":"gossip_ok"}}
2023/05/29 23:47:29 Received {n4 n3 {"counter":15,"message":75,"msg_id":120,"sender":"n4","type":"gossip"}}
2023/05/29 23:47:29 Received {n0 n3 {"counter":15,"message":75,"msg_id":187,"sender":"n4","type":"gossip"}}
2023/05/29 23:47:29 Received {n4 n3 {"in_reply_to":174,"type":"gossip_ok"}}
2023/05/29 23:47:29 Sent {"src":"n3","dest":"n4","body":{"in_reply_to":120,"type":"gossip_ok"}}
2023/05/29 23:47:29 Sent {"src":"n3","dest":"n0","body":{"in_reply_to":187,"type":"gossip_ok"}}
2023/05/29 23:47:29 Received {n0 n3 {"in_reply_to":173,"type":"gossip_ok"}}
2023/05/29 23:47:29 Received {n0 n3 {"counter":24,"message":76,"msg_id":189,"sender":"n0","type":"gossip"}}
2023/05/29 23:47:29 Sent {"src":"n3","dest":"n0","body":{"counter":24,"message":76,"msg_id":175,"sender":"n0","type":"gossip"}}
2023/05/29 23:47:29 Sent {"src":"n3","dest":"n4","body":{"counter":24,"message":76,"msg_id":176,"sender":"n0","type":"gossip"}}
2023/05/29 23:47:29 Sent {"src":"n3","dest":"n0","body":{"in_reply_to":189,"type":"gossip_ok"}}
2023/05/29 23:47:29 Received {n0 n3 {"counter":24,"message":76,"msg_id":191,"sender":"n0","type":"gossip"}}
2023/05/29 23:47:29 Received {n0 n3 {"in_reply_to":175,"type":"gossip_ok"}}
2023/05/29 23:47:29 Received {n4 n3 {"counter":24,"message":76,"msg_id":122,"sender":"n0","type":"gossip"}}
2023/05/29 23:47:29 Sent {"src":"n3","dest":"n0","body":{"in_reply_to":191,"type":"gossip_ok"}}
2023/05/29 23:47:29 Received {n4 n3 {"in_reply_to":176,"type":"gossip_ok"}}
2023/05/29 23:47:29 Sent {"src":"n3","dest":"n4","body":{"in_reply_to":122,"type":"gossip_ok"}}
2023/05/29 23:47:30 Received {n0 n3 {"counter":11,"message":77,"msg_id":193,"sender":"n1","type":"gossip"}}
2023/05/29 23:47:30 Received {n4 n3 {"counter":11,"message":77,"msg_id":124,"sender":"n1","type":"gossip"}}
2023/05/29 23:47:30 Sent {"src":"n3","dest":"n0","body":{"counter":11,"message":77,"msg_id":177,"sender":"n1","type":"gossip"}}
2023/05/29 23:47:30 Sent {"src":"n3","dest":"n4","body":{"counter":11,"message":77,"msg_id":178,"sender":"n1","type":"gossip"}}
2023/05/29 23:47:30 Sent {"src":"n3","dest":"n0","body":{"in_reply_to":193,"type":"gossip_ok"}}
2023/05/29 23:47:30 Sent {"src":"n3","dest":"n4","body":{"in_reply_to":124,"type":"gossip_ok"}}
2023/05/29 23:47:30 Received {n4 n3 {"in_reply_to":178,"type":"gossip_ok"}}
2023/05/29 23:47:30 Received {n0 n3 {"in_reply_to":177,"type":"gossip_ok"}}
2023/05/29 23:47:30 Received {c12 n3 {"type":"read","msg_id":28}}
2023/05/29 23:47:30 Sent {"src":"n3","dest":"c12","body":{"in_reply_to":28,"messages":[0,2,3,3,5,6,7,7,9,10,11,11,12,13,14,15,15,16,17,18,19,20,20,21,21,22,23,24,26,28,29,30,30,31,32,32,33,34,34,35,36,37,37,38,39,40,41,42,42,43,44,45,45,46,47,48,49,49,50,51,52,53,54,55,56,57,58,59,60,61,62,63,64,65,65,66,67,68,68,69,70,71,72,72,73,74,75,76,77],"msg_id":28,"type":"read_ok"}}
2023/05/29 23:47:30 Received {n4 n3 {"counter":12,"message":78,"msg_id":126,"sender":"n1","type":"gossip"}}
2023/05/29 23:47:30 Received {n0 n3 {"counter":12,"message":78,"msg_id":195,"sender":"n1","type":"gossip"}}
2023/05/29 23:47:30 Sent {"src":"n3","dest":"n0","body":{"counter":12,"message":78,"msg_id":179,"sender":"n1","type":"gossip"}}
2023/05/29 23:47:30 Sent {"src":"n3","dest":"n4","body":{"counter":12,"message":78,"msg_id":180,"sender":"n1","type":"gossip"}}
2023/05/29 23:47:30 Sent {"src":"n3","dest":"n4","body":{"in_reply_to":126,"type":"gossip_ok"}}
2023/05/29 23:47:30 Sent {"src":"n3","dest":"n0","body":{"in_reply_to":195,"type":"gossip_ok"}}
2023/05/29 23:47:30 Received {n4 n3 {"in_reply_to":180,"type":"gossip_ok"}}
2023/05/29 23:47:30 Received {n0 n3 {"in_reply_to":179,"type":"gossip_ok"}}
2023/05/29 23:47:30 Received {c12 n3 {"type":"read","msg_id":29}}
2023/05/29 23:47:30 Sent {"src":"n3","dest":"c12","body":{"in_reply_to":29,"messages":[0,2,3,3,5,6,7,7,9,10,11,11,12,13,14,15,15,16,17,18,19,20,20,21,21,22,23,24,26,28,29,30,30,31,32,32,33,34,34,35,36,37,37,38,39,40,41,42,42,43,44,45,45,46,47,48,49,49,50,51,52,53,54,55,56,57,58,59,60,61,62,63,64,65,65,66,67,68,68,69,70,71,72,72,73,74,75,76,77,78],"msg_id":29,"type":"read_ok"}}
2023/05/29 23:47:30 Received {n4 n3 {"counter":16,"message":79,"msg_id":128,"sender":"n4","type":"gossip"}}
2023/05/29 23:47:30 Sent {"src":"n3","dest":"n0","body":{"counter":16,"message":79,"msg_id":181,"sender":"n4","type":"gossip"}}
2023/05/29 23:47:30 Sent {"src":"n3","dest":"n4","body":{"counter":16,"message":79,"msg_id":182,"sender":"n4","type":"gossip"}}
2023/05/29 23:47:30 Sent {"src":"n3","dest":"n4","body":{"in_reply_to":128,"type":"gossip_ok"}}
2023/05/29 23:47:30 Received {n0 n3 {"counter":16,"message":79,"msg_id":197,"sender":"n4","type":"gossip"}}
2023/05/29 23:47:30 Received {n4 n3 {"counter":16,"message":79,"msg_id":130,"sender":"n4","type":"gossip"}}
2023/05/29 23:47:30 Received {n4 n3 {"in_reply_to":182,"type":"gossip_ok"}}
2023/05/29 23:47:30 Received {n0 n3 {"in_reply_to":181,"type":"gossip_ok"}}
2023/05/29 23:47:30 Sent {"src":"n3","dest":"n4","body":{"in_reply_to":130,"type":"gossip_ok"}}
2023/05/29 23:47:30 Sent {"src":"n3","dest":"n0","body":{"in_reply_to":197,"type":"gossip_ok"}}
2023/05/29 23:47:31 Received {n4 n3 {"counter":13,"message":80,"msg_id":132,"sender":"n1","type":"gossip"}}
2023/05/29 23:47:31 Received {n0 n3 {"counter":13,"message":80,"msg_id":199,"sender":"n1","type":"gossip"}}
2023/05/29 23:47:31 Sent {"src":"n3","dest":"n0","body":{"counter":13,"message":80,"msg_id":183,"sender":"n1","type":"gossip"}}
2023/05/29 23:47:31 Sent {"src":"n3","dest":"n0","body":{"in_reply_to":199,"type":"gossip_ok"}}
2023/05/29 23:47:31 Sent {"src":"n3","dest":"n4","body":{"counter":13,"message":80,"msg_id":184,"sender":"n1","type":"gossip"}}
2023/05/29 23:47:31 Sent {"src":"n3","dest":"n4","body":{"in_reply_to":132,"type":"gossip_ok"}}
2023/05/29 23:47:31 Received {n0 n3 {"in_reply_to":183,"type":"gossip_ok"}}
2023/05/29 23:47:31 Received {n4 n3 {"in_reply_to":184,"type":"gossip_ok"}}
2023/05/29 23:47:31 Received {c12 n3 {"type":"broadcast","message":81,"msg_id":30}}
2023/05/29 23:47:31 Sent {"src":"n3","dest":"n0","body":{"counter":17,"message":81,"msg_id":185,"sender":"n3","type":"gossip"}}
2023/05/29 23:47:31 Sent {"src":"n3","dest":"n4","body":{"counter":17,"message":81,"msg_id":186,"sender":"n3","type":"gossip"}}
2023/05/29 23:47:31 Sent {"src":"n3","dest":"c12","body":{"in_reply_to":30,"type":"broadcast_ok"}}
2023/05/29 23:47:31 Received {n0 n3 {"counter":17,"message":81,"msg_id":201,"sender":"n3","type":"gossip"}}
2023/05/29 23:47:31 Received {n0 n3 {"in_reply_to":185,"type":"gossip_ok"}}
2023/05/29 23:47:31 Received {n4 n3 {"counter":17,"message":81,"msg_id":134,"sender":"n3","type":"gossip"}}
2023/05/29 23:47:31 Received {n4 n3 {"in_reply_to":186,"type":"gossip_ok"}}
2023/05/29 23:47:31 Sent {"src":"n3","dest":"n0","body":{"counter":17,"message":81,"msg_id":187,"sender":"n3","type":"gossip"}}
2023/05/29 23:47:31 Sent {"src":"n3","dest":"n4","body":{"counter":17,"message":81,"msg_id":188,"sender":"n3","type":"gossip"}}
2023/05/29 23:47:31 Sent {"src":"n3","dest":"n0","body":{"in_reply_to":201,"type":"gossip_ok"}}
2023/05/29 23:47:31 Sent {"src":"n3","dest":"n4","body":{"in_reply_to":134,"type":"gossip_ok"}}
2023/05/29 23:47:31 Received {n0 n3 {"in_reply_to":187,"type":"gossip_ok"}}
2023/05/29 23:47:31 Received {n4 n3 {"in_reply_to":188,"type":"gossip_ok"}}
2023/05/29 23:47:31 Received {n0 n3 {"counter":25,"message":82,"msg_id":203,"sender":"n0","type":"gossip"}}
2023/05/29 23:47:31 Sent {"src":"n3","dest":"n0","body":{"counter":25,"message":82,"msg_id":189,"sender":"n0","type":"gossip"}}
2023/05/29 23:47:31 Sent {"src":"n3","dest":"n4","body":{"counter":25,"message":82,"msg_id":190,"sender":"n0","type":"gossip"}}
2023/05/29 23:47:31 Sent {"src":"n3","dest":"n0","body":{"in_reply_to":203,"type":"gossip_ok"}}
2023/05/29 23:47:31 Received {n0 n3 {"counter":25,"message":82,"msg_id":205,"sender":"n0","type":"gossip"}}
2023/05/29 23:47:31 Sent {"src":"n3","dest":"n0","body":{"in_reply_to":205,"type":"gossip_ok"}}
2023/05/29 23:47:31 Received {n4 n3 {"in_reply_to":190,"type":"gossip_ok"}}
2023/05/29 23:47:31 Received {n4 n3 {"counter":25,"message":82,"msg_id":136,"sender":"n0","type":"gossip"}}
2023/05/29 23:47:31 Received {n0 n3 {"in_reply_to":189,"type":"gossip_ok"}}
2023/05/29 23:47:31 Sent {"src":"n3","dest":"n4","body":{"in_reply_to":136,"type":"gossip_ok"}}
2023/05/29 23:47:32 Received {n4 n3 {"counter":13,"message":83,"msg_id":138,"sender":"n2","type":"gossip"}}
2023/05/29 23:47:32 Received {n0 n3 {"counter":13,"message":83,"msg_id":207,"sender":"n2","type":"gossip"}}
2023/05/29 23:47:32 Sent {"src":"n3","dest":"n0","body":{"counter":13,"message":83,"msg_id":191,"sender":"n2","type":"gossip"}}
2023/05/29 23:47:32 Sent {"src":"n3","dest":"n4","body":{"counter":13,"message":83,"msg_id":192,"sender":"n2","type":"gossip"}}
2023/05/29 23:47:32 Sent {"src":"n3","dest":"n4","body":{"in_reply_to":138,"type":"gossip_ok"}}
2023/05/29 23:47:32 Sent {"src":"n3","dest":"n0","body":{"in_reply_to":207,"type":"gossip_ok"}}
2023/05/29 23:47:32 Received {n0 n3 {"in_reply_to":191,"type":"gossip_ok"}}
2023/05/29 23:47:32 Received {n4 n3 {"in_reply_to":192,"type":"gossip_ok"}}
2023/05/29 23:47:32 Received {c12 n3 {"type":"read","msg_id":31}}
2023/05/29 23:47:32 Sent {"src":"n3","dest":"c12","body":{"in_reply_to":31,"messages":[0,2,3,3,5,6,7,7,9,10,11,11,12,13,14,15,15,16,17,18,19,20,20,21,21,22,23,24,26,28,29,30,30,31,32,32,33,34,34,35,36,37,37,38,39,40,41,42,42,43,44,45,45,46,47,48,49,49,50,51,52,53,54,55,56,57,58,59,60,61,62,63,64,65,65,66,67,68,68,69,70,71,72,72,73,74,75,76,77,78,79,80,81,81,82,83],"msg_id":31,"type":"read_ok"}}
2023/05/29 23:47:32 Received {n4 n3 {"counter":17,"message":84,"msg_id":140,"sender":"n4","type":"gossip"}}
2023/05/29 23:47:32 Sent {"src":"n3","dest":"n0","body":{"counter":17,"message":84,"msg_id":193,"sender":"n4","type":"gossip"}}
2023/05/29 23:47:32 Sent {"src":"n3","dest":"n4","body":{"counter":17,"message":84,"msg_id":194,"sender":"n4","type":"gossip"}}
2023/05/29 23:47:32 Sent {"src":"n3","dest":"n4","body":{"in_reply_to":140,"type":"gossip_ok"}}
2023/05/29 23:47:32 Received {n0 n3 {"counter":17,"message":84,"msg_id":209,"sender":"n4","type":"gossip"}}
2023/05/29 23:47:32 Received {n4 n3 {"counter":17,"message":84,"msg_id":142,"sender":"n4","type":"gossip"}}
2023/05/29 23:47:32 Received {n4 n3 {"in_reply_to":194,"type":"gossip_ok"}}
2023/05/29 23:47:32 Sent {"src":"n3","dest":"n0","body":{"in_reply_to":209,"type":"gossip_ok"}}
2023/05/29 23:47:32 Sent {"src":"n3","dest":"n4","body":{"in_reply_to":142,"type":"gossip_ok"}}
2023/05/29 23:47:32 Received {n0 n3 {"in_reply_to":193,"type":"gossip_ok"}}
2023/05/29 23:47:32 Received {n0 n3 {"counter":26,"message":85,"msg_id":211,"sender":"n0","type":"gossip"}}
2023/05/29 23:47:32 Sent {"src":"n3","dest":"n0","body":{"counter":26,"message":85,"msg_id":195,"sender":"n0","type":"gossip"}}
2023/05/29 23:47:32 Sent {"src":"n3","dest":"n4","body":{"counter":26,"message":85,"msg_id":196,"sender":"n0","type":"gossip"}}
2023/05/29 23:47:32 Sent {"src":"n3","dest":"n0","body":{"in_reply_to":211,"type":"gossip_ok"}}
2023/05/29 23:47:32 Received {n0 n3 {"counter":26,"message":85,"msg_id":213,"sender":"n0","type":"gossip"}}
2023/05/29 23:47:32 Received {n4 n3 {"counter":26,"message":85,"msg_id":144,"sender":"n0","type":"gossip"}}
2023/05/29 23:47:32 Received {n0 n3 {"in_reply_to":195,"type":"gossip_ok"}}
2023/05/29 23:47:32 Sent {"src":"n3","dest":"n0","body":{"in_reply_to":213,"type":"gossip_ok"}}
2023/05/29 23:47:32 Sent {"src":"n3","dest":"n4","body":{"in_reply_to":144,"type":"gossip_ok"}}
2023/05/29 23:47:32 Received {n4 n3 {"in_reply_to":196,"type":"gossip_ok"}}
2023/05/29 23:47:32 Received {n0 n3 {"counter":14,"message":86,"msg_id":215,"sender":"n1","type":"gossip"}}
2023/05/29 23:47:32 Received {n4 n3 {"counter":14,"message":86,"msg_id":146,"sender":"n1","type":"gossip"}}
2023/05/29 23:47:32 Sent {"src":"n3","dest":"n0","body":{"counter":14,"message":86,"msg_id":197,"sender":"n1","type":"gossip"}}
2023/05/29 23:47:32 Sent {"src":"n3","dest":"n4","body":{"in_reply_to":146,"type":"gossip_ok"}}
2023/05/29 23:47:32 Sent {"src":"n3","dest":"n4","body":{"counter":14,"message":86,"msg_id":198,"sender":"n1","type":"gossip"}}
2023/05/29 23:47:32 Sent {"src":"n3","dest":"n0","body":{"in_reply_to":215,"type":"gossip_ok"}}
2023/05/29 23:47:32 Received {n0 n3 {"in_reply_to":197,"type":"gossip_ok"}}
2023/05/29 23:47:32 Received {n4 n3 {"in_reply_to":198,"type":"gossip_ok"}}
2023/05/29 23:47:33 Received {c12 n3 {"type":"broadcast","message":87,"msg_id":32}}
2023/05/29 23:47:33 Sent {"src":"n3","dest":"n0","body":{"counter":18,"message":87,"msg_id":199,"sender":"n3","type":"gossip"}}
2023/05/29 23:47:33 Sent {"src":"n3","dest":"n4","body":{"counter":18,"message":87,"msg_id":200,"sender":"n3","type":"gossip"}}
2023/05/29 23:47:33 Sent {"src":"n3","dest":"c12","body":{"in_reply_to":32,"type":"broadcast_ok"}}
2023/05/29 23:47:33 Received {n0 n3 {"counter":18,"message":87,"msg_id":217,"sender":"n3","type":"gossip"}}
2023/05/29 23:47:33 Received {n4 n3 {"counter":18,"message":87,"msg_id":148,"sender":"n3","type":"gossip"}}
2023/05/29 23:47:33 Received {n0 n3 {"in_reply_to":199,"type":"gossip_ok"}}
2023/05/29 23:47:33 Sent {"src":"n3","dest":"n0","body":{"counter":18,"message":87,"msg_id":201,"sender":"n3","type":"gossip"}}
2023/05/29 23:47:33 Sent {"src":"n3","dest":"n4","body":{"counter":18,"message":87,"msg_id":202,"sender":"n3","type":"gossip"}}
2023/05/29 23:47:33 Received {n4 n3 {"in_reply_to":200,"type":"gossip_ok"}}
2023/05/29 23:47:33 Sent {"src":"n3","dest":"n0","body":{"in_reply_to":217,"type":"gossip_ok"}}
2023/05/29 23:47:33 Sent {"src":"n3","dest":"n4","body":{"in_reply_to":148,"type":"gossip_ok"}}
2023/05/29 23:47:33 Received {n0 n3 {"in_reply_to":201,"type":"gossip_ok"}}
2023/05/29 23:47:33 Received {n4 n3 {"in_reply_to":202,"type":"gossip_ok"}}
2023/05/29 23:47:33 Received {n4 n3 {"counter":18,"message":88,"msg_id":150,"sender":"n4","type":"gossip"}}
2023/05/29 23:47:33 Sent {"src":"n3","dest":"n0","body":{"counter":18,"message":88,"msg_id":203,"sender":"n4","type":"gossip"}}
2023/05/29 23:47:33 Sent {"src":"n3","dest":"n4","body":{"counter":18,"message":88,"msg_id":204,"sender":"n4","type":"gossip"}}
2023/05/29 23:47:33 Sent {"src":"n3","dest":"n4","body":{"in_reply_to":150,"type":"gossip_ok"}}
2023/05/29 23:47:33 Received {n0 n3 {"in_reply_to":203,"type":"gossip_ok"}}
2023/05/29 23:47:33 Received {n4 n3 {"counter":18,"message":88,"msg_id":152,"sender":"n4","type":"gossip"}}
2023/05/29 23:47:33 Received {n0 n3 {"counter":18,"message":88,"msg_id":219,"sender":"n4","type":"gossip"}}
2023/05/29 23:47:33 Received {n4 n3 {"in_reply_to":204,"type":"gossip_ok"}}
2023/05/29 23:47:33 Sent {"src":"n3","dest":"n4","body":{"in_reply_to":152,"type":"gossip_ok"}}
2023/05/29 23:47:33 Sent {"src":"n3","dest":"n0","body":{"in_reply_to":219,"type":"gossip_ok"}}
2023/05/29 23:47:43 Received {c12 n3 {"type":"read","msg_id":33}}
2023/05/29 23:47:43 Sent {"src":"n3","dest":"c12","body":{"in_reply_to":33,"messages":[0,2,3,3,5,6,7,7,9,10,11,11,12,13,14,15,15,16,17,18,19,20,20,21,21,22,23,24,26,28,29,30,30,31,32,32,33,34,34,35,36,37,37,38,39,40,41,42,42,43,44,45,45,46,47,48,49,49,50,51,52,53,54,55,56,57,58,59,60,61,62,63,64,65,65,66,67,68,68,69,70,71,72,72,73,74,75,76,77,78,79,80,81,81,82,83,84,85,86,87,87,88],"msg_id":33,"type":"read_ok"}}
