2023/05/30 00:33:53 Received {c4 n0 {"type":"init","node_id":"n0","node_ids":["n0","n1","n2","n3","n4"],"msg_id":1}}
2023/05/30 00:33:53 Node n0 initialized
2023/05/30 00:33:53 Sent {"src":"n0","dest":"c4","body":{"in_reply_to":1,"type":"init_ok"}}
2023/05/30 00:33:53 Received {c5 n0 {"type":"topology","topology":{"n0":["n3","n1"],"n1":["n4","n2","n0"],"n2":["n1"],"n3":["n0","n4"],"n4":["n1","n3"]},"msg_id":1}}
2023/05/30 00:33:53 Sent {"src":"n0","dest":"c5","body":{"in_reply_to":1,"type":"topology_ok"}}
2023/05/30 00:33:53 Received {c10 n0 {"type":"read","msg_id":1}}
2023/05/30 00:33:53 Sent {"src":"n0","dest":"c10","body":{"in_reply_to":1,"messages":[],"msg_id":1,"type":"read_ok"}}
2023/05/30 00:33:53 Received {n3 n0 {"counter":1,"message":1,"msg_id":1,"sender":"n3","type":"gossip"}}
2023/05/30 00:33:53 Sent {"src":"n0","dest":"n3","body":{"counter":1,"message":1,"msg_id":1,"sender":"n3","type":"gossip"}}
2023/05/30 00:33:53 Sent {"src":"n0","dest":"n1","body":{"counter":1,"message":1,"msg_id":2,"sender":"n3","type":"gossip"}}
2023/05/30 00:33:53 Sent {"src":"n0","dest":"n3","body":{"in_reply_to":1,"type":"gossip_ok"}}
2023/05/30 00:33:53 Received {n3 n0 {"counter":1,"message":1,"msg_id":3,"sender":"n3","type":"gossip"}}
2023/05/30 00:33:53 Sent {"src":"n0","dest":"n3","body":{"in_reply_to":3,"type":"gossip_ok"}}
2023/05/30 00:33:53 Received {n3 n0 {"in_reply_to":1,"type":"gossip_ok"}}
2023/05/30 00:33:53 Received {c10 n0 {"type":"broadcast","message":3,"msg_id":2}}
2023/05/30 00:33:53 Sent {"src":"n0","dest":"c10","body":{"in_reply_to":2,"type":"broadcast_ok"}}
2023/05/30 00:33:53 Sent {"src":"n0","dest":"n3","body":{"counter":1,"message":3,"msg_id":3,"sender":"n0","type":"gossip"}}
2023/05/30 00:33:53 Sent {"src":"n0","dest":"n1","body":{"counter":1,"message":3,"msg_id":4,"sender":"n0","type":"gossip"}}
2023/05/30 00:33:53 Received {n3 n0 {"counter":1,"message":3,"msg_id":5,"sender":"n0","type":"gossip"}}
2023/05/30 00:33:53 Sent {"src":"n0","dest":"n3","body":{"counter":1,"message":3,"msg_id":5,"sender":"n0","type":"gossip"}}
2023/05/30 00:33:53 Received {n3 n0 {"in_reply_to":3,"type":"gossip_ok"}}
2023/05/30 00:33:53 Sent {"src":"n0","dest":"n1","body":{"counter":1,"message":3,"msg_id":6,"sender":"n0","type":"gossip"}}
2023/05/30 00:33:53 Sent {"src":"n0","dest":"n3","body":{"in_reply_to":5,"type":"gossip_ok"}}
2023/05/30 00:33:53 callback error: <nil>
2023/05/30 00:33:53 Received {n3 n0 {"in_reply_to":5,"type":"gossip_ok"}}
2023/05/30 00:33:53 Received {c10 n0 {"type":"read","msg_id":3}}
2023/05/30 00:33:53 Sent {"src":"n0","dest":"c10","body":{"in_reply_to":3,"messages":[1,3,3],"msg_id":3,"type":"read_ok"}}
2023/05/30 00:33:54 Received {n3 n0 {"counter":2,"message":5,"msg_id":7,"sender":"n3","type":"gossip"}}
2023/05/30 00:33:54 Sent {"src":"n0","dest":"n3","body":{"counter":2,"message":5,"msg_id":7,"sender":"n3","type":"gossip"}}
2023/05/30 00:33:54 Sent {"src":"n0","dest":"n1","body":{"counter":2,"message":5,"msg_id":8,"sender":"n3","type":"gossip"}}
2023/05/30 00:33:54 Sent {"src":"n0","dest":"n3","body":{"in_reply_to":7,"type":"gossip_ok"}}
2023/05/30 00:33:54 Received {n3 n0 {"counter":2,"message":5,"msg_id":9,"sender":"n3","type":"gossip"}}
2023/05/30 00:33:54 Sent {"src":"n0","dest":"n3","body":{"in_reply_to":9,"type":"gossip_ok"}}
2023/05/30 00:33:54 Received {n3 n0 {"in_reply_to":7,"type":"gossip_ok"}}
2023/05/30 00:33:54 Received {c10 n0 {"type":"broadcast","message":7,"msg_id":4}}
2023/05/30 00:33:54 Sent {"src":"n0","dest":"c10","body":{"in_reply_to":4,"type":"broadcast_ok"}}
2023/05/30 00:33:54 Sent {"src":"n0","dest":"n3","body":{"counter":2,"message":7,"msg_id":9,"sender":"n0","type":"gossip"}}
2023/05/30 00:33:54 Sent {"src":"n0","dest":"n1","body":{"counter":2,"message":7,"msg_id":10,"sender":"n0","type":"gossip"}}
2023/05/30 00:33:54 Received {n3 n0 {"counter":2,"message":7,"msg_id":11,"sender":"n0","type":"gossip"}}
2023/05/30 00:33:54 Received {n3 n0 {"in_reply_to":9,"type":"gossip_ok"}}
2023/05/30 00:33:54 Sent {"src":"n0","dest":"n3","body":{"counter":2,"message":7,"msg_id":11,"sender":"n0","type":"gossip"}}
2023/05/30 00:33:54 Sent {"src":"n0","dest":"n1","body":{"counter":2,"message":7,"msg_id":12,"sender":"n0","type":"gossip"}}
2023/05/30 00:33:54 Sent {"src":"n0","dest":"n3","body":{"in_reply_to":11,"type":"gossip_ok"}}
2023/05/30 00:33:54 callback error: <nil>
2023/05/30 00:33:54 Received {n3 n0 {"in_reply_to":11,"type":"gossip_ok"}}
2023/05/30 00:33:54 Received {c10 n0 {"type":"broadcast","message":8,"msg_id":5}}
2023/05/30 00:33:54 Sent {"src":"n0","dest":"c10","body":{"in_reply_to":5,"type":"broadcast_ok"}}
2023/05/30 00:33:54 Sent {"src":"n0","dest":"n3","body":{"counter":3,"message":8,"msg_id":13,"sender":"n0","type":"gossip"}}
2023/05/30 00:33:54 Sent {"src":"n0","dest":"n1","body":{"counter":3,"message":8,"msg_id":14,"sender":"n0","type":"gossip"}}
2023/05/30 00:33:54 Received {n3 n0 {"counter":3,"message":8,"msg_id":13,"sender":"n0","type":"gossip"}}
2023/05/30 00:33:54 Received {n3 n0 {"in_reply_to":13,"type":"gossip_ok"}}
2023/05/30 00:33:54 Sent {"src":"n0","dest":"n3","body":{"counter":3,"message":8,"msg_id":15,"sender":"n0","type":"gossip"}}
2023/05/30 00:33:54 Sent {"src":"n0","dest":"n1","body":{"counter":3,"message":8,"msg_id":16,"sender":"n0","type":"gossip"}}
2023/05/30 00:33:54 callback error: <nil>
2023/05/30 00:33:54 Sent {"src":"n0","dest":"n3","body":{"in_reply_to":13,"type":"gossip_ok"}}
2023/05/30 00:33:54 Received {n3 n0 {"in_reply_to":15,"type":"gossip_ok"}}
2023/05/30 00:33:54 Received {c10 n0 {"type":"broadcast","message":11,"msg_id":6}}
2023/05/30 00:33:54 Sent {"src":"n0","dest":"c10","body":{"in_reply_to":6,"type":"broadcast_ok"}}
2023/05/30 00:33:54 Sent {"src":"n0","dest":"n3","body":{"counter":4,"message":11,"msg_id":17,"sender":"n0","type":"gossip"}}
2023/05/30 00:33:54 Sent {"src":"n0","dest":"n1","body":{"counter":4,"message":11,"msg_id":18,"sender":"n0","type":"gossip"}}
2023/05/30 00:33:54 Received {n3 n0 {"counter":4,"message":11,"msg_id":15,"sender":"n0","type":"gossip"}}
2023/05/30 00:33:54 Received {n3 n0 {"in_reply_to":17,"type":"gossip_ok"}}
2023/05/30 00:33:54 Sent {"src":"n0","dest":"n3","body":{"counter":4,"message":11,"msg_id":19,"sender":"n0","type":"gossip"}}
2023/05/30 00:33:54 callback error: <nil>
2023/05/30 00:33:54 Sent {"src":"n0","dest":"n1","body":{"counter":4,"message":11,"msg_id":20,"sender":"n0","type":"gossip"}}
2023/05/30 00:33:54 Sent {"src":"n0","dest":"n3","body":{"in_reply_to":15,"type":"gossip_ok"}}
2023/05/30 00:33:54 Received {n3 n0 {"in_reply_to":19,"type":"gossip_ok"}}
2023/05/30 00:33:54 Received {c10 n0 {"type":"read","msg_id":7}}
2023/05/30 00:33:54 Sent {"src":"n0","dest":"c10","body":{"in_reply_to":7,"messages":[1,3,3,5,7,7,8,8,11,11],"msg_id":7,"type":"read_ok"}}
2023/05/30 00:33:55 Received {n3 n0 {"counter":3,"message":14,"msg_id":18,"sender":"n3","type":"gossip"}}
2023/05/30 00:33:55 Sent {"src":"n0","dest":"n3","body":{"counter":3,"message":14,"msg_id":21,"sender":"n3","type":"gossip"}}
2023/05/30 00:33:55 Sent {"src":"n0","dest":"n1","body":{"counter":3,"message":14,"msg_id":22,"sender":"n3","type":"gossip"}}
2023/05/30 00:33:55 Sent {"src":"n0","dest":"n3","body":{"in_reply_to":18,"type":"gossip_ok"}}
2023/05/30 00:33:55 Received {n3 n0 {"counter":3,"message":14,"msg_id":19,"sender":"n3","type":"gossip"}}
2023/05/30 00:33:55 Sent {"src":"n0","dest":"n3","body":{"in_reply_to":19,"type":"gossip_ok"}}
2023/05/30 00:33:55 Received {n3 n0 {"in_reply_to":21,"type":"gossip_ok"}}
2023/05/30 00:33:55 Received {c10 n0 {"type":"read","msg_id":8}}
2023/05/30 00:33:55 Sent {"src":"n0","dest":"c10","body":{"in_reply_to":8,"messages":[1,3,3,5,7,7,8,8,11,11,14],"msg_id":8,"type":"read_ok"}}
2023/05/30 00:33:55 Received {c10 n0 {"type":"read","msg_id":9}}
2023/05/30 00:33:55 Sent {"src":"n0","dest":"c10","body":{"in_reply_to":9,"messages":[1,3,3,5,7,7,8,8,11,11,14],"msg_id":9,"type":"read_ok"}}
2023/05/30 00:33:55 Received {c10 n0 {"type":"read","msg_id":10}}
2023/05/30 00:33:55 Sent {"src":"n0","dest":"c10","body":{"in_reply_to":10,"messages":[1,3,3,5,7,7,8,8,11,11,14],"msg_id":10,"type":"read_ok"}}
2023/05/30 00:33:56 Received {c10 n0 {"type":"broadcast","message":16,"msg_id":11}}
2023/05/30 00:33:56 Sent {"src":"n0","dest":"c10","body":{"in_reply_to":11,"type":"broadcast_ok"}}
2023/05/30 00:33:56 Sent {"src":"n0","dest":"n1","body":{"counter":5,"message":16,"msg_id":24,"sender":"n0","type":"gossip"}}
2023/05/30 00:33:56 Sent {"src":"n0","dest":"n3","body":{"counter":5,"message":16,"msg_id":23,"sender":"n0","type":"gossip"}}
2023/05/30 00:33:56 Received {n3 n0 {"counter":5,"message":16,"msg_id":21,"sender":"n0","type":"gossip"}}
2023/05/30 00:33:56 Received {n3 n0 {"in_reply_to":23,"type":"gossip_ok"}}
2023/05/30 00:33:56 callback error: <nil>
2023/05/30 00:33:56 Sent {"src":"n0","dest":"n3","body":{"counter":5,"message":16,"msg_id":25,"sender":"n0","type":"gossip"}}
2023/05/30 00:33:56 Sent {"src":"n0","dest":"n1","body":{"counter":5,"message":16,"msg_id":26,"sender":"n0","type":"gossip"}}
2023/05/30 00:33:56 Sent {"src":"n0","dest":"n3","body":{"in_reply_to":21,"type":"gossip_ok"}}
2023/05/30 00:33:56 Received {n3 n0 {"in_reply_to":25,"type":"gossip_ok"}}
2023/05/30 00:33:56 Received {n3 n0 {"counter":4,"message":19,"msg_id":23,"sender":"n3","type":"gossip"}}
2023/05/30 00:33:56 Sent {"src":"n0","dest":"n3","body":{"counter":4,"message":19,"msg_id":27,"sender":"n3","type":"gossip"}}
2023/05/30 00:33:56 Sent {"src":"n0","dest":"n1","body":{"counter":4,"message":19,"msg_id":28,"sender":"n3","type":"gossip"}}
2023/05/30 00:33:56 Sent {"src":"n0","dest":"n3","body":{"in_reply_to":23,"type":"gossip_ok"}}
2023/05/30 00:33:56 Received {n3 n0 {"counter":4,"message":19,"msg_id":25,"sender":"n3","type":"gossip"}}
2023/05/30 00:33:56 Sent {"src":"n0","dest":"n3","body":{"in_reply_to":25,"type":"gossip_ok"}}
2023/05/30 00:33:56 Received {n3 n0 {"in_reply_to":27,"type":"gossip_ok"}}
2023/05/30 00:33:56 Received {c10 n0 {"type":"read","msg_id":12}}
2023/05/30 00:33:56 Sent {"src":"n0","dest":"c10","body":{"in_reply_to":12,"messages":[1,3,3,5,7,7,8,8,11,11,14,16,16,19],"msg_id":12,"type":"read_ok"}}
2023/05/30 00:33:56 Received {c10 n0 {"type":"read","msg_id":13}}
2023/05/30 00:33:56 Sent {"src":"n0","dest":"c10","body":{"in_reply_to":13,"messages":[1,3,3,5,7,7,8,8,11,11,14,16,16,19],"msg_id":13,"type":"read_ok"}}
2023/05/30 00:33:57 Received {n3 n0 {"counter":5,"message":21,"msg_id":27,"sender":"n3","type":"gossip"}}
2023/05/30 00:33:57 Sent {"src":"n0","dest":"n3","body":{"counter":5,"message":21,"msg_id":29,"sender":"n3","type":"gossip"}}
2023/05/30 00:33:57 Sent {"src":"n0","dest":"n1","body":{"counter":5,"message":21,"msg_id":30,"sender":"n3","type":"gossip"}}
2023/05/30 00:33:57 Sent {"src":"n0","dest":"n3","body":{"in_reply_to":27,"type":"gossip_ok"}}
2023/05/30 00:33:57 Received {n3 n0 {"counter":5,"message":21,"msg_id":29,"sender":"n3","type":"gossip"}}
2023/05/30 00:33:57 Sent {"src":"n0","dest":"n3","body":{"in_reply_to":29,"type":"gossip_ok"}}
2023/05/30 00:33:57 Received {n3 n0 {"in_reply_to":29,"type":"gossip_ok"}}
2023/05/30 00:33:57 Received {c10 n0 {"type":"broadcast","message":23,"msg_id":14}}
2023/05/30 00:33:57 Sent {"src":"n0","dest":"c10","body":{"in_reply_to":14,"type":"broadcast_ok"}}
2023/05/30 00:33:57 Sent {"src":"n0","dest":"n3","body":{"counter":6,"message":23,"msg_id":31,"sender":"n0","type":"gossip"}}
2023/05/30 00:33:57 Sent {"src":"n0","dest":"n1","body":{"counter":6,"message":23,"msg_id":32,"sender":"n0","type":"gossip"}}
2023/05/30 00:33:57 Received {n3 n0 {"counter":6,"message":23,"msg_id":31,"sender":"n0","type":"gossip"}}
2023/05/30 00:33:57 Received {n3 n0 {"in_reply_to":31,"type":"gossip_ok"}}
2023/05/30 00:33:57 Sent {"src":"n0","dest":"n3","body":{"counter":6,"message":23,"msg_id":33,"sender":"n0","type":"gossip"}}
2023/05/30 00:33:57 Sent {"src":"n0","dest":"n1","body":{"counter":6,"message":23,"msg_id":34,"sender":"n0","type":"gossip"}}
2023/05/30 00:33:57 Sent {"src":"n0","dest":"n3","body":{"in_reply_to":31,"type":"gossip_ok"}}
2023/05/30 00:33:57 callback error: <nil>
2023/05/30 00:33:57 Received {n3 n0 {"in_reply_to":33,"type":"gossip_ok"}}
2023/05/30 00:33:57 Received {c10 n0 {"type":"broadcast","message":24,"msg_id":15}}
2023/05/30 00:33:57 Sent {"src":"n0","dest":"c10","body":{"in_reply_to":15,"type":"broadcast_ok"}}
2023/05/30 00:33:57 Sent {"src":"n0","dest":"n3","body":{"counter":7,"message":24,"msg_id":35,"sender":"n0","type":"gossip"}}
2023/05/30 00:33:57 Sent {"src":"n0","dest":"n1","body":{"counter":7,"message":24,"msg_id":36,"sender":"n0","type":"gossip"}}
2023/05/30 00:33:57 Received {n3 n0 {"counter":7,"message":24,"msg_id":33,"sender":"n0","type":"gossip"}}
2023/05/30 00:33:57 Sent {"src":"n0","dest":"n3","body":{"counter":7,"message":24,"msg_id":37,"sender":"n0","type":"gossip"}}
2023/05/30 00:33:57 Received {n3 n0 {"in_reply_to":35,"type":"gossip_ok"}}
2023/05/30 00:33:57 Sent {"src":"n0","dest":"n1","body":{"counter":7,"message":24,"msg_id":38,"sender":"n0","type":"gossip"}}
2023/05/30 00:33:57 Sent {"src":"n0","dest":"n3","body":{"in_reply_to":33,"type":"gossip_ok"}}
2023/05/30 00:33:57 callback error: <nil>
2023/05/30 00:33:57 Received {n3 n0 {"in_reply_to":37,"type":"gossip_ok"}}
2023/05/30 00:33:57 Received {n3 n0 {"counter":6,"message":27,"msg_id":36,"sender":"n3","type":"gossip"}}
2023/05/30 00:33:57 Sent {"src":"n0","dest":"n3","body":{"counter":6,"message":27,"msg_id":39,"sender":"n3","type":"gossip"}}
2023/05/30 00:33:57 Sent {"src":"n0","dest":"n1","body":{"counter":6,"message":27,"msg_id":40,"sender":"n3","type":"gossip"}}
2023/05/30 00:33:57 Sent {"src":"n0","dest":"n3","body":{"in_reply_to":36,"type":"gossip_ok"}}
2023/05/30 00:33:57 Received {n3 n0 {"counter":6,"message":27,"msg_id":37,"sender":"n3","type":"gossip"}}
2023/05/30 00:33:57 Sent {"src":"n0","dest":"n3","body":{"in_reply_to":37,"type":"gossip_ok"}}
2023/05/30 00:33:57 Received {n3 n0 {"in_reply_to":39,"type":"gossip_ok"}}
2023/05/30 00:33:57 Received {c10 n0 {"type":"broadcast","message":29,"msg_id":16}}
2023/05/30 00:33:57 Sent {"src":"n0","dest":"c10","body":{"in_reply_to":16,"type":"broadcast_ok"}}
2023/05/30 00:33:57 Sent {"src":"n0","dest":"n1","body":{"counter":8,"message":29,"msg_id":41,"sender":"n0","type":"gossip"}}
2023/05/30 00:33:57 Sent {"src":"n0","dest":"n3","body":{"counter":8,"message":29,"msg_id":42,"sender":"n0","type":"gossip"}}
2023/05/30 00:33:57 Received {n3 n0 {"counter":8,"message":29,"msg_id":39,"sender":"n0","type":"gossip"}}
2023/05/30 00:33:57 Sent {"src":"n0","dest":"n3","body":{"counter":8,"message":29,"msg_id":43,"sender":"n0","type":"gossip"}}
2023/05/30 00:33:57 Sent {"src":"n0","dest":"n1","body":{"counter":8,"message":29,"msg_id":44,"sender":"n0","type":"gossip"}}
2023/05/30 00:33:57 Sent {"src":"n0","dest":"n3","body":{"in_reply_to":39,"type":"gossip_ok"}}
2023/05/30 00:33:57 Received {n3 n0 {"in_reply_to":42,"type":"gossip_ok"}}
2023/05/30 00:33:57 callback error: <nil>
2023/05/30 00:33:57 Received {n3 n0 {"in_reply_to":43,"type":"gossip_ok"}}
2023/05/30 00:33:58 Received {c10 n0 {"type":"read","msg_id":17}}
2023/05/30 00:33:58 Sent {"src":"n0","dest":"c10","body":{"in_reply_to":17,"messages":[1,3,3,5,7,7,8,8,11,11,14,16,16,19,21,23,23,24,24,27,29,29],"msg_id":17,"type":"read_ok"}}
2023/05/30 00:33:58 Received {n3 n0 {"counter":7,"message":32,"msg_id":41,"sender":"n3","type":"gossip"}}
2023/05/30 00:33:58 Sent {"src":"n0","dest":"n3","body":{"counter":7,"message":32,"msg_id":45,"sender":"n3","type":"gossip"}}
2023/05/30 00:33:58 Sent {"src":"n0","dest":"n1","body":{"counter":7,"message":32,"msg_id":46,"sender":"n3","type":"gossip"}}
2023/05/30 00:33:58 Sent {"src":"n0","dest":"n3","body":{"in_reply_to":41,"type":"gossip_ok"}}
2023/05/30 00:33:58 Received {n3 n0 {"counter":7,"message":32,"msg_id":43,"sender":"n3","type":"gossip"}}
2023/05/30 00:33:58 Sent {"src":"n0","dest":"n3","body":{"in_reply_to":43,"type":"gossip_ok"}}
2023/05/30 00:33:58 Received {n3 n0 {"in_reply_to":45,"type":"gossip_ok"}}
2023/05/30 00:33:58 Received {c10 n0 {"type":"broadcast","message":33,"msg_id":18}}
2023/05/30 00:33:58 Sent {"src":"n0","dest":"c10","body":{"in_reply_to":18,"type":"broadcast_ok"}}
2023/05/30 00:33:58 Sent {"src":"n0","dest":"n1","body":{"counter":9,"message":33,"msg_id":47,"sender":"n0","type":"gossip"}}
2023/05/30 00:33:58 Sent {"src":"n0","dest":"n3","body":{"counter":9,"message":33,"msg_id":48,"sender":"n0","type":"gossip"}}
2023/05/30 00:33:58 Received {n3 n0 {"counter":9,"message":33,"msg_id":45,"sender":"n0","type":"gossip"}}
2023/05/30 00:33:58 Received {n3 n0 {"in_reply_to":48,"type":"gossip_ok"}}
2023/05/30 00:33:58 Sent {"src":"n0","dest":"n3","body":{"counter":9,"message":33,"msg_id":49,"sender":"n0","type":"gossip"}}
2023/05/30 00:33:58 Sent {"src":"n0","dest":"n1","body":{"counter":9,"message":33,"msg_id":50,"sender":"n0","type":"gossip"}}
2023/05/30 00:33:58 Sent {"src":"n0","dest":"n3","body":{"in_reply_to":45,"type":"gossip_ok"}}
2023/05/30 00:33:58 callback error: <nil>
2023/05/30 00:33:58 Received {n3 n0 {"in_reply_to":49,"type":"gossip_ok"}}
2023/05/30 00:33:58 Received {c10 n0 {"type":"read","msg_id":19}}
2023/05/30 00:33:58 Sent {"src":"n0","dest":"c10","body":{"in_reply_to":19,"messages":[1,3,3,5,7,7,8,8,11,11,14,16,16,19,21,23,23,24,24,27,29,29,32,33,33],"msg_id":19,"type":"read_ok"}}
2023/05/30 00:33:59 Received {c10 n0 {"type":"read","msg_id":20}}
2023/05/30 00:33:59 Sent {"src":"n0","dest":"c10","body":{"in_reply_to":20,"messages":[1,3,3,5,7,7,8,8,11,11,14,16,16,19,21,23,23,24,24,27,29,29,32,33,33],"msg_id":20,"type":"read_ok"}}
2023/05/30 00:33:59 Received {c10 n0 {"type":"broadcast","message":36,"msg_id":21}}
2023/05/30 00:33:59 Sent {"src":"n0","dest":"c10","body":{"in_reply_to":21,"type":"broadcast_ok"}}
2023/05/30 00:33:59 Sent {"src":"n0","dest":"n1","body":{"counter":10,"message":36,"msg_id":51,"sender":"n0","type":"gossip"}}
2023/05/30 00:33:59 Sent {"src":"n0","dest":"n3","body":{"counter":10,"message":36,"msg_id":52,"sender":"n0","type":"gossip"}}
2023/05/30 00:33:59 Received {n3 n0 {"counter":10,"message":36,"msg_id":47,"sender":"n0","type":"gossip"}}
2023/05/30 00:33:59 Received {n3 n0 {"in_reply_to":52,"type":"gossip_ok"}}
2023/05/30 00:33:59 Sent {"src":"n0","dest":"n3","body":{"counter":10,"message":36,"msg_id":53,"sender":"n0","type":"gossip"}}
2023/05/30 00:33:59 Sent {"src":"n0","dest":"n1","body":{"counter":10,"message":36,"msg_id":54,"sender":"n0","type":"gossip"}}
2023/05/30 00:33:59 callback error: <nil>
2023/05/30 00:33:59 Sent {"src":"n0","dest":"n3","body":{"in_reply_to":47,"type":"gossip_ok"}}
2023/05/30 00:33:59 Received {n3 n0 {"in_reply_to":53,"type":"gossip_ok"}}
2023/05/30 00:33:59 Received {n3 n0 {"counter":8,"message":38,"msg_id":50,"sender":"n3","type":"gossip"}}
2023/05/30 00:33:59 Sent {"src":"n0","dest":"n3","body":{"counter":8,"message":38,"msg_id":55,"sender":"n3","type":"gossip"}}
2023/05/30 00:33:59 Sent {"src":"n0","dest":"n1","body":{"counter":8,"message":38,"msg_id":56,"sender":"n3","type":"gossip"}}
2023/05/30 00:33:59 Sent {"src":"n0","dest":"n3","body":{"in_reply_to":50,"type":"gossip_ok"}}
2023/05/30 00:33:59 Received {n3 n0 {"counter":8,"message":38,"msg_id":51,"sender":"n3","type":"gossip"}}
2023/05/30 00:33:59 Sent {"src":"n0","dest":"n3","body":{"in_reply_to":51,"type":"gossip_ok"}}
2023/05/30 00:33:59 Received {n3 n0 {"in_reply_to":55,"type":"gossip_ok"}}
2023/05/30 00:33:59 Received {c10 n0 {"type":"read","msg_id":22}}
2023/05/30 00:33:59 Sent {"src":"n0","dest":"c10","body":{"in_reply_to":22,"messages":[1,3,3,5,7,7,8,8,11,11,14,16,16,19,21,23,23,24,24,27,29,29,32,33,33,36,36,38],"msg_id":22,"type":"read_ok"}}
2023/05/30 00:33:59 Received {c10 n0 {"type":"read","msg_id":23}}
2023/05/30 00:33:59 Sent {"src":"n0","dest":"c10","body":{"in_reply_to":23,"messages":[1,3,3,5,7,7,8,8,11,11,14,16,16,19,21,23,23,24,24,27,29,29,32,33,33,36,36,38],"msg_id":23,"type":"read_ok"}}
2023/05/30 00:34:00 Received {n3 n0 {"counter":9,"message":41,"msg_id":54,"sender":"n3","type":"gossip"}}
2023/05/30 00:34:00 Sent {"src":"n0","dest":"n3","body":{"counter":9,"message":41,"msg_id":57,"sender":"n3","type":"gossip"}}
2023/05/30 00:34:00 Sent {"src":"n0","dest":"n1","body":{"counter":9,"message":41,"msg_id":58,"sender":"n3","type":"gossip"}}
2023/05/30 00:34:00 Sent {"src":"n0","dest":"n3","body":{"in_reply_to":54,"type":"gossip_ok"}}
2023/05/30 00:34:00 Received {n3 n0 {"counter":9,"message":41,"msg_id":55,"sender":"n3","type":"gossip"}}
2023/05/30 00:34:00 Sent {"src":"n0","dest":"n3","body":{"in_reply_to":55,"type":"gossip_ok"}}
2023/05/30 00:34:00 Received {n3 n0 {"in_reply_to":57,"type":"gossip_ok"}}
2023/05/30 00:34:00 Received {c10 n0 {"type":"read","msg_id":24}}
2023/05/30 00:34:00 Sent {"src":"n0","dest":"c10","body":{"in_reply_to":24,"messages":[1,3,3,5,7,7,8,8,11,11,14,16,16,19,21,23,23,24,24,27,29,29,32,33,33,36,36,38,41],"msg_id":24,"type":"read_ok"}}
2023/05/30 00:34:00 Received {c10 n0 {"type":"broadcast","message":43,"msg_id":25}}
2023/05/30 00:34:00 Sent {"src":"n0","dest":"c10","body":{"in_reply_to":25,"type":"broadcast_ok"}}
2023/05/30 00:34:00 Sent {"src":"n0","dest":"n3","body":{"counter":11,"message":43,"msg_id":59,"sender":"n0","type":"gossip"}}
2023/05/30 00:34:00 Sent {"src":"n0","dest":"n1","body":{"counter":11,"message":43,"msg_id":60,"sender":"n0","type":"gossip"}}
2023/05/30 00:34:00 Received {n3 n0 {"counter":11,"message":43,"msg_id":57,"sender":"n0","type":"gossip"}}
2023/05/30 00:34:00 Received {n3 n0 {"in_reply_to":59,"type":"gossip_ok"}}
2023/05/30 00:34:00 Sent {"src":"n0","dest":"n3","body":{"counter":11,"message":43,"msg_id":61,"sender":"n0","type":"gossip"}}
2023/05/30 00:34:00 Sent {"src":"n0","dest":"n1","body":{"counter":11,"message":43,"msg_id":62,"sender":"n0","type":"gossip"}}
2023/05/30 00:34:00 Sent {"src":"n0","dest":"n3","body":{"in_reply_to":57,"type":"gossip_ok"}}
2023/05/30 00:34:00 callback error: <nil>
2023/05/30 00:34:00 Received {n3 n0 {"in_reply_to":61,"type":"gossip_ok"}}
2023/05/30 00:34:00 Received {n3 n0 {"counter":10,"message":45,"msg_id":59,"sender":"n3","type":"gossip"}}
2023/05/30 00:34:00 Sent {"src":"n0","dest":"n3","body":{"counter":10,"message":45,"msg_id":63,"sender":"n3","type":"gossip"}}
2023/05/30 00:34:00 Sent {"src":"n0","dest":"n1","body":{"counter":10,"message":45,"msg_id":64,"sender":"n3","type":"gossip"}}
2023/05/30 00:34:00 Sent {"src":"n0","dest":"n3","body":{"in_reply_to":59,"type":"gossip_ok"}}
2023/05/30 00:34:00 Received {n3 n0 {"counter":10,"message":45,"msg_id":61,"sender":"n3","type":"gossip"}}
2023/05/30 00:34:00 Received {n3 n0 {"in_reply_to":63,"type":"gossip_ok"}}
2023/05/30 00:34:00 Sent {"src":"n0","dest":"n3","body":{"in_reply_to":61,"type":"gossip_ok"}}
2023/05/30 00:34:00 Received {c10 n0 {"type":"read","msg_id":26}}
2023/05/30 00:34:00 Sent {"src":"n0","dest":"c10","body":{"in_reply_to":26,"messages":[1,3,3,5,7,7,8,8,11,11,14,16,16,19,21,23,23,24,24,27,29,29,32,33,33,36,36,38,41,43,43,45],"msg_id":26,"type":"read_ok"}}
2023/05/30 00:34:01 Received {c10 n0 {"type":"read","msg_id":27}}
2023/05/30 00:34:01 Sent {"src":"n0","dest":"c10","body":{"in_reply_to":27,"messages":[1,3,3,5,7,7,8,8,11,11,14,16,16,19,21,23,23,24,24,27,29,29,32,33,33,36,36,38,41,43,43,45],"msg_id":27,"type":"read_ok"}}
2023/05/30 00:34:01 Received {c10 n0 {"type":"broadcast","message":47,"msg_id":28}}
2023/05/30 00:34:01 Sent {"src":"n0","dest":"c10","body":{"in_reply_to":28,"type":"broadcast_ok"}}
2023/05/30 00:34:01 Sent {"src":"n0","dest":"n1","body":{"counter":12,"message":47,"msg_id":65,"sender":"n0","type":"gossip"}}
2023/05/30 00:34:01 Sent {"src":"n0","dest":"n3","body":{"counter":12,"message":47,"msg_id":66,"sender":"n0","type":"gossip"}}
2023/05/30 00:34:01 Received {n3 n0 {"counter":12,"message":47,"msg_id":63,"sender":"n0","type":"gossip"}}
2023/05/30 00:34:01 Received {n3 n0 {"in_reply_to":66,"type":"gossip_ok"}}
2023/05/30 00:34:01 Sent {"src":"n0","dest":"n3","body":{"counter":12,"message":47,"msg_id":67,"sender":"n0","type":"gossip"}}
2023/05/30 00:34:01 callback error: <nil>
2023/05/30 00:34:01 Sent {"src":"n0","dest":"n1","body":{"counter":12,"message":47,"msg_id":68,"sender":"n0","type":"gossip"}}
2023/05/30 00:34:01 Sent {"src":"n0","dest":"n3","body":{"in_reply_to":63,"type":"gossip_ok"}}
2023/05/30 00:34:01 Received {n3 n0 {"in_reply_to":67,"type":"gossip_ok"}}
2023/05/30 00:34:01 Received {c10 n0 {"type":"read","msg_id":29}}
2023/05/30 00:34:01 Sent {"src":"n0","dest":"c10","body":{"in_reply_to":29,"messages":[1,3,3,5,7,7,8,8,11,11,14,16,16,19,21,23,23,24,24,27,29,29,32,33,33,36,36,38,41,43,43,45,47,47],"msg_id":29,"type":"read_ok"}}
2023/05/30 00:34:02 Received {c10 n0 {"type":"broadcast","message":50,"msg_id":30}}
2023/05/30 00:34:02 Sent {"src":"n0","dest":"c10","body":{"in_reply_to":30,"type":"broadcast_ok"}}
2023/05/30 00:34:02 Sent {"src":"n0","dest":"n3","body":{"counter":13,"message":50,"msg_id":69,"sender":"n0","type":"gossip"}}
2023/05/30 00:34:02 Sent {"src":"n0","dest":"n1","body":{"counter":13,"message":50,"msg_id":70,"sender":"n0","type":"gossip"}}
2023/05/30 00:34:02 Received {n3 n0 {"counter":13,"message":50,"msg_id":65,"sender":"n0","type":"gossip"}}
2023/05/30 00:34:02 Received {n3 n0 {"in_reply_to":69,"type":"gossip_ok"}}
2023/05/30 00:34:02 Sent {"src":"n0","dest":"n3","body":{"counter":13,"message":50,"msg_id":71,"sender":"n0","type":"gossip"}}
2023/05/30 00:34:02 Sent {"src":"n0","dest":"n1","body":{"counter":13,"message":50,"msg_id":72,"sender":"n0","type":"gossip"}}
2023/05/30 00:34:02 Sent {"src":"n0","dest":"n3","body":{"in_reply_to":65,"type":"gossip_ok"}}
2023/05/30 00:34:02 callback error: <nil>
2023/05/30 00:34:02 Received {n3 n0 {"in_reply_to":71,"type":"gossip_ok"}}
2023/05/30 00:34:02 Received {c10 n0 {"type":"read","msg_id":31}}
2023/05/30 00:34:02 Sent {"src":"n0","dest":"c10","body":{"in_reply_to":31,"messages":[1,3,3,5,7,7,8,8,11,11,14,16,16,19,21,23,23,24,24,27,29,29,32,33,33,36,36,38,41,43,43,45,47,47,50,50],"msg_id":31,"type":"read_ok"}}
2023/05/30 00:34:02 Received {n3 n0 {"counter":11,"message":53,"msg_id":68,"sender":"n3","type":"gossip"}}
2023/05/30 00:34:02 Sent {"src":"n0","dest":"n3","body":{"counter":11,"message":53,"msg_id":73,"sender":"n3","type":"gossip"}}
2023/05/30 00:34:02 Sent {"src":"n0","dest":"n1","body":{"counter":11,"message":53,"msg_id":74,"sender":"n3","type":"gossip"}}
2023/05/30 00:34:02 Sent {"src":"n0","dest":"n3","body":{"in_reply_to":68,"type":"gossip_ok"}}
2023/05/30 00:34:02 Received {n3 n0 {"counter":11,"message":53,"msg_id":69,"sender":"n3","type":"gossip"}}
2023/05/30 00:34:02 Sent {"src":"n0","dest":"n3","body":{"in_reply_to":69,"type":"gossip_ok"}}
2023/05/30 00:34:02 Received {n3 n0 {"in_reply_to":73,"type":"gossip_ok"}}
2023/05/30 00:34:02 Received {c10 n0 {"type":"read","msg_id":32}}
2023/05/30 00:34:02 Sent {"src":"n0","dest":"c10","body":{"in_reply_to":32,"messages":[1,3,3,5,7,7,8,8,11,11,14,16,16,19,21,23,23,24,24,27,29,29,32,33,33,36,36,38,41,43,43,45,47,47,50,50,53],"msg_id":32,"type":"read_ok"}}
2023/05/30 00:34:02 Received {c10 n0 {"type":"broadcast","message":55,"msg_id":33}}
2023/05/30 00:34:02 Sent {"src":"n0","dest":"c10","body":{"in_reply_to":33,"type":"broadcast_ok"}}
2023/05/30 00:34:02 Sent {"src":"n0","dest":"n1","body":{"counter":14,"message":55,"msg_id":75,"sender":"n0","type":"gossip"}}
2023/05/30 00:34:02 Sent {"src":"n0","dest":"n3","body":{"counter":14,"message":55,"msg_id":76,"sender":"n0","type":"gossip"}}
2023/05/30 00:34:02 Received {n3 n0 {"counter":14,"message":55,"msg_id":71,"sender":"n0","type":"gossip"}}
2023/05/30 00:34:02 Received {n3 n0 {"in_reply_to":76,"type":"gossip_ok"}}
2023/05/30 00:34:02 callback error: <nil>
2023/05/30 00:34:02 Sent {"src":"n0","dest":"n3","body":{"counter":14,"message":55,"msg_id":77,"sender":"n0","type":"gossip"}}
2023/05/30 00:34:02 Sent {"src":"n0","dest":"n1","body":{"counter":14,"message":55,"msg_id":78,"sender":"n0","type":"gossip"}}
2023/05/30 00:34:02 Sent {"src":"n0","dest":"n3","body":{"in_reply_to":71,"type":"gossip_ok"}}
2023/05/30 00:34:02 Received {n3 n0 {"in_reply_to":77,"type":"gossip_ok"}}
2023/05/30 00:34:03 Received {c10 n0 {"type":"broadcast","message":57,"msg_id":34}}
2023/05/30 00:34:03 Sent {"src":"n0","dest":"c10","body":{"in_reply_to":34,"type":"broadcast_ok"}}
2023/05/30 00:34:03 Sent {"src":"n0","dest":"n3","body":{"counter":15,"message":57,"msg_id":79,"sender":"n0","type":"gossip"}}
2023/05/30 00:34:03 Sent {"src":"n0","dest":"n1","body":{"counter":15,"message":57,"msg_id":80,"sender":"n0","type":"gossip"}}
2023/05/30 00:34:03 Received {n3 n0 {"counter":15,"message":57,"msg_id":73,"sender":"n0","type":"gossip"}}
2023/05/30 00:34:03 Received {n3 n0 {"in_reply_to":79,"type":"gossip_ok"}}
2023/05/30 00:34:03 Sent {"src":"n0","dest":"n3","body":{"counter":15,"message":57,"msg_id":81,"sender":"n0","type":"gossip"}}
2023/05/30 00:34:03 callback error: <nil>
2023/05/30 00:34:03 Sent {"src":"n0","dest":"n1","body":{"counter":15,"message":57,"msg_id":82,"sender":"n0","type":"gossip"}}
2023/05/30 00:34:03 Sent {"src":"n0","dest":"n3","body":{"in_reply_to":73,"type":"gossip_ok"}}
2023/05/30 00:34:03 Received {n3 n0 {"in_reply_to":81,"type":"gossip_ok"}}
2023/05/30 00:34:03 Received {c10 n0 {"type":"read","msg_id":35}}
2023/05/30 00:34:03 Sent {"src":"n0","dest":"c10","body":{"in_reply_to":35,"messages":[1,3,3,5,7,7,8,8,11,11,14,16,16,19,21,23,23,24,24,27,29,29,32,33,33,36,36,38,41,43,43,45,47,47,50,50,53,55,55,57,57],"msg_id":35,"type":"read_ok"}}
2023/05/30 00:34:04 Received {c10 n0 {"type":"broadcast","message":60,"msg_id":36}}
2023/05/30 00:34:04 Sent {"src":"n0","dest":"c10","body":{"in_reply_to":36,"type":"broadcast_ok"}}
2023/05/30 00:34:04 Sent {"src":"n0","dest":"n1","body":{"counter":16,"message":60,"msg_id":83,"sender":"n0","type":"gossip"}}
2023/05/30 00:34:04 Sent {"src":"n0","dest":"n3","body":{"counter":16,"message":60,"msg_id":84,"sender":"n0","type":"gossip"}}
2023/05/30 00:34:04 Received {n3 n0 {"counter":16,"message":60,"msg_id":75,"sender":"n0","type":"gossip"}}
2023/05/30 00:34:04 Received {n3 n0 {"in_reply_to":84,"type":"gossip_ok"}}
2023/05/30 00:34:04 Sent {"src":"n0","dest":"n3","body":{"counter":16,"message":60,"msg_id":85,"sender":"n0","type":"gossip"}}
2023/05/30 00:34:04 Sent {"src":"n0","dest":"n1","body":{"counter":16,"message":60,"msg_id":86,"sender":"n0","type":"gossip"}}
2023/05/30 00:34:04 callback error: <nil>
2023/05/30 00:34:04 Sent {"src":"n0","dest":"n3","body":{"in_reply_to":75,"type":"gossip_ok"}}
2023/05/30 00:34:04 Received {n3 n0 {"in_reply_to":85,"type":"gossip_ok"}}
2023/05/30 00:34:04 Received {c10 n0 {"type":"broadcast","message":61,"msg_id":37}}
2023/05/30 00:34:04 Sent {"src":"n0","dest":"c10","body":{"in_reply_to":37,"type":"broadcast_ok"}}
2023/05/30 00:34:04 Sent {"src":"n0","dest":"n3","body":{"counter":17,"message":61,"msg_id":87,"sender":"n0","type":"gossip"}}
2023/05/30 00:34:04 Sent {"src":"n0","dest":"n1","body":{"counter":17,"message":61,"msg_id":88,"sender":"n0","type":"gossip"}}
2023/05/30 00:34:04 Received {n3 n0 {"counter":17,"message":61,"msg_id":77,"sender":"n0","type":"gossip"}}
2023/05/30 00:34:04 Received {n3 n0 {"in_reply_to":87,"type":"gossip_ok"}}
2023/05/30 00:34:04 Sent {"src":"n0","dest":"n3","body":{"counter":17,"message":61,"msg_id":89,"sender":"n0","type":"gossip"}}
2023/05/30 00:34:04 Sent {"src":"n0","dest":"n1","body":{"counter":17,"message":61,"msg_id":90,"sender":"n0","type":"gossip"}}
2023/05/30 00:34:04 Sent {"src":"n0","dest":"n3","body":{"in_reply_to":77,"type":"gossip_ok"}}
2023/05/30 00:34:04 callback error: <nil>
2023/05/30 00:34:04 Received {n3 n0 {"in_reply_to":89,"type":"gossip_ok"}}
2023/05/30 00:34:04 Received {c10 n0 {"type":"read","msg_id":38}}
2023/05/30 00:34:04 Sent {"src":"n0","dest":"c10","body":{"in_reply_to":38,"messages":[1,3,3,5,7,7,8,8,11,11,14,16,16,19,21,23,23,24,24,27,29,29,32,33,33,36,36,38,41,43,43,45,47,47,50,50,53,55,55,57,57,60,60,61,61],"msg_id":38,"type":"read_ok"}}
2023/05/30 00:34:04 Received {c10 n0 {"type":"broadcast","message":65,"msg_id":39}}
2023/05/30 00:34:04 Sent {"src":"n0","dest":"c10","body":{"in_reply_to":39,"type":"broadcast_ok"}}
2023/05/30 00:34:04 Sent {"src":"n0","dest":"n1","body":{"counter":18,"message":65,"msg_id":91,"sender":"n0","type":"gossip"}}
2023/05/30 00:34:04 Sent {"src":"n0","dest":"n3","body":{"counter":18,"message":65,"msg_id":92,"sender":"n0","type":"gossip"}}
2023/05/30 00:34:04 Received {n3 n0 {"counter":18,"message":65,"msg_id":79,"sender":"n0","type":"gossip"}}
2023/05/30 00:34:04 Sent {"src":"n0","dest":"n3","body":{"counter":18,"message":65,"msg_id":93,"sender":"n0","type":"gossip"}}
2023/05/30 00:34:04 Received {n3 n0 {"in_reply_to":92,"type":"gossip_ok"}}
2023/05/30 00:34:04 Sent {"src":"n0","dest":"n1","body":{"counter":18,"message":65,"msg_id":94,"sender":"n0","type":"gossip"}}
2023/05/30 00:34:04 Sent {"src":"n0","dest":"n3","body":{"in_reply_to":79,"type":"gossip_ok"}}
2023/05/30 00:34:04 callback error: <nil>
2023/05/30 00:34:04 Received {n3 n0 {"in_reply_to":93,"type":"gossip_ok"}}
2023/05/30 00:34:05 Received {n3 n0 {"counter":12,"message":66,"msg_id":82,"sender":"n3","type":"gossip"}}
2023/05/30 00:34:05 Sent {"src":"n0","dest":"n3","body":{"counter":12,"message":66,"msg_id":95,"sender":"n3","type":"gossip"}}
2023/05/30 00:34:05 Sent {"src":"n0","dest":"n1","body":{"counter":12,"message":66,"msg_id":96,"sender":"n3","type":"gossip"}}
2023/05/30 00:34:05 Sent {"src":"n0","dest":"n3","body":{"in_reply_to":82,"type":"gossip_ok"}}
2023/05/30 00:34:05 Received {n3 n0 {"counter":12,"message":66,"msg_id":83,"sender":"n3","type":"gossip"}}
2023/05/30 00:34:05 Received {n3 n0 {"in_reply_to":95,"type":"gossip_ok"}}
2023/05/30 00:34:05 Sent {"src":"n0","dest":"n3","body":{"in_reply_to":83,"type":"gossip_ok"}}
2023/05/30 00:34:05 Received {c10 n0 {"type":"read","msg_id":40}}
2023/05/30 00:34:05 Sent {"src":"n0","dest":"c10","body":{"in_reply_to":40,"messages":[1,3,3,5,7,7,8,8,11,11,14,16,16,19,21,23,23,24,24,27,29,29,32,33,33,36,36,38,41,43,43,45,47,47,50,50,53,55,55,57,57,60,60,61,61,65,65,66],"msg_id":40,"type":"read_ok"}}
2023/05/30 00:34:05 Received {c10 n0 {"type":"read","msg_id":41}}
2023/05/30 00:34:05 Sent {"src":"n0","dest":"c10","body":{"in_reply_to":41,"messages":[1,3,3,5,7,7,8,8,11,11,14,16,16,19,21,23,23,24,24,27,29,29,32,33,33,36,36,38,41,43,43,45,47,47,50,50,53,55,55,57,57,60,60,61,61,65,65,66],"msg_id":41,"type":"read_ok"}}
2023/05/30 00:34:06 Received {c10 n0 {"type":"broadcast","message":70,"msg_id":42}}
2023/05/30 00:34:06 Sent {"src":"n0","dest":"c10","body":{"in_reply_to":42,"type":"broadcast_ok"}}
2023/05/30 00:34:06 Sent {"src":"n0","dest":"n3","body":{"counter":19,"message":70,"msg_id":98,"sender":"n0","type":"gossip"}}
2023/05/30 00:34:06 Sent {"src":"n0","dest":"n1","body":{"counter":19,"message":70,"msg_id":97,"sender":"n0","type":"gossip"}}
2023/05/30 00:34:06 Received {n3 n0 {"counter":19,"message":70,"msg_id":85,"sender":"n0","type":"gossip"}}
2023/05/30 00:34:06 Sent {"src":"n0","dest":"n3","body":{"counter":19,"message":70,"msg_id":99,"sender":"n0","type":"gossip"}}
2023/05/30 00:34:06 Received {n3 n0 {"in_reply_to":98,"type":"gossip_ok"}}
2023/05/30 00:34:06 Sent {"src":"n0","dest":"n1","body":{"counter":19,"message":70,"msg_id":100,"sender":"n0","type":"gossip"}}
2023/05/30 00:34:06 Sent {"src":"n0","dest":"n3","body":{"in_reply_to":85,"type":"gossip_ok"}}
2023/05/30 00:34:06 callback error: <nil>
2023/05/30 00:34:06 Received {n3 n0 {"in_reply_to":99,"type":"gossip_ok"}}
2023/05/30 00:34:06 Received {c10 n0 {"type":"read","msg_id":43}}
2023/05/30 00:34:06 Sent {"src":"n0","dest":"c10","body":{"in_reply_to":43,"messages":[1,3,3,5,7,7,8,8,11,11,14,16,16,19,21,23,23,24,24,27,29,29,32,33,33,36,36,38,41,43,43,45,47,47,50,50,53,55,55,57,57,60,60,61,61,65,65,66,70,70],"msg_id":43,"type":"read_ok"}}
2023/05/30 00:34:06 Received {n3 n0 {"counter":13,"message":71,"msg_id":88,"sender":"n3","type":"gossip"}}
2023/05/30 00:34:06 Sent {"src":"n0","dest":"n3","body":{"counter":13,"message":71,"msg_id":101,"sender":"n3","type":"gossip"}}
2023/05/30 00:34:06 Sent {"src":"n0","dest":"n1","body":{"counter":13,"message":71,"msg_id":102,"sender":"n3","type":"gossip"}}
2023/05/30 00:34:06 Sent {"src":"n0","dest":"n3","body":{"in_reply_to":88,"type":"gossip_ok"}}
2023/05/30 00:34:06 Received {n3 n0 {"counter":13,"message":71,"msg_id":89,"sender":"n3","type":"gossip"}}
2023/05/30 00:34:06 Received {n3 n0 {"in_reply_to":101,"type":"gossip_ok"}}
2023/05/30 00:34:06 Sent {"src":"n0","dest":"n3","body":{"in_reply_to":89,"type":"gossip_ok"}}
2023/05/30 00:34:06 Received {c10 n0 {"type":"read","msg_id":44}}
2023/05/30 00:34:06 Sent {"src":"n0","dest":"c10","body":{"in_reply_to":44,"messages":[1,3,3,5,7,7,8,8,11,11,14,16,16,19,21,23,23,24,24,27,29,29,32,33,33,36,36,38,41,43,43,45,47,47,50,50,53,55,55,57,57,60,60,61,61,65,65,66,70,70,71],"msg_id":44,"type":"read_ok"}}
2023/05/30 00:34:06 Received {c10 n0 {"type":"broadcast","message":72,"msg_id":45}}
2023/05/30 00:34:06 Sent {"src":"n0","dest":"c10","body":{"in_reply_to":45,"type":"broadcast_ok"}}
2023/05/30 00:34:06 Sent {"src":"n0","dest":"n1","body":{"counter":20,"message":72,"msg_id":103,"sender":"n0","type":"gossip"}}
2023/05/30 00:34:06 Sent {"src":"n0","dest":"n3","body":{"counter":20,"message":72,"msg_id":104,"sender":"n0","type":"gossip"}}
2023/05/30 00:34:06 Received {n3 n0 {"counter":20,"message":72,"msg_id":91,"sender":"n0","type":"gossip"}}
2023/05/30 00:34:06 Received {n3 n0 {"in_reply_to":104,"type":"gossip_ok"}}
2023/05/30 00:34:06 Sent {"src":"n0","dest":"n3","body":{"counter":20,"message":72,"msg_id":105,"sender":"n0","type":"gossip"}}
2023/05/30 00:34:06 callback error: <nil>
2023/05/30 00:34:06 Sent {"src":"n0","dest":"n1","body":{"counter":20,"message":72,"msg_id":106,"sender":"n0","type":"gossip"}}
2023/05/30 00:34:06 Sent {"src":"n0","dest":"n3","body":{"in_reply_to":91,"type":"gossip_ok"}}
2023/05/30 00:34:06 Received {n3 n0 {"in_reply_to":105,"type":"gossip_ok"}}
2023/05/30 00:34:07 Received {c10 n0 {"type":"read","msg_id":46}}
2023/05/30 00:34:07 Sent {"src":"n0","dest":"c10","body":{"in_reply_to":46,"messages":[1,3,3,5,7,7,8,8,11,11,14,16,16,19,21,23,23,24,24,27,29,29,32,33,33,36,36,38,41,43,43,45,47,47,50,50,53,55,55,57,57,60,60,61,61,65,65,66,70,70,71,72,72],"msg_id":46,"type":"read_ok"}}
2023/05/30 00:34:07 Received {c10 n0 {"type":"read","msg_id":47}}
2023/05/30 00:34:07 Sent {"src":"n0","dest":"c10","body":{"in_reply_to":47,"messages":[1,3,3,5,7,7,8,8,11,11,14,16,16,19,21,23,23,24,24,27,29,29,32,33,33,36,36,38,41,43,43,45,47,47,50,50,53,55,55,57,57,60,60,61,61,65,65,66,70,70,71,72,72],"msg_id":47,"type":"read_ok"}}
2023/05/30 00:34:07 Received {n3 n0 {"counter":14,"message":76,"msg_id":94,"sender":"n3","type":"gossip"}}
2023/05/30 00:34:07 Sent {"src":"n0","dest":"n3","body":{"counter":14,"message":76,"msg_id":107,"sender":"n3","type":"gossip"}}
2023/05/30 00:34:07 Sent {"src":"n0","dest":"n1","body":{"counter":14,"message":76,"msg_id":108,"sender":"n3","type":"gossip"}}
2023/05/30 00:34:07 Sent {"src":"n0","dest":"n3","body":{"in_reply_to":94,"type":"gossip_ok"}}
2023/05/30 00:34:07 Received {n3 n0 {"counter":14,"message":76,"msg_id":95,"sender":"n3","type":"gossip"}}
2023/05/30 00:34:07 Sent {"src":"n0","dest":"n3","body":{"in_reply_to":95,"type":"gossip_ok"}}
2023/05/30 00:34:07 Received {n3 n0 {"in_reply_to":107,"type":"gossip_ok"}}
2023/05/30 00:34:07 Received {c10 n0 {"type":"broadcast","message":77,"msg_id":48}}
2023/05/30 00:34:07 Sent {"src":"n0","dest":"c10","body":{"in_reply_to":48,"type":"broadcast_ok"}}
2023/05/30 00:34:07 Sent {"src":"n0","dest":"n3","body":{"counter":21,"message":77,"msg_id":109,"sender":"n0","type":"gossip"}}
2023/05/30 00:34:07 Sent {"src":"n0","dest":"n1","body":{"counter":21,"message":77,"msg_id":110,"sender":"n0","type":"gossip"}}
2023/05/30 00:34:07 Received {n3 n0 {"counter":21,"message":77,"msg_id":97,"sender":"n0","type":"gossip"}}
2023/05/30 00:34:07 Received {n3 n0 {"in_reply_to":109,"type":"gossip_ok"}}
2023/05/30 00:34:07 Sent {"src":"n0","dest":"n3","body":{"counter":21,"message":77,"msg_id":111,"sender":"n0","type":"gossip"}}
2023/05/30 00:34:07 Sent {"src":"n0","dest":"n1","body":{"counter":21,"message":77,"msg_id":112,"sender":"n0","type":"gossip"}}
2023/05/30 00:34:07 Sent {"src":"n0","dest":"n3","body":{"in_reply_to":97,"type":"gossip_ok"}}
2023/05/30 00:34:07 callback error: <nil>
2023/05/30 00:34:07 Received {n3 n0 {"in_reply_to":111,"type":"gossip_ok"}}
2023/05/30 00:34:08 Received {c10 n0 {"type":"broadcast","message":78,"msg_id":49}}
2023/05/30 00:34:08 Sent {"src":"n0","dest":"c10","body":{"in_reply_to":49,"type":"broadcast_ok"}}
2023/05/30 00:34:08 Sent {"src":"n0","dest":"n3","body":{"counter":22,"message":78,"msg_id":113,"sender":"n0","type":"gossip"}}
2023/05/30 00:34:08 Sent {"src":"n0","dest":"n1","body":{"counter":22,"message":78,"msg_id":114,"sender":"n0","type":"gossip"}}
2023/05/30 00:34:08 Received {n3 n0 {"counter":22,"message":78,"msg_id":99,"sender":"n0","type":"gossip"}}
2023/05/30 00:34:08 Sent {"src":"n0","dest":"n3","body":{"counter":22,"message":78,"msg_id":115,"sender":"n0","type":"gossip"}}
2023/05/30 00:34:08 Received {n3 n0 {"in_reply_to":113,"type":"gossip_ok"}}
2023/05/30 00:34:08 Sent {"src":"n0","dest":"n1","body":{"counter":22,"message":78,"msg_id":116,"sender":"n0","type":"gossip"}}
2023/05/30 00:34:08 Sent {"src":"n0","dest":"n3","body":{"in_reply_to":99,"type":"gossip_ok"}}
2023/05/30 00:34:08 callback error: <nil>
2023/05/30 00:34:08 Received {n3 n0 {"in_reply_to":115,"type":"gossip_ok"}}
2023/05/30 00:34:08 Received {n3 n0 {"counter":15,"message":79,"msg_id":102,"sender":"n3","type":"gossip"}}
2023/05/30 00:34:08 Sent {"src":"n0","dest":"n3","body":{"counter":15,"message":79,"msg_id":117,"sender":"n3","type":"gossip"}}
2023/05/30 00:34:08 Sent {"src":"n0","dest":"n1","body":{"counter":15,"message":79,"msg_id":118,"sender":"n3","type":"gossip"}}
2023/05/30 00:34:08 Sent {"src":"n0","dest":"n3","body":{"in_reply_to":102,"type":"gossip_ok"}}
2023/05/30 00:34:08 Received {n3 n0 {"counter":15,"message":79,"msg_id":103,"sender":"n3","type":"gossip"}}
2023/05/30 00:34:08 Received {n3 n0 {"in_reply_to":117,"type":"gossip_ok"}}
2023/05/30 00:34:08 Sent {"src":"n0","dest":"n3","body":{"in_reply_to":103,"type":"gossip_ok"}}
2023/05/30 00:34:08 Received {c10 n0 {"type":"broadcast","message":81,"msg_id":50}}
2023/05/30 00:34:08 Sent {"src":"n0","dest":"c10","body":{"in_reply_to":50,"type":"broadcast_ok"}}
2023/05/30 00:34:08 Sent {"src":"n0","dest":"n1","body":{"counter":23,"message":81,"msg_id":119,"sender":"n0","type":"gossip"}}
2023/05/30 00:34:08 Sent {"src":"n0","dest":"n3","body":{"counter":23,"message":81,"msg_id":120,"sender":"n0","type":"gossip"}}
2023/05/30 00:34:08 Received {n3 n0 {"counter":23,"message":81,"msg_id":105,"sender":"n0","type":"gossip"}}
2023/05/30 00:34:08 Received {n3 n0 {"in_reply_to":120,"type":"gossip_ok"}}
2023/05/30 00:34:08 Sent {"src":"n0","dest":"n3","body":{"counter":23,"message":81,"msg_id":121,"sender":"n0","type":"gossip"}}
2023/05/30 00:34:08 callback error: <nil>
2023/05/30 00:34:08 Sent {"src":"n0","dest":"n1","body":{"counter":23,"message":81,"msg_id":122,"sender":"n0","type":"gossip"}}
2023/05/30 00:34:08 Sent {"src":"n0","dest":"n3","body":{"in_reply_to":105,"type":"gossip_ok"}}
2023/05/30 00:34:08 Received {n3 n0 {"in_reply_to":121,"type":"gossip_ok"}}
2023/05/30 00:34:08 Received {c10 n0 {"type":"read","msg_id":51}}
2023/05/30 00:34:08 Sent {"src":"n0","dest":"c10","body":{"in_reply_to":51,"messages":[1,3,3,5,7,7,8,8,11,11,14,16,16,19,21,23,23,24,24,27,29,29,32,33,33,36,36,38,41,43,43,45,47,47,50,50,53,55,55,57,57,60,60,61,61,65,65,66,70,70,71,72,72,76,77,77,78,78,79,81,81],"msg_id":51,"type":"read_ok"}}
2023/05/30 00:34:09 Received {c10 n0 {"type":"broadcast","message":84,"msg_id":52}}
2023/05/30 00:34:09 Sent {"src":"n0","dest":"c10","body":{"in_reply_to":52,"type":"broadcast_ok"}}
2023/05/30 00:34:09 Sent {"src":"n0","dest":"n3","body":{"counter":24,"message":84,"msg_id":123,"sender":"n0","type":"gossip"}}
2023/05/30 00:34:09 Sent {"src":"n0","dest":"n1","body":{"counter":24,"message":84,"msg_id":124,"sender":"n0","type":"gossip"}}
2023/05/30 00:34:09 Received {n3 n0 {"counter":24,"message":84,"msg_id":107,"sender":"n0","type":"gossip"}}
2023/05/30 00:34:09 Received {n3 n0 {"in_reply_to":123,"type":"gossip_ok"}}
2023/05/30 00:34:09 callback error: <nil>
2023/05/30 00:34:09 Sent {"src":"n0","dest":"n3","body":{"counter":24,"message":84,"msg_id":125,"sender":"n0","type":"gossip"}}
2023/05/30 00:34:09 Sent {"src":"n0","dest":"n1","body":{"counter":24,"message":84,"msg_id":126,"sender":"n0","type":"gossip"}}
2023/05/30 00:34:09 Sent {"src":"n0","dest":"n3","body":{"in_reply_to":107,"type":"gossip_ok"}}
2023/05/30 00:34:09 Received {n3 n0 {"in_reply_to":125,"type":"gossip_ok"}}
2023/05/30 00:34:09 Received {c10 n0 {"type":"broadcast","message":85,"msg_id":53}}
2023/05/30 00:34:09 Sent {"src":"n0","dest":"c10","body":{"in_reply_to":53,"type":"broadcast_ok"}}
2023/05/30 00:34:09 Sent {"src":"n0","dest":"n1","body":{"counter":25,"message":85,"msg_id":128,"sender":"n0","type":"gossip"}}
2023/05/30 00:34:09 Sent {"src":"n0","dest":"n3","body":{"counter":25,"message":85,"msg_id":127,"sender":"n0","type":"gossip"}}
2023/05/30 00:34:09 Received {n3 n0 {"counter":25,"message":85,"msg_id":109,"sender":"n0","type":"gossip"}}
2023/05/30 00:34:09 Received {n3 n0 {"in_reply_to":127,"type":"gossip_ok"}}
2023/05/30 00:34:09 Sent {"src":"n0","dest":"n3","body":{"counter":25,"message":85,"msg_id":129,"sender":"n0","type":"gossip"}}
2023/05/30 00:34:09 Sent {"src":"n0","dest":"n1","body":{"counter":25,"message":85,"msg_id":130,"sender":"n0","type":"gossip"}}
2023/05/30 00:34:09 callback error: <nil>
2023/05/30 00:34:09 Sent {"src":"n0","dest":"n3","body":{"in_reply_to":109,"type":"gossip_ok"}}
2023/05/30 00:34:09 Received {n3 n0 {"in_reply_to":129,"type":"gossip_ok"}}
2023/05/30 00:34:09 Received {n3 n0 {"counter":16,"message":88,"msg_id":112,"sender":"n3","type":"gossip"}}
2023/05/30 00:34:09 Sent {"src":"n0","dest":"n3","body":{"counter":16,"message":88,"msg_id":131,"sender":"n3","type":"gossip"}}
2023/05/30 00:34:09 Sent {"src":"n0","dest":"n1","body":{"counter":16,"message":88,"msg_id":132,"sender":"n3","type":"gossip"}}
2023/05/30 00:34:09 Sent {"src":"n0","dest":"n3","body":{"in_reply_to":112,"type":"gossip_ok"}}
2023/05/30 00:34:09 Received {n3 n0 {"counter":16,"message":88,"msg_id":113,"sender":"n3","type":"gossip"}}
2023/05/30 00:34:09 Received {n3 n0 {"in_reply_to":131,"type":"gossip_ok"}}
2023/05/30 00:34:09 Sent {"src":"n0","dest":"n3","body":{"in_reply_to":113,"type":"gossip_ok"}}
2023/05/30 00:34:09 Received {c10 n0 {"type":"read","msg_id":54}}
2023/05/30 00:34:09 Sent {"src":"n0","dest":"c10","body":{"in_reply_to":54,"messages":[1,3,3,5,7,7,8,8,11,11,14,16,16,19,21,23,23,24,24,27,29,29,32,33,33,36,36,38,41,43,43,45,47,47,50,50,53,55,55,57,57,60,60,61,61,65,65,66,70,70,71,72,72,76,77,77,78,78,79,81,81,84,84,85,85,88],"msg_id":54,"type":"read_ok"}}
2023/05/30 00:34:10 Received {n1 n0 {"counter":19,"message":90,"msg_id":152,"sender":"n1","type":"gossip"}}
2023/05/30 00:34:10 Sent {"src":"n0","dest":"n3","body":{"counter":19,"message":90,"msg_id":133,"sender":"n1","type":"gossip"}}
2023/05/30 00:34:10 Sent {"src":"n0","dest":"n1","body":{"counter":19,"message":90,"msg_id":134,"sender":"n1","type":"gossip"}}
2023/05/30 00:34:10 Sent {"src":"n0","dest":"n1","body":{"in_reply_to":152,"type":"gossip_ok"}}
2023/05/30 00:34:10 Received {n3 n0 {"counter":19,"message":90,"msg_id":115,"sender":"n1","type":"gossip"}}
2023/05/30 00:34:10 Sent {"src":"n0","dest":"n3","body":{"in_reply_to":115,"type":"gossip_ok"}}
2023/05/30 00:34:10 Received {n3 n0 {"in_reply_to":133,"type":"gossip_ok"}}
2023/05/30 00:34:10 Received {n1 n0 {"in_reply_to":134,"type":"gossip_ok"}}
2023/05/30 00:34:10 Received {n1 n0 {"counter":19,"message":90,"msg_id":156,"sender":"n1","type":"gossip"}}
2023/05/30 00:34:10 Sent {"src":"n0","dest":"n1","body":{"in_reply_to":156,"type":"gossip_ok"}}
2023/05/30 00:34:10 Received {n3 n0 {"counter":17,"message":91,"msg_id":118,"sender":"n3","type":"gossip"}}
2023/05/30 00:34:10 Sent {"src":"n0","dest":"n3","body":{"counter":17,"message":91,"msg_id":135,"sender":"n3","type":"gossip"}}
2023/05/30 00:34:10 Sent {"src":"n0","dest":"n1","body":{"counter":17,"message":91,"msg_id":136,"sender":"n3","type":"gossip"}}
2023/05/30 00:34:10 Sent {"src":"n0","dest":"n3","body":{"in_reply_to":118,"type":"gossip_ok"}}
2023/05/30 00:34:10 Received {n1 n0 {"in_reply_to":136,"type":"gossip_ok"}}
2023/05/30 00:34:10 Received {n3 n0 {"counter":17,"message":91,"msg_id":119,"sender":"n3","type":"gossip"}}
2023/05/30 00:34:10 Received {n3 n0 {"in_reply_to":135,"type":"gossip_ok"}}
2023/05/30 00:34:10 Sent {"src":"n0","dest":"n3","body":{"in_reply_to":119,"type":"gossip_ok"}}
2023/05/30 00:34:10 Received {n1 n0 {"counter":17,"message":91,"msg_id":159,"sender":"n3","type":"gossip"}}
2023/05/30 00:34:10 Sent {"src":"n0","dest":"n1","body":{"in_reply_to":159,"type":"gossip_ok"}}
2023/05/30 00:34:10 Received {n3 n0 {"counter":18,"message":92,"msg_id":121,"sender":"n4","type":"gossip"}}
2023/05/30 00:34:10 Received {n1 n0 {"counter":18,"message":92,"msg_id":162,"sender":"n4","type":"gossip"}}
2023/05/30 00:34:10 Sent {"src":"n0","dest":"n3","body":{"counter":18,"message":92,"msg_id":137,"sender":"n4","type":"gossip"}}
2023/05/30 00:34:10 Sent {"src":"n0","dest":"n1","body":{"counter":18,"message":92,"msg_id":138,"sender":"n4","type":"gossip"}}
2023/05/30 00:34:10 Sent {"src":"n0","dest":"n3","body":{"in_reply_to":121,"type":"gossip_ok"}}
2023/05/30 00:34:10 Sent {"src":"n0","dest":"n1","body":{"in_reply_to":162,"type":"gossip_ok"}}
2023/05/30 00:34:10 Received {n3 n0 {"in_reply_to":137,"type":"gossip_ok"}}
2023/05/30 00:34:10 Received {n1 n0 {"in_reply_to":138,"type":"gossip_ok"}}
2023/05/30 00:34:10 Received {c10 n0 {"type":"read","msg_id":55}}
2023/05/30 00:34:10 Sent {"src":"n0","dest":"c10","body":{"in_reply_to":55,"messages":[1,3,3,5,7,7,8,8,11,11,14,16,16,19,21,23,23,24,24,27,29,29,32,33,33,36,36,38,41,43,43,45,47,47,50,50,53,55,55,57,57,60,60,61,61,65,65,66,70,70,71,72,72,76,77,77,78,78,79,81,81,84,84,85,85,88,90,91,92],"msg_id":55,"type":"read_ok"}}
2023/05/30 00:34:10 Received {c10 n0 {"type":"broadcast","message":93,"msg_id":56}}
2023/05/30 00:34:10 Sent {"src":"n0","dest":"c10","body":{"in_reply_to":56,"type":"broadcast_ok"}}
2023/05/30 00:34:10 Sent {"src":"n0","dest":"n1","body":{"counter":26,"message":93,"msg_id":139,"sender":"n0","type":"gossip"}}
2023/05/30 00:34:10 Sent {"src":"n0","dest":"n3","body":{"counter":26,"message":93,"msg_id":140,"sender":"n0","type":"gossip"}}
2023/05/30 00:34:10 Received {n1 n0 {"counter":26,"message":93,"msg_id":165,"sender":"n0","type":"gossip"}}
2023/05/30 00:34:10 Received {n1 n0 {"in_reply_to":139,"type":"gossip_ok"}}
2023/05/30 00:34:10 Received {n3 n0 {"counter":26,"message":93,"msg_id":123,"sender":"n0","type":"gossip"}}
2023/05/30 00:34:10 Sent {"src":"n0","dest":"n3","body":{"counter":26,"message":93,"msg_id":141,"sender":"n0","type":"gossip"}}
2023/05/30 00:34:10 Received {n3 n0 {"in_reply_to":140,"type":"gossip_ok"}}
2023/05/30 00:34:10 callback error: <nil>
2023/05/30 00:34:10 Sent {"src":"n0","dest":"n1","body":{"counter":26,"message":93,"msg_id":142,"sender":"n0","type":"gossip"}}
2023/05/30 00:34:10 Sent {"src":"n0","dest":"n1","body":{"in_reply_to":165,"type":"gossip_ok"}}
2023/05/30 00:34:10 Sent {"src":"n0","dest":"n3","body":{"in_reply_to":123,"type":"gossip_ok"}}
2023/05/30 00:34:10 callback error: <nil>
2023/05/30 00:34:10 Received {n3 n0 {"in_reply_to":141,"type":"gossip_ok"}}
2023/05/30 00:34:10 Received {n1 n0 {"in_reply_to":142,"type":"gossip_ok"}}
2023/05/30 00:34:10 Received {n1 n0 {"counter":20,"message":94,"msg_id":167,"sender":"n1","type":"gossip"}}
2023/05/30 00:34:10 Sent {"src":"n0","dest":"n3","body":{"counter":20,"message":94,"msg_id":143,"sender":"n1","type":"gossip"}}
2023/05/30 00:34:10 Sent {"src":"n0","dest":"n1","body":{"counter":20,"message":94,"msg_id":144,"sender":"n1","type":"gossip"}}
2023/05/30 00:34:10 Sent {"src":"n0","dest":"n1","body":{"in_reply_to":167,"type":"gossip_ok"}}
2023/05/30 00:34:10 Received {n3 n0 {"counter":20,"message":94,"msg_id":125,"sender":"n1","type":"gossip"}}
2023/05/30 00:34:10 Received {n1 n0 {"counter":20,"message":94,"msg_id":171,"sender":"n1","type":"gossip"}}
2023/05/30 00:34:10 Sent {"src":"n0","dest":"n3","body":{"in_reply_to":125,"type":"gossip_ok"}}
2023/05/30 00:34:10 Sent {"src":"n0","dest":"n1","body":{"in_reply_to":171,"type":"gossip_ok"}}
2023/05/30 00:34:10 Received {n3 n0 {"in_reply_to":143,"type":"gossip_ok"}}
2023/05/30 00:34:10 Received {n1 n0 {"in_reply_to":144,"type":"gossip_ok"}}
2023/05/30 00:34:11 Received {c10 n0 {"type":"broadcast","message":95,"msg_id":57}}
2023/05/30 00:34:11 Sent {"src":"n0","dest":"c10","body":{"in_reply_to":57,"type":"broadcast_ok"}}
2023/05/30 00:34:11 Sent {"src":"n0","dest":"n3","body":{"counter":27,"message":95,"msg_id":145,"sender":"n0","type":"gossip"}}
2023/05/30 00:34:11 Sent {"src":"n0","dest":"n1","body":{"counter":27,"message":95,"msg_id":146,"sender":"n0","type":"gossip"}}
2023/05/30 00:34:11 Received {n3 n0 {"counter":27,"message":95,"msg_id":127,"sender":"n0","type":"gossip"}}
2023/05/30 00:34:11 Received {n1 n0 {"counter":27,"message":95,"msg_id":174,"sender":"n0","type":"gossip"}}
2023/05/30 00:34:11 Received {n1 n0 {"in_reply_to":146,"type":"gossip_ok"}}
2023/05/30 00:34:11 Received {n3 n0 {"in_reply_to":145,"type":"gossip_ok"}}
2023/05/30 00:34:11 Sent {"src":"n0","dest":"n3","body":{"counter":27,"message":95,"msg_id":147,"sender":"n0","type":"gossip"}}
2023/05/30 00:34:11 Sent {"src":"n0","dest":"n1","body":{"in_reply_to":174,"type":"gossip_ok"}}
2023/05/30 00:34:11 Sent {"src":"n0","dest":"n1","body":{"counter":27,"message":95,"msg_id":148,"sender":"n0","type":"gossip"}}
2023/05/30 00:34:11 Sent {"src":"n0","dest":"n3","body":{"in_reply_to":127,"type":"gossip_ok"}}
2023/05/30 00:34:11 callback error: <nil>
2023/05/30 00:34:11 callback error: <nil>
2023/05/30 00:34:11 Received {n3 n0 {"in_reply_to":147,"type":"gossip_ok"}}
2023/05/30 00:34:11 Received {n1 n0 {"in_reply_to":148,"type":"gossip_ok"}}
2023/05/30 00:34:11 Received {c10 n0 {"type":"broadcast","message":96,"msg_id":58}}
2023/05/30 00:34:11 Sent {"src":"n0","dest":"c10","body":{"in_reply_to":58,"type":"broadcast_ok"}}
2023/05/30 00:34:11 Sent {"src":"n0","dest":"n3","body":{"counter":28,"message":96,"msg_id":149,"sender":"n0","type":"gossip"}}
2023/05/30 00:34:11 Sent {"src":"n0","dest":"n1","body":{"counter":28,"message":96,"msg_id":150,"sender":"n0","type":"gossip"}}
2023/05/30 00:34:11 Received {n3 n0 {"counter":28,"message":96,"msg_id":129,"sender":"n0","type":"gossip"}}
2023/05/30 00:34:11 Sent {"src":"n0","dest":"n3","body":{"counter":28,"message":96,"msg_id":151,"sender":"n0","type":"gossip"}}
2023/05/30 00:34:11 Sent {"src":"n0","dest":"n1","body":{"counter":28,"message":96,"msg_id":152,"sender":"n0","type":"gossip"}}
2023/05/30 00:34:11 Received {n1 n0 {"counter":28,"message":96,"msg_id":177,"sender":"n0","type":"gossip"}}
2023/05/30 00:34:11 Sent {"src":"n0","dest":"n3","body":{"in_reply_to":129,"type":"gossip_ok"}}
2023/05/30 00:34:11 Received {n3 n0 {"in_reply_to":149,"type":"gossip_ok"}}
2023/05/30 00:34:11 Received {n1 n0 {"in_reply_to":150,"type":"gossip_ok"}}
2023/05/30 00:34:11 Sent {"src":"n0","dest":"n1","body":{"in_reply_to":177,"type":"gossip_ok"}}
2023/05/30 00:34:11 callback error: <nil>
2023/05/30 00:34:11 callback error: <nil>
2023/05/30 00:34:11 Received {n3 n0 {"in_reply_to":151,"type":"gossip_ok"}}
2023/05/30 00:34:11 Received {n1 n0 {"in_reply_to":152,"type":"gossip_ok"}}
2023/05/30 00:34:11 Received {n1 n0 {"counter":21,"message":97,"msg_id":178,"sender":"n1","type":"gossip"}}
2023/05/30 00:34:11 Sent {"src":"n0","dest":"n3","body":{"counter":21,"message":97,"msg_id":153,"sender":"n1","type":"gossip"}}
2023/05/30 00:34:11 Sent {"src":"n0","dest":"n1","body":{"counter":21,"message":97,"msg_id":154,"sender":"n1","type":"gossip"}}
2023/05/30 00:34:11 Sent {"src":"n0","dest":"n1","body":{"in_reply_to":178,"type":"gossip_ok"}}
2023/05/30 00:34:11 Received {n3 n0 {"counter":21,"message":97,"msg_id":131,"sender":"n1","type":"gossip"}}
2023/05/30 00:34:11 Sent {"src":"n0","dest":"n3","body":{"in_reply_to":131,"type":"gossip_ok"}}
2023/05/30 00:34:11 Received {n1 n0 {"counter":21,"message":97,"msg_id":183,"sender":"n1","type":"gossip"}}
2023/05/30 00:34:11 Received {n1 n0 {"in_reply_to":154,"type":"gossip_ok"}}
2023/05/30 00:34:11 Received {n3 n0 {"in_reply_to":153,"type":"gossip_ok"}}
2023/05/30 00:34:11 Sent {"src":"n0","dest":"n1","body":{"in_reply_to":183,"type":"gossip_ok"}}
2023/05/30 00:34:11 Received {n3 n0 {"counter":18,"message":98,"msg_id":134,"sender":"n3","type":"gossip"}}
2023/05/30 00:34:11 Sent {"src":"n0","dest":"n3","body":{"counter":18,"message":98,"msg_id":155,"sender":"n3","type":"gossip"}}
2023/05/30 00:34:11 Sent {"src":"n0","dest":"n1","body":{"counter":18,"message":98,"msg_id":156,"sender":"n3","type":"gossip"}}
2023/05/30 00:34:11 Sent {"src":"n0","dest":"n3","body":{"in_reply_to":134,"type":"gossip_ok"}}
2023/05/30 00:34:11 Received {n3 n0 {"counter":18,"message":98,"msg_id":135,"sender":"n3","type":"gossip"}}
2023/05/30 00:34:11 Received {n1 n0 {"counter":18,"message":98,"msg_id":186,"sender":"n3","type":"gossip"}}
2023/05/30 00:34:11 Received {n3 n0 {"in_reply_to":155,"type":"gossip_ok"}}
2023/05/30 00:34:11 Received {n1 n0 {"in_reply_to":156,"type":"gossip_ok"}}
2023/05/30 00:34:11 Sent {"src":"n0","dest":"n3","body":{"in_reply_to":135,"type":"gossip_ok"}}
2023/05/30 00:34:11 Sent {"src":"n0","dest":"n1","body":{"in_reply_to":186,"type":"gossip_ok"}}
2023/05/30 00:34:11 Received {c10 n0 {"type":"broadcast","message":100,"msg_id":59}}
2023/05/30 00:34:11 Sent {"src":"n0","dest":"c10","body":{"in_reply_to":59,"type":"broadcast_ok"}}
2023/05/30 00:34:11 Sent {"src":"n0","dest":"n3","body":{"counter":29,"message":100,"msg_id":158,"sender":"n0","type":"gossip"}}
2023/05/30 00:34:11 Sent {"src":"n0","dest":"n1","body":{"counter":29,"message":100,"msg_id":157,"sender":"n0","type":"gossip"}}
2023/05/30 00:34:11 Received {n3 n0 {"counter":19,"message":99,"msg_id":137,"sender":"n4","type":"gossip"}}
2023/05/30 00:34:11 Received {n1 n0 {"counter":19,"message":99,"msg_id":189,"sender":"n4","type":"gossip"}}
2023/05/30 00:34:11 Sent {"src":"n0","dest":"n3","body":{"counter":19,"message":99,"msg_id":159,"sender":"n4","type":"gossip"}}
2023/05/30 00:34:11 Sent {"src":"n0","dest":"n1","body":{"counter":19,"message":99,"msg_id":160,"sender":"n4","type":"gossip"}}
2023/05/30 00:34:11 Sent {"src":"n0","dest":"n3","body":{"in_reply_to":137,"type":"gossip_ok"}}
2023/05/30 00:34:11 Sent {"src":"n0","dest":"n1","body":{"in_reply_to":189,"type":"gossip_ok"}}
2023/05/30 00:34:11 Received {n3 n0 {"counter":29,"message":100,"msg_id":139,"sender":"n0","type":"gossip"}}
2023/05/30 00:34:11 Received {n3 n0 {"in_reply_to":158,"type":"gossip_ok"}}
2023/05/30 00:34:11 Received {n1 n0 {"counter":29,"message":100,"msg_id":192,"sender":"n0","type":"gossip"}}
2023/05/30 00:34:11 Received {n1 n0 {"in_reply_to":157,"type":"gossip_ok"}}
2023/05/30 00:34:11 callback error: <nil>
2023/05/30 00:34:11 Sent {"src":"n0","dest":"n3","body":{"counter":29,"message":100,"msg_id":161,"sender":"n0","type":"gossip"}}
2023/05/30 00:34:11 Sent {"src":"n0","dest":"n1","body":{"counter":29,"message":100,"msg_id":162,"sender":"n0","type":"gossip"}}
2023/05/30 00:34:11 Sent {"src":"n0","dest":"n1","body":{"in_reply_to":192,"type":"gossip_ok"}}
2023/05/30 00:34:11 Sent {"src":"n0","dest":"n3","body":{"in_reply_to":139,"type":"gossip_ok"}}
2023/05/30 00:34:11 callback error: <nil>
2023/05/30 00:34:11 Received {n3 n0 {"in_reply_to":159,"type":"gossip_ok"}}
2023/05/30 00:34:11 Received {n1 n0 {"in_reply_to":160,"type":"gossip_ok"}}
2023/05/30 00:34:11 Received {n3 n0 {"in_reply_to":161,"type":"gossip_ok"}}
2023/05/30 00:34:11 Received {n1 n0 {"in_reply_to":162,"type":"gossip_ok"}}
2023/05/30 00:34:11 Received {c10 n0 {"type":"broadcast","message":101,"msg_id":60}}
2023/05/30 00:34:11 Sent {"src":"n0","dest":"c10","body":{"in_reply_to":60,"type":"broadcast_ok"}}
2023/05/30 00:34:11 Sent {"src":"n0","dest":"n1","body":{"counter":30,"message":101,"msg_id":163,"sender":"n0","type":"gossip"}}
2023/05/30 00:34:11 Sent {"src":"n0","dest":"n3","body":{"counter":30,"message":101,"msg_id":164,"sender":"n0","type":"gossip"}}
2023/05/30 00:34:11 Received {n3 n0 {"counter":30,"message":101,"msg_id":141,"sender":"n0","type":"gossip"}}
2023/05/30 00:34:11 Received {n3 n0 {"in_reply_to":164,"type":"gossip_ok"}}
2023/05/30 00:34:11 Received {n1 n0 {"counter":30,"message":101,"msg_id":195,"sender":"n0","type":"gossip"}}
2023/05/30 00:34:11 Received {n1 n0 {"in_reply_to":163,"type":"gossip_ok"}}
2023/05/30 00:34:11 Sent {"src":"n0","dest":"n3","body":{"counter":30,"message":101,"msg_id":165,"sender":"n0","type":"gossip"}}
2023/05/30 00:34:11 Sent {"src":"n0","dest":"n1","body":{"counter":30,"message":101,"msg_id":166,"sender":"n0","type":"gossip"}}
2023/05/30 00:34:11 Sent {"src":"n0","dest":"n3","body":{"in_reply_to":141,"type":"gossip_ok"}}
2023/05/30 00:34:11 Sent {"src":"n0","dest":"n1","body":{"in_reply_to":195,"type":"gossip_ok"}}
2023/05/30 00:34:11 callback error: <nil>
2023/05/30 00:34:11 callback error: <nil>
2023/05/30 00:34:11 Received {n3 n0 {"in_reply_to":165,"type":"gossip_ok"}}
2023/05/30 00:34:11 Received {n1 n0 {"in_reply_to":166,"type":"gossip_ok"}}
2023/05/30 00:34:12 Received {n3 n0 {"counter":19,"message":102,"msg_id":143,"sender":"n3","type":"gossip"}}
2023/05/30 00:34:12 Sent {"src":"n0","dest":"n3","body":{"counter":19,"message":102,"msg_id":167,"sender":"n3","type":"gossip"}}
2023/05/30 00:34:12 Sent {"src":"n0","dest":"n1","body":{"counter":19,"message":102,"msg_id":168,"sender":"n3","type":"gossip"}}
2023/05/30 00:34:12 Sent {"src":"n0","dest":"n3","body":{"in_reply_to":143,"type":"gossip_ok"}}
2023/05/30 00:34:12 Received {n3 n0 {"counter":19,"message":102,"msg_id":145,"sender":"n3","type":"gossip"}}
2023/05/30 00:34:12 Received {n3 n0 {"in_reply_to":167,"type":"gossip_ok"}}
2023/05/30 00:34:12 Received {n1 n0 {"counter":19,"message":102,"msg_id":198,"sender":"n3","type":"gossip"}}
2023/05/30 00:34:12 Received {n1 n0 {"in_reply_to":168,"type":"gossip_ok"}}
2023/05/30 00:34:12 Sent {"src":"n0","dest":"n3","body":{"in_reply_to":145,"type":"gossip_ok"}}
2023/05/30 00:34:12 Sent {"src":"n0","dest":"n1","body":{"in_reply_to":198,"type":"gossip_ok"}}
2023/05/30 00:34:12 Received {c10 n0 {"type":"broadcast","message":103,"msg_id":61}}
2023/05/30 00:34:12 Sent {"src":"n0","dest":"c10","body":{"in_reply_to":61,"type":"broadcast_ok"}}
2023/05/30 00:34:12 Sent {"src":"n0","dest":"n3","body":{"counter":31,"message":103,"msg_id":169,"sender":"n0","type":"gossip"}}
2023/05/30 00:34:12 Sent {"src":"n0","dest":"n1","body":{"counter":31,"message":103,"msg_id":170,"sender":"n0","type":"gossip"}}
2023/05/30 00:34:12 Received {n3 n0 {"counter":31,"message":103,"msg_id":147,"sender":"n0","type":"gossip"}}
2023/05/30 00:34:12 Received {n3 n0 {"in_reply_to":169,"type":"gossip_ok"}}
2023/05/30 00:34:12 Sent {"src":"n0","dest":"n3","body":{"counter":31,"message":103,"msg_id":171,"sender":"n0","type":"gossip"}}
2023/05/30 00:34:12 callback error: <nil>
2023/05/30 00:34:12 Sent {"src":"n0","dest":"n1","body":{"counter":31,"message":103,"msg_id":172,"sender":"n0","type":"gossip"}}
2023/05/30 00:34:12 Received {n1 n0 {"counter":31,"message":103,"msg_id":201,"sender":"n0","type":"gossip"}}
2023/05/30 00:34:12 Received {n1 n0 {"in_reply_to":170,"type":"gossip_ok"}}
2023/05/30 00:34:12 Sent {"src":"n0","dest":"n3","body":{"in_reply_to":147,"type":"gossip_ok"}}
2023/05/30 00:34:12 callback error: <nil>
2023/05/30 00:34:12 Sent {"src":"n0","dest":"n1","body":{"in_reply_to":201,"type":"gossip_ok"}}
2023/05/30 00:34:12 Received {n3 n0 {"in_reply_to":171,"type":"gossip_ok"}}
2023/05/30 00:34:12 Received {n1 n0 {"in_reply_to":172,"type":"gossip_ok"}}
2023/05/30 00:34:12 Received {c10 n0 {"type":"read","msg_id":62}}
2023/05/30 00:34:12 Sent {"src":"n0","dest":"c10","body":{"in_reply_to":62,"messages":[1,3,3,5,7,7,8,8,11,11,14,16,16,19,21,23,23,24,24,27,29,29,32,33,33,36,36,38,41,43,43,45,47,47,50,50,53,55,55,57,57,60,60,61,61,65,65,66,70,70,71,72,72,76,77,77,78,78,79,81,81,84,84,85,85,88,90,91,92,93,93,94,95,95,96,96,97,98,100,99,100,101,101,102,103,103],"msg_id":62,"type":"read_ok"}}
2023/05/30 00:34:12 Received {n1 n0 {"counter":22,"message":104,"msg_id":204,"sender":"n1","type":"gossip"}}
2023/05/30 00:34:12 Sent {"src":"n0","dest":"n3","body":{"counter":22,"message":104,"msg_id":173,"sender":"n1","type":"gossip"}}
2023/05/30 00:34:12 Sent {"src":"n0","dest":"n1","body":{"counter":22,"message":104,"msg_id":174,"sender":"n1","type":"gossip"}}
2023/05/30 00:34:12 Sent {"src":"n0","dest":"n1","body":{"in_reply_to":204,"type":"gossip_ok"}}
2023/05/30 00:34:12 Received {n3 n0 {"counter":22,"message":104,"msg_id":149,"sender":"n1","type":"gossip"}}
2023/05/30 00:34:12 Received {n3 n0 {"in_reply_to":173,"type":"gossip_ok"}}
2023/05/30 00:34:12 Sent {"src":"n0","dest":"n3","body":{"in_reply_to":149,"type":"gossip_ok"}}
2023/05/30 00:34:12 Received {n1 n0 {"in_reply_to":174,"type":"gossip_ok"}}
2023/05/30 00:34:12 Received {n1 n0 {"counter":22,"message":104,"msg_id":207,"sender":"n1","type":"gossip"}}
2023/05/30 00:34:12 Sent {"src":"n0","dest":"n1","body":{"in_reply_to":207,"type":"gossip_ok"}}
2023/05/30 00:34:13 Received {c10 n0 {"type":"broadcast","message":105,"msg_id":63}}
2023/05/30 00:34:13 Sent {"src":"n0","dest":"c10","body":{"in_reply_to":63,"type":"broadcast_ok"}}
2023/05/30 00:34:13 Sent {"src":"n0","dest":"n3","body":{"counter":32,"message":105,"msg_id":175,"sender":"n0","type":"gossip"}}
2023/05/30 00:34:13 Sent {"src":"n0","dest":"n1","body":{"counter":32,"message":105,"msg_id":176,"sender":"n0","type":"gossip"}}
2023/05/30 00:34:13 Received {n1 n0 {"counter":32,"message":105,"msg_id":210,"sender":"n0","type":"gossip"}}
2023/05/30 00:34:13 Received {n3 n0 {"counter":32,"message":105,"msg_id":151,"sender":"n0","type":"gossip"}}
2023/05/30 00:34:13 Received {n1 n0 {"in_reply_to":176,"type":"gossip_ok"}}
2023/05/30 00:34:13 Received {n3 n0 {"in_reply_to":175,"type":"gossip_ok"}}
2023/05/30 00:34:13 Sent {"src":"n0","dest":"n3","body":{"counter":32,"message":105,"msg_id":177,"sender":"n0","type":"gossip"}}
2023/05/30 00:34:13 Sent {"src":"n0","dest":"n1","body":{"counter":32,"message":105,"msg_id":178,"sender":"n0","type":"gossip"}}
2023/05/30 00:34:13 Sent {"src":"n0","dest":"n3","body":{"in_reply_to":151,"type":"gossip_ok"}}
2023/05/30 00:34:13 Sent {"src":"n0","dest":"n1","body":{"in_reply_to":210,"type":"gossip_ok"}}
2023/05/30 00:34:13 callback error: <nil>
2023/05/30 00:34:13 callback error: <nil>
2023/05/30 00:34:13 Received {n3 n0 {"in_reply_to":177,"type":"gossip_ok"}}
2023/05/30 00:34:13 Received {n1 n0 {"in_reply_to":178,"type":"gossip_ok"}}
2023/05/30 00:34:23 Received {c10 n0 {"type":"read","msg_id":64}}
2023/05/30 00:34:23 Sent {"src":"n0","dest":"c10","body":{"in_reply_to":64,"messages":[1,3,3,5,7,7,8,8,11,11,14,16,16,19,21,23,23,24,24,27,29,29,32,33,33,36,36,38,41,43,43,45,47,47,50,50,53,55,55,57,57,60,60,61,61,65,65,66,70,70,71,72,72,76,77,77,78,78,79,81,81,84,84,85,85,88,90,91,92,93,93,94,95,95,96,96,97,98,100,99,100,101,101,102,103,103,104,105,105],"msg_id":64,"type":"read_ok"}}
