2023/05/30 00:33:53 Received {c0 n1 {"type":"init","node_id":"n1","node_ids":["n0","n1","n2","n3","n4"],"msg_id":1}}
2023/05/30 00:33:53 Node n1 initialized
2023/05/30 00:33:53 Sent {"src":"n1","dest":"c0","body":{"in_reply_to":1,"type":"init_ok"}}
2023/05/30 00:33:53 Received {c6 n1 {"type":"topology","topology":{"n0":["n3","n1"],"n1":["n4","n2","n0"],"n2":["n1"],"n3":["n0","n4"],"n4":["n1","n3"]},"msg_id":1}}
2023/05/30 00:33:53 Sent {"src":"n1","dest":"c6","body":{"in_reply_to":1,"type":"topology_ok"}}
2023/05/30 00:33:53 Received {n2 n1 {"counter":1,"message":0,"msg_id":1,"sender":"n2","type":"gossip"}}
2023/05/30 00:33:53 Sent {"src":"n1","dest":"n4","body":{"counter":1,"message":0,"msg_id":1,"sender":"n2","type":"gossip"}}
2023/05/30 00:33:53 Sent {"src":"n1","dest":"n2","body":{"counter":1,"message":0,"msg_id":2,"sender":"n2","type":"gossip"}}
2023/05/30 00:33:53 Sent {"src":"n1","dest":"n0","body":{"counter":1,"message":0,"msg_id":3,"sender":"n2","type":"gossip"}}
2023/05/30 00:33:53 Sent {"src":"n1","dest":"n2","body":{"in_reply_to":1,"type":"gossip_ok"}}
2023/05/30 00:33:53 Received {n2 n1 {"counter":1,"message":0,"msg_id":2,"sender":"n2","type":"gossip"}}
2023/05/30 00:33:53 Sent {"src":"n1","dest":"n2","body":{"in_reply_to":2,"type":"gossip_ok"}}
2023/05/30 00:33:53 Received {n2 n1 {"in_reply_to":2,"type":"gossip_ok"}}
2023/05/30 00:33:53 Received {c14 n1 {"type":"broadcast","message":4,"msg_id":1}}
2023/05/30 00:33:53 Sent {"src":"n1","dest":"c14","body":{"in_reply_to":1,"type":"broadcast_ok"}}
2023/05/30 00:33:53 Sent {"src":"n1","dest":"n0","body":{"counter":1,"message":4,"msg_id":5,"sender":"n1","type":"gossip"}}
2023/05/30 00:33:53 Sent {"src":"n1","dest":"n4","body":{"counter":1,"message":4,"msg_id":4,"sender":"n1","type":"gossip"}}
2023/05/30 00:33:53 Sent {"src":"n1","dest":"n2","body":{"counter":1,"message":4,"msg_id":6,"sender":"n1","type":"gossip"}}
2023/05/30 00:33:53 Received {n2 n1 {"counter":1,"message":4,"msg_id":3,"sender":"n1","type":"gossip"}}
2023/05/30 00:33:53 Sent {"src":"n1","dest":"n4","body":{"counter":1,"message":4,"msg_id":7,"sender":"n1","type":"gossip"}}
2023/05/30 00:33:53 Received {n2 n1 {"in_reply_to":6,"type":"gossip_ok"}}
2023/05/30 00:33:53 Sent {"src":"n1","dest":"n2","body":{"counter":1,"message":4,"msg_id":8,"sender":"n1","type":"gossip"}}
2023/05/30 00:33:53 Sent {"src":"n1","dest":"n0","body":{"counter":1,"message":4,"msg_id":9,"sender":"n1","type":"gossip"}}
2023/05/30 00:33:53 Sent {"src":"n1","dest":"n2","body":{"in_reply_to":3,"type":"gossip_ok"}}
2023/05/30 00:33:53 callback error: <nil>
2023/05/30 00:33:53 Received {n2 n1 {"in_reply_to":8,"type":"gossip_ok"}}
2023/05/30 00:33:54 Received {c14 n1 {"type":"broadcast","message":9,"msg_id":2}}
2023/05/30 00:33:54 Sent {"src":"n1","dest":"c14","body":{"in_reply_to":2,"type":"broadcast_ok"}}
2023/05/30 00:33:54 Sent {"src":"n1","dest":"n4","body":{"counter":2,"message":9,"msg_id":10,"sender":"n1","type":"gossip"}}
2023/05/30 00:33:54 Sent {"src":"n1","dest":"n2","body":{"counter":2,"message":9,"msg_id":11,"sender":"n1","type":"gossip"}}
2023/05/30 00:33:54 Sent {"src":"n1","dest":"n0","body":{"counter":2,"message":9,"msg_id":12,"sender":"n1","type":"gossip"}}
2023/05/30 00:33:54 Received {n2 n1 {"counter":2,"message":9,"msg_id":4,"sender":"n1","type":"gossip"}}
2023/05/30 00:33:54 Sent {"src":"n1","dest":"n4","body":{"counter":2,"message":9,"msg_id":13,"sender":"n1","type":"gossip"}}
2023/05/30 00:33:54 Sent {"src":"n1","dest":"n2","body":{"counter":2,"message":9,"msg_id":14,"sender":"n1","type":"gossip"}}
2023/05/30 00:33:54 Sent {"src":"n1","dest":"n0","body":{"counter":2,"message":9,"msg_id":15,"sender":"n1","type":"gossip"}}
2023/05/30 00:33:54 Sent {"src":"n1","dest":"n2","body":{"in_reply_to":4,"type":"gossip_ok"}}
2023/05/30 00:33:54 Received {n2 n1 {"in_reply_to":11,"type":"gossip_ok"}}
2023/05/30 00:33:54 callback error: <nil>
2023/05/30 00:33:54 Received {n2 n1 {"in_reply_to":14,"type":"gossip_ok"}}
2023/05/30 00:33:54 Received {c14 n1 {"type":"broadcast","message":12,"msg_id":3}}
2023/05/30 00:33:54 Sent {"src":"n1","dest":"c14","body":{"in_reply_to":3,"type":"broadcast_ok"}}
2023/05/30 00:33:54 Sent {"src":"n1","dest":"n0","body":{"counter":3,"message":12,"msg_id":16,"sender":"n1","type":"gossip"}}
2023/05/30 00:33:54 Sent {"src":"n1","dest":"n4","body":{"counter":3,"message":12,"msg_id":17,"sender":"n1","type":"gossip"}}
2023/05/30 00:33:54 Sent {"src":"n1","dest":"n2","body":{"counter":3,"message":12,"msg_id":18,"sender":"n1","type":"gossip"}}
2023/05/30 00:33:54 Received {n2 n1 {"counter":3,"message":12,"msg_id":5,"sender":"n1","type":"gossip"}}
2023/05/30 00:33:54 Sent {"src":"n1","dest":"n4","body":{"counter":3,"message":12,"msg_id":19,"sender":"n1","type":"gossip"}}
2023/05/30 00:33:54 Received {n2 n1 {"in_reply_to":18,"type":"gossip_ok"}}
2023/05/30 00:33:54 Sent {"src":"n1","dest":"n2","body":{"counter":3,"message":12,"msg_id":20,"sender":"n1","type":"gossip"}}
2023/05/30 00:33:54 Sent {"src":"n1","dest":"n0","body":{"counter":3,"message":12,"msg_id":21,"sender":"n1","type":"gossip"}}
2023/05/30 00:33:54 Sent {"src":"n1","dest":"n2","body":{"in_reply_to":5,"type":"gossip_ok"}}
2023/05/30 00:33:54 callback error: <nil>
2023/05/30 00:33:54 Received {n2 n1 {"in_reply_to":20,"type":"gossip_ok"}}
2023/05/30 00:33:55 Received {n2 n1 {"counter":2,"message":13,"msg_id":6,"sender":"n2","type":"gossip"}}
2023/05/30 00:33:55 Sent {"src":"n1","dest":"n4","body":{"counter":2,"message":13,"msg_id":22,"sender":"n2","type":"gossip"}}
2023/05/30 00:33:55 Sent {"src":"n1","dest":"n2","body":{"counter":2,"message":13,"msg_id":23,"sender":"n2","type":"gossip"}}
2023/05/30 00:33:55 Sent {"src":"n1","dest":"n0","body":{"counter":2,"message":13,"msg_id":24,"sender":"n2","type":"gossip"}}
2023/05/30 00:33:55 Sent {"src":"n1","dest":"n2","body":{"in_reply_to":6,"type":"gossip_ok"}}
2023/05/30 00:33:55 Received {n2 n1 {"counter":2,"message":13,"msg_id":7,"sender":"n2","type":"gossip"}}
2023/05/30 00:33:55 Sent {"src":"n1","dest":"n2","body":{"in_reply_to":7,"type":"gossip_ok"}}
2023/05/30 00:33:55 Received {n2 n1 {"in_reply_to":23,"type":"gossip_ok"}}
2023/05/30 00:33:55 Received {c14 n1 {"type":"read","msg_id":4}}
2023/05/30 00:33:55 Sent {"src":"n1","dest":"c14","body":{"in_reply_to":4,"messages":[0,4,4,9,9,12,12,13],"msg_id":4,"type":"read_ok"}}
2023/05/30 00:33:56 Received {c14 n1 {"type":"broadcast","message":17,"msg_id":5}}
2023/05/30 00:33:56 Sent {"src":"n1","dest":"c14","body":{"in_reply_to":5,"type":"broadcast_ok"}}
2023/05/30 00:33:56 Sent {"src":"n1","dest":"n4","body":{"counter":4,"message":17,"msg_id":25,"sender":"n1","type":"gossip"}}
2023/05/30 00:33:56 Sent {"src":"n1","dest":"n2","body":{"counter":4,"message":17,"msg_id":26,"sender":"n1","type":"gossip"}}
2023/05/30 00:33:56 Sent {"src":"n1","dest":"n0","body":{"counter":4,"message":17,"msg_id":27,"sender":"n1","type":"gossip"}}
2023/05/30 00:33:56 Received {n2 n1 {"counter":4,"message":17,"msg_id":8,"sender":"n1","type":"gossip"}}
2023/05/30 00:33:56 Received {n2 n1 {"in_reply_to":26,"type":"gossip_ok"}}
2023/05/30 00:33:56 Sent {"src":"n1","dest":"n4","body":{"counter":4,"message":17,"msg_id":28,"sender":"n1","type":"gossip"}}
2023/05/30 00:33:56 Sent {"src":"n1","dest":"n2","body":{"counter":4,"message":17,"msg_id":29,"sender":"n1","type":"gossip"}}
2023/05/30 00:33:56 callback error: <nil>
2023/05/30 00:33:56 Sent {"src":"n1","dest":"n0","body":{"counter":4,"message":17,"msg_id":30,"sender":"n1","type":"gossip"}}
2023/05/30 00:33:56 Sent {"src":"n1","dest":"n2","body":{"in_reply_to":8,"type":"gossip_ok"}}
2023/05/30 00:33:56 Received {n2 n1 {"in_reply_to":29,"type":"gossip_ok"}}
2023/05/30 00:33:56 Received {n2 n1 {"counter":3,"message":18,"msg_id":9,"sender":"n2","type":"gossip"}}
2023/05/30 00:33:56 Sent {"src":"n1","dest":"n4","body":{"counter":3,"message":18,"msg_id":31,"sender":"n2","type":"gossip"}}
2023/05/30 00:33:56 Sent {"src":"n1","dest":"n2","body":{"counter":3,"message":18,"msg_id":32,"sender":"n2","type":"gossip"}}
2023/05/30 00:33:56 Sent {"src":"n1","dest":"n0","body":{"counter":3,"message":18,"msg_id":33,"sender":"n2","type":"gossip"}}
2023/05/30 00:33:56 Sent {"src":"n1","dest":"n2","body":{"in_reply_to":9,"type":"gossip_ok"}}
2023/05/30 00:33:56 Received {n2 n1 {"counter":3,"message":18,"msg_id":10,"sender":"n2","type":"gossip"}}
2023/05/30 00:33:56 Sent {"src":"n1","dest":"n2","body":{"in_reply_to":10,"type":"gossip_ok"}}
2023/05/30 00:33:56 Received {n2 n1 {"in_reply_to":32,"type":"gossip_ok"}}
2023/05/30 00:33:56 Received {c14 n1 {"type":"broadcast","message":20,"msg_id":6}}
2023/05/30 00:33:56 Sent {"src":"n1","dest":"c14","body":{"in_reply_to":6,"type":"broadcast_ok"}}
2023/05/30 00:33:56 Sent {"src":"n1","dest":"n4","body":{"counter":5,"message":20,"msg_id":34,"sender":"n1","type":"gossip"}}
2023/05/30 00:33:56 Sent {"src":"n1","dest":"n2","body":{"counter":5,"message":20,"msg_id":36,"sender":"n1","type":"gossip"}}
2023/05/30 00:33:56 Sent {"src":"n1","dest":"n0","body":{"counter":5,"message":20,"msg_id":35,"sender":"n1","type":"gossip"}}
2023/05/30 00:33:56 Received {n2 n1 {"counter":5,"message":20,"msg_id":11,"sender":"n1","type":"gossip"}}
2023/05/30 00:33:56 Received {n2 n1 {"in_reply_to":36,"type":"gossip_ok"}}
2023/05/30 00:33:56 Sent {"src":"n1","dest":"n4","body":{"counter":5,"message":20,"msg_id":37,"sender":"n1","type":"gossip"}}
2023/05/30 00:33:56 Sent {"src":"n1","dest":"n2","body":{"counter":5,"message":20,"msg_id":38,"sender":"n1","type":"gossip"}}
2023/05/30 00:33:56 callback error: <nil>
2023/05/30 00:33:56 Sent {"src":"n1","dest":"n0","body":{"counter":5,"message":20,"msg_id":39,"sender":"n1","type":"gossip"}}
2023/05/30 00:33:56 Sent {"src":"n1","dest":"n2","body":{"in_reply_to":11,"type":"gossip_ok"}}
2023/05/30 00:33:56 Received {n2 n1 {"in_reply_to":38,"type":"gossip_ok"}}
2023/05/30 00:33:57 Received {c14 n1 {"type":"broadcast","message":25,"msg_id":7}}
2023/05/30 00:33:57 Sent {"src":"n1","dest":"c14","body":{"in_reply_to":7,"type":"broadcast_ok"}}
2023/05/30 00:33:57 Sent {"src":"n1","dest":"n4","body":{"counter":6,"message":25,"msg_id":40,"sender":"n1","type":"gossip"}}
2023/05/30 00:33:57 Sent {"src":"n1","dest":"n2","body":{"counter":6,"message":25,"msg_id":41,"sender":"n1","type":"gossip"}}
2023/05/30 00:33:57 Sent {"src":"n1","dest":"n0","body":{"counter":6,"message":25,"msg_id":42,"sender":"n1","type":"gossip"}}
2023/05/30 00:33:57 Received {n2 n1 {"counter":6,"message":25,"msg_id":12,"sender":"n1","type":"gossip"}}
2023/05/30 00:33:57 Received {n2 n1 {"in_reply_to":41,"type":"gossip_ok"}}
2023/05/30 00:33:57 Sent {"src":"n1","dest":"n4","body":{"counter":6,"message":25,"msg_id":43,"sender":"n1","type":"gossip"}}
2023/05/30 00:33:57 callback error: <nil>
2023/05/30 00:33:57 Sent {"src":"n1","dest":"n2","body":{"counter":6,"message":25,"msg_id":44,"sender":"n1","type":"gossip"}}
2023/05/30 00:33:57 Sent {"src":"n1","dest":"n0","body":{"counter":6,"message":25,"msg_id":45,"sender":"n1","type":"gossip"}}
2023/05/30 00:33:57 Sent {"src":"n1","dest":"n2","body":{"in_reply_to":12,"type":"gossip_ok"}}
2023/05/30 00:33:57 Received {n2 n1 {"in_reply_to":44,"type":"gossip_ok"}}
2023/05/30 00:33:57 Received {n2 n1 {"counter":4,"message":26,"msg_id":13,"sender":"n2","type":"gossip"}}
2023/05/30 00:33:57 Sent {"src":"n1","dest":"n4","body":{"counter":4,"message":26,"msg_id":46,"sender":"n2","type":"gossip"}}
2023/05/30 00:33:57 Sent {"src":"n1","dest":"n2","body":{"counter":4,"message":26,"msg_id":47,"sender":"n2","type":"gossip"}}
2023/05/30 00:33:57 Sent {"src":"n1","dest":"n0","body":{"counter":4,"message":26,"msg_id":48,"sender":"n2","type":"gossip"}}
2023/05/30 00:33:57 Sent {"src":"n1","dest":"n2","body":{"in_reply_to":13,"type":"gossip_ok"}}
2023/05/30 00:33:57 Received {n2 n1 {"counter":4,"message":26,"msg_id":14,"sender":"n2","type":"gossip"}}
2023/05/30 00:33:57 Sent {"src":"n1","dest":"n2","body":{"in_reply_to":14,"type":"gossip_ok"}}
2023/05/30 00:33:57 Received {n2 n1 {"in_reply_to":47,"type":"gossip_ok"}}
2023/05/30 00:33:58 Received {c14 n1 {"type":"broadcast","message":30,"msg_id":8}}
2023/05/30 00:33:58 Sent {"src":"n1","dest":"c14","body":{"in_reply_to":8,"type":"broadcast_ok"}}
2023/05/30 00:33:58 Sent {"src":"n1","dest":"n0","body":{"counter":7,"message":30,"msg_id":49,"sender":"n1","type":"gossip"}}
2023/05/30 00:33:58 Sent {"src":"n1","dest":"n4","body":{"counter":7,"message":30,"msg_id":50,"sender":"n1","type":"gossip"}}
2023/05/30 00:33:58 Sent {"src":"n1","dest":"n2","body":{"counter":7,"message":30,"msg_id":51,"sender":"n1","type":"gossip"}}
2023/05/30 00:33:58 Received {n2 n1 {"counter":7,"message":30,"msg_id":15,"sender":"n1","type":"gossip"}}
2023/05/30 00:33:58 Received {n2 n1 {"in_reply_to":51,"type":"gossip_ok"}}
2023/05/30 00:33:58 Sent {"src":"n1","dest":"n4","body":{"counter":7,"message":30,"msg_id":52,"sender":"n1","type":"gossip"}}
2023/05/30 00:33:58 Sent {"src":"n1","dest":"n2","body":{"counter":7,"message":30,"msg_id":53,"sender":"n1","type":"gossip"}}
2023/05/30 00:33:58 callback error: <nil>
2023/05/30 00:33:58 Sent {"src":"n1","dest":"n0","body":{"counter":7,"message":30,"msg_id":54,"sender":"n1","type":"gossip"}}
2023/05/30 00:33:58 Sent {"src":"n1","dest":"n2","body":{"in_reply_to":15,"type":"gossip_ok"}}
2023/05/30 00:33:58 Received {n2 n1 {"in_reply_to":53,"type":"gossip_ok"}}
2023/05/30 00:33:58 Received {n2 n1 {"counter":5,"message":31,"msg_id":16,"sender":"n2","type":"gossip"}}
2023/05/30 00:33:58 Sent {"src":"n1","dest":"n4","body":{"counter":5,"message":31,"msg_id":55,"sender":"n2","type":"gossip"}}
2023/05/30 00:33:58 Sent {"src":"n1","dest":"n2","body":{"counter":5,"message":31,"msg_id":56,"sender":"n2","type":"gossip"}}
2023/05/30 00:33:58 Sent {"src":"n1","dest":"n0","body":{"counter":5,"message":31,"msg_id":57,"sender":"n2","type":"gossip"}}
2023/05/30 00:33:58 Sent {"src":"n1","dest":"n2","body":{"in_reply_to":16,"type":"gossip_ok"}}
2023/05/30 00:33:58 Received {n2 n1 {"counter":5,"message":31,"msg_id":17,"sender":"n2","type":"gossip"}}
2023/05/30 00:33:58 Sent {"src":"n1","dest":"n2","body":{"in_reply_to":17,"type":"gossip_ok"}}
2023/05/30 00:33:58 Received {n2 n1 {"in_reply_to":56,"type":"gossip_ok"}}
2023/05/30 00:33:58 Received {c14 n1 {"type":"broadcast","message":34,"msg_id":9}}
2023/05/30 00:33:58 Sent {"src":"n1","dest":"c14","body":{"in_reply_to":9,"type":"broadcast_ok"}}
2023/05/30 00:33:58 Sent {"src":"n1","dest":"n0","body":{"counter":8,"message":34,"msg_id":58,"sender":"n1","type":"gossip"}}
2023/05/30 00:33:58 Sent {"src":"n1","dest":"n4","body":{"counter":8,"message":34,"msg_id":59,"sender":"n1","type":"gossip"}}
2023/05/30 00:33:58 Sent {"src":"n1","dest":"n2","body":{"counter":8,"message":34,"msg_id":60,"sender":"n1","type":"gossip"}}
2023/05/30 00:33:58 Received {n2 n1 {"counter":8,"message":34,"msg_id":18,"sender":"n1","type":"gossip"}}
2023/05/30 00:33:58 Received {n2 n1 {"in_reply_to":60,"type":"gossip_ok"}}
2023/05/30 00:33:58 callback error: <nil>
2023/05/30 00:33:58 Sent {"src":"n1","dest":"n4","body":{"counter":8,"message":34,"msg_id":61,"sender":"n1","type":"gossip"}}
2023/05/30 00:33:58 Sent {"src":"n1","dest":"n2","body":{"counter":8,"message":34,"msg_id":62,"sender":"n1","type":"gossip"}}
2023/05/30 00:33:58 Sent {"src":"n1","dest":"n0","body":{"counter":8,"message":34,"msg_id":63,"sender":"n1","type":"gossip"}}
2023/05/30 00:33:58 Sent {"src":"n1","dest":"n2","body":{"in_reply_to":18,"type":"gossip_ok"}}
2023/05/30 00:33:58 Received {n2 n1 {"in_reply_to":62,"type":"gossip_ok"}}
2023/05/30 00:33:58 Received {n2 n1 {"counter":6,"message":35,"msg_id":19,"sender":"n2","type":"gossip"}}
2023/05/30 00:33:58 Sent {"src":"n1","dest":"n4","body":{"counter":6,"message":35,"msg_id":64,"sender":"n2","type":"gossip"}}
2023/05/30 00:33:58 Sent {"src":"n1","dest":"n2","body":{"counter":6,"message":35,"msg_id":65,"sender":"n2","type":"gossip"}}
2023/05/30 00:33:58 Sent {"src":"n1","dest":"n0","body":{"counter":6,"message":35,"msg_id":66,"sender":"n2","type":"gossip"}}
2023/05/30 00:33:58 Sent {"src":"n1","dest":"n2","body":{"in_reply_to":19,"type":"gossip_ok"}}
2023/05/30 00:33:58 Received {n2 n1 {"counter":6,"message":35,"msg_id":20,"sender":"n2","type":"gossip"}}
2023/05/30 00:33:58 Received {n2 n1 {"in_reply_to":65,"type":"gossip_ok"}}
2023/05/30 00:33:58 Sent {"src":"n1","dest":"n2","body":{"in_reply_to":20,"type":"gossip_ok"}}
2023/05/30 00:33:59 Received {c14 n1 {"type":"read","msg_id":10}}
2023/05/30 00:33:59 Sent {"src":"n1","dest":"c14","body":{"in_reply_to":10,"messages":[0,4,4,9,9,12,12,13,17,17,18,20,20,25,25,26,30,30,31,34,34,35],"msg_id":10,"type":"read_ok"}}
2023/05/30 00:33:59 Received {n2 n1 {"counter":7,"message":37,"msg_id":21,"sender":"n2","type":"gossip"}}
2023/05/30 00:33:59 Sent {"src":"n1","dest":"n4","body":{"counter":7,"message":37,"msg_id":67,"sender":"n2","type":"gossip"}}
2023/05/30 00:33:59 Sent {"src":"n1","dest":"n2","body":{"counter":7,"message":37,"msg_id":68,"sender":"n2","type":"gossip"}}
2023/05/30 00:33:59 Sent {"src":"n1","dest":"n0","body":{"counter":7,"message":37,"msg_id":69,"sender":"n2","type":"gossip"}}
2023/05/30 00:33:59 Sent {"src":"n1","dest":"n2","body":{"in_reply_to":21,"type":"gossip_ok"}}
2023/05/30 00:33:59 Received {n2 n1 {"counter":7,"message":37,"msg_id":22,"sender":"n2","type":"gossip"}}
2023/05/30 00:33:59 Received {n2 n1 {"in_reply_to":68,"type":"gossip_ok"}}
2023/05/30 00:33:59 Sent {"src":"n1","dest":"n2","body":{"in_reply_to":22,"type":"gossip_ok"}}
2023/05/30 00:33:59 Received {c14 n1 {"type":"broadcast","message":40,"msg_id":11}}
2023/05/30 00:33:59 Sent {"src":"n1","dest":"c14","body":{"in_reply_to":11,"type":"broadcast_ok"}}
2023/05/30 00:33:59 Sent {"src":"n1","dest":"n0","body":{"counter":9,"message":40,"msg_id":70,"sender":"n1","type":"gossip"}}
2023/05/30 00:33:59 Sent {"src":"n1","dest":"n4","body":{"counter":9,"message":40,"msg_id":71,"sender":"n1","type":"gossip"}}
2023/05/30 00:33:59 Sent {"src":"n1","dest":"n2","body":{"counter":9,"message":40,"msg_id":72,"sender":"n1","type":"gossip"}}
2023/05/30 00:33:59 Received {n2 n1 {"counter":9,"message":40,"msg_id":23,"sender":"n1","type":"gossip"}}
2023/05/30 00:33:59 Received {n2 n1 {"in_reply_to":72,"type":"gossip_ok"}}
2023/05/30 00:33:59 Sent {"src":"n1","dest":"n4","body":{"counter":9,"message":40,"msg_id":73,"sender":"n1","type":"gossip"}}
2023/05/30 00:33:59 Sent {"src":"n1","dest":"n2","body":{"counter":9,"message":40,"msg_id":74,"sender":"n1","type":"gossip"}}
2023/05/30 00:33:59 Sent {"src":"n1","dest":"n0","body":{"counter":9,"message":40,"msg_id":75,"sender":"n1","type":"gossip"}}
2023/05/30 00:33:59 Sent {"src":"n1","dest":"n2","body":{"in_reply_to":23,"type":"gossip_ok"}}
2023/05/30 00:33:59 callback error: <nil>
2023/05/30 00:33:59 Received {n2 n1 {"in_reply_to":74,"type":"gossip_ok"}}
2023/05/30 00:34:00 Received {c14 n1 {"type":"read","msg_id":12}}
2023/05/30 00:34:00 Sent {"src":"n1","dest":"c14","body":{"in_reply_to":12,"messages":[0,4,4,9,9,12,12,13,17,17,18,20,20,25,25,26,30,30,31,34,34,35,37,40,40],"msg_id":12,"type":"read_ok"}}
2023/05/30 00:34:00 Received {n2 n1 {"counter":8,"message":44,"msg_id":24,"sender":"n2","type":"gossip"}}
2023/05/30 00:34:00 Sent {"src":"n1","dest":"n4","body":{"counter":8,"message":44,"msg_id":76,"sender":"n2","type":"gossip"}}
2023/05/30 00:34:00 Sent {"src":"n1","dest":"n2","body":{"counter":8,"message":44,"msg_id":77,"sender":"n2","type":"gossip"}}
2023/05/30 00:34:00 Sent {"src":"n1","dest":"n0","body":{"counter":8,"message":44,"msg_id":78,"sender":"n2","type":"gossip"}}
2023/05/30 00:34:00 Sent {"src":"n1","dest":"n2","body":{"in_reply_to":24,"type":"gossip_ok"}}
2023/05/30 00:34:00 Received {n2 n1 {"counter":8,"message":44,"msg_id":25,"sender":"n2","type":"gossip"}}
2023/05/30 00:34:00 Received {n2 n1 {"in_reply_to":77,"type":"gossip_ok"}}
2023/05/30 00:34:00 Sent {"src":"n1","dest":"n2","body":{"in_reply_to":25,"type":"gossip_ok"}}
2023/05/30 00:34:01 Received {c14 n1 {"type":"read","msg_id":13}}
2023/05/30 00:34:01 Sent {"src":"n1","dest":"c14","body":{"in_reply_to":13,"messages":[0,4,4,9,9,12,12,13,17,17,18,20,20,25,25,26,30,30,31,34,34,35,37,40,40,44],"msg_id":13,"type":"read_ok"}}
2023/05/30 00:34:01 Received {n2 n1 {"counter":9,"message":46,"msg_id":26,"sender":"n2","type":"gossip"}}
2023/05/30 00:34:01 Sent {"src":"n1","dest":"n4","body":{"counter":9,"message":46,"msg_id":79,"sender":"n2","type":"gossip"}}
2023/05/30 00:34:01 Sent {"src":"n1","dest":"n2","body":{"counter":9,"message":46,"msg_id":80,"sender":"n2","type":"gossip"}}
2023/05/30 00:34:01 Sent {"src":"n1","dest":"n0","body":{"counter":9,"message":46,"msg_id":81,"sender":"n2","type":"gossip"}}
2023/05/30 00:34:01 Sent {"src":"n1","dest":"n2","body":{"in_reply_to":26,"type":"gossip_ok"}}
2023/05/30 00:34:01 Received {n2 n1 {"counter":9,"message":46,"msg_id":27,"sender":"n2","type":"gossip"}}
2023/05/30 00:34:01 Received {n2 n1 {"in_reply_to":80,"type":"gossip_ok"}}
2023/05/30 00:34:01 Sent {"src":"n1","dest":"n2","body":{"in_reply_to":27,"type":"gossip_ok"}}
2023/05/30 00:34:01 Received {c14 n1 {"type":"broadcast","message":48,"msg_id":14}}
2023/05/30 00:34:01 Sent {"src":"n1","dest":"c14","body":{"in_reply_to":14,"type":"broadcast_ok"}}
2023/05/30 00:34:01 Sent {"src":"n1","dest":"n4","body":{"counter":10,"message":48,"msg_id":82,"sender":"n1","type":"gossip"}}
2023/05/30 00:34:01 Sent {"src":"n1","dest":"n0","body":{"counter":10,"message":48,"msg_id":83,"sender":"n1","type":"gossip"}}
2023/05/30 00:34:01 Sent {"src":"n1","dest":"n2","body":{"counter":10,"message":48,"msg_id":84,"sender":"n1","type":"gossip"}}
2023/05/30 00:34:01 Received {n2 n1 {"counter":10,"message":48,"msg_id":28,"sender":"n1","type":"gossip"}}
2023/05/30 00:34:01 Received {n2 n1 {"in_reply_to":84,"type":"gossip_ok"}}
2023/05/30 00:34:01 callback error: <nil>
2023/05/30 00:34:01 Sent {"src":"n1","dest":"n4","body":{"counter":10,"message":48,"msg_id":85,"sender":"n1","type":"gossip"}}
2023/05/30 00:34:01 Sent {"src":"n1","dest":"n2","body":{"counter":10,"message":48,"msg_id":86,"sender":"n1","type":"gossip"}}
2023/05/30 00:34:01 Sent {"src":"n1","dest":"n0","body":{"counter":10,"message":48,"msg_id":87,"sender":"n1","type":"gossip"}}
2023/05/30 00:34:01 Sent {"src":"n1","dest":"n2","body":{"in_reply_to":28,"type":"gossip_ok"}}
2023/05/30 00:34:01 Received {n2 n1 {"in_reply_to":86,"type":"gossip_ok"}}
2023/05/30 00:34:01 Received {n2 n1 {"counter":10,"message":49,"msg_id":29,"sender":"n2","type":"gossip"}}
2023/05/30 00:34:01 Sent {"src":"n1","dest":"n4","body":{"counter":10,"message":49,"msg_id":88,"sender":"n2","type":"gossip"}}
2023/05/30 00:34:01 Sent {"src":"n1","dest":"n2","body":{"counter":10,"message":49,"msg_id":89,"sender":"n2","type":"gossip"}}
2023/05/30 00:34:01 Sent {"src":"n1","dest":"n0","body":{"counter":10,"message":49,"msg_id":90,"sender":"n2","type":"gossip"}}
2023/05/30 00:34:01 Sent {"src":"n1","dest":"n2","body":{"in_reply_to":29,"type":"gossip_ok"}}
2023/05/30 00:34:01 Received {n2 n1 {"counter":10,"message":49,"msg_id":30,"sender":"n2","type":"gossip"}}
2023/05/30 00:34:01 Sent {"src":"n1","dest":"n2","body":{"in_reply_to":30,"type":"gossip_ok"}}
2023/05/30 00:34:01 Received {n2 n1 {"in_reply_to":89,"type":"gossip_ok"}}
2023/05/30 00:34:02 Received {c14 n1 {"type":"broadcast","message":51,"msg_id":15}}
2023/05/30 00:34:02 Sent {"src":"n1","dest":"c14","body":{"in_reply_to":15,"type":"broadcast_ok"}}
2023/05/30 00:34:02 Sent {"src":"n1","dest":"n4","body":{"counter":11,"message":51,"msg_id":91,"sender":"n1","type":"gossip"}}
2023/05/30 00:34:02 Sent {"src":"n1","dest":"n0","body":{"counter":11,"message":51,"msg_id":92,"sender":"n1","type":"gossip"}}
2023/05/30 00:34:02 Sent {"src":"n1","dest":"n2","body":{"counter":11,"message":51,"msg_id":93,"sender":"n1","type":"gossip"}}
2023/05/30 00:34:02 Received {n2 n1 {"counter":11,"message":51,"msg_id":31,"sender":"n1","type":"gossip"}}
2023/05/30 00:34:02 Received {n2 n1 {"in_reply_to":93,"type":"gossip_ok"}}
2023/05/30 00:34:02 Sent {"src":"n1","dest":"n4","body":{"counter":11,"message":51,"msg_id":94,"sender":"n1","type":"gossip"}}
2023/05/30 00:34:02 callback error: <nil>
2023/05/30 00:34:02 Sent {"src":"n1","dest":"n2","body":{"counter":11,"message":51,"msg_id":95,"sender":"n1","type":"gossip"}}
2023/05/30 00:34:02 Sent {"src":"n1","dest":"n0","body":{"counter":11,"message":51,"msg_id":96,"sender":"n1","type":"gossip"}}
2023/05/30 00:34:02 Sent {"src":"n1","dest":"n2","body":{"in_reply_to":31,"type":"gossip_ok"}}
2023/05/30 00:34:02 Received {n2 n1 {"in_reply_to":95,"type":"gossip_ok"}}
2023/05/30 00:34:02 Received {n2 n1 {"counter":11,"message":52,"msg_id":32,"sender":"n2","type":"gossip"}}
2023/05/30 00:34:02 Sent {"src":"n1","dest":"n4","body":{"counter":11,"message":52,"msg_id":97,"sender":"n2","type":"gossip"}}
2023/05/30 00:34:02 Sent {"src":"n1","dest":"n2","body":{"counter":11,"message":52,"msg_id":98,"sender":"n2","type":"gossip"}}
2023/05/30 00:34:02 Sent {"src":"n1","dest":"n0","body":{"counter":11,"message":52,"msg_id":99,"sender":"n2","type":"gossip"}}
2023/05/30 00:34:02 Sent {"src":"n1","dest":"n2","body":{"in_reply_to":32,"type":"gossip_ok"}}
2023/05/30 00:34:02 Received {n2 n1 {"counter":11,"message":52,"msg_id":33,"sender":"n2","type":"gossip"}}
2023/05/30 00:34:02 Sent {"src":"n1","dest":"n2","body":{"in_reply_to":33,"type":"gossip_ok"}}
2023/05/30 00:34:02 Received {n2 n1 {"in_reply_to":98,"type":"gossip_ok"}}
2023/05/30 00:34:02 Received {c14 n1 {"type":"read","msg_id":16}}
2023/05/30 00:34:02 Sent {"src":"n1","dest":"c14","body":{"in_reply_to":16,"messages":[0,4,4,9,9,12,12,13,17,17,18,20,20,25,25,26,30,30,31,34,34,35,37,40,40,44,46,48,48,49,51,51,52],"msg_id":16,"type":"read_ok"}}
2023/05/30 00:34:03 Received {n2 n1 {"counter":12,"message":56,"msg_id":34,"sender":"n2","type":"gossip"}}
2023/05/30 00:34:03 Sent {"src":"n1","dest":"n4","body":{"counter":12,"message":56,"msg_id":100,"sender":"n2","type":"gossip"}}
2023/05/30 00:34:03 Sent {"src":"n1","dest":"n2","body":{"counter":12,"message":56,"msg_id":101,"sender":"n2","type":"gossip"}}
2023/05/30 00:34:03 Sent {"src":"n1","dest":"n0","body":{"counter":12,"message":56,"msg_id":102,"sender":"n2","type":"gossip"}}
2023/05/30 00:34:03 Sent {"src":"n1","dest":"n2","body":{"in_reply_to":34,"type":"gossip_ok"}}
2023/05/30 00:34:03 Received {n2 n1 {"counter":12,"message":56,"msg_id":35,"sender":"n2","type":"gossip"}}
2023/05/30 00:34:03 Received {n2 n1 {"in_reply_to":101,"type":"gossip_ok"}}
2023/05/30 00:34:03 Sent {"src":"n1","dest":"n2","body":{"in_reply_to":35,"type":"gossip_ok"}}
2023/05/30 00:34:03 Received {c14 n1 {"type":"broadcast","message":58,"msg_id":17}}
2023/05/30 00:34:03 Sent {"src":"n1","dest":"c14","body":{"in_reply_to":17,"type":"broadcast_ok"}}
2023/05/30 00:34:03 Sent {"src":"n1","dest":"n4","body":{"counter":12,"message":58,"msg_id":104,"sender":"n1","type":"gossip"}}
2023/05/30 00:34:03 Sent {"src":"n1","dest":"n0","body":{"counter":12,"message":58,"msg_id":103,"sender":"n1","type":"gossip"}}
2023/05/30 00:34:03 Sent {"src":"n1","dest":"n2","body":{"counter":12,"message":58,"msg_id":105,"sender":"n1","type":"gossip"}}
2023/05/30 00:34:03 Received {n2 n1 {"counter":12,"message":58,"msg_id":36,"sender":"n1","type":"gossip"}}
2023/05/30 00:34:03 Received {n2 n1 {"in_reply_to":105,"type":"gossip_ok"}}
2023/05/30 00:34:03 callback error: <nil>
2023/05/30 00:34:03 Sent {"src":"n1","dest":"n4","body":{"counter":12,"message":58,"msg_id":106,"sender":"n1","type":"gossip"}}
2023/05/30 00:34:03 Sent {"src":"n1","dest":"n2","body":{"counter":12,"message":58,"msg_id":107,"sender":"n1","type":"gossip"}}
2023/05/30 00:34:03 Sent {"src":"n1","dest":"n0","body":{"counter":12,"message":58,"msg_id":108,"sender":"n1","type":"gossip"}}
2023/05/30 00:34:03 Sent {"src":"n1","dest":"n2","body":{"in_reply_to":36,"type":"gossip_ok"}}
2023/05/30 00:34:03 Received {n2 n1 {"in_reply_to":107,"type":"gossip_ok"}}
2023/05/30 00:34:04 Received {c14 n1 {"type":"broadcast","message":62,"msg_id":18}}
2023/05/30 00:34:04 Sent {"src":"n1","dest":"c14","body":{"in_reply_to":18,"type":"broadcast_ok"}}
2023/05/30 00:34:04 Sent {"src":"n1","dest":"n4","body":{"counter":13,"message":62,"msg_id":109,"sender":"n1","type":"gossip"}}
2023/05/30 00:34:04 Sent {"src":"n1","dest":"n0","body":{"counter":13,"message":62,"msg_id":110,"sender":"n1","type":"gossip"}}
2023/05/30 00:34:04 Sent {"src":"n1","dest":"n2","body":{"counter":13,"message":62,"msg_id":111,"sender":"n1","type":"gossip"}}
2023/05/30 00:34:04 Received {n2 n1 {"counter":13,"message":62,"msg_id":37,"sender":"n1","type":"gossip"}}
2023/05/30 00:34:04 Received {n2 n1 {"in_reply_to":111,"type":"gossip_ok"}}
2023/05/30 00:34:04 callback error: <nil>
2023/05/30 00:34:04 Sent {"src":"n1","dest":"n4","body":{"counter":13,"message":62,"msg_id":112,"sender":"n1","type":"gossip"}}
2023/05/30 00:34:04 Sent {"src":"n1","dest":"n2","body":{"counter":13,"message":62,"msg_id":113,"sender":"n1","type":"gossip"}}
2023/05/30 00:34:04 Sent {"src":"n1","dest":"n0","body":{"counter":13,"message":62,"msg_id":114,"sender":"n1","type":"gossip"}}
2023/05/30 00:34:04 Sent {"src":"n1","dest":"n2","body":{"in_reply_to":37,"type":"gossip_ok"}}
2023/05/30 00:34:04 Received {n2 n1 {"in_reply_to":113,"type":"gossip_ok"}}
2023/05/30 00:34:04 Received {n2 n1 {"counter":13,"message":63,"msg_id":38,"sender":"n2","type":"gossip"}}
2023/05/30 00:34:04 Sent {"src":"n1","dest":"n4","body":{"counter":13,"message":63,"msg_id":115,"sender":"n2","type":"gossip"}}
2023/05/30 00:34:04 Sent {"src":"n1","dest":"n2","body":{"counter":13,"message":63,"msg_id":116,"sender":"n2","type":"gossip"}}
2023/05/30 00:34:04 Sent {"src":"n1","dest":"n0","body":{"counter":13,"message":63,"msg_id":117,"sender":"n2","type":"gossip"}}
2023/05/30 00:34:04 Sent {"src":"n1","dest":"n2","body":{"in_reply_to":38,"type":"gossip_ok"}}
2023/05/30 00:34:04 Received {n2 n1 {"counter":13,"message":63,"msg_id":39,"sender":"n2","type":"gossip"}}
2023/05/30 00:34:04 Received {n2 n1 {"in_reply_to":116,"type":"gossip_ok"}}
2023/05/30 00:34:04 Sent {"src":"n1","dest":"n2","body":{"in_reply_to":39,"type":"gossip_ok"}}
2023/05/30 00:34:05 Received {c14 n1 {"type":"read","msg_id":19}}
2023/05/30 00:34:05 Sent {"src":"n1","dest":"c14","body":{"in_reply_to":19,"messages":[0,4,4,9,9,12,12,13,17,17,18,20,20,25,25,26,30,30,31,34,34,35,37,40,40,44,46,48,48,49,51,51,52,56,58,58,62,62,63],"msg_id":19,"type":"read_ok"}}
2023/05/30 00:34:05 Received {c14 n1 {"type":"broadcast","message":68,"msg_id":20}}
2023/05/30 00:34:05 Sent {"src":"n1","dest":"c14","body":{"in_reply_to":20,"type":"broadcast_ok"}}
2023/05/30 00:34:05 Sent {"src":"n1","dest":"n2","body":{"counter":14,"message":68,"msg_id":118,"sender":"n1","type":"gossip"}}
2023/05/30 00:34:05 Sent {"src":"n1","dest":"n4","body":{"counter":14,"message":68,"msg_id":119,"sender":"n1","type":"gossip"}}
2023/05/30 00:34:05 Sent {"src":"n1","dest":"n0","body":{"counter":14,"message":68,"msg_id":120,"sender":"n1","type":"gossip"}}
2023/05/30 00:34:05 Received {n2 n1 {"counter":14,"message":68,"msg_id":40,"sender":"n1","type":"gossip"}}
2023/05/30 00:34:05 Received {n2 n1 {"in_reply_to":118,"type":"gossip_ok"}}
2023/05/30 00:34:05 Sent {"src":"n1","dest":"n4","body":{"counter":14,"message":68,"msg_id":121,"sender":"n1","type":"gossip"}}
2023/05/30 00:34:05 callback error: <nil>
2023/05/30 00:34:05 Sent {"src":"n1","dest":"n2","body":{"counter":14,"message":68,"msg_id":122,"sender":"n1","type":"gossip"}}
2023/05/30 00:34:05 Sent {"src":"n1","dest":"n0","body":{"counter":14,"message":68,"msg_id":123,"sender":"n1","type":"gossip"}}
2023/05/30 00:34:05 Sent {"src":"n1","dest":"n2","body":{"in_reply_to":40,"type":"gossip_ok"}}
2023/05/30 00:34:05 Received {n2 n1 {"in_reply_to":122,"type":"gossip_ok"}}
2023/05/30 00:34:06 Received {c14 n1 {"type":"read","msg_id":21}}
2023/05/30 00:34:06 Sent {"src":"n1","dest":"c14","body":{"in_reply_to":21,"messages":[0,4,4,9,9,12,12,13,17,17,18,20,20,25,25,26,30,30,31,34,34,35,37,40,40,44,46,48,48,49,51,51,52,56,58,58,62,62,63,68,68],"msg_id":21,"type":"read_ok"}}
2023/05/30 00:34:06 Received {c14 n1 {"type":"broadcast","message":73,"msg_id":22}}
2023/05/30 00:34:06 Sent {"src":"n1","dest":"c14","body":{"in_reply_to":22,"type":"broadcast_ok"}}
2023/05/30 00:34:06 Sent {"src":"n1","dest":"n0","body":{"counter":15,"message":73,"msg_id":124,"sender":"n1","type":"gossip"}}
2023/05/30 00:34:06 Sent {"src":"n1","dest":"n4","body":{"counter":15,"message":73,"msg_id":125,"sender":"n1","type":"gossip"}}
2023/05/30 00:34:06 Sent {"src":"n1","dest":"n2","body":{"counter":15,"message":73,"msg_id":126,"sender":"n1","type":"gossip"}}
2023/05/30 00:34:06 Received {n2 n1 {"counter":15,"message":73,"msg_id":41,"sender":"n1","type":"gossip"}}
2023/05/30 00:34:06 Received {n2 n1 {"in_reply_to":126,"type":"gossip_ok"}}
2023/05/30 00:34:06 Sent {"src":"n1","dest":"n4","body":{"counter":15,"message":73,"msg_id":127,"sender":"n1","type":"gossip"}}
2023/05/30 00:34:06 callback error: <nil>
2023/05/30 00:34:06 Sent {"src":"n1","dest":"n2","body":{"counter":15,"message":73,"msg_id":128,"sender":"n1","type":"gossip"}}
2023/05/30 00:34:06 Sent {"src":"n1","dest":"n0","body":{"counter":15,"message":73,"msg_id":129,"sender":"n1","type":"gossip"}}
2023/05/30 00:34:06 Sent {"src":"n1","dest":"n2","body":{"in_reply_to":41,"type":"gossip_ok"}}
2023/05/30 00:34:06 Received {n2 n1 {"in_reply_to":128,"type":"gossip_ok"}}
2023/05/30 00:34:07 Received {c14 n1 {"type":"broadcast","message":75,"msg_id":23}}
2023/05/30 00:34:07 Sent {"src":"n1","dest":"c14","body":{"in_reply_to":23,"type":"broadcast_ok"}}
2023/05/30 00:34:07 Sent {"src":"n1","dest":"n0","body":{"counter":16,"message":75,"msg_id":130,"sender":"n1","type":"gossip"}}
2023/05/30 00:34:07 Sent {"src":"n1","dest":"n4","body":{"counter":16,"message":75,"msg_id":131,"sender":"n1","type":"gossip"}}
2023/05/30 00:34:07 Sent {"src":"n1","dest":"n2","body":{"counter":16,"message":75,"msg_id":132,"sender":"n1","type":"gossip"}}
2023/05/30 00:34:07 Received {n2 n1 {"counter":16,"message":75,"msg_id":42,"sender":"n1","type":"gossip"}}
2023/05/30 00:34:07 Received {n2 n1 {"in_reply_to":132,"type":"gossip_ok"}}
2023/05/30 00:34:07 Sent {"src":"n1","dest":"n4","body":{"counter":16,"message":75,"msg_id":133,"sender":"n1","type":"gossip"}}
2023/05/30 00:34:07 Sent {"src":"n1","dest":"n2","body":{"counter":16,"message":75,"msg_id":134,"sender":"n1","type":"gossip"}}
2023/05/30 00:34:07 callback error: <nil>
2023/05/30 00:34:07 Sent {"src":"n1","dest":"n0","body":{"counter":16,"message":75,"msg_id":135,"sender":"n1","type":"gossip"}}
2023/05/30 00:34:07 Sent {"src":"n1","dest":"n2","body":{"in_reply_to":42,"type":"gossip_ok"}}
2023/05/30 00:34:07 Received {n2 n1 {"in_reply_to":134,"type":"gossip_ok"}}
2023/05/30 00:34:08 Received {c14 n1 {"type":"read","msg_id":24}}
2023/05/30 00:34:08 Sent {"src":"n1","dest":"c14","body":{"in_reply_to":24,"messages":[0,4,4,9,9,12,12,13,17,17,18,20,20,25,25,26,30,30,31,34,34,35,37,40,40,44,46,48,48,49,51,51,52,56,58,58,62,62,63,68,68,73,73,75,75],"msg_id":24,"type":"read_ok"}}
2023/05/30 00:34:08 Received {c14 n1 {"type":"broadcast","message":82,"msg_id":25}}
2023/05/30 00:34:08 Sent {"src":"n1","dest":"c14","body":{"in_reply_to":25,"type":"broadcast_ok"}}
2023/05/30 00:34:08 Sent {"src":"n1","dest":"n0","body":{"counter":17,"message":82,"msg_id":136,"sender":"n1","type":"gossip"}}
2023/05/30 00:34:08 Sent {"src":"n1","dest":"n4","body":{"counter":17,"message":82,"msg_id":137,"sender":"n1","type":"gossip"}}
2023/05/30 00:34:08 Sent {"src":"n1","dest":"n2","body":{"counter":17,"message":82,"msg_id":138,"sender":"n1","type":"gossip"}}
2023/05/30 00:34:08 Received {n2 n1 {"counter":17,"message":82,"msg_id":43,"sender":"n1","type":"gossip"}}
2023/05/30 00:34:08 Received {n2 n1 {"in_reply_to":138,"type":"gossip_ok"}}
2023/05/30 00:34:08 Sent {"src":"n1","dest":"n4","body":{"counter":17,"message":82,"msg_id":139,"sender":"n1","type":"gossip"}}
2023/05/30 00:34:08 callback error: <nil>
2023/05/30 00:34:08 Sent {"src":"n1","dest":"n2","body":{"counter":17,"message":82,"msg_id":140,"sender":"n1","type":"gossip"}}
2023/05/30 00:34:08 Sent {"src":"n1","dest":"n0","body":{"counter":17,"message":82,"msg_id":141,"sender":"n1","type":"gossip"}}
2023/05/30 00:34:08 Sent {"src":"n1","dest":"n2","body":{"in_reply_to":43,"type":"gossip_ok"}}
2023/05/30 00:34:08 Received {n2 n1 {"in_reply_to":140,"type":"gossip_ok"}}
2023/05/30 00:34:09 Received {c14 n1 {"type":"broadcast","message":86,"msg_id":26}}
2023/05/30 00:34:09 Sent {"src":"n1","dest":"c14","body":{"in_reply_to":26,"type":"broadcast_ok"}}
2023/05/30 00:34:09 Sent {"src":"n1","dest":"n0","body":{"counter":18,"message":86,"msg_id":142,"sender":"n1","type":"gossip"}}
2023/05/30 00:34:09 Sent {"src":"n1","dest":"n4","body":{"counter":18,"message":86,"msg_id":143,"sender":"n1","type":"gossip"}}
2023/05/30 00:34:09 Sent {"src":"n1","dest":"n2","body":{"counter":18,"message":86,"msg_id":144,"sender":"n1","type":"gossip"}}
2023/05/30 00:34:09 Received {n2 n1 {"counter":18,"message":86,"msg_id":44,"sender":"n1","type":"gossip"}}
2023/05/30 00:34:09 Received {n2 n1 {"in_reply_to":144,"type":"gossip_ok"}}
2023/05/30 00:34:09 Sent {"src":"n1","dest":"n4","body":{"counter":18,"message":86,"msg_id":145,"sender":"n1","type":"gossip"}}
2023/05/30 00:34:09 Sent {"src":"n1","dest":"n2","body":{"counter":18,"message":86,"msg_id":146,"sender":"n1","type":"gossip"}}
2023/05/30 00:34:09 callback error: <nil>
2023/05/30 00:34:09 Sent {"src":"n1","dest":"n0","body":{"counter":18,"message":86,"msg_id":147,"sender":"n1","type":"gossip"}}
2023/05/30 00:34:09 Sent {"src":"n1","dest":"n2","body":{"in_reply_to":44,"type":"gossip_ok"}}
2023/05/30 00:34:09 Received {n2 n1 {"in_reply_to":146,"type":"gossip_ok"}}
2023/05/30 00:34:09 Received {n2 n1 {"counter":14,"message":87,"msg_id":45,"sender":"n2","type":"gossip"}}
2023/05/30 00:34:09 Sent {"src":"n1","dest":"n4","body":{"counter":14,"message":87,"msg_id":148,"sender":"n2","type":"gossip"}}
2023/05/30 00:34:09 Sent {"src":"n1","dest":"n2","body":{"counter":14,"message":87,"msg_id":149,"sender":"n2","type":"gossip"}}
2023/05/30 00:34:09 Sent {"src":"n1","dest":"n0","body":{"counter":14,"message":87,"msg_id":150,"sender":"n2","type":"gossip"}}
2023/05/30 00:34:09 Sent {"src":"n1","dest":"n2","body":{"in_reply_to":45,"type":"gossip_ok"}}
2023/05/30 00:34:09 Received {n2 n1 {"counter":14,"message":87,"msg_id":46,"sender":"n2","type":"gossip"}}
2023/05/30 00:34:09 Received {n2 n1 {"in_reply_to":149,"type":"gossip_ok"}}
2023/05/30 00:34:09 Sent {"src":"n1","dest":"n2","body":{"in_reply_to":46,"type":"gossip_ok"}}
2023/05/30 00:34:10 Received {c14 n1 {"type":"broadcast","message":90,"msg_id":27}}
2023/05/30 00:34:10 Sent {"src":"n1","dest":"c14","body":{"in_reply_to":27,"type":"broadcast_ok"}}
2023/05/30 00:34:10 Sent {"src":"n1","dest":"n0","body":{"counter":19,"message":90,"msg_id":152,"sender":"n1","type":"gossip"}}
2023/05/30 00:34:10 Sent {"src":"n1","dest":"n4","body":{"counter":19,"message":90,"msg_id":151,"sender":"n1","type":"gossip"}}
2023/05/30 00:34:10 Sent {"src":"n1","dest":"n2","body":{"counter":19,"message":90,"msg_id":153,"sender":"n1","type":"gossip"}}
2023/05/30 00:34:10 Received {n2 n1 {"counter":19,"message":90,"msg_id":47,"sender":"n1","type":"gossip"}}
2023/05/30 00:34:10 Received {n0 n1 {"counter":19,"message":90,"msg_id":134,"sender":"n1","type":"gossip"}}
2023/05/30 00:34:10 Received {n2 n1 {"in_reply_to":153,"type":"gossip_ok"}}
2023/05/30 00:34:10 Sent {"src":"n1","dest":"n4","body":{"counter":19,"message":90,"msg_id":154,"sender":"n1","type":"gossip"}}
2023/05/30 00:34:10 Sent {"src":"n1","dest":"n2","body":{"counter":19,"message":90,"msg_id":155,"sender":"n1","type":"gossip"}}
2023/05/30 00:34:10 Sent {"src":"n1","dest":"n0","body":{"in_reply_to":134,"type":"gossip_ok"}}
2023/05/30 00:34:10 Sent {"src":"n1","dest":"n0","body":{"counter":19,"message":90,"msg_id":156,"sender":"n1","type":"gossip"}}
2023/05/30 00:34:10 Sent {"src":"n1","dest":"n2","body":{"in_reply_to":47,"type":"gossip_ok"}}
2023/05/30 00:34:10 Received {n0 n1 {"in_reply_to":152,"type":"gossip_ok"}}
2023/05/30 00:34:10 Received {n4 n1 {"counter":19,"message":90,"msg_id":35,"sender":"n1","type":"gossip"}}
2023/05/30 00:34:10 Received {n4 n1 {"in_reply_to":151,"type":"gossip_ok"}}
2023/05/30 00:34:10 callback error: <nil>
2023/05/30 00:34:10 Sent {"src":"n1","dest":"n4","body":{"in_reply_to":35,"type":"gossip_ok"}}
2023/05/30 00:34:10 callback error: <nil>
2023/05/30 00:34:10 callback error: <nil>
2023/05/30 00:34:10 Received {n4 n1 {"in_reply_to":154,"type":"gossip_ok"}}
2023/05/30 00:34:10 Received {n2 n1 {"in_reply_to":155,"type":"gossip_ok"}}
2023/05/30 00:34:10 Received {n0 n1 {"in_reply_to":156,"type":"gossip_ok"}}
2023/05/30 00:34:10 Received {n4 n1 {"counter":17,"message":91,"msg_id":37,"sender":"n3","type":"gossip"}}
2023/05/30 00:34:10 Received {n0 n1 {"counter":17,"message":91,"msg_id":136,"sender":"n3","type":"gossip"}}
2023/05/30 00:34:10 Sent {"src":"n1","dest":"n0","body":{"in_reply_to":136,"type":"gossip_ok"}}
2023/05/30 00:34:10 Sent {"src":"n1","dest":"n4","body":{"counter":17,"message":91,"msg_id":157,"sender":"n3","type":"gossip"}}
2023/05/30 00:34:10 Sent {"src":"n1","dest":"n2","body":{"counter":17,"message":91,"msg_id":158,"sender":"n3","type":"gossip"}}
2023/05/30 00:34:10 Sent {"src":"n1","dest":"n0","body":{"counter":17,"message":91,"msg_id":159,"sender":"n3","type":"gossip"}}
2023/05/30 00:34:10 Sent {"src":"n1","dest":"n4","body":{"in_reply_to":37,"type":"gossip_ok"}}
2023/05/30 00:34:10 Received {n4 n1 {"in_reply_to":157,"type":"gossip_ok"}}
2023/05/30 00:34:10 Received {n0 n1 {"in_reply_to":159,"type":"gossip_ok"}}
2023/05/30 00:34:10 Received {n2 n1 {"counter":17,"message":91,"msg_id":48,"sender":"n3","type":"gossip"}}
2023/05/30 00:34:10 Received {n2 n1 {"in_reply_to":158,"type":"gossip_ok"}}
2023/05/30 00:34:10 Sent {"src":"n1","dest":"n2","body":{"in_reply_to":48,"type":"gossip_ok"}}
2023/05/30 00:34:10 Received {n4 n1 {"counter":18,"message":92,"msg_id":40,"sender":"n4","type":"gossip"}}
2023/05/30 00:34:10 Sent {"src":"n1","dest":"n4","body":{"counter":18,"message":92,"msg_id":160,"sender":"n4","type":"gossip"}}
2023/05/30 00:34:10 Sent {"src":"n1","dest":"n2","body":{"counter":18,"message":92,"msg_id":161,"sender":"n4","type":"gossip"}}
2023/05/30 00:34:10 Sent {"src":"n1","dest":"n0","body":{"counter":18,"message":92,"msg_id":162,"sender":"n4","type":"gossip"}}
2023/05/30 00:34:10 Sent {"src":"n1","dest":"n4","body":{"in_reply_to":40,"type":"gossip_ok"}}
2023/05/30 00:34:10 Received {n4 n1 {"counter":18,"message":92,"msg_id":41,"sender":"n4","type":"gossip"}}
2023/05/30 00:34:10 Received {n0 n1 {"counter":18,"message":92,"msg_id":138,"sender":"n4","type":"gossip"}}
2023/05/30 00:34:10 Received {n2 n1 {"counter":18,"message":92,"msg_id":49,"sender":"n4","type":"gossip"}}
2023/05/30 00:34:10 Received {n0 n1 {"in_reply_to":162,"type":"gossip_ok"}}
2023/05/30 00:34:10 Received {n2 n1 {"in_reply_to":161,"type":"gossip_ok"}}
2023/05/30 00:34:10 Received {n4 n1 {"in_reply_to":160,"type":"gossip_ok"}}
2023/05/30 00:34:10 Sent {"src":"n1","dest":"n2","body":{"in_reply_to":49,"type":"gossip_ok"}}
2023/05/30 00:34:10 Sent {"src":"n1","dest":"n4","body":{"in_reply_to":41,"type":"gossip_ok"}}
2023/05/30 00:34:10 Sent {"src":"n1","dest":"n0","body":{"in_reply_to":138,"type":"gossip_ok"}}
2023/05/30 00:34:10 Received {n0 n1 {"counter":26,"message":93,"msg_id":139,"sender":"n0","type":"gossip"}}
2023/05/30 00:34:10 Sent {"src":"n1","dest":"n4","body":{"counter":26,"message":93,"msg_id":163,"sender":"n0","type":"gossip"}}
2023/05/30 00:34:10 Sent {"src":"n1","dest":"n2","body":{"counter":26,"message":93,"msg_id":164,"sender":"n0","type":"gossip"}}
2023/05/30 00:34:10 Sent {"src":"n1","dest":"n0","body":{"counter":26,"message":93,"msg_id":165,"sender":"n0","type":"gossip"}}
2023/05/30 00:34:10 Sent {"src":"n1","dest":"n0","body":{"in_reply_to":139,"type":"gossip_ok"}}
2023/05/30 00:34:10 Received {n2 n1 {"counter":26,"message":93,"msg_id":50,"sender":"n0","type":"gossip"}}
2023/05/30 00:34:10 Received {n2 n1 {"in_reply_to":164,"type":"gossip_ok"}}
2023/05/30 00:34:10 Received {n4 n1 {"counter":26,"message":93,"msg_id":43,"sender":"n0","type":"gossip"}}
2023/05/30 00:34:10 Received {n4 n1 {"in_reply_to":163,"type":"gossip_ok"}}
2023/05/30 00:34:10 Sent {"src":"n1","dest":"n4","body":{"in_reply_to":43,"type":"gossip_ok"}}
2023/05/30 00:34:10 Sent {"src":"n1","dest":"n2","body":{"in_reply_to":50,"type":"gossip_ok"}}
2023/05/30 00:34:10 Received {n0 n1 {"counter":26,"message":93,"msg_id":142,"sender":"n0","type":"gossip"}}
2023/05/30 00:34:10 Received {n0 n1 {"in_reply_to":165,"type":"gossip_ok"}}
2023/05/30 00:34:10 Sent {"src":"n1","dest":"n0","body":{"in_reply_to":142,"type":"gossip_ok"}}
2023/05/30 00:34:10 Received {c14 n1 {"type":"broadcast","message":94,"msg_id":28}}
2023/05/30 00:34:10 Sent {"src":"n1","dest":"c14","body":{"in_reply_to":28,"type":"broadcast_ok"}}
2023/05/30 00:34:10 Sent {"src":"n1","dest":"n4","body":{"counter":20,"message":94,"msg_id":166,"sender":"n1","type":"gossip"}}
2023/05/30 00:34:10 Sent {"src":"n1","dest":"n0","body":{"counter":20,"message":94,"msg_id":167,"sender":"n1","type":"gossip"}}
2023/05/30 00:34:10 Sent {"src":"n1","dest":"n2","body":{"counter":20,"message":94,"msg_id":168,"sender":"n1","type":"gossip"}}
2023/05/30 00:34:10 Received {n4 n1 {"counter":20,"message":94,"msg_id":45,"sender":"n1","type":"gossip"}}
2023/05/30 00:34:10 Received {n4 n1 {"in_reply_to":166,"type":"gossip_ok"}}
2023/05/30 00:34:10 Received {n2 n1 {"counter":20,"message":94,"msg_id":51,"sender":"n1","type":"gossip"}}
2023/05/30 00:34:10 Sent {"src":"n1","dest":"n4","body":{"counter":20,"message":94,"msg_id":169,"sender":"n1","type":"gossip"}}
2023/05/30 00:34:10 Sent {"src":"n1","dest":"n2","body":{"counter":20,"message":94,"msg_id":170,"sender":"n1","type":"gossip"}}
2023/05/30 00:34:10 Sent {"src":"n1","dest":"n0","body":{"counter":20,"message":94,"msg_id":171,"sender":"n1","type":"gossip"}}
2023/05/30 00:34:10 Sent {"src":"n1","dest":"n4","body":{"in_reply_to":45,"type":"gossip_ok"}}
2023/05/30 00:34:10 Received {n2 n1 {"in_reply_to":168,"type":"gossip_ok"}}
2023/05/30 00:34:10 callback error: <nil>
2023/05/30 00:34:10 Sent {"src":"n1","dest":"n2","body":{"in_reply_to":51,"type":"gossip_ok"}}
2023/05/30 00:34:10 callback error: <nil>
2023/05/30 00:34:10 Received {n0 n1 {"counter":20,"message":94,"msg_id":144,"sender":"n1","type":"gossip"}}
2023/05/30 00:34:10 Received {n0 n1 {"in_reply_to":167,"type":"gossip_ok"}}
2023/05/30 00:34:10 Sent {"src":"n1","dest":"n0","body":{"in_reply_to":144,"type":"gossip_ok"}}
2023/05/30 00:34:10 callback error: <nil>
2023/05/30 00:34:10 Received {n4 n1 {"in_reply_to":169,"type":"gossip_ok"}}
2023/05/30 00:34:10 Received {n2 n1 {"in_reply_to":170,"type":"gossip_ok"}}
2023/05/30 00:34:10 Received {n0 n1 {"in_reply_to":171,"type":"gossip_ok"}}
2023/05/30 00:34:11 Received {n0 n1 {"counter":27,"message":95,"msg_id":146,"sender":"n0","type":"gossip"}}
2023/05/30 00:34:11 Sent {"src":"n1","dest":"n4","body":{"counter":27,"message":95,"msg_id":172,"sender":"n0","type":"gossip"}}
2023/05/30 00:34:11 Sent {"src":"n1","dest":"n2","body":{"counter":27,"message":95,"msg_id":173,"sender":"n0","type":"gossip"}}
2023/05/30 00:34:11 Sent {"src":"n1","dest":"n0","body":{"counter":27,"message":95,"msg_id":174,"sender":"n0","type":"gossip"}}
2023/05/30 00:34:11 Sent {"src":"n1","dest":"n0","body":{"in_reply_to":146,"type":"gossip_ok"}}
2023/05/30 00:34:11 Received {n4 n1 {"counter":27,"message":95,"msg_id":47,"sender":"n0","type":"gossip"}}
2023/05/30 00:34:11 Received {n2 n1 {"counter":27,"message":95,"msg_id":52,"sender":"n0","type":"gossip"}}
2023/05/30 00:34:11 Received {n4 n1 {"in_reply_to":172,"type":"gossip_ok"}}
2023/05/30 00:34:11 Sent {"src":"n1","dest":"n4","body":{"in_reply_to":47,"type":"gossip_ok"}}
2023/05/30 00:34:11 Received {n2 n1 {"in_reply_to":173,"type":"gossip_ok"}}
2023/05/30 00:34:11 Sent {"src":"n1","dest":"n2","body":{"in_reply_to":52,"type":"gossip_ok"}}
2023/05/30 00:34:11 Received {n0 n1 {"in_reply_to":174,"type":"gossip_ok"}}
2023/05/30 00:34:11 Received {n0 n1 {"counter":27,"message":95,"msg_id":148,"sender":"n0","type":"gossip"}}
2023/05/30 00:34:11 Sent {"src":"n1","dest":"n0","body":{"in_reply_to":148,"type":"gossip_ok"}}
2023/05/30 00:34:11 Received {n0 n1 {"counter":28,"message":96,"msg_id":150,"sender":"n0","type":"gossip"}}
2023/05/30 00:34:11 Sent {"src":"n1","dest":"n4","body":{"counter":28,"message":96,"msg_id":175,"sender":"n0","type":"gossip"}}
2023/05/30 00:34:11 Sent {"src":"n1","dest":"n2","body":{"counter":28,"message":96,"msg_id":176,"sender":"n0","type":"gossip"}}
2023/05/30 00:34:11 Sent {"src":"n1","dest":"n0","body":{"counter":28,"message":96,"msg_id":177,"sender":"n0","type":"gossip"}}
2023/05/30 00:34:11 Sent {"src":"n1","dest":"n0","body":{"in_reply_to":150,"type":"gossip_ok"}}
2023/05/30 00:34:11 Received {n0 n1 {"counter":28,"message":96,"msg_id":152,"sender":"n0","type":"gossip"}}
2023/05/30 00:34:11 Received {n2 n1 {"counter":28,"message":96,"msg_id":53,"sender":"n0","type":"gossip"}}
2023/05/30 00:34:11 Sent {"src":"n1","dest":"n0","body":{"in_reply_to":152,"type":"gossip_ok"}}
2023/05/30 00:34:11 Sent {"src":"n1","dest":"n2","body":{"in_reply_to":53,"type":"gossip_ok"}}
2023/05/30 00:34:11 Received {n4 n1 {"counter":28,"message":96,"msg_id":49,"sender":"n0","type":"gossip"}}
2023/05/30 00:34:11 Received {n2 n1 {"in_reply_to":176,"type":"gossip_ok"}}
2023/05/30 00:34:11 Received {n0 n1 {"in_reply_to":177,"type":"gossip_ok"}}
2023/05/30 00:34:11 Sent {"src":"n1","dest":"n4","body":{"in_reply_to":49,"type":"gossip_ok"}}
2023/05/30 00:34:11 Received {n4 n1 {"in_reply_to":175,"type":"gossip_ok"}}
2023/05/30 00:34:11 Received {c14 n1 {"type":"broadcast","message":97,"msg_id":29}}
2023/05/30 00:34:11 Sent {"src":"n1","dest":"c14","body":{"in_reply_to":29,"type":"broadcast_ok"}}
2023/05/30 00:34:11 Sent {"src":"n1","dest":"n0","body":{"counter":21,"message":97,"msg_id":178,"sender":"n1","type":"gossip"}}
2023/05/30 00:34:11 Sent {"src":"n1","dest":"n4","body":{"counter":21,"message":97,"msg_id":179,"sender":"n1","type":"gossip"}}
2023/05/30 00:34:11 Sent {"src":"n1","dest":"n2","body":{"counter":21,"message":97,"msg_id":180,"sender":"n1","type":"gossip"}}
2023/05/30 00:34:11 Received {n4 n1 {"counter":21,"message":97,"msg_id":51,"sender":"n1","type":"gossip"}}
2023/05/30 00:34:11 Received {n0 n1 {"counter":21,"message":97,"msg_id":154,"sender":"n1","type":"gossip"}}
2023/05/30 00:34:11 Received {n0 n1 {"in_reply_to":178,"type":"gossip_ok"}}
2023/05/30 00:34:11 Received {n4 n1 {"in_reply_to":179,"type":"gossip_ok"}}
2023/05/30 00:34:11 Received {n2 n1 {"counter":21,"message":97,"msg_id":54,"sender":"n1","type":"gossip"}}
2023/05/30 00:34:11 Received {n2 n1 {"in_reply_to":180,"type":"gossip_ok"}}
2023/05/30 00:34:11 Sent {"src":"n1","dest":"n4","body":{"counter":21,"message":97,"msg_id":181,"sender":"n1","type":"gossip"}}
2023/05/30 00:34:11 Sent {"src":"n1","dest":"n2","body":{"counter":21,"message":97,"msg_id":182,"sender":"n1","type":"gossip"}}
2023/05/30 00:34:11 Sent {"src":"n1","dest":"n0","body":{"counter":21,"message":97,"msg_id":183,"sender":"n1","type":"gossip"}}
2023/05/30 00:34:11 callback error: <nil>
2023/05/30 00:34:11 Sent {"src":"n1","dest":"n4","body":{"in_reply_to":51,"type":"gossip_ok"}}
2023/05/30 00:34:11 Sent {"src":"n1","dest":"n0","body":{"in_reply_to":154,"type":"gossip_ok"}}
2023/05/30 00:34:11 callback error: <nil>
2023/05/30 00:34:11 Sent {"src":"n1","dest":"n2","body":{"in_reply_to":54,"type":"gossip_ok"}}
2023/05/30 00:34:11 callback error: <nil>
2023/05/30 00:34:11 Received {n2 n1 {"in_reply_to":182,"type":"gossip_ok"}}
2023/05/30 00:34:11 Received {n4 n1 {"in_reply_to":181,"type":"gossip_ok"}}
2023/05/30 00:34:11 Received {n0 n1 {"in_reply_to":183,"type":"gossip_ok"}}
2023/05/30 00:34:11 Received {n4 n1 {"counter":18,"message":98,"msg_id":53,"sender":"n3","type":"gossip"}}
2023/05/30 00:34:11 Received {n0 n1 {"counter":18,"message":98,"msg_id":156,"sender":"n3","type":"gossip"}}
2023/05/30 00:34:11 Sent {"src":"n1","dest":"n4","body":{"counter":18,"message":98,"msg_id":184,"sender":"n3","type":"gossip"}}
2023/05/30 00:34:11 Sent {"src":"n1","dest":"n2","body":{"counter":18,"message":98,"msg_id":185,"sender":"n3","type":"gossip"}}
2023/05/30 00:34:11 Sent {"src":"n1","dest":"n0","body":{"counter":18,"message":98,"msg_id":186,"sender":"n3","type":"gossip"}}
2023/05/30 00:34:11 Sent {"src":"n1","dest":"n4","body":{"in_reply_to":53,"type":"gossip_ok"}}
2023/05/30 00:34:11 Sent {"src":"n1","dest":"n0","body":{"in_reply_to":156,"type":"gossip_ok"}}
2023/05/30 00:34:11 Received {n2 n1 {"counter":18,"message":98,"msg_id":55,"sender":"n3","type":"gossip"}}
2023/05/30 00:34:11 Received {n4 n1 {"in_reply_to":184,"type":"gossip_ok"}}
2023/05/30 00:34:11 Received {n0 n1 {"in_reply_to":186,"type":"gossip_ok"}}
2023/05/30 00:34:11 Received {n2 n1 {"in_reply_to":185,"type":"gossip_ok"}}
2023/05/30 00:34:11 Sent {"src":"n1","dest":"n2","body":{"in_reply_to":55,"type":"gossip_ok"}}
2023/05/30 00:34:11 Received {n4 n1 {"counter":19,"message":99,"msg_id":56,"sender":"n4","type":"gossip"}}
2023/05/30 00:34:11 Sent {"src":"n1","dest":"n4","body":{"counter":19,"message":99,"msg_id":187,"sender":"n4","type":"gossip"}}
2023/05/30 00:34:11 Sent {"src":"n1","dest":"n2","body":{"counter":19,"message":99,"msg_id":188,"sender":"n4","type":"gossip"}}
2023/05/30 00:34:11 Sent {"src":"n1","dest":"n0","body":{"counter":19,"message":99,"msg_id":189,"sender":"n4","type":"gossip"}}
2023/05/30 00:34:11 Sent {"src":"n1","dest":"n4","body":{"in_reply_to":56,"type":"gossip_ok"}}
2023/05/30 00:34:11 Received {n0 n1 {"counter":29,"message":100,"msg_id":157,"sender":"n0","type":"gossip"}}
2023/05/30 00:34:11 Sent {"src":"n1","dest":"n4","body":{"counter":29,"message":100,"msg_id":190,"sender":"n0","type":"gossip"}}
2023/05/30 00:34:11 Sent {"src":"n1","dest":"n2","body":{"counter":29,"message":100,"msg_id":191,"sender":"n0","type":"gossip"}}
2023/05/30 00:34:11 Sent {"src":"n1","dest":"n0","body":{"counter":29,"message":100,"msg_id":192,"sender":"n0","type":"gossip"}}
2023/05/30 00:34:11 Sent {"src":"n1","dest":"n0","body":{"in_reply_to":157,"type":"gossip_ok"}}
2023/05/30 00:34:11 Received {n0 n1 {"counter":19,"message":99,"msg_id":160,"sender":"n4","type":"gossip"}}
2023/05/30 00:34:11 Received {n4 n1 {"counter":19,"message":99,"msg_id":57,"sender":"n4","type":"gossip"}}
2023/05/30 00:34:11 Received {n4 n1 {"in_reply_to":187,"type":"gossip_ok"}}
2023/05/30 00:34:11 Received {n0 n1 {"in_reply_to":189,"type":"gossip_ok"}}
2023/05/30 00:34:11 Received {n2 n1 {"counter":19,"message":99,"msg_id":56,"sender":"n4","type":"gossip"}}
2023/05/30 00:34:11 Sent {"src":"n1","dest":"n2","body":{"in_reply_to":56,"type":"gossip_ok"}}
2023/05/30 00:34:11 Sent {"src":"n1","dest":"n0","body":{"in_reply_to":160,"type":"gossip_ok"}}
2023/05/30 00:34:11 Sent {"src":"n1","dest":"n4","body":{"in_reply_to":57,"type":"gossip_ok"}}
2023/05/30 00:34:11 Received {n2 n1 {"in_reply_to":188,"type":"gossip_ok"}}
2023/05/30 00:34:11 Received {n4 n1 {"counter":29,"message":100,"msg_id":59,"sender":"n0","type":"gossip"}}
2023/05/30 00:34:11 Received {n2 n1 {"counter":29,"message":100,"msg_id":57,"sender":"n0","type":"gossip"}}
2023/05/30 00:34:11 Received {n2 n1 {"in_reply_to":191,"type":"gossip_ok"}}
2023/05/30 00:34:11 Received {n4 n1 {"in_reply_to":190,"type":"gossip_ok"}}
2023/05/30 00:34:11 Received {n0 n1 {"counter":29,"message":100,"msg_id":162,"sender":"n0","type":"gossip"}}
2023/05/30 00:34:11 Received {n0 n1 {"in_reply_to":192,"type":"gossip_ok"}}
2023/05/30 00:34:11 Sent {"src":"n1","dest":"n4","body":{"in_reply_to":59,"type":"gossip_ok"}}
2023/05/30 00:34:11 Sent {"src":"n1","dest":"n2","body":{"in_reply_to":57,"type":"gossip_ok"}}
2023/05/30 00:34:11 Sent {"src":"n1","dest":"n0","body":{"in_reply_to":162,"type":"gossip_ok"}}
2023/05/30 00:34:11 Received {n0 n1 {"counter":30,"message":101,"msg_id":163,"sender":"n0","type":"gossip"}}
2023/05/30 00:34:11 Sent {"src":"n1","dest":"n4","body":{"counter":30,"message":101,"msg_id":193,"sender":"n0","type":"gossip"}}
2023/05/30 00:34:11 Sent {"src":"n1","dest":"n2","body":{"counter":30,"message":101,"msg_id":194,"sender":"n0","type":"gossip"}}
2023/05/30 00:34:11 Sent {"src":"n1","dest":"n0","body":{"counter":30,"message":101,"msg_id":195,"sender":"n0","type":"gossip"}}
2023/05/30 00:34:11 Sent {"src":"n1","dest":"n0","body":{"in_reply_to":163,"type":"gossip_ok"}}
2023/05/30 00:34:11 Received {n4 n1 {"counter":30,"message":101,"msg_id":61,"sender":"n0","type":"gossip"}}
2023/05/30 00:34:11 Received {n0 n1 {"counter":30,"message":101,"msg_id":166,"sender":"n0","type":"gossip"}}
2023/05/30 00:34:11 Received {n4 n1 {"in_reply_to":193,"type":"gossip_ok"}}
2023/05/30 00:34:11 Received {n0 n1 {"in_reply_to":195,"type":"gossip_ok"}}
2023/05/30 00:34:11 Received {n2 n1 {"counter":30,"message":101,"msg_id":58,"sender":"n0","type":"gossip"}}
2023/05/30 00:34:11 Received {n2 n1 {"in_reply_to":194,"type":"gossip_ok"}}
2023/05/30 00:34:11 Sent {"src":"n1","dest":"n4","body":{"in_reply_to":61,"type":"gossip_ok"}}
2023/05/30 00:34:11 Sent {"src":"n1","dest":"n2","body":{"in_reply_to":58,"type":"gossip_ok"}}
2023/05/30 00:34:11 Sent {"src":"n1","dest":"n0","body":{"in_reply_to":166,"type":"gossip_ok"}}
2023/05/30 00:34:12 Received {c14 n1 {"type":"read","msg_id":30}}
2023/05/30 00:34:12 Sent {"src":"n1","dest":"c14","body":{"in_reply_to":30,"messages":[0,4,4,9,9,12,12,13,17,17,18,20,20,25,25,26,30,30,31,34,34,35,37,40,40,44,46,48,48,49,51,51,52,56,58,58,62,62,63,68,68,73,73,75,75,82,82,86,86,87,90,90,91,92,93,94,94,95,96,97,97,98,99,100,101],"msg_id":30,"type":"read_ok"}}
2023/05/30 00:34:12 Received {n0 n1 {"counter":19,"message":102,"msg_id":168,"sender":"n3","type":"gossip"}}
2023/05/30 00:34:12 Sent {"src":"n1","dest":"n4","body":{"counter":19,"message":102,"msg_id":196,"sender":"n3","type":"gossip"}}
2023/05/30 00:34:12 Sent {"src":"n1","dest":"n2","body":{"counter":19,"message":102,"msg_id":197,"sender":"n3","type":"gossip"}}
2023/05/30 00:34:12 Sent {"src":"n1","dest":"n0","body":{"counter":19,"message":102,"msg_id":198,"sender":"n3","type":"gossip"}}
2023/05/30 00:34:12 Sent {"src":"n1","dest":"n0","body":{"in_reply_to":168,"type":"gossip_ok"}}
2023/05/30 00:34:12 Received {n4 n1 {"counter":19,"message":102,"msg_id":63,"sender":"n3","type":"gossip"}}
2023/05/30 00:34:12 Sent {"src":"n1","dest":"n4","body":{"in_reply_to":63,"type":"gossip_ok"}}
2023/05/30 00:34:12 Received {n4 n1 {"in_reply_to":196,"type":"gossip_ok"}}
2023/05/30 00:34:12 Received {n0 n1 {"in_reply_to":198,"type":"gossip_ok"}}
2023/05/30 00:34:12 Received {n2 n1 {"counter":19,"message":102,"msg_id":59,"sender":"n3","type":"gossip"}}
2023/05/30 00:34:12 Received {n2 n1 {"in_reply_to":197,"type":"gossip_ok"}}
2023/05/30 00:34:12 Sent {"src":"n1","dest":"n2","body":{"in_reply_to":59,"type":"gossip_ok"}}
2023/05/30 00:34:12 Received {n0 n1 {"counter":31,"message":103,"msg_id":170,"sender":"n0","type":"gossip"}}
2023/05/30 00:34:12 Sent {"src":"n1","dest":"n4","body":{"counter":31,"message":103,"msg_id":199,"sender":"n0","type":"gossip"}}
2023/05/30 00:34:12 Sent {"src":"n1","dest":"n2","body":{"counter":31,"message":103,"msg_id":200,"sender":"n0","type":"gossip"}}
2023/05/30 00:34:12 Sent {"src":"n1","dest":"n0","body":{"counter":31,"message":103,"msg_id":201,"sender":"n0","type":"gossip"}}
2023/05/30 00:34:12 Sent {"src":"n1","dest":"n0","body":{"in_reply_to":170,"type":"gossip_ok"}}
2023/05/30 00:34:12 Received {n2 n1 {"counter":31,"message":103,"msg_id":60,"sender":"n0","type":"gossip"}}
2023/05/30 00:34:12 Received {n0 n1 {"counter":31,"message":103,"msg_id":172,"sender":"n0","type":"gossip"}}
2023/05/30 00:34:12 Received {n4 n1 {"counter":31,"message":103,"msg_id":65,"sender":"n0","type":"gossip"}}
2023/05/30 00:34:12 Sent {"src":"n1","dest":"n2","body":{"in_reply_to":60,"type":"gossip_ok"}}
2023/05/30 00:34:12 Received {n2 n1 {"in_reply_to":200,"type":"gossip_ok"}}
2023/05/30 00:34:12 Received {n0 n1 {"in_reply_to":201,"type":"gossip_ok"}}
2023/05/30 00:34:12 Received {n4 n1 {"in_reply_to":199,"type":"gossip_ok"}}
2023/05/30 00:34:12 Sent {"src":"n1","dest":"n0","body":{"in_reply_to":172,"type":"gossip_ok"}}
2023/05/30 00:34:12 Sent {"src":"n1","dest":"n4","body":{"in_reply_to":65,"type":"gossip_ok"}}
2023/05/30 00:34:12 Received {c14 n1 {"type":"broadcast","message":104,"msg_id":31}}
2023/05/30 00:34:12 Sent {"src":"n1","dest":"c14","body":{"in_reply_to":31,"type":"broadcast_ok"}}
2023/05/30 00:34:12 Sent {"src":"n1","dest":"n4","body":{"counter":22,"message":104,"msg_id":202,"sender":"n1","type":"gossip"}}
2023/05/30 00:34:12 Sent {"src":"n1","dest":"n2","body":{"counter":22,"message":104,"msg_id":203,"sender":"n1","type":"gossip"}}
2023/05/30 00:34:12 Sent {"src":"n1","dest":"n0","body":{"counter":22,"message":104,"msg_id":204,"sender":"n1","type":"gossip"}}
2023/05/30 00:34:12 Received {n2 n1 {"counter":22,"message":104,"msg_id":61,"sender":"n1","type":"gossip"}}
2023/05/30 00:34:12 Received {n4 n1 {"counter":22,"message":104,"msg_id":67,"sender":"n1","type":"gossip"}}
2023/05/30 00:34:12 Received {n2 n1 {"in_reply_to":203,"type":"gossip_ok"}}
2023/05/30 00:34:12 Received {n4 n1 {"in_reply_to":202,"type":"gossip_ok"}}
2023/05/30 00:34:12 Received {n0 n1 {"counter":22,"message":104,"msg_id":174,"sender":"n1","type":"gossip"}}
2023/05/30 00:34:12 Received {n0 n1 {"in_reply_to":204,"type":"gossip_ok"}}
2023/05/30 00:34:12 callback error: <nil>
2023/05/30 00:34:12 Sent {"src":"n1","dest":"n2","body":{"in_reply_to":61,"type":"gossip_ok"}}
2023/05/30 00:34:12 Sent {"src":"n1","dest":"n4","body":{"counter":22,"message":104,"msg_id":205,"sender":"n1","type":"gossip"}}
2023/05/30 00:34:12 callback error: <nil>
2023/05/30 00:34:12 Sent {"src":"n1","dest":"n2","body":{"counter":22,"message":104,"msg_id":206,"sender":"n1","type":"gossip"}}
2023/05/30 00:34:12 Sent {"src":"n1","dest":"n0","body":{"in_reply_to":174,"type":"gossip_ok"}}
2023/05/30 00:34:12 Sent {"src":"n1","dest":"n0","body":{"counter":22,"message":104,"msg_id":207,"sender":"n1","type":"gossip"}}
2023/05/30 00:34:12 Sent {"src":"n1","dest":"n4","body":{"in_reply_to":67,"type":"gossip_ok"}}
2023/05/30 00:34:12 callback error: <nil>
2023/05/30 00:34:12 Received {n4 n1 {"in_reply_to":205,"type":"gossip_ok"}}
2023/05/30 00:34:12 Received {n0 n1 {"in_reply_to":207,"type":"gossip_ok"}}
2023/05/30 00:34:12 Received {n2 n1 {"in_reply_to":206,"type":"gossip_ok"}}
2023/05/30 00:34:13 Received {n0 n1 {"counter":32,"message":105,"msg_id":176,"sender":"n0","type":"gossip"}}
2023/05/30 00:34:13 Sent {"src":"n1","dest":"n4","body":{"counter":32,"message":105,"msg_id":208,"sender":"n0","type":"gossip"}}
2023/05/30 00:34:13 Sent {"src":"n1","dest":"n2","body":{"counter":32,"message":105,"msg_id":209,"sender":"n0","type":"gossip"}}
2023/05/30 00:34:13 Sent {"src":"n1","dest":"n0","body":{"counter":32,"message":105,"msg_id":210,"sender":"n0","type":"gossip"}}
2023/05/30 00:34:13 Sent {"src":"n1","dest":"n0","body":{"in_reply_to":176,"type":"gossip_ok"}}
2023/05/30 00:34:13 Received {n2 n1 {"counter":32,"message":105,"msg_id":62,"sender":"n0","type":"gossip"}}
2023/05/30 00:34:13 Received {n4 n1 {"counter":32,"message":105,"msg_id":69,"sender":"n0","type":"gossip"}}
2023/05/30 00:34:13 Received {n2 n1 {"in_reply_to":209,"type":"gossip_ok"}}
2023/05/30 00:34:13 Received {n0 n1 {"counter":32,"message":105,"msg_id":178,"sender":"n0","type":"gossip"}}
2023/05/30 00:34:13 Received {n4 n1 {"in_reply_to":208,"type":"gossip_ok"}}
2023/05/30 00:34:13 Received {n0 n1 {"in_reply_to":210,"type":"gossip_ok"}}
2023/05/30 00:34:13 Sent {"src":"n1","dest":"n2","body":{"in_reply_to":62,"type":"gossip_ok"}}
2023/05/30 00:34:13 Sent {"src":"n1","dest":"n4","body":{"in_reply_to":69,"type":"gossip_ok"}}
2023/05/30 00:34:13 Sent {"src":"n1","dest":"n0","body":{"in_reply_to":178,"type":"gossip_ok"}}
2023/05/30 00:34:23 Received {c14 n1 {"type":"read","msg_id":32}}
2023/05/30 00:34:23 Sent {"src":"n1","dest":"c14","body":{"in_reply_to":32,"messages":[0,4,4,9,9,12,12,13,17,17,18,20,20,25,25,26,30,30,31,34,34,35,37,40,40,44,46,48,48,49,51,51,52,56,58,58,62,62,63,68,68,73,73,75,75,82,82,86,86,87,90,90,91,92,93,94,94,95,96,97,97,98,99,100,101,102,103,104,104,105],"msg_id":32,"type":"read_ok"}}
