2023/05/30 00:33:53 Received {c1 n2 {"type":"init","node_id":"n2","node_ids":["n0","n1","n2","n3","n4"],"msg_id":1}}
2023/05/30 00:33:53 Node n2 initialized
2023/05/30 00:33:53 Sent {"src":"n2","dest":"c1","body":{"in_reply_to":1,"type":"init_ok"}}
2023/05/30 00:33:53 Received {c7 n2 {"type":"topology","topology":{"n0":["n3","n1"],"n1":["n4","n2","n0"],"n2":["n1"],"n3":["n0","n4"],"n4":["n1","n3"]},"msg_id":1}}
2023/05/30 00:33:53 Sent {"src":"n2","dest":"c7","body":{"in_reply_to":1,"type":"topology_ok"}}
2023/05/30 00:33:53 Received {c11 n2 {"type":"broadcast","message":0,"msg_id":1}}
2023/05/30 00:33:53 Sent {"src":"n2","dest":"c11","body":{"in_reply_to":1,"type":"broadcast_ok"}}
2023/05/30 00:33:53 Sent {"src":"n2","dest":"n1","body":{"counter":1,"message":0,"msg_id":1,"sender":"n2","type":"gossip"}}
2023/05/30 00:33:53 Received {n1 n2 {"counter":1,"message":0,"msg_id":2,"sender":"n2","type":"gossip"}}
2023/05/30 00:33:53 Sent {"src":"n2","dest":"n1","body":{"counter":1,"message":0,"msg_id":2,"sender":"n2","type":"gossip"}}
2023/05/30 00:33:53 Sent {"src":"n2","dest":"n1","body":{"in_reply_to":2,"type":"gossip_ok"}}
2023/05/30 00:33:53 Received {n1 n2 {"in_reply_to":1,"type":"gossip_ok"}}
2023/05/30 00:33:53 callback error: <nil>
2023/05/30 00:33:53 Received {n1 n2 {"in_reply_to":2,"type":"gossip_ok"}}
2023/05/30 00:33:53 Received {n1 n2 {"counter":1,"message":4,"msg_id":6,"sender":"n1","type":"gossip"}}
2023/05/30 00:33:53 Sent {"src":"n2","dest":"n1","body":{"counter":1,"message":4,"msg_id":3,"sender":"n1","type":"gossip"}}
2023/05/30 00:33:53 Sent {"src":"n2","dest":"n1","body":{"in_reply_to":6,"type":"gossip_ok"}}
2023/05/30 00:33:53 Received {n1 n2 {"counter":1,"message":4,"msg_id":8,"sender":"n1","type":"gossip"}}
2023/05/30 00:33:53 Sent {"src":"n2","dest":"n1","body":{"in_reply_to":8,"type":"gossip_ok"}}
2023/05/30 00:33:53 Received {n1 n2 {"in_reply_to":3,"type":"gossip_ok"}}
2023/05/30 00:33:53 Received {c11 n2 {"type":"read","msg_id":2}}
2023/05/30 00:33:53 Sent {"src":"n2","dest":"c11","body":{"in_reply_to":2,"messages":[0,0,4],"msg_id":2,"type":"read_ok"}}
2023/05/30 00:33:54 Received {n1 n2 {"counter":2,"message":9,"msg_id":11,"sender":"n1","type":"gossip"}}
2023/05/30 00:33:54 Sent {"src":"n2","dest":"n1","body":{"counter":2,"message":9,"msg_id":4,"sender":"n1","type":"gossip"}}
2023/05/30 00:33:54 Sent {"src":"n2","dest":"n1","body":{"in_reply_to":11,"type":"gossip_ok"}}
2023/05/30 00:33:54 Received {n1 n2 {"counter":2,"message":9,"msg_id":14,"sender":"n1","type":"gossip"}}
2023/05/30 00:33:54 Sent {"src":"n2","dest":"n1","body":{"in_reply_to":14,"type":"gossip_ok"}}
2023/05/30 00:33:54 Received {n1 n2 {"in_reply_to":4,"type":"gossip_ok"}}
2023/05/30 00:33:54 Received {c11 n2 {"type":"read","msg_id":3}}
2023/05/30 00:33:54 Sent {"src":"n2","dest":"c11","body":{"in_reply_to":3,"messages":[0,0,4,9],"msg_id":3,"type":"read_ok"}}
2023/05/30 00:33:54 Received {n1 n2 {"counter":3,"message":12,"msg_id":18,"sender":"n1","type":"gossip"}}
2023/05/30 00:33:54 Sent {"src":"n2","dest":"n1","body":{"counter":3,"message":12,"msg_id":5,"sender":"n1","type":"gossip"}}
2023/05/30 00:33:54 Sent {"src":"n2","dest":"n1","body":{"in_reply_to":18,"type":"gossip_ok"}}
2023/05/30 00:33:54 Received {n1 n2 {"counter":3,"message":12,"msg_id":20,"sender":"n1","type":"gossip"}}
2023/05/30 00:33:54 Sent {"src":"n2","dest":"n1","body":{"in_reply_to":20,"type":"gossip_ok"}}
2023/05/30 00:33:54 Received {n1 n2 {"in_reply_to":5,"type":"gossip_ok"}}
2023/05/30 00:33:55 Received {c11 n2 {"type":"broadcast","message":13,"msg_id":4}}
2023/05/30 00:33:55 Sent {"src":"n2","dest":"c11","body":{"in_reply_to":4,"type":"broadcast_ok"}}
2023/05/30 00:33:55 Sent {"src":"n2","dest":"n1","body":{"counter":2,"message":13,"msg_id":6,"sender":"n2","type":"gossip"}}
2023/05/30 00:33:55 Received {n1 n2 {"counter":2,"message":13,"msg_id":23,"sender":"n2","type":"gossip"}}
2023/05/30 00:33:55 Sent {"src":"n2","dest":"n1","body":{"counter":2,"message":13,"msg_id":7,"sender":"n2","type":"gossip"}}
2023/05/30 00:33:55 Sent {"src":"n2","dest":"n1","body":{"in_reply_to":23,"type":"gossip_ok"}}
2023/05/30 00:33:55 Received {n1 n2 {"in_reply_to":6,"type":"gossip_ok"}}
2023/05/30 00:33:55 callback error: <nil>
2023/05/30 00:33:55 Received {n1 n2 {"in_reply_to":7,"type":"gossip_ok"}}
2023/05/30 00:33:55 Received {c11 n2 {"type":"read","msg_id":5}}
2023/05/30 00:33:55 Sent {"src":"n2","dest":"c11","body":{"in_reply_to":5,"messages":[0,0,4,9,12,13,13],"msg_id":5,"type":"read_ok"}}
2023/05/30 00:33:56 Received {n1 n2 {"counter":4,"message":17,"msg_id":26,"sender":"n1","type":"gossip"}}
2023/05/30 00:33:56 Sent {"src":"n2","dest":"n1","body":{"counter":4,"message":17,"msg_id":8,"sender":"n1","type":"gossip"}}
2023/05/30 00:33:56 Sent {"src":"n2","dest":"n1","body":{"in_reply_to":26,"type":"gossip_ok"}}
2023/05/30 00:33:56 Received {n1 n2 {"counter":4,"message":17,"msg_id":29,"sender":"n1","type":"gossip"}}
2023/05/30 00:33:56 Sent {"src":"n2","dest":"n1","body":{"in_reply_to":29,"type":"gossip_ok"}}
2023/05/30 00:33:56 Received {n1 n2 {"in_reply_to":8,"type":"gossip_ok"}}
2023/05/30 00:33:56 Received {c11 n2 {"type":"broadcast","message":18,"msg_id":6}}
2023/05/30 00:33:56 Sent {"src":"n2","dest":"c11","body":{"in_reply_to":6,"type":"broadcast_ok"}}
2023/05/30 00:33:56 Sent {"src":"n2","dest":"n1","body":{"counter":3,"message":18,"msg_id":9,"sender":"n2","type":"gossip"}}
2023/05/30 00:33:56 Received {n1 n2 {"counter":3,"message":18,"msg_id":32,"sender":"n2","type":"gossip"}}
2023/05/30 00:33:56 Received {n1 n2 {"in_reply_to":9,"type":"gossip_ok"}}
2023/05/30 00:33:56 Sent {"src":"n2","dest":"n1","body":{"counter":3,"message":18,"msg_id":10,"sender":"n2","type":"gossip"}}
2023/05/30 00:33:56 Sent {"src":"n2","dest":"n1","body":{"in_reply_to":32,"type":"gossip_ok"}}
2023/05/30 00:33:56 callback error: <nil>
2023/05/30 00:33:56 Received {n1 n2 {"in_reply_to":10,"type":"gossip_ok"}}
2023/05/30 00:33:56 Received {n1 n2 {"counter":5,"message":20,"msg_id":36,"sender":"n1","type":"gossip"}}
2023/05/30 00:33:56 Sent {"src":"n2","dest":"n1","body":{"counter":5,"message":20,"msg_id":11,"sender":"n1","type":"gossip"}}
2023/05/30 00:33:56 Sent {"src":"n2","dest":"n1","body":{"in_reply_to":36,"type":"gossip_ok"}}
2023/05/30 00:33:56 Received {n1 n2 {"counter":5,"message":20,"msg_id":38,"sender":"n1","type":"gossip"}}
2023/05/30 00:33:56 Sent {"src":"n2","dest":"n1","body":{"in_reply_to":38,"type":"gossip_ok"}}
2023/05/30 00:33:56 Received {n1 n2 {"in_reply_to":11,"type":"gossip_ok"}}
2023/05/30 00:33:56 Received {c11 n2 {"type":"read","msg_id":7}}
2023/05/30 00:33:56 Sent {"src":"n2","dest":"c11","body":{"in_reply_to":7,"messages":[0,0,4,9,12,13,13,17,18,18,20],"msg_id":7,"type":"read_ok"}}
2023/05/30 00:33:57 Received {n1 n2 {"counter":6,"message":25,"msg_id":41,"sender":"n1","type":"gossip"}}
2023/05/30 00:33:57 Sent {"src":"n2","dest":"n1","body":{"counter":6,"message":25,"msg_id":12,"sender":"n1","type":"gossip"}}
2023/05/30 00:33:57 Sent {"src":"n2","dest":"n1","body":{"in_reply_to":41,"type":"gossip_ok"}}
2023/05/30 00:33:57 Received {n1 n2 {"counter":6,"message":25,"msg_id":44,"sender":"n1","type":"gossip"}}
2023/05/30 00:33:57 Sent {"src":"n2","dest":"n1","body":{"in_reply_to":44,"type":"gossip_ok"}}
2023/05/30 00:33:57 Received {n1 n2 {"in_reply_to":12,"type":"gossip_ok"}}
2023/05/30 00:33:57 Received {c11 n2 {"type":"broadcast","message":26,"msg_id":8}}
2023/05/30 00:33:57 Sent {"src":"n2","dest":"c11","body":{"in_reply_to":8,"type":"broadcast_ok"}}
2023/05/30 00:33:57 Sent {"src":"n2","dest":"n1","body":{"counter":4,"message":26,"msg_id":13,"sender":"n2","type":"gossip"}}
2023/05/30 00:33:57 Received {n1 n2 {"counter":4,"message":26,"msg_id":47,"sender":"n2","type":"gossip"}}
2023/05/30 00:33:57 Received {n1 n2 {"in_reply_to":13,"type":"gossip_ok"}}
2023/05/30 00:33:57 callback error: <nil>
2023/05/30 00:33:57 Sent {"src":"n2","dest":"n1","body":{"counter":4,"message":26,"msg_id":14,"sender":"n2","type":"gossip"}}
2023/05/30 00:33:57 Sent {"src":"n2","dest":"n1","body":{"in_reply_to":47,"type":"gossip_ok"}}
2023/05/30 00:33:57 Received {n1 n2 {"in_reply_to":14,"type":"gossip_ok"}}
2023/05/30 00:33:58 Received {n1 n2 {"counter":7,"message":30,"msg_id":51,"sender":"n1","type":"gossip"}}
2023/05/30 00:33:58 Sent {"src":"n2","dest":"n1","body":{"counter":7,"message":30,"msg_id":15,"sender":"n1","type":"gossip"}}
2023/05/30 00:33:58 Sent {"src":"n2","dest":"n1","body":{"in_reply_to":51,"type":"gossip_ok"}}
2023/05/30 00:33:58 Received {n1 n2 {"counter":7,"message":30,"msg_id":53,"sender":"n1","type":"gossip"}}
2023/05/30 00:33:58 Sent {"src":"n2","dest":"n1","body":{"in_reply_to":53,"type":"gossip_ok"}}
2023/05/30 00:33:58 Received {n1 n2 {"in_reply_to":15,"type":"gossip_ok"}}
2023/05/30 00:33:58 Received {c11 n2 {"type":"broadcast","message":31,"msg_id":9}}
2023/05/30 00:33:58 Sent {"src":"n2","dest":"c11","body":{"in_reply_to":9,"type":"broadcast_ok"}}
2023/05/30 00:33:58 Sent {"src":"n2","dest":"n1","body":{"counter":5,"message":31,"msg_id":16,"sender":"n2","type":"gossip"}}
2023/05/30 00:33:58 Received {n1 n2 {"counter":5,"message":31,"msg_id":56,"sender":"n2","type":"gossip"}}
2023/05/30 00:33:58 Received {n1 n2 {"in_reply_to":16,"type":"gossip_ok"}}
2023/05/30 00:33:58 Sent {"src":"n2","dest":"n1","body":{"counter":5,"message":31,"msg_id":17,"sender":"n2","type":"gossip"}}
2023/05/30 00:33:58 Sent {"src":"n2","dest":"n1","body":{"in_reply_to":56,"type":"gossip_ok"}}
2023/05/30 00:33:58 callback error: <nil>
2023/05/30 00:33:58 Received {n1 n2 {"in_reply_to":17,"type":"gossip_ok"}}
2023/05/30 00:33:58 Received {n1 n2 {"counter":8,"message":34,"msg_id":60,"sender":"n1","type":"gossip"}}
2023/05/30 00:33:58 Sent {"src":"n2","dest":"n1","body":{"counter":8,"message":34,"msg_id":18,"sender":"n1","type":"gossip"}}
2023/05/30 00:33:58 Sent {"src":"n2","dest":"n1","body":{"in_reply_to":60,"type":"gossip_ok"}}
2023/05/30 00:33:58 Received {n1 n2 {"counter":8,"message":34,"msg_id":62,"sender":"n1","type":"gossip"}}
2023/05/30 00:33:58 Sent {"src":"n2","dest":"n1","body":{"in_reply_to":62,"type":"gossip_ok"}}
2023/05/30 00:33:58 Received {n1 n2 {"in_reply_to":18,"type":"gossip_ok"}}
2023/05/30 00:33:58 Received {c11 n2 {"type":"broadcast","message":35,"msg_id":10}}
2023/05/30 00:33:58 Sent {"src":"n2","dest":"c11","body":{"in_reply_to":10,"type":"broadcast_ok"}}
2023/05/30 00:33:58 Sent {"src":"n2","dest":"n1","body":{"counter":6,"message":35,"msg_id":19,"sender":"n2","type":"gossip"}}
2023/05/30 00:33:58 Received {n1 n2 {"counter":6,"message":35,"msg_id":65,"sender":"n2","type":"gossip"}}
2023/05/30 00:33:58 Received {n1 n2 {"in_reply_to":19,"type":"gossip_ok"}}
2023/05/30 00:33:58 callback error: <nil>
2023/05/30 00:33:58 Sent {"src":"n2","dest":"n1","body":{"counter":6,"message":35,"msg_id":20,"sender":"n2","type":"gossip"}}
2023/05/30 00:33:58 Sent {"src":"n2","dest":"n1","body":{"in_reply_to":65,"type":"gossip_ok"}}
2023/05/30 00:33:58 Received {n1 n2 {"in_reply_to":20,"type":"gossip_ok"}}
2023/05/30 00:33:59 Received {c11 n2 {"type":"broadcast","message":37,"msg_id":11}}
2023/05/30 00:33:59 Sent {"src":"n2","dest":"c11","body":{"in_reply_to":11,"type":"broadcast_ok"}}
2023/05/30 00:33:59 Sent {"src":"n2","dest":"n1","body":{"counter":7,"message":37,"msg_id":21,"sender":"n2","type":"gossip"}}
2023/05/30 00:33:59 Received {n1 n2 {"counter":7,"message":37,"msg_id":68,"sender":"n2","type":"gossip"}}
2023/05/30 00:33:59 Received {n1 n2 {"in_reply_to":21,"type":"gossip_ok"}}
2023/05/30 00:33:59 Sent {"src":"n2","dest":"n1","body":{"counter":7,"message":37,"msg_id":22,"sender":"n2","type":"gossip"}}
2023/05/30 00:33:59 callback error: <nil>
2023/05/30 00:33:59 Sent {"src":"n2","dest":"n1","body":{"in_reply_to":68,"type":"gossip_ok"}}
2023/05/30 00:33:59 Received {n1 n2 {"in_reply_to":22,"type":"gossip_ok"}}
2023/05/30 00:33:59 Received {n1 n2 {"counter":9,"message":40,"msg_id":72,"sender":"n1","type":"gossip"}}
2023/05/30 00:33:59 Sent {"src":"n2","dest":"n1","body":{"counter":9,"message":40,"msg_id":23,"sender":"n1","type":"gossip"}}
2023/05/30 00:33:59 Sent {"src":"n2","dest":"n1","body":{"in_reply_to":72,"type":"gossip_ok"}}
2023/05/30 00:33:59 Received {n1 n2 {"counter":9,"message":40,"msg_id":74,"sender":"n1","type":"gossip"}}
2023/05/30 00:33:59 Sent {"src":"n2","dest":"n1","body":{"in_reply_to":74,"type":"gossip_ok"}}
2023/05/30 00:33:59 Received {n1 n2 {"in_reply_to":23,"type":"gossip_ok"}}
2023/05/30 00:33:59 Received {c11 n2 {"type":"read","msg_id":12}}
2023/05/30 00:33:59 Sent {"src":"n2","dest":"c11","body":{"in_reply_to":12,"messages":[0,0,4,9,12,13,13,17,18,18,20,25,26,26,30,31,31,34,35,35,37,37,40],"msg_id":12,"type":"read_ok"}}
2023/05/30 00:34:00 Received {c11 n2 {"type":"broadcast","message":44,"msg_id":13}}
2023/05/30 00:34:00 Sent {"src":"n2","dest":"c11","body":{"in_reply_to":13,"type":"broadcast_ok"}}
2023/05/30 00:34:00 Sent {"src":"n2","dest":"n1","body":{"counter":8,"message":44,"msg_id":24,"sender":"n2","type":"gossip"}}
2023/05/30 00:34:00 Received {n1 n2 {"counter":8,"message":44,"msg_id":77,"sender":"n2","type":"gossip"}}
2023/05/30 00:34:00 Received {n1 n2 {"in_reply_to":24,"type":"gossip_ok"}}
2023/05/30 00:34:00 Sent {"src":"n2","dest":"n1","body":{"counter":8,"message":44,"msg_id":25,"sender":"n2","type":"gossip"}}
2023/05/30 00:34:00 Sent {"src":"n2","dest":"n1","body":{"in_reply_to":77,"type":"gossip_ok"}}
2023/05/30 00:34:00 callback error: <nil>
2023/05/30 00:34:00 Received {n1 n2 {"in_reply_to":25,"type":"gossip_ok"}}
2023/05/30 00:34:01 Received {c11 n2 {"type":"broadcast","message":46,"msg_id":14}}
2023/05/30 00:34:01 Sent {"src":"n2","dest":"c11","body":{"in_reply_to":14,"type":"broadcast_ok"}}
2023/05/30 00:34:01 Sent {"src":"n2","dest":"n1","body":{"counter":9,"message":46,"msg_id":26,"sender":"n2","type":"gossip"}}
2023/05/30 00:34:01 Received {n1 n2 {"counter":9,"message":46,"msg_id":80,"sender":"n2","type":"gossip"}}
2023/05/30 00:34:01 Sent {"src":"n2","dest":"n1","body":{"counter":9,"message":46,"msg_id":27,"sender":"n2","type":"gossip"}}
2023/05/30 00:34:01 Sent {"src":"n2","dest":"n1","body":{"in_reply_to":80,"type":"gossip_ok"}}
2023/05/30 00:34:01 Received {n1 n2 {"in_reply_to":26,"type":"gossip_ok"}}
2023/05/30 00:34:01 callback error: <nil>
2023/05/30 00:34:01 Received {n1 n2 {"in_reply_to":27,"type":"gossip_ok"}}
2023/05/30 00:34:01 Received {n1 n2 {"counter":10,"message":48,"msg_id":84,"sender":"n1","type":"gossip"}}
2023/05/30 00:34:01 Sent {"src":"n2","dest":"n1","body":{"counter":10,"message":48,"msg_id":28,"sender":"n1","type":"gossip"}}
2023/05/30 00:34:01 Sent {"src":"n2","dest":"n1","body":{"in_reply_to":84,"type":"gossip_ok"}}
2023/05/30 00:34:01 Received {n1 n2 {"counter":10,"message":48,"msg_id":86,"sender":"n1","type":"gossip"}}
2023/05/30 00:34:01 Sent {"src":"n2","dest":"n1","body":{"in_reply_to":86,"type":"gossip_ok"}}
2023/05/30 00:34:01 Received {n1 n2 {"in_reply_to":28,"type":"gossip_ok"}}
2023/05/30 00:34:01 Received {c11 n2 {"type":"broadcast","message":49,"msg_id":15}}
2023/05/30 00:34:01 Sent {"src":"n2","dest":"c11","body":{"in_reply_to":15,"type":"broadcast_ok"}}
2023/05/30 00:34:01 Sent {"src":"n2","dest":"n1","body":{"counter":10,"message":49,"msg_id":29,"sender":"n2","type":"gossip"}}
2023/05/30 00:34:01 Received {n1 n2 {"counter":10,"message":49,"msg_id":89,"sender":"n2","type":"gossip"}}
2023/05/30 00:34:01 Received {n1 n2 {"in_reply_to":29,"type":"gossip_ok"}}
2023/05/30 00:34:01 Sent {"src":"n2","dest":"n1","body":{"counter":10,"message":49,"msg_id":30,"sender":"n2","type":"gossip"}}
2023/05/30 00:34:01 Sent {"src":"n2","dest":"n1","body":{"in_reply_to":89,"type":"gossip_ok"}}
2023/05/30 00:34:01 callback error: <nil>
2023/05/30 00:34:01 Received {n1 n2 {"in_reply_to":30,"type":"gossip_ok"}}
2023/05/30 00:34:02 Received {n1 n2 {"counter":11,"message":51,"msg_id":93,"sender":"n1","type":"gossip"}}
2023/05/30 00:34:02 Sent {"src":"n2","dest":"n1","body":{"counter":11,"message":51,"msg_id":31,"sender":"n1","type":"gossip"}}
2023/05/30 00:34:02 Sent {"src":"n2","dest":"n1","body":{"in_reply_to":93,"type":"gossip_ok"}}
2023/05/30 00:34:02 Received {n1 n2 {"counter":11,"message":51,"msg_id":95,"sender":"n1","type":"gossip"}}
2023/05/30 00:34:02 Sent {"src":"n2","dest":"n1","body":{"in_reply_to":95,"type":"gossip_ok"}}
2023/05/30 00:34:02 Received {n1 n2 {"in_reply_to":31,"type":"gossip_ok"}}
2023/05/30 00:34:02 Received {c11 n2 {"type":"broadcast","message":52,"msg_id":16}}
2023/05/30 00:34:02 Sent {"src":"n2","dest":"c11","body":{"in_reply_to":16,"type":"broadcast_ok"}}
2023/05/30 00:34:02 Sent {"src":"n2","dest":"n1","body":{"counter":11,"message":52,"msg_id":32,"sender":"n2","type":"gossip"}}
2023/05/30 00:34:02 Received {n1 n2 {"counter":11,"message":52,"msg_id":98,"sender":"n2","type":"gossip"}}
2023/05/30 00:34:02 Received {n1 n2 {"in_reply_to":32,"type":"gossip_ok"}}
2023/05/30 00:34:02 Sent {"src":"n2","dest":"n1","body":{"counter":11,"message":52,"msg_id":33,"sender":"n2","type":"gossip"}}
2023/05/30 00:34:02 Sent {"src":"n2","dest":"n1","body":{"in_reply_to":98,"type":"gossip_ok"}}
2023/05/30 00:34:02 callback error: <nil>
2023/05/30 00:34:02 Received {n1 n2 {"in_reply_to":33,"type":"gossip_ok"}}
2023/05/30 00:34:03 Received {c11 n2 {"type":"broadcast","message":56,"msg_id":17}}
2023/05/30 00:34:03 Sent {"src":"n2","dest":"c11","body":{"in_reply_to":17,"type":"broadcast_ok"}}
2023/05/30 00:34:03 Sent {"src":"n2","dest":"n1","body":{"counter":12,"message":56,"msg_id":34,"sender":"n2","type":"gossip"}}
2023/05/30 00:34:03 Received {n1 n2 {"counter":12,"message":56,"msg_id":101,"sender":"n2","type":"gossip"}}
2023/05/30 00:34:03 Received {n1 n2 {"in_reply_to":34,"type":"gossip_ok"}}
2023/05/30 00:34:03 callback error: <nil>
2023/05/30 00:34:03 Sent {"src":"n2","dest":"n1","body":{"counter":12,"message":56,"msg_id":35,"sender":"n2","type":"gossip"}}
2023/05/30 00:34:03 Sent {"src":"n2","dest":"n1","body":{"in_reply_to":101,"type":"gossip_ok"}}
2023/05/30 00:34:03 Received {n1 n2 {"in_reply_to":35,"type":"gossip_ok"}}
2023/05/30 00:34:03 Received {n1 n2 {"counter":12,"message":58,"msg_id":105,"sender":"n1","type":"gossip"}}
2023/05/30 00:34:03 Sent {"src":"n2","dest":"n1","body":{"counter":12,"message":58,"msg_id":36,"sender":"n1","type":"gossip"}}
2023/05/30 00:34:03 Sent {"src":"n2","dest":"n1","body":{"in_reply_to":105,"type":"gossip_ok"}}
2023/05/30 00:34:03 Received {n1 n2 {"counter":12,"message":58,"msg_id":107,"sender":"n1","type":"gossip"}}
2023/05/30 00:34:03 Received {n1 n2 {"in_reply_to":36,"type":"gossip_ok"}}
2023/05/30 00:34:03 Sent {"src":"n2","dest":"n1","body":{"in_reply_to":107,"type":"gossip_ok"}}
2023/05/30 00:34:03 Received {c11 n2 {"type":"read","msg_id":18}}
2023/05/30 00:34:03 Sent {"src":"n2","dest":"c11","body":{"in_reply_to":18,"messages":[0,0,4,9,12,13,13,17,18,18,20,25,26,26,30,31,31,34,35,35,37,37,40,44,44,46,46,48,49,49,51,52,52,56,56,58],"msg_id":18,"type":"read_ok"}}
2023/05/30 00:34:04 Received {n1 n2 {"counter":13,"message":62,"msg_id":111,"sender":"n1","type":"gossip"}}
2023/05/30 00:34:04 Sent {"src":"n2","dest":"n1","body":{"counter":13,"message":62,"msg_id":37,"sender":"n1","type":"gossip"}}
2023/05/30 00:34:04 Sent {"src":"n2","dest":"n1","body":{"in_reply_to":111,"type":"gossip_ok"}}
2023/05/30 00:34:04 Received {n1 n2 {"counter":13,"message":62,"msg_id":113,"sender":"n1","type":"gossip"}}
2023/05/30 00:34:04 Sent {"src":"n2","dest":"n1","body":{"in_reply_to":113,"type":"gossip_ok"}}
2023/05/30 00:34:04 Received {n1 n2 {"in_reply_to":37,"type":"gossip_ok"}}
2023/05/30 00:34:04 Received {c11 n2 {"type":"broadcast","message":63,"msg_id":19}}
2023/05/30 00:34:04 Sent {"src":"n2","dest":"c11","body":{"in_reply_to":19,"type":"broadcast_ok"}}
2023/05/30 00:34:04 Sent {"src":"n2","dest":"n1","body":{"counter":13,"message":63,"msg_id":38,"sender":"n2","type":"gossip"}}
2023/05/30 00:34:04 Received {n1 n2 {"counter":13,"message":63,"msg_id":116,"sender":"n2","type":"gossip"}}
2023/05/30 00:34:04 Received {n1 n2 {"in_reply_to":38,"type":"gossip_ok"}}
2023/05/30 00:34:04 callback error: <nil>
2023/05/30 00:34:04 Sent {"src":"n2","dest":"n1","body":{"counter":13,"message":63,"msg_id":39,"sender":"n2","type":"gossip"}}
2023/05/30 00:34:04 Sent {"src":"n2","dest":"n1","body":{"in_reply_to":116,"type":"gossip_ok"}}
2023/05/30 00:34:04 Received {n1 n2 {"in_reply_to":39,"type":"gossip_ok"}}
2023/05/30 00:34:05 Received {c11 n2 {"type":"read","msg_id":20}}
2023/05/30 00:34:05 Sent {"src":"n2","dest":"c11","body":{"in_reply_to":20,"messages":[0,0,4,9,12,13,13,17,18,18,20,25,26,26,30,31,31,34,35,35,37,37,40,44,44,46,46,48,49,49,51,52,52,56,56,58,62,63,63],"msg_id":20,"type":"read_ok"}}
2023/05/30 00:34:05 Received {n1 n2 {"counter":14,"message":68,"msg_id":118,"sender":"n1","type":"gossip"}}
2023/05/30 00:34:05 Sent {"src":"n2","dest":"n1","body":{"counter":14,"message":68,"msg_id":40,"sender":"n1","type":"gossip"}}
2023/05/30 00:34:05 Sent {"src":"n2","dest":"n1","body":{"in_reply_to":118,"type":"gossip_ok"}}
2023/05/30 00:34:05 Received {n1 n2 {"counter":14,"message":68,"msg_id":122,"sender":"n1","type":"gossip"}}
2023/05/30 00:34:05 Sent {"src":"n2","dest":"n1","body":{"in_reply_to":122,"type":"gossip_ok"}}
2023/05/30 00:34:05 Received {n1 n2 {"in_reply_to":40,"type":"gossip_ok"}}
2023/05/30 00:34:05 Received {c11 n2 {"type":"read","msg_id":21}}
2023/05/30 00:34:05 Sent {"src":"n2","dest":"c11","body":{"in_reply_to":21,"messages":[0,0,4,9,12,13,13,17,18,18,20,25,26,26,30,31,31,34,35,35,37,37,40,44,44,46,46,48,49,49,51,52,52,56,56,58,62,63,63,68],"msg_id":21,"type":"read_ok"}}
2023/05/30 00:34:06 Received {c11 n2 {"type":"read","msg_id":22}}
2023/05/30 00:34:06 Sent {"src":"n2","dest":"c11","body":{"in_reply_to":22,"messages":[0,0,4,9,12,13,13,17,18,18,20,25,26,26,30,31,31,34,35,35,37,37,40,44,44,46,46,48,49,49,51,52,52,56,56,58,62,63,63,68],"msg_id":22,"type":"read_ok"}}
2023/05/30 00:34:06 Received {n1 n2 {"counter":15,"message":73,"msg_id":126,"sender":"n1","type":"gossip"}}
2023/05/30 00:34:06 Sent {"src":"n2","dest":"n1","body":{"counter":15,"message":73,"msg_id":41,"sender":"n1","type":"gossip"}}
2023/05/30 00:34:06 Sent {"src":"n2","dest":"n1","body":{"in_reply_to":126,"type":"gossip_ok"}}
2023/05/30 00:34:06 Received {n1 n2 {"counter":15,"message":73,"msg_id":128,"sender":"n1","type":"gossip"}}
2023/05/30 00:34:06 Sent {"src":"n2","dest":"n1","body":{"in_reply_to":128,"type":"gossip_ok"}}
2023/05/30 00:34:06 Received {n1 n2 {"in_reply_to":41,"type":"gossip_ok"}}
2023/05/30 00:34:07 Received {c11 n2 {"type":"read","msg_id":23}}
2023/05/30 00:34:07 Sent {"src":"n2","dest":"c11","body":{"in_reply_to":23,"messages":[0,0,4,9,12,13,13,17,18,18,20,25,26,26,30,31,31,34,35,35,37,37,40,44,44,46,46,48,49,49,51,52,52,56,56,58,62,63,63,68,73],"msg_id":23,"type":"read_ok"}}
2023/05/30 00:34:07 Received {n1 n2 {"counter":16,"message":75,"msg_id":132,"sender":"n1","type":"gossip"}}
2023/05/30 00:34:07 Sent {"src":"n2","dest":"n1","body":{"counter":16,"message":75,"msg_id":42,"sender":"n1","type":"gossip"}}
2023/05/30 00:34:07 Sent {"src":"n2","dest":"n1","body":{"in_reply_to":132,"type":"gossip_ok"}}
2023/05/30 00:34:07 Received {n1 n2 {"counter":16,"message":75,"msg_id":134,"sender":"n1","type":"gossip"}}
2023/05/30 00:34:07 Sent {"src":"n2","dest":"n1","body":{"in_reply_to":134,"type":"gossip_ok"}}
2023/05/30 00:34:07 Received {n1 n2 {"in_reply_to":42,"type":"gossip_ok"}}
2023/05/30 00:34:07 Received {c11 n2 {"type":"read","msg_id":24}}
2023/05/30 00:34:07 Sent {"src":"n2","dest":"c11","body":{"in_reply_to":24,"messages":[0,0,4,9,12,13,13,17,18,18,20,25,26,26,30,31,31,34,35,35,37,37,40,44,44,46,46,48,49,49,51,52,52,56,56,58,62,63,63,68,73,75],"msg_id":24,"type":"read_ok"}}
2023/05/30 00:34:08 Received {c11 n2 {"type":"read","msg_id":25}}
2023/05/30 00:34:08 Sent {"src":"n2","dest":"c11","body":{"in_reply_to":25,"messages":[0,0,4,9,12,13,13,17,18,18,20,25,26,26,30,31,31,34,35,35,37,37,40,44,44,46,46,48,49,49,51,52,52,56,56,58,62,63,63,68,73,75],"msg_id":25,"type":"read_ok"}}
2023/05/30 00:34:08 Received {n1 n2 {"counter":17,"message":82,"msg_id":138,"sender":"n1","type":"gossip"}}
2023/05/30 00:34:08 Sent {"src":"n2","dest":"n1","body":{"counter":17,"message":82,"msg_id":43,"sender":"n1","type":"gossip"}}
2023/05/30 00:34:08 Sent {"src":"n2","dest":"n1","body":{"in_reply_to":138,"type":"gossip_ok"}}
2023/05/30 00:34:08 Received {n1 n2 {"counter":17,"message":82,"msg_id":140,"sender":"n1","type":"gossip"}}
2023/05/30 00:34:08 Received {n1 n2 {"in_reply_to":43,"type":"gossip_ok"}}
2023/05/30 00:34:08 Sent {"src":"n2","dest":"n1","body":{"in_reply_to":140,"type":"gossip_ok"}}
2023/05/30 00:34:08 Received {c11 n2 {"type":"read","msg_id":26}}
2023/05/30 00:34:08 Sent {"src":"n2","dest":"c11","body":{"in_reply_to":26,"messages":[0,0,4,9,12,13,13,17,18,18,20,25,26,26,30,31,31,34,35,35,37,37,40,44,44,46,46,48,49,49,51,52,52,56,56,58,62,63,63,68,73,75,82],"msg_id":26,"type":"read_ok"}}
2023/05/30 00:34:09 Received {n1 n2 {"counter":18,"message":86,"msg_id":144,"sender":"n1","type":"gossip"}}
2023/05/30 00:34:09 Sent {"src":"n2","dest":"n1","body":{"counter":18,"message":86,"msg_id":44,"sender":"n1","type":"gossip"}}
2023/05/30 00:34:09 Sent {"src":"n2","dest":"n1","body":{"in_reply_to":144,"type":"gossip_ok"}}
2023/05/30 00:34:09 Received {n1 n2 {"counter":18,"message":86,"msg_id":146,"sender":"n1","type":"gossip"}}
2023/05/30 00:34:09 Received {n1 n2 {"in_reply_to":44,"type":"gossip_ok"}}
2023/05/30 00:34:09 Sent {"src":"n2","dest":"n1","body":{"in_reply_to":146,"type":"gossip_ok"}}
2023/05/30 00:34:09 Received {c11 n2 {"type":"broadcast","message":87,"msg_id":27}}
2023/05/30 00:34:09 Sent {"src":"n2","dest":"c11","body":{"in_reply_to":27,"type":"broadcast_ok"}}
2023/05/30 00:34:09 Sent {"src":"n2","dest":"n1","body":{"counter":14,"message":87,"msg_id":45,"sender":"n2","type":"gossip"}}
2023/05/30 00:34:09 Received {n1 n2 {"counter":14,"message":87,"msg_id":149,"sender":"n2","type":"gossip"}}
2023/05/30 00:34:09 Received {n1 n2 {"in_reply_to":45,"type":"gossip_ok"}}
2023/05/30 00:34:09 callback error: <nil>
2023/05/30 00:34:09 Sent {"src":"n2","dest":"n1","body":{"counter":14,"message":87,"msg_id":46,"sender":"n2","type":"gossip"}}
2023/05/30 00:34:09 Sent {"src":"n2","dest":"n1","body":{"in_reply_to":149,"type":"gossip_ok"}}
2023/05/30 00:34:09 Received {n1 n2 {"in_reply_to":46,"type":"gossip_ok"}}
2023/05/30 00:34:10 Received {n1 n2 {"counter":19,"message":90,"msg_id":153,"sender":"n1","type":"gossip"}}
2023/05/30 00:34:10 Sent {"src":"n2","dest":"n1","body":{"counter":19,"message":90,"msg_id":47,"sender":"n1","type":"gossip"}}
2023/05/30 00:34:10 Sent {"src":"n2","dest":"n1","body":{"in_reply_to":153,"type":"gossip_ok"}}
2023/05/30 00:34:10 Received {n1 n2 {"counter":19,"message":90,"msg_id":155,"sender":"n1","type":"gossip"}}
2023/05/30 00:34:10 Received {n1 n2 {"in_reply_to":47,"type":"gossip_ok"}}
2023/05/30 00:34:10 Sent {"src":"n2","dest":"n1","body":{"in_reply_to":155,"type":"gossip_ok"}}
2023/05/30 00:34:10 Received {c11 n2 {"type":"read","msg_id":28}}
2023/05/30 00:34:10 Sent {"src":"n2","dest":"c11","body":{"in_reply_to":28,"messages":[0,0,4,9,12,13,13,17,18,18,20,25,26,26,30,31,31,34,35,35,37,37,40,44,44,46,46,48,49,49,51,52,52,56,56,58,62,63,63,68,73,75,82,86,87,87,90],"msg_id":28,"type":"read_ok"}}
2023/05/30 00:34:10 Received {n1 n2 {"counter":17,"message":91,"msg_id":158,"sender":"n3","type":"gossip"}}
2023/05/30 00:34:10 Sent {"src":"n2","dest":"n1","body":{"counter":17,"message":91,"msg_id":48,"sender":"n3","type":"gossip"}}
2023/05/30 00:34:10 Sent {"src":"n2","dest":"n1","body":{"in_reply_to":158,"type":"gossip_ok"}}
2023/05/30 00:34:10 Received {n1 n2 {"in_reply_to":48,"type":"gossip_ok"}}
2023/05/30 00:34:10 Received {n1 n2 {"counter":18,"message":92,"msg_id":161,"sender":"n4","type":"gossip"}}
2023/05/30 00:34:10 Sent {"src":"n2","dest":"n1","body":{"counter":18,"message":92,"msg_id":49,"sender":"n4","type":"gossip"}}
2023/05/30 00:34:10 Sent {"src":"n2","dest":"n1","body":{"in_reply_to":161,"type":"gossip_ok"}}
2023/05/30 00:34:10 Received {n1 n2 {"in_reply_to":49,"type":"gossip_ok"}}
2023/05/30 00:34:10 Received {n1 n2 {"counter":26,"message":93,"msg_id":164,"sender":"n0","type":"gossip"}}
2023/05/30 00:34:10 Sent {"src":"n2","dest":"n1","body":{"counter":26,"message":93,"msg_id":50,"sender":"n0","type":"gossip"}}
2023/05/30 00:34:10 Sent {"src":"n2","dest":"n1","body":{"in_reply_to":164,"type":"gossip_ok"}}
2023/05/30 00:34:10 Received {n1 n2 {"in_reply_to":50,"type":"gossip_ok"}}
2023/05/30 00:34:10 Received {n1 n2 {"counter":20,"message":94,"msg_id":168,"sender":"n1","type":"gossip"}}
2023/05/30 00:34:10 Sent {"src":"n2","dest":"n1","body":{"counter":20,"message":94,"msg_id":51,"sender":"n1","type":"gossip"}}
2023/05/30 00:34:10 Sent {"src":"n2","dest":"n1","body":{"in_reply_to":168,"type":"gossip_ok"}}
2023/05/30 00:34:10 Received {n1 n2 {"counter":20,"message":94,"msg_id":170,"sender":"n1","type":"gossip"}}
2023/05/30 00:34:10 Received {n1 n2 {"in_reply_to":51,"type":"gossip_ok"}}
2023/05/30 00:34:10 Sent {"src":"n2","dest":"n1","body":{"in_reply_to":170,"type":"gossip_ok"}}
2023/05/30 00:34:10 Received {c11 n2 {"type":"read","msg_id":29}}
2023/05/30 00:34:10 Sent {"src":"n2","dest":"c11","body":{"in_reply_to":29,"messages":[0,0,4,9,12,13,13,17,18,18,20,25,26,26,30,31,31,34,35,35,37,37,40,44,44,46,46,48,49,49,51,52,52,56,56,58,62,63,63,68,73,75,82,86,87,87,90,91,92,93,94],"msg_id":29,"type":"read_ok"}}
2023/05/30 00:34:11 Received {n1 n2 {"counter":27,"message":95,"msg_id":173,"sender":"n0","type":"gossip"}}
2023/05/30 00:34:11 Sent {"src":"n2","dest":"n1","body":{"counter":27,"message":95,"msg_id":52,"sender":"n0","type":"gossip"}}
2023/05/30 00:34:11 Sent {"src":"n2","dest":"n1","body":{"in_reply_to":173,"type":"gossip_ok"}}
2023/05/30 00:34:11 Received {n1 n2 {"in_reply_to":52,"type":"gossip_ok"}}
2023/05/30 00:34:11 Received {n1 n2 {"counter":28,"message":96,"msg_id":176,"sender":"n0","type":"gossip"}}
2023/05/30 00:34:11 Sent {"src":"n2","dest":"n1","body":{"counter":28,"message":96,"msg_id":53,"sender":"n0","type":"gossip"}}
2023/05/30 00:34:11 Sent {"src":"n2","dest":"n1","body":{"in_reply_to":176,"type":"gossip_ok"}}
2023/05/30 00:34:11 Received {n1 n2 {"in_reply_to":53,"type":"gossip_ok"}}
2023/05/30 00:34:11 Received {n1 n2 {"counter":21,"message":97,"msg_id":180,"sender":"n1","type":"gossip"}}
2023/05/30 00:34:11 Sent {"src":"n2","dest":"n1","body":{"counter":21,"message":97,"msg_id":54,"sender":"n1","type":"gossip"}}
2023/05/30 00:34:11 Sent {"src":"n2","dest":"n1","body":{"in_reply_to":180,"type":"gossip_ok"}}
2023/05/30 00:34:11 Received {n1 n2 {"counter":21,"message":97,"msg_id":182,"sender":"n1","type":"gossip"}}
2023/05/30 00:34:11 Received {n1 n2 {"in_reply_to":54,"type":"gossip_ok"}}
2023/05/30 00:34:11 Sent {"src":"n2","dest":"n1","body":{"in_reply_to":182,"type":"gossip_ok"}}
2023/05/30 00:34:11 Received {c11 n2 {"type":"read","msg_id":30}}
2023/05/30 00:34:11 Sent {"src":"n2","dest":"c11","body":{"in_reply_to":30,"messages":[0,0,4,9,12,13,13,17,18,18,20,25,26,26,30,31,31,34,35,35,37,37,40,44,44,46,46,48,49,49,51,52,52,56,56,58,62,63,63,68,73,75,82,86,87,87,90,91,92,93,94,95,96,97],"msg_id":30,"type":"read_ok"}}
2023/05/30 00:34:11 Received {n1 n2 {"counter":18,"message":98,"msg_id":185,"sender":"n3","type":"gossip"}}
2023/05/30 00:34:11 Sent {"src":"n2","dest":"n1","body":{"counter":18,"message":98,"msg_id":55,"sender":"n3","type":"gossip"}}
2023/05/30 00:34:11 Sent {"src":"n2","dest":"n1","body":{"in_reply_to":185,"type":"gossip_ok"}}
2023/05/30 00:34:11 Received {n1 n2 {"in_reply_to":55,"type":"gossip_ok"}}
2023/05/30 00:34:11 Received {n1 n2 {"counter":19,"message":99,"msg_id":188,"sender":"n4","type":"gossip"}}
2023/05/30 00:34:11 Sent {"src":"n2","dest":"n1","body":{"counter":19,"message":99,"msg_id":56,"sender":"n4","type":"gossip"}}
2023/05/30 00:34:11 Sent {"src":"n2","dest":"n1","body":{"in_reply_to":188,"type":"gossip_ok"}}
2023/05/30 00:34:11 Received {n1 n2 {"counter":29,"message":100,"msg_id":191,"sender":"n0","type":"gossip"}}
2023/05/30 00:34:11 Sent {"src":"n2","dest":"n1","body":{"counter":29,"message":100,"msg_id":57,"sender":"n0","type":"gossip"}}
2023/05/30 00:34:11 Sent {"src":"n2","dest":"n1","body":{"in_reply_to":191,"type":"gossip_ok"}}
2023/05/30 00:34:11 Received {n1 n2 {"in_reply_to":56,"type":"gossip_ok"}}
2023/05/30 00:34:11 Received {n1 n2 {"in_reply_to":57,"type":"gossip_ok"}}
2023/05/30 00:34:11 Received {n1 n2 {"counter":30,"message":101,"msg_id":194,"sender":"n0","type":"gossip"}}
2023/05/30 00:34:11 Sent {"src":"n2","dest":"n1","body":{"counter":30,"message":101,"msg_id":58,"sender":"n0","type":"gossip"}}
2023/05/30 00:34:11 Sent {"src":"n2","dest":"n1","body":{"in_reply_to":194,"type":"gossip_ok"}}
2023/05/30 00:34:11 Received {n1 n2 {"in_reply_to":58,"type":"gossip_ok"}}
2023/05/30 00:34:12 Received {c11 n2 {"type":"read","msg_id":31}}
2023/05/30 00:34:12 Sent {"src":"n2","dest":"c11","body":{"in_reply_to":31,"messages":[0,0,4,9,12,13,13,17,18,18,20,25,26,26,30,31,31,34,35,35,37,37,40,44,44,46,46,48,49,49,51,52,52,56,56,58,62,63,63,68,73,75,82,86,87,87,90,91,92,93,94,95,96,97,98,99,100,101],"msg_id":31,"type":"read_ok"}}
2023/05/30 00:34:12 Received {n1 n2 {"counter":19,"message":102,"msg_id":197,"sender":"n3","type":"gossip"}}
2023/05/30 00:34:12 Sent {"src":"n2","dest":"n1","body":{"counter":19,"message":102,"msg_id":59,"sender":"n3","type":"gossip"}}
2023/05/30 00:34:12 Sent {"src":"n2","dest":"n1","body":{"in_reply_to":197,"type":"gossip_ok"}}
2023/05/30 00:34:12 Received {n1 n2 {"in_reply_to":59,"type":"gossip_ok"}}
2023/05/30 00:34:12 Received {n1 n2 {"counter":31,"message":103,"msg_id":200,"sender":"n0","type":"gossip"}}
2023/05/30 00:34:12 Sent {"src":"n2","dest":"n1","body":{"counter":31,"message":103,"msg_id":60,"sender":"n0","type":"gossip"}}
2023/05/30 00:34:12 Sent {"src":"n2","dest":"n1","body":{"in_reply_to":200,"type":"gossip_ok"}}
2023/05/30 00:34:12 Received {n1 n2 {"in_reply_to":60,"type":"gossip_ok"}}
2023/05/30 00:34:12 Received {n1 n2 {"counter":22,"message":104,"msg_id":203,"sender":"n1","type":"gossip"}}
2023/05/30 00:34:12 Sent {"src":"n2","dest":"n1","body":{"counter":22,"message":104,"msg_id":61,"sender":"n1","type":"gossip"}}
2023/05/30 00:34:12 Sent {"src":"n2","dest":"n1","body":{"in_reply_to":203,"type":"gossip_ok"}}
2023/05/30 00:34:12 Received {n1 n2 {"in_reply_to":61,"type":"gossip_ok"}}
2023/05/30 00:34:12 Received {n1 n2 {"counter":22,"message":104,"msg_id":206,"sender":"n1","type":"gossip"}}
2023/05/30 00:34:12 Sent {"src":"n2","dest":"n1","body":{"in_reply_to":206,"type":"gossip_ok"}}
2023/05/30 00:34:12 Received {c11 n2 {"type":"read","msg_id":32}}
2023/05/30 00:34:12 Sent {"src":"n2","dest":"c11","body":{"in_reply_to":32,"messages":[0,0,4,9,12,13,13,17,18,18,20,25,26,26,30,31,31,34,35,35,37,37,40,44,44,46,46,48,49,49,51,52,52,56,56,58,62,63,63,68,73,75,82,86,87,87,90,91,92,93,94,95,96,97,98,99,100,101,102,103,104],"msg_id":32,"type":"read_ok"}}
2023/05/30 00:34:13 Received {n1 n2 {"counter":32,"message":105,"msg_id":209,"sender":"n0","type":"gossip"}}
2023/05/30 00:34:13 Sent {"src":"n2","dest":"n1","body":{"counter":32,"message":105,"msg_id":62,"sender":"n0","type":"gossip"}}
2023/05/30 00:34:13 Sent {"src":"n2","dest":"n1","body":{"in_reply_to":209,"type":"gossip_ok"}}
2023/05/30 00:34:13 Received {n1 n2 {"in_reply_to":62,"type":"gossip_ok"}}
2023/05/30 00:34:23 Received {c11 n2 {"type":"read","msg_id":33}}
2023/05/30 00:34:23 Sent {"src":"n2","dest":"c11","body":{"in_reply_to":33,"messages":[0,0,4,9,12,13,13,17,18,18,20,25,26,26,30,31,31,34,35,35,37,37,40,44,44,46,46,48,49,49,51,52,52,56,56,58,62,63,63,68,73,75,82,86,87,87,90,91,92,93,94,95,96,97,98,99,100,101,102,103,104,105],"msg_id":33,"type":"read_ok"}}
