2023/05/30 00:33:53 Received {c3 n4 {"type":"init","node_id":"n4","node_ids":["n0","n1","n2","n3","n4"],"msg_id":1}}
2023/05/30 00:33:53 Node n4 initialized
2023/05/30 00:33:53 Sent {"src":"n4","dest":"c3","body":{"in_reply_to":1,"type":"init_ok"}}
2023/05/30 00:33:53 Received {c9 n4 {"type":"topology","topology":{"n0":["n3","n1"],"n1":["n4","n2","n0"],"n2":["n1"],"n3":["n0","n4"],"n4":["n1","n3"]},"msg_id":1}}
2023/05/30 00:33:53 Sent {"src":"n4","dest":"c9","body":{"in_reply_to":1,"type":"topology_ok"}}
2023/05/30 00:33:53 Received {c13 n4 {"type":"broadcast","message":2,"msg_id":1}}
2023/05/30 00:33:53 Sent {"src":"n4","dest":"c13","body":{"in_reply_to":1,"type":"broadcast_ok"}}
2023/05/30 00:33:53 Sent {"src":"n4","dest":"n1","body":{"counter":1,"message":2,"msg_id":1,"sender":"n4","type":"gossip"}}
2023/05/30 00:33:53 Sent {"src":"n4","dest":"n3","body":{"counter":1,"message":2,"msg_id":2,"sender":"n4","type":"gossip"}}
2023/05/30 00:33:54 Received {c13 n4 {"type":"broadcast","message":6,"msg_id":2}}
2023/05/30 00:33:54 Sent {"src":"n4","dest":"c13","body":{"in_reply_to":2,"type":"broadcast_ok"}}
2023/05/30 00:33:54 Sent {"src":"n4","dest":"n1","body":{"counter":2,"message":6,"msg_id":3,"sender":"n4","type":"gossip"}}
2023/05/30 00:33:54 Sent {"src":"n4","dest":"n3","body":{"counter":2,"message":6,"msg_id":4,"sender":"n4","type":"gossip"}}
2023/05/30 00:33:54 Received {c13 n4 {"type":"broadcast","message":10,"msg_id":3}}
2023/05/30 00:33:54 Sent {"src":"n4","dest":"c13","body":{"in_reply_to":3,"type":"broadcast_ok"}}
2023/05/30 00:33:54 Sent {"src":"n4","dest":"n3","body":{"counter":3,"message":10,"msg_id":6,"sender":"n4","type":"gossip"}}
2023/05/30 00:33:54 Sent {"src":"n4","dest":"n1","body":{"counter":3,"message":10,"msg_id":5,"sender":"n4","type":"gossip"}}
2023/05/30 00:33:55 Received {c13 n4 {"type":"broadcast","message":15,"msg_id":4}}
2023/05/30 00:33:55 Sent {"src":"n4","dest":"c13","body":{"in_reply_to":4,"type":"broadcast_ok"}}
2023/05/30 00:33:55 Sent {"src":"n4","dest":"n1","body":{"counter":4,"message":15,"msg_id":8,"sender":"n4","type":"gossip"}}
2023/05/30 00:33:55 Sent {"src":"n4","dest":"n3","body":{"counter":4,"message":15,"msg_id":7,"sender":"n4","type":"gossip"}}
2023/05/30 00:33:55 Received {c13 n4 {"type":"read","msg_id":5}}
2023/05/30 00:33:55 Sent {"src":"n4","dest":"c13","body":{"in_reply_to":5,"messages":[2,6,10,15],"msg_id":5,"type":"read_ok"}}
2023/05/30 00:33:56 Received {c13 n4 {"type":"read","msg_id":6}}
2023/05/30 00:33:56 Sent {"src":"n4","dest":"c13","body":{"in_reply_to":6,"messages":[2,6,10,15],"msg_id":6,"type":"read_ok"}}
2023/05/30 00:33:57 Received {c13 n4 {"type":"broadcast","message":22,"msg_id":7}}
2023/05/30 00:33:57 Sent {"src":"n4","dest":"c13","body":{"in_reply_to":7,"type":"broadcast_ok"}}
2023/05/30 00:33:57 Sent {"src":"n4","dest":"n1","body":{"counter":5,"message":22,"msg_id":9,"sender":"n4","type":"gossip"}}
2023/05/30 00:33:57 Sent {"src":"n4","dest":"n3","body":{"counter":5,"message":22,"msg_id":10,"sender":"n4","type":"gossip"}}
2023/05/30 00:33:57 Received {c13 n4 {"type":"broadcast","message":28,"msg_id":8}}
2023/05/30 00:33:57 Sent {"src":"n4","dest":"c13","body":{"in_reply_to":8,"type":"broadcast_ok"}}
2023/05/30 00:33:57 Sent {"src":"n4","dest":"n1","body":{"counter":6,"message":28,"msg_id":11,"sender":"n4","type":"gossip"}}
2023/05/30 00:33:57 Sent {"src":"n4","dest":"n3","body":{"counter":6,"message":28,"msg_id":12,"sender":"n4","type":"gossip"}}
2023/05/30 00:33:58 Received {c13 n4 {"type":"read","msg_id":9}}
2023/05/30 00:33:58 Sent {"src":"n4","dest":"c13","body":{"in_reply_to":9,"messages":[2,6,10,15,22,28],"msg_id":9,"type":"read_ok"}}
2023/05/30 00:33:59 Received {c13 n4 {"type":"read","msg_id":10}}
2023/05/30 00:33:59 Sent {"src":"n4","dest":"c13","body":{"in_reply_to":10,"messages":[2,6,10,15,22,28],"msg_id":10,"type":"read_ok"}}
2023/05/30 00:33:59 Received {c13 n4 {"type":"broadcast","message":39,"msg_id":11}}
2023/05/30 00:33:59 Sent {"src":"n4","dest":"c13","body":{"in_reply_to":11,"type":"broadcast_ok"}}
2023/05/30 00:33:59 Sent {"src":"n4","dest":"n3","body":{"counter":7,"message":39,"msg_id":13,"sender":"n4","type":"gossip"}}
2023/05/30 00:33:59 Sent {"src":"n4","dest":"n1","body":{"counter":7,"message":39,"msg_id":14,"sender":"n4","type":"gossip"}}
2023/05/30 00:34:00 Received {c13 n4 {"type":"broadcast","message":42,"msg_id":12}}
2023/05/30 00:34:00 Sent {"src":"n4","dest":"c13","body":{"in_reply_to":12,"type":"broadcast_ok"}}
2023/05/30 00:34:00 Sent {"src":"n4","dest":"n1","body":{"counter":8,"message":42,"msg_id":15,"sender":"n4","type":"gossip"}}
2023/05/30 00:34:00 Sent {"src":"n4","dest":"n3","body":{"counter":8,"message":42,"msg_id":16,"sender":"n4","type":"gossip"}}
2023/05/30 00:34:00 Received {c13 n4 {"type":"read","msg_id":13}}
2023/05/30 00:34:00 Sent {"src":"n4","dest":"c13","body":{"in_reply_to":13,"messages":[2,6,10,15,22,28,39,42],"msg_id":13,"type":"read_ok"}}
2023/05/30 00:34:01 Received {c13 n4 {"type":"read","msg_id":14}}
2023/05/30 00:34:01 Sent {"src":"n4","dest":"c13","body":{"in_reply_to":14,"messages":[2,6,10,15,22,28,39,42],"msg_id":14,"type":"read_ok"}}
2023/05/30 00:34:02 Received {c13 n4 {"type":"read","msg_id":15}}
2023/05/30 00:34:02 Sent {"src":"n4","dest":"c13","body":{"in_reply_to":15,"messages":[2,6,10,15,22,28,39,42],"msg_id":15,"type":"read_ok"}}
2023/05/30 00:34:02 Received {c13 n4 {"type":"broadcast","message":54,"msg_id":16}}
2023/05/30 00:34:02 Sent {"src":"n4","dest":"c13","body":{"in_reply_to":16,"type":"broadcast_ok"}}
2023/05/30 00:34:02 Sent {"src":"n4","dest":"n3","body":{"counter":9,"message":54,"msg_id":18,"sender":"n4","type":"gossip"}}
2023/05/30 00:34:02 Sent {"src":"n4","dest":"n1","body":{"counter":9,"message":54,"msg_id":17,"sender":"n4","type":"gossip"}}
2023/05/30 00:34:03 Received {c13 n4 {"type":"read","msg_id":17}}
2023/05/30 00:34:03 Sent {"src":"n4","dest":"c13","body":{"in_reply_to":17,"messages":[2,6,10,15,22,28,39,42,54],"msg_id":17,"type":"read_ok"}}
2023/05/30 00:34:04 Received {c13 n4 {"type":"broadcast","message":59,"msg_id":18}}
2023/05/30 00:34:04 Sent {"src":"n4","dest":"c13","body":{"in_reply_to":18,"type":"broadcast_ok"}}
2023/05/30 00:34:04 Sent {"src":"n4","dest":"n3","body":{"counter":10,"message":59,"msg_id":19,"sender":"n4","type":"gossip"}}
2023/05/30 00:34:04 Sent {"src":"n4","dest":"n1","body":{"counter":10,"message":59,"msg_id":20,"sender":"n4","type":"gossip"}}
2023/05/30 00:34:04 Received {c13 n4 {"type":"broadcast","message":64,"msg_id":19}}
2023/05/30 00:34:04 Sent {"src":"n4","dest":"c13","body":{"in_reply_to":19,"type":"broadcast_ok"}}
2023/05/30 00:34:04 Sent {"src":"n4","dest":"n3","body":{"counter":11,"message":64,"msg_id":21,"sender":"n4","type":"gossip"}}
2023/05/30 00:34:04 Sent {"src":"n4","dest":"n1","body":{"counter":11,"message":64,"msg_id":22,"sender":"n4","type":"gossip"}}
2023/05/30 00:34:05 Received {c13 n4 {"type":"broadcast","message":67,"msg_id":20}}
2023/05/30 00:34:05 Sent {"src":"n4","dest":"c13","body":{"in_reply_to":20,"type":"broadcast_ok"}}
2023/05/30 00:34:05 Sent {"src":"n4","dest":"n1","body":{"counter":12,"message":67,"msg_id":23,"sender":"n4","type":"gossip"}}
2023/05/30 00:34:05 Sent {"src":"n4","dest":"n3","body":{"counter":12,"message":67,"msg_id":24,"sender":"n4","type":"gossip"}}
2023/05/30 00:34:06 Received {c13 n4 {"type":"broadcast","message":69,"msg_id":21}}
2023/05/30 00:34:06 Sent {"src":"n4","dest":"c13","body":{"in_reply_to":21,"type":"broadcast_ok"}}
2023/05/30 00:34:06 Sent {"src":"n4","dest":"n3","body":{"counter":13,"message":69,"msg_id":25,"sender":"n4","type":"gossip"}}
2023/05/30 00:34:06 Sent {"src":"n4","dest":"n1","body":{"counter":13,"message":69,"msg_id":26,"sender":"n4","type":"gossip"}}
2023/05/30 00:34:06 Received {c13 n4 {"type":"read","msg_id":22}}
2023/05/30 00:34:06 Sent {"src":"n4","dest":"c13","body":{"in_reply_to":22,"messages":[2,6,10,15,22,28,39,42,54,59,64,67,69],"msg_id":22,"type":"read_ok"}}
2023/05/30 00:34:07 Received {c13 n4 {"type":"broadcast","message":74,"msg_id":23}}
2023/05/30 00:34:07 Sent {"src":"n4","dest":"c13","body":{"in_reply_to":23,"type":"broadcast_ok"}}
2023/05/30 00:34:07 Sent {"src":"n4","dest":"n3","body":{"counter":14,"message":74,"msg_id":27,"sender":"n4","type":"gossip"}}
2023/05/30 00:34:07 Sent {"src":"n4","dest":"n1","body":{"counter":14,"message":74,"msg_id":28,"sender":"n4","type":"gossip"}}
2023/05/30 00:34:07 Received {c13 n4 {"type":"read","msg_id":24}}
2023/05/30 00:34:07 Sent {"src":"n4","dest":"c13","body":{"in_reply_to":24,"messages":[2,6,10,15,22,28,39,42,54,59,64,67,69,74],"msg_id":24,"type":"read_ok"}}
2023/05/30 00:34:08 Received {c13 n4 {"type":"broadcast","message":80,"msg_id":25}}
2023/05/30 00:34:08 Sent {"src":"n4","dest":"c13","body":{"in_reply_to":25,"type":"broadcast_ok"}}
2023/05/30 00:34:08 Sent {"src":"n4","dest":"n3","body":{"counter":15,"message":80,"msg_id":30,"sender":"n4","type":"gossip"}}
2023/05/30 00:34:08 Sent {"src":"n4","dest":"n1","body":{"counter":15,"message":80,"msg_id":29,"sender":"n4","type":"gossip"}}
2023/05/30 00:34:08 Received {c13 n4 {"type":"broadcast","message":83,"msg_id":26}}
2023/05/30 00:34:08 Sent {"src":"n4","dest":"c13","body":{"in_reply_to":26,"type":"broadcast_ok"}}
2023/05/30 00:34:08 Sent {"src":"n4","dest":"n3","body":{"counter":16,"message":83,"msg_id":32,"sender":"n4","type":"gossip"}}
2023/05/30 00:34:08 Sent {"src":"n4","dest":"n1","body":{"counter":16,"message":83,"msg_id":31,"sender":"n4","type":"gossip"}}
2023/05/30 00:34:09 Received {c13 n4 {"type":"broadcast","message":89,"msg_id":27}}
2023/05/30 00:34:09 Sent {"src":"n4","dest":"c13","body":{"in_reply_to":27,"type":"broadcast_ok"}}
2023/05/30 00:34:09 Sent {"src":"n4","dest":"n1","body":{"counter":17,"message":89,"msg_id":33,"sender":"n4","type":"gossip"}}
2023/05/30 00:34:09 Sent {"src":"n4","dest":"n3","body":{"counter":17,"message":89,"msg_id":34,"sender":"n4","type":"gossip"}}
2023/05/30 00:34:10 Received {n1 n4 {"counter":19,"message":90,"msg_id":151,"sender":"n1","type":"gossip"}}
2023/05/30 00:34:10 Sent {"src":"n4","dest":"n1","body":{"counter":19,"message":90,"msg_id":35,"sender":"n1","type":"gossip"}}
2023/05/30 00:34:10 Sent {"src":"n4","dest":"n3","body":{"counter":19,"message":90,"msg_id":36,"sender":"n1","type":"gossip"}}
2023/05/30 00:34:10 Sent {"src":"n4","dest":"n1","body":{"in_reply_to":151,"type":"gossip_ok"}}
2023/05/30 00:34:10 Received {n1 n4 {"counter":19,"message":90,"msg_id":154,"sender":"n1","type":"gossip"}}
2023/05/30 00:34:10 Received {n3 n4 {"counter":19,"message":90,"msg_id":116,"sender":"n1","type":"gossip"}}
2023/05/30 00:34:10 Received {n3 n4 {"in_reply_to":36,"type":"gossip_ok"}}
2023/05/30 00:34:10 Sent {"src":"n4","dest":"n1","body":{"in_reply_to":154,"type":"gossip_ok"}}
2023/05/30 00:34:10 Received {n1 n4 {"in_reply_to":35,"type":"gossip_ok"}}
2023/05/30 00:34:10 Sent {"src":"n4","dest":"n3","body":{"in_reply_to":116,"type":"gossip_ok"}}
2023/05/30 00:34:10 Received {n3 n4 {"counter":17,"message":91,"msg_id":117,"sender":"n3","type":"gossip"}}
2023/05/30 00:34:10 Sent {"src":"n4","dest":"n1","body":{"counter":17,"message":91,"msg_id":37,"sender":"n3","type":"gossip"}}
2023/05/30 00:34:10 Sent {"src":"n4","dest":"n3","body":{"counter":17,"message":91,"msg_id":38,"sender":"n3","type":"gossip"}}
2023/05/30 00:34:10 Sent {"src":"n4","dest":"n3","body":{"in_reply_to":117,"type":"gossip_ok"}}
2023/05/30 00:34:10 Received {n3 n4 {"in_reply_to":38,"type":"gossip_ok"}}
2023/05/30 00:34:10 Received {n1 n4 {"counter":17,"message":91,"msg_id":157,"sender":"n3","type":"gossip"}}
2023/05/30 00:34:10 Received {n3 n4 {"counter":17,"message":91,"msg_id":120,"sender":"n3","type":"gossip"}}
2023/05/30 00:34:10 Sent {"src":"n4","dest":"n1","body":{"in_reply_to":157,"type":"gossip_ok"}}
2023/05/30 00:34:10 Received {n1 n4 {"in_reply_to":37,"type":"gossip_ok"}}
2023/05/30 00:34:10 Sent {"src":"n4","dest":"n3","body":{"in_reply_to":120,"type":"gossip_ok"}}
2023/05/30 00:34:10 Received {c13 n4 {"type":"broadcast","message":92,"msg_id":28}}
2023/05/30 00:34:10 Sent {"src":"n4","dest":"c13","body":{"in_reply_to":28,"type":"broadcast_ok"}}
2023/05/30 00:34:10 Sent {"src":"n4","dest":"n3","body":{"counter":18,"message":92,"msg_id":39,"sender":"n4","type":"gossip"}}
2023/05/30 00:34:10 Sent {"src":"n4","dest":"n1","body":{"counter":18,"message":92,"msg_id":40,"sender":"n4","type":"gossip"}}
2023/05/30 00:34:10 Received {n1 n4 {"counter":18,"message":92,"msg_id":160,"sender":"n4","type":"gossip"}}
2023/05/30 00:34:10 Received {n3 n4 {"counter":18,"message":92,"msg_id":122,"sender":"n4","type":"gossip"}}
2023/05/30 00:34:10 Received {n3 n4 {"in_reply_to":39,"type":"gossip_ok"}}
2023/05/30 00:34:10 Received {n1 n4 {"in_reply_to":40,"type":"gossip_ok"}}
2023/05/30 00:34:10 Sent {"src":"n4","dest":"n1","body":{"counter":18,"message":92,"msg_id":41,"sender":"n4","type":"gossip"}}
2023/05/30 00:34:10 Sent {"src":"n4","dest":"n3","body":{"counter":18,"message":92,"msg_id":42,"sender":"n4","type":"gossip"}}
2023/05/30 00:34:10 Sent {"src":"n4","dest":"n3","body":{"in_reply_to":122,"type":"gossip_ok"}}
2023/05/30 00:34:10 Sent {"src":"n4","dest":"n1","body":{"in_reply_to":160,"type":"gossip_ok"}}
2023/05/30 00:34:10 callback error: <nil>
2023/05/30 00:34:10 callback error: <nil>
2023/05/30 00:34:10 Received {n3 n4 {"in_reply_to":42,"type":"gossip_ok"}}
2023/05/30 00:34:10 Received {n1 n4 {"in_reply_to":41,"type":"gossip_ok"}}
2023/05/30 00:34:10 Received {n1 n4 {"counter":26,"message":93,"msg_id":163,"sender":"n0","type":"gossip"}}
2023/05/30 00:34:10 Received {n3 n4 {"counter":26,"message":93,"msg_id":124,"sender":"n0","type":"gossip"}}
2023/05/30 00:34:10 Sent {"src":"n4","dest":"n1","body":{"counter":26,"message":93,"msg_id":43,"sender":"n0","type":"gossip"}}
2023/05/30 00:34:10 Sent {"src":"n4","dest":"n3","body":{"counter":26,"message":93,"msg_id":44,"sender":"n0","type":"gossip"}}
2023/05/30 00:34:10 Sent {"src":"n4","dest":"n1","body":{"in_reply_to":163,"type":"gossip_ok"}}
2023/05/30 00:34:10 Sent {"src":"n4","dest":"n3","body":{"in_reply_to":124,"type":"gossip_ok"}}
2023/05/30 00:34:10 Received {n1 n4 {"in_reply_to":43,"type":"gossip_ok"}}
2023/05/30 00:34:10 Received {n3 n4 {"in_reply_to":44,"type":"gossip_ok"}}
2023/05/30 00:34:10 Received {n1 n4 {"counter":20,"message":94,"msg_id":166,"sender":"n1","type":"gossip"}}
2023/05/30 00:34:10 Sent {"src":"n4","dest":"n1","body":{"counter":20,"message":94,"msg_id":45,"sender":"n1","type":"gossip"}}
2023/05/30 00:34:10 Sent {"src":"n4","dest":"n3","body":{"counter":20,"message":94,"msg_id":46,"sender":"n1","type":"gossip"}}
2023/05/30 00:34:10 Sent {"src":"n4","dest":"n1","body":{"in_reply_to":166,"type":"gossip_ok"}}
2023/05/30 00:34:10 Received {n1 n4 {"counter":20,"message":94,"msg_id":169,"sender":"n1","type":"gossip"}}
2023/05/30 00:34:10 Received {n3 n4 {"counter":20,"message":94,"msg_id":126,"sender":"n1","type":"gossip"}}
2023/05/30 00:34:10 Received {n3 n4 {"in_reply_to":46,"type":"gossip_ok"}}
2023/05/30 00:34:10 Sent {"src":"n4","dest":"n1","body":{"in_reply_to":169,"type":"gossip_ok"}}
2023/05/30 00:34:10 Sent {"src":"n4","dest":"n3","body":{"in_reply_to":126,"type":"gossip_ok"}}
2023/05/30 00:34:10 Received {n1 n4 {"in_reply_to":45,"type":"gossip_ok"}}
2023/05/30 00:34:11 Received {c13 n4 {"type":"read","msg_id":29}}
2023/05/30 00:34:11 Sent {"src":"n4","dest":"c13","body":{"in_reply_to":29,"messages":[2,6,10,15,22,28,39,42,54,59,64,67,69,74,80,83,89,90,91,92,92,93,94],"msg_id":29,"type":"read_ok"}}
2023/05/30 00:34:11 Received {n1 n4 {"counter":27,"message":95,"msg_id":172,"sender":"n0","type":"gossip"}}
2023/05/30 00:34:11 Sent {"src":"n4","dest":"n1","body":{"counter":27,"message":95,"msg_id":47,"sender":"n0","type":"gossip"}}
2023/05/30 00:34:11 Sent {"src":"n4","dest":"n3","body":{"counter":27,"message":95,"msg_id":48,"sender":"n0","type":"gossip"}}
2023/05/30 00:34:11 Sent {"src":"n4","dest":"n1","body":{"in_reply_to":172,"type":"gossip_ok"}}
2023/05/30 00:34:11 Received {n3 n4 {"counter":27,"message":95,"msg_id":128,"sender":"n0","type":"gossip"}}
2023/05/30 00:34:11 Sent {"src":"n4","dest":"n3","body":{"in_reply_to":128,"type":"gossip_ok"}}
2023/05/30 00:34:11 Received {n1 n4 {"in_reply_to":47,"type":"gossip_ok"}}
2023/05/30 00:34:11 Received {n3 n4 {"in_reply_to":48,"type":"gossip_ok"}}
2023/05/30 00:34:11 Received {n1 n4 {"counter":28,"message":96,"msg_id":175,"sender":"n0","type":"gossip"}}
2023/05/30 00:34:11 Received {n3 n4 {"counter":28,"message":96,"msg_id":130,"sender":"n0","type":"gossip"}}
2023/05/30 00:34:11 Sent {"src":"n4","dest":"n1","body":{"counter":28,"message":96,"msg_id":49,"sender":"n0","type":"gossip"}}
2023/05/30 00:34:11 Sent {"src":"n4","dest":"n3","body":{"counter":28,"message":96,"msg_id":50,"sender":"n0","type":"gossip"}}
2023/05/30 00:34:11 Sent {"src":"n4","dest":"n1","body":{"in_reply_to":175,"type":"gossip_ok"}}
2023/05/30 00:34:11 Sent {"src":"n4","dest":"n3","body":{"in_reply_to":130,"type":"gossip_ok"}}
2023/05/30 00:34:11 Received {n3 n4 {"in_reply_to":50,"type":"gossip_ok"}}
2023/05/30 00:34:11 Received {n1 n4 {"in_reply_to":49,"type":"gossip_ok"}}
2023/05/30 00:34:11 Received {n1 n4 {"counter":21,"message":97,"msg_id":179,"sender":"n1","type":"gossip"}}
2023/05/30 00:34:11 Sent {"src":"n4","dest":"n1","body":{"counter":21,"message":97,"msg_id":51,"sender":"n1","type":"gossip"}}
2023/05/30 00:34:11 Sent {"src":"n4","dest":"n3","body":{"counter":21,"message":97,"msg_id":52,"sender":"n1","type":"gossip"}}
2023/05/30 00:34:11 Sent {"src":"n4","dest":"n1","body":{"in_reply_to":179,"type":"gossip_ok"}}
2023/05/30 00:34:11 Received {n1 n4 {"counter":21,"message":97,"msg_id":181,"sender":"n1","type":"gossip"}}
2023/05/30 00:34:11 Received {n3 n4 {"in_reply_to":52,"type":"gossip_ok"}}
2023/05/30 00:34:11 Received {n3 n4 {"counter":21,"message":97,"msg_id":132,"sender":"n1","type":"gossip"}}
2023/05/30 00:34:11 Received {n1 n4 {"in_reply_to":51,"type":"gossip_ok"}}
2023/05/30 00:34:11 Sent {"src":"n4","dest":"n1","body":{"in_reply_to":181,"type":"gossip_ok"}}
2023/05/30 00:34:11 Sent {"src":"n4","dest":"n3","body":{"in_reply_to":132,"type":"gossip_ok"}}
2023/05/30 00:34:11 Received {n3 n4 {"counter":18,"message":98,"msg_id":133,"sender":"n3","type":"gossip"}}
2023/05/30 00:34:11 Sent {"src":"n4","dest":"n1","body":{"counter":18,"message":98,"msg_id":53,"sender":"n3","type":"gossip"}}
2023/05/30 00:34:11 Sent {"src":"n4","dest":"n3","body":{"counter":18,"message":98,"msg_id":54,"sender":"n3","type":"gossip"}}
2023/05/30 00:34:11 Sent {"src":"n4","dest":"n3","body":{"in_reply_to":133,"type":"gossip_ok"}}
2023/05/30 00:34:11 Received {n1 n4 {"counter":18,"message":98,"msg_id":184,"sender":"n3","type":"gossip"}}
2023/05/30 00:34:11 Received {n3 n4 {"counter":18,"message":98,"msg_id":136,"sender":"n3","type":"gossip"}}
2023/05/30 00:34:11 Received {n3 n4 {"in_reply_to":54,"type":"gossip_ok"}}
2023/05/30 00:34:11 Received {n1 n4 {"in_reply_to":53,"type":"gossip_ok"}}
2023/05/30 00:34:11 Sent {"src":"n4","dest":"n3","body":{"in_reply_to":136,"type":"gossip_ok"}}
2023/05/30 00:34:11 Sent {"src":"n4","dest":"n1","body":{"in_reply_to":184,"type":"gossip_ok"}}
2023/05/30 00:34:11 Received {c13 n4 {"type":"broadcast","message":99,"msg_id":30}}
2023/05/30 00:34:11 Sent {"src":"n4","dest":"c13","body":{"in_reply_to":30,"type":"broadcast_ok"}}
2023/05/30 00:34:11 Sent {"src":"n4","dest":"n3","body":{"counter":19,"message":99,"msg_id":55,"sender":"n4","type":"gossip"}}
2023/05/30 00:34:11 Sent {"src":"n4","dest":"n1","body":{"counter":19,"message":99,"msg_id":56,"sender":"n4","type":"gossip"}}
2023/05/30 00:34:11 Received {n3 n4 {"counter":19,"message":99,"msg_id":138,"sender":"n4","type":"gossip"}}
2023/05/30 00:34:11 Received {n3 n4 {"in_reply_to":55,"type":"gossip_ok"}}
2023/05/30 00:34:11 Received {n1 n4 {"counter":19,"message":99,"msg_id":187,"sender":"n4","type":"gossip"}}
2023/05/30 00:34:11 Received {n1 n4 {"in_reply_to":56,"type":"gossip_ok"}}
2023/05/30 00:34:11 callback error: <nil>
2023/05/30 00:34:11 Sent {"src":"n4","dest":"n1","body":{"counter":19,"message":99,"msg_id":57,"sender":"n4","type":"gossip"}}
2023/05/30 00:34:11 Sent {"src":"n4","dest":"n1","body":{"in_reply_to":187,"type":"gossip_ok"}}
2023/05/30 00:34:11 Sent {"src":"n4","dest":"n3","body":{"counter":19,"message":99,"msg_id":58,"sender":"n4","type":"gossip"}}
2023/05/30 00:34:11 Sent {"src":"n4","dest":"n3","body":{"in_reply_to":138,"type":"gossip_ok"}}
2023/05/30 00:34:11 callback error: <nil>
2023/05/30 00:34:11 Received {n1 n4 {"counter":29,"message":100,"msg_id":190,"sender":"n0","type":"gossip"}}
2023/05/30 00:34:11 Received {n3 n4 {"counter":29,"message":100,"msg_id":140,"sender":"n0","type":"gossip"}}
2023/05/30 00:34:11 Sent {"src":"n4","dest":"n1","body":{"counter":29,"message":100,"msg_id":59,"sender":"n0","type":"gossip"}}
2023/05/30 00:34:11 Sent {"src":"n4","dest":"n3","body":{"counter":29,"message":100,"msg_id":60,"sender":"n0","type":"gossip"}}
2023/05/30 00:34:11 Sent {"src":"n4","dest":"n1","body":{"in_reply_to":190,"type":"gossip_ok"}}
2023/05/30 00:34:11 Sent {"src":"n4","dest":"n3","body":{"in_reply_to":140,"type":"gossip_ok"}}
2023/05/30 00:34:11 Received {n1 n4 {"in_reply_to":57,"type":"gossip_ok"}}
2023/05/30 00:34:11 Received {n3 n4 {"in_reply_to":58,"type":"gossip_ok"}}
2023/05/30 00:34:11 Received {n1 n4 {"in_reply_to":59,"type":"gossip_ok"}}
2023/05/30 00:34:11 Received {n3 n4 {"in_reply_to":60,"type":"gossip_ok"}}
2023/05/30 00:34:11 Received {n1 n4 {"counter":30,"message":101,"msg_id":193,"sender":"n0","type":"gossip"}}
2023/05/30 00:34:11 Received {n3 n4 {"counter":30,"message":101,"msg_id":142,"sender":"n0","type":"gossip"}}
2023/05/30 00:34:11 Sent {"src":"n4","dest":"n1","body":{"counter":30,"message":101,"msg_id":61,"sender":"n0","type":"gossip"}}
2023/05/30 00:34:11 Sent {"src":"n4","dest":"n3","body":{"counter":30,"message":101,"msg_id":62,"sender":"n0","type":"gossip"}}
2023/05/30 00:34:11 Sent {"src":"n4","dest":"n1","body":{"in_reply_to":193,"type":"gossip_ok"}}
2023/05/30 00:34:11 Sent {"src":"n4","dest":"n3","body":{"in_reply_to":142,"type":"gossip_ok"}}
2023/05/30 00:34:11 Received {n1 n4 {"in_reply_to":61,"type":"gossip_ok"}}
2023/05/30 00:34:11 Received {n3 n4 {"in_reply_to":62,"type":"gossip_ok"}}
2023/05/30 00:34:12 Received {n3 n4 {"counter":19,"message":102,"msg_id":144,"sender":"n3","type":"gossip"}}
2023/05/30 00:34:12 Sent {"src":"n4","dest":"n1","body":{"counter":19,"message":102,"msg_id":63,"sender":"n3","type":"gossip"}}
2023/05/30 00:34:12 Sent {"src":"n4","dest":"n3","body":{"counter":19,"message":102,"msg_id":64,"sender":"n3","type":"gossip"}}
2023/05/30 00:34:12 Sent {"src":"n4","dest":"n3","body":{"in_reply_to":144,"type":"gossip_ok"}}
2023/05/30 00:34:12 Received {n1 n4 {"counter":19,"message":102,"msg_id":196,"sender":"n3","type":"gossip"}}
2023/05/30 00:34:12 Received {n3 n4 {"counter":19,"message":102,"msg_id":146,"sender":"n3","type":"gossip"}}
2023/05/30 00:34:12 Sent {"src":"n4","dest":"n1","body":{"in_reply_to":196,"type":"gossip_ok"}}
2023/05/30 00:34:12 Sent {"src":"n4","dest":"n3","body":{"in_reply_to":146,"type":"gossip_ok"}}
2023/05/30 00:34:12 Received {n3 n4 {"in_reply_to":64,"type":"gossip_ok"}}
2023/05/30 00:34:12 Received {n1 n4 {"in_reply_to":63,"type":"gossip_ok"}}
2023/05/30 00:34:12 Received {c13 n4 {"type":"read","msg_id":31}}
2023/05/30 00:34:12 Sent {"src":"n4","dest":"c13","body":{"in_reply_to":31,"messages":[2,6,10,15,22,28,39,42,54,59,64,67,69,74,80,83,89,90,91,92,92,93,94,95,96,97,98,99,99,100,101,102],"msg_id":31,"type":"read_ok"}}
2023/05/30 00:34:12 Received {n3 n4 {"counter":31,"message":103,"msg_id":148,"sender":"n0","type":"gossip"}}
2023/05/30 00:34:12 Received {n1 n4 {"counter":31,"message":103,"msg_id":199,"sender":"n0","type":"gossip"}}
2023/05/30 00:34:12 Sent {"src":"n4","dest":"n3","body":{"in_reply_to":148,"type":"gossip_ok"}}
2023/05/30 00:34:12 Sent {"src":"n4","dest":"n1","body":{"counter":31,"message":103,"msg_id":65,"sender":"n0","type":"gossip"}}
2023/05/30 00:34:12 Sent {"src":"n4","dest":"n3","body":{"counter":31,"message":103,"msg_id":66,"sender":"n0","type":"gossip"}}
2023/05/30 00:34:12 Sent {"src":"n4","dest":"n1","body":{"in_reply_to":199,"type":"gossip_ok"}}
2023/05/30 00:34:12 Received {n1 n4 {"in_reply_to":65,"type":"gossip_ok"}}
2023/05/30 00:34:12 Received {n3 n4 {"in_reply_to":66,"type":"gossip_ok"}}
2023/05/30 00:34:12 Received {n1 n4 {"counter":22,"message":104,"msg_id":202,"sender":"n1","type":"gossip"}}
2023/05/30 00:34:12 Sent {"src":"n4","dest":"n1","body":{"counter":22,"message":104,"msg_id":67,"sender":"n1","type":"gossip"}}
2023/05/30 00:34:12 Sent {"src":"n4","dest":"n3","body":{"counter":22,"message":104,"msg_id":68,"sender":"n1","type":"gossip"}}
2023/05/30 00:34:12 Sent {"src":"n4","dest":"n1","body":{"in_reply_to":202,"type":"gossip_ok"}}
2023/05/30 00:34:12 Received {n1 n4 {"counter":22,"message":104,"msg_id":205,"sender":"n1","type":"gossip"}}
2023/05/30 00:34:12 Received {n3 n4 {"counter":22,"message":104,"msg_id":150,"sender":"n1","type":"gossip"}}
2023/05/30 00:34:12 Received {n3 n4 {"in_reply_to":68,"type":"gossip_ok"}}
2023/05/30 00:34:12 Received {n1 n4 {"in_reply_to":67,"type":"gossip_ok"}}
2023/05/30 00:34:12 Sent {"src":"n4","dest":"n1","body":{"in_reply_to":205,"type":"gossip_ok"}}
2023/05/30 00:34:12 Sent {"src":"n4","dest":"n3","body":{"in_reply_to":150,"type":"gossip_ok"}}
2023/05/30 00:34:13 Received {c13 n4 {"type":"read","msg_id":32}}
2023/05/30 00:34:13 Sent {"src":"n4","dest":"c13","body":{"in_reply_to":32,"messages":[2,6,10,15,22,28,39,42,54,59,64,67,69,74,80,83,89,90,91,92,92,93,94,95,96,97,98,99,99,100,101,102,103,104],"msg_id":32,"type":"read_ok"}}
2023/05/30 00:34:13 Received {n1 n4 {"counter":32,"message":105,"msg_id":208,"sender":"n0","type":"gossip"}}
2023/05/30 00:34:13 Received {n3 n4 {"counter":32,"message":105,"msg_id":152,"sender":"n0","type":"gossip"}}
2023/05/30 00:34:13 Sent {"src":"n4","dest":"n1","body":{"counter":32,"message":105,"msg_id":69,"sender":"n0","type":"gossip"}}
2023/05/30 00:34:13 Sent {"src":"n4","dest":"n3","body":{"counter":32,"message":105,"msg_id":70,"sender":"n0","type":"gossip"}}
2023/05/30 00:34:13 Sent {"src":"n4","dest":"n1","body":{"in_reply_to":208,"type":"gossip_ok"}}
2023/05/30 00:34:13 Sent {"src":"n4","dest":"n3","body":{"in_reply_to":152,"type":"gossip_ok"}}
2023/05/30 00:34:13 Received {n3 n4 {"in_reply_to":70,"type":"gossip_ok"}}
2023/05/30 00:34:13 Received {n1 n4 {"in_reply_to":69,"type":"gossip_ok"}}
2023/05/30 00:34:23 Received {c13 n4 {"type":"read","msg_id":33}}
2023/05/30 00:34:23 Sent {"src":"n4","dest":"c13","body":{"in_reply_to":33,"messages":[2,6,10,15,22,28,39,42,54,59,64,67,69,74,80,83,89,90,91,92,92,93,94,95,96,97,98,99,99,100,101,102,103,104,105],"msg_id":33,"type":"read_ok"}}
