2023-05-29 23:42:51,999{GMT}	INFO	[jepsen test runner] jepsen.core: Command line:
lein run test -w broadcast --bin /Users/adicardrz/go/bin/maelstrom-broadcast --node-count 5 --time-limit 20 --rate 10 --nemesis partition
2023-05-29 23:42:52,097{GMT}	INFO	[jepsen test runner] jepsen.core: Running test:
{:args []
 :remote
 #jepsen.control.retry.Remote{:remote #jepsen.control.scp.Remote{:cmd-remote #jepsen.control.sshj.SSHJRemote{:concurrency-limit 6,
                                                                                                             :conn-spec nil,
                                                                                                             :client nil,
                                                                                                             :semaphore nil},
                                                                 :conn-spec nil},
                              :conn nil}
 :log-net-send false
 :node-count 5
 :availability nil
 :max-txn-length 4
 :concurrency 5
 :db
 #object[maelstrom.db$db$reify__16142
         "0x60035f1e"
         "maelstrom.db$db$reify__16142@60035f1e"]
 :max-writes-per-key 16
 :leave-db-running? false
 :name "broadcast"
 :logging-json? false
 :start-time
 #object[org.joda.time.DateTime "0x2459715c" "2023-05-29T23:42:51.953+02:00"]
 :nemesis-interval 10
 :net
 #object[maelstrom.net$jepsen_net$reify__15251
         "0x401e36ab"
         "maelstrom.net$jepsen_net$reify__15251@401e36ab"]
 :client
 #object[maelstrom.workload.broadcast$client$reify__16644
         "0x4ce66169"
         "maelstrom.workload.broadcast$client$reify__16644@4ce66169"]
 :barrier
 #object[java.util.concurrent.CyclicBarrier
         "0x53d0cf4d"
         "java.util.concurrent.CyclicBarrier@53d0cf4d"]
 :log-stderr false
 :pure-generators true
 :ssh {:dummy? true}
 :rate 10.0
 :checker
 #object[jepsen.checker$compose$reify__11881
         "0x3c6c87fa"
         "jepsen.checker$compose$reify__11881@3c6c87fa"]
 :argv
 ("test"
  "-w"
  "broadcast"
  "--bin"
  "/Users/adicardrz/go/bin/maelstrom-broadcast"
  "--node-count"
  "5"
  "--time-limit"
  "20"
  "--rate"
  "10"
  "--nemesis"
  "partition")
 :nemesis
 (jepsen.nemesis.ReflCompose
  {:fm {:start-partition 0,
        :stop-partition 0,
        :kill 1,
        :start 1,
        :pause 1,
        :resume 1},
   :nemeses [#unprintable "jepsen.nemesis.combined$partition_nemesis$reify__16416@d7645b2"
             #unprintable "jepsen.nemesis.combined$db_nemesis$reify__16397@72e4905c"]})
 :nodes ["n0" "n1" "n2" "n3" "n4"]
 :test-count 1
 :latency {:mean 0, :dist :constant}
 :bin "/Users/adicardrz/go/bin/maelstrom-broadcast"
 :generator
 ((jepsen.generator.Synchronize
   {:gen (jepsen.generator.TimeLimit
          {:limit 20000000000,
           :cutoff nil,
           :gen (jepsen.generator.Any
                 {:gens [(jepsen.generator.OnThreads
                          {:f #{:nemesis},
                           :context-filter #object[jepsen.generator.context$make_thread_filter$lazy_filter__9167
                                                   "0x383c94ed"
                                                   "jepsen.generator.context$make_thread_filter$lazy_filter__9167@383c94ed"],
                           :gen (jepsen.generator.Stagger
                                 {:dt 20000000000,
                                  :next-time nil,
                                  :gen (jepsen.generator.FlipFlop
                                        {:gens [#object[jepsen.nemesis.combined$partition_package$start__16420
                                                        "0x293ccbdd"
                                                        "jepsen.nemesis.combined$partition_package$start__16420@293ccbdd"]
                                                ({:type :info,
                                                  :f :stop-partition,
                                                  :value nil}
                                                 {:type :info,
                                                  :f :stop-partition,
                                                  :value nil}
                                                 {:type :info,
                                                  :f :stop-partition,
                                                  :value nil}
                                                 {:type :info,
                                                  :f :stop-partition,
                                                  :value nil}
                                                 {:type :info,
                                                  :f :stop-partition,
                                                  :value nil}
                                                 {:type :info,
                                                  :f :stop-partition,
                                                  :value nil}
                                                 {:type :info,
                                                  :f :stop-partition,
                                                  :value nil}
                                                 {:type :info,
                                                  :f :stop-partition,
                                                  :value nil}
                                                 ...)],
                                         :i 0})})})
                         (jepsen.generator.OnThreads
                          {:f #jepsen.generator.context.AllBut{:element :nemesis},
                           :context-filter #object[jepsen.generator.context$make_thread_filter$lazy_filter__9167
                                                   "0x474a63d9"
                                                   "jepsen.generator.context$make_thread_filter$lazy_filter__9167@474a63d9"],
                           :gen (jepsen.generator.Stagger
                                 {:dt 200000000,
                                  :next-time nil,
                                  :gen (jepsen.generator.Mix
                                        {:i 0,
                                         :gens [({:f :broadcast, :value 0}
                                                 {:f :broadcast, :value 1}
                                                 {:f :broadcast, :value 2}
                                                 {:f :broadcast, :value 3}
                                                 {:f :broadcast, :value 4}
                                                 {:f :broadcast, :value 5}
                                                 {:f :broadcast, :value 6}
                                                 {:f :broadcast, :value 7}
                                                 ...)
                                                ({:f :read}
                                                 {:f :read}
                                                 {:f :read}
                                                 {:f :read}
                                                 {:f :read}
                                                 {:f :read}
                                                 {:f :read}
                                                 {:f :read}
                                                 ...)]})})})]})})})
  (jepsen.generator.Synchronize
   {:gen (jepsen.generator.OnThreads
          {:f #{:nemesis},
           :context-filter #object[jepsen.generator.context$make_thread_filter$lazy_filter__9167
                                   "0x1b8d0c21"
                                   "jepsen.generator.context$make_thread_filter$lazy_filter__9167@1b8d0c21"],
           :gen ({:type :info, :f :stop-partition, :value nil})})})
  (jepsen.generator.Synchronize
   {:gen {:type :log, :value "Waiting for recovery..."}})
  (jepsen.generator.Synchronize {:gen {:type :sleep, :value 10}})
  (jepsen.generator.Synchronize
   {:gen (jepsen.generator.OnThreads
          {:f #jepsen.generator.context.AllBut{:element :nemesis},
           :context-filter #object[jepsen.generator.context$make_thread_filter$lazy_filter__9167
                                   "0x54a04eae"
                                   "jepsen.generator.context$make_thread_filter$lazy_filter__9167@54a04eae"],
           :gen (jepsen.generator.EachThread
                 {:fresh-gen {:f :read, :final? true},
                  :context-filters #object[clojure.core$promise$reify__8591
                                           "0x4664fef"
                                           {:status :pending, :val nil}],
                  :gens {}})})}))
 :log-net-recv false
 :os
 #object[maelstrom.net$jepsen_os$reify__15254
         "0x1026a011"
         "maelstrom.net$jepsen_os$reify__15254@1026a011"]
 :time-limit 20
 :workload :broadcast
 :consistency-models [:strict-serializable]
 :topology :grid}

2023-05-29 23:42:54,512{GMT}	INFO	[jepsen node n0] maelstrom.net: Starting Maelstrom network
2023-05-29 23:42:54,514{GMT}	INFO	[jepsen test runner] jepsen.db: Tearing down DB
2023-05-29 23:42:54,517{GMT}	INFO	[jepsen test runner] jepsen.db: Setting up DB
2023-05-29 23:42:54,518{GMT}	INFO	[jepsen node n2] maelstrom.db: Setting up n2
2023-05-29 23:42:54,518{GMT}	INFO	[jepsen node n1] maelstrom.db: Setting up n1
2023-05-29 23:42:54,518{GMT}	INFO	[jepsen node n4] maelstrom.db: Setting up n4
2023-05-29 23:42:54,518{GMT}	INFO	[jepsen node n3] maelstrom.db: Setting up n3
2023-05-29 23:42:54,519{GMT}	INFO	[jepsen node n2] maelstrom.process: launching /Users/adicardrz/go/bin/maelstrom-broadcast []
2023-05-29 23:42:54,519{GMT}	INFO	[jepsen node n3] maelstrom.process: launching /Users/adicardrz/go/bin/maelstrom-broadcast []
2023-05-29 23:42:54,519{GMT}	INFO	[jepsen node n4] maelstrom.process: launching /Users/adicardrz/go/bin/maelstrom-broadcast []
2023-05-29 23:42:54,520{GMT}	INFO	[jepsen node n1] maelstrom.process: launching /Users/adicardrz/go/bin/maelstrom-broadcast []
2023-05-29 23:42:54,522{GMT}	INFO	[jepsen node n0] maelstrom.service: Starting services: (lin-kv lin-tso lww-kv seq-kv)
2023-05-29 23:42:54,524{GMT}	INFO	[jepsen node n0] maelstrom.db: Setting up n0
2023-05-29 23:42:54,525{GMT}	INFO	[jepsen node n0] maelstrom.process: launching /Users/adicardrz/go/bin/maelstrom-broadcast []
2023-05-29 23:42:54,829{GMT}	INFO	[jepsen test runner] jepsen.core: Relative time begins now
2023-05-29 23:42:54,858{GMT}	INFO	[jepsen worker nemesis] jepsen.util: :nemesis	:info	:start-partition	:minority-third
2023-05-29 23:42:54,858{GMT}	INFO	[jepsen worker 1] jepsen.util: 1	:invoke	:broadcast	0
2023-05-29 23:42:54,863{GMT}	INFO	[jepsen worker 1] jepsen.util: 1	:ok	:broadcast	0
2023-05-29 23:42:54,866{GMT}	INFO	[jepsen worker nemesis] jepsen.util: :nemesis	:info	:start-partition	[:isolated {"n4" #{"n2" "n1" "n0" "n3"}, "n2" #{"n4"}, "n1" #{"n4"}, "n0" #{"n4"}, "n3" #{"n4"}}]
2023-05-29 23:42:54,945{GMT}	INFO	[jepsen worker 2] jepsen.util: 2	:invoke	:read	nil
2023-05-29 23:42:54,947{GMT}	INFO	[jepsen worker 2] jepsen.util: 2	:ok	:read	[0]
2023-05-29 23:42:55,056{GMT}	INFO	[jepsen worker 3] jepsen.util: 3	:invoke	:read	nil
2023-05-29 23:42:55,059{GMT}	INFO	[jepsen worker 3] jepsen.util: 3	:ok	:read	[0]
2023-05-29 23:42:55,161{GMT}	INFO	[jepsen worker 4] jepsen.util: 4	:invoke	:broadcast	1
2023-05-29 23:42:55,164{GMT}	INFO	[jepsen worker 4] jepsen.util: 4	:ok	:broadcast	1
2023-05-29 23:42:55,259{GMT}	INFO	[jepsen worker 0] jepsen.util: 0	:invoke	:broadcast	2
2023-05-29 23:42:55,263{GMT}	INFO	[jepsen worker 0] jepsen.util: 0	:ok	:broadcast	2
2023-05-29 23:42:55,320{GMT}	INFO	[jepsen worker 0] jepsen.util: 0	:invoke	:broadcast	3
2023-05-29 23:42:55,323{GMT}	INFO	[jepsen worker 0] jepsen.util: 0	:ok	:broadcast	3
2023-05-29 23:42:55,381{GMT}	INFO	[jepsen worker 1] jepsen.util: 1	:invoke	:broadcast	4
2023-05-29 23:42:55,384{GMT}	INFO	[jepsen worker 1] jepsen.util: 1	:ok	:broadcast	4
2023-05-29 23:42:55,562{GMT}	INFO	[jepsen worker 2] jepsen.util: 2	:invoke	:broadcast	5
2023-05-29 23:42:55,565{GMT}	INFO	[jepsen worker 2] jepsen.util: 2	:ok	:broadcast	5
2023-05-29 23:42:55,659{GMT}	INFO	[jepsen worker 3] jepsen.util: 3	:invoke	:read	nil
2023-05-29 23:42:55,661{GMT}	INFO	[jepsen worker 3] jepsen.util: 3	:ok	:read	[0 2 3 4 5]
2023-05-29 23:42:55,829{GMT}	INFO	[jepsen worker 4] jepsen.util: 4	:invoke	:read	nil
2023-05-29 23:42:55,832{GMT}	INFO	[jepsen worker 4] jepsen.util: 4	:ok	:read	[1]
2023-05-29 23:42:55,958{GMT}	INFO	[jepsen worker 0] jepsen.util: 0	:invoke	:broadcast	6
2023-05-29 23:42:55,960{GMT}	INFO	[jepsen worker 0] jepsen.util: 0	:ok	:broadcast	6
2023-05-29 23:42:56,029{GMT}	INFO	[jepsen worker 0] jepsen.util: 0	:invoke	:read	nil
2023-05-29 23:42:56,032{GMT}	INFO	[jepsen worker 0] jepsen.util: 0	:ok	:read	[0 2 2 3 3 4 5 6 6]
2023-05-29 23:42:56,120{GMT}	INFO	[jepsen worker 1] jepsen.util: 1	:invoke	:read	nil
2023-05-29 23:42:56,123{GMT}	INFO	[jepsen worker 1] jepsen.util: 1	:ok	:read	[0 0 2 3 4 4 5 6]
2023-05-29 23:42:56,254{GMT}	INFO	[jepsen worker 2] jepsen.util: 2	:invoke	:read	nil
2023-05-29 23:42:56,256{GMT}	INFO	[jepsen worker 2] jepsen.util: 2	:ok	:read	[0 2 3 4 5 5 6]
2023-05-29 23:42:56,393{GMT}	INFO	[jepsen worker 3] jepsen.util: 3	:invoke	:broadcast	7
2023-05-29 23:42:56,400{GMT}	INFO	[jepsen worker 3] jepsen.util: 3	:ok	:broadcast	7
2023-05-29 23:42:56,448{GMT}	INFO	[jepsen worker 4] jepsen.util: 4	:invoke	:broadcast	8
2023-05-29 23:42:56,452{GMT}	INFO	[jepsen worker 4] jepsen.util: 4	:ok	:broadcast	8
2023-05-29 23:42:56,518{GMT}	INFO	[jepsen worker 0] jepsen.util: 0	:invoke	:broadcast	9
2023-05-29 23:42:56,521{GMT}	INFO	[jepsen worker 0] jepsen.util: 0	:ok	:broadcast	9
2023-05-29 23:42:56,532{GMT}	INFO	[jepsen worker 0] jepsen.util: 0	:invoke	:broadcast	10
2023-05-29 23:42:56,533{GMT}	INFO	[jepsen worker 0] jepsen.util: 0	:ok	:broadcast	10
2023-05-29 23:42:56,553{GMT}	INFO	[jepsen worker 1] jepsen.util: 1	:invoke	:broadcast	11
2023-05-29 23:42:56,555{GMT}	INFO	[jepsen worker 1] jepsen.util: 1	:ok	:broadcast	11
2023-05-29 23:42:56,556{GMT}	INFO	[jepsen worker 2] jepsen.util: 2	:invoke	:read	nil
2023-05-29 23:42:56,558{GMT}	INFO	[jepsen worker 2] jepsen.util: 2	:ok	:read	[0 2 3 4 5 5 6 7 9 10 11]
2023-05-29 23:42:56,655{GMT}	INFO	[jepsen worker 3] jepsen.util: 3	:invoke	:read	nil
2023-05-29 23:42:56,657{GMT}	INFO	[jepsen worker 3] jepsen.util: 3	:ok	:read	[0 2 3 4 5 6 7 7 9 10 11]
2023-05-29 23:42:56,660{GMT}	INFO	[jepsen worker 4] jepsen.util: 4	:invoke	:read	nil
2023-05-29 23:42:56,663{GMT}	INFO	[jepsen worker 4] jepsen.util: 4	:ok	:read	[1 8]
2023-05-29 23:42:56,771{GMT}	INFO	[jepsen worker 0] jepsen.util: 0	:invoke	:broadcast	12
2023-05-29 23:42:56,773{GMT}	INFO	[jepsen worker 0] jepsen.util: 0	:ok	:broadcast	12
2023-05-29 23:42:56,921{GMT}	INFO	[jepsen worker 0] jepsen.util: 0	:invoke	:read	nil
2023-05-29 23:42:56,923{GMT}	INFO	[jepsen worker 0] jepsen.util: 0	:ok	:read	[0 2 2 3 3 4 5 6 6 7 9 9 10 10 11 12 12]
2023-05-29 23:42:57,054{GMT}	INFO	[jepsen worker 1] jepsen.util: 1	:invoke	:read	nil
2023-05-29 23:42:57,057{GMT}	INFO	[jepsen worker 1] jepsen.util: 1	:ok	:read	[0 0 2 3 4 4 5 6 7 9 10 11 11 12]
2023-05-29 23:42:57,100{GMT}	INFO	[jepsen worker 2] jepsen.util: 2	:invoke	:read	nil
2023-05-29 23:42:57,102{GMT}	INFO	[jepsen worker 2] jepsen.util: 2	:ok	:read	[0 2 3 4 5 5 6 7 9 10 11 12]
2023-05-29 23:42:57,184{GMT}	INFO	[jepsen worker 3] jepsen.util: 3	:invoke	:read	nil
2023-05-29 23:42:57,186{GMT}	INFO	[jepsen worker 3] jepsen.util: 3	:ok	:read	[0 2 3 4 5 6 7 7 9 10 11 12]
2023-05-29 23:42:57,280{GMT}	INFO	[jepsen worker 4] jepsen.util: 4	:invoke	:read	nil
2023-05-29 23:42:57,282{GMT}	INFO	[jepsen worker 4] jepsen.util: 4	:ok	:read	[1 8]
2023-05-29 23:42:57,374{GMT}	INFO	[jepsen worker 0] jepsen.util: 0	:invoke	:broadcast	13
2023-05-29 23:42:57,377{GMT}	INFO	[jepsen worker 0] jepsen.util: 0	:ok	:broadcast	13
2023-05-29 23:42:57,446{GMT}	INFO	[jepsen worker 0] jepsen.util: 0	:invoke	:broadcast	14
2023-05-29 23:42:57,448{GMT}	INFO	[jepsen worker 0] jepsen.util: 0	:ok	:broadcast	14
2023-05-29 23:42:57,580{GMT}	INFO	[jepsen worker 1] jepsen.util: 1	:invoke	:read	nil
2023-05-29 23:42:57,583{GMT}	INFO	[jepsen worker 1] jepsen.util: 1	:ok	:read	[0 0 2 3 4 4 5 6 7 9 10 11 11 12 13 14]
2023-05-29 23:42:57,670{GMT}	INFO	[jepsen worker 2] jepsen.util: 2	:invoke	:broadcast	15
2023-05-29 23:42:57,673{GMT}	INFO	[jepsen worker 2] jepsen.util: 2	:ok	:broadcast	15
2023-05-29 23:42:57,798{GMT}	INFO	[jepsen worker 3] jepsen.util: 3	:invoke	:read	nil
2023-05-29 23:42:57,800{GMT}	INFO	[jepsen worker 3] jepsen.util: 3	:ok	:read	[0 2 3 4 5 6 7 7 9 10 11 12 13 14 15]
2023-05-29 23:42:57,991{GMT}	INFO	[jepsen worker 4] jepsen.util: 4	:invoke	:broadcast	16
2023-05-29 23:42:57,994{GMT}	INFO	[jepsen worker 4] jepsen.util: 4	:ok	:broadcast	16
2023-05-29 23:42:58,142{GMT}	INFO	[jepsen worker 0] jepsen.util: 0	:invoke	:broadcast	17
2023-05-29 23:42:58,144{GMT}	INFO	[jepsen worker 0] jepsen.util: 0	:ok	:broadcast	17
2023-05-29 23:42:58,217{GMT}	INFO	[jepsen worker 0] jepsen.util: 0	:invoke	:read	nil
2023-05-29 23:42:58,219{GMT}	INFO	[jepsen worker 0] jepsen.util: 0	:ok	:read	[0 2 2 3 3 4 5 6 6 7 9 9 10 10 11 12 12 13 13 14 14 15 17 17]
2023-05-29 23:42:58,259{GMT}	INFO	[jepsen worker 1] jepsen.util: 1	:invoke	:broadcast	18
2023-05-29 23:42:58,261{GMT}	INFO	[jepsen worker 1] jepsen.util: 1	:ok	:broadcast	18
2023-05-29 23:42:58,370{GMT}	INFO	[jepsen worker 2] jepsen.util: 2	:invoke	:read	nil
2023-05-29 23:42:58,373{GMT}	INFO	[jepsen worker 2] jepsen.util: 2	:ok	:read	[0 2 3 4 5 5 6 7 9 10 11 12 13 14 15 15 17 18]
2023-05-29 23:42:58,548{GMT}	INFO	[jepsen worker 3] jepsen.util: 3	:invoke	:read	nil
2023-05-29 23:42:58,550{GMT}	INFO	[jepsen worker 3] jepsen.util: 3	:ok	:read	[0 2 3 4 5 6 7 7 9 10 11 12 13 14 15 17 18]
2023-05-29 23:42:58,634{GMT}	INFO	[jepsen worker 4] jepsen.util: 4	:invoke	:broadcast	19
2023-05-29 23:42:58,636{GMT}	INFO	[jepsen worker 4] jepsen.util: 4	:ok	:broadcast	19
2023-05-29 23:42:58,661{GMT}	INFO	[jepsen worker 0] jepsen.util: 0	:invoke	:broadcast	20
2023-05-29 23:42:58,663{GMT}	INFO	[jepsen worker 0] jepsen.util: 0	:ok	:broadcast	20
2023-05-29 23:42:58,738{GMT}	INFO	[jepsen worker 0] jepsen.util: 0	:invoke	:broadcast	21
2023-05-29 23:42:58,740{GMT}	INFO	[jepsen worker 0] jepsen.util: 0	:ok	:broadcast	21
2023-05-29 23:42:58,809{GMT}	INFO	[jepsen worker 1] jepsen.util: 1	:invoke	:read	nil
2023-05-29 23:42:58,812{GMT}	INFO	[jepsen worker 1] jepsen.util: 1	:ok	:read	[0 0 2 3 4 4 5 6 7 9 10 11 11 12 13 14 15 17 18 18 20 21]
2023-05-29 23:42:58,948{GMT}	INFO	[jepsen worker 2] jepsen.util: 2	:invoke	:broadcast	22
2023-05-29 23:42:58,950{GMT}	INFO	[jepsen worker 2] jepsen.util: 2	:ok	:broadcast	22
2023-05-29 23:42:58,984{GMT}	INFO	[jepsen worker 3] jepsen.util: 3	:invoke	:broadcast	23
2023-05-29 23:42:58,986{GMT}	INFO	[jepsen worker 3] jepsen.util: 3	:ok	:broadcast	23
2023-05-29 23:42:59,159{GMT}	INFO	[jepsen worker 4] jepsen.util: 4	:invoke	:broadcast	24
2023-05-29 23:42:59,161{GMT}	INFO	[jepsen worker 4] jepsen.util: 4	:ok	:broadcast	24
2023-05-29 23:42:59,286{GMT}	INFO	[jepsen worker 0] jepsen.util: 0	:invoke	:broadcast	25
2023-05-29 23:42:59,289{GMT}	INFO	[jepsen worker 0] jepsen.util: 0	:ok	:broadcast	25
2023-05-29 23:42:59,342{GMT}	INFO	[jepsen worker 0] jepsen.util: 0	:invoke	:broadcast	26
2023-05-29 23:42:59,344{GMT}	INFO	[jepsen worker 0] jepsen.util: 0	:ok	:broadcast	26
2023-05-29 23:42:59,359{GMT}	INFO	[jepsen worker 1] jepsen.util: 1	:invoke	:read	nil
2023-05-29 23:42:59,361{GMT}	INFO	[jepsen worker 1] jepsen.util: 1	:ok	:read	[0 0 2 3 4 4 5 6 7 9 10 11 11 12 13 14 15 17 18 18 20 21 22 23 25 26]
2023-05-29 23:42:59,561{GMT}	INFO	[jepsen worker 2] jepsen.util: 2	:invoke	:broadcast	27
2023-05-29 23:42:59,563{GMT}	INFO	[jepsen worker 2] jepsen.util: 2	:ok	:broadcast	27
2023-05-29 23:42:59,598{GMT}	INFO	[jepsen worker 3] jepsen.util: 3	:invoke	:broadcast	28
2023-05-29 23:42:59,600{GMT}	INFO	[jepsen worker 3] jepsen.util: 3	:ok	:broadcast	28
2023-05-29 23:42:59,759{GMT}	INFO	[jepsen worker 4] jepsen.util: 4	:invoke	:read	nil
2023-05-29 23:42:59,759{GMT}	INFO	[jepsen worker 0] jepsen.util: 0	:invoke	:broadcast	29
2023-05-29 23:42:59,761{GMT}	INFO	[jepsen worker 4] jepsen.util: 4	:ok	:read	[1 8 16 19 24]
2023-05-29 23:42:59,761{GMT}	INFO	[jepsen worker 0] jepsen.util: 0	:ok	:broadcast	29
2023-05-29 23:42:59,810{GMT}	INFO	[jepsen worker 0] jepsen.util: 0	:invoke	:read	nil
2023-05-29 23:42:59,812{GMT}	INFO	[jepsen worker 0] jepsen.util: 0	:ok	:read	[0 2 2 3 3 4 5 6 6 7 9 9 10 10 11 12 12 13 13 14 14 15 17 17 18 20 20 21 21 22 23 25 25 26 26 27 28 29 29]
2023-05-29 23:42:59,982{GMT}	INFO	[jepsen worker 1] jepsen.util: 1	:invoke	:broadcast	30
2023-05-29 23:42:59,984{GMT}	INFO	[jepsen worker 1] jepsen.util: 1	:ok	:broadcast	30
2023-05-29 23:43:00,001{GMT}	INFO	[jepsen worker 2] jepsen.util: 2	:invoke	:read	nil
2023-05-29 23:43:00,004{GMT}	INFO	[jepsen worker 2] jepsen.util: 2	:ok	:read	[0 2 3 4 5 5 6 7 9 10 11 12 13 14 15 15 17 18 20 21 22 22 23 25 26 27 27 28 29 30]
2023-05-29 23:43:00,167{GMT}	INFO	[jepsen worker 3] jepsen.util: 3	:invoke	:broadcast	31
2023-05-29 23:43:00,169{GMT}	INFO	[jepsen worker 3] jepsen.util: 3	:ok	:broadcast	31
2023-05-29 23:43:00,201{GMT}	INFO	[jepsen worker 4] jepsen.util: 4	:invoke	:read	nil
2023-05-29 23:43:00,202{GMT}	INFO	[jepsen worker 0] jepsen.util: 0	:invoke	:broadcast	32
2023-05-29 23:43:00,204{GMT}	INFO	[jepsen worker 4] jepsen.util: 4	:ok	:read	[1 8 16 19 24]
2023-05-29 23:43:00,207{GMT}	INFO	[jepsen worker 0] jepsen.util: 0	:ok	:broadcast	32
2023-05-29 23:43:00,298{GMT}	INFO	[jepsen worker 0] jepsen.util: 0	:invoke	:broadcast	33
2023-05-29 23:43:00,300{GMT}	INFO	[jepsen worker 0] jepsen.util: 0	:ok	:broadcast	33
2023-05-29 23:43:00,442{GMT}	INFO	[jepsen worker 1] jepsen.util: 1	:invoke	:broadcast	34
2023-05-29 23:43:00,445{GMT}	INFO	[jepsen worker 1] jepsen.util: 1	:ok	:broadcast	34
2023-05-29 23:43:00,592{GMT}	INFO	[jepsen worker 2] jepsen.util: 2	:invoke	:read	nil
2023-05-29 23:43:00,594{GMT}	INFO	[jepsen worker 2] jepsen.util: 2	:ok	:read	[0 2 3 4 5 5 6 7 9 10 11 12 13 14 15 15 17 18 20 21 22 22 23 25 26 27 27 28 29 30 31 32 33 34]
2023-05-29 23:43:00,766{GMT}	INFO	[jepsen worker 3] jepsen.util: 3	:invoke	:read	nil
2023-05-29 23:43:00,768{GMT}	INFO	[jepsen worker 3] jepsen.util: 3	:ok	:read	[0 2 3 4 5 6 7 7 9 10 11 12 13 14 15 17 18 20 21 22 23 23 25 26 27 28 28 29 30 31 31 32 33 34]
2023-05-29 23:43:00,826{GMT}	INFO	[jepsen worker 4] jepsen.util: 4	:invoke	:read	nil
2023-05-29 23:43:00,828{GMT}	INFO	[jepsen worker 4] jepsen.util: 4	:ok	:read	[1 8 16 19 24]
2023-05-29 23:43:01,026{GMT}	INFO	[jepsen worker 0] jepsen.util: 0	:invoke	:broadcast	35
2023-05-29 23:43:01,028{GMT}	INFO	[jepsen worker 0] jepsen.util: 0	:ok	:broadcast	35
2023-05-29 23:43:01,126{GMT}	INFO	[jepsen worker 0] jepsen.util: 0	:invoke	:broadcast	36
2023-05-29 23:43:01,128{GMT}	INFO	[jepsen worker 0] jepsen.util: 0	:ok	:broadcast	36
2023-05-29 23:43:01,192{GMT}	INFO	[jepsen worker 1] jepsen.util: 1	:invoke	:broadcast	37
2023-05-29 23:43:01,194{GMT}	INFO	[jepsen worker 1] jepsen.util: 1	:ok	:broadcast	37
2023-05-29 23:43:01,236{GMT}	INFO	[jepsen worker 2] jepsen.util: 2	:invoke	:read	nil
2023-05-29 23:43:01,238{GMT}	INFO	[jepsen worker 2] jepsen.util: 2	:ok	:read	[0 2 3 4 5 5 6 7 9 10 11 12 13 14 15 15 17 18 20 21 22 22 23 25 26 27 27 28 29 30 31 32 33 34 35 36 37]
2023-05-29 23:43:01,331{GMT}	INFO	[jepsen worker 3] jepsen.util: 3	:invoke	:broadcast	38
2023-05-29 23:43:01,333{GMT}	INFO	[jepsen worker 3] jepsen.util: 3	:ok	:broadcast	38
2023-05-29 23:43:01,347{GMT}	INFO	[jepsen worker 4] jepsen.util: 4	:invoke	:broadcast	39
2023-05-29 23:43:01,349{GMT}	INFO	[jepsen worker 4] jepsen.util: 4	:ok	:broadcast	39
2023-05-29 23:43:01,459{GMT}	INFO	[jepsen worker 0] jepsen.util: 0	:invoke	:broadcast	40
2023-05-29 23:43:01,461{GMT}	INFO	[jepsen worker 0] jepsen.util: 0	:ok	:broadcast	40
2023-05-29 23:43:01,537{GMT}	INFO	[jepsen worker 0] jepsen.util: 0	:invoke	:broadcast	41
2023-05-29 23:43:01,538{GMT}	INFO	[jepsen worker 0] jepsen.util: 0	:ok	:broadcast	41
2023-05-29 23:43:01,711{GMT}	INFO	[jepsen worker 1] jepsen.util: 1	:invoke	:broadcast	42
2023-05-29 23:43:01,713{GMT}	INFO	[jepsen worker 1] jepsen.util: 1	:ok	:broadcast	42
2023-05-29 23:43:01,800{GMT}	INFO	[jepsen worker 2] jepsen.util: 2	:invoke	:broadcast	43
2023-05-29 23:43:01,802{GMT}	INFO	[jepsen worker 2] jepsen.util: 2	:ok	:broadcast	43
2023-05-29 23:43:01,930{GMT}	INFO	[jepsen worker 3] jepsen.util: 3	:invoke	:read	nil
2023-05-29 23:43:01,932{GMT}	INFO	[jepsen worker 3] jepsen.util: 3	:ok	:read	[0 2 3 4 5 6 7 7 9 10 11 12 13 14 15 17 18 20 21 22 23 23 25 26 27 28 28 29 30 31 31 32 33 34 35 36 37 38 38 40 41 42 43]
2023-05-29 23:43:02,076{GMT}	INFO	[jepsen worker 4] jepsen.util: 4	:invoke	:read	nil
2023-05-29 23:43:02,077{GMT}	INFO	[jepsen worker 4] jepsen.util: 4	:ok	:read	[1 8 16 19 24 39]
2023-05-29 23:43:02,121{GMT}	INFO	[jepsen worker 0] jepsen.util: 0	:invoke	:read	nil
2023-05-29 23:43:02,123{GMT}	INFO	[jepsen worker 0] jepsen.util: 0	:ok	:read	[0 2 2 3 3 4 5 6 6 7 9 9 10 10 11 12 12 13 13 14 14 15 17 17 18 20 20 21 21 22 23 25 25 26 26 27 28 29 29 30 31 32 32 33 33 34 35 35 36 36 37 38 40 40 41 41 42 43]
2023-05-29 23:43:02,182{GMT}	INFO	[jepsen worker 0] jepsen.util: 0	:invoke	:broadcast	44
2023-05-29 23:43:02,184{GMT}	INFO	[jepsen worker 0] jepsen.util: 0	:ok	:broadcast	44
2023-05-29 23:43:02,261{GMT}	INFO	[jepsen worker 1] jepsen.util: 1	:invoke	:broadcast	45
2023-05-29 23:43:02,263{GMT}	INFO	[jepsen worker 1] jepsen.util: 1	:ok	:broadcast	45
2023-05-29 23:43:02,334{GMT}	INFO	[jepsen worker 2] jepsen.util: 2	:invoke	:read	nil
2023-05-29 23:43:02,336{GMT}	INFO	[jepsen worker 2] jepsen.util: 2	:ok	:read	[0 2 3 4 5 5 6 7 9 10 11 12 13 14 15 15 17 18 20 21 22 22 23 25 26 27 27 28 29 30 31 32 33 34 35 36 37 38 40 41 42 43 43 44 45]
2023-05-29 23:43:02,370{GMT}	INFO	[jepsen worker 3] jepsen.util: 3	:invoke	:broadcast	46
2023-05-29 23:43:02,372{GMT}	INFO	[jepsen worker 3] jepsen.util: 3	:ok	:broadcast	46
2023-05-29 23:43:02,548{GMT}	INFO	[jepsen worker 4] jepsen.util: 4	:invoke	:read	nil
2023-05-29 23:43:02,550{GMT}	INFO	[jepsen worker 4] jepsen.util: 4	:ok	:read	[1 8 16 19 24 39]
2023-05-29 23:43:02,679{GMT}	INFO	[jepsen worker 0] jepsen.util: 0	:invoke	:broadcast	47
2023-05-29 23:43:02,681{GMT}	INFO	[jepsen worker 0] jepsen.util: 0	:ok	:broadcast	47
2023-05-29 23:43:02,798{GMT}	INFO	[jepsen worker 0] jepsen.util: 0	:invoke	:broadcast	48
2023-05-29 23:43:02,799{GMT}	INFO	[jepsen worker 0] jepsen.util: 0	:ok	:broadcast	48
2023-05-29 23:43:02,920{GMT}	INFO	[jepsen worker 1] jepsen.util: 1	:invoke	:broadcast	49
2023-05-29 23:43:02,922{GMT}	INFO	[jepsen worker 1] jepsen.util: 1	:ok	:broadcast	49
2023-05-29 23:43:02,976{GMT}	INFO	[jepsen worker 2] jepsen.util: 2	:invoke	:broadcast	50
2023-05-29 23:43:02,978{GMT}	INFO	[jepsen worker 2] jepsen.util: 2	:ok	:broadcast	50
2023-05-29 23:43:03,101{GMT}	INFO	[jepsen worker 3] jepsen.util: 3	:invoke	:broadcast	51
2023-05-29 23:43:03,104{GMT}	INFO	[jepsen worker 3] jepsen.util: 3	:ok	:broadcast	51
2023-05-29 23:43:03,143{GMT}	INFO	[jepsen worker 4] jepsen.util: 4	:invoke	:broadcast	52
2023-05-29 23:43:03,144{GMT}	INFO	[jepsen worker 4] jepsen.util: 4	:ok	:broadcast	52
2023-05-29 23:43:03,320{GMT}	INFO	[jepsen worker 0] jepsen.util: 0	:invoke	:read	nil
2023-05-29 23:43:03,322{GMT}	INFO	[jepsen worker 0] jepsen.util: 0	:ok	:read	[0 2 2 3 3 4 5 6 6 7 9 9 10 10 11 12 12 13 13 14 14 15 17 17 18 20 20 21 21 22 23 25 25 26 26 27 28 29 29 30 31 32 32 33 33 34 35 35 36 36 37 38 40 40 41 41 42 43 44 44 45 46 47 47 48 48 49 50 51]
2023-05-29 23:43:03,411{GMT}	INFO	[jepsen worker 0] jepsen.util: 0	:invoke	:broadcast	53
2023-05-29 23:43:03,413{GMT}	INFO	[jepsen worker 0] jepsen.util: 0	:ok	:broadcast	53
2023-05-29 23:43:03,461{GMT}	INFO	[jepsen worker 1] jepsen.util: 1	:invoke	:broadcast	54
2023-05-29 23:43:03,463{GMT}	INFO	[jepsen worker 1] jepsen.util: 1	:ok	:broadcast	54
2023-05-29 23:43:03,561{GMT}	INFO	[jepsen worker 2] jepsen.util: 2	:invoke	:read	nil
2023-05-29 23:43:03,563{GMT}	INFO	[jepsen worker 2] jepsen.util: 2	:ok	:read	[0 2 3 4 5 5 6 7 9 10 11 12 13 14 15 15 17 18 20 21 22 22 23 25 26 27 27 28 29 30 31 32 33 34 35 36 37 38 40 41 42 43 43 44 45 46 47 48 49 50 50 51 53 54]
2023-05-29 23:43:03,752{GMT}	INFO	[jepsen worker 3] jepsen.util: 3	:invoke	:read	nil
2023-05-29 23:43:03,753{GMT}	INFO	[jepsen worker 3] jepsen.util: 3	:ok	:read	[0 2 3 4 5 6 7 7 9 10 11 12 13 14 15 17 18 20 21 22 23 23 25 26 27 28 28 29 30 31 31 32 33 34 35 36 37 38 38 40 41 42 43 44 45 46 46 47 48 49 50 51 51 53 54]
2023-05-29 23:43:03,811{GMT}	INFO	[jepsen worker 4] jepsen.util: 4	:invoke	:broadcast	55
2023-05-29 23:43:03,813{GMT}	INFO	[jepsen worker 4] jepsen.util: 4	:ok	:broadcast	55
2023-05-29 23:43:04,001{GMT}	INFO	[jepsen worker 0] jepsen.util: 0	:invoke	:broadcast	56
2023-05-29 23:43:04,003{GMT}	INFO	[jepsen worker 0] jepsen.util: 0	:ok	:broadcast	56
2023-05-29 23:43:04,005{GMT}	INFO	[jepsen worker 0] jepsen.util: 0	:invoke	:read	nil
2023-05-29 23:43:04,007{GMT}	INFO	[jepsen worker 0] jepsen.util: 0	:ok	:read	[0 2 2 3 3 4 5 6 6 7 9 9 10 10 11 12 12 13 13 14 14 15 17 17 18 20 20 21 21 22 23 25 25 26 26 27 28 29 29 30 31 32 32 33 33 34 35 35 36 36 37 38 40 40 41 41 42 43 44 44 45 46 47 47 48 48 49 50 51 53 53 54 56 56]
2023-05-29 23:43:04,161{GMT}	INFO	[jepsen worker 1] jepsen.util: 1	:invoke	:broadcast	57
2023-05-29 23:43:04,163{GMT}	INFO	[jepsen worker 1] jepsen.util: 1	:ok	:broadcast	57
2023-05-29 23:43:04,278{GMT}	INFO	[jepsen worker 2] jepsen.util: 2	:invoke	:broadcast	58
2023-05-29 23:43:04,280{GMT}	INFO	[jepsen worker 2] jepsen.util: 2	:ok	:broadcast	58
2023-05-29 23:43:04,421{GMT}	INFO	[jepsen worker 3] jepsen.util: 3	:invoke	:broadcast	59
2023-05-29 23:43:04,423{GMT}	INFO	[jepsen worker 3] jepsen.util: 3	:ok	:broadcast	59
2023-05-29 23:43:04,570{GMT}	INFO	[jepsen worker 4] jepsen.util: 4	:invoke	:read	nil
2023-05-29 23:43:04,571{GMT}	INFO	[jepsen worker 4] jepsen.util: 4	:ok	:read	[1 8 16 19 24 39 52 55]
2023-05-29 23:43:04,598{GMT}	INFO	[jepsen worker 0] jepsen.util: 0	:invoke	:broadcast	60
2023-05-29 23:43:04,600{GMT}	INFO	[jepsen worker 0] jepsen.util: 0	:ok	:broadcast	60
2023-05-29 23:43:04,648{GMT}	INFO	[jepsen worker 0] jepsen.util: 0	:invoke	:broadcast	61
2023-05-29 23:43:04,650{GMT}	INFO	[jepsen worker 0] jepsen.util: 0	:ok	:broadcast	61
2023-05-29 23:43:04,813{GMT}	INFO	[jepsen worker 1] jepsen.util: 1	:invoke	:broadcast	62
2023-05-29 23:43:04,815{GMT}	INFO	[jepsen worker 1] jepsen.util: 1	:ok	:broadcast	62
2023-05-29 23:43:04,891{GMT}	INFO	[jepsen worker 2] jepsen.util: 2	:invoke	:read	nil
2023-05-29 23:43:04,893{GMT}	INFO	[jepsen worker 2] jepsen.util: 2	:ok	:read	[0 2 3 4 5 5 6 7 9 10 11 12 13 14 15 15 17 18 20 21 22 22 23 25 26 27 27 28 29 30 31 32 33 34 35 36 37 38 40 41 42 43 43 44 45 46 47 48 49 50 50 51 53 54 56 57 58 58 59 60 61 62]
2023-05-29 23:43:05,093{GMT}	INFO	[jepsen worker 3] jepsen.util: 3	:invoke	:read	nil
2023-05-29 23:43:05,095{GMT}	INFO	[jepsen worker 3] jepsen.util: 3	:ok	:read	[0 2 3 4 5 6 7 7 9 10 11 12 13 14 15 17 18 20 21 22 23 23 25 26 27 28 28 29 30 31 31 32 33 34 35 36 37 38 38 40 41 42 43 44 45 46 46 47 48 49 50 51 51 53 54 56 57 58 59 59 60 61 62]
2023-05-29 23:43:05,176{GMT}	INFO	[jepsen worker 4] jepsen.util: 4	:invoke	:broadcast	63
2023-05-29 23:43:05,178{GMT}	INFO	[jepsen worker 4] jepsen.util: 4	:ok	:broadcast	63
2023-05-29 23:43:05,229{GMT}	INFO	[jepsen worker 0] jepsen.util: 0	:invoke	:broadcast	64
2023-05-29 23:43:05,231{GMT}	INFO	[jepsen worker 0] jepsen.util: 0	:ok	:broadcast	64
2023-05-29 23:43:05,327{GMT}	INFO	[jepsen worker 0] jepsen.util: 0	:invoke	:read	nil
2023-05-29 23:43:05,328{GMT}	INFO	[jepsen worker 0] jepsen.util: 0	:ok	:read	[0 2 2 3 3 4 5 6 6 7 9 9 10 10 11 12 12 13 13 14 14 15 17 17 18 20 20 21 21 22 23 25 25 26 26 27 28 29 29 30 31 32 32 33 33 34 35 35 36 36 37 38 40 40 41 41 42 43 44 44 45 46 47 47 48 48 49 50 51 53 53 54 56 56 57 58 59 60 60 61 61 62 64 64]
2023-05-29 23:43:05,427{GMT}	INFO	[jepsen worker 1] jepsen.util: 1	:invoke	:read	nil
2023-05-29 23:43:05,428{GMT}	INFO	[jepsen worker 1] jepsen.util: 1	:ok	:read	[0 0 2 3 4 4 5 6 7 9 10 11 11 12 13 14 15 17 18 18 20 21 22 23 25 26 27 28 29 30 30 31 32 33 34 34 35 36 37 37 38 40 41 42 42 43 44 45 45 46 47 48 49 49 50 51 53 54 54 56 57 57 58 59 60 61 62 62 64]
2023-05-29 23:43:05,553{GMT}	INFO	[jepsen worker 2] jepsen.util: 2	:invoke	:broadcast	65
2023-05-29 23:43:05,554{GMT}	INFO	[jepsen worker 3] jepsen.util: 3	:invoke	:broadcast	66
2023-05-29 23:43:05,555{GMT}	INFO	[jepsen worker 2] jepsen.util: 2	:ok	:broadcast	65
2023-05-29 23:43:05,557{GMT}	INFO	[jepsen worker 3] jepsen.util: 3	:ok	:broadcast	66
2023-05-29 23:43:05,586{GMT}	INFO	[jepsen worker 4] jepsen.util: 4	:invoke	:read	nil
2023-05-29 23:43:05,588{GMT}	INFO	[jepsen worker 4] jepsen.util: 4	:ok	:read	[1 8 16 19 24 39 52 55 63]
2023-05-29 23:43:05,698{GMT}	INFO	[jepsen worker 0] jepsen.util: 0	:invoke	:broadcast	67
2023-05-29 23:43:05,700{GMT}	INFO	[jepsen worker 0] jepsen.util: 0	:ok	:broadcast	67
2023-05-29 23:43:05,798{GMT}	INFO	[jepsen worker 0] jepsen.util: 0	:invoke	:broadcast	68
2023-05-29 23:43:05,800{GMT}	INFO	[jepsen worker 0] jepsen.util: 0	:ok	:broadcast	68
2023-05-29 23:43:05,843{GMT}	INFO	[jepsen worker 1] jepsen.util: 1	:invoke	:broadcast	69
2023-05-29 23:43:05,845{GMT}	INFO	[jepsen worker 1] jepsen.util: 1	:ok	:broadcast	69
2023-05-29 23:43:05,886{GMT}	INFO	[jepsen worker 2] jepsen.util: 2	:invoke	:broadcast	70
2023-05-29 23:43:05,888{GMT}	INFO	[jepsen worker 2] jepsen.util: 2	:ok	:broadcast	70
2023-05-29 23:43:06,043{GMT}	INFO	[jepsen worker 3] jepsen.util: 3	:invoke	:read	nil
2023-05-29 23:43:06,045{GMT}	INFO	[jepsen worker 3] jepsen.util: 3	:ok	:read	[0 2 3 4 5 6 7 7 9 10 11 12 13 14 15 17 18 20 21 22 23 23 25 26 27 28 28 29 30 31 31 32 33 34 35 36 37 38 38 40 41 42 43 44 45 46 46 47 48 49 50 51 51 53 54 56 57 58 59 59 60 61 62 64 66 65 66 67 68 69 70]
2023-05-29 23:43:06,071{GMT}	INFO	[jepsen worker 4] jepsen.util: 4	:invoke	:broadcast	71
2023-05-29 23:43:06,073{GMT}	INFO	[jepsen worker 4] jepsen.util: 4	:ok	:broadcast	71
2023-05-29 23:43:06,198{GMT}	INFO	[jepsen worker 0] jepsen.util: 0	:invoke	:broadcast	72
2023-05-29 23:43:06,200{GMT}	INFO	[jepsen worker 0] jepsen.util: 0	:ok	:broadcast	72
2023-05-29 23:43:06,327{GMT}	INFO	[jepsen worker 0] jepsen.util: 0	:invoke	:broadcast	73
2023-05-29 23:43:06,329{GMT}	INFO	[jepsen worker 0] jepsen.util: 0	:ok	:broadcast	73
2023-05-29 23:43:06,504{GMT}	INFO	[jepsen worker 1] jepsen.util: 1	:invoke	:broadcast	74
2023-05-29 23:43:06,506{GMT}	INFO	[jepsen worker 1] jepsen.util: 1	:ok	:broadcast	74
2023-05-29 23:43:06,611{GMT}	INFO	[jepsen worker 2] jepsen.util: 2	:invoke	:read	nil
2023-05-29 23:43:06,613{GMT}	INFO	[jepsen worker 2] jepsen.util: 2	:ok	:read	[0 2 3 4 5 5 6 7 9 10 11 12 13 14 15 15 17 18 20 21 22 22 23 25 26 27 27 28 29 30 31 32 33 34 35 36 37 38 40 41 42 43 43 44 45 46 47 48 49 50 50 51 53 54 56 57 58 58 59 60 61 62 64 65 65 66 67 68 69 70 70 72 73 74]
2023-05-29 23:43:06,768{GMT}	INFO	[jepsen worker 3] jepsen.util: 3	:invoke	:broadcast	75
2023-05-29 23:43:06,770{GMT}	INFO	[jepsen worker 3] jepsen.util: 3	:ok	:broadcast	75
2023-05-29 23:43:06,826{GMT}	INFO	[jepsen worker 4] jepsen.util: 4	:invoke	:read	nil
2023-05-29 23:43:06,828{GMT}	INFO	[jepsen worker 4] jepsen.util: 4	:ok	:read	[1 8 16 19 24 39 52 55 63 71]
2023-05-29 23:43:06,937{GMT}	INFO	[jepsen worker 0] jepsen.util: 0	:invoke	:read	nil
2023-05-29 23:43:06,939{GMT}	INFO	[jepsen worker 0] jepsen.util: 0	:ok	:read	[0 2 2 3 3 4 5 6 6 7 9 9 10 10 11 12 12 13 13 14 14 15 17 17 18 20 20 21 21 22 23 25 25 26 26 27 28 29 29 30 31 32 32 33 33 34 35 35 36 36 37 38 40 40 41 41 42 43 44 44 45 46 47 47 48 48 49 50 51 53 53 54 56 56 57 58 59 60 60 61 61 62 64 64 65 66 67 67 68 68 69 70 72 72 73 73 74 75]
2023-05-29 23:43:07,030{GMT}	INFO	[jepsen worker 0] jepsen.util: 0	:invoke	:broadcast	76
2023-05-29 23:43:07,032{GMT}	INFO	[jepsen worker 0] jepsen.util: 0	:ok	:broadcast	76
2023-05-29 23:43:07,119{GMT}	INFO	[jepsen worker 1] jepsen.util: 1	:invoke	:read	nil
2023-05-29 23:43:07,120{GMT}	INFO	[jepsen worker 1] jepsen.util: 1	:ok	:read	[0 0 2 3 4 4 5 6 7 9 10 11 11 12 13 14 15 17 18 18 20 21 22 23 25 26 27 28 29 30 30 31 32 33 34 34 35 36 37 37 38 40 41 42 42 43 44 45 45 46 47 48 49 49 50 51 53 54 54 56 57 57 58 59 60 61 62 62 64 65 66 67 68 69 69 70 72 73 74 74 75 76]
2023-05-29 23:43:07,152{GMT}	INFO	[jepsen worker 2] jepsen.util: 2	:invoke	:read	nil
2023-05-29 23:43:07,154{GMT}	INFO	[jepsen worker 2] jepsen.util: 2	:ok	:read	[0 2 3 4 5 5 6 7 9 10 11 12 13 14 15 15 17 18 20 21 22 22 23 25 26 27 27 28 29 30 31 32 33 34 35 36 37 38 40 41 42 43 43 44 45 46 47 48 49 50 50 51 53 54 56 57 58 58 59 60 61 62 64 65 65 66 67 68 69 70 70 72 73 74 75 76]
2023-05-29 23:43:07,187{GMT}	INFO	[jepsen worker 3] jepsen.util: 3	:invoke	:read	nil
2023-05-29 23:43:07,189{GMT}	INFO	[jepsen worker 3] jepsen.util: 3	:ok	:read	[0 2 3 4 5 6 7 7 9 10 11 12 13 14 15 17 18 20 21 22 23 23 25 26 27 28 28 29 30 31 31 32 33 34 35 36 37 38 38 40 41 42 43 44 45 46 46 47 48 49 50 51 51 53 54 56 57 58 59 59 60 61 62 64 66 65 66 67 68 69 70 72 73 74 75 75 76]
2023-05-29 23:43:07,320{GMT}	INFO	[jepsen worker 4] jepsen.util: 4	:invoke	:broadcast	77
2023-05-29 23:43:07,322{GMT}	INFO	[jepsen worker 4] jepsen.util: 4	:ok	:broadcast	77
2023-05-29 23:43:07,421{GMT}	INFO	[jepsen worker 0] jepsen.util: 0	:invoke	:read	nil
2023-05-29 23:43:07,423{GMT}	INFO	[jepsen worker 0] jepsen.util: 0	:ok	:read	[0 2 2 3 3 4 5 6 6 7 9 9 10 10 11 12 12 13 13 14 14 15 17 17 18 20 20 21 21 22 23 25 25 26 26 27 28 29 29 30 31 32 32 33 33 34 35 35 36 36 37 38 40 40 41 41 42 43 44 44 45 46 47 47 48 48 49 50 51 53 53 54 56 56 57 58 59 60 60 61 61 62 64 64 65 66 67 67 68 68 69 70 72 72 73 73 74 75 76 76]
2023-05-29 23:43:07,483{GMT}	INFO	[jepsen worker 0] jepsen.util: 0	:invoke	:read	nil
2023-05-29 23:43:07,491{GMT}	INFO	[jepsen worker 0] jepsen.util: 0	:ok	:read	[0 2 2 3 3 4 5 6 6 7 9 9 10 10 11 12 12 13 13 14 14 15 17 17 18 20 20 21 21 22 23 25 25 26 26 27 28 29 29 30 31 32 32 33 33 34 35 35 36 36 37 38 40 40 41 41 42 43 44 44 45 46 47 47 48 48 49 50 51 53 53 54 56 56 57 58 59 60 60 61 61 62 64 64 65 66 67 67 68 68 69 70 72 72 73 73 74 75 76 76]
2023-05-29 23:43:07,610{GMT}	INFO	[jepsen worker 1] jepsen.util: 1	:invoke	:read	nil
2023-05-29 23:43:07,612{GMT}	INFO	[jepsen worker 1] jepsen.util: 1	:ok	:read	[0 0 2 3 4 4 5 6 7 9 10 11 11 12 13 14 15 17 18 18 20 21 22 23 25 26 27 28 29 30 30 31 32 33 34 34 35 36 37 37 38 40 41 42 42 43 44 45 45 46 47 48 49 49 50 51 53 54 54 56 57 57 58 59 60 61 62 62 64 65 66 67 68 69 69 70 72 73 74 74 75 76]
2023-05-29 23:43:07,666{GMT}	INFO	[jepsen worker 2] jepsen.util: 2	:invoke	:read	nil
2023-05-29 23:43:07,668{GMT}	INFO	[jepsen worker 2] jepsen.util: 2	:ok	:read	[0 2 3 4 5 5 6 7 9 10 11 12 13 14 15 15 17 18 20 21 22 22 23 25 26 27 27 28 29 30 31 32 33 34 35 36 37 38 40 41 42 43 43 44 45 46 47 48 49 50 50 51 53 54 56 57 58 58 59 60 61 62 64 65 65 66 67 68 69 70 70 72 73 74 75 76]
2023-05-29 23:43:07,687{GMT}	INFO	[jepsen worker 3] jepsen.util: 3	:invoke	:read	nil
2023-05-29 23:43:07,689{GMT}	INFO	[jepsen worker 3] jepsen.util: 3	:ok	:read	[0 2 3 4 5 6 7 7 9 10 11 12 13 14 15 17 18 20 21 22 23 23 25 26 27 28 28 29 30 31 31 32 33 34 35 36 37 38 38 40 41 42 43 44 45 46 46 47 48 49 50 51 51 53 54 56 57 58 59 59 60 61 62 64 66 65 66 67 68 69 70 72 73 74 75 75 76]
2023-05-29 23:43:07,817{GMT}	INFO	[jepsen worker 4] jepsen.util: 4	:invoke	:read	nil
2023-05-29 23:43:07,818{GMT}	INFO	[jepsen worker 4] jepsen.util: 4	:ok	:read	[1 8 16 19 24 39 52 55 63 71 77]
2023-05-29 23:43:07,852{GMT}	INFO	[jepsen worker 0] jepsen.util: 0	:invoke	:read	nil
2023-05-29 23:43:07,855{GMT}	INFO	[jepsen worker 0] jepsen.util: 0	:ok	:read	[0 2 2 3 3 4 5 6 6 7 9 9 10 10 11 12 12 13 13 14 14 15 17 17 18 20 20 21 21 22 23 25 25 26 26 27 28 29 29 30 31 32 32 33 33 34 35 35 36 36 37 38 40 40 41 41 42 43 44 44 45 46 47 47 48 48 49 50 51 53 53 54 56 56 57 58 59 60 60 61 61 62 64 64 65 66 67 67 68 68 69 70 72 72 73 73 74 75 76 76]
2023-05-29 23:43:07,916{GMT}	INFO	[jepsen worker 0] jepsen.util: 0	:invoke	:read	nil
2023-05-29 23:43:07,919{GMT}	INFO	[jepsen worker 0] jepsen.util: 0	:ok	:read	[0 2 2 3 3 4 5 6 6 7 9 9 10 10 11 12 12 13 13 14 14 15 17 17 18 20 20 21 21 22 23 25 25 26 26 27 28 29 29 30 31 32 32 33 33 34 35 35 36 36 37 38 40 40 41 41 42 43 44 44 45 46 47 47 48 48 49 50 51 53 53 54 56 56 57 58 59 60 60 61 61 62 64 64 65 66 67 67 68 68 69 70 72 72 73 73 74 75 76 76]
2023-05-29 23:43:07,961{GMT}	INFO	[jepsen worker 1] jepsen.util: 1	:invoke	:read	nil
2023-05-29 23:43:07,962{GMT}	INFO	[jepsen worker 1] jepsen.util: 1	:ok	:read	[0 0 2 3 4 4 5 6 7 9 10 11 11 12 13 14 15 17 18 18 20 21 22 23 25 26 27 28 29 30 30 31 32 33 34 34 35 36 37 37 38 40 41 42 42 43 44 45 45 46 47 48 49 49 50 51 53 54 54 56 57 57 58 59 60 61 62 62 64 65 66 67 68 69 69 70 72 73 74 74 75 76]
2023-05-29 23:43:08,029{GMT}	INFO	[jepsen worker 2] jepsen.util: 2	:invoke	:read	nil
2023-05-29 23:43:08,031{GMT}	INFO	[jepsen worker 2] jepsen.util: 2	:ok	:read	[0 2 3 4 5 5 6 7 9 10 11 12 13 14 15 15 17 18 20 21 22 22 23 25 26 27 27 28 29 30 31 32 33 34 35 36 37 38 40 41 42 43 43 44 45 46 47 48 49 50 50 51 53 54 56 57 58 58 59 60 61 62 64 65 65 66 67 68 69 70 70 72 73 74 75 76]
2023-05-29 23:43:08,067{GMT}	INFO	[jepsen worker 3] jepsen.util: 3	:invoke	:broadcast	78
2023-05-29 23:43:08,068{GMT}	INFO	[jepsen worker 3] jepsen.util: 3	:ok	:broadcast	78
2023-05-29 23:43:08,155{GMT}	INFO	[jepsen worker 4] jepsen.util: 4	:invoke	:broadcast	79
2023-05-29 23:43:08,157{GMT}	INFO	[jepsen worker 4] jepsen.util: 4	:ok	:broadcast	79
2023-05-29 23:43:08,238{GMT}	INFO	[jepsen worker 0] jepsen.util: 0	:invoke	:read	nil
2023-05-29 23:43:08,240{GMT}	INFO	[jepsen worker 0] jepsen.util: 0	:ok	:read	[0 2 2 3 3 4 5 6 6 7 9 9 10 10 11 12 12 13 13 14 14 15 17 17 18 20 20 21 21 22 23 25 25 26 26 27 28 29 29 30 31 32 32 33 33 34 35 35 36 36 37 38 40 40 41 41 42 43 44 44 45 46 47 47 48 48 49 50 51 53 53 54 56 56 57 58 59 60 60 61 61 62 64 64 65 66 67 67 68 68 69 70 72 72 73 73 74 75 76 76 78]
2023-05-29 23:43:08,393{GMT}	INFO	[jepsen worker 0] jepsen.util: 0	:invoke	:broadcast	80
2023-05-29 23:43:08,395{GMT}	INFO	[jepsen worker 0] jepsen.util: 0	:ok	:broadcast	80
2023-05-29 23:43:08,561{GMT}	INFO	[jepsen worker 1] jepsen.util: 1	:invoke	:broadcast	81
2023-05-29 23:43:08,563{GMT}	INFO	[jepsen worker 1] jepsen.util: 1	:ok	:broadcast	81
2023-05-29 23:43:08,670{GMT}	INFO	[jepsen worker 2] jepsen.util: 2	:invoke	:read	nil
2023-05-29 23:43:08,672{GMT}	INFO	[jepsen worker 2] jepsen.util: 2	:ok	:read	[0 2 3 4 5 5 6 7 9 10 11 12 13 14 15 15 17 18 20 21 22 22 23 25 26 27 27 28 29 30 31 32 33 34 35 36 37 38 40 41 42 43 43 44 45 46 47 48 49 50 50 51 53 54 56 57 58 58 59 60 61 62 64 65 65 66 67 68 69 70 70 72 73 74 75 76 78 80 81]
2023-05-29 23:43:08,856{GMT}	INFO	[jepsen worker 3] jepsen.util: 3	:invoke	:broadcast	82
2023-05-29 23:43:08,858{GMT}	INFO	[jepsen worker 3] jepsen.util: 3	:ok	:broadcast	82
2023-05-29 23:43:08,927{GMT}	INFO	[jepsen worker 4] jepsen.util: 4	:invoke	:read	nil
2023-05-29 23:43:08,928{GMT}	INFO	[jepsen worker 4] jepsen.util: 4	:ok	:read	[1 8 16 19 24 39 52 55 63 71 77 79]
2023-05-29 23:43:08,952{GMT}	INFO	[jepsen worker 0] jepsen.util: 0	:invoke	:read	nil
2023-05-29 23:43:08,954{GMT}	INFO	[jepsen worker 0] jepsen.util: 0	:ok	:read	[0 2 2 3 3 4 5 6 6 7 9 9 10 10 11 12 12 13 13 14 14 15 17 17 18 20 20 21 21 22 23 25 25 26 26 27 28 29 29 30 31 32 32 33 33 34 35 35 36 36 37 38 40 40 41 41 42 43 44 44 45 46 47 47 48 48 49 50 51 53 53 54 56 56 57 58 59 60 60 61 61 62 64 64 65 66 67 67 68 68 69 70 72 72 73 73 74 75 76 76 78 80 80 81 82]
2023-05-29 23:43:08,963{GMT}	INFO	[jepsen worker 0] jepsen.util: 0	:invoke	:broadcast	83
2023-05-29 23:43:08,965{GMT}	INFO	[jepsen worker 0] jepsen.util: 0	:ok	:broadcast	83
2023-05-29 23:43:09,089{GMT}	INFO	[jepsen worker 1] jepsen.util: 1	:invoke	:broadcast	84
2023-05-29 23:43:09,091{GMT}	INFO	[jepsen worker 1] jepsen.util: 1	:ok	:broadcast	84
2023-05-29 23:43:09,273{GMT}	INFO	[jepsen worker 2] jepsen.util: 2	:invoke	:read	nil
2023-05-29 23:43:09,274{GMT}	INFO	[jepsen worker 2] jepsen.util: 2	:ok	:read	[0 2 3 4 5 5 6 7 9 10 11 12 13 14 15 15 17 18 20 21 22 22 23 25 26 27 27 28 29 30 31 32 33 34 35 36 37 38 40 41 42 43 43 44 45 46 47 48 49 50 50 51 53 54 56 57 58 58 59 60 61 62 64 65 65 66 67 68 69 70 70 72 73 74 75 76 78 80 81 82 83 84]
2023-05-29 23:43:09,427{GMT}	INFO	[jepsen worker 3] jepsen.util: 3	:invoke	:read	nil
2023-05-29 23:43:09,429{GMT}	INFO	[jepsen worker 3] jepsen.util: 3	:ok	:read	[0 2 3 4 5 6 7 7 9 10 11 12 13 14 15 17 18 20 21 22 23 23 25 26 27 28 28 29 30 31 31 32 33 34 35 36 37 38 38 40 41 42 43 44 45 46 46 47 48 49 50 51 51 53 54 56 57 58 59 59 60 61 62 64 66 65 66 67 68 69 70 72 73 74 75 75 76 78 78 80 81 82 82 83 84]
2023-05-29 23:43:09,573{GMT}	INFO	[jepsen worker 4] jepsen.util: 4	:invoke	:broadcast	85
2023-05-29 23:43:09,574{GMT}	INFO	[jepsen worker 4] jepsen.util: 4	:ok	:broadcast	85
2023-05-29 23:43:09,720{GMT}	INFO	[jepsen worker 0] jepsen.util: 0	:invoke	:read	nil
2023-05-29 23:43:09,721{GMT}	INFO	[jepsen worker 0] jepsen.util: 0	:ok	:read	[0 2 2 3 3 4 5 6 6 7 9 9 10 10 11 12 12 13 13 14 14 15 17 17 18 20 20 21 21 22 23 25 25 26 26 27 28 29 29 30 31 32 32 33 33 34 35 35 36 36 37 38 40 40 41 41 42 43 44 44 45 46 47 47 48 48 49 50 51 53 53 54 56 56 57 58 59 60 60 61 61 62 64 64 65 66 67 67 68 68 69 70 72 72 73 73 74 75 76 76 78 80 80 81 82 83 83 84]
2023-05-29 23:43:09,748{GMT}	INFO	[jepsen worker 0] jepsen.util: 0	:invoke	:broadcast	86
2023-05-29 23:43:09,749{GMT}	INFO	[jepsen worker 0] jepsen.util: 0	:ok	:broadcast	86
2023-05-29 23:43:09,780{GMT}	INFO	[jepsen worker 1] jepsen.util: 1	:invoke	:broadcast	87
2023-05-29 23:43:09,782{GMT}	INFO	[jepsen worker 1] jepsen.util: 1	:ok	:broadcast	87
2023-05-29 23:43:09,802{GMT}	INFO	[jepsen worker 2] jepsen.util: 2	:invoke	:broadcast	88
2023-05-29 23:43:09,804{GMT}	INFO	[jepsen worker 2] jepsen.util: 2	:ok	:broadcast	88
2023-05-29 23:43:09,929{GMT}	INFO	[jepsen worker 3] jepsen.util: 3	:invoke	:broadcast	89
2023-05-29 23:43:09,930{GMT}	INFO	[jepsen worker 3] jepsen.util: 3	:ok	:broadcast	89
2023-05-29 23:43:10,001{GMT}	INFO	[jepsen worker 4] jepsen.util: 4	:invoke	:broadcast	90
2023-05-29 23:43:10,003{GMT}	INFO	[jepsen worker 4] jepsen.util: 4	:ok	:broadcast	90
2023-05-29 23:43:10,085{GMT}	INFO	[jepsen worker 0] jepsen.util: 0	:invoke	:read	nil
2023-05-29 23:43:10,086{GMT}	INFO	[jepsen worker 0] jepsen.util: 0	:ok	:read	[0 2 2 3 3 4 5 6 6 7 9 9 10 10 11 12 12 13 13 14 14 15 17 17 18 20 20 21 21 22 23 25 25 26 26 27 28 29 29 30 31 32 32 33 33 34 35 35 36 36 37 38 40 40 41 41 42 43 44 44 45 46 47 47 48 48 49 50 51 53 53 54 56 56 57 58 59 60 60 61 61 62 64 64 65 66 67 67 68 68 69 70 72 72 73 73 74 75 76 76 78 80 80 81 82 83 83 84 86 86 87 88 89]
2023-05-29 23:43:10,247{GMT}	INFO	[jepsen worker 0] jepsen.util: 0	:invoke	:read	nil
2023-05-29 23:43:10,249{GMT}	INFO	[jepsen worker 0] jepsen.util: 0	:ok	:read	[0 2 2 3 3 4 5 6 6 7 9 9 10 10 11 12 12 13 13 14 14 15 17 17 18 20 20 21 21 22 23 25 25 26 26 27 28 29 29 30 31 32 32 33 33 34 35 35 36 36 37 38 40 40 41 41 42 43 44 44 45 46 47 47 48 48 49 50 51 53 53 54 56 56 57 58 59 60 60 61 61 62 64 64 65 66 67 67 68 68 69 70 72 72 73 73 74 75 76 76 78 80 80 81 82 83 83 84 86 86 87 88 89]
2023-05-29 23:43:10,397{GMT}	INFO	[jepsen worker 1] jepsen.util: 1	:invoke	:read	nil
2023-05-29 23:43:10,399{GMT}	INFO	[jepsen worker 1] jepsen.util: 1	:ok	:read	[0 0 2 3 4 4 5 6 7 9 10 11 11 12 13 14 15 17 18 18 20 21 22 23 25 26 27 28 29 30 30 31 32 33 34 34 35 36 37 37 38 40 41 42 42 43 44 45 45 46 47 48 49 49 50 51 53 54 54 56 57 57 58 59 60 61 62 62 64 65 66 67 68 69 69 70 72 73 74 74 75 76 78 80 81 81 82 83 84 84 86 87 87 88 89]
2023-05-29 23:43:10,577{GMT}	INFO	[jepsen worker 2] jepsen.util: 2	:invoke	:broadcast	91
2023-05-29 23:43:10,579{GMT}	INFO	[jepsen worker 2] jepsen.util: 2	:ok	:broadcast	91
2023-05-29 23:43:10,711{GMT}	INFO	[jepsen worker 3] jepsen.util: 3	:invoke	:read	nil
2023-05-29 23:43:10,712{GMT}	INFO	[jepsen worker 3] jepsen.util: 3	:ok	:read	[0 2 3 4 5 6 7 7 9 10 11 12 13 14 15 17 18 20 21 22 23 23 25 26 27 28 28 29 30 31 31 32 33 34 35 36 37 38 38 40 41 42 43 44 45 46 46 47 48 49 50 51 51 53 54 56 57 58 59 59 60 61 62 64 66 65 66 67 68 69 70 72 73 74 75 75 76 78 78 80 81 82 82 83 84 86 87 88 89 89 91]
2023-05-29 23:43:10,817{GMT}	INFO	[jepsen worker 4] jepsen.util: 4	:invoke	:broadcast	92
2023-05-29 23:43:10,818{GMT}	INFO	[jepsen worker 4] jepsen.util: 4	:ok	:broadcast	92
2023-05-29 23:43:10,906{GMT}	INFO	[jepsen worker 0] jepsen.util: 0	:invoke	:read	nil
2023-05-29 23:43:10,908{GMT}	INFO	[jepsen worker 0] jepsen.util: 0	:ok	:read	[0 2 2 3 3 4 5 6 6 7 9 9 10 10 11 12 12 13 13 14 14 15 17 17 18 20 20 21 21 22 23 25 25 26 26 27 28 29 29 30 31 32 32 33 33 34 35 35 36 36 37 38 40 40 41 41 42 43 44 44 45 46 47 47 48 48 49 50 51 53 53 54 56 56 57 58 59 60 60 61 61 62 64 64 65 66 67 67 68 68 69 70 72 72 73 73 74 75 76 76 78 80 80 81 82 83 83 84 86 86 87 88 89 91]
2023-05-29 23:43:11,035{GMT}	INFO	[jepsen worker 0] jepsen.util: 0	:invoke	:broadcast	93
2023-05-29 23:43:11,036{GMT}	INFO	[jepsen worker 0] jepsen.util: 0	:ok	:broadcast	93
2023-05-29 23:43:11,229{GMT}	INFO	[jepsen worker 1] jepsen.util: 1	:invoke	:broadcast	94
2023-05-29 23:43:11,230{GMT}	INFO	[jepsen worker 1] jepsen.util: 1	:ok	:broadcast	94
2023-05-29 23:43:11,327{GMT}	INFO	[jepsen worker 2] jepsen.util: 2	:invoke	:broadcast	95
2023-05-29 23:43:11,328{GMT}	INFO	[jepsen worker 2] jepsen.util: 2	:ok	:broadcast	95
2023-05-29 23:43:11,361{GMT}	INFO	[jepsen worker 3] jepsen.util: 3	:invoke	:broadcast	96
2023-05-29 23:43:11,362{GMT}	INFO	[jepsen worker 3] jepsen.util: 3	:ok	:broadcast	96
2023-05-29 23:43:11,537{GMT}	INFO	[jepsen worker 4] jepsen.util: 4	:invoke	:broadcast	97
2023-05-29 23:43:11,538{GMT}	INFO	[jepsen worker 4] jepsen.util: 4	:ok	:broadcast	97
2023-05-29 23:43:11,658{GMT}	INFO	[jepsen worker 0] jepsen.util: 0	:invoke	:broadcast	98
2023-05-29 23:43:11,659{GMT}	INFO	[jepsen worker 0] jepsen.util: 0	:ok	:broadcast	98
2023-05-29 23:43:11,794{GMT}	INFO	[jepsen worker 0] jepsen.util: 0	:invoke	:broadcast	99
2023-05-29 23:43:11,795{GMT}	INFO	[jepsen worker 0] jepsen.util: 0	:ok	:broadcast	99
2023-05-29 23:43:11,877{GMT}	INFO	[jepsen worker 1] jepsen.util: 1	:invoke	:read	nil
2023-05-29 23:43:11,878{GMT}	INFO	[jepsen worker 1] jepsen.util: 1	:ok	:read	[0 0 2 3 4 4 5 6 7 9 10 11 11 12 13 14 15 17 18 18 20 21 22 23 25 26 27 28 29 30 30 31 32 33 34 34 35 36 37 37 38 40 41 42 42 43 44 45 45 46 47 48 49 49 50 51 53 54 54 56 57 57 58 59 60 61 62 62 64 65 66 67 68 69 69 70 72 73 74 74 75 76 78 80 81 81 82 83 84 84 86 87 87 88 89 91 93 94 94 95 96 98 99]
2023-05-29 23:43:11,936{GMT}	INFO	[jepsen worker 2] jepsen.util: 2	:invoke	:broadcast	100
2023-05-29 23:43:11,937{GMT}	INFO	[jepsen worker 2] jepsen.util: 2	:ok	:broadcast	100
2023-05-29 23:43:11,975{GMT}	INFO	[jepsen worker nemesis] jepsen.util: :nemesis	:info	:stop-partition	nil
2023-05-29 23:43:11,975{GMT}	INFO	[jepsen worker nemesis] jepsen.util: :nemesis	:info	:stop-partition	:network-healed
2023-05-29 23:43:11,991{GMT}	INFO	[jepsen worker 4] jepsen.util: 4	:invoke	:read	nil
2023-05-29 23:43:11,992{GMT}	INFO	[jepsen worker 4] jepsen.util: 4	:ok	:read	[1 8 16 19 24 39 52 55 63 71 77 79 85 90 92 97]
2023-05-29 23:43:12,031{GMT}	INFO	[jepsen worker 0] jepsen.util: 0	:invoke	:broadcast	101
2023-05-29 23:43:12,033{GMT}	INFO	[jepsen worker 0] jepsen.util: 0	:ok	:broadcast	101
2023-05-29 23:43:12,208{GMT}	INFO	[jepsen worker 0] jepsen.util: 0	:invoke	:broadcast	102
2023-05-29 23:43:12,209{GMT}	INFO	[jepsen worker 0] jepsen.util: 0	:ok	:broadcast	102
2023-05-29 23:43:12,358{GMT}	INFO	[jepsen worker 1] jepsen.util: 1	:invoke	:read	nil
2023-05-29 23:43:12,359{GMT}	INFO	[jepsen worker 1] jepsen.util: 1	:ok	:read	[0 0 2 3 4 4 5 6 7 9 10 11 11 12 13 14 15 17 18 18 20 21 22 23 25 26 27 28 29 30 30 31 32 33 34 34 35 36 37 37 38 40 41 42 42 43 44 45 45 46 47 48 49 49 50 51 53 54 54 56 57 57 58 59 60 61 62 62 64 65 66 67 68 69 69 70 72 73 74 74 75 76 78 80 81 81 82 83 84 84 86 87 87 88 89 91 93 94 94 95 96 98 99 100 101 102]
2023-05-29 23:43:12,457{GMT}	INFO	[jepsen worker 2] jepsen.util: 2	:invoke	:read	nil
2023-05-29 23:43:12,459{GMT}	INFO	[jepsen worker 2] jepsen.util: 2	:ok	:read	[0 2 3 4 5 5 6 7 9 10 11 12 13 14 15 15 17 18 20 21 22 22 23 25 26 27 27 28 29 30 31 32 33 34 35 36 37 38 40 41 42 43 43 44 45 46 47 48 49 50 50 51 53 54 56 57 58 58 59 60 61 62 64 65 65 66 67 68 69 70 70 72 73 74 75 76 78 80 81 82 83 84 86 87 88 88 89 91 91 93 94 95 95 96 98 99 100 100 101 102]
2023-05-29 23:43:12,561{GMT}	INFO	[jepsen worker 3] jepsen.util: 3	:invoke	:read	nil
2023-05-29 23:43:12,563{GMT}	INFO	[jepsen worker 3] jepsen.util: 3	:ok	:read	[0 2 3 4 5 6 7 7 9 10 11 12 13 14 15 17 18 20 21 22 23 23 25 26 27 28 28 29 30 31 31 32 33 34 35 36 37 38 38 40 41 42 43 44 45 46 46 47 48 49 50 51 51 53 54 56 57 58 59 59 60 61 62 64 66 65 66 67 68 69 70 72 73 74 75 75 76 78 78 80 81 82 82 83 84 86 87 88 89 89 91 93 94 95 96 96 98 99 100 101 102]
2023-05-29 23:43:12,762{GMT}	INFO	[jepsen worker 4] jepsen.util: 4	:invoke	:broadcast	103
2023-05-29 23:43:12,764{GMT}	INFO	[jepsen worker 4] jepsen.util: 4	:ok	:broadcast	103
2023-05-29 23:43:12,926{GMT}	INFO	[jepsen worker 0] jepsen.util: 0	:invoke	:read	nil
2023-05-29 23:43:12,928{GMT}	INFO	[jepsen worker 0] jepsen.util: 0	:ok	:read	[0 2 2 3 3 4 5 6 6 7 9 9 10 10 11 12 12 13 13 14 14 15 17 17 18 20 20 21 21 22 23 25 25 26 26 27 28 29 29 30 31 32 32 33 33 34 35 35 36 36 37 38 40 40 41 41 42 43 44 44 45 46 47 47 48 48 49 50 51 53 53 54 56 56 57 58 59 60 60 61 61 62 64 64 65 66 67 67 68 68 69 70 72 72 73 73 74 75 76 76 78 80 80 81 82 83 83 84 86 86 87 88 89 91 93 93 94 95 96 98 98 99 99 100 101 101 102 102 103]
2023-05-29 23:43:12,948{GMT}	INFO	[jepsen worker 0] jepsen.util: 0	:invoke	:broadcast	104
2023-05-29 23:43:12,950{GMT}	INFO	[jepsen worker 0] jepsen.util: 0	:ok	:broadcast	104
2023-05-29 23:43:13,003{GMT}	INFO	[jepsen worker 1] jepsen.util: 1	:invoke	:read	nil
2023-05-29 23:43:13,004{GMT}	INFO	[jepsen worker 1] jepsen.util: 1	:ok	:read	[0 0 2 3 4 4 5 6 7 9 10 11 11 12 13 14 15 17 18 18 20 21 22 23 25 26 27 28 29 30 30 31 32 33 34 34 35 36 37 37 38 40 41 42 42 43 44 45 45 46 47 48 49 49 50 51 53 54 54 56 57 57 58 59 60 61 62 62 64 65 66 67 68 69 69 70 72 73 74 74 75 76 78 80 81 81 82 83 84 84 86 87 87 88 89 91 93 94 94 95 96 98 99 100 101 102 103 104]
2023-05-29 23:43:13,186{GMT}	INFO	[jepsen worker 2] jepsen.util: 2	:invoke	:read	nil
2023-05-29 23:43:13,188{GMT}	INFO	[jepsen worker 2] jepsen.util: 2	:ok	:read	[0 2 3 4 5 5 6 7 9 10 11 12 13 14 15 15 17 18 20 21 22 22 23 25 26 27 27 28 29 30 31 32 33 34 35 36 37 38 40 41 42 43 43 44 45 46 47 48 49 50 50 51 53 54 56 57 58 58 59 60 61 62 64 65 65 66 67 68 69 70 70 72 73 74 75 76 78 80 81 82 83 84 86 87 88 88 89 91 91 93 94 95 95 96 98 99 100 100 101 102 103 104]
2023-05-29 23:43:13,271{GMT}	INFO	[jepsen worker 3] jepsen.util: 3	:invoke	:read	nil
2023-05-29 23:43:13,273{GMT}	INFO	[jepsen worker 3] jepsen.util: 3	:ok	:read	[0 2 3 4 5 6 7 7 9 10 11 12 13 14 15 17 18 20 21 22 23 23 25 26 27 28 28 29 30 31 31 32 33 34 35 36 37 38 38 40 41 42 43 44 45 46 46 47 48 49 50 51 51 53 54 56 57 58 59 59 60 61 62 64 66 65 66 67 68 69 70 72 73 74 75 75 76 78 78 80 81 82 82 83 84 86 87 88 89 89 91 93 94 95 96 96 98 99 100 101 102 103 104]
2023-05-29 23:43:13,376{GMT}	INFO	[jepsen worker 4] jepsen.util: 4	:invoke	:read	nil
2023-05-29 23:43:13,378{GMT}	INFO	[jepsen worker 4] jepsen.util: 4	:ok	:read	[1 8 16 19 24 39 52 55 63 71 77 79 85 90 92 97 101 102 103 103 104]
2023-05-29 23:43:13,547{GMT}	INFO	[jepsen worker 0] jepsen.util: 0	:invoke	:broadcast	105
2023-05-29 23:43:13,549{GMT}	INFO	[jepsen worker 0] jepsen.util: 0	:ok	:broadcast	105
2023-05-29 23:43:13,571{GMT}	INFO	[jepsen worker 0] jepsen.util: 0	:invoke	:broadcast	106
2023-05-29 23:43:13,574{GMT}	INFO	[jepsen worker 0] jepsen.util: 0	:ok	:broadcast	106
2023-05-29 23:43:13,743{GMT}	INFO	[jepsen worker 1] jepsen.util: 1	:invoke	:broadcast	107
2023-05-29 23:43:13,744{GMT}	INFO	[jepsen worker 1] jepsen.util: 1	:ok	:broadcast	107
2023-05-29 23:43:13,898{GMT}	INFO	[jepsen worker 2] jepsen.util: 2	:invoke	:read	nil
2023-05-29 23:43:13,899{GMT}	INFO	[jepsen worker 2] jepsen.util: 2	:ok	:read	[0 2 3 4 5 5 6 7 9 10 11 12 13 14 15 15 17 18 20 21 22 22 23 25 26 27 27 28 29 30 31 32 33 34 35 36 37 38 40 41 42 43 43 44 45 46 47 48 49 50 50 51 53 54 56 57 58 58 59 60 61 62 64 65 65 66 67 68 69 70 70 72 73 74 75 76 78 80 81 82 83 84 86 87 88 88 89 91 91 93 94 95 95 96 98 99 100 100 101 102 103 104 105 106 107]
2023-05-29 23:43:14,003{GMT}	INFO	[jepsen worker 3] jepsen.util: 3	:invoke	:read	nil
2023-05-29 23:43:14,005{GMT}	INFO	[jepsen worker 3] jepsen.util: 3	:ok	:read	[0 2 3 4 5 6 7 7 9 10 11 12 13 14 15 17 18 20 21 22 23 23 25 26 27 28 28 29 30 31 31 32 33 34 35 36 37 38 38 40 41 42 43 44 45 46 46 47 48 49 50 51 51 53 54 56 57 58 59 59 60 61 62 64 66 65 66 67 68 69 70 72 73 74 75 75 76 78 78 80 81 82 82 83 84 86 87 88 89 89 91 93 94 95 96 96 98 99 100 101 102 103 104 105 106 107]
2023-05-29 23:43:14,086{GMT}	INFO	[jepsen worker 4] jepsen.util: 4	:invoke	:broadcast	108
2023-05-29 23:43:14,088{GMT}	INFO	[jepsen worker 4] jepsen.util: 4	:ok	:broadcast	108
2023-05-29 23:43:14,143{GMT}	INFO	[jepsen worker 0] jepsen.util: 0	:invoke	:read	nil
2023-05-29 23:43:14,145{GMT}	INFO	[jepsen worker 0] jepsen.util: 0	:ok	:read	[0 2 2 3 3 4 5 6 6 7 9 9 10 10 11 12 12 13 13 14 14 15 17 17 18 20 20 21 21 22 23 25 25 26 26 27 28 29 29 30 31 32 32 33 33 34 35 35 36 36 37 38 40 40 41 41 42 43 44 44 45 46 47 47 48 48 49 50 51 53 53 54 56 56 57 58 59 60 60 61 61 62 64 64 65 66 67 67 68 68 69 70 72 72 73 73 74 75 76 76 78 80 80 81 82 83 83 84 86 86 87 88 89 91 93 93 94 95 96 98 98 99 99 100 101 101 102 102 103 104 104 105 105 106 106 107 108]
2023-05-29 23:43:14,172{GMT}	INFO	[jepsen worker 0] jepsen.util: 0	:invoke	:broadcast	109
2023-05-29 23:43:14,173{GMT}	INFO	[jepsen worker 0] jepsen.util: 0	:ok	:broadcast	109
2023-05-29 23:43:14,304{GMT}	INFO	[jepsen worker 1] jepsen.util: 1	:invoke	:read	nil
2023-05-29 23:43:14,305{GMT}	INFO	[jepsen worker 1] jepsen.util: 1	:ok	:read	[0 0 2 3 4 4 5 6 7 9 10 11 11 12 13 14 15 17 18 18 20 21 22 23 25 26 27 28 29 30 30 31 32 33 34 34 35 36 37 37 38 40 41 42 42 43 44 45 45 46 47 48 49 49 50 51 53 54 54 56 57 57 58 59 60 61 62 62 64 65 66 67 68 69 69 70 72 73 74 74 75 76 78 80 81 81 82 83 84 84 86 87 87 88 89 91 93 94 94 95 96 98 99 100 101 102 103 104 105 106 107 107 108 109]
2023-05-29 23:43:14,462{GMT}	INFO	[jepsen worker 2] jepsen.util: 2	:invoke	:broadcast	110
2023-05-29 23:43:14,464{GMT}	INFO	[jepsen worker 2] jepsen.util: 2	:ok	:broadcast	110
2023-05-29 23:43:14,538{GMT}	INFO	[jepsen worker 3] jepsen.util: 3	:invoke	:read	nil
2023-05-29 23:43:14,539{GMT}	INFO	[jepsen worker 3] jepsen.util: 3	:ok	:read	[0 2 3 4 5 6 7 7 9 10 11 12 13 14 15 17 18 20 21 22 23 23 25 26 27 28 28 29 30 31 31 32 33 34 35 36 37 38 38 40 41 42 43 44 45 46 46 47 48 49 50 51 51 53 54 56 57 58 59 59 60 61 62 64 66 65 66 67 68 69 70 72 73 74 75 75 76 78 78 80 81 82 82 83 84 86 87 88 89 89 91 93 94 95 96 96 98 99 100 101 102 103 104 105 106 107 108 109 110]
2023-05-29 23:43:14,737{GMT}	INFO	[jepsen worker 4] jepsen.util: 4	:invoke	:read	nil
2023-05-29 23:43:14,738{GMT}	INFO	[jepsen worker 4] jepsen.util: 4	:ok	:read	[1 8 16 19 24 39 52 55 63 71 77 79 85 90 92 97 101 102 103 103 104 105 106 107 108 108 109 110]
2023-05-29 23:43:14,738{GMT}	INFO	[jepsen worker nemesis] jepsen.util: :nemesis	:info	:stop-partition	nil
2023-05-29 23:43:14,739{GMT}	INFO	[jepsen worker nemesis] jepsen.util: :nemesis	:info	:stop-partition	:network-healed
2023-05-29 23:43:14,739{GMT}	INFO	[jepsen worker 0] jepsen.generator.interpreter: Waiting for recovery...
2023-05-29 23:43:24,744{GMT}	INFO	[jepsen worker 4] jepsen.util: 4	:invoke	:read	nil
2023-05-29 23:43:24,745{GMT}	INFO	[jepsen worker 3] jepsen.util: 3	:invoke	:read	nil
2023-05-29 23:43:24,745{GMT}	INFO	[jepsen worker 1] jepsen.util: 1	:invoke	:read	nil
2023-05-29 23:43:24,746{GMT}	INFO	[jepsen worker 2] jepsen.util: 2	:invoke	:read	nil
2023-05-29 23:43:24,745{GMT}	INFO	[jepsen worker 0] jepsen.util: 0	:invoke	:read	nil
2023-05-29 23:43:24,747{GMT}	INFO	[jepsen worker 4] jepsen.util: 4	:ok	:read	[1 8 16 19 24 39 52 55 63 71 77 79 85 90 92 97 101 102 103 103 104 105 106 107 108 108 109 110]
2023-05-29 23:43:24,747{GMT}	INFO	[jepsen worker 3] jepsen.util: 3	:ok	:read	[0 2 3 4 5 6 7 7 9 10 11 12 13 14 15 17 18 20 21 22 23 23 25 26 27 28 28 29 30 31 31 32 33 34 35 36 37 38 38 40 41 42 43 44 45 46 46 47 48 49 50 51 51 53 54 56 57 58 59 59 60 61 62 64 66 65 66 67 68 69 70 72 73 74 75 75 76 78 78 80 81 82 82 83 84 86 87 88 89 89 91 93 94 95 96 96 98 99 100 101 102 103 104 105 106 107 108 109 110]
2023-05-29 23:43:24,748{GMT}	INFO	[jepsen worker 1] jepsen.util: 1	:ok	:read	[0 0 2 3 4 4 5 6 7 9 10 11 11 12 13 14 15 17 18 18 20 21 22 23 25 26 27 28 29 30 30 31 32 33 34 34 35 36 37 37 38 40 41 42 42 43 44 45 45 46 47 48 49 49 50 51 53 54 54 56 57 57 58 59 60 61 62 62 64 65 66 67 68 69 69 70 72 73 74 74 75 76 78 80 81 81 82 83 84 84 86 87 87 88 89 91 93 94 94 95 96 98 99 100 101 102 103 104 105 106 107 107 108 109 110]
2023-05-29 23:43:24,748{GMT}	INFO	[jepsen worker 0] jepsen.util: 0	:ok	:read	[0 2 2 3 3 4 5 6 6 7 9 9 10 10 11 12 12 13 13 14 14 15 17 17 18 20 20 21 21 22 23 25 25 26 26 27 28 29 29 30 31 32 32 33 33 34 35 35 36 36 37 38 40 40 41 41 42 43 44 44 45 46 47 47 48 48 49 50 51 53 53 54 56 56 57 58 59 60 60 61 61 62 64 64 65 66 67 67 68 68 69 70 72 72 73 73 74 75 76 76 78 80 80 81 82 83 83 84 86 86 87 88 89 91 93 93 94 95 96 98 98 99 99 100 101 101 102 102 103 104 104 105 105 106 106 107 108 109 109 110]
2023-05-29 23:43:24,748{GMT}	INFO	[jepsen worker 2] jepsen.util: 2	:ok	:read	[0 2 3 4 5 5 6 7 9 10 11 12 13 14 15 15 17 18 20 21 22 22 23 25 26 27 27 28 29 30 31 32 33 34 35 36 37 38 40 41 42 43 43 44 45 46 47 48 49 50 50 51 53 54 56 57 58 58 59 60 61 62 64 65 65 66 67 68 69 70 70 72 73 74 75 76 78 80 81 82 83 84 86 87 88 88 89 91 91 93 94 95 95 96 98 99 100 100 101 102 103 104 105 106 107 108 109 110 110]
2023-05-29 23:43:24,779{GMT}	INFO	[jepsen test runner] jepsen.core: Run complete, writing
2023-05-29 23:43:24,872{GMT}	INFO	[jepsen node n0] maelstrom.db: Tearing down n0
2023-05-29 23:43:24,872{GMT}	INFO	[jepsen node n1] maelstrom.db: Tearing down n1
2023-05-29 23:43:24,872{GMT}	INFO	[jepsen node n2] maelstrom.db: Tearing down n2
2023-05-29 23:43:24,872{GMT}	INFO	[jepsen node n3] maelstrom.db: Tearing down n3
2023-05-29 23:43:24,872{GMT}	INFO	[jepsen node n4] maelstrom.db: Tearing down n4
2023-05-29 23:43:26,608{GMT}	INFO	[jepsen node n0] maelstrom.net: Shutting down Maelstrom network
2023-05-29 23:43:26,613{GMT}	INFO	[jepsen test runner] jepsen.core: Analyzing...
2023-05-29 23:43:27,084{GMT}	INFO	[jepsen test runner] jepsen.core: Analysis complete
2023-05-29 23:43:27,123{GMT}	INFO	[jepsen results] jepsen.store: Wrote /Users/adicardrz/go-projects/maelstrom-challenges/maelstrom/store/broadcast/20230529T234251.953+0200/results.edn
2023-05-29 23:43:27,194{GMT}	INFO	[jepsen test runner] jepsen.core: {:perf {:latency-graph {:valid? true},
        :rate-graph {:valid? true},
        :valid? true},
 :timeline {:valid? true},
 :exceptions {:valid? true},
 :stats {:valid? true,
         :count 206,
         :ok-count 206,
         :fail-count 0,
         :info-count 0,
         :by-f {:broadcast {:valid? true,
                            :count 111,
                            :ok-count 111,
                            :fail-count 0,
                            :info-count 0},
                :read {:valid? true,
                       :count 95,
                       :ok-count 95,
                       :fail-count 0,
                       :info-count 0}}},
 :availability {:valid? true, :ok-fraction 1.0},
 :net {:all {:send-count 2213,
             :recv-count 1978,
             :msg-count 2213,
             :msgs-per-op 10.742719},
       :clients {:send-count 432, :recv-count 432, :msg-count 432},
       :servers {:send-count 1781,
                 :recv-count 1546,
                 :msg-count 1781,
                 :msgs-per-op 8.645631},
       :valid? true},
 :workload {:worst-stale ({:element 0,
                           :outcome :stable,
                           :stable-latency 29877,
                           :lost-latency nil,
                           :known #jepsen.history.Op{:index 3,
                                                     :time 34543638,
                                                     :type :ok,
                                                     :process 1,
                                                     :f :add,
                                                     :value 0},
                           :last-absent #jepsen.history.Op{:index 408,
                                                           :time 29912429793,
                                                           :type :invoke,
                                                           :process 4,
                                                           :f :read,
                                                           :value nil,
                                                           :final? true}}
                          {:element 2,
                           :outcome :stable,
                           :stable-latency 29478,
                           :lost-latency nil,
                           :known #jepsen.history.Op{:index 11,
                                                     :time 434358111,
                                                     :type :ok,
                                                     :process 0,
                                                     :f :add,
                                                     :value 2},
                           :last-absent #jepsen.history.Op{:index 408,
                                                           :time 29912429793,
                                                           :type :invoke,
                                                           :process 4,
                                                           :f :read,
                                                           :value nil,
                                                           :final? true}}
                          {:element 3,
                           :outcome :stable,
                           :stable-latency 29417,
                           :lost-latency nil,
                           :known #jepsen.history.Op{:index 13,
                                                     :time 495119550,
                                                     :type :ok,
                                                     :process 0,
                                                     :f :add,
                                                     :value 3},
                           :last-absent #jepsen.history.Op{:index 408,
                                                           :time 29912429793,
                                                           :type :invoke,
                                                           :process 4,
                                                           :f :read,
                                                           :value nil,
                                                           :final? true}}
                          {:element 4,
                           :outcome :stable,
                           :stable-latency 29356,
                           :lost-latency nil,
                           :known #jepsen.history.Op{:index 15,
                                                     :time 555674139,
                                                     :type :ok,
                                                     :process 1,
                                                     :f :add,
                                                     :value 4},
                           :last-absent #jepsen.history.Op{:index 408,
                                                           :time 29912429793,
                                                           :type :invoke,
                                                           :process 4,
                                                           :f :read,
                                                           :value nil,
                                                           :final? true}}
                          {:element 5,
                           :outcome :stable,
                           :stable-latency 29176,
                           :lost-latency nil,
                           :known #jepsen.history.Op{:index 17,
                                                     :time 735970834,
                                                     :type :ok,
                                                     :process 2,
                                                     :f :add,
                                                     :value 5},
                           :last-absent #jepsen.history.Op{:index 408,
                                                           :time 29912429793,
                                                           :type :invoke,
                                                           :process 4,
                                                           :f :read,
                                                           :value nil,
                                                           :final? true}}
                          {:element 6,
                           :outcome :stable,
                           :stable-latency 28780,
                           :lost-latency nil,
                           :known #jepsen.history.Op{:index 23,
                                                     :time 1131492915,
                                                     :type :ok,
                                                     :process 0,
                                                     :f :add,
                                                     :value 6},
                           :last-absent #jepsen.history.Op{:index 408,
                                                           :time 29912429793,
                                                           :type :invoke,
                                                           :process 4,
                                                           :f :read,
                                                           :value nil,
                                                           :final? true}}
                          {:element 7,
                           :outcome :stable,
                           :stable-latency 28339,
                           :lost-latency nil,
                           :known #jepsen.history.Op{:index 31,
                                                     :time 1572569577,
                                                     :type :ok,
                                                     :process 3,
                                                     :f :add,
                                                     :value 7},
                           :last-absent #jepsen.history.Op{:index 408,
                                                           :time 29912429793,
                                                           :type :invoke,
                                                           :process 4,
                                                           :f :read,
                                                           :value nil,
                                                           :final? true}}
                          {:element 9,
                           :outcome :stable,
                           :stable-latency 28220,
                           :lost-latency nil,
                           :known #jepsen.history.Op{:index 35,
                                                     :time 1691790495,
                                                     :type :ok,
                                                     :process 0,
                                                     :f :add,
                                                     :value 9},
                           :last-absent #jepsen.history.Op{:index 408,
                                                           :time 29912429793,
                                                           :type :invoke,
                                                           :process 4,
                                                           :f :read,
                                                           :value nil,
                                                           :final? true}}),
            :duplicated-count 0,
            :valid? false,
            :lost-count 16,
            :lost (1 8 16 19 24 39 52 55 63 71 77 79 85 90 92 97),
            :stable-count 95,
            :stale-count 85,
            :stale (0
                    2
                    3
                    4
                    5
                    6
                    7
                    9
                    10
                    11
                    12
                    13
                    14
                    15
                    17
                    18
                    20
                    21
                    22
                    23
                    25
                    26
                    27
                    28
                    29
                    30
                    31
                    32
                    33
                    34
                    35
                    36
                    37
                    38
                    40
                    41
                    42
                    43
                    44
                    45
                    46
                    47
                    48
                    49
                    50
                    51
                    53
                    54
                    56
                    57
                    58
                    59
                    60
                    61
                    62
                    64
                    65
                    66
                    67
                    68
                    69
                    70
                    72
                    73
                    74
                    75
                    76
                    78
                    80
                    81
                    82
                    83
                    84
                    86
                    87
                    88
                    89
                    91
                    93
                    94
                    95
                    96
                    98
                    99
                    100),
            :never-read-count 0,
            :stable-latencies {0 0,
                               0.5 21277,
                               0.95 29176,
                               0.99 29877,
                               1 29877},
            :attempt-count 111,
            :lost-latencies {0 13202,
                             0.5 20928,
                             0.95 29576,
                             0.99 29576,
                             1 29576},
            :never-read (),
            :duplicated {}},
 :valid? false}


Analysis invalid! ( 
