2023/05/29 23:16:31 Received {c1 n2 {"type":"init","node_id":"n2","node_ids":["n0","n1","n2","n3","n4"],"msg_id":1}}
2023/05/29 23:16:31 Node n2 initialized
2023/05/29 23:16:31 Sent {"src":"n2","dest":"c1","body":{"in_reply_to":1,"type":"init_ok"}}
2023/05/29 23:16:31 Received {c7 n2 {"type":"topology","topology":{"n0":["n3","n1"],"n1":["n4","n2","n0"],"n2":["n1"],"n3":["n0","n4"],"n4":["n1","n3"]},"msg_id":1}}
2023/05/29 23:16:31 Sent {"src":"n2","dest":"c7","body":{"in_reply_to":1,"type":"topology_ok"}}
2023/05/29 23:16:31 Received {c11 n2 {"type":"read","msg_id":1}}
2023/05/29 23:16:31 Sent {"src":"n2","dest":"c11","body":{"in_reply_to":1,"messages":[],"msg_id":1,"type":"read_ok"}}
2023/05/29 23:16:31 Received {c11 n2 {"type":"broadcast","message":5,"msg_id":2}}
2023/05/29 23:16:31 Sent {"src":"n2","dest":"n1","body":{"counter":1,"message":5,"msg_id":1,"sender":"n2","type":"gossip"}}
2023/05/29 23:16:31 Sent {"src":"n2","dest":"c11","body":{"in_reply_to":2,"type":"broadcast_ok"}}
2023/05/29 23:16:32 Received {c11 n2 {"type":"broadcast","message":10,"msg_id":3}}
2023/05/29 23:16:32 Sent {"src":"n2","dest":"n1","body":{"counter":2,"message":10,"msg_id":2,"sender":"n2","type":"gossip"}}
2023/05/29 23:16:32 Sent {"src":"n2","dest":"c11","body":{"in_reply_to":3,"type":"broadcast_ok"}}
2023/05/29 23:16:33 Received {c11 n2 {"type":"read","msg_id":4}}
2023/05/29 23:16:33 Sent {"src":"n2","dest":"c11","body":{"in_reply_to":4,"messages":[5,10],"msg_id":4,"type":"read_ok"}}
2023/05/29 23:16:33 Received {c11 n2 {"type":"broadcast","message":16,"msg_id":5}}
2023/05/29 23:16:33 Sent {"src":"n2","dest":"n1","body":{"counter":3,"message":16,"msg_id":3,"sender":"n2","type":"gossip"}}
2023/05/29 23:16:33 Sent {"src":"n2","dest":"c11","body":{"in_reply_to":5,"type":"broadcast_ok"}}
2023/05/29 23:16:34 Received {c11 n2 {"type":"read","msg_id":6}}
2023/05/29 23:16:34 Sent {"src":"n2","dest":"c11","body":{"in_reply_to":6,"messages":[5,10,16],"msg_id":6,"type":"read_ok"}}
2023/05/29 23:16:35 Received {c11 n2 {"type":"broadcast","message":20,"msg_id":7}}
2023/05/29 23:16:35 Sent {"src":"n2","dest":"n1","body":{"counter":4,"message":20,"msg_id":4,"sender":"n2","type":"gossip"}}
2023/05/29 23:16:35 Sent {"src":"n2","dest":"c11","body":{"in_reply_to":7,"type":"broadcast_ok"}}
2023/05/29 23:16:35 Received {c11 n2 {"type":"read","msg_id":8}}
2023/05/29 23:16:35 Sent {"src":"n2","dest":"c11","body":{"in_reply_to":8,"messages":[5,10,16,20],"msg_id":8,"type":"read_ok"}}
2023/05/29 23:16:36 Received {c11 n2 {"type":"read","msg_id":9}}
2023/05/29 23:16:36 Sent {"src":"n2","dest":"c11","body":{"in_reply_to":9,"messages":[5,10,16,20],"msg_id":9,"type":"read_ok"}}
2023/05/29 23:16:36 Received {c11 n2 {"type":"read","msg_id":10}}
2023/05/29 23:16:36 Sent {"src":"n2","dest":"c11","body":{"in_reply_to":10,"messages":[5,10,16,20],"msg_id":10,"type":"read_ok"}}
2023/05/29 23:16:37 Received {c11 n2 {"type":"read","msg_id":11}}
2023/05/29 23:16:37 Sent {"src":"n2","dest":"c11","body":{"in_reply_to":11,"messages":[5,10,16,20],"msg_id":11,"type":"read_ok"}}
2023/05/29 23:16:38 Received {c11 n2 {"type":"read","msg_id":12}}
2023/05/29 23:16:38 Sent {"src":"n2","dest":"c11","body":{"in_reply_to":12,"messages":[5,10,16,20],"msg_id":12,"type":"read_ok"}}
2023/05/29 23:16:39 Received {c11 n2 {"type":"read","msg_id":13}}
2023/05/29 23:16:39 Sent {"src":"n2","dest":"c11","body":{"in_reply_to":13,"messages":[5,10,16,20],"msg_id":13,"type":"read_ok"}}
2023/05/29 23:16:39 Received {c11 n2 {"type":"read","msg_id":14}}
2023/05/29 23:16:39 Sent {"src":"n2","dest":"c11","body":{"in_reply_to":14,"messages":[5,10,16,20],"msg_id":14,"type":"read_ok"}}
2023/05/29 23:16:40 Received {c11 n2 {"type":"broadcast","message":37,"msg_id":15}}
2023/05/29 23:16:40 Sent {"src":"n2","dest":"n1","body":{"counter":5,"message":37,"msg_id":5,"sender":"n2","type":"gossip"}}
2023/05/29 23:16:40 Sent {"src":"n2","dest":"c11","body":{"in_reply_to":15,"type":"broadcast_ok"}}
2023/05/29 23:16:41 Received {c11 n2 {"type":"broadcast","message":40,"msg_id":16}}
2023/05/29 23:16:41 Sent {"src":"n2","dest":"n1","body":{"counter":6,"message":40,"msg_id":6,"sender":"n2","type":"gossip"}}
2023/05/29 23:16:41 Sent {"src":"n2","dest":"c11","body":{"in_reply_to":16,"type":"broadcast_ok"}}
2023/05/29 23:16:41 Received {c11 n2 {"type":"broadcast","message":45,"msg_id":17}}
2023/05/29 23:16:41 Sent {"src":"n2","dest":"n1","body":{"counter":7,"message":45,"msg_id":7,"sender":"n2","type":"gossip"}}
2023/05/29 23:16:41 Sent {"src":"n2","dest":"c11","body":{"in_reply_to":17,"type":"broadcast_ok"}}
2023/05/29 23:16:42 Received {c11 n2 {"type":"read","msg_id":18}}
2023/05/29 23:16:42 Sent {"src":"n2","dest":"c11","body":{"in_reply_to":18,"messages":[5,10,16,20,37,40,45],"msg_id":18,"type":"read_ok"}}
2023/05/29 23:16:43 Received {c11 n2 {"type":"broadcast","message":53,"msg_id":19}}
2023/05/29 23:16:43 Sent {"src":"n2","dest":"n1","body":{"counter":8,"message":53,"msg_id":8,"sender":"n2","type":"gossip"}}
2023/05/29 23:16:43 Sent {"src":"n2","dest":"c11","body":{"in_reply_to":19,"type":"broadcast_ok"}}
2023/05/29 23:16:43 Received {c11 n2 {"type":"broadcast","message":55,"msg_id":20}}
2023/05/29 23:16:43 Sent {"src":"n2","dest":"n1","body":{"counter":9,"message":55,"msg_id":9,"sender":"n2","type":"gossip"}}
2023/05/29 23:16:43 Sent {"src":"n2","dest":"c11","body":{"in_reply_to":20,"type":"broadcast_ok"}}
2023/05/29 23:16:44 Received {c11 n2 {"type":"read","msg_id":21}}
2023/05/29 23:16:44 Sent {"src":"n2","dest":"c11","body":{"in_reply_to":21,"messages":[5,10,16,20,37,40,45,53,55],"msg_id":21,"type":"read_ok"}}
2023/05/29 23:16:44 Received {c11 n2 {"type":"broadcast","message":59,"msg_id":22}}
2023/05/29 23:16:44 Sent {"src":"n2","dest":"n1","body":{"counter":10,"message":59,"msg_id":10,"sender":"n2","type":"gossip"}}
2023/05/29 23:16:44 Sent {"src":"n2","dest":"c11","body":{"in_reply_to":22,"type":"broadcast_ok"}}
2023/05/29 23:16:45 Received {c11 n2 {"type":"broadcast","message":62,"msg_id":23}}
2023/05/29 23:16:45 Sent {"src":"n2","dest":"n1","body":{"counter":11,"message":62,"msg_id":11,"sender":"n2","type":"gossip"}}
2023/05/29 23:16:45 Sent {"src":"n2","dest":"c11","body":{"in_reply_to":23,"type":"broadcast_ok"}}
2023/05/29 23:16:46 Received {c11 n2 {"type":"read","msg_id":24}}
2023/05/29 23:16:46 Sent {"src":"n2","dest":"c11","body":{"in_reply_to":24,"messages":[5,10,16,20,37,40,45,53,55,59,62],"msg_id":24,"type":"read_ok"}}
2023/05/29 23:16:46 Received {c11 n2 {"type":"read","msg_id":25}}
2023/05/29 23:16:46 Sent {"src":"n2","dest":"c11","body":{"in_reply_to":25,"messages":[5,10,16,20,37,40,45,53,55,59,62],"msg_id":25,"type":"read_ok"}}
2023/05/29 23:16:47 Received {c11 n2 {"type":"read","msg_id":26}}
2023/05/29 23:16:47 Sent {"src":"n2","dest":"c11","body":{"in_reply_to":26,"messages":[5,10,16,20,37,40,45,53,55,59,62],"msg_id":26,"type":"read_ok"}}
2023/05/29 23:16:48 Received {c11 n2 {"type":"broadcast","message":72,"msg_id":27}}
2023/05/29 23:16:48 Sent {"src":"n2","dest":"n1","body":{"counter":12,"message":72,"msg_id":12,"sender":"n2","type":"gossip"}}
2023/05/29 23:16:48 Sent {"src":"n2","dest":"c11","body":{"in_reply_to":27,"type":"broadcast_ok"}}
2023/05/29 23:16:48 Received {c11 n2 {"type":"broadcast","message":73,"msg_id":28}}
2023/05/29 23:16:48 Sent {"src":"n2","dest":"n1","body":{"counter":13,"message":73,"msg_id":13,"sender":"n2","type":"gossip"}}
2023/05/29 23:16:48 Sent {"src":"n2","dest":"c11","body":{"in_reply_to":28,"type":"broadcast_ok"}}
2023/05/29 23:16:49 Received {c11 n2 {"type":"read","msg_id":29}}
2023/05/29 23:16:49 Sent {"src":"n2","dest":"c11","body":{"in_reply_to":29,"messages":[5,10,16,20,37,40,45,53,55,59,62,72,73],"msg_id":29,"type":"read_ok"}}
2023/05/29 23:16:50 Received {c11 n2 {"type":"read","msg_id":30}}
2023/05/29 23:16:50 Sent {"src":"n2","dest":"c11","body":{"in_reply_to":30,"messages":[5,10,16,20,37,40,45,53,55,59,62,72,73],"msg_id":30,"type":"read_ok"}}
2023/05/29 23:16:50 Received {c11 n2 {"type":"broadcast","message":83,"msg_id":31}}
2023/05/29 23:16:50 Sent {"src":"n2","dest":"n1","body":{"counter":14,"message":83,"msg_id":14,"sender":"n2","type":"gossip"}}
2023/05/29 23:16:50 Sent {"src":"n2","dest":"c11","body":{"in_reply_to":31,"type":"broadcast_ok"}}
2023/05/29 23:16:50 Received {n1 n2 {"counter":14,"message":83,"msg_id":203,"sender":"n2","type":"gossip"}}
2023/05/29 23:16:50 Received {n1 n2 {"in_reply_to":14,"type":"gossip_ok"}}
2023/05/29 23:16:50 Sent {"src":"n2","dest":"n1","body":{"counter":14,"message":83,"msg_id":15,"sender":"n2","type":"gossip"}}
2023/05/29 23:16:50 Sent {"src":"n2","dest":"n1","body":{"in_reply_to":203,"type":"gossip_ok"}}
2023/05/29 23:16:50 Received {n1 n2 {"in_reply_to":15,"type":"gossip_ok"}}
2023/05/29 23:16:50 Received {n1 n2 {"counter":14,"message":84,"msg_id":206,"sender":"n3","type":"gossip"}}
2023/05/29 23:16:50 Sent {"src":"n2","dest":"n1","body":{"counter":14,"message":84,"msg_id":16,"sender":"n3","type":"gossip"}}
2023/05/29 23:16:50 Sent {"src":"n2","dest":"n1","body":{"in_reply_to":206,"type":"gossip_ok"}}
2023/05/29 23:16:50 Received {n1 n2 {"in_reply_to":16,"type":"gossip_ok"}}
2023/05/29 23:16:50 Received {n1 n2 {"counter":33,"message":85,"msg_id":209,"sender":"n0","type":"gossip"}}
2023/05/29 23:16:50 Sent {"src":"n2","dest":"n1","body":{"counter":33,"message":85,"msg_id":17,"sender":"n0","type":"gossip"}}
2023/05/29 23:16:50 Sent {"src":"n2","dest":"n1","body":{"in_reply_to":209,"type":"gossip_ok"}}
2023/05/29 23:16:50 Received {n1 n2 {"in_reply_to":17,"type":"gossip_ok"}}
2023/05/29 23:16:50 Received {n1 n2 {"counter":11,"message":86,"msg_id":212,"sender":"n1","type":"gossip"}}
2023/05/29 23:16:50 Sent {"src":"n2","dest":"n1","body":{"counter":11,"message":86,"msg_id":18,"sender":"n1","type":"gossip"}}
2023/05/29 23:16:50 Sent {"src":"n2","dest":"n1","body":{"in_reply_to":212,"type":"gossip_ok"}}
2023/05/29 23:16:50 Received {n1 n2 {"counter":11,"message":86,"msg_id":215,"sender":"n1","type":"gossip"}}
2023/05/29 23:16:50 Received {n1 n2 {"in_reply_to":18,"type":"gossip_ok"}}
2023/05/29 23:16:50 Sent {"src":"n2","dest":"n1","body":{"in_reply_to":215,"type":"gossip_ok"}}
2023/05/29 23:16:50 Received {c11 n2 {"type":"broadcast","message":87,"msg_id":32}}
2023/05/29 23:16:50 Sent {"src":"n2","dest":"n1","body":{"counter":15,"message":87,"msg_id":19,"sender":"n2","type":"gossip"}}
2023/05/29 23:16:50 Sent {"src":"n2","dest":"c11","body":{"in_reply_to":32,"type":"broadcast_ok"}}
2023/05/29 23:16:50 Received {n1 n2 {"counter":15,"message":87,"msg_id":218,"sender":"n2","type":"gossip"}}
2023/05/29 23:16:50 Received {n1 n2 {"in_reply_to":19,"type":"gossip_ok"}}
2023/05/29 23:16:50 Sent {"src":"n2","dest":"n1","body":{"counter":15,"message":87,"msg_id":20,"sender":"n2","type":"gossip"}}
2023/05/29 23:16:50 Sent {"src":"n2","dest":"n1","body":{"in_reply_to":218,"type":"gossip_ok"}}
2023/05/29 23:16:50 Received {n1 n2 {"in_reply_to":20,"type":"gossip_ok"}}
2023/05/29 23:16:51 Received {n1 n2 {"counter":15,"message":88,"msg_id":221,"sender":"n3","type":"gossip"}}
2023/05/29 23:16:51 Sent {"src":"n2","dest":"n1","body":{"counter":15,"message":88,"msg_id":21,"sender":"n3","type":"gossip"}}
2023/05/29 23:16:51 Sent {"src":"n2","dest":"n1","body":{"in_reply_to":221,"type":"gossip_ok"}}
2023/05/29 23:16:51 Received {n1 n2 {"in_reply_to":21,"type":"gossip_ok"}}
2023/05/29 23:16:51 Received {n1 n2 {"counter":34,"message":89,"msg_id":224,"sender":"n0","type":"gossip"}}
2023/05/29 23:16:51 Sent {"src":"n2","dest":"n1","body":{"counter":34,"message":89,"msg_id":22,"sender":"n0","type":"gossip"}}
2023/05/29 23:16:51 Sent {"src":"n2","dest":"n1","body":{"in_reply_to":224,"type":"gossip_ok"}}
2023/05/29 23:16:51 Received {n1 n2 {"in_reply_to":22,"type":"gossip_ok"}}
2023/05/29 23:16:51 Received {c11 n2 {"type":"read","msg_id":33}}
2023/05/29 23:16:51 Sent {"src":"n2","dest":"c11","body":{"in_reply_to":33,"messages":[5,10,16,20,37,40,45,53,55,59,62,72,73,83,83,84,85,86,87,87,88,89],"msg_id":33,"type":"read_ok"}}
2023/05/29 23:17:01 Received {c11 n2 {"type":"read","msg_id":34}}
2023/05/29 23:17:01 Sent {"src":"n2","dest":"c11","body":{"in_reply_to":34,"messages":[5,10,16,20,37,40,45,53,55,59,62,72,73,83,83,84,85,86,87,87,88,89],"msg_id":34,"type":"read_ok"}}
