2023/05/29 23:16:31 Received {c2 n3 {"type":"init","node_id":"n3","node_ids":["n0","n1","n2","n3","n4"],"msg_id":1}}
2023/05/29 23:16:31 Node n3 initialized
2023/05/29 23:16:31 Sent {"src":"n3","dest":"c2","body":{"in_reply_to":1,"type":"init_ok"}}
2023/05/29 23:16:31 Received {c8 n3 {"type":"topology","topology":{"n0":["n3","n1"],"n1":["n4","n2","n0"],"n2":["n1"],"n3":["n0","n4"],"n4":["n1","n3"]},"msg_id":1}}
2023/05/29 23:16:31 Sent {"src":"n3","dest":"c8","body":{"in_reply_to":1,"type":"topology_ok"}}
2023/05/29 23:16:31 Received {c12 n3 {"type":"broadcast","message":1,"msg_id":1}}
2023/05/29 23:16:31 Sent {"src":"n3","dest":"n0","body":{"counter":1,"message":1,"msg_id":1,"sender":"n3","type":"gossip"}}
2023/05/29 23:16:31 Sent {"src":"n3","dest":"n4","body":{"counter":1,"message":1,"msg_id":2,"sender":"n3","type":"gossip"}}
2023/05/29 23:16:31 Sent {"src":"n3","dest":"c12","body":{"in_reply_to":1,"type":"broadcast_ok"}}
2023/05/29 23:16:31 Received {c12 n3 {"type":"broadcast","message":6,"msg_id":2}}
2023/05/29 23:16:31 Sent {"src":"n3","dest":"n0","body":{"counter":2,"message":6,"msg_id":3,"sender":"n3","type":"gossip"}}
2023/05/29 23:16:31 Sent {"src":"n3","dest":"n4","body":{"counter":2,"message":6,"msg_id":4,"sender":"n3","type":"gossip"}}
2023/05/29 23:16:31 Sent {"src":"n3","dest":"c12","body":{"in_reply_to":2,"type":"broadcast_ok"}}
2023/05/29 23:16:32 Received {c12 n3 {"type":"read","msg_id":3}}
2023/05/29 23:16:32 Sent {"src":"n3","dest":"c12","body":{"in_reply_to":3,"messages":[1,6],"msg_id":3,"type":"read_ok"}}
2023/05/29 23:16:33 Received {c12 n3 {"type":"read","msg_id":4}}
2023/05/29 23:16:33 Sent {"src":"n3","dest":"c12","body":{"in_reply_to":4,"messages":[1,6],"msg_id":4,"type":"read_ok"}}
2023/05/29 23:16:34 Received {c12 n3 {"type":"broadcast","message":17,"msg_id":5}}
2023/05/29 23:16:34 Sent {"src":"n3","dest":"n0","body":{"counter":3,"message":17,"msg_id":5,"sender":"n3","type":"gossip"}}
2023/05/29 23:16:34 Sent {"src":"n3","dest":"n4","body":{"counter":3,"message":17,"msg_id":6,"sender":"n3","type":"gossip"}}
2023/05/29 23:16:34 Sent {"src":"n3","dest":"c12","body":{"in_reply_to":5,"type":"broadcast_ok"}}
2023/05/29 23:16:34 Received {c12 n3 {"type":"read","msg_id":6}}
2023/05/29 23:16:34 Sent {"src":"n3","dest":"c12","body":{"in_reply_to":6,"messages":[1,6,17],"msg_id":6,"type":"read_ok"}}
2023/05/29 23:16:35 Received {c12 n3 {"type":"read","msg_id":7}}
2023/05/29 23:16:35 Sent {"src":"n3","dest":"c12","body":{"in_reply_to":7,"messages":[1,6,17],"msg_id":7,"type":"read_ok"}}
2023/05/29 23:16:35 Received {c12 n3 {"type":"broadcast","message":23,"msg_id":8}}
2023/05/29 23:16:35 Sent {"src":"n3","dest":"n0","body":{"counter":4,"message":23,"msg_id":7,"sender":"n3","type":"gossip"}}
2023/05/29 23:16:35 Sent {"src":"n3","dest":"n4","body":{"counter":4,"message":23,"msg_id":8,"sender":"n3","type":"gossip"}}
2023/05/29 23:16:35 Sent {"src":"n3","dest":"c12","body":{"in_reply_to":8,"type":"broadcast_ok"}}
2023/05/29 23:16:36 Received {c12 n3 {"type":"read","msg_id":9}}
2023/05/29 23:16:36 Sent {"src":"n3","dest":"c12","body":{"in_reply_to":9,"messages":[1,6,17,23],"msg_id":9,"type":"read_ok"}}
2023/05/29 23:16:37 Received {c12 n3 {"type":"broadcast","message":27,"msg_id":10}}
2023/05/29 23:16:37 Sent {"src":"n3","dest":"n0","body":{"counter":5,"message":27,"msg_id":9,"sender":"n3","type":"gossip"}}
2023/05/29 23:16:37 Sent {"src":"n3","dest":"n4","body":{"counter":5,"message":27,"msg_id":10,"sender":"n3","type":"gossip"}}
2023/05/29 23:16:37 Sent {"src":"n3","dest":"c12","body":{"in_reply_to":10,"type":"broadcast_ok"}}
2023/05/29 23:16:37 Received {c12 n3 {"type":"read","msg_id":11}}
2023/05/29 23:16:37 Sent {"src":"n3","dest":"c12","body":{"in_reply_to":11,"messages":[1,6,17,23,27],"msg_id":11,"type":"read_ok"}}
2023/05/29 23:16:38 Received {c12 n3 {"type":"read","msg_id":12}}
2023/05/29 23:16:38 Sent {"src":"n3","dest":"c12","body":{"in_reply_to":12,"messages":[1,6,17,23,27],"msg_id":12,"type":"read_ok"}}
2023/05/29 23:16:39 Received {c12 n3 {"type":"read","msg_id":13}}
2023/05/29 23:16:39 Sent {"src":"n3","dest":"c12","body":{"in_reply_to":13,"messages":[1,6,17,23,27],"msg_id":13,"type":"read_ok"}}
2023/05/29 23:16:39 Received {c12 n3 {"type":"read","msg_id":14}}
2023/05/29 23:16:39 Sent {"src":"n3","dest":"c12","body":{"in_reply_to":14,"messages":[1,6,17,23,27],"msg_id":14,"type":"read_ok"}}
2023/05/29 23:16:40 Received {c12 n3 {"type":"read","msg_id":15}}
2023/05/29 23:16:40 Sent {"src":"n3","dest":"c12","body":{"in_reply_to":15,"messages":[1,6,17,23,27],"msg_id":15,"type":"read_ok"}}
2023/05/29 23:16:41 Received {c12 n3 {"type":"broadcast","message":41,"msg_id":16}}
2023/05/29 23:16:41 Sent {"src":"n3","dest":"n0","body":{"counter":6,"message":41,"msg_id":11,"sender":"n3","type":"gossip"}}
2023/05/29 23:16:41 Sent {"src":"n3","dest":"n4","body":{"counter":6,"message":41,"msg_id":12,"sender":"n3","type":"gossip"}}
2023/05/29 23:16:41 Sent {"src":"n3","dest":"c12","body":{"in_reply_to":16,"type":"broadcast_ok"}}
2023/05/29 23:16:41 Received {c12 n3 {"type":"broadcast","message":46,"msg_id":17}}
2023/05/29 23:16:41 Sent {"src":"n3","dest":"n0","body":{"counter":7,"message":46,"msg_id":13,"sender":"n3","type":"gossip"}}
2023/05/29 23:16:41 Sent {"src":"n3","dest":"n4","body":{"counter":7,"message":46,"msg_id":14,"sender":"n3","type":"gossip"}}
2023/05/29 23:16:41 Sent {"src":"n3","dest":"c12","body":{"in_reply_to":17,"type":"broadcast_ok"}}
2023/05/29 23:16:42 Received {c12 n3 {"type":"read","msg_id":18}}
2023/05/29 23:16:42 Sent {"src":"n3","dest":"c12","body":{"in_reply_to":18,"messages":[1,6,17,23,27,41,46],"msg_id":18,"type":"read_ok"}}
2023/05/29 23:16:43 Received {c12 n3 {"type":"read","msg_id":19}}
2023/05/29 23:16:43 Sent {"src":"n3","dest":"c12","body":{"in_reply_to":19,"messages":[1,6,17,23,27,41,46],"msg_id":19,"type":"read_ok"}}
2023/05/29 23:16:43 Received {c12 n3 {"type":"read","msg_id":20}}
2023/05/29 23:16:43 Sent {"src":"n3","dest":"c12","body":{"in_reply_to":20,"messages":[1,6,17,23,27,41,46],"msg_id":20,"type":"read_ok"}}
2023/05/29 23:16:44 Received {c12 n3 {"type":"broadcast","message":57,"msg_id":21}}
2023/05/29 23:16:44 Sent {"src":"n3","dest":"n0","body":{"counter":8,"message":57,"msg_id":15,"sender":"n3","type":"gossip"}}
2023/05/29 23:16:44 Sent {"src":"n3","dest":"n4","body":{"counter":8,"message":57,"msg_id":16,"sender":"n3","type":"gossip"}}
2023/05/29 23:16:44 Sent {"src":"n3","dest":"c12","body":{"in_reply_to":21,"type":"broadcast_ok"}}
2023/05/29 23:16:45 Received {c12 n3 {"type":"read","msg_id":22}}
2023/05/29 23:16:45 Sent {"src":"n3","dest":"c12","body":{"in_reply_to":22,"messages":[1,6,17,23,27,41,46,57],"msg_id":22,"type":"read_ok"}}
2023/05/29 23:16:45 Received {c12 n3 {"type":"broadcast","message":63,"msg_id":23}}
2023/05/29 23:16:45 Sent {"src":"n3","dest":"n0","body":{"counter":9,"message":63,"msg_id":17,"sender":"n3","type":"gossip"}}
2023/05/29 23:16:45 Sent {"src":"n3","dest":"n4","body":{"counter":9,"message":63,"msg_id":18,"sender":"n3","type":"gossip"}}
2023/05/29 23:16:45 Sent {"src":"n3","dest":"c12","body":{"in_reply_to":23,"type":"broadcast_ok"}}
2023/05/29 23:16:46 Received {c12 n3 {"type":"read","msg_id":24}}
2023/05/29 23:16:46 Sent {"src":"n3","dest":"c12","body":{"in_reply_to":24,"messages":[1,6,17,23,27,41,46,57,63],"msg_id":24,"type":"read_ok"}}
2023/05/29 23:16:47 Received {c12 n3 {"type":"read","msg_id":25}}
2023/05/29 23:16:47 Sent {"src":"n3","dest":"c12","body":{"in_reply_to":25,"messages":[1,6,17,23,27,41,46,57,63],"msg_id":25,"type":"read_ok"}}
2023/05/29 23:16:47 Received {c12 n3 {"type":"broadcast","message":71,"msg_id":26}}
2023/05/29 23:16:47 Sent {"src":"n3","dest":"n0","body":{"counter":10,"message":71,"msg_id":19,"sender":"n3","type":"gossip"}}
2023/05/29 23:16:47 Sent {"src":"n3","dest":"n4","body":{"counter":10,"message":71,"msg_id":20,"sender":"n3","type":"gossip"}}
2023/05/29 23:16:47 Sent {"src":"n3","dest":"c12","body":{"in_reply_to":26,"type":"broadcast_ok"}}
2023/05/29 23:16:48 Received {c12 n3 {"type":"read","msg_id":27}}
2023/05/29 23:16:48 Sent {"src":"n3","dest":"c12","body":{"in_reply_to":27,"messages":[1,6,17,23,27,41,46,57,63,71],"msg_id":27,"type":"read_ok"}}
2023/05/29 23:16:48 Received {c12 n3 {"type":"broadcast","message":74,"msg_id":28}}
2023/05/29 23:16:48 Sent {"src":"n3","dest":"n0","body":{"counter":11,"message":74,"msg_id":21,"sender":"n3","type":"gossip"}}
2023/05/29 23:16:48 Sent {"src":"n3","dest":"n4","body":{"counter":11,"message":74,"msg_id":22,"sender":"n3","type":"gossip"}}
2023/05/29 23:16:48 Sent {"src":"n3","dest":"c12","body":{"in_reply_to":28,"type":"broadcast_ok"}}
2023/05/29 23:16:49 Received {c12 n3 {"type":"broadcast","message":79,"msg_id":29}}
2023/05/29 23:16:49 Sent {"src":"n3","dest":"n0","body":{"counter":12,"message":79,"msg_id":23,"sender":"n3","type":"gossip"}}
2023/05/29 23:16:49 Sent {"src":"n3","dest":"n4","body":{"counter":12,"message":79,"msg_id":24,"sender":"n3","type":"gossip"}}
2023/05/29 23:16:49 Sent {"src":"n3","dest":"c12","body":{"in_reply_to":29,"type":"broadcast_ok"}}
2023/05/29 23:16:50 Received {c12 n3 {"type":"broadcast","message":81,"msg_id":30}}
2023/05/29 23:16:50 Sent {"src":"n3","dest":"n0","body":{"counter":13,"message":81,"msg_id":25,"sender":"n3","type":"gossip"}}
2023/05/29 23:16:50 Sent {"src":"n3","dest":"n4","body":{"counter":13,"message":81,"msg_id":26,"sender":"n3","type":"gossip"}}
2023/05/29 23:16:50 Sent {"src":"n3","dest":"c12","body":{"in_reply_to":30,"type":"broadcast_ok"}}
2023/05/29 23:16:50 Received {n4 n3 {"counter":14,"message":83,"msg_id":146,"sender":"n2","type":"gossip"}}
2023/05/29 23:16:50 Received {n0 n3 {"counter":14,"message":83,"msg_id":179,"sender":"n2","type":"gossip"}}
2023/05/29 23:16:50 Sent {"src":"n3","dest":"n0","body":{"counter":14,"message":83,"msg_id":27,"sender":"n2","type":"gossip"}}
2023/05/29 23:16:50 Sent {"src":"n3","dest":"n4","body":{"counter":14,"message":83,"msg_id":28,"sender":"n2","type":"gossip"}}
2023/05/29 23:16:50 Sent {"src":"n3","dest":"n0","body":{"in_reply_to":179,"type":"gossip_ok"}}
2023/05/29 23:16:50 Sent {"src":"n3","dest":"n4","body":{"in_reply_to":146,"type":"gossip_ok"}}
2023/05/29 23:16:50 Received {n0 n3 {"in_reply_to":27,"type":"gossip_ok"}}
2023/05/29 23:16:50 Received {n4 n3 {"in_reply_to":28,"type":"gossip_ok"}}
2023/05/29 23:16:50 Received {c12 n3 {"type":"broadcast","message":84,"msg_id":31}}
2023/05/29 23:16:50 Sent {"src":"n3","dest":"n0","body":{"counter":14,"message":84,"msg_id":29,"sender":"n3","type":"gossip"}}
2023/05/29 23:16:50 Sent {"src":"n3","dest":"n4","body":{"counter":14,"message":84,"msg_id":30,"sender":"n3","type":"gossip"}}
2023/05/29 23:16:50 Sent {"src":"n3","dest":"c12","body":{"in_reply_to":31,"type":"broadcast_ok"}}
2023/05/29 23:16:50 Received {n0 n3 {"counter":14,"message":84,"msg_id":181,"sender":"n3","type":"gossip"}}
2023/05/29 23:16:50 Sent {"src":"n3","dest":"n0","body":{"counter":14,"message":84,"msg_id":31,"sender":"n3","type":"gossip"}}
2023/05/29 23:16:50 Sent {"src":"n3","dest":"n4","body":{"counter":14,"message":84,"msg_id":32,"sender":"n3","type":"gossip"}}
2023/05/29 23:16:50 Sent {"src":"n3","dest":"n0","body":{"in_reply_to":181,"type":"gossip_ok"}}
2023/05/29 23:16:50 Received {n0 n3 {"in_reply_to":29,"type":"gossip_ok"}}
2023/05/29 23:16:50 Received {n4 n3 {"counter":14,"message":84,"msg_id":148,"sender":"n3","type":"gossip"}}
2023/05/29 23:16:50 Sent {"src":"n3","dest":"n4","body":{"in_reply_to":148,"type":"gossip_ok"}}
2023/05/29 23:16:50 Received {n4 n3 {"in_reply_to":30,"type":"gossip_ok"}}
2023/05/29 23:16:50 Received {n0 n3 {"in_reply_to":31,"type":"gossip_ok"}}
2023/05/29 23:16:50 Received {n4 n3 {"in_reply_to":32,"type":"gossip_ok"}}
2023/05/29 23:16:50 Received {n0 n3 {"counter":33,"message":85,"msg_id":183,"sender":"n0","type":"gossip"}}
2023/05/29 23:16:50 Sent {"src":"n3","dest":"n0","body":{"counter":33,"message":85,"msg_id":33,"sender":"n0","type":"gossip"}}
2023/05/29 23:16:50 Sent {"src":"n3","dest":"n4","body":{"counter":33,"message":85,"msg_id":34,"sender":"n0","type":"gossip"}}
2023/05/29 23:16:50 Sent {"src":"n3","dest":"n0","body":{"in_reply_to":183,"type":"gossip_ok"}}
2023/05/29 23:16:50 Received {n0 n3 {"counter":33,"message":85,"msg_id":185,"sender":"n0","type":"gossip"}}
2023/05/29 23:16:50 Received {n0 n3 {"in_reply_to":33,"type":"gossip_ok"}}
2023/05/29 23:16:50 Sent {"src":"n3","dest":"n0","body":{"in_reply_to":185,"type":"gossip_ok"}}
2023/05/29 23:16:50 Received {n4 n3 {"counter":33,"message":85,"msg_id":150,"sender":"n0","type":"gossip"}}
2023/05/29 23:16:50 Received {n4 n3 {"in_reply_to":34,"type":"gossip_ok"}}
2023/05/29 23:16:50 Sent {"src":"n3","dest":"n4","body":{"in_reply_to":150,"type":"gossip_ok"}}
2023/05/29 23:16:50 Received {n4 n3 {"counter":11,"message":86,"msg_id":152,"sender":"n1","type":"gossip"}}
2023/05/29 23:16:50 Received {n0 n3 {"counter":11,"message":86,"msg_id":187,"sender":"n1","type":"gossip"}}
2023/05/29 23:16:50 Sent {"src":"n3","dest":"n4","body":{"in_reply_to":152,"type":"gossip_ok"}}
2023/05/29 23:16:50 Sent {"src":"n3","dest":"n0","body":{"counter":11,"message":86,"msg_id":35,"sender":"n1","type":"gossip"}}
2023/05/29 23:16:50 Sent {"src":"n3","dest":"n4","body":{"counter":11,"message":86,"msg_id":36,"sender":"n1","type":"gossip"}}
2023/05/29 23:16:50 Sent {"src":"n3","dest":"n0","body":{"in_reply_to":187,"type":"gossip_ok"}}
2023/05/29 23:16:50 Received {n0 n3 {"in_reply_to":35,"type":"gossip_ok"}}
2023/05/29 23:16:50 Received {n4 n3 {"in_reply_to":36,"type":"gossip_ok"}}
2023/05/29 23:16:50 Received {n4 n3 {"counter":15,"message":87,"msg_id":154,"sender":"n2","type":"gossip"}}
2023/05/29 23:16:50 Sent {"src":"n3","dest":"n0","body":{"counter":15,"message":87,"msg_id":37,"sender":"n2","type":"gossip"}}
2023/05/29 23:16:50 Sent {"src":"n3","dest":"n4","body":{"counter":15,"message":87,"msg_id":38,"sender":"n2","type":"gossip"}}
2023/05/29 23:16:50 Sent {"src":"n3","dest":"n4","body":{"in_reply_to":154,"type":"gossip_ok"}}
2023/05/29 23:16:50 Received {n0 n3 {"counter":15,"message":87,"msg_id":189,"sender":"n2","type":"gossip"}}
2023/05/29 23:16:50 Sent {"src":"n3","dest":"n0","body":{"in_reply_to":189,"type":"gossip_ok"}}
2023/05/29 23:16:50 Received {n0 n3 {"in_reply_to":37,"type":"gossip_ok"}}
2023/05/29 23:16:50 Received {n4 n3 {"in_reply_to":38,"type":"gossip_ok"}}
2023/05/29 23:16:50 Received {c12 n3 {"type":"broadcast","message":88,"msg_id":32}}
2023/05/29 23:16:50 Sent {"src":"n3","dest":"n0","body":{"counter":15,"message":88,"msg_id":39,"sender":"n3","type":"gossip"}}
2023/05/29 23:16:50 Sent {"src":"n3","dest":"n4","body":{"counter":15,"message":88,"msg_id":40,"sender":"n3","type":"gossip"}}
2023/05/29 23:16:50 Sent {"src":"n3","dest":"c12","body":{"in_reply_to":32,"type":"broadcast_ok"}}
2023/05/29 23:16:50 Received {n0 n3 {"counter":15,"message":88,"msg_id":191,"sender":"n3","type":"gossip"}}
2023/05/29 23:16:50 Received {n0 n3 {"in_reply_to":39,"type":"gossip_ok"}}
2023/05/29 23:16:50 Sent {"src":"n3","dest":"n0","body":{"counter":15,"message":88,"msg_id":41,"sender":"n3","type":"gossip"}}
2023/05/29 23:16:50 Sent {"src":"n3","dest":"n4","body":{"counter":15,"message":88,"msg_id":42,"sender":"n3","type":"gossip"}}
2023/05/29 23:16:50 Sent {"src":"n3","dest":"n0","body":{"in_reply_to":191,"type":"gossip_ok"}}
2023/05/29 23:16:50 Received {n4 n3 {"counter":15,"message":88,"msg_id":156,"sender":"n3","type":"gossip"}}
2023/05/29 23:16:50 Received {n4 n3 {"in_reply_to":40,"type":"gossip_ok"}}
2023/05/29 23:16:50 Sent {"src":"n3","dest":"n4","body":{"in_reply_to":156,"type":"gossip_ok"}}
2023/05/29 23:16:51 Received {n0 n3 {"in_reply_to":41,"type":"gossip_ok"}}
2023/05/29 23:16:51 Received {n4 n3 {"in_reply_to":42,"type":"gossip_ok"}}
2023/05/29 23:16:51 Received {n0 n3 {"counter":34,"message":89,"msg_id":193,"sender":"n0","type":"gossip"}}
2023/05/29 23:16:51 Sent {"src":"n3","dest":"n0","body":{"counter":34,"message":89,"msg_id":43,"sender":"n0","type":"gossip"}}
2023/05/29 23:16:51 Sent {"src":"n3","dest":"n4","body":{"counter":34,"message":89,"msg_id":44,"sender":"n0","type":"gossip"}}
2023/05/29 23:16:51 Sent {"src":"n3","dest":"n0","body":{"in_reply_to":193,"type":"gossip_ok"}}
2023/05/29 23:16:51 Received {n4 n3 {"counter":34,"message":89,"msg_id":158,"sender":"n0","type":"gossip"}}
2023/05/29 23:16:51 Received {n0 n3 {"counter":34,"message":89,"msg_id":195,"sender":"n0","type":"gossip"}}
2023/05/29 23:16:51 Received {n4 n3 {"in_reply_to":44,"type":"gossip_ok"}}
2023/05/29 23:16:51 Received {n0 n3 {"in_reply_to":43,"type":"gossip_ok"}}
2023/05/29 23:16:51 Sent {"src":"n3","dest":"n0","body":{"in_reply_to":195,"type":"gossip_ok"}}
2023/05/29 23:16:51 Sent {"src":"n3","dest":"n4","body":{"in_reply_to":158,"type":"gossip_ok"}}
2023/05/29 23:16:51 Received {c12 n3 {"type":"read","msg_id":33}}
2023/05/29 23:16:51 Sent {"src":"n3","dest":"c12","body":{"in_reply_to":33,"messages":[1,6,17,23,27,41,46,57,63,71,74,79,81,83,84,84,85,86,87,88,88,89],"msg_id":33,"type":"read_ok"}}
2023/05/29 23:17:01 Received {c12 n3 {"type":"read","msg_id":34}}
2023/05/29 23:17:01 Sent {"src":"n3","dest":"c12","body":{"in_reply_to":34,"messages":[1,6,17,23,27,41,46,57,63,71,74,79,81,83,84,84,85,86,87,88,88,89],"msg_id":34,"type":"read_ok"}}
