2023/05/29 23:16:31 Received {c3 n4 {"type":"init","node_id":"n4","node_ids":["n0","n1","n2","n3","n4"],"msg_id":1}}
2023/05/29 23:16:31 Node n4 initialized
2023/05/29 23:16:31 Sent {"src":"n4","dest":"c3","body":{"in_reply_to":1,"type":"init_ok"}}
2023/05/29 23:16:31 Received {c9 n4 {"type":"topology","topology":{"n0":["n3","n1"],"n1":["n4","n2","n0"],"n2":["n1"],"n3":["n0","n4"],"n4":["n1","n3"]},"msg_id":1}}
2023/05/29 23:16:31 Sent {"src":"n4","dest":"c9","body":{"in_reply_to":1,"type":"topology_ok"}}
2023/05/29 23:16:31 Received {n1 n4 {"counter":1,"message":0,"msg_id":1,"sender":"n1","type":"gossip"}}
2023/05/29 23:16:31 Sent {"src":"n4","dest":"n1","body":{"counter":1,"message":0,"msg_id":1,"sender":"n1","type":"gossip"}}
2023/05/29 23:16:31 Sent {"src":"n4","dest":"n3","body":{"counter":1,"message":0,"msg_id":2,"sender":"n1","type":"gossip"}}
2023/05/29 23:16:31 Sent {"src":"n4","dest":"n1","body":{"in_reply_to":1,"type":"gossip_ok"}}
2023/05/29 23:16:31 Received {n1 n4 {"counter":1,"message":0,"msg_id":4,"sender":"n1","type":"gossip"}}
2023/05/29 23:16:31 Sent {"src":"n4","dest":"n1","body":{"in_reply_to":4,"type":"gossip_ok"}}
2023/05/29 23:16:31 Received {n1 n4 {"in_reply_to":1,"type":"gossip_ok"}}
2023/05/29 23:16:31 Received {c13 n4 {"type":"broadcast","message":2,"msg_id":1}}
2023/05/29 23:16:31 Sent {"src":"n4","dest":"n1","body":{"counter":1,"message":2,"msg_id":3,"sender":"n4","type":"gossip"}}
2023/05/29 23:16:31 Sent {"src":"n4","dest":"n3","body":{"counter":1,"message":2,"msg_id":4,"sender":"n4","type":"gossip"}}
2023/05/29 23:16:31 Sent {"src":"n4","dest":"c13","body":{"in_reply_to":1,"type":"broadcast_ok"}}
2023/05/29 23:16:31 Received {n1 n4 {"counter":1,"message":2,"msg_id":7,"sender":"n4","type":"gossip"}}
2023/05/29 23:16:31 Sent {"src":"n4","dest":"n1","body":{"counter":1,"message":2,"msg_id":5,"sender":"n4","type":"gossip"}}
2023/05/29 23:16:31 Sent {"src":"n4","dest":"n3","body":{"counter":1,"message":2,"msg_id":6,"sender":"n4","type":"gossip"}}
2023/05/29 23:16:31 Sent {"src":"n4","dest":"n1","body":{"in_reply_to":7,"type":"gossip_ok"}}
2023/05/29 23:16:31 Received {n1 n4 {"in_reply_to":3,"type":"gossip_ok"}}
2023/05/29 23:16:31 Received {n1 n4 {"in_reply_to":5,"type":"gossip_ok"}}
2023/05/29 23:16:31 Received {n1 n4 {"counter":1,"message":3,"msg_id":10,"sender":"n0","type":"gossip"}}
2023/05/29 23:16:31 Sent {"src":"n4","dest":"n1","body":{"counter":1,"message":3,"msg_id":7,"sender":"n0","type":"gossip"}}
2023/05/29 23:16:31 Sent {"src":"n4","dest":"n3","body":{"counter":1,"message":3,"msg_id":8,"sender":"n0","type":"gossip"}}
2023/05/29 23:16:31 Sent {"src":"n4","dest":"n1","body":{"in_reply_to":10,"type":"gossip_ok"}}
2023/05/29 23:16:31 Received {n1 n4 {"in_reply_to":7,"type":"gossip_ok"}}
2023/05/29 23:16:31 Received {n1 n4 {"counter":2,"message":4,"msg_id":13,"sender":"n1","type":"gossip"}}
2023/05/29 23:16:31 Sent {"src":"n4","dest":"n1","body":{"counter":2,"message":4,"msg_id":9,"sender":"n1","type":"gossip"}}
2023/05/29 23:16:31 Sent {"src":"n4","dest":"n3","body":{"counter":2,"message":4,"msg_id":10,"sender":"n1","type":"gossip"}}
2023/05/29 23:16:31 Sent {"src":"n4","dest":"n1","body":{"in_reply_to":13,"type":"gossip_ok"}}
2023/05/29 23:16:31 Received {n1 n4 {"counter":2,"message":4,"msg_id":16,"sender":"n1","type":"gossip"}}
2023/05/29 23:16:31 Sent {"src":"n4","dest":"n1","body":{"in_reply_to":16,"type":"gossip_ok"}}
2023/05/29 23:16:31 Received {n1 n4 {"in_reply_to":9,"type":"gossip_ok"}}
2023/05/29 23:16:32 Received {c13 n4 {"type":"read","msg_id":2}}
2023/05/29 23:16:32 Sent {"src":"n4","dest":"c13","body":{"in_reply_to":2,"messages":[0,2,2,3,4],"msg_id":2,"type":"read_ok"}}
2023/05/29 23:16:32 Received {n1 n4 {"counter":2,"message":7,"msg_id":19,"sender":"n0","type":"gossip"}}
2023/05/29 23:16:32 Sent {"src":"n4","dest":"n1","body":{"counter":2,"message":7,"msg_id":11,"sender":"n0","type":"gossip"}}
2023/05/29 23:16:32 Sent {"src":"n4","dest":"n3","body":{"counter":2,"message":7,"msg_id":12,"sender":"n0","type":"gossip"}}
2023/05/29 23:16:32 Sent {"src":"n4","dest":"n1","body":{"in_reply_to":19,"type":"gossip_ok"}}
2023/05/29 23:16:32 Received {n1 n4 {"in_reply_to":11,"type":"gossip_ok"}}
2023/05/29 23:16:32 Received {n1 n4 {"counter":3,"message":8,"msg_id":22,"sender":"n0","type":"gossip"}}
2023/05/29 23:16:32 Sent {"src":"n4","dest":"n1","body":{"counter":3,"message":8,"msg_id":13,"sender":"n0","type":"gossip"}}
2023/05/29 23:16:32 Sent {"src":"n4","dest":"n3","body":{"counter":3,"message":8,"msg_id":14,"sender":"n0","type":"gossip"}}
2023/05/29 23:16:32 Sent {"src":"n4","dest":"n1","body":{"in_reply_to":22,"type":"gossip_ok"}}
2023/05/29 23:16:32 Received {n1 n4 {"counter":3,"message":9,"msg_id":25,"sender":"n1","type":"gossip"}}
2023/05/29 23:16:32 Sent {"src":"n4","dest":"n1","body":{"counter":3,"message":9,"msg_id":15,"sender":"n1","type":"gossip"}}
2023/05/29 23:16:32 Sent {"src":"n4","dest":"n3","body":{"counter":3,"message":9,"msg_id":16,"sender":"n1","type":"gossip"}}
2023/05/29 23:16:32 Sent {"src":"n4","dest":"n1","body":{"in_reply_to":25,"type":"gossip_ok"}}
2023/05/29 23:16:32 Received {n1 n4 {"in_reply_to":13,"type":"gossip_ok"}}
2023/05/29 23:16:32 Received {n1 n4 {"counter":3,"message":9,"msg_id":28,"sender":"n1","type":"gossip"}}
2023/05/29 23:16:32 Sent {"src":"n4","dest":"n1","body":{"in_reply_to":28,"type":"gossip_ok"}}
2023/05/29 23:16:32 Received {n1 n4 {"in_reply_to":15,"type":"gossip_ok"}}
2023/05/29 23:16:32 Received {c13 n4 {"type":"read","msg_id":3}}
2023/05/29 23:16:32 Sent {"src":"n4","dest":"c13","body":{"in_reply_to":3,"messages":[0,2,2,3,4,7,8,9],"msg_id":3,"type":"read_ok"}}
2023/05/29 23:16:32 Received {n1 n4 {"counter":4,"message":11,"msg_id":31,"sender":"n0","type":"gossip"}}
2023/05/29 23:16:32 Sent {"src":"n4","dest":"n1","body":{"counter":4,"message":11,"msg_id":17,"sender":"n0","type":"gossip"}}
2023/05/29 23:16:32 Sent {"src":"n4","dest":"n3","body":{"counter":4,"message":11,"msg_id":18,"sender":"n0","type":"gossip"}}
2023/05/29 23:16:32 Sent {"src":"n4","dest":"n1","body":{"in_reply_to":31,"type":"gossip_ok"}}
2023/05/29 23:16:32 Received {n1 n4 {"in_reply_to":17,"type":"gossip_ok"}}
2023/05/29 23:16:32 Received {n1 n4 {"counter":5,"message":12,"msg_id":34,"sender":"n0","type":"gossip"}}
2023/05/29 23:16:32 Sent {"src":"n4","dest":"n1","body":{"counter":5,"message":12,"msg_id":19,"sender":"n0","type":"gossip"}}
2023/05/29 23:16:32 Sent {"src":"n4","dest":"n3","body":{"counter":5,"message":12,"msg_id":20,"sender":"n0","type":"gossip"}}
2023/05/29 23:16:32 Sent {"src":"n4","dest":"n1","body":{"in_reply_to":34,"type":"gossip_ok"}}
2023/05/29 23:16:32 Received {n1 n4 {"in_reply_to":19,"type":"gossip_ok"}}
2023/05/29 23:16:33 Received {c13 n4 {"type":"broadcast","message":13,"msg_id":4}}
2023/05/29 23:16:33 Sent {"src":"n4","dest":"n1","body":{"counter":2,"message":13,"msg_id":21,"sender":"n4","type":"gossip"}}
2023/05/29 23:16:33 Sent {"src":"n4","dest":"n3","body":{"counter":2,"message":13,"msg_id":22,"sender":"n4","type":"gossip"}}
2023/05/29 23:16:33 Sent {"src":"n4","dest":"c13","body":{"in_reply_to":4,"type":"broadcast_ok"}}
2023/05/29 23:16:33 Received {n1 n4 {"counter":2,"message":13,"msg_id":37,"sender":"n4","type":"gossip"}}
2023/05/29 23:16:33 Sent {"src":"n4","dest":"n1","body":{"counter":2,"message":13,"msg_id":23,"sender":"n4","type":"gossip"}}
2023/05/29 23:16:33 Sent {"src":"n4","dest":"n3","body":{"counter":2,"message":13,"msg_id":24,"sender":"n4","type":"gossip"}}
2023/05/29 23:16:33 Sent {"src":"n4","dest":"n1","body":{"in_reply_to":37,"type":"gossip_ok"}}
2023/05/29 23:16:33 Received {n1 n4 {"in_reply_to":21,"type":"gossip_ok"}}
2023/05/29 23:16:33 Received {n1 n4 {"in_reply_to":23,"type":"gossip_ok"}}
2023/05/29 23:16:33 Received {n1 n4 {"counter":6,"message":14,"msg_id":40,"sender":"n0","type":"gossip"}}
2023/05/29 23:16:33 Sent {"src":"n4","dest":"n1","body":{"counter":6,"message":14,"msg_id":25,"sender":"n0","type":"gossip"}}
2023/05/29 23:16:33 Sent {"src":"n4","dest":"n3","body":{"counter":6,"message":14,"msg_id":26,"sender":"n0","type":"gossip"}}
2023/05/29 23:16:33 Sent {"src":"n4","dest":"n1","body":{"in_reply_to":40,"type":"gossip_ok"}}
2023/05/29 23:16:33 Received {n1 n4 {"in_reply_to":25,"type":"gossip_ok"}}
2023/05/29 23:16:33 Received {n1 n4 {"counter":7,"message":15,"msg_id":43,"sender":"n0","type":"gossip"}}
2023/05/29 23:16:33 Sent {"src":"n4","dest":"n1","body":{"counter":7,"message":15,"msg_id":27,"sender":"n0","type":"gossip"}}
2023/05/29 23:16:33 Sent {"src":"n4","dest":"n3","body":{"counter":7,"message":15,"msg_id":28,"sender":"n0","type":"gossip"}}
2023/05/29 23:16:33 Sent {"src":"n4","dest":"n1","body":{"in_reply_to":43,"type":"gossip_ok"}}
2023/05/29 23:16:33 Received {n1 n4 {"in_reply_to":27,"type":"gossip_ok"}}
2023/05/29 23:16:34 Received {c13 n4 {"type":"read","msg_id":5}}
2023/05/29 23:16:34 Sent {"src":"n4","dest":"c13","body":{"in_reply_to":5,"messages":[0,2,2,3,4,7,8,9,11,12,13,13,14,15],"msg_id":5,"type":"read_ok"}}
2023/05/29 23:16:34 Received {c13 n4 {"type":"broadcast","message":18,"msg_id":6}}
2023/05/29 23:16:34 Sent {"src":"n4","dest":"n1","body":{"counter":3,"message":18,"msg_id":29,"sender":"n4","type":"gossip"}}
2023/05/29 23:16:34 Sent {"src":"n4","dest":"n3","body":{"counter":3,"message":18,"msg_id":30,"sender":"n4","type":"gossip"}}
2023/05/29 23:16:34 Sent {"src":"n4","dest":"c13","body":{"in_reply_to":6,"type":"broadcast_ok"}}
2023/05/29 23:16:34 Received {n1 n4 {"counter":3,"message":18,"msg_id":46,"sender":"n4","type":"gossip"}}
2023/05/29 23:16:34 Sent {"src":"n4","dest":"n1","body":{"counter":3,"message":18,"msg_id":31,"sender":"n4","type":"gossip"}}
2023/05/29 23:16:34 Sent {"src":"n4","dest":"n3","body":{"counter":3,"message":18,"msg_id":32,"sender":"n4","type":"gossip"}}
2023/05/29 23:16:34 Sent {"src":"n4","dest":"n1","body":{"in_reply_to":46,"type":"gossip_ok"}}
2023/05/29 23:16:34 Received {n1 n4 {"in_reply_to":29,"type":"gossip_ok"}}
2023/05/29 23:16:34 Received {n1 n4 {"in_reply_to":31,"type":"gossip_ok"}}
2023/05/29 23:16:35 Received {n1 n4 {"counter":4,"message":19,"msg_id":49,"sender":"n1","type":"gossip"}}
2023/05/29 23:16:35 Sent {"src":"n4","dest":"n1","body":{"counter":4,"message":19,"msg_id":33,"sender":"n1","type":"gossip"}}
2023/05/29 23:16:35 Sent {"src":"n4","dest":"n3","body":{"counter":4,"message":19,"msg_id":34,"sender":"n1","type":"gossip"}}
2023/05/29 23:16:35 Sent {"src":"n4","dest":"n1","body":{"in_reply_to":49,"type":"gossip_ok"}}
2023/05/29 23:16:35 Received {n1 n4 {"counter":4,"message":19,"msg_id":52,"sender":"n1","type":"gossip"}}
2023/05/29 23:16:35 Sent {"src":"n4","dest":"n1","body":{"in_reply_to":52,"type":"gossip_ok"}}
2023/05/29 23:16:35 Received {n1 n4 {"in_reply_to":33,"type":"gossip_ok"}}
2023/05/29 23:16:35 Received {c13 n4 {"type":"broadcast","message":21,"msg_id":7}}
2023/05/29 23:16:35 Sent {"src":"n4","dest":"n1","body":{"counter":4,"message":21,"msg_id":35,"sender":"n4","type":"gossip"}}
2023/05/29 23:16:35 Sent {"src":"n4","dest":"n3","body":{"counter":4,"message":21,"msg_id":36,"sender":"n4","type":"gossip"}}
2023/05/29 23:16:35 Sent {"src":"n4","dest":"c13","body":{"in_reply_to":7,"type":"broadcast_ok"}}
2023/05/29 23:16:35 Received {n1 n4 {"counter":4,"message":21,"msg_id":55,"sender":"n4","type":"gossip"}}
2023/05/29 23:16:35 Sent {"src":"n4","dest":"n1","body":{"counter":4,"message":21,"msg_id":37,"sender":"n4","type":"gossip"}}
2023/05/29 23:16:35 Sent {"src":"n4","dest":"n3","body":{"counter":4,"message":21,"msg_id":38,"sender":"n4","type":"gossip"}}
2023/05/29 23:16:35 Sent {"src":"n4","dest":"n1","body":{"in_reply_to":55,"type":"gossip_ok"}}
2023/05/29 23:16:35 Received {n1 n4 {"in_reply_to":35,"type":"gossip_ok"}}
2023/05/29 23:16:35 Received {n1 n4 {"in_reply_to":37,"type":"gossip_ok"}}
2023/05/29 23:16:35 Received {n1 n4 {"counter":8,"message":22,"msg_id":58,"sender":"n0","type":"gossip"}}
2023/05/29 23:16:35 Sent {"src":"n4","dest":"n1","body":{"counter":8,"message":22,"msg_id":39,"sender":"n0","type":"gossip"}}
2023/05/29 23:16:35 Sent {"src":"n4","dest":"n3","body":{"counter":8,"message":22,"msg_id":40,"sender":"n0","type":"gossip"}}
2023/05/29 23:16:35 Sent {"src":"n4","dest":"n1","body":{"in_reply_to":58,"type":"gossip_ok"}}
2023/05/29 23:16:35 Received {n1 n4 {"in_reply_to":39,"type":"gossip_ok"}}
2023/05/29 23:16:35 Received {c13 n4 {"type":"broadcast","message":24,"msg_id":8}}
2023/05/29 23:16:35 Sent {"src":"n4","dest":"n1","body":{"counter":5,"message":24,"msg_id":41,"sender":"n4","type":"gossip"}}
2023/05/29 23:16:35 Sent {"src":"n4","dest":"n3","body":{"counter":5,"message":24,"msg_id":42,"sender":"n4","type":"gossip"}}
2023/05/29 23:16:35 Sent {"src":"n4","dest":"c13","body":{"in_reply_to":8,"type":"broadcast_ok"}}
2023/05/29 23:16:35 Received {n1 n4 {"counter":5,"message":24,"msg_id":61,"sender":"n4","type":"gossip"}}
2023/05/29 23:16:35 Sent {"src":"n4","dest":"n1","body":{"counter":5,"message":24,"msg_id":43,"sender":"n4","type":"gossip"}}
2023/05/29 23:16:35 Sent {"src":"n4","dest":"n3","body":{"counter":5,"message":24,"msg_id":44,"sender":"n4","type":"gossip"}}
2023/05/29 23:16:35 Sent {"src":"n4","dest":"n1","body":{"in_reply_to":61,"type":"gossip_ok"}}
2023/05/29 23:16:35 Received {n1 n4 {"in_reply_to":41,"type":"gossip_ok"}}
2023/05/29 23:16:35 Received {n1 n4 {"in_reply_to":43,"type":"gossip_ok"}}
2023/05/29 23:16:35 Received {n1 n4 {"counter":9,"message":25,"msg_id":64,"sender":"n0","type":"gossip"}}
2023/05/29 23:16:35 Sent {"src":"n4","dest":"n1","body":{"counter":9,"message":25,"msg_id":45,"sender":"n0","type":"gossip"}}
2023/05/29 23:16:35 Sent {"src":"n4","dest":"n3","body":{"counter":9,"message":25,"msg_id":46,"sender":"n0","type":"gossip"}}
2023/05/29 23:16:35 Sent {"src":"n4","dest":"n1","body":{"in_reply_to":64,"type":"gossip_ok"}}
2023/05/29 23:16:35 Received {n1 n4 {"in_reply_to":45,"type":"gossip_ok"}}
2023/05/29 23:16:36 Received {n1 n4 {"counter":10,"message":26,"msg_id":67,"sender":"n0","type":"gossip"}}
2023/05/29 23:16:36 Sent {"src":"n4","dest":"n1","body":{"counter":10,"message":26,"msg_id":47,"sender":"n0","type":"gossip"}}
2023/05/29 23:16:36 Sent {"src":"n4","dest":"n3","body":{"counter":10,"message":26,"msg_id":48,"sender":"n0","type":"gossip"}}
2023/05/29 23:16:36 Sent {"src":"n4","dest":"n1","body":{"in_reply_to":67,"type":"gossip_ok"}}
2023/05/29 23:16:36 Received {n1 n4 {"in_reply_to":47,"type":"gossip_ok"}}
2023/05/29 23:16:36 Received {c13 n4 {"type":"read","msg_id":9}}
2023/05/29 23:16:36 Sent {"src":"n4","dest":"c13","body":{"in_reply_to":9,"messages":[0,2,2,3,4,7,8,9,11,12,13,13,14,15,18,18,19,21,21,22,24,24,25,26],"msg_id":9,"type":"read_ok"}}
2023/05/29 23:16:37 Received {c13 n4 {"type":"broadcast","message":28,"msg_id":10}}
2023/05/29 23:16:37 Sent {"src":"n4","dest":"n1","body":{"counter":6,"message":28,"msg_id":49,"sender":"n4","type":"gossip"}}
2023/05/29 23:16:37 Sent {"src":"n4","dest":"n3","body":{"counter":6,"message":28,"msg_id":50,"sender":"n4","type":"gossip"}}
2023/05/29 23:16:37 Sent {"src":"n4","dest":"c13","body":{"in_reply_to":10,"type":"broadcast_ok"}}
2023/05/29 23:16:37 Received {n1 n4 {"counter":6,"message":28,"msg_id":70,"sender":"n4","type":"gossip"}}
2023/05/29 23:16:37 Sent {"src":"n4","dest":"n1","body":{"counter":6,"message":28,"msg_id":51,"sender":"n4","type":"gossip"}}
2023/05/29 23:16:37 Sent {"src":"n4","dest":"n3","body":{"counter":6,"message":28,"msg_id":52,"sender":"n4","type":"gossip"}}
2023/05/29 23:16:37 Sent {"src":"n4","dest":"n1","body":{"in_reply_to":70,"type":"gossip_ok"}}
2023/05/29 23:16:37 Received {n1 n4 {"in_reply_to":49,"type":"gossip_ok"}}
2023/05/29 23:16:37 Received {n1 n4 {"in_reply_to":51,"type":"gossip_ok"}}
2023/05/29 23:16:37 Received {n1 n4 {"counter":11,"message":29,"msg_id":73,"sender":"n0","type":"gossip"}}
2023/05/29 23:16:37 Sent {"src":"n4","dest":"n1","body":{"counter":11,"message":29,"msg_id":53,"sender":"n0","type":"gossip"}}
2023/05/29 23:16:37 Sent {"src":"n4","dest":"n3","body":{"counter":11,"message":29,"msg_id":54,"sender":"n0","type":"gossip"}}
2023/05/29 23:16:37 Sent {"src":"n4","dest":"n1","body":{"in_reply_to":73,"type":"gossip_ok"}}
2023/05/29 23:16:37 Received {n1 n4 {"in_reply_to":53,"type":"gossip_ok"}}
2023/05/29 23:16:37 Received {c13 n4 {"type":"read","msg_id":11}}
2023/05/29 23:16:37 Sent {"src":"n4","dest":"c13","body":{"in_reply_to":11,"messages":[0,2,2,3,4,7,8,9,11,12,13,13,14,15,18,18,19,21,21,22,24,24,25,26,28,28,29],"msg_id":11,"type":"read_ok"}}
2023/05/29 23:16:38 Received {c13 n4 {"type":"broadcast","message":30,"msg_id":12}}
2023/05/29 23:16:38 Sent {"src":"n4","dest":"n1","body":{"counter":7,"message":30,"msg_id":55,"sender":"n4","type":"gossip"}}
2023/05/29 23:16:38 Sent {"src":"n4","dest":"n3","body":{"counter":7,"message":30,"msg_id":56,"sender":"n4","type":"gossip"}}
2023/05/29 23:16:38 Sent {"src":"n4","dest":"c13","body":{"in_reply_to":12,"type":"broadcast_ok"}}
2023/05/29 23:16:38 Received {n1 n4 {"counter":7,"message":30,"msg_id":76,"sender":"n4","type":"gossip"}}
2023/05/29 23:16:38 Received {n1 n4 {"in_reply_to":55,"type":"gossip_ok"}}
2023/05/29 23:16:38 Sent {"src":"n4","dest":"n1","body":{"counter":7,"message":30,"msg_id":57,"sender":"n4","type":"gossip"}}
2023/05/29 23:16:38 Sent {"src":"n4","dest":"n3","body":{"counter":7,"message":30,"msg_id":58,"sender":"n4","type":"gossip"}}
2023/05/29 23:16:38 Sent {"src":"n4","dest":"n1","body":{"in_reply_to":76,"type":"gossip_ok"}}
2023/05/29 23:16:38 Received {n1 n4 {"in_reply_to":57,"type":"gossip_ok"}}
2023/05/29 23:16:38 Received {n1 n4 {"counter":12,"message":31,"msg_id":79,"sender":"n0","type":"gossip"}}
2023/05/29 23:16:38 Sent {"src":"n4","dest":"n1","body":{"counter":12,"message":31,"msg_id":59,"sender":"n0","type":"gossip"}}
2023/05/29 23:16:38 Sent {"src":"n4","dest":"n3","body":{"counter":12,"message":31,"msg_id":60,"sender":"n0","type":"gossip"}}
2023/05/29 23:16:38 Sent {"src":"n4","dest":"n1","body":{"in_reply_to":79,"type":"gossip_ok"}}
2023/05/29 23:16:38 Received {n1 n4 {"in_reply_to":59,"type":"gossip_ok"}}
2023/05/29 23:16:38 Received {n1 n4 {"counter":13,"message":32,"msg_id":82,"sender":"n0","type":"gossip"}}
2023/05/29 23:16:38 Sent {"src":"n4","dest":"n1","body":{"counter":13,"message":32,"msg_id":61,"sender":"n0","type":"gossip"}}
2023/05/29 23:16:38 Sent {"src":"n4","dest":"n3","body":{"counter":13,"message":32,"msg_id":62,"sender":"n0","type":"gossip"}}
2023/05/29 23:16:38 Sent {"src":"n4","dest":"n1","body":{"in_reply_to":82,"type":"gossip_ok"}}
2023/05/29 23:16:38 Received {n1 n4 {"in_reply_to":61,"type":"gossip_ok"}}
2023/05/29 23:16:38 Received {n1 n4 {"counter":5,"message":33,"msg_id":85,"sender":"n1","type":"gossip"}}
2023/05/29 23:16:38 Sent {"src":"n4","dest":"n1","body":{"counter":5,"message":33,"msg_id":63,"sender":"n1","type":"gossip"}}
2023/05/29 23:16:38 Sent {"src":"n4","dest":"n3","body":{"counter":5,"message":33,"msg_id":64,"sender":"n1","type":"gossip"}}
2023/05/29 23:16:38 Sent {"src":"n4","dest":"n1","body":{"in_reply_to":85,"type":"gossip_ok"}}
2023/05/29 23:16:38 Received {n1 n4 {"counter":5,"message":33,"msg_id":88,"sender":"n1","type":"gossip"}}
2023/05/29 23:16:38 Received {n1 n4 {"in_reply_to":63,"type":"gossip_ok"}}
2023/05/29 23:16:38 Sent {"src":"n4","dest":"n1","body":{"in_reply_to":88,"type":"gossip_ok"}}
2023/05/29 23:16:39 Received {c13 n4 {"type":"read","msg_id":13}}
2023/05/29 23:16:39 Sent {"src":"n4","dest":"c13","body":{"in_reply_to":13,"messages":[0,2,2,3,4,7,8,9,11,12,13,13,14,15,18,18,19,21,21,22,24,24,25,26,28,28,29,30,30,31,32,33],"msg_id":13,"type":"read_ok"}}
2023/05/29 23:16:39 Received {n1 n4 {"counter":14,"message":34,"msg_id":91,"sender":"n0","type":"gossip"}}
2023/05/29 23:16:39 Sent {"src":"n4","dest":"n1","body":{"counter":14,"message":34,"msg_id":65,"sender":"n0","type":"gossip"}}
2023/05/29 23:16:39 Sent {"src":"n4","dest":"n3","body":{"counter":14,"message":34,"msg_id":66,"sender":"n0","type":"gossip"}}
2023/05/29 23:16:39 Sent {"src":"n4","dest":"n1","body":{"in_reply_to":91,"type":"gossip_ok"}}
2023/05/29 23:16:39 Received {n1 n4 {"in_reply_to":65,"type":"gossip_ok"}}
2023/05/29 23:16:39 Received {n1 n4 {"counter":6,"message":35,"msg_id":94,"sender":"n1","type":"gossip"}}
2023/05/29 23:16:39 Sent {"src":"n4","dest":"n1","body":{"counter":6,"message":35,"msg_id":67,"sender":"n1","type":"gossip"}}
2023/05/29 23:16:39 Sent {"src":"n4","dest":"n3","body":{"counter":6,"message":35,"msg_id":68,"sender":"n1","type":"gossip"}}
2023/05/29 23:16:39 Sent {"src":"n4","dest":"n1","body":{"in_reply_to":94,"type":"gossip_ok"}}
2023/05/29 23:16:39 Received {n1 n4 {"counter":6,"message":35,"msg_id":97,"sender":"n1","type":"gossip"}}
2023/05/29 23:16:39 Sent {"src":"n4","dest":"n1","body":{"in_reply_to":97,"type":"gossip_ok"}}
2023/05/29 23:16:39 Received {n1 n4 {"in_reply_to":67,"type":"gossip_ok"}}
2023/05/29 23:16:39 Received {c13 n4 {"type":"broadcast","message":36,"msg_id":14}}
2023/05/29 23:16:39 Sent {"src":"n4","dest":"n1","body":{"counter":8,"message":36,"msg_id":69,"sender":"n4","type":"gossip"}}
2023/05/29 23:16:39 Sent {"src":"n4","dest":"n3","body":{"counter":8,"message":36,"msg_id":70,"sender":"n4","type":"gossip"}}
2023/05/29 23:16:39 Sent {"src":"n4","dest":"c13","body":{"in_reply_to":14,"type":"broadcast_ok"}}
2023/05/29 23:16:39 Received {n1 n4 {"counter":8,"message":36,"msg_id":100,"sender":"n4","type":"gossip"}}
2023/05/29 23:16:39 Received {n1 n4 {"in_reply_to":69,"type":"gossip_ok"}}
2023/05/29 23:16:39 Sent {"src":"n4","dest":"n1","body":{"counter":8,"message":36,"msg_id":71,"sender":"n4","type":"gossip"}}
2023/05/29 23:16:39 Sent {"src":"n4","dest":"n3","body":{"counter":8,"message":36,"msg_id":72,"sender":"n4","type":"gossip"}}
2023/05/29 23:16:39 Sent {"src":"n4","dest":"n1","body":{"in_reply_to":100,"type":"gossip_ok"}}
2023/05/29 23:16:39 Received {n1 n4 {"in_reply_to":71,"type":"gossip_ok"}}
2023/05/29 23:16:40 Received {c13 n4 {"type":"broadcast","message":38,"msg_id":15}}
2023/05/29 23:16:40 Sent {"src":"n4","dest":"n1","body":{"counter":9,"message":38,"msg_id":73,"sender":"n4","type":"gossip"}}
2023/05/29 23:16:40 Sent {"src":"n4","dest":"n3","body":{"counter":9,"message":38,"msg_id":74,"sender":"n4","type":"gossip"}}
2023/05/29 23:16:40 Sent {"src":"n4","dest":"c13","body":{"in_reply_to":15,"type":"broadcast_ok"}}
2023/05/29 23:16:40 Received {n1 n4 {"counter":9,"message":38,"msg_id":103,"sender":"n4","type":"gossip"}}
2023/05/29 23:16:40 Sent {"src":"n4","dest":"n1","body":{"counter":9,"message":38,"msg_id":75,"sender":"n4","type":"gossip"}}
2023/05/29 23:16:40 Sent {"src":"n4","dest":"n3","body":{"counter":9,"message":38,"msg_id":76,"sender":"n4","type":"gossip"}}
2023/05/29 23:16:40 Sent {"src":"n4","dest":"n1","body":{"in_reply_to":103,"type":"gossip_ok"}}
2023/05/29 23:16:40 Received {n1 n4 {"in_reply_to":73,"type":"gossip_ok"}}
2023/05/29 23:16:40 Received {n1 n4 {"in_reply_to":75,"type":"gossip_ok"}}
2023/05/29 23:16:40 Received {n1 n4 {"counter":15,"message":39,"msg_id":106,"sender":"n0","type":"gossip"}}
2023/05/29 23:16:40 Sent {"src":"n4","dest":"n1","body":{"counter":15,"message":39,"msg_id":77,"sender":"n0","type":"gossip"}}
2023/05/29 23:16:40 Sent {"src":"n4","dest":"n3","body":{"counter":15,"message":39,"msg_id":78,"sender":"n0","type":"gossip"}}
2023/05/29 23:16:40 Sent {"src":"n4","dest":"n1","body":{"in_reply_to":106,"type":"gossip_ok"}}
2023/05/29 23:16:40 Received {n1 n4 {"in_reply_to":77,"type":"gossip_ok"}}
2023/05/29 23:16:41 Received {c13 n4 {"type":"read","msg_id":16}}
2023/05/29 23:16:41 Sent {"src":"n4","dest":"c13","body":{"in_reply_to":16,"messages":[0,2,2,3,4,7,8,9,11,12,13,13,14,15,18,18,19,21,21,22,24,24,25,26,28,28,29,30,30,31,32,33,34,35,36,36,38,38,39],"msg_id":16,"type":"read_ok"}}
2023/05/29 23:16:41 Received {n1 n4 {"counter":16,"message":42,"msg_id":109,"sender":"n0","type":"gossip"}}
2023/05/29 23:16:41 Sent {"src":"n4","dest":"n1","body":{"counter":16,"message":42,"msg_id":79,"sender":"n0","type":"gossip"}}
2023/05/29 23:16:41 Sent {"src":"n4","dest":"n3","body":{"counter":16,"message":42,"msg_id":80,"sender":"n0","type":"gossip"}}
2023/05/29 23:16:41 Sent {"src":"n4","dest":"n1","body":{"in_reply_to":109,"type":"gossip_ok"}}
2023/05/29 23:16:41 Received {n1 n4 {"in_reply_to":79,"type":"gossip_ok"}}
2023/05/29 23:16:41 Received {n1 n4 {"counter":17,"message":43,"msg_id":112,"sender":"n0","type":"gossip"}}
2023/05/29 23:16:41 Sent {"src":"n4","dest":"n1","body":{"counter":17,"message":43,"msg_id":81,"sender":"n0","type":"gossip"}}
2023/05/29 23:16:41 Sent {"src":"n4","dest":"n3","body":{"counter":17,"message":43,"msg_id":82,"sender":"n0","type":"gossip"}}
2023/05/29 23:16:41 Sent {"src":"n4","dest":"n1","body":{"in_reply_to":112,"type":"gossip_ok"}}
2023/05/29 23:16:41 Received {n1 n4 {"in_reply_to":81,"type":"gossip_ok"}}
2023/05/29 23:16:41 Received {n1 n4 {"counter":7,"message":44,"msg_id":115,"sender":"n1","type":"gossip"}}
2023/05/29 23:16:41 Sent {"src":"n4","dest":"n1","body":{"counter":7,"message":44,"msg_id":83,"sender":"n1","type":"gossip"}}
2023/05/29 23:16:41 Sent {"src":"n4","dest":"n3","body":{"counter":7,"message":44,"msg_id":84,"sender":"n1","type":"gossip"}}
2023/05/29 23:16:41 Sent {"src":"n4","dest":"n1","body":{"in_reply_to":115,"type":"gossip_ok"}}
2023/05/29 23:16:41 Received {n1 n4 {"counter":7,"message":44,"msg_id":118,"sender":"n1","type":"gossip"}}
2023/05/29 23:16:41 Sent {"src":"n4","dest":"n1","body":{"in_reply_to":118,"type":"gossip_ok"}}
2023/05/29 23:16:41 Received {n1 n4 {"in_reply_to":83,"type":"gossip_ok"}}
2023/05/29 23:16:42 Received {c13 n4 {"type":"broadcast","message":47,"msg_id":17}}
2023/05/29 23:16:42 Sent {"src":"n4","dest":"n1","body":{"counter":10,"message":47,"msg_id":85,"sender":"n4","type":"gossip"}}
2023/05/29 23:16:42 Sent {"src":"n4","dest":"n3","body":{"counter":10,"message":47,"msg_id":86,"sender":"n4","type":"gossip"}}
2023/05/29 23:16:42 Sent {"src":"n4","dest":"c13","body":{"in_reply_to":17,"type":"broadcast_ok"}}
2023/05/29 23:16:42 Received {n1 n4 {"counter":10,"message":47,"msg_id":121,"sender":"n4","type":"gossip"}}
2023/05/29 23:16:42 Sent {"src":"n4","dest":"n1","body":{"counter":10,"message":47,"msg_id":87,"sender":"n4","type":"gossip"}}
2023/05/29 23:16:42 Sent {"src":"n4","dest":"n3","body":{"counter":10,"message":47,"msg_id":88,"sender":"n4","type":"gossip"}}
2023/05/29 23:16:42 Sent {"src":"n4","dest":"n1","body":{"in_reply_to":121,"type":"gossip_ok"}}
2023/05/29 23:16:42 Received {n1 n4 {"in_reply_to":85,"type":"gossip_ok"}}
2023/05/29 23:16:42 Received {n1 n4 {"in_reply_to":87,"type":"gossip_ok"}}
2023/05/29 23:16:42 Received {n1 n4 {"counter":18,"message":48,"msg_id":124,"sender":"n0","type":"gossip"}}
2023/05/29 23:16:42 Sent {"src":"n4","dest":"n1","body":{"counter":18,"message":48,"msg_id":89,"sender":"n0","type":"gossip"}}
2023/05/29 23:16:42 Sent {"src":"n4","dest":"n3","body":{"counter":18,"message":48,"msg_id":90,"sender":"n0","type":"gossip"}}
2023/05/29 23:16:42 Sent {"src":"n4","dest":"n1","body":{"in_reply_to":124,"type":"gossip_ok"}}
2023/05/29 23:16:42 Received {n1 n4 {"in_reply_to":89,"type":"gossip_ok"}}
2023/05/29 23:16:42 Received {n1 n4 {"counter":19,"message":49,"msg_id":127,"sender":"n0","type":"gossip"}}
2023/05/29 23:16:42 Sent {"src":"n4","dest":"n1","body":{"counter":19,"message":49,"msg_id":91,"sender":"n0","type":"gossip"}}
2023/05/29 23:16:42 Sent {"src":"n4","dest":"n3","body":{"counter":19,"message":49,"msg_id":92,"sender":"n0","type":"gossip"}}
2023/05/29 23:16:42 Sent {"src":"n4","dest":"n1","body":{"in_reply_to":127,"type":"gossip_ok"}}
2023/05/29 23:16:42 Received {n1 n4 {"in_reply_to":91,"type":"gossip_ok"}}
2023/05/29 23:16:42 Received {c13 n4 {"type":"read","msg_id":18}}
2023/05/29 23:16:42 Sent {"src":"n4","dest":"c13","body":{"in_reply_to":18,"messages":[0,2,2,3,4,7,8,9,11,12,13,13,14,15,18,18,19,21,21,22,24,24,25,26,28,28,29,30,30,31,32,33,34,35,36,36,38,38,39,42,43,44,47,47,48,49],"msg_id":18,"type":"read_ok"}}
2023/05/29 23:16:42 Received {n1 n4 {"counter":20,"message":50,"msg_id":130,"sender":"n0","type":"gossip"}}
2023/05/29 23:16:42 Sent {"src":"n4","dest":"n1","body":{"counter":20,"message":50,"msg_id":93,"sender":"n0","type":"gossip"}}
2023/05/29 23:16:42 Sent {"src":"n4","dest":"n3","body":{"counter":20,"message":50,"msg_id":94,"sender":"n0","type":"gossip"}}
2023/05/29 23:16:42 Sent {"src":"n4","dest":"n1","body":{"in_reply_to":130,"type":"gossip_ok"}}
2023/05/29 23:16:42 Received {n1 n4 {"in_reply_to":93,"type":"gossip_ok"}}
2023/05/29 23:16:42 Received {n1 n4 {"counter":21,"message":51,"msg_id":133,"sender":"n0","type":"gossip"}}
2023/05/29 23:16:42 Sent {"src":"n4","dest":"n1","body":{"counter":21,"message":51,"msg_id":95,"sender":"n0","type":"gossip"}}
2023/05/29 23:16:42 Sent {"src":"n4","dest":"n3","body":{"counter":21,"message":51,"msg_id":96,"sender":"n0","type":"gossip"}}
2023/05/29 23:16:42 Sent {"src":"n4","dest":"n1","body":{"in_reply_to":133,"type":"gossip_ok"}}
2023/05/29 23:16:42 Received {n1 n4 {"in_reply_to":95,"type":"gossip_ok"}}
2023/05/29 23:16:42 Received {n1 n4 {"counter":8,"message":52,"msg_id":136,"sender":"n1","type":"gossip"}}
2023/05/29 23:16:42 Sent {"src":"n4","dest":"n1","body":{"counter":8,"message":52,"msg_id":97,"sender":"n1","type":"gossip"}}
2023/05/29 23:16:42 Sent {"src":"n4","dest":"n3","body":{"counter":8,"message":52,"msg_id":98,"sender":"n1","type":"gossip"}}
2023/05/29 23:16:42 Sent {"src":"n4","dest":"n1","body":{"in_reply_to":136,"type":"gossip_ok"}}
2023/05/29 23:16:42 Received {n1 n4 {"counter":8,"message":52,"msg_id":139,"sender":"n1","type":"gossip"}}
2023/05/29 23:16:42 Sent {"src":"n4","dest":"n1","body":{"in_reply_to":139,"type":"gossip_ok"}}
2023/05/29 23:16:42 Received {n1 n4 {"in_reply_to":97,"type":"gossip_ok"}}
2023/05/29 23:16:43 Received {c13 n4 {"type":"read","msg_id":19}}
2023/05/29 23:16:43 Sent {"src":"n4","dest":"c13","body":{"in_reply_to":19,"messages":[0,2,2,3,4,7,8,9,11,12,13,13,14,15,18,18,19,21,21,22,24,24,25,26,28,28,29,30,30,31,32,33,34,35,36,36,38,38,39,42,43,44,47,47,48,49,50,51,52],"msg_id":19,"type":"read_ok"}}
2023/05/29 23:16:43 Received {n1 n4 {"counter":22,"message":54,"msg_id":142,"sender":"n0","type":"gossip"}}
2023/05/29 23:16:43 Sent {"src":"n4","dest":"n1","body":{"counter":22,"message":54,"msg_id":99,"sender":"n0","type":"gossip"}}
2023/05/29 23:16:43 Sent {"src":"n4","dest":"n3","body":{"counter":22,"message":54,"msg_id":100,"sender":"n0","type":"gossip"}}
2023/05/29 23:16:43 Sent {"src":"n4","dest":"n1","body":{"in_reply_to":142,"type":"gossip_ok"}}
2023/05/29 23:16:43 Received {n1 n4 {"in_reply_to":99,"type":"gossip_ok"}}
2023/05/29 23:16:43 Received {c13 n4 {"type":"broadcast","message":56,"msg_id":20}}
2023/05/29 23:16:43 Sent {"src":"n4","dest":"n1","body":{"counter":11,"message":56,"msg_id":101,"sender":"n4","type":"gossip"}}
2023/05/29 23:16:43 Sent {"src":"n4","dest":"n3","body":{"counter":11,"message":56,"msg_id":102,"sender":"n4","type":"gossip"}}
2023/05/29 23:16:43 Sent {"src":"n4","dest":"c13","body":{"in_reply_to":20,"type":"broadcast_ok"}}
2023/05/29 23:16:43 Received {n1 n4 {"counter":11,"message":56,"msg_id":145,"sender":"n4","type":"gossip"}}
2023/05/29 23:16:43 Received {n1 n4 {"in_reply_to":101,"type":"gossip_ok"}}
2023/05/29 23:16:43 Sent {"src":"n4","dest":"n1","body":{"counter":11,"message":56,"msg_id":103,"sender":"n4","type":"gossip"}}
2023/05/29 23:16:43 Sent {"src":"n4","dest":"n3","body":{"counter":11,"message":56,"msg_id":104,"sender":"n4","type":"gossip"}}
2023/05/29 23:16:43 Sent {"src":"n4","dest":"n1","body":{"in_reply_to":145,"type":"gossip_ok"}}
2023/05/29 23:16:43 Received {n1 n4 {"in_reply_to":103,"type":"gossip_ok"}}
2023/05/29 23:16:44 Received {c13 n4 {"type":"read","msg_id":21}}
2023/05/29 23:16:44 Sent {"src":"n4","dest":"c13","body":{"in_reply_to":21,"messages":[0,2,2,3,4,7,8,9,11,12,13,13,14,15,18,18,19,21,21,22,24,24,25,26,28,28,29,30,30,31,32,33,34,35,36,36,38,38,39,42,43,44,47,47,48,49,50,51,52,54,56,56],"msg_id":21,"type":"read_ok"}}
2023/05/29 23:16:44 Received {n1 n4 {"counter":23,"message":58,"msg_id":148,"sender":"n0","type":"gossip"}}
2023/05/29 23:16:44 Sent {"src":"n4","dest":"n1","body":{"counter":23,"message":58,"msg_id":105,"sender":"n0","type":"gossip"}}
2023/05/29 23:16:44 Sent {"src":"n4","dest":"n3","body":{"counter":23,"message":58,"msg_id":106,"sender":"n0","type":"gossip"}}
2023/05/29 23:16:44 Sent {"src":"n4","dest":"n1","body":{"in_reply_to":148,"type":"gossip_ok"}}
2023/05/29 23:16:44 Received {n1 n4 {"in_reply_to":105,"type":"gossip_ok"}}
2023/05/29 23:16:45 Received {c13 n4 {"type":"read","msg_id":22}}
2023/05/29 23:16:45 Sent {"src":"n4","dest":"c13","body":{"in_reply_to":22,"messages":[0,2,2,3,4,7,8,9,11,12,13,13,14,15,18,18,19,21,21,22,24,24,25,26,28,28,29,30,30,31,32,33,34,35,36,36,38,38,39,42,43,44,47,47,48,49,50,51,52,54,56,56,58],"msg_id":22,"type":"read_ok"}}
2023/05/29 23:16:45 Received {n1 n4 {"counter":24,"message":60,"msg_id":151,"sender":"n0","type":"gossip"}}
2023/05/29 23:16:45 Sent {"src":"n4","dest":"n1","body":{"counter":24,"message":60,"msg_id":107,"sender":"n0","type":"gossip"}}
2023/05/29 23:16:45 Sent {"src":"n4","dest":"n3","body":{"counter":24,"message":60,"msg_id":108,"sender":"n0","type":"gossip"}}
2023/05/29 23:16:45 Sent {"src":"n4","dest":"n1","body":{"in_reply_to":151,"type":"gossip_ok"}}
2023/05/29 23:16:45 Received {n1 n4 {"in_reply_to":107,"type":"gossip_ok"}}
2023/05/29 23:16:45 Received {n1 n4 {"counter":25,"message":61,"msg_id":154,"sender":"n0","type":"gossip"}}
2023/05/29 23:16:45 Sent {"src":"n4","dest":"n1","body":{"counter":25,"message":61,"msg_id":109,"sender":"n0","type":"gossip"}}
2023/05/29 23:16:45 Sent {"src":"n4","dest":"n3","body":{"counter":25,"message":61,"msg_id":110,"sender":"n0","type":"gossip"}}
2023/05/29 23:16:45 Sent {"src":"n4","dest":"n1","body":{"in_reply_to":154,"type":"gossip_ok"}}
2023/05/29 23:16:45 Received {n1 n4 {"in_reply_to":109,"type":"gossip_ok"}}
2023/05/29 23:16:45 Received {c13 n4 {"type":"broadcast","message":64,"msg_id":23}}
2023/05/29 23:16:45 Sent {"src":"n4","dest":"n1","body":{"counter":12,"message":64,"msg_id":111,"sender":"n4","type":"gossip"}}
2023/05/29 23:16:45 Sent {"src":"n4","dest":"n3","body":{"counter":12,"message":64,"msg_id":112,"sender":"n4","type":"gossip"}}
2023/05/29 23:16:45 Sent {"src":"n4","dest":"c13","body":{"in_reply_to":23,"type":"broadcast_ok"}}
2023/05/29 23:16:45 Received {n1 n4 {"counter":12,"message":64,"msg_id":157,"sender":"n4","type":"gossip"}}
2023/05/29 23:16:45 Sent {"src":"n4","dest":"n1","body":{"counter":12,"message":64,"msg_id":113,"sender":"n4","type":"gossip"}}
2023/05/29 23:16:45 Sent {"src":"n4","dest":"n3","body":{"counter":12,"message":64,"msg_id":114,"sender":"n4","type":"gossip"}}
2023/05/29 23:16:45 Sent {"src":"n4","dest":"n1","body":{"in_reply_to":157,"type":"gossip_ok"}}
2023/05/29 23:16:45 Received {n1 n4 {"in_reply_to":111,"type":"gossip_ok"}}
2023/05/29 23:16:45 Received {n1 n4 {"in_reply_to":113,"type":"gossip_ok"}}
2023/05/29 23:16:45 Received {n1 n4 {"counter":26,"message":65,"msg_id":160,"sender":"n0","type":"gossip"}}
2023/05/29 23:16:45 Sent {"src":"n4","dest":"n1","body":{"counter":26,"message":65,"msg_id":115,"sender":"n0","type":"gossip"}}
2023/05/29 23:16:45 Sent {"src":"n4","dest":"n3","body":{"counter":26,"message":65,"msg_id":116,"sender":"n0","type":"gossip"}}
2023/05/29 23:16:45 Sent {"src":"n4","dest":"n1","body":{"in_reply_to":160,"type":"gossip_ok"}}
2023/05/29 23:16:45 Received {n1 n4 {"in_reply_to":115,"type":"gossip_ok"}}
2023/05/29 23:16:46 Received {c13 n4 {"type":"broadcast","message":66,"msg_id":24}}
2023/05/29 23:16:46 Sent {"src":"n4","dest":"n1","body":{"counter":13,"message":66,"msg_id":117,"sender":"n4","type":"gossip"}}
2023/05/29 23:16:46 Sent {"src":"n4","dest":"n3","body":{"counter":13,"message":66,"msg_id":118,"sender":"n4","type":"gossip"}}
2023/05/29 23:16:46 Sent {"src":"n4","dest":"c13","body":{"in_reply_to":24,"type":"broadcast_ok"}}
2023/05/29 23:16:46 Received {n1 n4 {"counter":13,"message":66,"msg_id":163,"sender":"n4","type":"gossip"}}
2023/05/29 23:16:46 Received {n1 n4 {"in_reply_to":117,"type":"gossip_ok"}}
2023/05/29 23:16:46 Sent {"src":"n4","dest":"n1","body":{"counter":13,"message":66,"msg_id":119,"sender":"n4","type":"gossip"}}
2023/05/29 23:16:46 Sent {"src":"n4","dest":"n3","body":{"counter":13,"message":66,"msg_id":120,"sender":"n4","type":"gossip"}}
2023/05/29 23:16:46 Sent {"src":"n4","dest":"n1","body":{"in_reply_to":163,"type":"gossip_ok"}}
2023/05/29 23:16:46 Received {n1 n4 {"in_reply_to":119,"type":"gossip_ok"}}
2023/05/29 23:16:46 Received {n1 n4 {"counter":27,"message":67,"msg_id":166,"sender":"n0","type":"gossip"}}
2023/05/29 23:16:46 Sent {"src":"n4","dest":"n1","body":{"counter":27,"message":67,"msg_id":121,"sender":"n0","type":"gossip"}}
2023/05/29 23:16:46 Sent {"src":"n4","dest":"n3","body":{"counter":27,"message":67,"msg_id":122,"sender":"n0","type":"gossip"}}
2023/05/29 23:16:46 Sent {"src":"n4","dest":"n1","body":{"in_reply_to":166,"type":"gossip_ok"}}
2023/05/29 23:16:46 Received {n1 n4 {"in_reply_to":121,"type":"gossip_ok"}}
2023/05/29 23:16:46 Received {n1 n4 {"counter":28,"message":68,"msg_id":169,"sender":"n0","type":"gossip"}}
2023/05/29 23:16:46 Sent {"src":"n4","dest":"n1","body":{"counter":28,"message":68,"msg_id":123,"sender":"n0","type":"gossip"}}
2023/05/29 23:16:46 Sent {"src":"n4","dest":"n3","body":{"counter":28,"message":68,"msg_id":124,"sender":"n0","type":"gossip"}}
2023/05/29 23:16:46 Sent {"src":"n4","dest":"n1","body":{"in_reply_to":169,"type":"gossip_ok"}}
2023/05/29 23:16:46 Received {n1 n4 {"in_reply_to":123,"type":"gossip_ok"}}
2023/05/29 23:16:47 Received {c13 n4 {"type":"read","msg_id":25}}
2023/05/29 23:16:47 Sent {"src":"n4","dest":"c13","body":{"in_reply_to":25,"messages":[0,2,2,3,4,7,8,9,11,12,13,13,14,15,18,18,19,21,21,22,24,24,25,26,28,28,29,30,30,31,32,33,34,35,36,36,38,38,39,42,43,44,47,47,48,49,50,51,52,54,56,56,58,60,61,64,64,65,66,66,67,68],"msg_id":25,"type":"read_ok"}}
2023/05/29 23:16:47 Received {n1 n4 {"counter":29,"message":69,"msg_id":172,"sender":"n0","type":"gossip"}}
2023/05/29 23:16:47 Sent {"src":"n4","dest":"n1","body":{"counter":29,"message":69,"msg_id":125,"sender":"n0","type":"gossip"}}
2023/05/29 23:16:47 Sent {"src":"n4","dest":"n3","body":{"counter":29,"message":69,"msg_id":126,"sender":"n0","type":"gossip"}}
2023/05/29 23:16:47 Sent {"src":"n4","dest":"n1","body":{"in_reply_to":172,"type":"gossip_ok"}}
2023/05/29 23:16:47 Received {n1 n4 {"in_reply_to":125,"type":"gossip_ok"}}
2023/05/29 23:16:47 Received {n1 n4 {"counter":9,"message":70,"msg_id":175,"sender":"n1","type":"gossip"}}
2023/05/29 23:16:47 Sent {"src":"n4","dest":"n1","body":{"counter":9,"message":70,"msg_id":127,"sender":"n1","type":"gossip"}}
2023/05/29 23:16:47 Sent {"src":"n4","dest":"n3","body":{"counter":9,"message":70,"msg_id":128,"sender":"n1","type":"gossip"}}
2023/05/29 23:16:47 Sent {"src":"n4","dest":"n1","body":{"in_reply_to":175,"type":"gossip_ok"}}
2023/05/29 23:16:47 Received {n1 n4 {"counter":9,"message":70,"msg_id":178,"sender":"n1","type":"gossip"}}
2023/05/29 23:16:47 Sent {"src":"n4","dest":"n1","body":{"in_reply_to":178,"type":"gossip_ok"}}
2023/05/29 23:16:47 Received {n1 n4 {"in_reply_to":127,"type":"gossip_ok"}}
2023/05/29 23:16:47 Received {c13 n4 {"type":"read","msg_id":26}}
2023/05/29 23:16:47 Sent {"src":"n4","dest":"c13","body":{"in_reply_to":26,"messages":[0,2,2,3,4,7,8,9,11,12,13,13,14,15,18,18,19,21,21,22,24,24,25,26,28,28,29,30,30,31,32,33,34,35,36,36,38,38,39,42,43,44,47,47,48,49,50,51,52,54,56,56,58,60,61,64,64,65,66,66,67,68,69,70],"msg_id":26,"type":"read_ok"}}
2023/05/29 23:16:48 Received {c13 n4 {"type":"read","msg_id":27}}
2023/05/29 23:16:48 Sent {"src":"n4","dest":"c13","body":{"in_reply_to":27,"messages":[0,2,2,3,4,7,8,9,11,12,13,13,14,15,18,18,19,21,21,22,24,24,25,26,28,28,29,30,30,31,32,33,34,35,36,36,38,38,39,42,43,44,47,47,48,49,50,51,52,54,56,56,58,60,61,64,64,65,66,66,67,68,69,70],"msg_id":27,"type":"read_ok"}}
2023/05/29 23:16:48 Received {c13 n4 {"type":"broadcast","message":75,"msg_id":28}}
2023/05/29 23:16:48 Sent {"src":"n4","dest":"n1","body":{"counter":14,"message":75,"msg_id":129,"sender":"n4","type":"gossip"}}
2023/05/29 23:16:48 Sent {"src":"n4","dest":"n3","body":{"counter":14,"message":75,"msg_id":130,"sender":"n4","type":"gossip"}}
2023/05/29 23:16:48 Sent {"src":"n4","dest":"c13","body":{"in_reply_to":28,"type":"broadcast_ok"}}
2023/05/29 23:16:48 Received {n1 n4 {"counter":14,"message":75,"msg_id":181,"sender":"n4","type":"gossip"}}
2023/05/29 23:16:48 Sent {"src":"n4","dest":"n1","body":{"counter":14,"message":75,"msg_id":131,"sender":"n4","type":"gossip"}}
2023/05/29 23:16:48 Sent {"src":"n4","dest":"n3","body":{"counter":14,"message":75,"msg_id":132,"sender":"n4","type":"gossip"}}
2023/05/29 23:16:48 Sent {"src":"n4","dest":"n1","body":{"in_reply_to":181,"type":"gossip_ok"}}
2023/05/29 23:16:48 Received {n1 n4 {"in_reply_to":129,"type":"gossip_ok"}}
2023/05/29 23:16:48 Received {n1 n4 {"in_reply_to":131,"type":"gossip_ok"}}
2023/05/29 23:16:49 Received {n1 n4 {"counter":30,"message":76,"msg_id":184,"sender":"n0","type":"gossip"}}
2023/05/29 23:16:49 Sent {"src":"n4","dest":"n1","body":{"counter":30,"message":76,"msg_id":133,"sender":"n0","type":"gossip"}}
2023/05/29 23:16:49 Sent {"src":"n4","dest":"n3","body":{"counter":30,"message":76,"msg_id":134,"sender":"n0","type":"gossip"}}
2023/05/29 23:16:49 Sent {"src":"n4","dest":"n1","body":{"in_reply_to":184,"type":"gossip_ok"}}
2023/05/29 23:16:49 Received {n1 n4 {"in_reply_to":133,"type":"gossip_ok"}}
2023/05/29 23:16:49 Received {n1 n4 {"counter":31,"message":77,"msg_id":187,"sender":"n0","type":"gossip"}}
2023/05/29 23:16:49 Sent {"src":"n4","dest":"n1","body":{"counter":31,"message":77,"msg_id":135,"sender":"n0","type":"gossip"}}
2023/05/29 23:16:49 Sent {"src":"n4","dest":"n3","body":{"counter":31,"message":77,"msg_id":136,"sender":"n0","type":"gossip"}}
2023/05/29 23:16:49 Sent {"src":"n4","dest":"n1","body":{"in_reply_to":187,"type":"gossip_ok"}}
2023/05/29 23:16:49 Received {n1 n4 {"in_reply_to":135,"type":"gossip_ok"}}
2023/05/29 23:16:49 Received {n1 n4 {"counter":10,"message":78,"msg_id":190,"sender":"n1","type":"gossip"}}
2023/05/29 23:16:49 Sent {"src":"n4","dest":"n1","body":{"counter":10,"message":78,"msg_id":137,"sender":"n1","type":"gossip"}}
2023/05/29 23:16:49 Sent {"src":"n4","dest":"n3","body":{"counter":10,"message":78,"msg_id":138,"sender":"n1","type":"gossip"}}
2023/05/29 23:16:49 Sent {"src":"n4","dest":"n1","body":{"in_reply_to":190,"type":"gossip_ok"}}
2023/05/29 23:16:49 Received {n1 n4 {"counter":10,"message":78,"msg_id":193,"sender":"n1","type":"gossip"}}
2023/05/29 23:16:49 Sent {"src":"n4","dest":"n1","body":{"in_reply_to":193,"type":"gossip_ok"}}
2023/05/29 23:16:49 Received {n1 n4 {"in_reply_to":137,"type":"gossip_ok"}}
2023/05/29 23:16:49 Received {c13 n4 {"type":"read","msg_id":29}}
2023/05/29 23:16:49 Sent {"src":"n4","dest":"c13","body":{"in_reply_to":29,"messages":[0,2,2,3,4,7,8,9,11,12,13,13,14,15,18,18,19,21,21,22,24,24,25,26,28,28,29,30,30,31,32,33,34,35,36,36,38,38,39,42,43,44,47,47,48,49,50,51,52,54,56,56,58,60,61,64,64,65,66,66,67,68,69,70,75,75,76,77,78],"msg_id":29,"type":"read_ok"}}
2023/05/29 23:16:49 Received {n1 n4 {"counter":32,"message":80,"msg_id":196,"sender":"n0","type":"gossip"}}
2023/05/29 23:16:49 Sent {"src":"n4","dest":"n1","body":{"counter":32,"message":80,"msg_id":139,"sender":"n0","type":"gossip"}}
2023/05/29 23:16:49 Sent {"src":"n4","dest":"n3","body":{"counter":32,"message":80,"msg_id":140,"sender":"n0","type":"gossip"}}
2023/05/29 23:16:49 Sent {"src":"n4","dest":"n1","body":{"in_reply_to":196,"type":"gossip_ok"}}
2023/05/29 23:16:49 Received {n1 n4 {"in_reply_to":139,"type":"gossip_ok"}}
2023/05/29 23:16:50 Received {c13 n4 {"type":"broadcast","message":82,"msg_id":30}}
2023/05/29 23:16:50 Sent {"src":"n4","dest":"n1","body":{"counter":15,"message":82,"msg_id":141,"sender":"n4","type":"gossip"}}
2023/05/29 23:16:50 Sent {"src":"n4","dest":"n3","body":{"counter":15,"message":82,"msg_id":142,"sender":"n4","type":"gossip"}}
2023/05/29 23:16:50 Sent {"src":"n4","dest":"c13","body":{"in_reply_to":30,"type":"broadcast_ok"}}
2023/05/29 23:16:50 Received {n1 n4 {"counter":15,"message":82,"msg_id":199,"sender":"n4","type":"gossip"}}
2023/05/29 23:16:50 Received {n1 n4 {"in_reply_to":141,"type":"gossip_ok"}}
2023/05/29 23:16:50 Sent {"src":"n4","dest":"n1","body":{"counter":15,"message":82,"msg_id":143,"sender":"n4","type":"gossip"}}
2023/05/29 23:16:50 Sent {"src":"n4","dest":"n3","body":{"counter":15,"message":82,"msg_id":144,"sender":"n4","type":"gossip"}}
2023/05/29 23:16:50 Sent {"src":"n4","dest":"n1","body":{"in_reply_to":199,"type":"gossip_ok"}}
2023/05/29 23:16:50 Received {n1 n4 {"in_reply_to":143,"type":"gossip_ok"}}
2023/05/29 23:16:50 Received {n1 n4 {"counter":14,"message":83,"msg_id":202,"sender":"n2","type":"gossip"}}
2023/05/29 23:16:50 Sent {"src":"n4","dest":"n1","body":{"counter":14,"message":83,"msg_id":145,"sender":"n2","type":"gossip"}}
2023/05/29 23:16:50 Sent {"src":"n4","dest":"n3","body":{"counter":14,"message":83,"msg_id":146,"sender":"n2","type":"gossip"}}
2023/05/29 23:16:50 Sent {"src":"n4","dest":"n1","body":{"in_reply_to":202,"type":"gossip_ok"}}
2023/05/29 23:16:50 Received {n1 n4 {"in_reply_to":145,"type":"gossip_ok"}}
2023/05/29 23:16:50 Received {n3 n4 {"counter":14,"message":83,"msg_id":28,"sender":"n2","type":"gossip"}}
2023/05/29 23:16:50 Sent {"src":"n4","dest":"n3","body":{"in_reply_to":28,"type":"gossip_ok"}}
2023/05/29 23:16:50 Received {n3 n4 {"in_reply_to":146,"type":"gossip_ok"}}
2023/05/29 23:16:50 Received {n3 n4 {"counter":14,"message":84,"msg_id":30,"sender":"n3","type":"gossip"}}
2023/05/29 23:16:50 Sent {"src":"n4","dest":"n1","body":{"counter":14,"message":84,"msg_id":147,"sender":"n3","type":"gossip"}}
2023/05/29 23:16:50 Sent {"src":"n4","dest":"n3","body":{"counter":14,"message":84,"msg_id":148,"sender":"n3","type":"gossip"}}
2023/05/29 23:16:50 Sent {"src":"n4","dest":"n3","body":{"in_reply_to":30,"type":"gossip_ok"}}
2023/05/29 23:16:50 Received {n3 n4 {"counter":14,"message":84,"msg_id":32,"sender":"n3","type":"gossip"}}
2023/05/29 23:16:50 Sent {"src":"n4","dest":"n3","body":{"in_reply_to":32,"type":"gossip_ok"}}
2023/05/29 23:16:50 Received {n1 n4 {"counter":14,"message":84,"msg_id":205,"sender":"n3","type":"gossip"}}
2023/05/29 23:16:50 Received {n3 n4 {"in_reply_to":148,"type":"gossip_ok"}}
2023/05/29 23:16:50 Received {n1 n4 {"in_reply_to":147,"type":"gossip_ok"}}
2023/05/29 23:16:50 Sent {"src":"n4","dest":"n1","body":{"in_reply_to":205,"type":"gossip_ok"}}
2023/05/29 23:16:50 Received {c13 n4 {"type":"read","msg_id":31}}
2023/05/29 23:16:50 Sent {"src":"n4","dest":"c13","body":{"in_reply_to":31,"messages":[0,2,2,3,4,7,8,9,11,12,13,13,14,15,18,18,19,21,21,22,24,24,25,26,28,28,29,30,30,31,32,33,34,35,36,36,38,38,39,42,43,44,47,47,48,49,50,51,52,54,56,56,58,60,61,64,64,65,66,66,67,68,69,70,75,75,76,77,78,80,82,82,83,84],"msg_id":31,"type":"read_ok"}}
2023/05/29 23:16:50 Received {n3 n4 {"counter":33,"message":85,"msg_id":34,"sender":"n0","type":"gossip"}}
2023/05/29 23:16:50 Received {n1 n4 {"counter":33,"message":85,"msg_id":208,"sender":"n0","type":"gossip"}}
2023/05/29 23:16:50 Sent {"src":"n4","dest":"n1","body":{"counter":33,"message":85,"msg_id":149,"sender":"n0","type":"gossip"}}
2023/05/29 23:16:50 Sent {"src":"n4","dest":"n3","body":{"counter":33,"message":85,"msg_id":150,"sender":"n0","type":"gossip"}}
2023/05/29 23:16:50 Sent {"src":"n4","dest":"n3","body":{"in_reply_to":34,"type":"gossip_ok"}}
2023/05/29 23:16:50 Sent {"src":"n4","dest":"n1","body":{"in_reply_to":208,"type":"gossip_ok"}}
2023/05/29 23:16:50 Received {n1 n4 {"in_reply_to":149,"type":"gossip_ok"}}
2023/05/29 23:16:50 Received {n3 n4 {"in_reply_to":150,"type":"gossip_ok"}}
2023/05/29 23:16:50 Received {n1 n4 {"counter":11,"message":86,"msg_id":211,"sender":"n1","type":"gossip"}}
2023/05/29 23:16:50 Sent {"src":"n4","dest":"n1","body":{"counter":11,"message":86,"msg_id":151,"sender":"n1","type":"gossip"}}
2023/05/29 23:16:50 Sent {"src":"n4","dest":"n3","body":{"counter":11,"message":86,"msg_id":152,"sender":"n1","type":"gossip"}}
2023/05/29 23:16:50 Sent {"src":"n4","dest":"n1","body":{"in_reply_to":211,"type":"gossip_ok"}}
2023/05/29 23:16:50 Received {n3 n4 {"in_reply_to":152,"type":"gossip_ok"}}
2023/05/29 23:16:50 Received {n3 n4 {"counter":11,"message":86,"msg_id":36,"sender":"n1","type":"gossip"}}
2023/05/29 23:16:50 Received {n1 n4 {"counter":11,"message":86,"msg_id":214,"sender":"n1","type":"gossip"}}
2023/05/29 23:16:50 Sent {"src":"n4","dest":"n3","body":{"in_reply_to":36,"type":"gossip_ok"}}
2023/05/29 23:16:50 Sent {"src":"n4","dest":"n1","body":{"in_reply_to":214,"type":"gossip_ok"}}
2023/05/29 23:16:50 Received {n1 n4 {"in_reply_to":151,"type":"gossip_ok"}}
2023/05/29 23:16:50 Received {n1 n4 {"counter":15,"message":87,"msg_id":217,"sender":"n2","type":"gossip"}}
2023/05/29 23:16:50 Sent {"src":"n4","dest":"n1","body":{"counter":15,"message":87,"msg_id":153,"sender":"n2","type":"gossip"}}
2023/05/29 23:16:50 Sent {"src":"n4","dest":"n3","body":{"counter":15,"message":87,"msg_id":154,"sender":"n2","type":"gossip"}}
2023/05/29 23:16:50 Sent {"src":"n4","dest":"n1","body":{"in_reply_to":217,"type":"gossip_ok"}}
2023/05/29 23:16:50 Received {n1 n4 {"in_reply_to":153,"type":"gossip_ok"}}
2023/05/29 23:16:50 Received {n3 n4 {"counter":15,"message":87,"msg_id":38,"sender":"n2","type":"gossip"}}
2023/05/29 23:16:50 Received {n3 n4 {"in_reply_to":154,"type":"gossip_ok"}}
2023/05/29 23:16:50 Sent {"src":"n4","dest":"n3","body":{"in_reply_to":38,"type":"gossip_ok"}}
2023/05/29 23:16:50 Received {c13 n4 {"type":"read","msg_id":32}}
2023/05/29 23:16:50 Received {n3 n4 {"counter":15,"message":88,"msg_id":40,"sender":"n3","type":"gossip"}}
2023/05/29 23:16:50 Sent {"src":"n4","dest":"c13","body":{"in_reply_to":32,"messages":[0,2,2,3,4,7,8,9,11,12,13,13,14,15,18,18,19,21,21,22,24,24,25,26,28,28,29,30,30,31,32,33,34,35,36,36,38,38,39,42,43,44,47,47,48,49,50,51,52,54,56,56,58,60,61,64,64,65,66,66,67,68,69,70,75,75,76,77,78,80,82,82,83,84,85,86,87],"msg_id":32,"type":"read_ok"}}
2023/05/29 23:16:50 Sent {"src":"n4","dest":"n1","body":{"counter":15,"message":88,"msg_id":155,"sender":"n3","type":"gossip"}}
2023/05/29 23:16:50 Sent {"src":"n4","dest":"n3","body":{"counter":15,"message":88,"msg_id":156,"sender":"n3","type":"gossip"}}
2023/05/29 23:16:50 Sent {"src":"n4","dest":"n3","body":{"in_reply_to":40,"type":"gossip_ok"}}
2023/05/29 23:16:51 Received {n1 n4 {"counter":15,"message":88,"msg_id":220,"sender":"n3","type":"gossip"}}
2023/05/29 23:16:51 Received {n3 n4 {"counter":15,"message":88,"msg_id":42,"sender":"n3","type":"gossip"}}
2023/05/29 23:16:51 Received {n1 n4 {"in_reply_to":155,"type":"gossip_ok"}}
2023/05/29 23:16:51 Received {n3 n4 {"in_reply_to":156,"type":"gossip_ok"}}
2023/05/29 23:16:51 Sent {"src":"n4","dest":"n1","body":{"in_reply_to":220,"type":"gossip_ok"}}
2023/05/29 23:16:51 Sent {"src":"n4","dest":"n3","body":{"in_reply_to":42,"type":"gossip_ok"}}
2023/05/29 23:16:51 Received {n1 n4 {"counter":34,"message":89,"msg_id":223,"sender":"n0","type":"gossip"}}
2023/05/29 23:16:51 Sent {"src":"n4","dest":"n1","body":{"counter":34,"message":89,"msg_id":157,"sender":"n0","type":"gossip"}}
2023/05/29 23:16:51 Sent {"src":"n4","dest":"n3","body":{"counter":34,"message":89,"msg_id":158,"sender":"n0","type":"gossip"}}
2023/05/29 23:16:51 Sent {"src":"n4","dest":"n1","body":{"in_reply_to":223,"type":"gossip_ok"}}
2023/05/29 23:16:51 Received {n3 n4 {"counter":34,"message":89,"msg_id":44,"sender":"n0","type":"gossip"}}
2023/05/29 23:16:51 Sent {"src":"n4","dest":"n3","body":{"in_reply_to":44,"type":"gossip_ok"}}
2023/05/29 23:16:51 Received {n1 n4 {"in_reply_to":157,"type":"gossip_ok"}}
2023/05/29 23:16:51 Received {n3 n4 {"in_reply_to":158,"type":"gossip_ok"}}
2023/05/29 23:17:01 Received {c13 n4 {"type":"read","msg_id":33}}
2023/05/29 23:17:01 Sent {"src":"n4","dest":"c13","body":{"in_reply_to":33,"messages":[0,2,2,3,4,7,8,9,11,12,13,13,14,15,18,18,19,21,21,22,24,24,25,26,28,28,29,30,30,31,32,33,34,35,36,36,38,38,39,42,43,44,47,47,48,49,50,51,52,54,56,56,58,60,61,64,64,65,66,66,67,68,69,70,75,75,76,77,78,80,82,82,83,84,85,86,87,88,89],"msg_id":33,"type":"read_ok"}}
