2023-05-29 22:54:37,042{GMT}	INFO	[jepsen test runner] jepsen.core: Command line:
lein run test -w broadcast --bin /Users/adicardrz/go/bin/maelstrom-broadcast --node-count 5 --time-limit 20 --rate 10 --nemesis partition
2023-05-29 22:54:37,141{GMT}	INFO	[jepsen test runner] jepsen.core: Running test:
{:args []
 :remote
 #jepsen.control.retry.Remote{:remote #jepsen.control.scp.Remote{:cmd-remote #jepsen.control.sshj.SSHJRemote{:concurrency-limit 6,
                                                                                                             :conn-spec nil,
                                                                                                             :client nil,
                                                                                                             :semaphore nil},
                                                                 :conn-spec nil},
                              :conn nil}
 :log-net-send false
 :node-count 5
 :availability nil
 :max-txn-length 4
 :concurrency 5
 :db
 #object[maelstrom.db$db$reify__16142
         "0x60035f1e"
         "maelstrom.db$db$reify__16142@60035f1e"]
 :max-writes-per-key 16
 :leave-db-running? false
 :name "broadcast"
 :logging-json? false
 :start-time
 #object[org.joda.time.DateTime "0x2459715c" "2023-05-29T22:54:36.993+02:00"]
 :nemesis-interval 10
 :net
 #object[maelstrom.net$jepsen_net$reify__15251
         "0x401e36ab"
         "maelstrom.net$jepsen_net$reify__15251@401e36ab"]
 :client
 #object[maelstrom.workload.broadcast$client$reify__16644
         "0x4ce66169"
         "maelstrom.workload.broadcast$client$reify__16644@4ce66169"]
 :barrier
 #object[java.util.concurrent.CyclicBarrier
         "0x53d0cf4d"
         "java.util.concurrent.CyclicBarrier@53d0cf4d"]
 :log-stderr false
 :pure-generators true
 :ssh {:dummy? true}
 :rate 10.0
 :checker
 #object[jepsen.checker$compose$reify__11881
         "0x3c6c87fa"
         "jepsen.checker$compose$reify__11881@3c6c87fa"]
 :argv
 ("test"
  "-w"
  "broadcast"
  "--bin"
  "/Users/adicardrz/go/bin/maelstrom-broadcast"
  "--node-count"
  "5"
  "--time-limit"
  "20"
  "--rate"
  "10"
  "--nemesis"
  "partition")
 :nemesis
 (jepsen.nemesis.ReflCompose
  {:fm {:start-partition 0,
        :stop-partition 0,
        :kill 1,
        :start 1,
        :pause 1,
        :resume 1},
   :nemeses [#unprintable "jepsen.nemesis.combined$partition_nemesis$reify__16416@d7645b2"
             #unprintable "jepsen.nemesis.combined$db_nemesis$reify__16397@72e4905c"]})
 :nodes ["n0" "n1" "n2" "n3" "n4"]
 :test-count 1
 :latency {:mean 0, :dist :constant}
 :bin "/Users/adicardrz/go/bin/maelstrom-broadcast"
 :generator
 ((jepsen.generator.Synchronize
   {:gen (jepsen.generator.TimeLimit
          {:limit 20000000000,
           :cutoff nil,
           :gen (jepsen.generator.Any
                 {:gens [(jepsen.generator.OnThreads
                          {:f #{:nemesis},
                           :context-filter #object[jepsen.generator.context$make_thread_filter$lazy_filter__9167
                                                   "0x383c94ed"
                                                   "jepsen.generator.context$make_thread_filter$lazy_filter__9167@383c94ed"],
                           :gen (jepsen.generator.Stagger
                                 {:dt 20000000000,
                                  :next-time nil,
                                  :gen (jepsen.generator.FlipFlop
                                        {:gens [#object[jepsen.nemesis.combined$partition_package$start__16420
                                                        "0x293ccbdd"
                                                        "jepsen.nemesis.combined$partition_package$start__16420@293ccbdd"]
                                                ({:type :info,
                                                  :f :stop-partition,
                                                  :value nil}
                                                 {:type :info,
                                                  :f :stop-partition,
                                                  :value nil}
                                                 {:type :info,
                                                  :f :stop-partition,
                                                  :value nil}
                                                 {:type :info,
                                                  :f :stop-partition,
                                                  :value nil}
                                                 {:type :info,
                                                  :f :stop-partition,
                                                  :value nil}
                                                 {:type :info,
                                                  :f :stop-partition,
                                                  :value nil}
                                                 {:type :info,
                                                  :f :stop-partition,
                                                  :value nil}
                                                 {:type :info,
                                                  :f :stop-partition,
                                                  :value nil}
                                                 ...)],
                                         :i 0})})})
                         (jepsen.generator.OnThreads
                          {:f #jepsen.generator.context.AllBut{:element :nemesis},
                           :context-filter #object[jepsen.generator.context$make_thread_filter$lazy_filter__9167
                                                   "0x474a63d9"
                                                   "jepsen.generator.context$make_thread_filter$lazy_filter__9167@474a63d9"],
                           :gen (jepsen.generator.Stagger
                                 {:dt 200000000,
                                  :next-time nil,
                                  :gen (jepsen.generator.Mix
                                        {:i 0,
                                         :gens [({:f :broadcast, :value 0}
                                                 {:f :broadcast, :value 1}
                                                 {:f :broadcast, :value 2}
                                                 {:f :broadcast, :value 3}
                                                 {:f :broadcast, :value 4}
                                                 {:f :broadcast, :value 5}
                                                 {:f :broadcast, :value 6}
                                                 {:f :broadcast, :value 7}
                                                 ...)
                                                ({:f :read}
                                                 {:f :read}
                                                 {:f :read}
                                                 {:f :read}
                                                 {:f :read}
                                                 {:f :read}
                                                 {:f :read}
                                                 {:f :read}
                                                 ...)]})})})]})})})
  (jepsen.generator.Synchronize
   {:gen (jepsen.generator.OnThreads
          {:f #{:nemesis},
           :context-filter #object[jepsen.generator.context$make_thread_filter$lazy_filter__9167
                                   "0x1b8d0c21"
                                   "jepsen.generator.context$make_thread_filter$lazy_filter__9167@1b8d0c21"],
           :gen ({:type :info, :f :stop-partition, :value nil})})})
  (jepsen.generator.Synchronize
   {:gen {:type :log, :value "Waiting for recovery..."}})
  (jepsen.generator.Synchronize {:gen {:type :sleep, :value 10}})
  (jepsen.generator.Synchronize
   {:gen (jepsen.generator.OnThreads
          {:f #jepsen.generator.context.AllBut{:element :nemesis},
           :context-filter #object[jepsen.generator.context$make_thread_filter$lazy_filter__9167
                                   "0x54a04eae"
                                   "jepsen.generator.context$make_thread_filter$lazy_filter__9167@54a04eae"],
           :gen (jepsen.generator.EachThread
                 {:fresh-gen {:f :read, :final? true},
                  :context-filters #object[clojure.core$promise$reify__8591
                                           "0x4664fef"
                                           {:status :pending, :val nil}],
                  :gens {}})})}))
 :log-net-recv false
 :os
 #object[maelstrom.net$jepsen_os$reify__15254
         "0x1026a011"
         "maelstrom.net$jepsen_os$reify__15254@1026a011"]
 :time-limit 20
 :workload :broadcast
 :consistency-models [:strict-serializable]
 :topology :grid}

2023-05-29 22:54:39,783{GMT}	INFO	[jepsen node n0] maelstrom.net: Starting Maelstrom network
2023-05-29 22:54:39,784{GMT}	INFO	[jepsen test runner] jepsen.db: Tearing down DB
2023-05-29 22:54:39,787{GMT}	INFO	[jepsen test runner] jepsen.db: Setting up DB
2023-05-29 22:54:39,788{GMT}	INFO	[jepsen node n2] maelstrom.db: Setting up n2
2023-05-29 22:54:39,788{GMT}	INFO	[jepsen node n3] maelstrom.db: Setting up n3
2023-05-29 22:54:39,788{GMT}	INFO	[jepsen node n1] maelstrom.db: Setting up n1
2023-05-29 22:54:39,788{GMT}	INFO	[jepsen node n4] maelstrom.db: Setting up n4
2023-05-29 22:54:39,789{GMT}	INFO	[jepsen node n2] maelstrom.process: launching /Users/adicardrz/go/bin/maelstrom-broadcast []
2023-05-29 22:54:39,789{GMT}	INFO	[jepsen node n3] maelstrom.process: launching /Users/adicardrz/go/bin/maelstrom-broadcast []
2023-05-29 22:54:39,789{GMT}	INFO	[jepsen node n4] maelstrom.process: launching /Users/adicardrz/go/bin/maelstrom-broadcast []
2023-05-29 22:54:39,789{GMT}	INFO	[jepsen node n1] maelstrom.process: launching /Users/adicardrz/go/bin/maelstrom-broadcast []
2023-05-29 22:54:39,790{GMT}	INFO	[jepsen node n0] maelstrom.service: Starting services: (lin-kv lin-tso lww-kv seq-kv)
2023-05-29 22:54:39,792{GMT}	INFO	[jepsen node n0] maelstrom.db: Setting up n0
2023-05-29 22:54:39,793{GMT}	INFO	[jepsen node n0] maelstrom.process: launching /Users/adicardrz/go/bin/maelstrom-broadcast []
2023-05-29 22:54:40,134{GMT}	INFO	[jepsen test runner] jepsen.core: Relative time begins now
2023-05-29 22:54:40,220{GMT}	INFO	[jepsen worker nemesis] jepsen.util: :nemesis	:info	:start-partition	:one
2023-05-29 22:54:40,221{GMT}	INFO	[jepsen worker 1] jepsen.util: 1	:invoke	:broadcast	0
2023-05-29 22:54:40,225{GMT}	INFO	[jepsen worker 1] jepsen.util: 1	:ok	:broadcast	0
2023-05-29 22:54:40,229{GMT}	INFO	[jepsen worker nemesis] jepsen.util: :nemesis	:info	:start-partition	[:isolated {"n3" #{"n2" "n1" "n4" "n0"}, "n2" #{"n3"}, "n1" #{"n3"}, "n4" #{"n3"}, "n0" #{"n3"}}]
2023-05-29 22:54:40,288{GMT}	INFO	[jepsen worker 2] jepsen.util: 2	:invoke	:broadcast	1
2023-05-29 22:54:40,290{GMT}	INFO	[jepsen worker 2] jepsen.util: 2	:ok	:broadcast	1
2023-05-29 22:54:40,434{GMT}	INFO	[jepsen worker 3] jepsen.util: 3	:invoke	:broadcast	2
2023-05-29 22:54:40,443{GMT}	INFO	[jepsen worker 3] jepsen.util: 3	:ok	:broadcast	2
2023-05-29 22:54:40,493{GMT}	INFO	[jepsen worker 4] jepsen.util: 4	:invoke	:read	nil
2023-05-29 22:54:40,498{GMT}	INFO	[jepsen worker 4] jepsen.util: 4	:ok	:read	[0 1]
2023-05-29 22:54:40,599{GMT}	INFO	[jepsen worker 0] jepsen.util: 0	:invoke	:read	nil
2023-05-29 22:54:40,602{GMT}	INFO	[jepsen worker 0] jepsen.util: 0	:ok	:read	[0 1]
2023-05-29 22:54:40,646{GMT}	INFO	[jepsen worker 0] jepsen.util: 0	:invoke	:broadcast	3
2023-05-29 22:54:40,649{GMT}	INFO	[jepsen worker 0] jepsen.util: 0	:ok	:broadcast	3
2023-05-29 22:54:40,843{GMT}	INFO	[jepsen worker 1] jepsen.util: 1	:invoke	:broadcast	4
2023-05-29 22:54:40,847{GMT}	INFO	[jepsen worker 1] jepsen.util: 1	:ok	:broadcast	4
2023-05-29 22:54:40,884{GMT}	INFO	[jepsen worker 2] jepsen.util: 2	:invoke	:broadcast	5
2023-05-29 22:54:40,886{GMT}	INFO	[jepsen worker 2] jepsen.util: 2	:ok	:broadcast	5
2023-05-29 22:54:40,913{GMT}	INFO	[jepsen worker 3] jepsen.util: 3	:invoke	:read	nil
2023-05-29 22:54:40,917{GMT}	INFO	[jepsen worker 3] jepsen.util: 3	:ok	:read	[2]
2023-05-29 22:54:41,103{GMT}	INFO	[jepsen worker 4] jepsen.util: 4	:invoke	:read	nil
2023-05-29 22:54:41,106{GMT}	INFO	[jepsen worker 4] jepsen.util: 4	:ok	:read	[0 1 3 4 5]
2023-05-29 22:54:41,218{GMT}	INFO	[jepsen worker 0] jepsen.util: 0	:invoke	:broadcast	6
2023-05-29 22:54:41,221{GMT}	INFO	[jepsen worker 0] jepsen.util: 0	:ok	:broadcast	6
2023-05-29 22:54:41,226{GMT}	INFO	[jepsen worker 0] jepsen.util: 0	:invoke	:read	nil
2023-05-29 22:54:41,227{GMT}	INFO	[jepsen worker 0] jepsen.util: 0	:ok	:read	[0 1 3 3 4 5 6 6]
2023-05-29 22:54:41,315{GMT}	INFO	[jepsen worker 1] jepsen.util: 1	:invoke	:read	nil
2023-05-29 22:54:41,318{GMT}	INFO	[jepsen worker 1] jepsen.util: 1	:ok	:read	[0 0 1 3 4 4 5 6]
2023-05-29 22:54:41,444{GMT}	INFO	[jepsen worker 2] jepsen.util: 2	:invoke	:broadcast	7
2023-05-29 22:54:41,447{GMT}	INFO	[jepsen worker 2] jepsen.util: 2	:ok	:broadcast	7
2023-05-29 22:54:41,612{GMT}	INFO	[jepsen worker 3] jepsen.util: 3	:invoke	:read	nil
2023-05-29 22:54:41,615{GMT}	INFO	[jepsen worker 3] jepsen.util: 3	:ok	:read	[2]
2023-05-29 22:54:41,707{GMT}	INFO	[jepsen worker 4] jepsen.util: 4	:invoke	:broadcast	8
2023-05-29 22:54:41,710{GMT}	INFO	[jepsen worker 4] jepsen.util: 4	:ok	:broadcast	8
2023-05-29 22:54:41,813{GMT}	INFO	[jepsen worker 0] jepsen.util: 0	:invoke	:broadcast	9
2023-05-29 22:54:41,816{GMT}	INFO	[jepsen worker 0] jepsen.util: 0	:ok	:broadcast	9
2023-05-29 22:54:41,898{GMT}	INFO	[jepsen worker 0] jepsen.util: 0	:invoke	:read	nil
2023-05-29 22:54:41,901{GMT}	INFO	[jepsen worker 0] jepsen.util: 0	:ok	:read	[0 1 3 3 4 5 6 6 7 8 9 9]
2023-05-29 22:54:42,082{GMT}	INFO	[jepsen worker 1] jepsen.util: 1	:invoke	:broadcast	10
2023-05-29 22:54:42,085{GMT}	INFO	[jepsen worker 1] jepsen.util: 1	:ok	:broadcast	10
2023-05-29 22:54:42,269{GMT}	INFO	[jepsen worker 2] jepsen.util: 2	:invoke	:broadcast	11
2023-05-29 22:54:42,271{GMT}	INFO	[jepsen worker 2] jepsen.util: 2	:ok	:broadcast	11
2023-05-29 22:54:42,389{GMT}	INFO	[jepsen worker 3] jepsen.util: 3	:invoke	:read	nil
2023-05-29 22:54:42,391{GMT}	INFO	[jepsen worker 3] jepsen.util: 3	:ok	:read	[2]
2023-05-29 22:54:42,523{GMT}	INFO	[jepsen worker 4] jepsen.util: 4	:invoke	:read	nil
2023-05-29 22:54:42,525{GMT}	INFO	[jepsen worker 4] jepsen.util: 4	:ok	:read	[0 1 3 4 5 6 7 8 8 9 10 11]
2023-05-29 22:54:42,695{GMT}	INFO	[jepsen worker 0] jepsen.util: 0	:invoke	:broadcast	12
2023-05-29 22:54:42,697{GMT}	INFO	[jepsen worker 0] jepsen.util: 0	:ok	:broadcast	12
2023-05-29 22:54:42,884{GMT}	INFO	[jepsen worker 0] jepsen.util: 0	:invoke	:read	nil
2023-05-29 22:54:42,886{GMT}	INFO	[jepsen worker 0] jepsen.util: 0	:ok	:read	[0 1 3 3 4 5 6 6 7 8 9 9 10 11 12 12]
2023-05-29 22:54:42,990{GMT}	INFO	[jepsen worker 1] jepsen.util: 1	:invoke	:broadcast	13
2023-05-29 22:54:42,993{GMT}	INFO	[jepsen worker 1] jepsen.util: 1	:ok	:broadcast	13
2023-05-29 22:54:43,017{GMT}	INFO	[jepsen worker 2] jepsen.util: 2	:invoke	:read	nil
2023-05-29 22:54:43,019{GMT}	INFO	[jepsen worker 2] jepsen.util: 2	:ok	:read	[0 1 1 3 4 5 5 6 7 7 8 9 10 11 11 12 13]
2023-05-29 22:54:43,075{GMT}	INFO	[jepsen worker 3] jepsen.util: 3	:invoke	:read	nil
2023-05-29 22:54:43,077{GMT}	INFO	[jepsen worker 3] jepsen.util: 3	:ok	:read	[2]
2023-05-29 22:54:43,215{GMT}	INFO	[jepsen worker 4] jepsen.util: 4	:invoke	:broadcast	14
2023-05-29 22:54:43,217{GMT}	INFO	[jepsen worker 4] jepsen.util: 4	:ok	:broadcast	14
2023-05-29 22:54:43,366{GMT}	INFO	[jepsen worker 0] jepsen.util: 0	:invoke	:broadcast	15
2023-05-29 22:54:43,368{GMT}	INFO	[jepsen worker 0] jepsen.util: 0	:ok	:broadcast	15
2023-05-29 22:54:43,478{GMT}	INFO	[jepsen worker 0] jepsen.util: 0	:invoke	:read	nil
2023-05-29 22:54:43,481{GMT}	INFO	[jepsen worker 0] jepsen.util: 0	:ok	:read	[0 1 3 3 4 5 6 6 7 8 9 9 10 11 12 12 13 14 15 15]
2023-05-29 22:54:43,606{GMT}	INFO	[jepsen worker 1] jepsen.util: 1	:invoke	:read	nil
2023-05-29 22:54:43,609{GMT}	INFO	[jepsen worker 1] jepsen.util: 1	:ok	:read	[0 0 1 3 4 4 5 6 7 8 9 10 10 11 12 13 13 14 15]
2023-05-29 22:54:43,609{GMT}	INFO	[jepsen worker 2] jepsen.util: 2	:invoke	:broadcast	16
2023-05-29 22:54:43,612{GMT}	INFO	[jepsen worker 2] jepsen.util: 2	:ok	:broadcast	16
2023-05-29 22:54:43,616{GMT}	INFO	[jepsen worker 3] jepsen.util: 3	:invoke	:broadcast	17
2023-05-29 22:54:43,618{GMT}	INFO	[jepsen worker 3] jepsen.util: 3	:ok	:broadcast	17
2023-05-29 22:54:43,696{GMT}	INFO	[jepsen worker 4] jepsen.util: 4	:invoke	:read	nil
2023-05-29 22:54:43,698{GMT}	INFO	[jepsen worker 4] jepsen.util: 4	:ok	:read	[0 1 3 4 5 6 7 8 8 9 10 11 12 13 14 14 15 16]
2023-05-29 22:54:43,706{GMT}	INFO	[jepsen worker 0] jepsen.util: 0	:invoke	:broadcast	18
2023-05-29 22:54:43,708{GMT}	INFO	[jepsen worker 0] jepsen.util: 0	:ok	:broadcast	18
2023-05-29 22:54:43,829{GMT}	INFO	[jepsen worker 0] jepsen.util: 0	:invoke	:broadcast	19
2023-05-29 22:54:43,831{GMT}	INFO	[jepsen worker 0] jepsen.util: 0	:ok	:broadcast	19
2023-05-29 22:54:43,899{GMT}	INFO	[jepsen worker 1] jepsen.util: 1	:invoke	:read	nil
2023-05-29 22:54:43,901{GMT}	INFO	[jepsen worker 1] jepsen.util: 1	:ok	:read	[0 0 1 3 4 4 5 6 7 8 9 10 10 11 12 13 13 14 15 16 18 19]
2023-05-29 22:54:44,026{GMT}	INFO	[jepsen worker 2] jepsen.util: 2	:invoke	:broadcast	20
2023-05-29 22:54:44,028{GMT}	INFO	[jepsen worker 2] jepsen.util: 2	:ok	:broadcast	20
2023-05-29 22:54:44,098{GMT}	INFO	[jepsen worker 3] jepsen.util: 3	:invoke	:broadcast	21
2023-05-29 22:54:44,100{GMT}	INFO	[jepsen worker 3] jepsen.util: 3	:ok	:broadcast	21
2023-05-29 22:54:44,299{GMT}	INFO	[jepsen worker 4] jepsen.util: 4	:invoke	:broadcast	22
2023-05-29 22:54:44,301{GMT}	INFO	[jepsen worker 4] jepsen.util: 4	:ok	:broadcast	22
2023-05-29 22:54:44,490{GMT}	INFO	[jepsen worker 0] jepsen.util: 0	:invoke	:read	nil
2023-05-29 22:54:44,492{GMT}	INFO	[jepsen worker 0] jepsen.util: 0	:ok	:read	[0 1 3 3 4 5 6 6 7 8 9 9 10 11 12 12 13 14 15 15 16 18 18 19 19 20 22]
2023-05-29 22:54:44,540{GMT}	INFO	[jepsen worker 0] jepsen.util: 0	:invoke	:read	nil
2023-05-29 22:54:44,542{GMT}	INFO	[jepsen worker 0] jepsen.util: 0	:ok	:read	[0 1 3 3 4 5 6 6 7 8 9 9 10 11 12 12 13 14 15 15 16 18 18 19 19 20 22]
2023-05-29 22:54:44,713{GMT}	INFO	[jepsen worker 1] jepsen.util: 1	:invoke	:read	nil
2023-05-29 22:54:44,715{GMT}	INFO	[jepsen worker 1] jepsen.util: 1	:ok	:read	[0 0 1 3 4 4 5 6 7 8 9 10 10 11 12 13 13 14 15 16 18 19 20 22]
2023-05-29 22:54:44,786{GMT}	INFO	[jepsen worker 2] jepsen.util: 2	:invoke	:broadcast	23
2023-05-29 22:54:44,788{GMT}	INFO	[jepsen worker 2] jepsen.util: 2	:ok	:broadcast	23
2023-05-29 22:54:44,790{GMT}	INFO	[jepsen worker 3] jepsen.util: 3	:invoke	:broadcast	24
2023-05-29 22:54:44,792{GMT}	INFO	[jepsen worker 3] jepsen.util: 3	:ok	:broadcast	24
2023-05-29 22:54:44,923{GMT}	INFO	[jepsen worker 4] jepsen.util: 4	:invoke	:read	nil
2023-05-29 22:54:44,925{GMT}	INFO	[jepsen worker 4] jepsen.util: 4	:ok	:read	[0 1 3 4 5 6 7 8 8 9 10 11 12 13 14 14 15 16 18 19 20 22 22 23]
2023-05-29 22:54:45,020{GMT}	INFO	[jepsen worker 0] jepsen.util: 0	:invoke	:broadcast	25
2023-05-29 22:54:45,022{GMT}	INFO	[jepsen worker 0] jepsen.util: 0	:ok	:broadcast	25
2023-05-29 22:54:45,184{GMT}	INFO	[jepsen worker 0] jepsen.util: 0	:invoke	:broadcast	26
2023-05-29 22:54:45,186{GMT}	INFO	[jepsen worker 0] jepsen.util: 0	:ok	:broadcast	26
2023-05-29 22:54:45,244{GMT}	INFO	[jepsen worker 1] jepsen.util: 1	:invoke	:read	nil
2023-05-29 22:54:45,247{GMT}	INFO	[jepsen worker 1] jepsen.util: 1	:ok	:read	[0 0 1 3 4 4 5 6 7 8 9 10 10 11 12 13 13 14 15 16 18 19 20 22 23 25 26]
2023-05-29 22:54:45,315{GMT}	INFO	[jepsen worker 2] jepsen.util: 2	:invoke	:read	nil
2023-05-29 22:54:45,317{GMT}	INFO	[jepsen worker 2] jepsen.util: 2	:ok	:read	[0 1 1 3 4 5 5 6 7 7 8 9 10 11 11 12 13 14 15 16 16 18 19 20 20 22 23 23 25 26]
2023-05-29 22:54:45,364{GMT}	INFO	[jepsen worker 3] jepsen.util: 3	:invoke	:broadcast	27
2023-05-29 22:54:45,366{GMT}	INFO	[jepsen worker 3] jepsen.util: 3	:ok	:broadcast	27
2023-05-29 22:54:45,509{GMT}	INFO	[jepsen worker 4] jepsen.util: 4	:invoke	:read	nil
2023-05-29 22:54:45,511{GMT}	INFO	[jepsen worker 4] jepsen.util: 4	:ok	:read	[0 1 3 4 5 6 7 8 8 9 10 11 12 13 14 14 15 16 18 19 20 22 22 23 25 26]
2023-05-29 22:54:45,647{GMT}	INFO	[jepsen worker 0] jepsen.util: 0	:invoke	:read	nil
2023-05-29 22:54:45,649{GMT}	INFO	[jepsen worker 0] jepsen.util: 0	:ok	:read	[0 1 3 3 4 5 6 6 7 8 9 9 10 11 12 12 13 14 15 15 16 18 18 19 19 20 22 23 25 25 26 26]
2023-05-29 22:54:45,688{GMT}	INFO	[jepsen worker 0] jepsen.util: 0	:invoke	:read	nil
2023-05-29 22:54:45,690{GMT}	INFO	[jepsen worker 0] jepsen.util: 0	:ok	:read	[0 1 3 3 4 5 6 6 7 8 9 9 10 11 12 12 13 14 15 15 16 18 18 19 19 20 22 23 25 25 26 26]
2023-05-29 22:54:45,763{GMT}	INFO	[jepsen worker 1] jepsen.util: 1	:invoke	:read	nil
2023-05-29 22:54:45,765{GMT}	INFO	[jepsen worker 1] jepsen.util: 1	:ok	:read	[0 0 1 3 4 4 5 6 7 8 9 10 10 11 12 13 13 14 15 16 18 19 20 22 23 25 26]
2023-05-29 22:54:45,930{GMT}	INFO	[jepsen worker 2] jepsen.util: 2	:invoke	:read	nil
2023-05-29 22:54:45,932{GMT}	INFO	[jepsen worker 2] jepsen.util: 2	:ok	:read	[0 1 1 3 4 5 5 6 7 7 8 9 10 11 11 12 13 14 15 16 16 18 19 20 20 22 23 23 25 26]
2023-05-29 22:54:46,123{GMT}	INFO	[jepsen worker 3] jepsen.util: 3	:invoke	:broadcast	28
2023-05-29 22:54:46,125{GMT}	INFO	[jepsen worker 3] jepsen.util: 3	:ok	:broadcast	28
2023-05-29 22:54:46,159{GMT}	INFO	[jepsen worker 4] jepsen.util: 4	:invoke	:broadcast	29
2023-05-29 22:54:46,161{GMT}	INFO	[jepsen worker 4] jepsen.util: 4	:ok	:broadcast	29
2023-05-29 22:54:46,198{GMT}	INFO	[jepsen worker 0] jepsen.util: 0	:invoke	:broadcast	30
2023-05-29 22:54:46,202{GMT}	INFO	[jepsen worker 0] jepsen.util: 0	:ok	:broadcast	30
2023-05-29 22:54:46,273{GMT}	INFO	[jepsen worker 0] jepsen.util: 0	:invoke	:read	nil
2023-05-29 22:54:46,275{GMT}	INFO	[jepsen worker 0] jepsen.util: 0	:ok	:read	[0 1 3 3 4 5 6 6 7 8 9 9 10 11 12 12 13 14 15 15 16 18 18 19 19 20 22 23 25 25 26 26 29 30 30]
2023-05-29 22:54:46,324{GMT}	INFO	[jepsen worker 1] jepsen.util: 1	:invoke	:read	nil
2023-05-29 22:54:46,326{GMT}	INFO	[jepsen worker 1] jepsen.util: 1	:ok	:read	[0 0 1 3 4 4 5 6 7 8 9 10 10 11 12 13 13 14 15 16 18 19 20 22 23 25 26 29 30]
2023-05-29 22:54:46,358{GMT}	INFO	[jepsen worker 2] jepsen.util: 2	:invoke	:read	nil
2023-05-29 22:54:46,360{GMT}	INFO	[jepsen worker 2] jepsen.util: 2	:ok	:read	[0 1 1 3 4 5 5 6 7 7 8 9 10 11 11 12 13 14 15 16 16 18 19 20 20 22 23 23 25 26 29 30]
2023-05-29 22:54:46,519{GMT}	INFO	[jepsen worker 3] jepsen.util: 3	:invoke	:broadcast	31
2023-05-29 22:54:46,521{GMT}	INFO	[jepsen worker 3] jepsen.util: 3	:ok	:broadcast	31
2023-05-29 22:54:46,599{GMT}	INFO	[jepsen worker 4] jepsen.util: 4	:invoke	:read	nil
2023-05-29 22:54:46,601{GMT}	INFO	[jepsen worker 4] jepsen.util: 4	:ok	:read	[0 1 3 4 5 6 7 8 8 9 10 11 12 13 14 14 15 16 18 19 20 22 22 23 25 26 29 29 30]
2023-05-29 22:54:46,713{GMT}	INFO	[jepsen worker 0] jepsen.util: 0	:invoke	:read	nil
2023-05-29 22:54:46,715{GMT}	INFO	[jepsen worker 0] jepsen.util: 0	:ok	:read	[0 1 3 3 4 5 6 6 7 8 9 9 10 11 12 12 13 14 15 15 16 18 18 19 19 20 22 23 25 25 26 26 29 30 30]
2023-05-29 22:54:46,854{GMT}	INFO	[jepsen worker 0] jepsen.util: 0	:invoke	:broadcast	32
2023-05-29 22:54:46,855{GMT}	INFO	[jepsen worker 0] jepsen.util: 0	:ok	:broadcast	32
2023-05-29 22:54:47,040{GMT}	INFO	[jepsen worker 1] jepsen.util: 1	:invoke	:broadcast	33
2023-05-29 22:54:47,042{GMT}	INFO	[jepsen worker 1] jepsen.util: 1	:ok	:broadcast	33
2023-05-29 22:54:47,141{GMT}	INFO	[jepsen worker 2] jepsen.util: 2	:invoke	:broadcast	34
2023-05-29 22:54:47,143{GMT}	INFO	[jepsen worker 2] jepsen.util: 2	:ok	:broadcast	34
2023-05-29 22:54:47,333{GMT}	INFO	[jepsen worker 3] jepsen.util: 3	:invoke	:broadcast	35
2023-05-29 22:54:47,335{GMT}	INFO	[jepsen worker 3] jepsen.util: 3	:ok	:broadcast	35
2023-05-29 22:54:47,393{GMT}	INFO	[jepsen worker 4] jepsen.util: 4	:invoke	:read	nil
2023-05-29 22:54:47,395{GMT}	INFO	[jepsen worker 4] jepsen.util: 4	:ok	:read	[0 1 3 4 5 6 7 8 8 9 10 11 12 13 14 14 15 16 18 19 20 22 22 23 25 26 29 29 30 32 33 34]
2023-05-29 22:54:47,433{GMT}	INFO	[jepsen worker 0] jepsen.util: 0	:invoke	:broadcast	36
2023-05-29 22:54:47,435{GMT}	INFO	[jepsen worker 0] jepsen.util: 0	:ok	:broadcast	36
2023-05-29 22:54:47,540{GMT}	INFO	[jepsen worker 0] jepsen.util: 0	:invoke	:broadcast	37
2023-05-29 22:54:47,542{GMT}	INFO	[jepsen worker 0] jepsen.util: 0	:ok	:broadcast	37
2023-05-29 22:54:47,615{GMT}	INFO	[jepsen worker 1] jepsen.util: 1	:invoke	:broadcast	38
2023-05-29 22:54:47,617{GMT}	INFO	[jepsen worker 1] jepsen.util: 1	:ok	:broadcast	38
2023-05-29 22:54:47,733{GMT}	INFO	[jepsen worker 2] jepsen.util: 2	:invoke	:broadcast	39
2023-05-29 22:54:47,735{GMT}	INFO	[jepsen worker 2] jepsen.util: 2	:ok	:broadcast	39
2023-05-29 22:54:47,883{GMT}	INFO	[jepsen worker 3] jepsen.util: 3	:invoke	:read	nil
2023-05-29 22:54:47,885{GMT}	INFO	[jepsen worker 3] jepsen.util: 3	:ok	:read	[2 17 21 24 27 28 31 35]
2023-05-29 22:54:48,073{GMT}	INFO	[jepsen worker 4] jepsen.util: 4	:invoke	:broadcast	40
2023-05-29 22:54:48,075{GMT}	INFO	[jepsen worker 4] jepsen.util: 4	:ok	:broadcast	40
2023-05-29 22:54:48,100{GMT}	INFO	[jepsen worker 0] jepsen.util: 0	:invoke	:broadcast	41
2023-05-29 22:54:48,102{GMT}	INFO	[jepsen worker 0] jepsen.util: 0	:ok	:broadcast	41
2023-05-29 22:54:48,150{GMT}	INFO	[jepsen worker 0] jepsen.util: 0	:invoke	:read	nil
2023-05-29 22:54:48,152{GMT}	INFO	[jepsen worker 0] jepsen.util: 0	:ok	:read	[0 1 3 3 4 5 6 6 7 8 9 9 10 11 12 12 13 14 15 15 16 18 18 19 19 20 22 23 25 25 26 26 29 30 30 32 32 33 34 36 36 37 37 38 39 40 41 41]
2023-05-29 22:54:48,261{GMT}	INFO	[jepsen worker 1] jepsen.util: 1	:invoke	:broadcast	42
2023-05-29 22:54:48,263{GMT}	INFO	[jepsen worker 1] jepsen.util: 1	:ok	:broadcast	42
2023-05-29 22:54:48,459{GMT}	INFO	[jepsen worker 2] jepsen.util: 2	:invoke	:read	nil
2023-05-29 22:54:48,460{GMT}	INFO	[jepsen worker 2] jepsen.util: 2	:ok	:read	[0 1 1 3 4 5 5 6 7 7 8 9 10 11 11 12 13 14 15 16 16 18 19 20 20 22 23 23 25 26 29 30 32 33 34 34 36 37 38 39 39 40 41 42]
2023-05-29 22:54:48,499{GMT}	INFO	[jepsen worker 3] jepsen.util: 3	:invoke	:read	nil
2023-05-29 22:54:48,500{GMT}	INFO	[jepsen worker 3] jepsen.util: 3	:ok	:read	[2 17 21 24 27 28 31 35]
2023-05-29 22:54:48,670{GMT}	INFO	[jepsen worker 4] jepsen.util: 4	:invoke	:broadcast	43
2023-05-29 22:54:48,671{GMT}	INFO	[jepsen worker 4] jepsen.util: 4	:ok	:broadcast	43
2023-05-29 22:54:48,724{GMT}	INFO	[jepsen worker 0] jepsen.util: 0	:invoke	:read	nil
2023-05-29 22:54:48,726{GMT}	INFO	[jepsen worker 0] jepsen.util: 0	:ok	:read	[0 1 3 3 4 5 6 6 7 8 9 9 10 11 12 12 13 14 15 15 16 18 18 19 19 20 22 23 25 25 26 26 29 30 30 32 32 33 34 36 36 37 37 38 39 40 41 41 42 43]
2023-05-29 22:54:48,847{GMT}	INFO	[jepsen worker 0] jepsen.util: 0	:invoke	:read	nil
2023-05-29 22:54:48,849{GMT}	INFO	[jepsen worker 0] jepsen.util: 0	:ok	:read	[0 1 3 3 4 5 6 6 7 8 9 9 10 11 12 12 13 14 15 15 16 18 18 19 19 20 22 23 25 25 26 26 29 30 30 32 32 33 34 36 36 37 37 38 39 40 41 41 42 43]
2023-05-29 22:54:49,003{GMT}	INFO	[jepsen worker 1] jepsen.util: 1	:invoke	:read	nil
2023-05-29 22:54:49,005{GMT}	INFO	[jepsen worker 1] jepsen.util: 1	:ok	:read	[0 0 1 3 4 4 5 6 7 8 9 10 10 11 12 13 13 14 15 16 18 19 20 22 23 25 26 29 30 32 33 33 34 36 37 38 38 39 40 41 42 42 43]
2023-05-29 22:54:49,074{GMT}	INFO	[jepsen worker 2] jepsen.util: 2	:invoke	:broadcast	44
2023-05-29 22:54:49,076{GMT}	INFO	[jepsen worker 2] jepsen.util: 2	:ok	:broadcast	44
2023-05-29 22:54:49,095{GMT}	INFO	[jepsen worker 3] jepsen.util: 3	:invoke	:read	nil
2023-05-29 22:54:49,098{GMT}	INFO	[jepsen worker 3] jepsen.util: 3	:ok	:read	[2 17 21 24 27 28 31 35]
2023-05-29 22:54:49,166{GMT}	INFO	[jepsen worker 4] jepsen.util: 4	:invoke	:read	nil
2023-05-29 22:54:49,168{GMT}	INFO	[jepsen worker 4] jepsen.util: 4	:ok	:read	[0 1 3 4 5 6 7 8 8 9 10 11 12 13 14 14 15 16 18 19 20 22 22 23 25 26 29 29 30 32 33 34 36 37 38 39 40 40 41 42 43 43 44]
2023-05-29 22:54:49,261{GMT}	INFO	[jepsen worker 0] jepsen.util: 0	:invoke	:broadcast	45
2023-05-29 22:54:49,262{GMT}	INFO	[jepsen worker 0] jepsen.util: 0	:ok	:broadcast	45
2023-05-29 22:54:49,430{GMT}	INFO	[jepsen worker 0] jepsen.util: 0	:invoke	:read	nil
2023-05-29 22:54:49,433{GMT}	INFO	[jepsen worker 0] jepsen.util: 0	:ok	:read	[0 1 3 3 4 5 6 6 7 8 9 9 10 11 12 12 13 14 15 15 16 18 18 19 19 20 22 23 25 25 26 26 29 30 30 32 32 33 34 36 36 37 37 38 39 40 41 41 42 43 44 45 45]
2023-05-29 22:54:49,540{GMT}	INFO	[jepsen worker 1] jepsen.util: 1	:invoke	:read	nil
2023-05-29 22:54:49,542{GMT}	INFO	[jepsen worker 1] jepsen.util: 1	:ok	:read	[0 0 1 3 4 4 5 6 7 8 9 10 10 11 12 13 13 14 15 16 18 19 20 22 23 25 26 29 30 32 33 33 34 36 37 38 38 39 40 41 42 42 43 44 45]
2023-05-29 22:54:49,654{GMT}	INFO	[jepsen worker 2] jepsen.util: 2	:invoke	:read	nil
2023-05-29 22:54:49,655{GMT}	INFO	[jepsen worker 2] jepsen.util: 2	:ok	:read	[0 1 1 3 4 5 5 6 7 7 8 9 10 11 11 12 13 14 15 16 16 18 19 20 20 22 23 23 25 26 29 30 32 33 34 34 36 37 38 39 39 40 41 42 43 44 44 45]
2023-05-29 22:54:49,709{GMT}	INFO	[jepsen worker 3] jepsen.util: 3	:invoke	:read	nil
2023-05-29 22:54:49,710{GMT}	INFO	[jepsen worker 3] jepsen.util: 3	:ok	:read	[2 17 21 24 27 28 31 35]
2023-05-29 22:54:49,908{GMT}	INFO	[jepsen worker 4] jepsen.util: 4	:invoke	:broadcast	46
2023-05-29 22:54:49,910{GMT}	INFO	[jepsen worker 4] jepsen.util: 4	:ok	:broadcast	46
2023-05-29 22:54:49,962{GMT}	INFO	[jepsen worker 0] jepsen.util: 0	:invoke	:read	nil
2023-05-29 22:54:49,965{GMT}	INFO	[jepsen worker 0] jepsen.util: 0	:ok	:read	[0 1 3 3 4 5 6 6 7 8 9 9 10 11 12 12 13 14 15 15 16 18 18 19 19 20 22 23 25 25 26 26 29 30 30 32 32 33 34 36 36 37 37 38 39 40 41 41 42 43 44 45 45 46]
2023-05-29 22:54:50,140{GMT}	INFO	[jepsen worker 0] jepsen.util: 0	:invoke	:broadcast	47
2023-05-29 22:54:50,142{GMT}	INFO	[jepsen worker 0] jepsen.util: 0	:ok	:broadcast	47
2023-05-29 22:54:50,142{GMT}	INFO	[jepsen worker 1] jepsen.util: 1	:invoke	:broadcast	48
2023-05-29 22:54:50,145{GMT}	INFO	[jepsen worker 1] jepsen.util: 1	:ok	:broadcast	48
2023-05-29 22:54:50,200{GMT}	INFO	[jepsen worker 2] jepsen.util: 2	:invoke	:broadcast	49
2023-05-29 22:54:50,202{GMT}	INFO	[jepsen worker 2] jepsen.util: 2	:ok	:broadcast	49
2023-05-29 22:54:50,248{GMT}	INFO	[jepsen worker 3] jepsen.util: 3	:invoke	:read	nil
2023-05-29 22:54:50,250{GMT}	INFO	[jepsen worker 3] jepsen.util: 3	:ok	:read	[2 17 21 24 27 28 31 35]
2023-05-29 22:54:50,301{GMT}	INFO	[jepsen worker 4] jepsen.util: 4	:invoke	:read	nil
2023-05-29 22:54:50,302{GMT}	INFO	[jepsen worker 4] jepsen.util: 4	:ok	:read	[0 1 3 4 5 6 7 8 8 9 10 11 12 13 14 14 15 16 18 19 20 22 22 23 25 26 29 29 30 32 33 34 36 37 38 39 40 40 41 42 43 43 44 45 46 46 47 48 49]
2023-05-29 22:54:50,378{GMT}	INFO	[jepsen worker 0] jepsen.util: 0	:invoke	:broadcast	50
2023-05-29 22:54:50,379{GMT}	INFO	[jepsen worker 0] jepsen.util: 0	:ok	:broadcast	50
2023-05-29 22:54:50,381{GMT}	INFO	[jepsen worker 0] jepsen.util: 0	:invoke	:broadcast	51
2023-05-29 22:54:50,383{GMT}	INFO	[jepsen worker 0] jepsen.util: 0	:ok	:broadcast	51
2023-05-29 22:54:50,440{GMT}	INFO	[jepsen worker 1] jepsen.util: 1	:invoke	:read	nil
2023-05-29 22:54:50,442{GMT}	INFO	[jepsen worker 1] jepsen.util: 1	:ok	:read	[0 0 1 3 4 4 5 6 7 8 9 10 10 11 12 13 13 14 15 16 18 19 20 22 23 25 26 29 30 32 33 33 34 36 37 38 38 39 40 41 42 42 43 44 45 46 47 48 48 49 50 51]
2023-05-29 22:54:50,558{GMT}	INFO	[jepsen worker 2] jepsen.util: 2	:invoke	:broadcast	52
2023-05-29 22:54:50,559{GMT}	INFO	[jepsen worker 2] jepsen.util: 2	:ok	:broadcast	52
2023-05-29 22:54:50,751{GMT}	INFO	[jepsen worker 3] jepsen.util: 3	:invoke	:broadcast	53
2023-05-29 22:54:50,753{GMT}	INFO	[jepsen worker 3] jepsen.util: 3	:ok	:broadcast	53
2023-05-29 22:54:50,765{GMT}	INFO	[jepsen worker 4] jepsen.util: 4	:invoke	:broadcast	54
2023-05-29 22:54:50,767{GMT}	INFO	[jepsen worker 4] jepsen.util: 4	:ok	:broadcast	54
2023-05-29 22:54:50,890{GMT}	INFO	[jepsen worker 0] jepsen.util: 0	:invoke	:read	nil
2023-05-29 22:54:50,892{GMT}	INFO	[jepsen worker 0] jepsen.util: 0	:ok	:read	[0 1 3 3 4 5 6 6 7 8 9 9 10 11 12 12 13 14 15 15 16 18 18 19 19 20 22 23 25 25 26 26 29 30 30 32 32 33 34 36 36 37 37 38 39 40 41 41 42 43 44 45 45 46 47 47 48 49 50 50 51 51 52 54]
2023-05-29 22:54:50,917{GMT}	INFO	[jepsen worker 0] jepsen.util: 0	:invoke	:read	nil
2023-05-29 22:54:50,919{GMT}	INFO	[jepsen worker 0] jepsen.util: 0	:ok	:read	[0 1 3 3 4 5 6 6 7 8 9 9 10 11 12 12 13 14 15 15 16 18 18 19 19 20 22 23 25 25 26 26 29 30 30 32 32 33 34 36 36 37 37 38 39 40 41 41 42 43 44 45 45 46 47 47 48 49 50 50 51 51 52 54]
2023-05-29 22:54:51,078{GMT}	INFO	[jepsen worker 1] jepsen.util: 1	:invoke	:broadcast	55
2023-05-29 22:54:51,080{GMT}	INFO	[jepsen worker 1] jepsen.util: 1	:ok	:broadcast	55
2023-05-29 22:54:51,140{GMT}	INFO	[jepsen worker 2] jepsen.util: 2	:invoke	:read	nil
2023-05-29 22:54:51,142{GMT}	INFO	[jepsen worker 2] jepsen.util: 2	:ok	:read	[0 1 1 3 4 5 5 6 7 7 8 9 10 11 11 12 13 14 15 16 16 18 19 20 20 22 23 23 25 26 29 30 32 33 34 34 36 37 38 39 39 40 41 42 43 44 44 45 46 47 48 49 49 50 51 52 52 54 55]
2023-05-29 22:54:51,148{GMT}	INFO	[jepsen worker 3] jepsen.util: 3	:invoke	:broadcast	56
2023-05-29 22:54:51,149{GMT}	INFO	[jepsen worker 3] jepsen.util: 3	:ok	:broadcast	56
2023-05-29 22:54:51,324{GMT}	INFO	[jepsen worker 4] jepsen.util: 4	:invoke	:read	nil
2023-05-29 22:54:51,326{GMT}	INFO	[jepsen worker 4] jepsen.util: 4	:ok	:read	[0 1 3 4 5 6 7 8 8 9 10 11 12 13 14 14 15 16 18 19 20 22 22 23 25 26 29 29 30 32 33 34 36 37 38 39 40 40 41 42 43 43 44 45 46 46 47 48 49 50 51 52 54 54 55]
2023-05-29 22:54:51,391{GMT}	INFO	[jepsen worker 0] jepsen.util: 0	:invoke	:read	nil
2023-05-29 22:54:51,392{GMT}	INFO	[jepsen worker 0] jepsen.util: 0	:ok	:read	[0 1 3 3 4 5 6 6 7 8 9 9 10 11 12 12 13 14 15 15 16 18 18 19 19 20 22 23 25 25 26 26 29 30 30 32 32 33 34 36 36 37 37 38 39 40 41 41 42 43 44 45 45 46 47 47 48 49 50 50 51 51 52 54 55]
2023-05-29 22:54:51,463{GMT}	INFO	[jepsen worker 0] jepsen.util: 0	:invoke	:read	nil
2023-05-29 22:54:51,464{GMT}	INFO	[jepsen worker 0] jepsen.util: 0	:ok	:read	[0 1 3 3 4 5 6 6 7 8 9 9 10 11 12 12 13 14 15 15 16 18 18 19 19 20 22 23 25 25 26 26 29 30 30 32 32 33 34 36 36 37 37 38 39 40 41 41 42 43 44 45 45 46 47 47 48 49 50 50 51 51 52 54 55]
2023-05-29 22:54:51,592{GMT}	INFO	[jepsen worker 1] jepsen.util: 1	:invoke	:broadcast	57
2023-05-29 22:54:51,594{GMT}	INFO	[jepsen worker 1] jepsen.util: 1	:ok	:broadcast	57
2023-05-29 22:54:51,603{GMT}	INFO	[jepsen worker 2] jepsen.util: 2	:invoke	:read	nil
2023-05-29 22:54:51,604{GMT}	INFO	[jepsen worker 2] jepsen.util: 2	:ok	:read	[0 1 1 3 4 5 5 6 7 7 8 9 10 11 11 12 13 14 15 16 16 18 19 20 20 22 23 23 25 26 29 30 32 33 34 34 36 37 38 39 39 40 41 42 43 44 44 45 46 47 48 49 49 50 51 52 52 54 55 57]
2023-05-29 22:54:51,769{GMT}	INFO	[jepsen worker 3] jepsen.util: 3	:invoke	:read	nil
2023-05-29 22:54:51,771{GMT}	INFO	[jepsen worker 3] jepsen.util: 3	:ok	:read	[2 17 21 24 27 28 31 35 53 56]
2023-05-29 22:54:51,847{GMT}	INFO	[jepsen worker 4] jepsen.util: 4	:invoke	:broadcast	58
2023-05-29 22:54:51,849{GMT}	INFO	[jepsen worker 4] jepsen.util: 4	:ok	:broadcast	58
2023-05-29 22:54:52,013{GMT}	INFO	[jepsen worker 0] jepsen.util: 0	:invoke	:read	nil
2023-05-29 22:54:52,015{GMT}	INFO	[jepsen worker 0] jepsen.util: 0	:ok	:read	[0 1 3 3 4 5 6 6 7 8 9 9 10 11 12 12 13 14 15 15 16 18 18 19 19 20 22 23 25 25 26 26 29 30 30 32 32 33 34 36 36 37 37 38 39 40 41 41 42 43 44 45 45 46 47 47 48 49 50 50 51 51 52 54 55 57 58]
2023-05-29 22:54:52,029{GMT}	INFO	[jepsen worker 0] jepsen.util: 0	:invoke	:broadcast	59
2023-05-29 22:54:52,030{GMT}	INFO	[jepsen worker 0] jepsen.util: 0	:ok	:broadcast	59
2023-05-29 22:54:52,099{GMT}	INFO	[jepsen worker 1] jepsen.util: 1	:invoke	:broadcast	60
2023-05-29 22:54:52,101{GMT}	INFO	[jepsen worker 1] jepsen.util: 1	:ok	:broadcast	60
2023-05-29 22:54:52,191{GMT}	INFO	[jepsen worker 2] jepsen.util: 2	:invoke	:broadcast	61
2023-05-29 22:54:52,192{GMT}	INFO	[jepsen worker 2] jepsen.util: 2	:ok	:broadcast	61
2023-05-29 22:54:52,218{GMT}	INFO	[jepsen worker 3] jepsen.util: 3	:invoke	:read	nil
2023-05-29 22:54:52,220{GMT}	INFO	[jepsen worker 3] jepsen.util: 3	:ok	:read	[2 17 21 24 27 28 31 35 53 56]
2023-05-29 22:54:52,419{GMT}	INFO	[jepsen worker 4] jepsen.util: 4	:invoke	:read	nil
2023-05-29 22:54:52,420{GMT}	INFO	[jepsen worker 4] jepsen.util: 4	:ok	:read	[0 1 3 4 5 6 7 8 8 9 10 11 12 13 14 14 15 16 18 19 20 22 22 23 25 26 29 29 30 32 33 34 36 37 38 39 40 40 41 42 43 43 44 45 46 46 47 48 49 50 51 52 54 54 55 57 58 58 59 60 61]
2023-05-29 22:54:52,599{GMT}	INFO	[jepsen worker 0] jepsen.util: 0	:invoke	:broadcast	62
2023-05-29 22:54:52,600{GMT}	INFO	[jepsen worker 0] jepsen.util: 0	:ok	:broadcast	62
2023-05-29 22:54:52,799{GMT}	INFO	[jepsen worker 0] jepsen.util: 0	:invoke	:broadcast	63
2023-05-29 22:54:52,801{GMT}	INFO	[jepsen worker 0] jepsen.util: 0	:ok	:broadcast	63
2023-05-29 22:54:52,983{GMT}	INFO	[jepsen worker 1] jepsen.util: 1	:invoke	:read	nil
2023-05-29 22:54:52,985{GMT}	INFO	[jepsen worker 1] jepsen.util: 1	:ok	:read	[0 0 1 3 4 4 5 6 7 8 9 10 10 11 12 13 13 14 15 16 18 19 20 22 23 25 26 29 30 32 33 33 34 36 37 38 38 39 40 41 42 42 43 44 45 46 47 48 48 49 50 51 52 54 55 55 57 57 58 59 60 60 61 62 63]
2023-05-29 22:54:53,146{GMT}	INFO	[jepsen worker 2] jepsen.util: 2	:invoke	:broadcast	64
2023-05-29 22:54:53,147{GMT}	INFO	[jepsen worker 2] jepsen.util: 2	:ok	:broadcast	64
2023-05-29 22:54:53,331{GMT}	INFO	[jepsen worker 3] jepsen.util: 3	:invoke	:broadcast	65
2023-05-29 22:54:53,333{GMT}	INFO	[jepsen worker 3] jepsen.util: 3	:ok	:broadcast	65
2023-05-29 22:54:53,391{GMT}	INFO	[jepsen worker 4] jepsen.util: 4	:invoke	:read	nil
2023-05-29 22:54:53,393{GMT}	INFO	[jepsen worker 4] jepsen.util: 4	:ok	:read	[0 1 3 4 5 6 7 8 8 9 10 11 12 13 14 14 15 16 18 19 20 22 22 23 25 26 29 29 30 32 33 34 36 37 38 39 40 40 41 42 43 43 44 45 46 46 47 48 49 50 51 52 54 54 55 57 58 58 59 60 61 62 63 64]
2023-05-29 22:54:53,396{GMT}	INFO	[jepsen worker 0] jepsen.util: 0	:invoke	:broadcast	66
2023-05-29 22:54:53,398{GMT}	INFO	[jepsen worker 0] jepsen.util: 0	:ok	:broadcast	66
2023-05-29 22:54:53,575{GMT}	INFO	[jepsen worker 0] jepsen.util: 0	:invoke	:read	nil
2023-05-29 22:54:53,577{GMT}	INFO	[jepsen worker 0] jepsen.util: 0	:ok	:read	[0 1 3 3 4 5 6 6 7 8 9 9 10 11 12 12 13 14 15 15 16 18 18 19 19 20 22 23 25 25 26 26 29 30 30 32 32 33 34 36 36 37 37 38 39 40 41 41 42 43 44 45 45 46 47 47 48 49 50 50 51 51 52 54 55 57 58 59 59 60 61 62 62 63 63 64 66 66]
2023-05-29 22:54:53,578{GMT}	INFO	[jepsen worker 1] jepsen.util: 1	:invoke	:broadcast	67
2023-05-29 22:54:53,580{GMT}	INFO	[jepsen worker 1] jepsen.util: 1	:ok	:broadcast	67
2023-05-29 22:54:53,720{GMT}	INFO	[jepsen worker 2] jepsen.util: 2	:invoke	:broadcast	68
2023-05-29 22:54:53,721{GMT}	INFO	[jepsen worker 2] jepsen.util: 2	:ok	:broadcast	68
2023-05-29 22:54:53,732{GMT}	INFO	[jepsen worker 3] jepsen.util: 3	:invoke	:broadcast	69
2023-05-29 22:54:53,734{GMT}	INFO	[jepsen worker 3] jepsen.util: 3	:ok	:broadcast	69
2023-05-29 22:54:53,875{GMT}	INFO	[jepsen worker 4] jepsen.util: 4	:invoke	:broadcast	70
2023-05-29 22:54:53,877{GMT}	INFO	[jepsen worker 4] jepsen.util: 4	:ok	:broadcast	70
2023-05-29 22:54:53,892{GMT}	INFO	[jepsen worker 0] jepsen.util: 0	:invoke	:broadcast	71
2023-05-29 22:54:53,893{GMT}	INFO	[jepsen worker 0] jepsen.util: 0	:ok	:broadcast	71
2023-05-29 22:54:54,009{GMT}	INFO	[jepsen worker 0] jepsen.util: 0	:invoke	:read	nil
2023-05-29 22:54:54,011{GMT}	INFO	[jepsen worker 0] jepsen.util: 0	:ok	:read	[0 1 3 3 4 5 6 6 7 8 9 9 10 11 12 12 13 14 15 15 16 18 18 19 19 20 22 23 25 25 26 26 29 30 30 32 32 33 34 36 36 37 37 38 39 40 41 41 42 43 44 45 45 46 47 47 48 49 50 50 51 51 52 54 55 57 58 59 59 60 61 62 62 63 63 64 66 66 67 68 70 71 71]
2023-05-29 22:54:54,201{GMT}	INFO	[jepsen worker 1] jepsen.util: 1	:invoke	:broadcast	72
2023-05-29 22:54:54,203{GMT}	INFO	[jepsen worker 1] jepsen.util: 1	:ok	:broadcast	72
2023-05-29 22:54:54,324{GMT}	INFO	[jepsen worker 2] jepsen.util: 2	:invoke	:broadcast	73
2023-05-29 22:54:54,326{GMT}	INFO	[jepsen worker 2] jepsen.util: 2	:ok	:broadcast	73
2023-05-29 22:54:54,387{GMT}	INFO	[jepsen worker 3] jepsen.util: 3	:invoke	:read	nil
2023-05-29 22:54:54,389{GMT}	INFO	[jepsen worker 3] jepsen.util: 3	:ok	:read	[2 17 21 24 27 28 31 35 53 56 65 69]
2023-05-29 22:54:54,553{GMT}	INFO	[jepsen worker 4] jepsen.util: 4	:invoke	:read	nil
2023-05-29 22:54:54,555{GMT}	INFO	[jepsen worker 4] jepsen.util: 4	:ok	:read	[0 1 3 4 5 6 7 8 8 9 10 11 12 13 14 14 15 16 18 19 20 22 22 23 25 26 29 29 30 32 33 34 36 37 38 39 40 40 41 42 43 43 44 45 46 46 47 48 49 50 51 52 54 54 55 57 58 58 59 60 61 62 63 64 66 67 68 70 70 71 72 73]
2023-05-29 22:54:54,566{GMT}	INFO	[jepsen worker 0] jepsen.util: 0	:invoke	:broadcast	74
2023-05-29 22:54:54,567{GMT}	INFO	[jepsen worker 0] jepsen.util: 0	:ok	:broadcast	74
2023-05-29 22:54:54,737{GMT}	INFO	[jepsen worker 0] jepsen.util: 0	:invoke	:broadcast	75
2023-05-29 22:54:54,739{GMT}	INFO	[jepsen worker 0] jepsen.util: 0	:ok	:broadcast	75
2023-05-29 22:54:54,804{GMT}	INFO	[jepsen worker 1] jepsen.util: 1	:invoke	:broadcast	76
2023-05-29 22:54:54,806{GMT}	INFO	[jepsen worker 1] jepsen.util: 1	:ok	:broadcast	76
2023-05-29 22:54:54,954{GMT}	INFO	[jepsen worker 2] jepsen.util: 2	:invoke	:broadcast	77
2023-05-29 22:54:54,956{GMT}	INFO	[jepsen worker 2] jepsen.util: 2	:ok	:broadcast	77
2023-05-29 22:54:55,021{GMT}	INFO	[jepsen worker 3] jepsen.util: 3	:invoke	:read	nil
2023-05-29 22:54:55,022{GMT}	INFO	[jepsen worker 3] jepsen.util: 3	:ok	:read	[2 17 21 24 27 28 31 35 53 56 65 69]
2023-05-29 22:54:55,054{GMT}	INFO	[jepsen worker 4] jepsen.util: 4	:invoke	:broadcast	78
2023-05-29 22:54:55,056{GMT}	INFO	[jepsen worker 4] jepsen.util: 4	:ok	:broadcast	78
2023-05-29 22:54:55,241{GMT}	INFO	[jepsen worker 0] jepsen.util: 0	:invoke	:read	nil
2023-05-29 22:54:55,243{GMT}	INFO	[jepsen worker 0] jepsen.util: 0	:ok	:read	[0 1 3 3 4 5 6 6 7 8 9 9 10 11 12 12 13 14 15 15 16 18 18 19 19 20 22 23 25 25 26 26 29 30 30 32 32 33 34 36 36 37 37 38 39 40 41 41 42 43 44 45 45 46 47 47 48 49 50 50 51 51 52 54 55 57 58 59 59 60 61 62 62 63 63 64 66 66 67 68 70 71 71 72 73 74 74 75 75 76 77 78]
2023-05-29 22:54:55,280{GMT}	INFO	[jepsen worker 0] jepsen.util: 0	:invoke	:read	nil
2023-05-29 22:54:55,282{GMT}	INFO	[jepsen worker 0] jepsen.util: 0	:ok	:read	[0 1 3 3 4 5 6 6 7 8 9 9 10 11 12 12 13 14 15 15 16 18 18 19 19 20 22 23 25 25 26 26 29 30 30 32 32 33 34 36 36 37 37 38 39 40 41 41 42 43 44 45 45 46 47 47 48 49 50 50 51 51 52 54 55 57 58 59 59 60 61 62 62 63 63 64 66 66 67 68 70 71 71 72 73 74 74 75 75 76 77 78]
2023-05-29 22:54:55,338{GMT}	INFO	[jepsen worker 1] jepsen.util: 1	:invoke	:broadcast	79
2023-05-29 22:54:55,340{GMT}	INFO	[jepsen worker 1] jepsen.util: 1	:ok	:broadcast	79
2023-05-29 22:54:55,382{GMT}	INFO	[jepsen worker 2] jepsen.util: 2	:invoke	:broadcast	80
2023-05-29 22:54:55,384{GMT}	INFO	[jepsen worker 2] jepsen.util: 2	:ok	:broadcast	80
2023-05-29 22:54:55,550{GMT}	INFO	[jepsen worker 3] jepsen.util: 3	:invoke	:read	nil
2023-05-29 22:54:55,551{GMT}	INFO	[jepsen worker 3] jepsen.util: 3	:ok	:read	[2 17 21 24 27 28 31 35 53 56 65 69]
2023-05-29 22:54:55,641{GMT}	INFO	[jepsen worker 4] jepsen.util: 4	:invoke	:broadcast	81
2023-05-29 22:54:55,642{GMT}	INFO	[jepsen worker 4] jepsen.util: 4	:ok	:broadcast	81
2023-05-29 22:54:55,781{GMT}	INFO	[jepsen worker 0] jepsen.util: 0	:invoke	:broadcast	82
2023-05-29 22:54:55,783{GMT}	INFO	[jepsen worker 0] jepsen.util: 0	:ok	:broadcast	82
2023-05-29 22:54:55,933{GMT}	INFO	[jepsen worker 0] jepsen.util: 0	:invoke	:read	nil
2023-05-29 22:54:55,935{GMT}	INFO	[jepsen worker 0] jepsen.util: 0	:ok	:read	[0 1 3 3 4 5 6 6 7 8 9 9 10 11 12 12 13 14 15 15 16 18 18 19 19 20 22 23 25 25 26 26 29 30 30 32 32 33 34 36 36 37 37 38 39 40 41 41 42 43 44 45 45 46 47 47 48 49 50 50 51 51 52 54 55 57 58 59 59 60 61 62 62 63 63 64 66 66 67 68 70 71 71 72 73 74 74 75 75 76 77 78 79 80 81 82 82]
2023-05-29 22:54:56,124{GMT}	INFO	[jepsen worker 1] jepsen.util: 1	:invoke	:read	nil
2023-05-29 22:54:56,126{GMT}	INFO	[jepsen worker 1] jepsen.util: 1	:ok	:read	[0 0 1 3 4 4 5 6 7 8 9 10 10 11 12 13 13 14 15 16 18 19 20 22 23 25 26 29 30 32 33 33 34 36 37 38 38 39 40 41 42 42 43 44 45 46 47 48 48 49 50 51 52 54 55 55 57 57 58 59 60 60 61 62 63 64 66 67 67 68 70 71 72 72 73 74 75 76 76 77 78 79 79 80 81 82]
2023-05-29 22:54:56,227{GMT}	INFO	[jepsen worker 2] jepsen.util: 2	:invoke	:read	nil
2023-05-29 22:54:56,228{GMT}	INFO	[jepsen worker 2] jepsen.util: 2	:ok	:read	[0 1 1 3 4 5 5 6 7 7 8 9 10 11 11 12 13 14 15 16 16 18 19 20 20 22 23 23 25 26 29 30 32 33 34 34 36 37 38 39 39 40 41 42 43 44 44 45 46 47 48 49 49 50 51 52 52 54 55 57 58 59 60 61 61 62 63 64 64 66 67 68 68 70 71 72 73 73 74 75 76 77 77 78 79 80 80 81 82]
2023-05-29 22:54:56,316{GMT}	INFO	[jepsen worker 3] jepsen.util: 3	:invoke	:read	nil
2023-05-29 22:54:56,317{GMT}	INFO	[jepsen worker 3] jepsen.util: 3	:ok	:read	[2 17 21 24 27 28 31 35 53 56 65 69]
2023-05-29 22:54:56,365{GMT}	INFO	[jepsen worker 4] jepsen.util: 4	:invoke	:broadcast	83
2023-05-29 22:54:56,366{GMT}	INFO	[jepsen worker 4] jepsen.util: 4	:ok	:broadcast	83
2023-05-29 22:54:56,468{GMT}	INFO	[jepsen worker 0] jepsen.util: 0	:invoke	:read	nil
2023-05-29 22:54:56,469{GMT}	INFO	[jepsen worker 0] jepsen.util: 0	:ok	:read	[0 1 3 3 4 5 6 6 7 8 9 9 10 11 12 12 13 14 15 15 16 18 18 19 19 20 22 23 25 25 26 26 29 30 30 32 32 33 34 36 36 37 37 38 39 40 41 41 42 43 44 45 45 46 47 47 48 49 50 50 51 51 52 54 55 57 58 59 59 60 61 62 62 63 63 64 66 66 67 68 70 71 71 72 73 74 74 75 75 76 77 78 79 80 81 82 82 83]
2023-05-29 22:54:56,555{GMT}	INFO	[jepsen worker 0] jepsen.util: 0	:invoke	:read	nil
2023-05-29 22:54:56,557{GMT}	INFO	[jepsen worker 0] jepsen.util: 0	:ok	:read	[0 1 3 3 4 5 6 6 7 8 9 9 10 11 12 12 13 14 15 15 16 18 18 19 19 20 22 23 25 25 26 26 29 30 30 32 32 33 34 36 36 37 37 38 39 40 41 41 42 43 44 45 45 46 47 47 48 49 50 50 51 51 52 54 55 57 58 59 59 60 61 62 62 63 63 64 66 66 67 68 70 71 71 72 73 74 74 75 75 76 77 78 79 80 81 82 82 83]
2023-05-29 22:54:56,680{GMT}	INFO	[jepsen worker 1] jepsen.util: 1	:invoke	:broadcast	84
2023-05-29 22:54:56,682{GMT}	INFO	[jepsen worker 1] jepsen.util: 1	:ok	:broadcast	84
2023-05-29 22:54:56,850{GMT}	INFO	[jepsen worker 2] jepsen.util: 2	:invoke	:broadcast	85
2023-05-29 22:54:56,852{GMT}	INFO	[jepsen worker 2] jepsen.util: 2	:ok	:broadcast	85
2023-05-29 22:54:56,974{GMT}	INFO	[jepsen worker 3] jepsen.util: 3	:invoke	:read	nil
2023-05-29 22:54:56,976{GMT}	INFO	[jepsen worker 3] jepsen.util: 3	:ok	:read	[2 17 21 24 27 28 31 35 53 56 65 69]
2023-05-29 22:54:57,025{GMT}	INFO	[jepsen worker 4] jepsen.util: 4	:invoke	:read	nil
2023-05-29 22:54:57,026{GMT}	INFO	[jepsen worker 4] jepsen.util: 4	:ok	:read	[0 1 3 4 5 6 7 8 8 9 10 11 12 13 14 14 15 16 18 19 20 22 22 23 25 26 29 29 30 32 33 34 36 37 38 39 40 40 41 42 43 43 44 45 46 46 47 48 49 50 51 52 54 54 55 57 58 58 59 60 61 62 63 64 66 67 68 70 70 71 72 73 74 75 76 77 78 78 79 80 81 81 82 83 83 84 85]
2023-05-29 22:54:57,141{GMT}	INFO	[jepsen worker 0] jepsen.util: 0	:invoke	:broadcast	86
2023-05-29 22:54:57,143{GMT}	INFO	[jepsen worker 0] jepsen.util: 0	:ok	:broadcast	86
2023-05-29 22:54:57,339{GMT}	INFO	[jepsen worker 0] jepsen.util: 0	:invoke	:read	nil
2023-05-29 22:54:57,341{GMT}	INFO	[jepsen worker 0] jepsen.util: 0	:ok	:read	[0 1 3 3 4 5 6 6 7 8 9 9 10 11 12 12 13 14 15 15 16 18 18 19 19 20 22 23 25 25 26 26 29 30 30 32 32 33 34 36 36 37 37 38 39 40 41 41 42 43 44 45 45 46 47 47 48 49 50 50 51 51 52 54 55 57 58 59 59 60 61 62 62 63 63 64 66 66 67 68 70 71 71 72 73 74 74 75 75 76 77 78 79 80 81 82 82 83 84 85 86 86]
2023-05-29 22:54:57,446{GMT}	INFO	[jepsen worker 1] jepsen.util: 1	:invoke	:read	nil
2023-05-29 22:54:57,447{GMT}	INFO	[jepsen worker 1] jepsen.util: 1	:ok	:read	[0 0 1 3 4 4 5 6 7 8 9 10 10 11 12 13 13 14 15 16 18 19 20 22 23 25 26 29 30 32 33 33 34 36 37 38 38 39 40 41 42 42 43 44 45 46 47 48 48 49 50 51 52 54 55 55 57 57 58 59 60 60 61 62 63 64 66 67 67 68 70 71 72 72 73 74 75 76 76 77 78 79 79 80 81 82 83 84 84 85 86]
2023-05-29 22:54:57,563{GMT}	INFO	[jepsen worker 2] jepsen.util: 2	:invoke	:broadcast	87
2023-05-29 22:54:57,565{GMT}	INFO	[jepsen worker 2] jepsen.util: 2	:ok	:broadcast	87
2023-05-29 22:54:57,679{GMT}	INFO	[jepsen worker 3] jepsen.util: 3	:invoke	:broadcast	88
2023-05-29 22:54:57,680{GMT}	INFO	[jepsen worker 3] jepsen.util: 3	:ok	:broadcast	88
2023-05-29 22:54:57,685{GMT}	INFO	[jepsen worker 4] jepsen.util: 4	:invoke	:read	nil
2023-05-29 22:54:57,687{GMT}	INFO	[jepsen worker 4] jepsen.util: 4	:ok	:read	[0 1 3 4 5 6 7 8 8 9 10 11 12 13 14 14 15 16 18 19 20 22 22 23 25 26 29 29 30 32 33 34 36 37 38 39 40 40 41 42 43 43 44 45 46 46 47 48 49 50 51 52 54 54 55 57 58 58 59 60 61 62 63 64 66 67 68 70 70 71 72 73 74 75 76 77 78 78 79 80 81 81 82 83 83 84 85 86 87]
2023-05-29 22:54:57,725{GMT}	INFO	[jepsen worker 0] jepsen.util: 0	:invoke	:broadcast	89
2023-05-29 22:54:57,727{GMT}	INFO	[jepsen worker 0] jepsen.util: 0	:ok	:broadcast	89
2023-05-29 22:54:57,773{GMT}	INFO	[jepsen worker 0] jepsen.util: 0	:invoke	:read	nil
2023-05-29 22:54:57,775{GMT}	INFO	[jepsen worker 0] jepsen.util: 0	:ok	:read	[0 1 3 3 4 5 6 6 7 8 9 9 10 11 12 12 13 14 15 15 16 18 18 19 19 20 22 23 25 25 26 26 29 30 30 32 32 33 34 36 36 37 37 38 39 40 41 41 42 43 44 45 45 46 47 47 48 49 50 50 51 51 52 54 55 57 58 59 59 60 61 62 62 63 63 64 66 66 67 68 70 71 71 72 73 74 74 75 75 76 77 78 79 80 81 82 82 83 84 85 86 86 87 89 89]
2023-05-29 22:54:57,920{GMT}	INFO	[jepsen worker 1] jepsen.util: 1	:invoke	:broadcast	90
2023-05-29 22:54:57,922{GMT}	INFO	[jepsen worker 1] jepsen.util: 1	:ok	:broadcast	90
2023-05-29 22:54:58,001{GMT}	INFO	[jepsen worker 2] jepsen.util: 2	:invoke	:broadcast	91
2023-05-29 22:54:58,003{GMT}	INFO	[jepsen worker 2] jepsen.util: 2	:ok	:broadcast	91
2023-05-29 22:54:58,140{GMT}	INFO	[jepsen worker 3] jepsen.util: 3	:invoke	:broadcast	92
2023-05-29 22:54:58,142{GMT}	INFO	[jepsen worker 3] jepsen.util: 3	:ok	:broadcast	92
2023-05-29 22:54:58,292{GMT}	INFO	[jepsen worker 4] jepsen.util: 4	:invoke	:broadcast	93
2023-05-29 22:54:58,293{GMT}	INFO	[jepsen worker 4] jepsen.util: 4	:ok	:broadcast	93
2023-05-29 22:54:58,383{GMT}	INFO	[jepsen worker 0] jepsen.util: 0	:invoke	:read	nil
2023-05-29 22:54:58,384{GMT}	INFO	[jepsen worker 0] jepsen.util: 0	:ok	:read	[0 1 3 3 4 5 6 6 7 8 9 9 10 11 12 12 13 14 15 15 16 18 18 19 19 20 22 23 25 25 26 26 29 30 30 32 32 33 34 36 36 37 37 38 39 40 41 41 42 43 44 45 45 46 47 47 48 49 50 50 51 51 52 54 55 57 58 59 59 60 61 62 62 63 63 64 66 66 67 68 70 71 71 72 73 74 74 75 75 76 77 78 79 80 81 82 82 83 84 85 86 86 87 89 89 90 91 93]
2023-05-29 22:54:58,463{GMT}	INFO	[jepsen worker 0] jepsen.util: 0	:invoke	:broadcast	94
2023-05-29 22:54:58,465{GMT}	INFO	[jepsen worker 0] jepsen.util: 0	:ok	:broadcast	94
2023-05-29 22:54:58,560{GMT}	INFO	[jepsen worker 1] jepsen.util: 1	:invoke	:broadcast	95
2023-05-29 22:54:58,562{GMT}	INFO	[jepsen worker 1] jepsen.util: 1	:ok	:broadcast	95
2023-05-29 22:54:58,653{GMT}	INFO	[jepsen worker 2] jepsen.util: 2	:invoke	:read	nil
2023-05-29 22:54:58,655{GMT}	INFO	[jepsen worker 2] jepsen.util: 2	:ok	:read	[0 1 1 3 4 5 5 6 7 7 8 9 10 11 11 12 13 14 15 16 16 18 19 20 20 22 23 23 25 26 29 30 32 33 34 34 36 37 38 39 39 40 41 42 43 44 44 45 46 47 48 49 49 50 51 52 52 54 55 57 58 59 60 61 61 62 63 64 64 66 67 68 68 70 71 72 73 73 74 75 76 77 77 78 79 80 80 81 82 83 84 85 85 86 87 87 89 90 91 91 93 94 95]
2023-05-29 22:54:58,729{GMT}	INFO	[jepsen worker 3] jepsen.util: 3	:invoke	:broadcast	96
2023-05-29 22:54:58,731{GMT}	INFO	[jepsen worker 3] jepsen.util: 3	:ok	:broadcast	96
2023-05-29 22:54:58,735{GMT}	INFO	[jepsen worker 4] jepsen.util: 4	:invoke	:broadcast	97
2023-05-29 22:54:58,737{GMT}	INFO	[jepsen worker 4] jepsen.util: 4	:ok	:broadcast	97
2023-05-29 22:54:58,863{GMT}	INFO	[jepsen worker 0] jepsen.util: 0	:invoke	:read	nil
2023-05-29 22:54:58,865{GMT}	INFO	[jepsen worker 0] jepsen.util: 0	:ok	:read	[0 1 3 3 4 5 6 6 7 8 9 9 10 11 12 12 13 14 15 15 16 18 18 19 19 20 22 23 25 25 26 26 29 30 30 32 32 33 34 36 36 37 37 38 39 40 41 41 42 43 44 45 45 46 47 47 48 49 50 50 51 51 52 54 55 57 58 59 59 60 61 62 62 63 63 64 66 66 67 68 70 71 71 72 73 74 74 75 75 76 77 78 79 80 81 82 82 83 84 85 86 86 87 89 89 90 91 93 94 94 95 97]
2023-05-29 22:54:58,941{GMT}	INFO	[jepsen worker 0] jepsen.util: 0	:invoke	:broadcast	98
2023-05-29 22:54:58,942{GMT}	INFO	[jepsen worker 0] jepsen.util: 0	:ok	:broadcast	98
2023-05-29 22:54:59,133{GMT}	INFO	[jepsen worker 1] jepsen.util: 1	:invoke	:read	nil
2023-05-29 22:54:59,135{GMT}	INFO	[jepsen worker 1] jepsen.util: 1	:ok	:read	[0 0 1 3 4 4 5 6 7 8 9 10 10 11 12 13 13 14 15 16 18 19 20 22 23 25 26 29 30 32 33 33 34 36 37 38 38 39 40 41 42 42 43 44 45 46 47 48 48 49 50 51 52 54 55 55 57 57 58 59 60 60 61 62 63 64 66 67 67 68 70 71 72 72 73 74 75 76 76 77 78 79 79 80 81 82 83 84 84 85 86 87 89 90 90 91 93 94 95 95 97 98]
2023-05-29 22:54:59,143{GMT}	INFO	[jepsen worker 2] jepsen.util: 2	:invoke	:read	nil
2023-05-29 22:54:59,145{GMT}	INFO	[jepsen worker 2] jepsen.util: 2	:ok	:read	[0 1 1 3 4 5 5 6 7 7 8 9 10 11 11 12 13 14 15 16 16 18 19 20 20 22 23 23 25 26 29 30 32 33 34 34 36 37 38 39 39 40 41 42 43 44 44 45 46 47 48 49 49 50 51 52 52 54 55 57 58 59 60 61 61 62 63 64 64 66 67 68 68 70 71 72 73 73 74 75 76 77 77 78 79 80 80 81 82 83 84 85 85 86 87 87 89 90 91 91 93 94 95 97 98]
2023-05-29 22:54:59,339{GMT}	INFO	[jepsen worker 3] jepsen.util: 3	:invoke	:broadcast	99
2023-05-29 22:54:59,341{GMT}	INFO	[jepsen worker 3] jepsen.util: 3	:ok	:broadcast	99
2023-05-29 22:54:59,432{GMT}	INFO	[jepsen worker 4] jepsen.util: 4	:invoke	:broadcast	100
2023-05-29 22:54:59,434{GMT}	INFO	[jepsen worker 4] jepsen.util: 4	:ok	:broadcast	100
2023-05-29 22:54:59,446{GMT}	INFO	[jepsen worker 0] jepsen.util: 0	:invoke	:read	nil
2023-05-29 22:54:59,448{GMT}	INFO	[jepsen worker 0] jepsen.util: 0	:ok	:read	[0 1 3 3 4 5 6 6 7 8 9 9 10 11 12 12 13 14 15 15 16 18 18 19 19 20 22 23 25 25 26 26 29 30 30 32 32 33 34 36 36 37 37 38 39 40 41 41 42 43 44 45 45 46 47 47 48 49 50 50 51 51 52 54 55 57 58 59 59 60 61 62 62 63 63 64 66 66 67 68 70 71 71 72 73 74 74 75 75 76 77 78 79 80 81 82 82 83 84 85 86 86 87 89 89 90 91 93 94 94 95 97 98 98 100]
2023-05-29 22:54:59,458{GMT}	INFO	[jepsen worker 0] jepsen.util: 0	:invoke	:read	nil
2023-05-29 22:54:59,459{GMT}	INFO	[jepsen worker 0] jepsen.util: 0	:ok	:read	[0 1 3 3 4 5 6 6 7 8 9 9 10 11 12 12 13 14 15 15 16 18 18 19 19 20 22 23 25 25 26 26 29 30 30 32 32 33 34 36 36 37 37 38 39 40 41 41 42 43 44 45 45 46 47 47 48 49 50 50 51 51 52 54 55 57 58 59 59 60 61 62 62 63 63 64 66 66 67 68 70 71 71 72 73 74 74 75 75 76 77 78 79 80 81 82 82 83 84 85 86 86 87 89 89 90 91 93 94 94 95 97 98 98 100]
2023-05-29 22:54:59,532{GMT}	INFO	[jepsen worker 1] jepsen.util: 1	:invoke	:read	nil
2023-05-29 22:54:59,534{GMT}	INFO	[jepsen worker 1] jepsen.util: 1	:ok	:read	[0 0 1 3 4 4 5 6 7 8 9 10 10 11 12 13 13 14 15 16 18 19 20 22 23 25 26 29 30 32 33 33 34 36 37 38 38 39 40 41 42 42 43 44 45 46 47 48 48 49 50 51 52 54 55 55 57 57 58 59 60 60 61 62 63 64 66 67 67 68 70 71 72 72 73 74 75 76 76 77 78 79 79 80 81 82 83 84 84 85 86 87 89 90 90 91 93 94 95 95 97 98 100]
2023-05-29 22:54:59,620{GMT}	INFO	[jepsen worker 2] jepsen.util: 2	:invoke	:broadcast	101
2023-05-29 22:54:59,621{GMT}	INFO	[jepsen worker 2] jepsen.util: 2	:ok	:broadcast	101
2023-05-29 22:54:59,683{GMT}	INFO	[jepsen worker nemesis] jepsen.util: :nemesis	:info	:stop-partition	nil
2023-05-29 22:54:59,683{GMT}	INFO	[jepsen worker nemesis] jepsen.util: :nemesis	:info	:stop-partition	:network-healed
2023-05-29 22:54:59,702{GMT}	INFO	[jepsen worker 4] jepsen.util: 4	:invoke	:broadcast	102
2023-05-29 22:54:59,704{GMT}	INFO	[jepsen worker 4] jepsen.util: 4	:ok	:broadcast	102
2023-05-29 22:54:59,873{GMT}	INFO	[jepsen worker 0] jepsen.util: 0	:invoke	:broadcast	103
2023-05-29 22:54:59,875{GMT}	INFO	[jepsen worker 0] jepsen.util: 0	:ok	:broadcast	103
2023-05-29 22:54:59,878{GMT}	INFO	[jepsen worker 0] jepsen.util: 0	:invoke	:broadcast	104
2023-05-29 22:54:59,880{GMT}	INFO	[jepsen worker 0] jepsen.util: 0	:ok	:broadcast	104
2023-05-29 22:55:00,013{GMT}	INFO	[jepsen worker 1] jepsen.util: 1	:invoke	:broadcast	105
2023-05-29 22:55:00,015{GMT}	INFO	[jepsen worker 1] jepsen.util: 1	:ok	:broadcast	105
2023-05-29 22:55:00,138{GMT}	INFO	[jepsen worker 2] jepsen.util: 2	:invoke	:read	nil
2023-05-29 22:55:00,140{GMT}	INFO	[jepsen worker 2] jepsen.util: 2	:ok	:read	[0 1 1 3 4 5 5 6 7 7 8 9 10 11 11 12 13 14 15 16 16 18 19 20 20 22 23 23 25 26 29 30 32 33 34 34 36 37 38 39 39 40 41 42 43 44 44 45 46 47 48 49 49 50 51 52 52 54 55 57 58 59 60 61 61 62 63 64 64 66 67 68 68 70 71 72 73 73 74 75 76 77 77 78 79 80 80 81 82 83 84 85 85 86 87 87 89 90 91 91 93 94 95 97 98 100 101 101 102 103 104 105]
2023-05-29 22:55:00,140{GMT}	INFO	[jepsen worker nemesis] jepsen.util: :nemesis	:info	:stop-partition	nil
2023-05-29 22:55:00,141{GMT}	INFO	[jepsen worker nemesis] jepsen.util: :nemesis	:info	:stop-partition	:network-healed
2023-05-29 22:55:00,141{GMT}	INFO	[jepsen worker 4] jepsen.generator.interpreter: Waiting for recovery...
2023-05-29 22:55:10,147{GMT}	INFO	[jepsen worker 4] jepsen.util: 4	:invoke	:read	nil
2023-05-29 22:55:10,147{GMT}	INFO	[jepsen worker 1] jepsen.util: 1	:invoke	:read	nil
2023-05-29 22:55:10,147{GMT}	INFO	[jepsen worker 3] jepsen.util: 3	:invoke	:read	nil
2023-05-29 22:55:10,148{GMT}	INFO	[jepsen worker 0] jepsen.util: 0	:invoke	:read	nil
2023-05-29 22:55:10,148{GMT}	INFO	[jepsen worker 2] jepsen.util: 2	:invoke	:read	nil
2023-05-29 22:55:10,150{GMT}	INFO	[jepsen worker 1] jepsen.util: 1	:ok	:read	[0 0 1 3 4 4 5 6 7 8 9 10 10 11 12 13 13 14 15 16 18 19 20 22 23 25 26 29 30 32 33 33 34 36 37 38 38 39 40 41 42 42 43 44 45 46 47 48 48 49 50 51 52 54 55 55 57 57 58 59 60 60 61 62 63 64 66 67 67 68 70 71 72 72 73 74 75 76 76 77 78 79 79 80 81 82 83 84 84 85 86 87 89 90 90 91 93 94 95 95 97 98 100 101 102 103 104 105 105]
2023-05-29 22:55:10,150{GMT}	INFO	[jepsen worker 4] jepsen.util: 4	:ok	:read	[0 1 3 4 5 6 7 8 8 9 10 11 12 13 14 14 15 16 18 19 20 22 22 23 25 26 29 29 30 32 33 34 36 37 38 39 40 40 41 42 43 43 44 45 46 46 47 48 49 50 51 52 54 54 55 57 58 58 59 60 61 62 63 64 66 67 68 70 70 71 72 73 74 75 76 77 78 78 79 80 81 81 82 83 83 84 85 86 87 89 90 91 93 93 94 95 97 97 98 100 100 101 102 102 103 104 105]
2023-05-29 22:55:10,150{GMT}	INFO	[jepsen worker 3] jepsen.util: 3	:ok	:read	[2 17 21 24 27 28 31 35 53 56 65 69 88 92 96 99 102 103 104 105]
2023-05-29 22:55:10,151{GMT}	INFO	[jepsen worker 0] jepsen.util: 0	:ok	:read	[0 1 3 3 4 5 6 6 7 8 9 9 10 11 12 12 13 14 15 15 16 18 18 19 19 20 22 23 25 25 26 26 29 30 30 32 32 33 34 36 36 37 37 38 39 40 41 41 42 43 44 45 45 46 47 47 48 49 50 50 51 51 52 54 55 57 58 59 59 60 61 62 62 63 63 64 66 66 67 68 70 71 71 72 73 74 74 75 75 76 77 78 79 80 81 82 82 83 84 85 86 86 87 89 89 90 91 93 94 94 95 97 98 98 100 101 102 103 103 104 104 105]
2023-05-29 22:55:10,151{GMT}	INFO	[jepsen worker 2] jepsen.util: 2	:ok	:read	[0 1 1 3 4 5 5 6 7 7 8 9 10 11 11 12 13 14 15 16 16 18 19 20 20 22 23 23 25 26 29 30 32 33 34 34 36 37 38 39 39 40 41 42 43 44 44 45 46 47 48 49 49 50 51 52 52 54 55 57 58 59 60 61 61 62 63 64 64 66 67 68 68 70 71 72 73 73 74 75 76 77 77 78 79 80 80 81 82 83 84 85 85 86 87 87 89 90 91 91 93 94 95 97 98 100 101 101 102 103 104 105]
2023-05-29 22:55:10,179{GMT}	INFO	[jepsen test runner] jepsen.core: Run complete, writing
2023-05-29 22:55:10,262{GMT}	INFO	[jepsen node n1] maelstrom.db: Tearing down n1
2023-05-29 22:55:10,262{GMT}	INFO	[jepsen node n0] maelstrom.db: Tearing down n0
2023-05-29 22:55:10,262{GMT}	INFO	[jepsen node n2] maelstrom.db: Tearing down n2
2023-05-29 22:55:10,262{GMT}	INFO	[jepsen node n3] maelstrom.db: Tearing down n3
2023-05-29 22:55:10,262{GMT}	INFO	[jepsen node n4] maelstrom.db: Tearing down n4
2023-05-29 22:55:11,901{GMT}	INFO	[jepsen node n0] maelstrom.net: Shutting down Maelstrom network
2023-05-29 22:55:11,906{GMT}	INFO	[jepsen test runner] jepsen.core: Analyzing...
2023-05-29 22:55:12,395{GMT}	INFO	[jepsen test runner] jepsen.core: Analysis complete
2023-05-29 22:55:12,434{GMT}	INFO	[jepsen results] jepsen.store: Wrote /Users/adicardrz/go-projects/maelstrom-challenges/maelstrom/store/broadcast/20230529T225436.993+0200/results.edn
2023-05-29 22:55:12,480{GMT}	INFO	[jepsen test runner] jepsen.core: {:perf {:latency-graph {:valid? true},
        :rate-graph {:valid? true},
        :valid? true},
 :timeline {:valid? true},
 :exceptions {:valid? true},
 :stats {:valid? true,
         :count 204,
         :ok-count 204,
         :fail-count 0,
         :info-count 0,
         :by-f {:broadcast {:valid? true,
                            :count 106,
                            :ok-count 106,
                            :fail-count 0,
                            :info-count 0},
                :read {:valid? true,
                       :count 98,
                       :ok-count 98,
                       :fail-count 0,
                       :info-count 0}}},
 :availability {:valid? true, :ok-fraction 1.0},
 :net {:all {:send-count 1365,
             :recv-count 1115,
             :msg-count 1365,
             :msgs-per-op 6.6911764},
       :clients {:send-count 428, :recv-count 428, :msg-count 428},
       :servers {:send-count 937,
                 :recv-count 687,
                 :msg-count 937,
                 :msgs-per-op 4.5931373},
       :valid? true},
 :workload {:worst-stale ({:element 0,
                           :outcome :stable,
                           :stable-latency 29922,
                           :lost-latency nil,
                           :known #jepsen.history.Op{:index 3,
                                                     :time 91925636,
                                                     :type :ok,
                                                     :process 1,
                                                     :f :add,
                                                     :value 0},
                           :last-absent #jepsen.history.Op{:index 406,
                                                           :time 30014756817,
                                                           :type :invoke,
                                                           :process 3,
                                                           :f :read,
                                                           :value nil,
                                                           :final? true}}
                          {:element 1,
                           :outcome :stable,
                           :stable-latency 29857,
                           :lost-latency nil,
                           :known #jepsen.history.Op{:index 5,
                                                     :time 157099620,
                                                     :type :ok,
                                                     :process 2,
                                                     :f :add,
                                                     :value 1},
                           :last-absent #jepsen.history.Op{:index 406,
                                                           :time 30014756817,
                                                           :type :invoke,
                                                           :process 3,
                                                           :f :read,
                                                           :value nil,
                                                           :final? true}}
                          {:element 3,
                           :outcome :stable,
                           :stable-latency 29498,
                           :lost-latency nil,
                           :known #jepsen.history.Op{:index 13,
                                                     :time 516020274,
                                                     :type :ok,
                                                     :process 0,
                                                     :f :add,
                                                     :value 3},
                           :last-absent #jepsen.history.Op{:index 406,
                                                           :time 30014756817,
                                                           :type :invoke,
                                                           :process 3,
                                                           :f :read,
                                                           :value nil,
                                                           :final? true}}
                          {:element 4,
                           :outcome :stable,
                           :stable-latency 29300,
                           :lost-latency nil,
                           :known #jepsen.history.Op{:index 15,
                                                     :time 714331905,
                                                     :type :ok,
                                                     :process 1,
                                                     :f :add,
                                                     :value 4},
                           :last-absent #jepsen.history.Op{:index 406,
                                                           :time 30014756817,
                                                           :type :invoke,
                                                           :process 3,
                                                           :f :read,
                                                           :value nil,
                                                           :final? true}}
                          {:element 5,
                           :outcome :stable,
                           :stable-latency 29261,
                           :lost-latency nil,
                           :known #jepsen.history.Op{:index 17,
                                                     :time 752825381,
                                                     :type :ok,
                                                     :process 2,
                                                     :f :add,
                                                     :value 5},
                           :last-absent #jepsen.history.Op{:index 406,
                                                           :time 30014756817,
                                                           :type :invoke,
                                                           :process 3,
                                                           :f :read,
                                                           :value nil,
                                                           :final? true}}
                          {:element 6,
                           :outcome :stable,
                           :stable-latency 28927,
                           :lost-latency nil,
                           :known #jepsen.history.Op{:index 23,
                                                     :time 1087353242,
                                                     :type :ok,
                                                     :process 0,
                                                     :f :add,
                                                     :value 6},
                           :last-absent #jepsen.history.Op{:index 406,
                                                           :time 30014756817,
                                                           :type :invoke,
                                                           :process 3,
                                                           :f :read,
                                                           :value nil,
                                                           :final? true}}
                          {:element 7,
                           :outcome :stable,
                           :stable-latency 28700,
                           :lost-latency nil,
                           :known #jepsen.history.Op{:index 29,
                                                     :time 1313817405,
                                                     :type :ok,
                                                     :process 2,
                                                     :f :add,
                                                     :value 7},
                           :last-absent #jepsen.history.Op{:index 406,
                                                           :time 30014756817,
                                                           :type :invoke,
                                                           :process 3,
                                                           :f :read,
                                                           :value nil,
                                                           :final? true}}
                          {:element 8,
                           :outcome :stable,
                           :stable-latency 28437,
                           :lost-latency nil,
                           :known #jepsen.history.Op{:index 33,
                                                     :time 1576942077,
                                                     :type :ok,
                                                     :process 4,
                                                     :f :add,
                                                     :value 8},
                           :last-absent #jepsen.history.Op{:index 406,
                                                           :time 30014756817,
                                                           :type :invoke,
                                                           :process 3,
                                                           :f :read,
                                                           :value nil,
                                                           :final? true}}),
            :duplicated-count 0,
            :valid? false,
            :lost-count 16,
            :lost (2 17 21 24 27 28 31 35 53 56 65 69 88 92 96 99),
            :stable-count 90,
            :stale-count 86,
            :stale (0
                    1
                    3
                    4
                    5
                    6
                    7
                    8
                    9
                    10
                    11
                    12
                    13
                    14
                    15
                    16
                    18
                    19
                    20
                    22
                    23
                    25
                    26
                    29
                    30
                    32
                    33
                    34
                    36
                    37
                    38
                    39
                    40
                    41
                    42
                    43
                    44
                    45
                    46
                    47
                    48
                    49
                    50
                    51
                    52
                    54
                    55
                    57
                    58
                    59
                    60
                    61
                    62
                    63
                    64
                    66
                    67
                    68
                    70
                    71
                    72
                    73
                    74
                    75
                    76
                    77
                    78
                    79
                    80
                    81
                    82
                    83
                    84
                    85
                    86
                    87
                    89
                    90
                    91
                    93
                    94
                    95
                    97
                    98
                    100
                    101),
            :never-read-count 0,
            :stable-latencies {0 0,
                               0.5 19588,
                               0.95 29261,
                               0.99 29922,
                               1 29922},
            :attempt-count 106,
            :lost-latencies {0 10806,
                             0.5 22812,
                             0.95 29704,
                             0.99 29704,
                             1 29704},
            :never-read (),
            :duplicated {}},
 :valid? false}


Analysis invalid! ( 
