2023/05/29 22:16:22 Received {c4 n2 {"type":"init","node_id":"n2","node_ids":["n0","n1","n2","n3","n4"],"msg_id":1}}
2023/05/29 22:16:22 Node n2 initialized
2023/05/29 22:16:22 Sent {"src":"n2","dest":"c4","body":{"in_reply_to":1,"type":"init_ok"}}
2023/05/29 22:16:22 Received {c7 n2 {"type":"topology","topology":{"n0":["n3","n1"],"n1":["n4","n2","n0"],"n2":["n1"],"n3":["n0","n4"],"n4":["n1","n3"]},"msg_id":1}}
2023/05/29 22:16:22 Sent {"src":"n2","dest":"c7","body":{"in_reply_to":1,"type":"topology_ok"}}
2023/05/29 22:16:22 Received {n1 n2 {"counter":1,"message":0,"sender":"n0","type":"gossip"}}
2023/05/29 22:16:22 Sent {"src":"n2","dest":"n1","body":{"counter":1,"message":0,"sender":"n0","type":"gossip"}}
2023/05/29 22:16:22 Sent {"src":"n2","dest":"n1","body":{"in_reply_to":0,"type":"gossip_ok"}}
2023/05/29 22:16:22 Received {c12 n2 {"type":"read","msg_id":1}}
2023/05/29 22:16:22 Sent {"src":"n2","dest":"c12","body":{"in_reply_to":1,"messages":[0],"msg_id":1,"type":"read_ok"}}
2023/05/29 22:16:23 Received {c12 n2 {"type":"read","msg_id":2}}
2023/05/29 22:16:23 Sent {"src":"n2","dest":"c12","body":{"in_reply_to":2,"messages":[0],"msg_id":2,"type":"read_ok"}}
2023/05/29 22:16:23 Received {c12 n2 {"type":"read","msg_id":3}}
2023/05/29 22:16:23 Sent {"src":"n2","dest":"c12","body":{"in_reply_to":3,"messages":[0],"msg_id":3,"type":"read_ok"}}
2023/05/29 22:16:23 Received {c12 n2 {"type":"broadcast","message":4,"msg_id":4}}
2023/05/29 22:16:23 Sent {"src":"n2","dest":"n1","body":{"counter":1,"message":4,"sender":"n2","type":"gossip"}}
2023/05/29 22:16:23 Sent {"src":"n2","dest":"c12","body":{"in_reply_to":4,"type":"broadcast_ok"}}
2023/05/29 22:16:24 Received {c12 n2 {"type":"read","msg_id":5}}
2023/05/29 22:16:24 Sent {"src":"n2","dest":"c12","body":{"in_reply_to":5,"messages":[0,4],"msg_id":5,"type":"read_ok"}}
2023/05/29 22:16:24 Received {c12 n2 {"type":"read","msg_id":6}}
2023/05/29 22:16:24 Sent {"src":"n2","dest":"c12","body":{"in_reply_to":6,"messages":[0,4],"msg_id":6,"type":"read_ok"}}
2023/05/29 22:16:24 Received {c12 n2 {"type":"broadcast","message":6,"msg_id":7}}
2023/05/29 22:16:24 Sent {"src":"n2","dest":"n1","body":{"counter":2,"message":6,"sender":"n2","type":"gossip"}}
2023/05/29 22:16:24 Sent {"src":"n2","dest":"c12","body":{"in_reply_to":7,"type":"broadcast_ok"}}
2023/05/29 22:16:24 Received {c12 n2 {"type":"read","msg_id":8}}
2023/05/29 22:16:24 Sent {"src":"n2","dest":"c12","body":{"in_reply_to":8,"messages":[0,4,6],"msg_id":8,"type":"read_ok"}}
2023/05/29 22:16:24 Received {c12 n2 {"type":"read","msg_id":9}}
2023/05/29 22:16:24 Sent {"src":"n2","dest":"c12","body":{"in_reply_to":9,"messages":[0,4,6],"msg_id":9,"type":"read_ok"}}
2023/05/29 22:16:25 Received {c12 n2 {"type":"broadcast","message":8,"msg_id":10}}
2023/05/29 22:16:25 Sent {"src":"n2","dest":"n1","body":{"counter":3,"message":8,"sender":"n2","type":"gossip"}}
2023/05/29 22:16:25 Sent {"src":"n2","dest":"c12","body":{"in_reply_to":10,"type":"broadcast_ok"}}
2023/05/29 22:16:25 Received {c12 n2 {"type":"read","msg_id":11}}
2023/05/29 22:16:25 Sent {"src":"n2","dest":"c12","body":{"in_reply_to":11,"messages":[0,4,6,8],"msg_id":11,"type":"read_ok"}}
2023/05/29 22:16:25 Received {c12 n2 {"type":"read","msg_id":12}}
2023/05/29 22:16:25 Sent {"src":"n2","dest":"c12","body":{"in_reply_to":12,"messages":[0,4,6,8],"msg_id":12,"type":"read_ok"}}
2023/05/29 22:16:25 Received {c12 n2 {"type":"read","msg_id":13}}
2023/05/29 22:16:25 Sent {"src":"n2","dest":"c12","body":{"in_reply_to":13,"messages":[0,4,6,8],"msg_id":13,"type":"read_ok"}}
2023/05/29 22:16:25 Received {c12 n2 {"type":"read","msg_id":14}}
2023/05/29 22:16:25 Sent {"src":"n2","dest":"c12","body":{"in_reply_to":14,"messages":[0,4,6,8],"msg_id":14,"type":"read_ok"}}
2023/05/29 22:16:26 Received {c12 n2 {"type":"broadcast","message":11,"msg_id":15}}
2023/05/29 22:16:26 Sent {"src":"n2","dest":"n1","body":{"counter":4,"message":11,"sender":"n2","type":"gossip"}}
2023/05/29 22:16:26 Sent {"src":"n2","dest":"c12","body":{"in_reply_to":15,"type":"broadcast_ok"}}
2023/05/29 22:16:26 Received {c12 n2 {"type":"broadcast","message":12,"msg_id":16}}
2023/05/29 22:16:26 Sent {"src":"n2","dest":"n1","body":{"counter":5,"message":12,"sender":"n2","type":"gossip"}}
2023/05/29 22:16:26 Sent {"src":"n2","dest":"c12","body":{"in_reply_to":16,"type":"broadcast_ok"}}
2023/05/29 22:16:26 Received {c12 n2 {"type":"read","msg_id":17}}
2023/05/29 22:16:26 Sent {"src":"n2","dest":"c12","body":{"in_reply_to":17,"messages":[0,4,6,8,11,12],"msg_id":17,"type":"read_ok"}}
2023/05/29 22:16:26 Received {c12 n2 {"type":"broadcast","message":15,"msg_id":18}}
2023/05/29 22:16:26 Sent {"src":"n2","dest":"n1","body":{"counter":6,"message":15,"sender":"n2","type":"gossip"}}
2023/05/29 22:16:26 Sent {"src":"n2","dest":"c12","body":{"in_reply_to":18,"type":"broadcast_ok"}}
2023/05/29 22:16:26 Received {c12 n2 {"type":"read","msg_id":19}}
2023/05/29 22:16:26 Sent {"src":"n2","dest":"c12","body":{"in_reply_to":19,"messages":[0,4,6,8,11,12,15],"msg_id":19,"type":"read_ok"}}
2023/05/29 22:16:27 Received {c12 n2 {"type":"broadcast","message":16,"msg_id":20}}
2023/05/29 22:16:27 Sent {"src":"n2","dest":"n1","body":{"counter":7,"message":16,"sender":"n2","type":"gossip"}}
2023/05/29 22:16:27 Sent {"src":"n2","dest":"c12","body":{"in_reply_to":20,"type":"broadcast_ok"}}
2023/05/29 22:16:27 Received {c12 n2 {"type":"broadcast","message":18,"msg_id":21}}
2023/05/29 22:16:27 Sent {"src":"n2","dest":"n1","body":{"counter":8,"message":18,"sender":"n2","type":"gossip"}}
2023/05/29 22:16:27 Sent {"src":"n2","dest":"c12","body":{"in_reply_to":21,"type":"broadcast_ok"}}
2023/05/29 22:16:27 Received {c12 n2 {"type":"read","msg_id":22}}
2023/05/29 22:16:27 Sent {"src":"n2","dest":"c12","body":{"in_reply_to":22,"messages":[0,4,6,8,11,12,15,16,18],"msg_id":22,"type":"read_ok"}}
2023/05/29 22:16:27 Received {c12 n2 {"type":"broadcast","message":19,"msg_id":23}}
2023/05/29 22:16:27 Sent {"src":"n2","dest":"n1","body":{"counter":9,"message":19,"sender":"n2","type":"gossip"}}
2023/05/29 22:16:27 Sent {"src":"n2","dest":"c12","body":{"in_reply_to":23,"type":"broadcast_ok"}}
2023/05/29 22:16:27 Received {c12 n2 {"type":"broadcast","message":20,"msg_id":24}}
2023/05/29 22:16:27 Sent {"src":"n2","dest":"n1","body":{"counter":10,"message":20,"sender":"n2","type":"gossip"}}
2023/05/29 22:16:27 Sent {"src":"n2","dest":"c12","body":{"in_reply_to":24,"type":"broadcast_ok"}}
2023/05/29 22:16:28 Received {c12 n2 {"type":"read","msg_id":25}}
2023/05/29 22:16:28 Sent {"src":"n2","dest":"c12","body":{"in_reply_to":25,"messages":[0,4,6,8,11,12,15,16,18,19,20],"msg_id":25,"type":"read_ok"}}
2023/05/29 22:16:28 Received {c12 n2 {"type":"broadcast","message":21,"msg_id":26}}
2023/05/29 22:16:28 Sent {"src":"n2","dest":"n1","body":{"counter":11,"message":21,"sender":"n2","type":"gossip"}}
2023/05/29 22:16:28 Sent {"src":"n2","dest":"c12","body":{"in_reply_to":26,"type":"broadcast_ok"}}
2023/05/29 22:16:28 Received {c12 n2 {"type":"broadcast","message":22,"msg_id":27}}
2023/05/29 22:16:28 Sent {"src":"n2","dest":"n1","body":{"counter":12,"message":22,"sender":"n2","type":"gossip"}}
2023/05/29 22:16:28 Sent {"src":"n2","dest":"c12","body":{"in_reply_to":27,"type":"broadcast_ok"}}
2023/05/29 22:16:28 Received {c12 n2 {"type":"broadcast","message":23,"msg_id":28}}
2023/05/29 22:16:28 Sent {"src":"n2","dest":"n1","body":{"counter":13,"message":23,"sender":"n2","type":"gossip"}}
2023/05/29 22:16:28 Sent {"src":"n2","dest":"c12","body":{"in_reply_to":28,"type":"broadcast_ok"}}
2023/05/29 22:16:28 Received {c12 n2 {"type":"read","msg_id":29}}
2023/05/29 22:16:28 Sent {"src":"n2","dest":"c12","body":{"in_reply_to":29,"messages":[0,4,6,8,11,12,15,16,18,19,20,21,22,23],"msg_id":29,"type":"read_ok"}}
2023/05/29 22:16:28 Received {c12 n2 {"type":"broadcast","message":24,"msg_id":30}}
2023/05/29 22:16:28 Sent {"src":"n2","dest":"n1","body":{"counter":14,"message":24,"sender":"n2","type":"gossip"}}
2023/05/29 22:16:28 Sent {"src":"n2","dest":"c12","body":{"in_reply_to":30,"type":"broadcast_ok"}}
2023/05/29 22:16:29 Received {c12 n2 {"type":"read","msg_id":31}}
2023/05/29 22:16:29 Sent {"src":"n2","dest":"c12","body":{"in_reply_to":31,"messages":[0,4,6,8,11,12,15,16,18,19,20,21,22,23,24],"msg_id":31,"type":"read_ok"}}
2023/05/29 22:16:29 Received {c12 n2 {"type":"broadcast","message":25,"msg_id":32}}
2023/05/29 22:16:29 Sent {"src":"n2","dest":"n1","body":{"counter":15,"message":25,"sender":"n2","type":"gossip"}}
2023/05/29 22:16:29 Sent {"src":"n2","dest":"c12","body":{"in_reply_to":32,"type":"broadcast_ok"}}
2023/05/29 22:16:29 Received {c12 n2 {"type":"broadcast","message":26,"msg_id":33}}
2023/05/29 22:16:29 Sent {"src":"n2","dest":"n1","body":{"counter":16,"message":26,"sender":"n2","type":"gossip"}}
2023/05/29 22:16:29 Sent {"src":"n2","dest":"c12","body":{"in_reply_to":33,"type":"broadcast_ok"}}
2023/05/29 22:16:29 Received {c12 n2 {"type":"read","msg_id":34}}
2023/05/29 22:16:29 Sent {"src":"n2","dest":"c12","body":{"in_reply_to":34,"messages":[0,4,6,8,11,12,15,16,18,19,20,21,22,23,24,25,26],"msg_id":34,"type":"read_ok"}}
2023/05/29 22:16:29 Received {c12 n2 {"type":"read","msg_id":35}}
2023/05/29 22:16:29 Sent {"src":"n2","dest":"c12","body":{"in_reply_to":35,"messages":[0,4,6,8,11,12,15,16,18,19,20,21,22,23,24,25,26],"msg_id":35,"type":"read_ok"}}
2023/05/29 22:16:29 Received {c12 n2 {"type":"read","msg_id":36}}
2023/05/29 22:16:29 Sent {"src":"n2","dest":"c12","body":{"in_reply_to":36,"messages":[0,4,6,8,11,12,15,16,18,19,20,21,22,23,24,25,26],"msg_id":36,"type":"read_ok"}}
2023/05/29 22:16:29 Received {c12 n2 {"type":"read","msg_id":37}}
2023/05/29 22:16:29 Sent {"src":"n2","dest":"c12","body":{"in_reply_to":37,"messages":[0,4,6,8,11,12,15,16,18,19,20,21,22,23,24,25,26],"msg_id":37,"type":"read_ok"}}
2023/05/29 22:16:29 Received {c12 n2 {"type":"broadcast","message":28,"msg_id":38}}
2023/05/29 22:16:29 Sent {"src":"n2","dest":"n1","body":{"counter":17,"message":28,"sender":"n2","type":"gossip"}}
2023/05/29 22:16:29 Sent {"src":"n2","dest":"c12","body":{"in_reply_to":38,"type":"broadcast_ok"}}
2023/05/29 22:16:30 Received {c12 n2 {"type":"broadcast","message":29,"msg_id":39}}
2023/05/29 22:16:30 Sent {"src":"n2","dest":"n1","body":{"counter":18,"message":29,"sender":"n2","type":"gossip"}}
2023/05/29 22:16:30 Sent {"src":"n2","dest":"c12","body":{"in_reply_to":39,"type":"broadcast_ok"}}
2023/05/29 22:16:30 Received {c12 n2 {"type":"read","msg_id":40}}
2023/05/29 22:16:30 Sent {"src":"n2","dest":"c12","body":{"in_reply_to":40,"messages":[0,4,6,8,11,12,15,16,18,19,20,21,22,23,24,25,26,28,29],"msg_id":40,"type":"read_ok"}}
2023/05/29 22:16:30 Received {c12 n2 {"type":"read","msg_id":41}}
2023/05/29 22:16:30 Sent {"src":"n2","dest":"c12","body":{"in_reply_to":41,"messages":[0,4,6,8,11,12,15,16,18,19,20,21,22,23,24,25,26,28,29],"msg_id":41,"type":"read_ok"}}
2023/05/29 22:16:30 Received {c12 n2 {"type":"broadcast","message":30,"msg_id":42}}
2023/05/29 22:16:30 Sent {"src":"n2","dest":"n1","body":{"counter":19,"message":30,"sender":"n2","type":"gossip"}}
2023/05/29 22:16:30 Sent {"src":"n2","dest":"c12","body":{"in_reply_to":42,"type":"broadcast_ok"}}
2023/05/29 22:16:30 Received {c12 n2 {"type":"read","msg_id":43}}
2023/05/29 22:16:30 Sent {"src":"n2","dest":"c12","body":{"in_reply_to":43,"messages":[0,4,6,8,11,12,15,16,18,19,20,21,22,23,24,25,26,28,29,30],"msg_id":43,"type":"read_ok"}}
2023/05/29 22:16:31 Received {c12 n2 {"type":"broadcast","message":33,"msg_id":44}}
2023/05/29 22:16:31 Sent {"src":"n2","dest":"n1","body":{"counter":20,"message":33,"sender":"n2","type":"gossip"}}
2023/05/29 22:16:31 Sent {"src":"n2","dest":"c12","body":{"in_reply_to":44,"type":"broadcast_ok"}}
2023/05/29 22:16:31 Received {c12 n2 {"type":"read","msg_id":45}}
2023/05/29 22:16:31 Sent {"src":"n2","dest":"c12","body":{"in_reply_to":45,"messages":[0,4,6,8,11,12,15,16,18,19,20,21,22,23,24,25,26,28,29,30,33],"msg_id":45,"type":"read_ok"}}
2023/05/29 22:16:31 Received {c12 n2 {"type":"broadcast","message":34,"msg_id":46}}
2023/05/29 22:16:31 Sent {"src":"n2","dest":"n1","body":{"counter":21,"message":34,"sender":"n2","type":"gossip"}}
2023/05/29 22:16:31 Sent {"src":"n2","dest":"c12","body":{"in_reply_to":46,"type":"broadcast_ok"}}
2023/05/29 22:16:31 Received {c12 n2 {"type":"read","msg_id":47}}
2023/05/29 22:16:31 Sent {"src":"n2","dest":"c12","body":{"in_reply_to":47,"messages":[0,4,6,8,11,12,15,16,18,19,20,21,22,23,24,25,26,28,29,30,33,34],"msg_id":47,"type":"read_ok"}}
2023/05/29 22:16:31 Received {c12 n2 {"type":"read","msg_id":48}}
2023/05/29 22:16:31 Sent {"src":"n2","dest":"c12","body":{"in_reply_to":48,"messages":[0,4,6,8,11,12,15,16,18,19,20,21,22,23,24,25,26,28,29,30,33,34],"msg_id":48,"type":"read_ok"}}
2023/05/29 22:16:31 Received {c12 n2 {"type":"broadcast","message":36,"msg_id":49}}
2023/05/29 22:16:31 Sent {"src":"n2","dest":"n1","body":{"counter":22,"message":36,"sender":"n2","type":"gossip"}}
2023/05/29 22:16:31 Sent {"src":"n2","dest":"c12","body":{"in_reply_to":49,"type":"broadcast_ok"}}
2023/05/29 22:16:31 Received {c12 n2 {"type":"read","msg_id":50}}
2023/05/29 22:16:31 Sent {"src":"n2","dest":"c12","body":{"in_reply_to":50,"messages":[0,4,6,8,11,12,15,16,18,19,20,21,22,23,24,25,26,28,29,30,33,34,36],"msg_id":50,"type":"read_ok"}}
2023/05/29 22:16:31 Received {c12 n2 {"type":"read","msg_id":51}}
2023/05/29 22:16:31 Sent {"src":"n2","dest":"c12","body":{"in_reply_to":51,"messages":[0,4,6,8,11,12,15,16,18,19,20,21,22,23,24,25,26,28,29,30,33,34,36],"msg_id":51,"type":"read_ok"}}
2023/05/29 22:16:32 Received {c12 n2 {"type":"read","msg_id":52}}
2023/05/29 22:16:32 Sent {"src":"n2","dest":"c12","body":{"in_reply_to":52,"messages":[0,4,6,8,11,12,15,16,18,19,20,21,22,23,24,25,26,28,29,30,33,34,36],"msg_id":52,"type":"read_ok"}}
2023/05/29 22:16:32 Received {c12 n2 {"type":"broadcast","message":38,"msg_id":53}}
2023/05/29 22:16:32 Sent {"src":"n2","dest":"n1","body":{"counter":23,"message":38,"sender":"n2","type":"gossip"}}
2023/05/29 22:16:32 Sent {"src":"n2","dest":"c12","body":{"in_reply_to":53,"type":"broadcast_ok"}}
2023/05/29 22:16:32 Received {c12 n2 {"type":"broadcast","message":39,"msg_id":54}}
2023/05/29 22:16:32 Sent {"src":"n2","dest":"n1","body":{"counter":24,"message":39,"sender":"n2","type":"gossip"}}
2023/05/29 22:16:32 Sent {"src":"n2","dest":"c12","body":{"in_reply_to":54,"type":"broadcast_ok"}}
2023/05/29 22:16:32 Received {c12 n2 {"type":"read","msg_id":55}}
2023/05/29 22:16:32 Sent {"src":"n2","dest":"c12","body":{"in_reply_to":55,"messages":[0,4,6,8,11,12,15,16,18,19,20,21,22,23,24,25,26,28,29,30,33,34,36,38,39],"msg_id":55,"type":"read_ok"}}
2023/05/29 22:16:32 Received {c12 n2 {"type":"broadcast","message":40,"msg_id":56}}
2023/05/29 22:16:32 Sent {"src":"n2","dest":"n1","body":{"counter":25,"message":40,"sender":"n2","type":"gossip"}}
2023/05/29 22:16:32 Sent {"src":"n2","dest":"c12","body":{"in_reply_to":56,"type":"broadcast_ok"}}
2023/05/29 22:16:32 Received {c12 n2 {"type":"read","msg_id":57}}
2023/05/29 22:16:32 Sent {"src":"n2","dest":"c12","body":{"in_reply_to":57,"messages":[0,4,6,8,11,12,15,16,18,19,20,21,22,23,24,25,26,28,29,30,33,34,36,38,39,40],"msg_id":57,"type":"read_ok"}}
2023/05/29 22:16:33 Received {c12 n2 {"type":"broadcast","message":44,"msg_id":58}}
2023/05/29 22:16:33 Sent {"src":"n2","dest":"n1","body":{"counter":26,"message":44,"sender":"n2","type":"gossip"}}
2023/05/29 22:16:33 Sent {"src":"n2","dest":"c12","body":{"in_reply_to":58,"type":"broadcast_ok"}}
2023/05/29 22:16:33 Received {c12 n2 {"type":"read","msg_id":59}}
2023/05/29 22:16:33 Sent {"src":"n2","dest":"c12","body":{"in_reply_to":59,"messages":[0,4,6,8,11,12,15,16,18,19,20,21,22,23,24,25,26,28,29,30,33,34,36,38,39,40,44],"msg_id":59,"type":"read_ok"}}
2023/05/29 22:16:33 Received {c12 n2 {"type":"read","msg_id":60}}
2023/05/29 22:16:33 Sent {"src":"n2","dest":"c12","body":{"in_reply_to":60,"messages":[0,4,6,8,11,12,15,16,18,19,20,21,22,23,24,25,26,28,29,30,33,34,36,38,39,40,44],"msg_id":60,"type":"read_ok"}}
2023/05/29 22:16:33 Received {c12 n2 {"type":"broadcast","message":47,"msg_id":61}}
2023/05/29 22:16:33 Sent {"src":"n2","dest":"n1","body":{"counter":27,"message":47,"sender":"n2","type":"gossip"}}
2023/05/29 22:16:33 Sent {"src":"n2","dest":"c12","body":{"in_reply_to":61,"type":"broadcast_ok"}}
2023/05/29 22:16:33 Received {c12 n2 {"type":"broadcast","message":48,"msg_id":62}}
2023/05/29 22:16:33 Sent {"src":"n2","dest":"n1","body":{"counter":28,"message":48,"sender":"n2","type":"gossip"}}
2023/05/29 22:16:33 Sent {"src":"n2","dest":"c12","body":{"in_reply_to":62,"type":"broadcast_ok"}}
2023/05/29 22:16:34 Received {c12 n2 {"type":"broadcast","message":50,"msg_id":63}}
2023/05/29 22:16:34 Sent {"src":"n2","dest":"n1","body":{"counter":29,"message":50,"sender":"n2","type":"gossip"}}
2023/05/29 22:16:34 Sent {"src":"n2","dest":"c12","body":{"in_reply_to":63,"type":"broadcast_ok"}}
2023/05/29 22:16:34 Received {c12 n2 {"type":"read","msg_id":64}}
2023/05/29 22:16:34 Sent {"src":"n2","dest":"c12","body":{"in_reply_to":64,"messages":[0,4,6,8,11,12,15,16,18,19,20,21,22,23,24,25,26,28,29,30,33,34,36,38,39,40,44,47,48,50],"msg_id":64,"type":"read_ok"}}
2023/05/29 22:16:34 Received {c12 n2 {"type":"read","msg_id":65}}
2023/05/29 22:16:34 Sent {"src":"n2","dest":"c12","body":{"in_reply_to":65,"messages":[0,4,6,8,11,12,15,16,18,19,20,21,22,23,24,25,26,28,29,30,33,34,36,38,39,40,44,47,48,50],"msg_id":65,"type":"read_ok"}}
2023/05/29 22:16:34 Received {c12 n2 {"type":"broadcast","message":51,"msg_id":66}}
2023/05/29 22:16:34 Sent {"src":"n2","dest":"n1","body":{"counter":30,"message":51,"sender":"n2","type":"gossip"}}
2023/05/29 22:16:34 Sent {"src":"n2","dest":"c12","body":{"in_reply_to":66,"type":"broadcast_ok"}}
2023/05/29 22:16:34 Received {c12 n2 {"type":"broadcast","message":53,"msg_id":67}}
2023/05/29 22:16:34 Sent {"src":"n2","dest":"n1","body":{"counter":31,"message":53,"sender":"n2","type":"gossip"}}
2023/05/29 22:16:34 Sent {"src":"n2","dest":"c12","body":{"in_reply_to":67,"type":"broadcast_ok"}}
2023/05/29 22:16:34 Received {c12 n2 {"type":"read","msg_id":68}}
2023/05/29 22:16:34 Sent {"src":"n2","dest":"c12","body":{"in_reply_to":68,"messages":[0,4,6,8,11,12,15,16,18,19,20,21,22,23,24,25,26,28,29,30,33,34,36,38,39,40,44,47,48,50,51,53],"msg_id":68,"type":"read_ok"}}
2023/05/29 22:16:34 Received {c12 n2 {"type":"broadcast","message":54,"msg_id":69}}
2023/05/29 22:16:34 Sent {"src":"n2","dest":"n1","body":{"counter":32,"message":54,"sender":"n2","type":"gossip"}}
2023/05/29 22:16:34 Sent {"src":"n2","dest":"c12","body":{"in_reply_to":69,"type":"broadcast_ok"}}
2023/05/29 22:16:34 Received {c12 n2 {"type":"read","msg_id":70}}
2023/05/29 22:16:34 Sent {"src":"n2","dest":"c12","body":{"in_reply_to":70,"messages":[0,4,6,8,11,12,15,16,18,19,20,21,22,23,24,25,26,28,29,30,33,34,36,38,39,40,44,47,48,50,51,53,54],"msg_id":70,"type":"read_ok"}}
2023/05/29 22:16:35 Received {c12 n2 {"type":"read","msg_id":71}}
2023/05/29 22:16:35 Sent {"src":"n2","dest":"c12","body":{"in_reply_to":71,"messages":[0,4,6,8,11,12,15,16,18,19,20,21,22,23,24,25,26,28,29,30,33,34,36,38,39,40,44,47,48,50,51,53,54],"msg_id":71,"type":"read_ok"}}
2023/05/29 22:16:35 Received {c12 n2 {"type":"read","msg_id":72}}
2023/05/29 22:16:35 Sent {"src":"n2","dest":"c12","body":{"in_reply_to":72,"messages":[0,4,6,8,11,12,15,16,18,19,20,21,22,23,24,25,26,28,29,30,33,34,36,38,39,40,44,47,48,50,51,53,54],"msg_id":72,"type":"read_ok"}}
2023/05/29 22:16:35 Received {c12 n2 {"type":"read","msg_id":73}}
2023/05/29 22:16:35 Sent {"src":"n2","dest":"c12","body":{"in_reply_to":73,"messages":[0,4,6,8,11,12,15,16,18,19,20,21,22,23,24,25,26,28,29,30,33,34,36,38,39,40,44,47,48,50,51,53,54],"msg_id":73,"type":"read_ok"}}
2023/05/29 22:16:35 Received {c12 n2 {"type":"read","msg_id":74}}
2023/05/29 22:16:35 Sent {"src":"n2","dest":"c12","body":{"in_reply_to":74,"messages":[0,4,6,8,11,12,15,16,18,19,20,21,22,23,24,25,26,28,29,30,33,34,36,38,39,40,44,47,48,50,51,53,54],"msg_id":74,"type":"read_ok"}}
2023/05/29 22:16:35 Received {c12 n2 {"type":"broadcast","message":55,"msg_id":75}}
2023/05/29 22:16:35 Sent {"src":"n2","dest":"n1","body":{"counter":33,"message":55,"sender":"n2","type":"gossip"}}
2023/05/29 22:16:35 Sent {"src":"n2","dest":"c12","body":{"in_reply_to":75,"type":"broadcast_ok"}}
2023/05/29 22:16:35 Received {c12 n2 {"type":"read","msg_id":76}}
2023/05/29 22:16:35 Sent {"src":"n2","dest":"c12","body":{"in_reply_to":76,"messages":[0,4,6,8,11,12,15,16,18,19,20,21,22,23,24,25,26,28,29,30,33,34,36,38,39,40,44,47,48,50,51,53,54,55],"msg_id":76,"type":"read_ok"}}
2023/05/29 22:16:36 Received {c12 n2 {"type":"read","msg_id":77}}
2023/05/29 22:16:36 Sent {"src":"n2","dest":"c12","body":{"in_reply_to":77,"messages":[0,4,6,8,11,12,15,16,18,19,20,21,22,23,24,25,26,28,29,30,33,34,36,38,39,40,44,47,48,50,51,53,54,55],"msg_id":77,"type":"read_ok"}}
2023/05/29 22:16:36 Received {c12 n2 {"type":"read","msg_id":78}}
2023/05/29 22:16:36 Sent {"src":"n2","dest":"c12","body":{"in_reply_to":78,"messages":[0,4,6,8,11,12,15,16,18,19,20,21,22,23,24,25,26,28,29,30,33,34,36,38,39,40,44,47,48,50,51,53,54,55],"msg_id":78,"type":"read_ok"}}
2023/05/29 22:16:36 Received {c12 n2 {"type":"read","msg_id":79}}
2023/05/29 22:16:36 Sent {"src":"n2","dest":"c12","body":{"in_reply_to":79,"messages":[0,4,6,8,11,12,15,16,18,19,20,21,22,23,24,25,26,28,29,30,33,34,36,38,39,40,44,47,48,50,51,53,54,55],"msg_id":79,"type":"read_ok"}}
2023/05/29 22:16:36 Received {c12 n2 {"type":"broadcast","message":57,"msg_id":80}}
2023/05/29 22:16:36 Sent {"src":"n2","dest":"n1","body":{"counter":34,"message":57,"sender":"n2","type":"gossip"}}
2023/05/29 22:16:36 Sent {"src":"n2","dest":"c12","body":{"in_reply_to":80,"type":"broadcast_ok"}}
2023/05/29 22:16:36 Received {c12 n2 {"type":"broadcast","message":59,"msg_id":81}}
2023/05/29 22:16:36 Sent {"src":"n2","dest":"n1","body":{"counter":35,"message":59,"sender":"n2","type":"gossip"}}
2023/05/29 22:16:36 Sent {"src":"n2","dest":"c12","body":{"in_reply_to":81,"type":"broadcast_ok"}}
2023/05/29 22:16:36 Received {c12 n2 {"type":"broadcast","message":60,"msg_id":82}}
2023/05/29 22:16:36 Sent {"src":"n2","dest":"n1","body":{"counter":36,"message":60,"sender":"n2","type":"gossip"}}
2023/05/29 22:16:36 Sent {"src":"n2","dest":"c12","body":{"in_reply_to":82,"type":"broadcast_ok"}}
2023/05/29 22:16:36 Received {c12 n2 {"type":"read","msg_id":83}}
2023/05/29 22:16:36 Sent {"src":"n2","dest":"c12","body":{"in_reply_to":83,"messages":[0,4,6,8,11,12,15,16,18,19,20,21,22,23,24,25,26,28,29,30,33,34,36,38,39,40,44,47,48,50,51,53,54,55,57,59,60],"msg_id":83,"type":"read_ok"}}
2023/05/29 22:16:36 Received {c12 n2 {"type":"broadcast","message":61,"msg_id":84}}
2023/05/29 22:16:36 Sent {"src":"n2","dest":"n1","body":{"counter":37,"message":61,"sender":"n2","type":"gossip"}}
2023/05/29 22:16:36 Sent {"src":"n2","dest":"c12","body":{"in_reply_to":84,"type":"broadcast_ok"}}
2023/05/29 22:16:37 Received {c12 n2 {"type":"broadcast","message":62,"msg_id":85}}
2023/05/29 22:16:37 Sent {"src":"n2","dest":"n1","body":{"counter":38,"message":62,"sender":"n2","type":"gossip"}}
2023/05/29 22:16:37 Sent {"src":"n2","dest":"c12","body":{"in_reply_to":85,"type":"broadcast_ok"}}
2023/05/29 22:16:37 Received {c12 n2 {"type":"read","msg_id":86}}
2023/05/29 22:16:37 Sent {"src":"n2","dest":"c12","body":{"in_reply_to":86,"messages":[0,4,6,8,11,12,15,16,18,19,20,21,22,23,24,25,26,28,29,30,33,34,36,38,39,40,44,47,48,50,51,53,54,55,57,59,60,61,62],"msg_id":86,"type":"read_ok"}}
2023/05/29 22:16:37 Received {c12 n2 {"type":"read","msg_id":87}}
2023/05/29 22:16:37 Sent {"src":"n2","dest":"c12","body":{"in_reply_to":87,"messages":[0,4,6,8,11,12,15,16,18,19,20,21,22,23,24,25,26,28,29,30,33,34,36,38,39,40,44,47,48,50,51,53,54,55,57,59,60,61,62],"msg_id":87,"type":"read_ok"}}
2023/05/29 22:16:37 Received {c12 n2 {"type":"broadcast","message":63,"msg_id":88}}
2023/05/29 22:16:37 Sent {"src":"n2","dest":"n1","body":{"counter":39,"message":63,"sender":"n2","type":"gossip"}}
2023/05/29 22:16:37 Sent {"src":"n2","dest":"c12","body":{"in_reply_to":88,"type":"broadcast_ok"}}
2023/05/29 22:16:37 Received {c12 n2 {"type":"read","msg_id":89}}
2023/05/29 22:16:37 Sent {"src":"n2","dest":"c12","body":{"in_reply_to":89,"messages":[0,4,6,8,11,12,15,16,18,19,20,21,22,23,24,25,26,28,29,30,33,34,36,38,39,40,44,47,48,50,51,53,54,55,57,59,60,61,62,63],"msg_id":89,"type":"read_ok"}}
2023/05/29 22:16:37 Received {c12 n2 {"type":"broadcast","message":65,"msg_id":90}}
2023/05/29 22:16:37 Sent {"src":"n2","dest":"n1","body":{"counter":40,"message":65,"sender":"n2","type":"gossip"}}
2023/05/29 22:16:37 Sent {"src":"n2","dest":"c12","body":{"in_reply_to":90,"type":"broadcast_ok"}}
2023/05/29 22:16:37 Received {c12 n2 {"type":"broadcast","message":66,"msg_id":91}}
2023/05/29 22:16:37 Sent {"src":"n2","dest":"n1","body":{"counter":41,"message":66,"sender":"n2","type":"gossip"}}
2023/05/29 22:16:37 Sent {"src":"n2","dest":"c12","body":{"in_reply_to":91,"type":"broadcast_ok"}}
2023/05/29 22:16:38 Received {c12 n2 {"type":"read","msg_id":92}}
2023/05/29 22:16:38 Sent {"src":"n2","dest":"c12","body":{"in_reply_to":92,"messages":[0,4,6,8,11,12,15,16,18,19,20,21,22,23,24,25,26,28,29,30,33,34,36,38,39,40,44,47,48,50,51,53,54,55,57,59,60,61,62,63,65,66],"msg_id":92,"type":"read_ok"}}
2023/05/29 22:16:38 Received {c12 n2 {"type":"read","msg_id":93}}
2023/05/29 22:16:38 Sent {"src":"n2","dest":"c12","body":{"in_reply_to":93,"messages":[0,4,6,8,11,12,15,16,18,19,20,21,22,23,24,25,26,28,29,30,33,34,36,38,39,40,44,47,48,50,51,53,54,55,57,59,60,61,62,63,65,66],"msg_id":93,"type":"read_ok"}}
2023/05/29 22:16:38 Received {c12 n2 {"type":"read","msg_id":94}}
2023/05/29 22:16:38 Sent {"src":"n2","dest":"c12","body":{"in_reply_to":94,"messages":[0,4,6,8,11,12,15,16,18,19,20,21,22,23,24,25,26,28,29,30,33,34,36,38,39,40,44,47,48,50,51,53,54,55,57,59,60,61,62,63,65,66],"msg_id":94,"type":"read_ok"}}
2023/05/29 22:16:38 Received {c12 n2 {"type":"read","msg_id":95}}
2023/05/29 22:16:38 Sent {"src":"n2","dest":"c12","body":{"in_reply_to":95,"messages":[0,4,6,8,11,12,15,16,18,19,20,21,22,23,24,25,26,28,29,30,33,34,36,38,39,40,44,47,48,50,51,53,54,55,57,59,60,61,62,63,65,66],"msg_id":95,"type":"read_ok"}}
2023/05/29 22:16:39 Received {c12 n2 {"type":"broadcast","message":70,"msg_id":96}}
2023/05/29 22:16:39 Sent {"src":"n2","dest":"n1","body":{"counter":42,"message":70,"sender":"n2","type":"gossip"}}
2023/05/29 22:16:39 Sent {"src":"n2","dest":"c12","body":{"in_reply_to":96,"type":"broadcast_ok"}}
2023/05/29 22:16:39 Received {c12 n2 {"type":"broadcast","message":71,"msg_id":97}}
2023/05/29 22:16:39 Sent {"src":"n2","dest":"n1","body":{"counter":43,"message":71,"sender":"n2","type":"gossip"}}
2023/05/29 22:16:39 Sent {"src":"n2","dest":"c12","body":{"in_reply_to":97,"type":"broadcast_ok"}}
2023/05/29 22:16:39 Received {c12 n2 {"type":"broadcast","message":72,"msg_id":98}}
2023/05/29 22:16:39 Sent {"src":"n2","dest":"n1","body":{"counter":44,"message":72,"sender":"n2","type":"gossip"}}
2023/05/29 22:16:39 Sent {"src":"n2","dest":"c12","body":{"in_reply_to":98,"type":"broadcast_ok"}}
2023/05/29 22:16:39 Received {c12 n2 {"type":"read","msg_id":99}}
2023/05/29 22:16:39 Sent {"src":"n2","dest":"c12","body":{"in_reply_to":99,"messages":[0,4,6,8,11,12,15,16,18,19,20,21,22,23,24,25,26,28,29,30,33,34,36,38,39,40,44,47,48,50,51,53,54,55,57,59,60,61,62,63,65,66,70,71,72],"msg_id":99,"type":"read_ok"}}
2023/05/29 22:16:39 Received {c12 n2 {"type":"read","msg_id":100}}
2023/05/29 22:16:39 Sent {"src":"n2","dest":"c12","body":{"in_reply_to":100,"messages":[0,4,6,8,11,12,15,16,18,19,20,21,22,23,24,25,26,28,29,30,33,34,36,38,39,40,44,47,48,50,51,53,54,55,57,59,60,61,62,63,65,66,70,71,72],"msg_id":100,"type":"read_ok"}}
2023/05/29 22:16:39 Received {c12 n2 {"type":"broadcast","message":73,"msg_id":101}}
2023/05/29 22:16:39 Sent {"src":"n2","dest":"n1","body":{"counter":45,"message":73,"sender":"n2","type":"gossip"}}
2023/05/29 22:16:39 Sent {"src":"n2","dest":"c12","body":{"in_reply_to":101,"type":"broadcast_ok"}}
2023/05/29 22:16:39 Received {c12 n2 {"type":"read","msg_id":102}}
2023/05/29 22:16:39 Sent {"src":"n2","dest":"c12","body":{"in_reply_to":102,"messages":[0,4,6,8,11,12,15,16,18,19,20,21,22,23,24,25,26,28,29,30,33,34,36,38,39,40,44,47,48,50,51,53,54,55,57,59,60,61,62,63,65,66,70,71,72,73],"msg_id":102,"type":"read_ok"}}
2023/05/29 22:16:40 Received {c12 n2 {"type":"broadcast","message":76,"msg_id":103}}
2023/05/29 22:16:40 Sent {"src":"n2","dest":"n1","body":{"counter":46,"message":76,"sender":"n2","type":"gossip"}}
2023/05/29 22:16:40 Sent {"src":"n2","dest":"c12","body":{"in_reply_to":103,"type":"broadcast_ok"}}
2023/05/29 22:16:40 Received {c12 n2 {"type":"broadcast","message":77,"msg_id":104}}
2023/05/29 22:16:40 Sent {"src":"n2","dest":"n1","body":{"counter":47,"message":77,"sender":"n2","type":"gossip"}}
2023/05/29 22:16:40 Sent {"src":"n2","dest":"c12","body":{"in_reply_to":104,"type":"broadcast_ok"}}
2023/05/29 22:16:40 Received {c12 n2 {"type":"read","msg_id":105}}
2023/05/29 22:16:40 Sent {"src":"n2","dest":"c12","body":{"in_reply_to":105,"messages":[0,4,6,8,11,12,15,16,18,19,20,21,22,23,24,25,26,28,29,30,33,34,36,38,39,40,44,47,48,50,51,53,54,55,57,59,60,61,62,63,65,66,70,71,72,73,76,77],"msg_id":105,"type":"read_ok"}}
2023/05/29 22:16:40 Received {c12 n2 {"type":"read","msg_id":106}}
2023/05/29 22:16:40 Sent {"src":"n2","dest":"c12","body":{"in_reply_to":106,"messages":[0,4,6,8,11,12,15,16,18,19,20,21,22,23,24,25,26,28,29,30,33,34,36,38,39,40,44,47,48,50,51,53,54,55,57,59,60,61,62,63,65,66,70,71,72,73,76,77],"msg_id":106,"type":"read_ok"}}
2023/05/29 22:16:40 Received {c12 n2 {"type":"broadcast","message":79,"msg_id":107}}
2023/05/29 22:16:40 Sent {"src":"n2","dest":"n1","body":{"counter":48,"message":79,"sender":"n2","type":"gossip"}}
2023/05/29 22:16:40 Sent {"src":"n2","dest":"c12","body":{"in_reply_to":107,"type":"broadcast_ok"}}
2023/05/29 22:16:40 Received {c12 n2 {"type":"read","msg_id":108}}
2023/05/29 22:16:40 Sent {"src":"n2","dest":"c12","body":{"in_reply_to":108,"messages":[0,4,6,8,11,12,15,16,18,19,20,21,22,23,24,25,26,28,29,30,33,34,36,38,39,40,44,47,48,50,51,53,54,55,57,59,60,61,62,63,65,66,70,71,72,73,76,77,79],"msg_id":108,"type":"read_ok"}}
2023/05/29 22:16:40 Received {c12 n2 {"type":"read","msg_id":109}}
2023/05/29 22:16:40 Sent {"src":"n2","dest":"c12","body":{"in_reply_to":109,"messages":[0,4,6,8,11,12,15,16,18,19,20,21,22,23,24,25,26,28,29,30,33,34,36,38,39,40,44,47,48,50,51,53,54,55,57,59,60,61,62,63,65,66,70,71,72,73,76,77,79],"msg_id":109,"type":"read_ok"}}
2023/05/29 22:16:41 Received {c12 n2 {"type":"read","msg_id":110}}
2023/05/29 22:16:41 Sent {"src":"n2","dest":"c12","body":{"in_reply_to":110,"messages":[0,4,6,8,11,12,15,16,18,19,20,21,22,23,24,25,26,28,29,30,33,34,36,38,39,40,44,47,48,50,51,53,54,55,57,59,60,61,62,63,65,66,70,71,72,73,76,77,79],"msg_id":110,"type":"read_ok"}}
2023/05/29 22:16:41 Received {c12 n2 {"type":"read","msg_id":111}}
2023/05/29 22:16:41 Sent {"src":"n2","dest":"c12","body":{"in_reply_to":111,"messages":[0,4,6,8,11,12,15,16,18,19,20,21,22,23,24,25,26,28,29,30,33,34,36,38,39,40,44,47,48,50,51,53,54,55,57,59,60,61,62,63,65,66,70,71,72,73,76,77,79],"msg_id":111,"type":"read_ok"}}
2023/05/29 22:16:41 Received {c12 n2 {"type":"read","msg_id":112}}
2023/05/29 22:16:41 Sent {"src":"n2","dest":"c12","body":{"in_reply_to":112,"messages":[0,4,6,8,11,12,15,16,18,19,20,21,22,23,24,25,26,28,29,30,33,34,36,38,39,40,44,47,48,50,51,53,54,55,57,59,60,61,62,63,65,66,70,71,72,73,76,77,79],"msg_id":112,"type":"read_ok"}}
2023/05/29 22:16:41 Received {c12 n2 {"type":"read","msg_id":113}}
2023/05/29 22:16:41 Sent {"src":"n2","dest":"c12","body":{"in_reply_to":113,"messages":[0,4,6,8,11,12,15,16,18,19,20,21,22,23,24,25,26,28,29,30,33,34,36,38,39,40,44,47,48,50,51,53,54,55,57,59,60,61,62,63,65,66,70,71,72,73,76,77,79],"msg_id":113,"type":"read_ok"}}
2023/05/29 22:16:41 Received {c12 n2 {"type":"broadcast","message":84,"msg_id":114}}
2023/05/29 22:16:41 Sent {"src":"n2","dest":"n1","body":{"counter":49,"message":84,"sender":"n2","type":"gossip"}}
2023/05/29 22:16:41 Sent {"src":"n2","dest":"c12","body":{"in_reply_to":114,"type":"broadcast_ok"}}
2023/05/29 22:16:41 Received {c12 n2 {"type":"read","msg_id":115}}
2023/05/29 22:16:41 Sent {"src":"n2","dest":"c12","body":{"in_reply_to":115,"messages":[0,4,6,8,11,12,15,16,18,19,20,21,22,23,24,25,26,28,29,30,33,34,36,38,39,40,44,47,48,50,51,53,54,55,57,59,60,61,62,63,65,66,70,71,72,73,76,77,79,84],"msg_id":115,"type":"read_ok"}}
2023/05/29 22:16:42 Received {c12 n2 {"type":"read","msg_id":116}}
2023/05/29 22:16:42 Sent {"src":"n2","dest":"c12","body":{"in_reply_to":116,"messages":[0,4,6,8,11,12,15,16,18,19,20,21,22,23,24,25,26,28,29,30,33,34,36,38,39,40,44,47,48,50,51,53,54,55,57,59,60,61,62,63,65,66,70,71,72,73,76,77,79,84],"msg_id":116,"type":"read_ok"}}
2023/05/29 22:16:42 Received {c12 n2 {"type":"broadcast","message":85,"msg_id":117}}
2023/05/29 22:16:42 Sent {"src":"n2","dest":"n1","body":{"counter":50,"message":85,"sender":"n2","type":"gossip"}}
2023/05/29 22:16:42 Sent {"src":"n2","dest":"c12","body":{"in_reply_to":117,"type":"broadcast_ok"}}
2023/05/29 22:16:42 Received {c12 n2 {"type":"broadcast","message":86,"msg_id":118}}
2023/05/29 22:16:42 Sent {"src":"n2","dest":"n1","body":{"counter":51,"message":86,"sender":"n2","type":"gossip"}}
2023/05/29 22:16:42 Sent {"src":"n2","dest":"c12","body":{"in_reply_to":118,"type":"broadcast_ok"}}
2023/05/29 22:16:42 Received {c12 n2 {"type":"broadcast","message":87,"msg_id":119}}
2023/05/29 22:16:42 Sent {"src":"n2","dest":"n1","body":{"counter":52,"message":87,"sender":"n2","type":"gossip"}}
2023/05/29 22:16:42 Sent {"src":"n2","dest":"c12","body":{"in_reply_to":119,"type":"broadcast_ok"}}
2023/05/29 22:16:53 Received {c12 n2 {"type":"read","msg_id":120}}
2023/05/29 22:16:53 Sent {"src":"n2","dest":"c12","body":{"in_reply_to":120,"messages":[0,4,6,8,11,12,15,16,18,19,20,21,22,23,24,25,26,28,29,30,33,34,36,38,39,40,44,47,48,50,51,53,54,55,57,59,60,61,62,63,65,66,70,71,72,73,76,77,79,84,85,86,87],"msg_id":120,"type":"read_ok"}}
