2023/05/29 22:16:22 Received {c2 n4 {"type":"init","node_id":"n4","node_ids":["n0","n1","n2","n3","n4"],"msg_id":1}}
2023/05/29 22:16:22 Node n4 initialized
2023/05/29 22:16:22 Sent {"src":"n4","dest":"c2","body":{"in_reply_to":1,"type":"init_ok"}}
2023/05/29 22:16:22 Received {c9 n4 {"type":"topology","topology":{"n0":["n3","n1"],"n1":["n4","n2","n0"],"n2":["n1"],"n3":["n0","n4"],"n4":["n1","n3"]},"msg_id":1}}
2023/05/29 22:16:22 Sent {"src":"n4","dest":"c9","body":{"in_reply_to":1,"type":"topology_ok"}}
2023/05/29 22:16:22 Received {n1 n4 {"counter":1,"message":0,"sender":"n0","type":"gossip"}}
2023/05/29 22:16:22 Received {n3 n4 {"counter":1,"message":0,"sender":"n0","type":"gossip"}}
2023/05/29 22:16:22 Sent {"src":"n4","dest":"n3","body":{"in_reply_to":0,"type":"gossip_ok"}}
2023/05/29 22:16:22 Sent {"src":"n4","dest":"n1","body":{"counter":1,"message":0,"sender":"n0","type":"gossip"}}
2023/05/29 22:16:22 Sent {"src":"n4","dest":"n3","body":{"counter":1,"message":0,"sender":"n0","type":"gossip"}}
2023/05/29 22:16:22 Sent {"src":"n4","dest":"n1","body":{"in_reply_to":0,"type":"gossip_ok"}}
2023/05/29 22:16:23 Received {c14 n4 {"type":"broadcast","message":2,"msg_id":1}}
2023/05/29 22:16:23 Sent {"src":"n4","dest":"n1","body":{"counter":1,"message":2,"sender":"n4","type":"gossip"}}
2023/05/29 22:16:23 Sent {"src":"n4","dest":"n3","body":{"counter":1,"message":2,"sender":"n4","type":"gossip"}}
2023/05/29 22:16:23 Sent {"src":"n4","dest":"c14","body":{"in_reply_to":1,"type":"broadcast_ok"}}
2023/05/29 22:16:23 Received {c14 n4 {"type":"broadcast","message":5,"msg_id":2}}
2023/05/29 22:16:23 Sent {"src":"n4","dest":"n1","body":{"counter":2,"message":5,"sender":"n4","type":"gossip"}}
2023/05/29 22:16:23 Sent {"src":"n4","dest":"n3","body":{"counter":2,"message":5,"sender":"n4","type":"gossip"}}
2023/05/29 22:16:23 Sent {"src":"n4","dest":"c14","body":{"in_reply_to":2,"type":"broadcast_ok"}}
2023/05/29 22:16:24 Received {c14 n4 {"type":"read","msg_id":3}}
2023/05/29 22:16:24 Sent {"src":"n4","dest":"c14","body":{"in_reply_to":3,"messages":[0,2,5],"msg_id":3,"type":"read_ok"}}
2023/05/29 22:16:24 Received {c14 n4 {"type":"read","msg_id":4}}
2023/05/29 22:16:24 Sent {"src":"n4","dest":"c14","body":{"in_reply_to":4,"messages":[0,2,5],"msg_id":4,"type":"read_ok"}}
2023/05/29 22:16:24 Received {c14 n4 {"type":"broadcast","message":7,"msg_id":5}}
2023/05/29 22:16:24 Sent {"src":"n4","dest":"n1","body":{"counter":3,"message":7,"sender":"n4","type":"gossip"}}
2023/05/29 22:16:24 Sent {"src":"n4","dest":"n3","body":{"counter":3,"message":7,"sender":"n4","type":"gossip"}}
2023/05/29 22:16:24 Sent {"src":"n4","dest":"c14","body":{"in_reply_to":5,"type":"broadcast_ok"}}
2023/05/29 22:16:25 Received {c14 n4 {"type":"broadcast","message":9,"msg_id":6}}
2023/05/29 22:16:25 Sent {"src":"n4","dest":"n1","body":{"counter":4,"message":9,"sender":"n4","type":"gossip"}}
2023/05/29 22:16:25 Sent {"src":"n4","dest":"n3","body":{"counter":4,"message":9,"sender":"n4","type":"gossip"}}
2023/05/29 22:16:25 Sent {"src":"n4","dest":"c14","body":{"in_reply_to":6,"type":"broadcast_ok"}}
2023/05/29 22:16:25 Received {c14 n4 {"type":"broadcast","message":10,"msg_id":7}}
2023/05/29 22:16:25 Sent {"src":"n4","dest":"n1","body":{"counter":5,"message":10,"sender":"n4","type":"gossip"}}
2023/05/29 22:16:25 Sent {"src":"n4","dest":"n3","body":{"counter":5,"message":10,"sender":"n4","type":"gossip"}}
2023/05/29 22:16:25 Sent {"src":"n4","dest":"c14","body":{"in_reply_to":7,"type":"broadcast_ok"}}
2023/05/29 22:16:26 Received {c14 n4 {"type":"broadcast","message":13,"msg_id":8}}
2023/05/29 22:16:26 Sent {"src":"n4","dest":"n1","body":{"counter":6,"message":13,"sender":"n4","type":"gossip"}}
2023/05/29 22:16:26 Sent {"src":"n4","dest":"n3","body":{"counter":6,"message":13,"sender":"n4","type":"gossip"}}
2023/05/29 22:16:26 Sent {"src":"n4","dest":"c14","body":{"in_reply_to":8,"type":"broadcast_ok"}}
2023/05/29 22:16:26 Received {c14 n4 {"type":"broadcast","message":14,"msg_id":9}}
2023/05/29 22:16:26 Sent {"src":"n4","dest":"n1","body":{"counter":7,"message":14,"sender":"n4","type":"gossip"}}
2023/05/29 22:16:26 Sent {"src":"n4","dest":"n3","body":{"counter":7,"message":14,"sender":"n4","type":"gossip"}}
2023/05/29 22:16:26 Sent {"src":"n4","dest":"c14","body":{"in_reply_to":9,"type":"broadcast_ok"}}
2023/05/29 22:16:27 Received {c14 n4 {"type":"read","msg_id":10}}
2023/05/29 22:16:27 Sent {"src":"n4","dest":"c14","body":{"in_reply_to":10,"messages":[0,2,5,7,9,10,13,14],"msg_id":10,"type":"read_ok"}}
2023/05/29 22:16:27 Received {c14 n4 {"type":"broadcast","message":17,"msg_id":11}}
2023/05/29 22:16:27 Sent {"src":"n4","dest":"n1","body":{"counter":8,"message":17,"sender":"n4","type":"gossip"}}
2023/05/29 22:16:27 Sent {"src":"n4","dest":"n3","body":{"counter":8,"message":17,"sender":"n4","type":"gossip"}}
2023/05/29 22:16:27 Sent {"src":"n4","dest":"c14","body":{"in_reply_to":11,"type":"broadcast_ok"}}
2023/05/29 22:16:27 Received {c14 n4 {"type":"read","msg_id":12}}
2023/05/29 22:16:27 Sent {"src":"n4","dest":"c14","body":{"in_reply_to":12,"messages":[0,2,5,7,9,10,13,14,17],"msg_id":12,"type":"read_ok"}}
2023/05/29 22:16:27 Received {c14 n4 {"type":"read","msg_id":13}}
2023/05/29 22:16:27 Sent {"src":"n4","dest":"c14","body":{"in_reply_to":13,"messages":[0,2,5,7,9,10,13,14,17],"msg_id":13,"type":"read_ok"}}
2023/05/29 22:16:28 Received {c14 n4 {"type":"read","msg_id":14}}
2023/05/29 22:16:28 Sent {"src":"n4","dest":"c14","body":{"in_reply_to":14,"messages":[0,2,5,7,9,10,13,14,17],"msg_id":14,"type":"read_ok"}}
2023/05/29 22:16:28 Received {c14 n4 {"type":"read","msg_id":15}}
2023/05/29 22:16:28 Sent {"src":"n4","dest":"c14","body":{"in_reply_to":15,"messages":[0,2,5,7,9,10,13,14,17],"msg_id":15,"type":"read_ok"}}
2023/05/29 22:16:28 Received {c14 n4 {"type":"read","msg_id":16}}
2023/05/29 22:16:28 Sent {"src":"n4","dest":"c14","body":{"in_reply_to":16,"messages":[0,2,5,7,9,10,13,14,17],"msg_id":16,"type":"read_ok"}}
2023/05/29 22:16:29 Received {c14 n4 {"type":"read","msg_id":17}}
2023/05/29 22:16:29 Sent {"src":"n4","dest":"c14","body":{"in_reply_to":17,"messages":[0,2,5,7,9,10,13,14,17],"msg_id":17,"type":"read_ok"}}
2023/05/29 22:16:29 Received {c14 n4 {"type":"broadcast","message":27,"msg_id":18}}
2023/05/29 22:16:29 Sent {"src":"n4","dest":"n1","body":{"counter":9,"message":27,"sender":"n4","type":"gossip"}}
2023/05/29 22:16:29 Sent {"src":"n4","dest":"n3","body":{"counter":9,"message":27,"sender":"n4","type":"gossip"}}
2023/05/29 22:16:29 Sent {"src":"n4","dest":"c14","body":{"in_reply_to":18,"type":"broadcast_ok"}}
2023/05/29 22:16:30 Received {c14 n4 {"type":"read","msg_id":19}}
2023/05/29 22:16:30 Sent {"src":"n4","dest":"c14","body":{"in_reply_to":19,"messages":[0,2,5,7,9,10,13,14,17,27],"msg_id":19,"type":"read_ok"}}
2023/05/29 22:16:30 Received {c14 n4 {"type":"read","msg_id":20}}
2023/05/29 22:16:30 Sent {"src":"n4","dest":"c14","body":{"in_reply_to":20,"messages":[0,2,5,7,9,10,13,14,17,27],"msg_id":20,"type":"read_ok"}}
2023/05/29 22:16:30 Received {c14 n4 {"type":"broadcast","message":31,"msg_id":21}}
2023/05/29 22:16:30 Sent {"src":"n4","dest":"n1","body":{"counter":10,"message":31,"sender":"n4","type":"gossip"}}
2023/05/29 22:16:30 Sent {"src":"n4","dest":"n3","body":{"counter":10,"message":31,"sender":"n4","type":"gossip"}}
2023/05/29 22:16:30 Sent {"src":"n4","dest":"c14","body":{"in_reply_to":21,"type":"broadcast_ok"}}
2023/05/29 22:16:30 Received {c14 n4 {"type":"broadcast","message":32,"msg_id":22}}
2023/05/29 22:16:30 Sent {"src":"n4","dest":"n1","body":{"counter":11,"message":32,"sender":"n4","type":"gossip"}}
2023/05/29 22:16:30 Sent {"src":"n4","dest":"n3","body":{"counter":11,"message":32,"sender":"n4","type":"gossip"}}
2023/05/29 22:16:30 Sent {"src":"n4","dest":"c14","body":{"in_reply_to":22,"type":"broadcast_ok"}}
2023/05/29 22:16:31 Received {c14 n4 {"type":"read","msg_id":23}}
2023/05/29 22:16:31 Sent {"src":"n4","dest":"c14","body":{"in_reply_to":23,"messages":[0,2,5,7,9,10,13,14,17,27,31,32],"msg_id":23,"type":"read_ok"}}
2023/05/29 22:16:31 Received {c14 n4 {"type":"broadcast","message":35,"msg_id":24}}
2023/05/29 22:16:31 Sent {"src":"n4","dest":"n1","body":{"counter":12,"message":35,"sender":"n4","type":"gossip"}}
2023/05/29 22:16:31 Sent {"src":"n4","dest":"n3","body":{"counter":12,"message":35,"sender":"n4","type":"gossip"}}
2023/05/29 22:16:31 Sent {"src":"n4","dest":"c14","body":{"in_reply_to":24,"type":"broadcast_ok"}}
2023/05/29 22:16:31 Received {c14 n4 {"type":"read","msg_id":25}}
2023/05/29 22:16:31 Sent {"src":"n4","dest":"c14","body":{"in_reply_to":25,"messages":[0,2,5,7,9,10,13,14,17,27,31,32,35],"msg_id":25,"type":"read_ok"}}
2023/05/29 22:16:31 Received {c14 n4 {"type":"broadcast","message":37,"msg_id":26}}
2023/05/29 22:16:31 Sent {"src":"n4","dest":"n1","body":{"counter":13,"message":37,"sender":"n4","type":"gossip"}}
2023/05/29 22:16:31 Sent {"src":"n4","dest":"n3","body":{"counter":13,"message":37,"sender":"n4","type":"gossip"}}
2023/05/29 22:16:31 Sent {"src":"n4","dest":"c14","body":{"in_reply_to":26,"type":"broadcast_ok"}}
2023/05/29 22:16:32 Received {c14 n4 {"type":"read","msg_id":27}}
2023/05/29 22:16:32 Sent {"src":"n4","dest":"c14","body":{"in_reply_to":27,"messages":[0,2,5,7,9,10,13,14,17,27,31,32,35,37],"msg_id":27,"type":"read_ok"}}
2023/05/29 22:16:32 Received {c14 n4 {"type":"read","msg_id":28}}
2023/05/29 22:16:32 Sent {"src":"n4","dest":"c14","body":{"in_reply_to":28,"messages":[0,2,5,7,9,10,13,14,17,27,31,32,35,37],"msg_id":28,"type":"read_ok"}}
2023/05/29 22:16:32 Received {c14 n4 {"type":"broadcast","message":41,"msg_id":29}}
2023/05/29 22:16:32 Sent {"src":"n4","dest":"n1","body":{"counter":14,"message":41,"sender":"n4","type":"gossip"}}
2023/05/29 22:16:32 Sent {"src":"n4","dest":"n3","body":{"counter":14,"message":41,"sender":"n4","type":"gossip"}}
2023/05/29 22:16:32 Sent {"src":"n4","dest":"c14","body":{"in_reply_to":29,"type":"broadcast_ok"}}
2023/05/29 22:16:32 Received {c14 n4 {"type":"broadcast","message":42,"msg_id":30}}
2023/05/29 22:16:32 Sent {"src":"n4","dest":"n1","body":{"counter":15,"message":42,"sender":"n4","type":"gossip"}}
2023/05/29 22:16:32 Sent {"src":"n4","dest":"n3","body":{"counter":15,"message":42,"sender":"n4","type":"gossip"}}
2023/05/29 22:16:32 Sent {"src":"n4","dest":"c14","body":{"in_reply_to":30,"type":"broadcast_ok"}}
2023/05/29 22:16:32 Received {c14 n4 {"type":"broadcast","message":43,"msg_id":31}}
2023/05/29 22:16:33 Sent {"src":"n4","dest":"n1","body":{"counter":16,"message":43,"sender":"n4","type":"gossip"}}
2023/05/29 22:16:33 Sent {"src":"n4","dest":"n3","body":{"counter":16,"message":43,"sender":"n4","type":"gossip"}}
2023/05/29 22:16:33 Sent {"src":"n4","dest":"c14","body":{"in_reply_to":31,"type":"broadcast_ok"}}
2023/05/29 22:16:33 Received {c14 n4 {"type":"read","msg_id":32}}
2023/05/29 22:16:33 Sent {"src":"n4","dest":"c14","body":{"in_reply_to":32,"messages":[0,2,5,7,9,10,13,14,17,27,31,32,35,37,41,42,43],"msg_id":32,"type":"read_ok"}}
2023/05/29 22:16:33 Received {c14 n4 {"type":"broadcast","message":45,"msg_id":33}}
2023/05/29 22:16:33 Sent {"src":"n4","dest":"n1","body":{"counter":17,"message":45,"sender":"n4","type":"gossip"}}
2023/05/29 22:16:33 Sent {"src":"n4","dest":"n3","body":{"counter":17,"message":45,"sender":"n4","type":"gossip"}}
2023/05/29 22:16:33 Sent {"src":"n4","dest":"c14","body":{"in_reply_to":33,"type":"broadcast_ok"}}
2023/05/29 22:16:33 Received {c14 n4 {"type":"broadcast","message":46,"msg_id":34}}
2023/05/29 22:16:33 Sent {"src":"n4","dest":"n1","body":{"counter":18,"message":46,"sender":"n4","type":"gossip"}}
2023/05/29 22:16:33 Sent {"src":"n4","dest":"n3","body":{"counter":18,"message":46,"sender":"n4","type":"gossip"}}
2023/05/29 22:16:33 Sent {"src":"n4","dest":"c14","body":{"in_reply_to":34,"type":"broadcast_ok"}}
2023/05/29 22:16:34 Received {c14 n4 {"type":"read","msg_id":35}}
2023/05/29 22:16:34 Sent {"src":"n4","dest":"c14","body":{"in_reply_to":35,"messages":[0,2,5,7,9,10,13,14,17,27,31,32,35,37,41,42,43,45,46],"msg_id":35,"type":"read_ok"}}
2023/05/29 22:16:34 Received {c14 n4 {"type":"broadcast","message":52,"msg_id":36}}
2023/05/29 22:16:34 Sent {"src":"n4","dest":"n1","body":{"counter":19,"message":52,"sender":"n4","type":"gossip"}}
2023/05/29 22:16:34 Sent {"src":"n4","dest":"n3","body":{"counter":19,"message":52,"sender":"n4","type":"gossip"}}
2023/05/29 22:16:34 Sent {"src":"n4","dest":"c14","body":{"in_reply_to":36,"type":"broadcast_ok"}}
2023/05/29 22:16:35 Received {c14 n4 {"type":"read","msg_id":37}}
2023/05/29 22:16:35 Sent {"src":"n4","dest":"c14","body":{"in_reply_to":37,"messages":[0,2,5,7,9,10,13,14,17,27,31,32,35,37,41,42,43,45,46,52],"msg_id":37,"type":"read_ok"}}
2023/05/29 22:16:35 Received {c14 n4 {"type":"broadcast","message":56,"msg_id":38}}
2023/05/29 22:16:35 Sent {"src":"n4","dest":"n1","body":{"counter":20,"message":56,"sender":"n4","type":"gossip"}}
2023/05/29 22:16:35 Sent {"src":"n4","dest":"n3","body":{"counter":20,"message":56,"sender":"n4","type":"gossip"}}
2023/05/29 22:16:35 Sent {"src":"n4","dest":"c14","body":{"in_reply_to":38,"type":"broadcast_ok"}}
2023/05/29 22:16:35 Received {c14 n4 {"type":"read","msg_id":39}}
2023/05/29 22:16:35 Sent {"src":"n4","dest":"c14","body":{"in_reply_to":39,"messages":[0,2,5,7,9,10,13,14,17,27,31,32,35,37,41,42,43,45,46,52,56],"msg_id":39,"type":"read_ok"}}
2023/05/29 22:16:36 Received {c14 n4 {"type":"read","msg_id":40}}
2023/05/29 22:16:36 Sent {"src":"n4","dest":"c14","body":{"in_reply_to":40,"messages":[0,2,5,7,9,10,13,14,17,27,31,32,35,37,41,42,43,45,46,52,56],"msg_id":40,"type":"read_ok"}}
2023/05/29 22:16:36 Received {c14 n4 {"type":"broadcast","message":58,"msg_id":41}}
2023/05/29 22:16:36 Sent {"src":"n4","dest":"n1","body":{"counter":21,"message":58,"sender":"n4","type":"gossip"}}
2023/05/29 22:16:36 Sent {"src":"n4","dest":"n3","body":{"counter":21,"message":58,"sender":"n4","type":"gossip"}}
2023/05/29 22:16:36 Sent {"src":"n4","dest":"c14","body":{"in_reply_to":41,"type":"broadcast_ok"}}
2023/05/29 22:16:37 Received {c14 n4 {"type":"read","msg_id":42}}
2023/05/29 22:16:37 Sent {"src":"n4","dest":"c14","body":{"in_reply_to":42,"messages":[0,2,5,7,9,10,13,14,17,27,31,32,35,37,41,42,43,45,46,52,56,58],"msg_id":42,"type":"read_ok"}}
2023/05/29 22:16:37 Received {c14 n4 {"type":"read","msg_id":43}}
2023/05/29 22:16:37 Sent {"src":"n4","dest":"c14","body":{"in_reply_to":43,"messages":[0,2,5,7,9,10,13,14,17,27,31,32,35,37,41,42,43,45,46,52,56,58],"msg_id":43,"type":"read_ok"}}
2023/05/29 22:16:37 Received {c14 n4 {"type":"broadcast","message":64,"msg_id":44}}
2023/05/29 22:16:37 Sent {"src":"n4","dest":"n1","body":{"counter":22,"message":64,"sender":"n4","type":"gossip"}}
2023/05/29 22:16:37 Sent {"src":"n4","dest":"n3","body":{"counter":22,"message":64,"sender":"n4","type":"gossip"}}
2023/05/29 22:16:37 Sent {"src":"n4","dest":"c14","body":{"in_reply_to":44,"type":"broadcast_ok"}}
2023/05/29 22:16:37 Received {c14 n4 {"type":"read","msg_id":45}}
2023/05/29 22:16:37 Sent {"src":"n4","dest":"c14","body":{"in_reply_to":45,"messages":[0,2,5,7,9,10,13,14,17,27,31,32,35,37,41,42,43,45,46,52,56,58,64],"msg_id":45,"type":"read_ok"}}
2023/05/29 22:16:38 Received {c14 n4 {"type":"broadcast","message":67,"msg_id":46}}
2023/05/29 22:16:38 Sent {"src":"n4","dest":"n1","body":{"counter":23,"message":67,"sender":"n4","type":"gossip"}}
2023/05/29 22:16:38 Sent {"src":"n4","dest":"n3","body":{"counter":23,"message":67,"sender":"n4","type":"gossip"}}
2023/05/29 22:16:38 Sent {"src":"n4","dest":"c14","body":{"in_reply_to":46,"type":"broadcast_ok"}}
2023/05/29 22:16:38 Received {c14 n4 {"type":"broadcast","message":68,"msg_id":47}}
2023/05/29 22:16:38 Sent {"src":"n4","dest":"n1","body":{"counter":24,"message":68,"sender":"n4","type":"gossip"}}
2023/05/29 22:16:38 Sent {"src":"n4","dest":"n3","body":{"counter":24,"message":68,"sender":"n4","type":"gossip"}}
2023/05/29 22:16:38 Sent {"src":"n4","dest":"c14","body":{"in_reply_to":47,"type":"broadcast_ok"}}
2023/05/29 22:16:38 Received {c14 n4 {"type":"read","msg_id":48}}
2023/05/29 22:16:38 Sent {"src":"n4","dest":"c14","body":{"in_reply_to":48,"messages":[0,2,5,7,9,10,13,14,17,27,31,32,35,37,41,42,43,45,46,52,56,58,64,67,68],"msg_id":48,"type":"read_ok"}}
2023/05/29 22:16:39 Received {c14 n4 {"type":"read","msg_id":49}}
2023/05/29 22:16:39 Sent {"src":"n4","dest":"c14","body":{"in_reply_to":49,"messages":[0,2,5,7,9,10,13,14,17,27,31,32,35,37,41,42,43,45,46,52,56,58,64,67,68],"msg_id":49,"type":"read_ok"}}
2023/05/29 22:16:39 Received {c14 n4 {"type":"read","msg_id":50}}
2023/05/29 22:16:39 Sent {"src":"n4","dest":"c14","body":{"in_reply_to":50,"messages":[0,2,5,7,9,10,13,14,17,27,31,32,35,37,41,42,43,45,46,52,56,58,64,67,68],"msg_id":50,"type":"read_ok"}}
2023/05/29 22:16:39 Received {c14 n4 {"type":"read","msg_id":51}}
2023/05/29 22:16:39 Sent {"src":"n4","dest":"c14","body":{"in_reply_to":51,"messages":[0,2,5,7,9,10,13,14,17,27,31,32,35,37,41,42,43,45,46,52,56,58,64,67,68],"msg_id":51,"type":"read_ok"}}
2023/05/29 22:16:39 Received {c14 n4 {"type":"broadcast","message":74,"msg_id":52}}
2023/05/29 22:16:39 Sent {"src":"n4","dest":"n1","body":{"counter":25,"message":74,"sender":"n4","type":"gossip"}}
2023/05/29 22:16:39 Sent {"src":"n4","dest":"n3","body":{"counter":25,"message":74,"sender":"n4","type":"gossip"}}
2023/05/29 22:16:39 Sent {"src":"n4","dest":"c14","body":{"in_reply_to":52,"type":"broadcast_ok"}}
2023/05/29 22:16:39 Received {c14 n4 {"type":"broadcast","message":75,"msg_id":53}}
2023/05/29 22:16:39 Sent {"src":"n4","dest":"n1","body":{"counter":26,"message":75,"sender":"n4","type":"gossip"}}
2023/05/29 22:16:39 Sent {"src":"n4","dest":"n3","body":{"counter":26,"message":75,"sender":"n4","type":"gossip"}}
2023/05/29 22:16:39 Sent {"src":"n4","dest":"c14","body":{"in_reply_to":53,"type":"broadcast_ok"}}
2023/05/29 22:16:40 Received {c14 n4 {"type":"read","msg_id":54}}
2023/05/29 22:16:40 Sent {"src":"n4","dest":"c14","body":{"in_reply_to":54,"messages":[0,2,5,7,9,10,13,14,17,27,31,32,35,37,41,42,43,45,46,52,56,58,64,67,68,74,75],"msg_id":54,"type":"read_ok"}}
2023/05/29 22:16:40 Received {c14 n4 {"type":"read","msg_id":55}}
2023/05/29 22:16:40 Sent {"src":"n4","dest":"c14","body":{"in_reply_to":55,"messages":[0,2,5,7,9,10,13,14,17,27,31,32,35,37,41,42,43,45,46,52,56,58,64,67,68,74,75],"msg_id":55,"type":"read_ok"}}
2023/05/29 22:16:40 Received {c14 n4 {"type":"broadcast","message":78,"msg_id":56}}
2023/05/29 22:16:40 Sent {"src":"n4","dest":"n1","body":{"counter":27,"message":78,"sender":"n4","type":"gossip"}}
2023/05/29 22:16:40 Sent {"src":"n4","dest":"n3","body":{"counter":27,"message":78,"sender":"n4","type":"gossip"}}
2023/05/29 22:16:40 Sent {"src":"n4","dest":"c14","body":{"in_reply_to":56,"type":"broadcast_ok"}}
2023/05/29 22:16:40 Received {c14 n4 {"type":"broadcast","message":80,"msg_id":57}}
2023/05/29 22:16:40 Sent {"src":"n4","dest":"n1","body":{"counter":28,"message":80,"sender":"n4","type":"gossip"}}
2023/05/29 22:16:40 Sent {"src":"n4","dest":"n3","body":{"counter":28,"message":80,"sender":"n4","type":"gossip"}}
2023/05/29 22:16:40 Sent {"src":"n4","dest":"c14","body":{"in_reply_to":57,"type":"broadcast_ok"}}
2023/05/29 22:16:40 Received {c14 n4 {"type":"read","msg_id":58}}
2023/05/29 22:16:40 Sent {"src":"n4","dest":"c14","body":{"in_reply_to":58,"messages":[0,2,5,7,9,10,13,14,17,27,31,32,35,37,41,42,43,45,46,52,56,58,64,67,68,74,75,78,80],"msg_id":58,"type":"read_ok"}}
2023/05/29 22:16:41 Received {c14 n4 {"type":"broadcast","message":81,"msg_id":59}}
2023/05/29 22:16:41 Sent {"src":"n4","dest":"n1","body":{"counter":29,"message":81,"sender":"n4","type":"gossip"}}
2023/05/29 22:16:41 Sent {"src":"n4","dest":"n3","body":{"counter":29,"message":81,"sender":"n4","type":"gossip"}}
2023/05/29 22:16:41 Sent {"src":"n4","dest":"c14","body":{"in_reply_to":59,"type":"broadcast_ok"}}
2023/05/29 22:16:41 Received {c14 n4 {"type":"broadcast","message":82,"msg_id":60}}
2023/05/29 22:16:41 Sent {"src":"n4","dest":"n1","body":{"counter":30,"message":82,"sender":"n4","type":"gossip"}}
2023/05/29 22:16:41 Sent {"src":"n4","dest":"n3","body":{"counter":30,"message":82,"sender":"n4","type":"gossip"}}
2023/05/29 22:16:41 Sent {"src":"n4","dest":"c14","body":{"in_reply_to":60,"type":"broadcast_ok"}}
2023/05/29 22:16:41 Received {c14 n4 {"type":"broadcast","message":83,"msg_id":61}}
2023/05/29 22:16:41 Sent {"src":"n4","dest":"n1","body":{"counter":31,"message":83,"sender":"n4","type":"gossip"}}
2023/05/29 22:16:41 Sent {"src":"n4","dest":"n3","body":{"counter":31,"message":83,"sender":"n4","type":"gossip"}}
2023/05/29 22:16:41 Sent {"src":"n4","dest":"c14","body":{"in_reply_to":61,"type":"broadcast_ok"}}
2023/05/29 22:16:42 Received {c14 n4 {"type":"read","msg_id":62}}
2023/05/29 22:16:42 Sent {"src":"n4","dest":"c14","body":{"in_reply_to":62,"messages":[0,2,5,7,9,10,13,14,17,27,31,32,35,37,41,42,43,45,46,52,56,58,64,67,68,74,75,78,80,81,82,83],"msg_id":62,"type":"read_ok"}}
2023/05/29 22:16:42 Received {c14 n4 {"type":"read","msg_id":63}}
2023/05/29 22:16:42 Sent {"src":"n4","dest":"c14","body":{"in_reply_to":63,"messages":[0,2,5,7,9,10,13,14,17,27,31,32,35,37,41,42,43,45,46,52,56,58,64,67,68,74,75,78,80,81,82,83],"msg_id":63,"type":"read_ok"}}
2023/05/29 22:16:42 Received {c14 n4 {"type":"broadcast","message":88,"msg_id":64}}
2023/05/29 22:16:42 Sent {"src":"n4","dest":"n1","body":{"counter":32,"message":88,"sender":"n4","type":"gossip"}}
2023/05/29 22:16:42 Sent {"src":"n4","dest":"n3","body":{"counter":32,"message":88,"sender":"n4","type":"gossip"}}
2023/05/29 22:16:42 Sent {"src":"n4","dest":"c14","body":{"in_reply_to":64,"type":"broadcast_ok"}}
2023/05/29 22:16:42 Received {c14 n4 {"type":"broadcast","message":89,"msg_id":65}}
2023/05/29 22:16:42 Sent {"src":"n4","dest":"n1","body":{"counter":33,"message":89,"sender":"n4","type":"gossip"}}
2023/05/29 22:16:42 Sent {"src":"n4","dest":"n3","body":{"counter":33,"message":89,"sender":"n4","type":"gossip"}}
2023/05/29 22:16:42 Sent {"src":"n4","dest":"c14","body":{"in_reply_to":65,"type":"broadcast_ok"}}
2023/05/29 22:16:53 Received {c14 n4 {"type":"read","msg_id":66}}
2023/05/29 22:16:53 Sent {"src":"n4","dest":"c14","body":{"in_reply_to":66,"messages":[0,2,5,7,9,10,13,14,17,27,31,32,35,37,41,42,43,45,46,52,56,58,64,67,68,74,75,78,80,81,82,83,88,89],"msg_id":66,"type":"read_ok"}}
