2023/05/29 22:18:01 Received {c4 n0 {"type":"init","node_id":"n0","node_ids":["n0","n1","n2","n3","n4"],"msg_id":1}}
2023/05/29 22:18:01 Node n0 initialized
2023/05/29 22:18:01 Sent {"src":"n0","dest":"c4","body":{"in_reply_to":1,"type":"init_ok"}}
2023/05/29 22:18:01 Received {c5 n0 {"type":"topology","topology":{"n0":["n3","n1"],"n1":["n4","n2","n0"],"n2":["n1"],"n3":["n0","n4"],"n4":["n1","n3"]},"msg_id":1}}
2023/05/29 22:18:01 Sent {"src":"n0","dest":"c5","body":{"in_reply_to":1,"type":"topology_ok"}}
2023/05/29 22:18:01 Received {c10 n0 {"type":"read","msg_id":1}}
2023/05/29 22:18:01 Sent {"src":"n0","dest":"c10","body":{"in_reply_to":1,"messages":[],"msg_id":1,"type":"read_ok"}}
2023/05/29 22:18:01 Received {n1 n0 {"counter":1,"message":0,"sender":"n2","type":"gossip"}}
2023/05/29 22:18:01 Sent {"src":"n0","dest":"n3","body":{"counter":1,"message":0,"sender":"n2","type":"gossip"}}
2023/05/29 22:18:01 Sent {"src":"n0","dest":"n1","body":{"counter":1,"message":0,"sender":"n2","type":"gossip"}}
2023/05/29 22:18:01 Received {n3 n0 {"counter":1,"message":0,"sender":"n2","type":"gossip"}}
2023/05/29 22:18:02 Received {c10 n0 {"type":"broadcast","message":1,"msg_id":2}}
2023/05/29 22:18:02 Sent {"src":"n0","dest":"n3","body":{"counter":1,"message":1,"sender":"n0","type":"gossip"}}
2023/05/29 22:18:02 Sent {"src":"n0","dest":"n1","body":{"counter":1,"message":1,"sender":"n0","type":"gossip"}}
2023/05/29 22:18:02 Sent {"src":"n0","dest":"c10","body":{"in_reply_to":2,"type":"broadcast_ok"}}
2023/05/29 22:18:02 Received {n3 n0 {"counter":1,"message":1,"sender":"n0","type":"gossip"}}
2023/05/29 22:18:02 Sent {"src":"n0","dest":"n3","body":{"counter":1,"message":1,"sender":"n0","type":"gossip"}}
2023/05/29 22:18:02 Sent {"src":"n0","dest":"n1","body":{"counter":1,"message":1,"sender":"n0","type":"gossip"}}
2023/05/29 22:18:02 Received {n1 n0 {"counter":1,"message":1,"sender":"n0","type":"gossip"}}
2023/05/29 22:18:02 Received {c10 n0 {"type":"broadcast","message":2,"msg_id":3}}
2023/05/29 22:18:02 Sent {"src":"n0","dest":"n3","body":{"counter":2,"message":2,"sender":"n0","type":"gossip"}}
2023/05/29 22:18:02 Sent {"src":"n0","dest":"n1","body":{"counter":2,"message":2,"sender":"n0","type":"gossip"}}
2023/05/29 22:18:02 Sent {"src":"n0","dest":"c10","body":{"in_reply_to":3,"type":"broadcast_ok"}}
2023/05/29 22:18:02 Received {n3 n0 {"counter":2,"message":2,"sender":"n0","type":"gossip"}}
2023/05/29 22:18:02 Received {n1 n0 {"counter":2,"message":2,"sender":"n0","type":"gossip"}}
2023/05/29 22:18:02 Sent {"src":"n0","dest":"n3","body":{"counter":2,"message":2,"sender":"n0","type":"gossip"}}
2023/05/29 22:18:02 Sent {"src":"n0","dest":"n1","body":{"counter":2,"message":2,"sender":"n0","type":"gossip"}}
2023/05/29 22:18:02 Received {n1 n0 {"counter":2,"message":3,"sender":"n2","type":"gossip"}}
2023/05/29 22:18:02 Sent {"src":"n0","dest":"n3","body":{"counter":2,"message":3,"sender":"n2","type":"gossip"}}
2023/05/29 22:18:02 Sent {"src":"n0","dest":"n1","body":{"counter":2,"message":3,"sender":"n2","type":"gossip"}}
2023/05/29 22:18:02 Received {n3 n0 {"counter":2,"message":3,"sender":"n2","type":"gossip"}}
2023/05/29 22:18:02 Received {n3 n0 {"counter":1,"message":4,"sender":"n3","type":"gossip"}}
2023/05/29 22:18:02 Sent {"src":"n0","dest":"n3","body":{"counter":1,"message":4,"sender":"n3","type":"gossip"}}
2023/05/29 22:18:02 Sent {"src":"n0","dest":"n1","body":{"counter":1,"message":4,"sender":"n3","type":"gossip"}}
2023/05/29 22:18:02 Received {n3 n0 {"counter":1,"message":4,"sender":"n3","type":"gossip"}}
2023/05/29 22:18:02 Received {n1 n0 {"counter":1,"message":4,"sender":"n3","type":"gossip"}}
2023/05/29 22:18:02 Received {n3 n0 {"counter":1,"message":5,"sender":"n4","type":"gossip"}}
2023/05/29 22:18:02 Received {n1 n0 {"counter":1,"message":5,"sender":"n4","type":"gossip"}}
2023/05/29 22:18:02 Sent {"src":"n0","dest":"n3","body":{"counter":1,"message":5,"sender":"n4","type":"gossip"}}
2023/05/29 22:18:02 Sent {"src":"n0","dest":"n1","body":{"counter":1,"message":5,"sender":"n4","type":"gossip"}}
2023/05/29 22:18:02 Received {c10 n0 {"type":"broadcast","message":6,"msg_id":4}}
2023/05/29 22:18:02 Sent {"src":"n0","dest":"n3","body":{"counter":3,"message":6,"sender":"n0","type":"gossip"}}
2023/05/29 22:18:02 Sent {"src":"n0","dest":"n1","body":{"counter":3,"message":6,"sender":"n0","type":"gossip"}}
2023/05/29 22:18:02 Sent {"src":"n0","dest":"c10","body":{"in_reply_to":4,"type":"broadcast_ok"}}
2023/05/29 22:18:02 Received {n3 n0 {"counter":3,"message":6,"sender":"n0","type":"gossip"}}
2023/05/29 22:18:02 Sent {"src":"n0","dest":"n3","body":{"counter":3,"message":6,"sender":"n0","type":"gossip"}}
2023/05/29 22:18:02 Sent {"src":"n0","dest":"n1","body":{"counter":3,"message":6,"sender":"n0","type":"gossip"}}
2023/05/29 22:18:02 Received {n1 n0 {"counter":3,"message":6,"sender":"n0","type":"gossip"}}
2023/05/29 22:18:03 Received {c10 n0 {"type":"broadcast","message":7,"msg_id":5}}
2023/05/29 22:18:03 Sent {"src":"n0","dest":"n3","body":{"counter":4,"message":7,"sender":"n0","type":"gossip"}}
2023/05/29 22:18:03 Sent {"src":"n0","dest":"n1","body":{"counter":4,"message":7,"sender":"n0","type":"gossip"}}
2023/05/29 22:18:03 Sent {"src":"n0","dest":"c10","body":{"in_reply_to":5,"type":"broadcast_ok"}}
2023/05/29 22:18:03 Received {n3 n0 {"counter":4,"message":7,"sender":"n0","type":"gossip"}}
2023/05/29 22:18:03 Received {n1 n0 {"counter":4,"message":7,"sender":"n0","type":"gossip"}}
2023/05/29 22:18:03 Sent {"src":"n0","dest":"n3","body":{"counter":4,"message":7,"sender":"n0","type":"gossip"}}
2023/05/29 22:18:03 Sent {"src":"n0","dest":"n1","body":{"counter":4,"message":7,"sender":"n0","type":"gossip"}}
2023/05/29 22:18:03 Received {n1 n0 {"counter":3,"message":8,"sender":"n2","type":"gossip"}}
2023/05/29 22:18:03 Sent {"src":"n0","dest":"n3","body":{"counter":3,"message":8,"sender":"n2","type":"gossip"}}
2023/05/29 22:18:03 Sent {"src":"n0","dest":"n1","body":{"counter":3,"message":8,"sender":"n2","type":"gossip"}}
2023/05/29 22:18:03 Received {n3 n0 {"counter":3,"message":8,"sender":"n2","type":"gossip"}}
2023/05/29 22:18:03 Received {n3 n0 {"counter":2,"message":9,"sender":"n3","type":"gossip"}}
2023/05/29 22:18:03 Sent {"src":"n0","dest":"n3","body":{"counter":2,"message":9,"sender":"n3","type":"gossip"}}
2023/05/29 22:18:03 Sent {"src":"n0","dest":"n1","body":{"counter":2,"message":9,"sender":"n3","type":"gossip"}}
2023/05/29 22:18:03 Received {n3 n0 {"counter":2,"message":9,"sender":"n3","type":"gossip"}}
2023/05/29 22:18:03 Received {n1 n0 {"counter":2,"message":9,"sender":"n3","type":"gossip"}}
2023/05/29 22:18:03 Received {c10 n0 {"type":"read","msg_id":6}}
2023/05/29 22:18:03 Sent {"src":"n0","dest":"c10","body":{"in_reply_to":6,"messages":[0,1,1,2,2,3,4,5,6,6,7,7,8,9],"msg_id":6,"type":"read_ok"}}
2023/05/29 22:18:03 Received {c10 n0 {"type":"broadcast","message":10,"msg_id":7}}
2023/05/29 22:18:03 Sent {"src":"n0","dest":"n3","body":{"counter":5,"message":10,"sender":"n0","type":"gossip"}}
2023/05/29 22:18:03 Sent {"src":"n0","dest":"n1","body":{"counter":5,"message":10,"sender":"n0","type":"gossip"}}
2023/05/29 22:18:03 Sent {"src":"n0","dest":"c10","body":{"in_reply_to":7,"type":"broadcast_ok"}}
2023/05/29 22:18:03 Received {n3 n0 {"counter":5,"message":10,"sender":"n0","type":"gossip"}}
2023/05/29 22:18:03 Sent {"src":"n0","dest":"n3","body":{"counter":5,"message":10,"sender":"n0","type":"gossip"}}
2023/05/29 22:18:03 Sent {"src":"n0","dest":"n1","body":{"counter":5,"message":10,"sender":"n0","type":"gossip"}}
2023/05/29 22:18:03 Received {n1 n0 {"counter":5,"message":10,"sender":"n0","type":"gossip"}}
2023/05/29 22:18:03 Received {n1 n0 {"counter":4,"message":11,"sender":"n2","type":"gossip"}}
2023/05/29 22:18:03 Sent {"src":"n0","dest":"n3","body":{"counter":4,"message":11,"sender":"n2","type":"gossip"}}
2023/05/29 22:18:03 Sent {"src":"n0","dest":"n1","body":{"counter":4,"message":11,"sender":"n2","type":"gossip"}}
2023/05/29 22:18:03 Received {n3 n0 {"counter":4,"message":11,"sender":"n2","type":"gossip"}}
2023/05/29 22:18:04 Received {c10 n0 {"type":"read","msg_id":8}}
2023/05/29 22:18:04 Sent {"src":"n0","dest":"c10","body":{"in_reply_to":8,"messages":[0,1,1,2,2,3,4,5,6,6,7,7,8,9,10,10,11],"msg_id":8,"type":"read_ok"}}
2023/05/29 22:18:04 Received {c10 n0 {"type":"read","msg_id":9}}
2023/05/29 22:18:04 Sent {"src":"n0","dest":"c10","body":{"in_reply_to":9,"messages":[0,1,1,2,2,3,4,5,6,6,7,7,8,9,10,10,11],"msg_id":9,"type":"read_ok"}}
2023/05/29 22:18:04 Received {n1 n0 {"counter":5,"message":12,"sender":"n2","type":"gossip"}}
2023/05/29 22:18:04 Sent {"src":"n0","dest":"n3","body":{"counter":5,"message":12,"sender":"n2","type":"gossip"}}
2023/05/29 22:18:04 Sent {"src":"n0","dest":"n1","body":{"counter":5,"message":12,"sender":"n2","type":"gossip"}}
2023/05/29 22:18:04 Received {n3 n0 {"counter":5,"message":12,"sender":"n2","type":"gossip"}}
2023/05/29 22:18:04 Received {c10 n0 {"type":"broadcast","message":13,"msg_id":10}}
2023/05/29 22:18:04 Sent {"src":"n0","dest":"n3","body":{"counter":6,"message":13,"sender":"n0","type":"gossip"}}
2023/05/29 22:18:04 Sent {"src":"n0","dest":"n1","body":{"counter":6,"message":13,"sender":"n0","type":"gossip"}}
2023/05/29 22:18:04 Sent {"src":"n0","dest":"c10","body":{"in_reply_to":10,"type":"broadcast_ok"}}
2023/05/29 22:18:04 Received {n3 n0 {"counter":6,"message":13,"sender":"n0","type":"gossip"}}
2023/05/29 22:18:04 Sent {"src":"n0","dest":"n3","body":{"counter":6,"message":13,"sender":"n0","type":"gossip"}}
2023/05/29 22:18:04 Sent {"src":"n0","dest":"n1","body":{"counter":6,"message":13,"sender":"n0","type":"gossip"}}
2023/05/29 22:18:04 Received {n1 n0 {"counter":6,"message":13,"sender":"n0","type":"gossip"}}
2023/05/29 22:18:04 Received {c10 n0 {"type":"broadcast","message":14,"msg_id":11}}
2023/05/29 22:18:04 Sent {"src":"n0","dest":"n3","body":{"counter":7,"message":14,"sender":"n0","type":"gossip"}}
2023/05/29 22:18:04 Sent {"src":"n0","dest":"n1","body":{"counter":7,"message":14,"sender":"n0","type":"gossip"}}
2023/05/29 22:18:04 Sent {"src":"n0","dest":"c10","body":{"in_reply_to":11,"type":"broadcast_ok"}}
2023/05/29 22:18:04 Received {n3 n0 {"counter":7,"message":14,"sender":"n0","type":"gossip"}}
2023/05/29 22:18:04 Sent {"src":"n0","dest":"n3","body":{"counter":7,"message":14,"sender":"n0","type":"gossip"}}
2023/05/29 22:18:04 Sent {"src":"n0","dest":"n1","body":{"counter":7,"message":14,"sender":"n0","type":"gossip"}}
2023/05/29 22:18:04 Received {n1 n0 {"counter":7,"message":14,"sender":"n0","type":"gossip"}}
2023/05/29 22:18:04 Received {n1 n0 {"counter":2,"message":15,"sender":"n4","type":"gossip"}}
2023/05/29 22:18:04 Received {n3 n0 {"counter":2,"message":15,"sender":"n4","type":"gossip"}}
2023/05/29 22:18:04 Sent {"src":"n0","dest":"n3","body":{"counter":2,"message":15,"sender":"n4","type":"gossip"}}
2023/05/29 22:18:04 Sent {"src":"n0","dest":"n1","body":{"counter":2,"message":15,"sender":"n4","type":"gossip"}}
2023/05/29 22:18:05 Received {c10 n0 {"type":"read","msg_id":12}}
2023/05/29 22:18:05 Sent {"src":"n0","dest":"c10","body":{"in_reply_to":12,"messages":[0,1,1,2,2,3,4,5,6,6,7,7,8,9,10,10,11,12,13,13,14,14,15],"msg_id":12,"type":"read_ok"}}
2023/05/29 22:18:05 Received {c10 n0 {"type":"read","msg_id":13}}
2023/05/29 22:18:05 Sent {"src":"n0","dest":"c10","body":{"in_reply_to":13,"messages":[0,1,1,2,2,3,4,5,6,6,7,7,8,9,10,10,11,12,13,13,14,14,15],"msg_id":13,"type":"read_ok"}}
2023/05/29 22:18:05 Received {n3 n0 {"counter":3,"message":16,"sender":"n3","type":"gossip"}}
2023/05/29 22:18:05 Sent {"src":"n0","dest":"n3","body":{"counter":3,"message":16,"sender":"n3","type":"gossip"}}
2023/05/29 22:18:05 Sent {"src":"n0","dest":"n1","body":{"counter":3,"message":16,"sender":"n3","type":"gossip"}}
2023/05/29 22:18:05 Received {n3 n0 {"counter":3,"message":16,"sender":"n3","type":"gossip"}}
2023/05/29 22:18:05 Received {n1 n0 {"counter":3,"message":16,"sender":"n3","type":"gossip"}}
2023/05/29 22:18:05 Received {c10 n0 {"type":"broadcast","message":17,"msg_id":14}}
2023/05/29 22:18:05 Sent {"src":"n0","dest":"n3","body":{"counter":8,"message":17,"sender":"n0","type":"gossip"}}
2023/05/29 22:18:05 Sent {"src":"n0","dest":"n1","body":{"counter":8,"message":17,"sender":"n0","type":"gossip"}}
2023/05/29 22:18:05 Sent {"src":"n0","dest":"c10","body":{"in_reply_to":14,"type":"broadcast_ok"}}
2023/05/29 22:18:05 Received {n3 n0 {"counter":8,"message":17,"sender":"n0","type":"gossip"}}
2023/05/29 22:18:05 Sent {"src":"n0","dest":"n3","body":{"counter":8,"message":17,"sender":"n0","type":"gossip"}}
2023/05/29 22:18:05 Sent {"src":"n0","dest":"n1","body":{"counter":8,"message":17,"sender":"n0","type":"gossip"}}
2023/05/29 22:18:05 Received {n1 n0 {"counter":8,"message":17,"sender":"n0","type":"gossip"}}
2023/05/29 22:18:05 Received {c10 n0 {"type":"read","msg_id":15}}
2023/05/29 22:18:06 Sent {"src":"n0","dest":"c10","body":{"in_reply_to":15,"messages":[0,1,1,2,2,3,4,5,6,6,7,7,8,9,10,10,11,12,13,13,14,14,15,16,17,17],"msg_id":15,"type":"read_ok"}}
2023/05/29 22:18:06 Received {n1 n0 {"counter":1,"message":18,"sender":"n1","type":"gossip"}}
2023/05/29 22:18:06 Sent {"src":"n0","dest":"n3","body":{"counter":1,"message":18,"sender":"n1","type":"gossip"}}
2023/05/29 22:18:06 Sent {"src":"n0","dest":"n1","body":{"counter":1,"message":18,"sender":"n1","type":"gossip"}}
2023/05/29 22:18:06 Received {n3 n0 {"counter":1,"message":18,"sender":"n1","type":"gossip"}}
2023/05/29 22:18:06 Received {n1 n0 {"counter":1,"message":18,"sender":"n1","type":"gossip"}}
2023/05/29 22:18:06 Received {n3 n0 {"counter":3,"message":19,"sender":"n4","type":"gossip"}}
2023/05/29 22:18:06 Sent {"src":"n0","dest":"n3","body":{"counter":3,"message":19,"sender":"n4","type":"gossip"}}
2023/05/29 22:18:06 Sent {"src":"n0","dest":"n1","body":{"counter":3,"message":19,"sender":"n4","type":"gossip"}}
2023/05/29 22:18:06 Received {n1 n0 {"counter":3,"message":19,"sender":"n4","type":"gossip"}}
2023/05/29 22:18:06 Received {c10 n0 {"type":"broadcast","message":20,"msg_id":16}}
2023/05/29 22:18:06 Sent {"src":"n0","dest":"n3","body":{"counter":9,"message":20,"sender":"n0","type":"gossip"}}
2023/05/29 22:18:06 Sent {"src":"n0","dest":"n1","body":{"counter":9,"message":20,"sender":"n0","type":"gossip"}}
2023/05/29 22:18:06 Sent {"src":"n0","dest":"c10","body":{"in_reply_to":16,"type":"broadcast_ok"}}
2023/05/29 22:18:06 Received {n3 n0 {"counter":9,"message":20,"sender":"n0","type":"gossip"}}
2023/05/29 22:18:06 Sent {"src":"n0","dest":"n3","body":{"counter":9,"message":20,"sender":"n0","type":"gossip"}}
2023/05/29 22:18:06 Sent {"src":"n0","dest":"n1","body":{"counter":9,"message":20,"sender":"n0","type":"gossip"}}
2023/05/29 22:18:06 Received {n1 n0 {"counter":9,"message":20,"sender":"n0","type":"gossip"}}
2023/05/29 22:18:06 Received {c10 n0 {"type":"broadcast","message":21,"msg_id":17}}
2023/05/29 22:18:06 Sent {"src":"n0","dest":"n3","body":{"counter":10,"message":21,"sender":"n0","type":"gossip"}}
2023/05/29 22:18:06 Sent {"src":"n0","dest":"n1","body":{"counter":10,"message":21,"sender":"n0","type":"gossip"}}
2023/05/29 22:18:06 Sent {"src":"n0","dest":"c10","body":{"in_reply_to":17,"type":"broadcast_ok"}}
2023/05/29 22:18:06 Received {n3 n0 {"counter":10,"message":21,"sender":"n0","type":"gossip"}}
2023/05/29 22:18:06 Sent {"src":"n0","dest":"n3","body":{"counter":10,"message":21,"sender":"n0","type":"gossip"}}
2023/05/29 22:18:06 Received {n1 n0 {"counter":10,"message":21,"sender":"n0","type":"gossip"}}
2023/05/29 22:18:06 Sent {"src":"n0","dest":"n1","body":{"counter":10,"message":21,"sender":"n0","type":"gossip"}}
2023/05/29 22:18:06 Received {c10 n0 {"type":"read","msg_id":18}}
2023/05/29 22:18:06 Sent {"src":"n0","dest":"c10","body":{"in_reply_to":18,"messages":[0,1,1,2,2,3,4,5,6,6,7,7,8,9,10,10,11,12,13,13,14,14,15,16,17,17,18,19,20,20,21,21],"msg_id":18,"type":"read_ok"}}
2023/05/29 22:18:07 Received {c10 n0 {"type":"broadcast","message":22,"msg_id":19}}
2023/05/29 22:18:07 Sent {"src":"n0","dest":"n3","body":{"counter":11,"message":22,"sender":"n0","type":"gossip"}}
2023/05/29 22:18:07 Sent {"src":"n0","dest":"n1","body":{"counter":11,"message":22,"sender":"n0","type":"gossip"}}
2023/05/29 22:18:07 Sent {"src":"n0","dest":"c10","body":{"in_reply_to":19,"type":"broadcast_ok"}}
2023/05/29 22:18:07 Received {n3 n0 {"counter":11,"message":22,"sender":"n0","type":"gossip"}}
2023/05/29 22:18:07 Sent {"src":"n0","dest":"n3","body":{"counter":11,"message":22,"sender":"n0","type":"gossip"}}
2023/05/29 22:18:07 Sent {"src":"n0","dest":"n1","body":{"counter":11,"message":22,"sender":"n0","type":"gossip"}}
2023/05/29 22:18:07 Received {n1 n0 {"counter":11,"message":22,"sender":"n0","type":"gossip"}}
2023/05/29 22:18:07 Received {n1 n0 {"counter":2,"message":23,"sender":"n1","type":"gossip"}}
2023/05/29 22:18:07 Sent {"src":"n0","dest":"n3","body":{"counter":2,"message":23,"sender":"n1","type":"gossip"}}
2023/05/29 22:18:07 Sent {"src":"n0","dest":"n1","body":{"counter":2,"message":23,"sender":"n1","type":"gossip"}}
2023/05/29 22:18:07 Received {n3 n0 {"counter":2,"message":23,"sender":"n1","type":"gossip"}}
2023/05/29 22:18:07 Received {n1 n0 {"counter":2,"message":23,"sender":"n1","type":"gossip"}}
2023/05/29 22:18:07 Received {n3 n0 {"counter":4,"message":24,"sender":"n3","type":"gossip"}}
2023/05/29 22:18:07 Sent {"src":"n0","dest":"n3","body":{"counter":4,"message":24,"sender":"n3","type":"gossip"}}
2023/05/29 22:18:07 Sent {"src":"n0","dest":"n1","body":{"counter":4,"message":24,"sender":"n3","type":"gossip"}}
2023/05/29 22:18:07 Received {n3 n0 {"counter":4,"message":24,"sender":"n3","type":"gossip"}}
2023/05/29 22:18:07 Received {n1 n0 {"counter":4,"message":24,"sender":"n3","type":"gossip"}}
2023/05/29 22:18:07 Received {c10 n0 {"type":"read","msg_id":20}}
2023/05/29 22:18:07 Sent {"src":"n0","dest":"c10","body":{"in_reply_to":20,"messages":[0,1,1,2,2,3,4,5,6,6,7,7,8,9,10,10,11,12,13,13,14,14,15,16,17,17,18,19,20,20,21,21,22,22,23,24],"msg_id":20,"type":"read_ok"}}
2023/05/29 22:18:07 Received {c10 n0 {"type":"broadcast","message":25,"msg_id":21}}
2023/05/29 22:18:07 Sent {"src":"n0","dest":"n3","body":{"counter":12,"message":25,"sender":"n0","type":"gossip"}}
2023/05/29 22:18:07 Sent {"src":"n0","dest":"n1","body":{"counter":12,"message":25,"sender":"n0","type":"gossip"}}
2023/05/29 22:18:07 Sent {"src":"n0","dest":"c10","body":{"in_reply_to":21,"type":"broadcast_ok"}}
2023/05/29 22:18:07 Received {n3 n0 {"counter":12,"message":25,"sender":"n0","type":"gossip"}}
2023/05/29 22:18:07 Sent {"src":"n0","dest":"n3","body":{"counter":12,"message":25,"sender":"n0","type":"gossip"}}
2023/05/29 22:18:07 Sent {"src":"n0","dest":"n1","body":{"counter":12,"message":25,"sender":"n0","type":"gossip"}}
2023/05/29 22:18:07 Received {n1 n0 {"counter":12,"message":25,"sender":"n0","type":"gossip"}}
2023/05/29 22:18:08 Received {n3 n0 {"counter":5,"message":26,"sender":"n3","type":"gossip"}}
2023/05/29 22:18:08 Sent {"src":"n0","dest":"n3","body":{"counter":5,"message":26,"sender":"n3","type":"gossip"}}
2023/05/29 22:18:08 Sent {"src":"n0","dest":"n1","body":{"counter":5,"message":26,"sender":"n3","type":"gossip"}}
2023/05/29 22:18:08 Received {n3 n0 {"counter":5,"message":26,"sender":"n3","type":"gossip"}}
2023/05/29 22:18:08 Received {n1 n0 {"counter":5,"message":26,"sender":"n3","type":"gossip"}}
2023/05/29 22:18:08 Received {n3 n0 {"counter":4,"message":27,"sender":"n4","type":"gossip"}}
2023/05/29 22:18:08 Sent {"src":"n0","dest":"n3","body":{"counter":4,"message":27,"sender":"n4","type":"gossip"}}
2023/05/29 22:18:08 Sent {"src":"n0","dest":"n1","body":{"counter":4,"message":27,"sender":"n4","type":"gossip"}}
2023/05/29 22:18:08 Received {n1 n0 {"counter":4,"message":27,"sender":"n4","type":"gossip"}}
2023/05/29 22:18:08 Received {c10 n0 {"type":"read","msg_id":22}}
2023/05/29 22:18:08 Sent {"src":"n0","dest":"c10","body":{"in_reply_to":22,"messages":[0,1,1,2,2,3,4,5,6,6,7,7,8,9,10,10,11,12,13,13,14,14,15,16,17,17,18,19,20,20,21,21,22,22,23,24,25,25,26,27],"msg_id":22,"type":"read_ok"}}
2023/05/29 22:18:08 Received {c10 n0 {"type":"broadcast","message":28,"msg_id":23}}
2023/05/29 22:18:08 Sent {"src":"n0","dest":"n3","body":{"counter":13,"message":28,"sender":"n0","type":"gossip"}}
2023/05/29 22:18:08 Sent {"src":"n0","dest":"n1","body":{"counter":13,"message":28,"sender":"n0","type":"gossip"}}
2023/05/29 22:18:08 Sent {"src":"n0","dest":"c10","body":{"in_reply_to":23,"type":"broadcast_ok"}}
2023/05/29 22:18:08 Received {n3 n0 {"counter":13,"message":28,"sender":"n0","type":"gossip"}}
2023/05/29 22:18:08 Received {n1 n0 {"counter":13,"message":28,"sender":"n0","type":"gossip"}}
2023/05/29 22:18:08 Sent {"src":"n0","dest":"n3","body":{"counter":13,"message":28,"sender":"n0","type":"gossip"}}
2023/05/29 22:18:08 Sent {"src":"n0","dest":"n1","body":{"counter":13,"message":28,"sender":"n0","type":"gossip"}}
2023/05/29 22:18:08 Received {n1 n0 {"counter":5,"message":29,"sender":"n4","type":"gossip"}}
2023/05/29 22:18:08 Received {n3 n0 {"counter":5,"message":29,"sender":"n4","type":"gossip"}}
2023/05/29 22:18:08 Sent {"src":"n0","dest":"n3","body":{"counter":5,"message":29,"sender":"n4","type":"gossip"}}
2023/05/29 22:18:08 Sent {"src":"n0","dest":"n1","body":{"counter":5,"message":29,"sender":"n4","type":"gossip"}}
2023/05/29 22:18:08 Received {c10 n0 {"type":"read","msg_id":24}}
2023/05/29 22:18:08 Sent {"src":"n0","dest":"c10","body":{"in_reply_to":24,"messages":[0,1,1,2,2,3,4,5,6,6,7,7,8,9,10,10,11,12,13,13,14,14,15,16,17,17,18,19,20,20,21,21,22,22,23,24,25,25,26,27,28,28,29],"msg_id":24,"type":"read_ok"}}
2023/05/29 22:18:08 Received {c10 n0 {"type":"broadcast","message":30,"msg_id":25}}
2023/05/29 22:18:08 Sent {"src":"n0","dest":"n3","body":{"counter":14,"message":30,"sender":"n0","type":"gossip"}}
2023/05/29 22:18:08 Sent {"src":"n0","dest":"n1","body":{"counter":14,"message":30,"sender":"n0","type":"gossip"}}
2023/05/29 22:18:08 Sent {"src":"n0","dest":"c10","body":{"in_reply_to":25,"type":"broadcast_ok"}}
2023/05/29 22:18:08 Received {n3 n0 {"counter":14,"message":30,"sender":"n0","type":"gossip"}}
2023/05/29 22:18:08 Received {n1 n0 {"counter":14,"message":30,"sender":"n0","type":"gossip"}}
2023/05/29 22:18:08 Sent {"src":"n0","dest":"n3","body":{"counter":14,"message":30,"sender":"n0","type":"gossip"}}
2023/05/29 22:18:08 Sent {"src":"n0","dest":"n1","body":{"counter":14,"message":30,"sender":"n0","type":"gossip"}}
2023/05/29 22:18:08 Received {n1 n0 {"counter":3,"message":31,"sender":"n1","type":"gossip"}}
2023/05/29 22:18:08 Sent {"src":"n0","dest":"n3","body":{"counter":3,"message":31,"sender":"n1","type":"gossip"}}
2023/05/29 22:18:08 Sent {"src":"n0","dest":"n1","body":{"counter":3,"message":31,"sender":"n1","type":"gossip"}}
2023/05/29 22:18:08 Received {n1 n0 {"counter":3,"message":31,"sender":"n1","type":"gossip"}}
2023/05/29 22:18:08 Received {n3 n0 {"counter":3,"message":31,"sender":"n1","type":"gossip"}}
2023/05/29 22:18:08 Received {n3 n0 {"counter":6,"message":32,"sender":"n3","type":"gossip"}}
2023/05/29 22:18:08 Sent {"src":"n0","dest":"n3","body":{"counter":6,"message":32,"sender":"n3","type":"gossip"}}
2023/05/29 22:18:08 Sent {"src":"n0","dest":"n1","body":{"counter":6,"message":32,"sender":"n3","type":"gossip"}}
2023/05/29 22:18:08 Received {n3 n0 {"counter":6,"message":32,"sender":"n3","type":"gossip"}}
2023/05/29 22:18:08 Received {n1 n0 {"counter":6,"message":32,"sender":"n3","type":"gossip"}}
2023/05/29 22:18:08 Received {n3 n0 {"counter":6,"message":33,"sender":"n4","type":"gossip"}}
2023/05/29 22:18:08 Received {n1 n0 {"counter":6,"message":33,"sender":"n4","type":"gossip"}}
2023/05/29 22:18:08 Sent {"src":"n0","dest":"n3","body":{"counter":6,"message":33,"sender":"n4","type":"gossip"}}
2023/05/29 22:18:08 Sent {"src":"n0","dest":"n1","body":{"counter":6,"message":33,"sender":"n4","type":"gossip"}}
2023/05/29 22:18:08 Received {c10 n0 {"type":"read","msg_id":26}}
2023/05/29 22:18:08 Sent {"src":"n0","dest":"c10","body":{"in_reply_to":26,"messages":[0,1,1,2,2,3,4,5,6,6,7,7,8,9,10,10,11,12,13,13,14,14,15,16,17,17,18,19,20,20,21,21,22,22,23,24,25,25,26,27,28,28,29,30,30,31,32,33],"msg_id":26,"type":"read_ok"}}
2023/05/29 22:18:09 Received {c10 n0 {"type":"read","msg_id":27}}
2023/05/29 22:18:09 Sent {"src":"n0","dest":"c10","body":{"in_reply_to":27,"messages":[0,1,1,2,2,3,4,5,6,6,7,7,8,9,10,10,11,12,13,13,14,14,15,16,17,17,18,19,20,20,21,21,22,22,23,24,25,25,26,27,28,28,29,30,30,31,32,33],"msg_id":27,"type":"read_ok"}}
2023/05/29 22:18:09 Received {n1 n0 {"counter":6,"message":34,"sender":"n2","type":"gossip"}}
2023/05/29 22:18:09 Sent {"src":"n0","dest":"n3","body":{"counter":6,"message":34,"sender":"n2","type":"gossip"}}
2023/05/29 22:18:09 Sent {"src":"n0","dest":"n1","body":{"counter":6,"message":34,"sender":"n2","type":"gossip"}}
2023/05/29 22:18:09 Received {n3 n0 {"counter":6,"message":34,"sender":"n2","type":"gossip"}}
2023/05/29 22:18:09 Received {n3 n0 {"counter":7,"message":35,"sender":"n3","type":"gossip"}}
2023/05/29 22:18:09 Sent {"src":"n0","dest":"n3","body":{"counter":7,"message":35,"sender":"n3","type":"gossip"}}
2023/05/29 22:18:09 Sent {"src":"n0","dest":"n1","body":{"counter":7,"message":35,"sender":"n3","type":"gossip"}}
2023/05/29 22:18:09 Received {n3 n0 {"counter":7,"message":35,"sender":"n3","type":"gossip"}}
2023/05/29 22:18:09 Received {n1 n0 {"counter":7,"message":35,"sender":"n3","type":"gossip"}}
2023/05/29 22:18:09 Received {c10 n0 {"type":"broadcast","message":36,"msg_id":28}}
2023/05/29 22:18:09 Sent {"src":"n0","dest":"n3","body":{"counter":15,"message":36,"sender":"n0","type":"gossip"}}
2023/05/29 22:18:09 Sent {"src":"n0","dest":"n1","body":{"counter":15,"message":36,"sender":"n0","type":"gossip"}}
2023/05/29 22:18:09 Sent {"src":"n0","dest":"c10","body":{"in_reply_to":28,"type":"broadcast_ok"}}
2023/05/29 22:18:09 Received {n3 n0 {"counter":15,"message":36,"sender":"n0","type":"gossip"}}
2023/05/29 22:18:09 Sent {"src":"n0","dest":"n3","body":{"counter":15,"message":36,"sender":"n0","type":"gossip"}}
2023/05/29 22:18:09 Sent {"src":"n0","dest":"n1","body":{"counter":15,"message":36,"sender":"n0","type":"gossip"}}
2023/05/29 22:18:09 Received {n1 n0 {"counter":15,"message":36,"sender":"n0","type":"gossip"}}
2023/05/29 22:18:09 Received {c10 n0 {"type":"broadcast","message":37,"msg_id":29}}
2023/05/29 22:18:09 Sent {"src":"n0","dest":"n3","body":{"counter":16,"message":37,"sender":"n0","type":"gossip"}}
2023/05/29 22:18:09 Sent {"src":"n0","dest":"n1","body":{"counter":16,"message":37,"sender":"n0","type":"gossip"}}
2023/05/29 22:18:09 Sent {"src":"n0","dest":"c10","body":{"in_reply_to":29,"type":"broadcast_ok"}}
2023/05/29 22:18:09 Received {n3 n0 {"counter":16,"message":37,"sender":"n0","type":"gossip"}}
2023/05/29 22:18:09 Received {n1 n0 {"counter":16,"message":37,"sender":"n0","type":"gossip"}}
2023/05/29 22:18:09 Sent {"src":"n0","dest":"n3","body":{"counter":16,"message":37,"sender":"n0","type":"gossip"}}
2023/05/29 22:18:09 Sent {"src":"n0","dest":"n1","body":{"counter":16,"message":37,"sender":"n0","type":"gossip"}}
2023/05/29 22:18:10 Received {n1 n0 {"counter":4,"message":38,"sender":"n1","type":"gossip"}}
2023/05/29 22:18:10 Sent {"src":"n0","dest":"n3","body":{"counter":4,"message":38,"sender":"n1","type":"gossip"}}
2023/05/29 22:18:10 Sent {"src":"n0","dest":"n1","body":{"counter":4,"message":38,"sender":"n1","type":"gossip"}}
2023/05/29 22:18:10 Received {n1 n0 {"counter":4,"message":38,"sender":"n1","type":"gossip"}}
2023/05/29 22:18:10 Received {n3 n0 {"counter":4,"message":38,"sender":"n1","type":"gossip"}}
2023/05/29 22:18:10 Received {c10 n0 {"type":"read","msg_id":30}}
2023/05/29 22:18:10 Sent {"src":"n0","dest":"c10","body":{"in_reply_to":30,"messages":[0,1,1,2,2,3,4,5,6,6,7,7,8,9,10,10,11,12,13,13,14,14,15,16,17,17,18,19,20,20,21,21,22,22,23,24,25,25,26,27,28,28,29,30,30,31,32,33,34,35,36,36,37,37,38],"msg_id":30,"type":"read_ok"}}
2023/05/29 22:18:10 Received {c10 n0 {"type":"broadcast","message":39,"msg_id":31}}
2023/05/29 22:18:10 Sent {"src":"n0","dest":"n3","body":{"counter":17,"message":39,"sender":"n0","type":"gossip"}}
2023/05/29 22:18:10 Sent {"src":"n0","dest":"n1","body":{"counter":17,"message":39,"sender":"n0","type":"gossip"}}
2023/05/29 22:18:10 Sent {"src":"n0","dest":"c10","body":{"in_reply_to":31,"type":"broadcast_ok"}}
2023/05/29 22:18:10 Received {n3 n0 {"counter":17,"message":39,"sender":"n0","type":"gossip"}}
2023/05/29 22:18:10 Sent {"src":"n0","dest":"n3","body":{"counter":17,"message":39,"sender":"n0","type":"gossip"}}
2023/05/29 22:18:10 Sent {"src":"n0","dest":"n1","body":{"counter":17,"message":39,"sender":"n0","type":"gossip"}}
2023/05/29 22:18:10 Received {n1 n0 {"counter":17,"message":39,"sender":"n0","type":"gossip"}}
2023/05/29 22:18:10 Received {n1 n0 {"counter":5,"message":40,"sender":"n1","type":"gossip"}}
2023/05/29 22:18:10 Sent {"src":"n0","dest":"n3","body":{"counter":5,"message":40,"sender":"n1","type":"gossip"}}
2023/05/29 22:18:10 Sent {"src":"n0","dest":"n1","body":{"counter":5,"message":40,"sender":"n1","type":"gossip"}}
2023/05/29 22:18:10 Received {n1 n0 {"counter":5,"message":40,"sender":"n1","type":"gossip"}}
2023/05/29 22:18:10 Received {n3 n0 {"counter":5,"message":40,"sender":"n1","type":"gossip"}}
2023/05/29 22:18:11 Received {c10 n0 {"type":"broadcast","message":41,"msg_id":32}}
2023/05/29 22:18:11 Sent {"src":"n0","dest":"n3","body":{"counter":18,"message":41,"sender":"n0","type":"gossip"}}
2023/05/29 22:18:11 Sent {"src":"n0","dest":"n1","body":{"counter":18,"message":41,"sender":"n0","type":"gossip"}}
2023/05/29 22:18:11 Sent {"src":"n0","dest":"c10","body":{"in_reply_to":32,"type":"broadcast_ok"}}
2023/05/29 22:18:11 Received {n3 n0 {"counter":18,"message":41,"sender":"n0","type":"gossip"}}
2023/05/29 22:18:11 Received {n1 n0 {"counter":18,"message":41,"sender":"n0","type":"gossip"}}
2023/05/29 22:18:11 Sent {"src":"n0","dest":"n3","body":{"counter":18,"message":41,"sender":"n0","type":"gossip"}}
2023/05/29 22:18:11 Sent {"src":"n0","dest":"n1","body":{"counter":18,"message":41,"sender":"n0","type":"gossip"}}
2023/05/29 22:18:11 Received {c10 n0 {"type":"broadcast","message":42,"msg_id":33}}
2023/05/29 22:18:11 Sent {"src":"n0","dest":"n3","body":{"counter":19,"message":42,"sender":"n0","type":"gossip"}}
2023/05/29 22:18:11 Sent {"src":"n0","dest":"n1","body":{"counter":19,"message":42,"sender":"n0","type":"gossip"}}
2023/05/29 22:18:11 Sent {"src":"n0","dest":"c10","body":{"in_reply_to":33,"type":"broadcast_ok"}}
2023/05/29 22:18:11 Received {n3 n0 {"counter":19,"message":42,"sender":"n0","type":"gossip"}}
2023/05/29 22:18:11 Received {n1 n0 {"counter":19,"message":42,"sender":"n0","type":"gossip"}}
2023/05/29 22:18:11 Sent {"src":"n0","dest":"n3","body":{"counter":19,"message":42,"sender":"n0","type":"gossip"}}
2023/05/29 22:18:11 Sent {"src":"n0","dest":"n1","body":{"counter":19,"message":42,"sender":"n0","type":"gossip"}}
2023/05/29 22:18:11 Received {n1 n0 {"counter":6,"message":43,"sender":"n1","type":"gossip"}}
2023/05/29 22:18:11 Sent {"src":"n0","dest":"n3","body":{"counter":6,"message":43,"sender":"n1","type":"gossip"}}
2023/05/29 22:18:11 Sent {"src":"n0","dest":"n1","body":{"counter":6,"message":43,"sender":"n1","type":"gossip"}}
2023/05/29 22:18:11 Received {n3 n0 {"counter":6,"message":43,"sender":"n1","type":"gossip"}}
2023/05/29 22:18:11 Received {n1 n0 {"counter":6,"message":43,"sender":"n1","type":"gossip"}}
2023/05/29 22:18:11 Received {n3 n0 {"counter":7,"message":44,"sender":"n4","type":"gossip"}}
2023/05/29 22:18:11 Sent {"src":"n0","dest":"n3","body":{"counter":7,"message":44,"sender":"n4","type":"gossip"}}
2023/05/29 22:18:11 Sent {"src":"n0","dest":"n1","body":{"counter":7,"message":44,"sender":"n4","type":"gossip"}}
2023/05/29 22:18:11 Received {n1 n0 {"counter":7,"message":44,"sender":"n4","type":"gossip"}}
2023/05/29 22:18:11 Received {c10 n0 {"type":"broadcast","message":45,"msg_id":34}}
2023/05/29 22:18:11 Sent {"src":"n0","dest":"n3","body":{"counter":20,"message":45,"sender":"n0","type":"gossip"}}
2023/05/29 22:18:11 Sent {"src":"n0","dest":"n1","body":{"counter":20,"message":45,"sender":"n0","type":"gossip"}}
2023/05/29 22:18:11 Sent {"src":"n0","dest":"c10","body":{"in_reply_to":34,"type":"broadcast_ok"}}
2023/05/29 22:18:11 Received {n3 n0 {"counter":20,"message":45,"sender":"n0","type":"gossip"}}
2023/05/29 22:18:11 Sent {"src":"n0","dest":"n3","body":{"counter":20,"message":45,"sender":"n0","type":"gossip"}}
2023/05/29 22:18:11 Sent {"src":"n0","dest":"n1","body":{"counter":20,"message":45,"sender":"n0","type":"gossip"}}
2023/05/29 22:18:11 Received {n1 n0 {"counter":20,"message":45,"sender":"n0","type":"gossip"}}
2023/05/29 22:18:11 Received {c10 n0 {"type":"broadcast","message":46,"msg_id":35}}
2023/05/29 22:18:11 Sent {"src":"n0","dest":"n3","body":{"counter":21,"message":46,"sender":"n0","type":"gossip"}}
2023/05/29 22:18:11 Sent {"src":"n0","dest":"n1","body":{"counter":21,"message":46,"sender":"n0","type":"gossip"}}
2023/05/29 22:18:11 Sent {"src":"n0","dest":"c10","body":{"in_reply_to":35,"type":"broadcast_ok"}}
2023/05/29 22:18:11 Received {n3 n0 {"counter":21,"message":46,"sender":"n0","type":"gossip"}}
2023/05/29 22:18:11 Sent {"src":"n0","dest":"n3","body":{"counter":21,"message":46,"sender":"n0","type":"gossip"}}
2023/05/29 22:18:11 Sent {"src":"n0","dest":"n1","body":{"counter":21,"message":46,"sender":"n0","type":"gossip"}}
2023/05/29 22:18:11 Received {n1 n0 {"counter":21,"message":46,"sender":"n0","type":"gossip"}}
2023/05/29 22:18:12 Received {n1 n0 {"counter":7,"message":47,"sender":"n1","type":"gossip"}}
2023/05/29 22:18:12 Sent {"src":"n0","dest":"n3","body":{"counter":7,"message":47,"sender":"n1","type":"gossip"}}
2023/05/29 22:18:12 Sent {"src":"n0","dest":"n1","body":{"counter":7,"message":47,"sender":"n1","type":"gossip"}}
2023/05/29 22:18:12 Received {n1 n0 {"counter":7,"message":47,"sender":"n1","type":"gossip"}}
2023/05/29 22:18:12 Received {n3 n0 {"counter":7,"message":47,"sender":"n1","type":"gossip"}}
2023/05/29 22:18:12 Received {c10 n0 {"type":"read","msg_id":36}}
2023/05/29 22:18:12 Sent {"src":"n0","dest":"c10","body":{"in_reply_to":36,"messages":[0,1,1,2,2,3,4,5,6,6,7,7,8,9,10,10,11,12,13,13,14,14,15,16,17,17,18,19,20,20,21,21,22,22,23,24,25,25,26,27,28,28,29,30,30,31,32,33,34,35,36,36,37,37,38,39,39,40,41,41,42,42,43,44,45,45,46,46,47],"msg_id":36,"type":"read_ok"}}
2023/05/29 22:18:12 Received {c10 n0 {"type":"broadcast","message":48,"msg_id":37}}
2023/05/29 22:18:12 Sent {"src":"n0","dest":"n3","body":{"counter":22,"message":48,"sender":"n0","type":"gossip"}}
2023/05/29 22:18:12 Sent {"src":"n0","dest":"n1","body":{"counter":22,"message":48,"sender":"n0","type":"gossip"}}
2023/05/29 22:18:12 Sent {"src":"n0","dest":"c10","body":{"in_reply_to":37,"type":"broadcast_ok"}}
2023/05/29 22:18:12 Received {n3 n0 {"counter":22,"message":48,"sender":"n0","type":"gossip"}}
2023/05/29 22:18:12 Sent {"src":"n0","dest":"n3","body":{"counter":22,"message":48,"sender":"n0","type":"gossip"}}
2023/05/29 22:18:12 Sent {"src":"n0","dest":"n1","body":{"counter":22,"message":48,"sender":"n0","type":"gossip"}}
2023/05/29 22:18:12 Received {n1 n0 {"counter":22,"message":48,"sender":"n0","type":"gossip"}}
2023/05/29 22:18:12 Received {n1 n0 {"counter":8,"message":49,"sender":"n1","type":"gossip"}}
2023/05/29 22:18:12 Sent {"src":"n0","dest":"n3","body":{"counter":8,"message":49,"sender":"n1","type":"gossip"}}
2023/05/29 22:18:12 Sent {"src":"n0","dest":"n1","body":{"counter":8,"message":49,"sender":"n1","type":"gossip"}}
2023/05/29 22:18:12 Received {n3 n0 {"counter":8,"message":49,"sender":"n1","type":"gossip"}}
2023/05/29 22:18:12 Received {n1 n0 {"counter":8,"message":49,"sender":"n1","type":"gossip"}}
2023/05/29 22:18:12 Received {n1 n0 {"counter":7,"message":50,"sender":"n2","type":"gossip"}}
2023/05/29 22:18:12 Sent {"src":"n0","dest":"n3","body":{"counter":7,"message":50,"sender":"n2","type":"gossip"}}
2023/05/29 22:18:12 Sent {"src":"n0","dest":"n1","body":{"counter":7,"message":50,"sender":"n2","type":"gossip"}}
2023/05/29 22:18:12 Received {n3 n0 {"counter":7,"message":50,"sender":"n2","type":"gossip"}}
2023/05/29 22:18:12 Received {n3 n0 {"counter":8,"message":51,"sender":"n4","type":"gossip"}}
2023/05/29 22:18:12 Received {n1 n0 {"counter":8,"message":51,"sender":"n4","type":"gossip"}}
2023/05/29 22:18:12 Sent {"src":"n0","dest":"n3","body":{"counter":8,"message":51,"sender":"n4","type":"gossip"}}
2023/05/29 22:18:12 Sent {"src":"n0","dest":"n1","body":{"counter":8,"message":51,"sender":"n4","type":"gossip"}}
2023/05/29 22:18:12 Received {c10 n0 {"type":"broadcast","message":52,"msg_id":38}}
2023/05/29 22:18:12 Sent {"src":"n0","dest":"n3","body":{"counter":23,"message":52,"sender":"n0","type":"gossip"}}
2023/05/29 22:18:12 Sent {"src":"n0","dest":"n1","body":{"counter":23,"message":52,"sender":"n0","type":"gossip"}}
2023/05/29 22:18:12 Sent {"src":"n0","dest":"c10","body":{"in_reply_to":38,"type":"broadcast_ok"}}
2023/05/29 22:18:12 Received {n3 n0 {"counter":23,"message":52,"sender":"n0","type":"gossip"}}
2023/05/29 22:18:12 Sent {"src":"n0","dest":"n3","body":{"counter":23,"message":52,"sender":"n0","type":"gossip"}}
2023/05/29 22:18:12 Sent {"src":"n0","dest":"n1","body":{"counter":23,"message":52,"sender":"n0","type":"gossip"}}
2023/05/29 22:18:12 Received {n1 n0 {"counter":23,"message":52,"sender":"n0","type":"gossip"}}
2023/05/29 22:18:12 Received {c10 n0 {"type":"read","msg_id":39}}
2023/05/29 22:18:12 Sent {"src":"n0","dest":"c10","body":{"in_reply_to":39,"messages":[0,1,1,2,2,3,4,5,6,6,7,7,8,9,10,10,11,12,13,13,14,14,15,16,17,17,18,19,20,20,21,21,22,22,23,24,25,25,26,27,28,28,29,30,30,31,32,33,34,35,36,36,37,37,38,39,39,40,41,41,42,42,43,44,45,45,46,46,47,48,48,49,50,51,52,52],"msg_id":39,"type":"read_ok"}}
2023/05/29 22:18:13 Received {n1 n0 {"counter":8,"message":53,"sender":"n2","type":"gossip"}}
2023/05/29 22:18:13 Sent {"src":"n0","dest":"n3","body":{"counter":8,"message":53,"sender":"n2","type":"gossip"}}
2023/05/29 22:18:13 Sent {"src":"n0","dest":"n1","body":{"counter":8,"message":53,"sender":"n2","type":"gossip"}}
2023/05/29 22:18:13 Received {n3 n0 {"counter":8,"message":53,"sender":"n2","type":"gossip"}}
2023/05/29 22:18:13 Received {n3 n0 {"counter":8,"message":54,"sender":"n3","type":"gossip"}}
2023/05/29 22:18:13 Sent {"src":"n0","dest":"n3","body":{"counter":8,"message":54,"sender":"n3","type":"gossip"}}
2023/05/29 22:18:13 Sent {"src":"n0","dest":"n1","body":{"counter":8,"message":54,"sender":"n3","type":"gossip"}}
2023/05/29 22:18:13 Received {n3 n0 {"counter":8,"message":54,"sender":"n3","type":"gossip"}}
2023/05/29 22:18:13 Received {n1 n0 {"counter":8,"message":54,"sender":"n3","type":"gossip"}}
2023/05/29 22:18:13 Received {n3 n0 {"counter":9,"message":55,"sender":"n4","type":"gossip"}}
2023/05/29 22:18:13 Received {n1 n0 {"counter":9,"message":55,"sender":"n4","type":"gossip"}}
2023/05/29 22:18:13 Sent {"src":"n0","dest":"n3","body":{"counter":9,"message":55,"sender":"n4","type":"gossip"}}
2023/05/29 22:18:13 Sent {"src":"n0","dest":"n1","body":{"counter":9,"message":55,"sender":"n4","type":"gossip"}}
2023/05/29 22:18:13 Received {c10 n0 {"type":"broadcast","message":56,"msg_id":40}}
2023/05/29 22:18:13 Sent {"src":"n0","dest":"n3","body":{"counter":24,"message":56,"sender":"n0","type":"gossip"}}
2023/05/29 22:18:13 Sent {"src":"n0","dest":"n1","body":{"counter":24,"message":56,"sender":"n0","type":"gossip"}}
2023/05/29 22:18:13 Sent {"src":"n0","dest":"c10","body":{"in_reply_to":40,"type":"broadcast_ok"}}
2023/05/29 22:18:13 Received {n3 n0 {"counter":24,"message":56,"sender":"n0","type":"gossip"}}
2023/05/29 22:18:13 Sent {"src":"n0","dest":"n3","body":{"counter":24,"message":56,"sender":"n0","type":"gossip"}}
2023/05/29 22:18:13 Sent {"src":"n0","dest":"n1","body":{"counter":24,"message":56,"sender":"n0","type":"gossip"}}
2023/05/29 22:18:13 Received {n1 n0 {"counter":24,"message":56,"sender":"n0","type":"gossip"}}
2023/05/29 22:18:13 Received {c10 n0 {"type":"read","msg_id":41}}
2023/05/29 22:18:13 Sent {"src":"n0","dest":"c10","body":{"in_reply_to":41,"messages":[0,1,1,2,2,3,4,5,6,6,7,7,8,9,10,10,11,12,13,13,14,14,15,16,17,17,18,19,20,20,21,21,22,22,23,24,25,25,26,27,28,28,29,30,30,31,32,33,34,35,36,36,37,37,38,39,39,40,41,41,42,42,43,44,45,45,46,46,47,48,48,49,50,51,52,52,53,54,55,56,56],"msg_id":41,"type":"read_ok"}}
2023/05/29 22:18:13 Received {n1 n0 {"counter":9,"message":57,"sender":"n1","type":"gossip"}}
2023/05/29 22:18:13 Sent {"src":"n0","dest":"n3","body":{"counter":9,"message":57,"sender":"n1","type":"gossip"}}
2023/05/29 22:18:13 Sent {"src":"n0","dest":"n1","body":{"counter":9,"message":57,"sender":"n1","type":"gossip"}}
2023/05/29 22:18:13 Received {n3 n0 {"counter":9,"message":57,"sender":"n1","type":"gossip"}}
2023/05/29 22:18:13 Received {n1 n0 {"counter":9,"message":57,"sender":"n1","type":"gossip"}}
2023/05/29 22:18:14 Received {n3 n0 {"counter":10,"message":58,"sender":"n4","type":"gossip"}}
2023/05/29 22:18:14 Received {n1 n0 {"counter":10,"message":58,"sender":"n4","type":"gossip"}}
2023/05/29 22:18:14 Sent {"src":"n0","dest":"n3","body":{"counter":10,"message":58,"sender":"n4","type":"gossip"}}
2023/05/29 22:18:14 Sent {"src":"n0","dest":"n1","body":{"counter":10,"message":58,"sender":"n4","type":"gossip"}}
2023/05/29 22:18:14 Received {c10 n0 {"type":"broadcast","message":59,"msg_id":42}}
2023/05/29 22:18:14 Sent {"src":"n0","dest":"n3","body":{"counter":25,"message":59,"sender":"n0","type":"gossip"}}
2023/05/29 22:18:14 Sent {"src":"n0","dest":"n1","body":{"counter":25,"message":59,"sender":"n0","type":"gossip"}}
2023/05/29 22:18:14 Sent {"src":"n0","dest":"c10","body":{"in_reply_to":42,"type":"broadcast_ok"}}
2023/05/29 22:18:14 Received {n3 n0 {"counter":25,"message":59,"sender":"n0","type":"gossip"}}
2023/05/29 22:18:14 Sent {"src":"n0","dest":"n3","body":{"counter":25,"message":59,"sender":"n0","type":"gossip"}}
2023/05/29 22:18:14 Sent {"src":"n0","dest":"n1","body":{"counter":25,"message":59,"sender":"n0","type":"gossip"}}
2023/05/29 22:18:14 Received {n1 n0 {"counter":25,"message":59,"sender":"n0","type":"gossip"}}
2023/05/29 22:18:14 Received {c10 n0 {"type":"read","msg_id":43}}
2023/05/29 22:18:14 Sent {"src":"n0","dest":"c10","body":{"in_reply_to":43,"messages":[0,1,1,2,2,3,4,5,6,6,7,7,8,9,10,10,11,12,13,13,14,14,15,16,17,17,18,19,20,20,21,21,22,22,23,24,25,25,26,27,28,28,29,30,30,31,32,33,34,35,36,36,37,37,38,39,39,40,41,41,42,42,43,44,45,45,46,46,47,48,48,49,50,51,52,52,53,54,55,56,56,57,58,59,59],"msg_id":43,"type":"read_ok"}}
2023/05/29 22:18:14 Received {n1 n0 {"counter":10,"message":60,"sender":"n1","type":"gossip"}}
2023/05/29 22:18:14 Sent {"src":"n0","dest":"n3","body":{"counter":10,"message":60,"sender":"n1","type":"gossip"}}
2023/05/29 22:18:14 Sent {"src":"n0","dest":"n1","body":{"counter":10,"message":60,"sender":"n1","type":"gossip"}}
2023/05/29 22:18:14 Received {n3 n0 {"counter":10,"message":60,"sender":"n1","type":"gossip"}}
2023/05/29 22:18:14 Received {n1 n0 {"counter":10,"message":60,"sender":"n1","type":"gossip"}}
2023/05/29 22:18:14 Received {n3 n0 {"counter":9,"message":61,"sender":"n3","type":"gossip"}}
2023/05/29 22:18:14 Sent {"src":"n0","dest":"n3","body":{"counter":9,"message":61,"sender":"n3","type":"gossip"}}
2023/05/29 22:18:14 Sent {"src":"n0","dest":"n1","body":{"counter":9,"message":61,"sender":"n3","type":"gossip"}}
2023/05/29 22:18:14 Received {n3 n0 {"counter":9,"message":61,"sender":"n3","type":"gossip"}}
2023/05/29 22:18:14 Received {n1 n0 {"counter":9,"message":61,"sender":"n3","type":"gossip"}}
2023/05/29 22:18:15 Received {n3 n0 {"counter":11,"message":62,"sender":"n4","type":"gossip"}}
2023/05/29 22:18:15 Sent {"src":"n0","dest":"n3","body":{"counter":11,"message":62,"sender":"n4","type":"gossip"}}
2023/05/29 22:18:15 Sent {"src":"n0","dest":"n1","body":{"counter":11,"message":62,"sender":"n4","type":"gossip"}}
2023/05/29 22:18:15 Received {n1 n0 {"counter":11,"message":62,"sender":"n4","type":"gossip"}}
2023/05/29 22:18:15 Received {c10 n0 {"type":"broadcast","message":63,"msg_id":44}}
2023/05/29 22:18:15 Sent {"src":"n0","dest":"n3","body":{"counter":26,"message":63,"sender":"n0","type":"gossip"}}
2023/05/29 22:18:15 Sent {"src":"n0","dest":"n1","body":{"counter":26,"message":63,"sender":"n0","type":"gossip"}}
2023/05/29 22:18:15 Sent {"src":"n0","dest":"c10","body":{"in_reply_to":44,"type":"broadcast_ok"}}
2023/05/29 22:18:15 Received {n3 n0 {"counter":26,"message":63,"sender":"n0","type":"gossip"}}
2023/05/29 22:18:15 Sent {"src":"n0","dest":"n3","body":{"counter":26,"message":63,"sender":"n0","type":"gossip"}}
2023/05/29 22:18:15 Sent {"src":"n0","dest":"n1","body":{"counter":26,"message":63,"sender":"n0","type":"gossip"}}
2023/05/29 22:18:15 Received {n1 n0 {"counter":26,"message":63,"sender":"n0","type":"gossip"}}
2023/05/29 22:18:15 Received {c10 n0 {"type":"broadcast","message":64,"msg_id":45}}
2023/05/29 22:18:15 Sent {"src":"n0","dest":"n3","body":{"counter":27,"message":64,"sender":"n0","type":"gossip"}}
2023/05/29 22:18:15 Sent {"src":"n0","dest":"n1","body":{"counter":27,"message":64,"sender":"n0","type":"gossip"}}
2023/05/29 22:18:15 Sent {"src":"n0","dest":"c10","body":{"in_reply_to":45,"type":"broadcast_ok"}}
2023/05/29 22:18:15 Received {n3 n0 {"counter":27,"message":64,"sender":"n0","type":"gossip"}}
2023/05/29 22:18:15 Received {n1 n0 {"counter":27,"message":64,"sender":"n0","type":"gossip"}}
2023/05/29 22:18:15 Sent {"src":"n0","dest":"n3","body":{"counter":27,"message":64,"sender":"n0","type":"gossip"}}
2023/05/29 22:18:15 Sent {"src":"n0","dest":"n1","body":{"counter":27,"message":64,"sender":"n0","type":"gossip"}}
2023/05/29 22:18:15 Received {n1 n0 {"counter":11,"message":65,"sender":"n1","type":"gossip"}}
2023/05/29 22:18:15 Sent {"src":"n0","dest":"n3","body":{"counter":11,"message":65,"sender":"n1","type":"gossip"}}
2023/05/29 22:18:15 Sent {"src":"n0","dest":"n1","body":{"counter":11,"message":65,"sender":"n1","type":"gossip"}}
2023/05/29 22:18:15 Received {n1 n0 {"counter":11,"message":65,"sender":"n1","type":"gossip"}}
2023/05/29 22:18:15 Received {n3 n0 {"counter":11,"message":65,"sender":"n1","type":"gossip"}}
2023/05/29 22:18:15 Received {n3 n0 {"counter":12,"message":66,"sender":"n4","type":"gossip"}}
2023/05/29 22:18:15 Received {n1 n0 {"counter":12,"message":66,"sender":"n4","type":"gossip"}}
2023/05/29 22:18:15 Sent {"src":"n0","dest":"n3","body":{"counter":12,"message":66,"sender":"n4","type":"gossip"}}
2023/05/29 22:18:15 Sent {"src":"n0","dest":"n1","body":{"counter":12,"message":66,"sender":"n4","type":"gossip"}}
2023/05/29 22:18:15 Received {c10 n0 {"type":"broadcast","message":67,"msg_id":46}}
2023/05/29 22:18:15 Sent {"src":"n0","dest":"n3","body":{"counter":28,"message":67,"sender":"n0","type":"gossip"}}
2023/05/29 22:18:15 Sent {"src":"n0","dest":"n1","body":{"counter":28,"message":67,"sender":"n0","type":"gossip"}}
2023/05/29 22:18:15 Sent {"src":"n0","dest":"c10","body":{"in_reply_to":46,"type":"broadcast_ok"}}
2023/05/29 22:18:15 Received {n3 n0 {"counter":28,"message":67,"sender":"n0","type":"gossip"}}
2023/05/29 22:18:15 Sent {"src":"n0","dest":"n3","body":{"counter":28,"message":67,"sender":"n0","type":"gossip"}}
2023/05/29 22:18:15 Sent {"src":"n0","dest":"n1","body":{"counter":28,"message":67,"sender":"n0","type":"gossip"}}
2023/05/29 22:18:15 Received {n1 n0 {"counter":28,"message":67,"sender":"n0","type":"gossip"}}
2023/05/29 22:18:15 Received {c10 n0 {"type":"broadcast","message":68,"msg_id":47}}
2023/05/29 22:18:15 Sent {"src":"n0","dest":"n3","body":{"counter":29,"message":68,"sender":"n0","type":"gossip"}}
2023/05/29 22:18:15 Sent {"src":"n0","dest":"n1","body":{"counter":29,"message":68,"sender":"n0","type":"gossip"}}
2023/05/29 22:18:15 Sent {"src":"n0","dest":"c10","body":{"in_reply_to":47,"type":"broadcast_ok"}}
2023/05/29 22:18:15 Received {n3 n0 {"counter":29,"message":68,"sender":"n0","type":"gossip"}}
2023/05/29 22:18:15 Sent {"src":"n0","dest":"n3","body":{"counter":29,"message":68,"sender":"n0","type":"gossip"}}
2023/05/29 22:18:15 Sent {"src":"n0","dest":"n1","body":{"counter":29,"message":68,"sender":"n0","type":"gossip"}}
2023/05/29 22:18:15 Received {n1 n0 {"counter":29,"message":68,"sender":"n0","type":"gossip"}}
2023/05/29 22:18:15 Received {n1 n0 {"counter":12,"message":69,"sender":"n1","type":"gossip"}}
2023/05/29 22:18:15 Sent {"src":"n0","dest":"n3","body":{"counter":12,"message":69,"sender":"n1","type":"gossip"}}
2023/05/29 22:18:15 Sent {"src":"n0","dest":"n1","body":{"counter":12,"message":69,"sender":"n1","type":"gossip"}}
2023/05/29 22:18:15 Received {n1 n0 {"counter":12,"message":69,"sender":"n1","type":"gossip"}}
2023/05/29 22:18:15 Received {n3 n0 {"counter":12,"message":69,"sender":"n1","type":"gossip"}}
2023/05/29 22:18:15 Received {n1 n0 {"counter":9,"message":70,"sender":"n2","type":"gossip"}}
2023/05/29 22:18:15 Sent {"src":"n0","dest":"n3","body":{"counter":9,"message":70,"sender":"n2","type":"gossip"}}
2023/05/29 22:18:15 Sent {"src":"n0","dest":"n1","body":{"counter":9,"message":70,"sender":"n2","type":"gossip"}}
2023/05/29 22:18:15 Received {n3 n0 {"counter":9,"message":70,"sender":"n2","type":"gossip"}}
2023/05/29 22:18:15 Received {n3 n0 {"counter":10,"message":71,"sender":"n3","type":"gossip"}}
2023/05/29 22:18:15 Sent {"src":"n0","dest":"n3","body":{"counter":10,"message":71,"sender":"n3","type":"gossip"}}
2023/05/29 22:18:15 Sent {"src":"n0","dest":"n1","body":{"counter":10,"message":71,"sender":"n3","type":"gossip"}}
2023/05/29 22:18:15 Received {n1 n0 {"counter":10,"message":71,"sender":"n3","type":"gossip"}}
2023/05/29 22:18:15 Received {n3 n0 {"counter":10,"message":71,"sender":"n3","type":"gossip"}}
2023/05/29 22:18:15 Received {n3 n0 {"counter":13,"message":72,"sender":"n4","type":"gossip"}}
2023/05/29 22:18:15 Sent {"src":"n0","dest":"n3","body":{"counter":13,"message":72,"sender":"n4","type":"gossip"}}
2023/05/29 22:18:15 Sent {"src":"n0","dest":"n1","body":{"counter":13,"message":72,"sender":"n4","type":"gossip"}}
2023/05/29 22:18:15 Received {n1 n0 {"counter":13,"message":72,"sender":"n4","type":"gossip"}}
2023/05/29 22:18:15 Received {c10 n0 {"type":"broadcast","message":73,"msg_id":48}}
2023/05/29 22:18:15 Sent {"src":"n0","dest":"n3","body":{"counter":30,"message":73,"sender":"n0","type":"gossip"}}
2023/05/29 22:18:15 Sent {"src":"n0","dest":"n1","body":{"counter":30,"message":73,"sender":"n0","type":"gossip"}}
2023/05/29 22:18:15 Sent {"src":"n0","dest":"c10","body":{"in_reply_to":48,"type":"broadcast_ok"}}
2023/05/29 22:18:15 Received {n3 n0 {"counter":30,"message":73,"sender":"n0","type":"gossip"}}
2023/05/29 22:18:15 Received {n1 n0 {"counter":30,"message":73,"sender":"n0","type":"gossip"}}
2023/05/29 22:18:15 Sent {"src":"n0","dest":"n3","body":{"counter":30,"message":73,"sender":"n0","type":"gossip"}}
2023/05/29 22:18:15 Sent {"src":"n0","dest":"n1","body":{"counter":30,"message":73,"sender":"n0","type":"gossip"}}
2023/05/29 22:18:16 Received {c10 n0 {"type":"read","msg_id":49}}
2023/05/29 22:18:16 Sent {"src":"n0","dest":"c10","body":{"in_reply_to":49,"messages":[0,1,1,2,2,3,4,5,6,6,7,7,8,9,10,10,11,12,13,13,14,14,15,16,17,17,18,19,20,20,21,21,22,22,23,24,25,25,26,27,28,28,29,30,30,31,32,33,34,35,36,36,37,37,38,39,39,40,41,41,42,42,43,44,45,45,46,46,47,48,48,49,50,51,52,52,53,54,55,56,56,57,58,59,59,60,61,62,63,63,64,64,65,66,67,67,68,68,69,70,71,72,73,73],"msg_id":49,"type":"read_ok"}}
2023/05/29 22:18:16 Received {n1 n0 {"counter":10,"message":74,"sender":"n2","type":"gossip"}}
2023/05/29 22:18:16 Sent {"src":"n0","dest":"n3","body":{"counter":10,"message":74,"sender":"n2","type":"gossip"}}
2023/05/29 22:18:16 Sent {"src":"n0","dest":"n1","body":{"counter":10,"message":74,"sender":"n2","type":"gossip"}}
2023/05/29 22:18:16 Received {n3 n0 {"counter":10,"message":74,"sender":"n2","type":"gossip"}}
2023/05/29 22:18:16 Received {c10 n0 {"type":"read","msg_id":50}}
2023/05/29 22:18:16 Sent {"src":"n0","dest":"c10","body":{"in_reply_to":50,"messages":[0,1,1,2,2,3,4,5,6,6,7,7,8,9,10,10,11,12,13,13,14,14,15,16,17,17,18,19,20,20,21,21,22,22,23,24,25,25,26,27,28,28,29,30,30,31,32,33,34,35,36,36,37,37,38,39,39,40,41,41,42,42,43,44,45,45,46,46,47,48,48,49,50,51,52,52,53,54,55,56,56,57,58,59,59,60,61,62,63,63,64,64,65,66,67,67,68,68,69,70,71,72,73,73,74],"msg_id":50,"type":"read_ok"}}
2023/05/29 22:18:16 Received {c10 n0 {"type":"broadcast","message":75,"msg_id":51}}
2023/05/29 22:18:16 Sent {"src":"n0","dest":"n3","body":{"counter":31,"message":75,"sender":"n0","type":"gossip"}}
2023/05/29 22:18:16 Sent {"src":"n0","dest":"n1","body":{"counter":31,"message":75,"sender":"n0","type":"gossip"}}
2023/05/29 22:18:16 Sent {"src":"n0","dest":"c10","body":{"in_reply_to":51,"type":"broadcast_ok"}}
2023/05/29 22:18:16 Received {n3 n0 {"counter":31,"message":75,"sender":"n0","type":"gossip"}}
2023/05/29 22:18:16 Sent {"src":"n0","dest":"n3","body":{"counter":31,"message":75,"sender":"n0","type":"gossip"}}
2023/05/29 22:18:16 Sent {"src":"n0","dest":"n1","body":{"counter":31,"message":75,"sender":"n0","type":"gossip"}}
2023/05/29 22:18:16 Received {n1 n0 {"counter":31,"message":75,"sender":"n0","type":"gossip"}}
2023/05/29 22:18:16 Received {n1 n0 {"counter":13,"message":76,"sender":"n1","type":"gossip"}}
2023/05/29 22:18:16 Sent {"src":"n0","dest":"n3","body":{"counter":13,"message":76,"sender":"n1","type":"gossip"}}
2023/05/29 22:18:16 Sent {"src":"n0","dest":"n1","body":{"counter":13,"message":76,"sender":"n1","type":"gossip"}}
2023/05/29 22:18:16 Received {n3 n0 {"counter":13,"message":76,"sender":"n1","type":"gossip"}}
2023/05/29 22:18:16 Received {n1 n0 {"counter":13,"message":76,"sender":"n1","type":"gossip"}}
2023/05/29 22:18:16 Received {n3 n0 {"counter":11,"message":77,"sender":"n3","type":"gossip"}}
2023/05/29 22:18:16 Sent {"src":"n0","dest":"n3","body":{"counter":11,"message":77,"sender":"n3","type":"gossip"}}
2023/05/29 22:18:16 Sent {"src":"n0","dest":"n1","body":{"counter":11,"message":77,"sender":"n3","type":"gossip"}}
2023/05/29 22:18:16 Received {n3 n0 {"counter":11,"message":77,"sender":"n3","type":"gossip"}}
2023/05/29 22:18:16 Received {n1 n0 {"counter":11,"message":77,"sender":"n3","type":"gossip"}}
2023/05/29 22:18:17 Received {c10 n0 {"type":"read","msg_id":52}}
2023/05/29 22:18:17 Sent {"src":"n0","dest":"c10","body":{"in_reply_to":52,"messages":[0,1,1,2,2,3,4,5,6,6,7,7,8,9,10,10,11,12,13,13,14,14,15,16,17,17,18,19,20,20,21,21,22,22,23,24,25,25,26,27,28,28,29,30,30,31,32,33,34,35,36,36,37,37,38,39,39,40,41,41,42,42,43,44,45,45,46,46,47,48,48,49,50,51,52,52,53,54,55,56,56,57,58,59,59,60,61,62,63,63,64,64,65,66,67,67,68,68,69,70,71,72,73,73,74,75,75,76,77],"msg_id":52,"type":"read_ok"}}
2023/05/29 22:18:17 Received {c10 n0 {"type":"broadcast","message":78,"msg_id":53}}
2023/05/29 22:18:17 Sent {"src":"n0","dest":"n3","body":{"counter":32,"message":78,"sender":"n0","type":"gossip"}}
2023/05/29 22:18:17 Sent {"src":"n0","dest":"n1","body":{"counter":32,"message":78,"sender":"n0","type":"gossip"}}
2023/05/29 22:18:17 Sent {"src":"n0","dest":"c10","body":{"in_reply_to":53,"type":"broadcast_ok"}}
2023/05/29 22:18:17 Received {n3 n0 {"counter":32,"message":78,"sender":"n0","type":"gossip"}}
2023/05/29 22:18:17 Sent {"src":"n0","dest":"n3","body":{"counter":32,"message":78,"sender":"n0","type":"gossip"}}
2023/05/29 22:18:17 Sent {"src":"n0","dest":"n1","body":{"counter":32,"message":78,"sender":"n0","type":"gossip"}}
2023/05/29 22:18:17 Received {n1 n0 {"counter":32,"message":78,"sender":"n0","type":"gossip"}}
2023/05/29 22:18:17 Received {n1 n0 {"counter":14,"message":79,"sender":"n1","type":"gossip"}}
2023/05/29 22:18:17 Sent {"src":"n0","dest":"n3","body":{"counter":14,"message":79,"sender":"n1","type":"gossip"}}
2023/05/29 22:18:17 Sent {"src":"n0","dest":"n1","body":{"counter":14,"message":79,"sender":"n1","type":"gossip"}}
2023/05/29 22:18:17 Received {n3 n0 {"counter":14,"message":79,"sender":"n1","type":"gossip"}}
2023/05/29 22:18:17 Received {n1 n0 {"counter":14,"message":79,"sender":"n1","type":"gossip"}}
2023/05/29 22:18:17 Received {n1 n0 {"counter":11,"message":80,"sender":"n2","type":"gossip"}}
2023/05/29 22:18:17 Sent {"src":"n0","dest":"n3","body":{"counter":11,"message":80,"sender":"n2","type":"gossip"}}
2023/05/29 22:18:17 Sent {"src":"n0","dest":"n1","body":{"counter":11,"message":80,"sender":"n2","type":"gossip"}}
2023/05/29 22:18:17 Received {n3 n0 {"counter":11,"message":80,"sender":"n2","type":"gossip"}}
2023/05/29 22:18:17 Received {n3 n0 {"counter":12,"message":81,"sender":"n3","type":"gossip"}}
2023/05/29 22:18:17 Sent {"src":"n0","dest":"n3","body":{"counter":12,"message":81,"sender":"n3","type":"gossip"}}
2023/05/29 22:18:17 Sent {"src":"n0","dest":"n1","body":{"counter":12,"message":81,"sender":"n3","type":"gossip"}}
2023/05/29 22:18:17 Received {n1 n0 {"counter":12,"message":81,"sender":"n3","type":"gossip"}}
2023/05/29 22:18:17 Received {n3 n0 {"counter":12,"message":81,"sender":"n3","type":"gossip"}}
2023/05/29 22:18:17 Received {n3 n0 {"counter":14,"message":82,"sender":"n4","type":"gossip"}}
2023/05/29 22:18:17 Sent {"src":"n0","dest":"n3","body":{"counter":14,"message":82,"sender":"n4","type":"gossip"}}
2023/05/29 22:18:17 Received {n1 n0 {"counter":14,"message":82,"sender":"n4","type":"gossip"}}
2023/05/29 22:18:17 Sent {"src":"n0","dest":"n1","body":{"counter":14,"message":82,"sender":"n4","type":"gossip"}}
2023/05/29 22:18:17 Received {c10 n0 {"type":"broadcast","message":83,"msg_id":54}}
2023/05/29 22:18:17 Sent {"src":"n0","dest":"n3","body":{"counter":33,"message":83,"sender":"n0","type":"gossip"}}
2023/05/29 22:18:17 Sent {"src":"n0","dest":"n1","body":{"counter":33,"message":83,"sender":"n0","type":"gossip"}}
2023/05/29 22:18:17 Sent {"src":"n0","dest":"c10","body":{"in_reply_to":54,"type":"broadcast_ok"}}
2023/05/29 22:18:17 Received {n3 n0 {"counter":33,"message":83,"sender":"n0","type":"gossip"}}
2023/05/29 22:18:17 Received {n1 n0 {"counter":33,"message":83,"sender":"n0","type":"gossip"}}
2023/05/29 22:18:17 Sent {"src":"n0","dest":"n3","body":{"counter":33,"message":83,"sender":"n0","type":"gossip"}}
2023/05/29 22:18:17 Sent {"src":"n0","dest":"n1","body":{"counter":33,"message":83,"sender":"n0","type":"gossip"}}
2023/05/29 22:18:18 Received {c10 n0 {"type":"broadcast","message":84,"msg_id":55}}
2023/05/29 22:18:18 Sent {"src":"n0","dest":"n3","body":{"counter":34,"message":84,"sender":"n0","type":"gossip"}}
2023/05/29 22:18:18 Sent {"src":"n0","dest":"n1","body":{"counter":34,"message":84,"sender":"n0","type":"gossip"}}
2023/05/29 22:18:18 Sent {"src":"n0","dest":"c10","body":{"in_reply_to":55,"type":"broadcast_ok"}}
2023/05/29 22:18:18 Received {n3 n0 {"counter":34,"message":84,"sender":"n0","type":"gossip"}}
2023/05/29 22:18:18 Received {n1 n0 {"counter":34,"message":84,"sender":"n0","type":"gossip"}}
2023/05/29 22:18:18 Sent {"src":"n0","dest":"n3","body":{"counter":34,"message":84,"sender":"n0","type":"gossip"}}
2023/05/29 22:18:18 Sent {"src":"n0","dest":"n1","body":{"counter":34,"message":84,"sender":"n0","type":"gossip"}}
2023/05/29 22:18:18 Received {n1 n0 {"counter":15,"message":85,"sender":"n1","type":"gossip"}}
2023/05/29 22:18:18 Sent {"src":"n0","dest":"n3","body":{"counter":15,"message":85,"sender":"n1","type":"gossip"}}
2023/05/29 22:18:18 Sent {"src":"n0","dest":"n1","body":{"counter":15,"message":85,"sender":"n1","type":"gossip"}}
2023/05/29 22:18:18 Received {n3 n0 {"counter":15,"message":85,"sender":"n1","type":"gossip"}}
2023/05/29 22:18:18 Received {n1 n0 {"counter":15,"message":85,"sender":"n1","type":"gossip"}}
2023/05/29 22:18:18 Received {n1 n0 {"counter":12,"message":86,"sender":"n2","type":"gossip"}}
2023/05/29 22:18:18 Sent {"src":"n0","dest":"n3","body":{"counter":12,"message":86,"sender":"n2","type":"gossip"}}
2023/05/29 22:18:18 Sent {"src":"n0","dest":"n1","body":{"counter":12,"message":86,"sender":"n2","type":"gossip"}}
2023/05/29 22:18:18 Received {n3 n0 {"counter":12,"message":86,"sender":"n2","type":"gossip"}}
2023/05/29 22:18:18 Received {c10 n0 {"type":"read","msg_id":56}}
2023/05/29 22:18:18 Sent {"src":"n0","dest":"c10","body":{"in_reply_to":56,"messages":[0,1,1,2,2,3,4,5,6,6,7,7,8,9,10,10,11,12,13,13,14,14,15,16,17,17,18,19,20,20,21,21,22,22,23,24,25,25,26,27,28,28,29,30,30,31,32,33,34,35,36,36,37,37,38,39,39,40,41,41,42,42,43,44,45,45,46,46,47,48,48,49,50,51,52,52,53,54,55,56,56,57,58,59,59,60,61,62,63,63,64,64,65,66,67,67,68,68,69,70,71,72,73,73,74,75,75,76,77,78,78,79,80,81,82,83,83,84,84,85,86],"msg_id":56,"type":"read_ok"}}
2023/05/29 22:18:18 Received {c10 n0 {"type":"broadcast","message":87,"msg_id":57}}
2023/05/29 22:18:18 Sent {"src":"n0","dest":"n3","body":{"counter":35,"message":87,"sender":"n0","type":"gossip"}}
2023/05/29 22:18:18 Sent {"src":"n0","dest":"n1","body":{"counter":35,"message":87,"sender":"n0","type":"gossip"}}
2023/05/29 22:18:18 Sent {"src":"n0","dest":"c10","body":{"in_reply_to":57,"type":"broadcast_ok"}}
2023/05/29 22:18:18 Received {n3 n0 {"counter":35,"message":87,"sender":"n0","type":"gossip"}}
2023/05/29 22:18:18 Received {n1 n0 {"counter":35,"message":87,"sender":"n0","type":"gossip"}}
2023/05/29 22:18:18 Sent {"src":"n0","dest":"n3","body":{"counter":35,"message":87,"sender":"n0","type":"gossip"}}
2023/05/29 22:18:18 Sent {"src":"n0","dest":"n1","body":{"counter":35,"message":87,"sender":"n0","type":"gossip"}}
2023/05/29 22:18:18 Received {n1 n0 {"counter":16,"message":88,"sender":"n1","type":"gossip"}}
2023/05/29 22:18:18 Sent {"src":"n0","dest":"n3","body":{"counter":16,"message":88,"sender":"n1","type":"gossip"}}
2023/05/29 22:18:18 Sent {"src":"n0","dest":"n1","body":{"counter":16,"message":88,"sender":"n1","type":"gossip"}}
2023/05/29 22:18:18 Received {n3 n0 {"counter":16,"message":88,"sender":"n1","type":"gossip"}}
2023/05/29 22:18:18 Received {n1 n0 {"counter":16,"message":88,"sender":"n1","type":"gossip"}}
2023/05/29 22:18:18 Received {n1 n0 {"counter":13,"message":89,"sender":"n2","type":"gossip"}}
2023/05/29 22:18:18 Sent {"src":"n0","dest":"n3","body":{"counter":13,"message":89,"sender":"n2","type":"gossip"}}
2023/05/29 22:18:18 Sent {"src":"n0","dest":"n1","body":{"counter":13,"message":89,"sender":"n2","type":"gossip"}}
2023/05/29 22:18:18 Received {n3 n0 {"counter":13,"message":89,"sender":"n2","type":"gossip"}}
2023/05/29 22:18:18 Received {n3 n0 {"counter":13,"message":90,"sender":"n3","type":"gossip"}}
2023/05/29 22:18:18 Sent {"src":"n0","dest":"n3","body":{"counter":13,"message":90,"sender":"n3","type":"gossip"}}
2023/05/29 22:18:18 Sent {"src":"n0","dest":"n1","body":{"counter":13,"message":90,"sender":"n3","type":"gossip"}}
2023/05/29 22:18:18 Received {n1 n0 {"counter":13,"message":90,"sender":"n3","type":"gossip"}}
2023/05/29 22:18:18 Received {n3 n0 {"counter":13,"message":90,"sender":"n3","type":"gossip"}}
2023/05/29 22:18:19 Received {c10 n0 {"type":"read","msg_id":58}}
2023/05/29 22:18:19 Sent {"src":"n0","dest":"c10","body":{"in_reply_to":58,"messages":[0,1,1,2,2,3,4,5,6,6,7,7,8,9,10,10,11,12,13,13,14,14,15,16,17,17,18,19,20,20,21,21,22,22,23,24,25,25,26,27,28,28,29,30,30,31,32,33,34,35,36,36,37,37,38,39,39,40,41,41,42,42,43,44,45,45,46,46,47,48,48,49,50,51,52,52,53,54,55,56,56,57,58,59,59,60,61,62,63,63,64,64,65,66,67,67,68,68,69,70,71,72,73,73,74,75,75,76,77,78,78,79,80,81,82,83,83,84,84,85,86,87,87,88,89,90],"msg_id":58,"type":"read_ok"}}
2023/05/29 22:18:19 Received {c10 n0 {"type":"read","msg_id":59}}
2023/05/29 22:18:19 Sent {"src":"n0","dest":"c10","body":{"in_reply_to":59,"messages":[0,1,1,2,2,3,4,5,6,6,7,7,8,9,10,10,11,12,13,13,14,14,15,16,17,17,18,19,20,20,21,21,22,22,23,24,25,25,26,27,28,28,29,30,30,31,32,33,34,35,36,36,37,37,38,39,39,40,41,41,42,42,43,44,45,45,46,46,47,48,48,49,50,51,52,52,53,54,55,56,56,57,58,59,59,60,61,62,63,63,64,64,65,66,67,67,68,68,69,70,71,72,73,73,74,75,75,76,77,78,78,79,80,81,82,83,83,84,84,85,86,87,87,88,89,90],"msg_id":59,"type":"read_ok"}}
2023/05/29 22:18:19 Received {n1 n0 {"counter":17,"message":91,"sender":"n1","type":"gossip"}}
2023/05/29 22:18:19 Sent {"src":"n0","dest":"n3","body":{"counter":17,"message":91,"sender":"n1","type":"gossip"}}
2023/05/29 22:18:19 Sent {"src":"n0","dest":"n1","body":{"counter":17,"message":91,"sender":"n1","type":"gossip"}}
2023/05/29 22:18:19 Received {n3 n0 {"counter":17,"message":91,"sender":"n1","type":"gossip"}}
2023/05/29 22:18:19 Received {n1 n0 {"counter":17,"message":91,"sender":"n1","type":"gossip"}}
2023/05/29 22:18:19 Received {n1 n0 {"counter":14,"message":92,"sender":"n2","type":"gossip"}}
2023/05/29 22:18:19 Sent {"src":"n0","dest":"n3","body":{"counter":14,"message":92,"sender":"n2","type":"gossip"}}
2023/05/29 22:18:19 Sent {"src":"n0","dest":"n1","body":{"counter":14,"message":92,"sender":"n2","type":"gossip"}}
2023/05/29 22:18:19 Received {n3 n0 {"counter":14,"message":92,"sender":"n2","type":"gossip"}}
2023/05/29 22:18:19 Received {n3 n0 {"counter":15,"message":93,"sender":"n4","type":"gossip"}}
2023/05/29 22:18:19 Received {n1 n0 {"counter":15,"message":93,"sender":"n4","type":"gossip"}}
2023/05/29 22:18:19 Sent {"src":"n0","dest":"n3","body":{"counter":15,"message":93,"sender":"n4","type":"gossip"}}
2023/05/29 22:18:19 Sent {"src":"n0","dest":"n1","body":{"counter":15,"message":93,"sender":"n4","type":"gossip"}}
2023/05/29 22:18:19 Received {c10 n0 {"type":"broadcast","message":94,"msg_id":60}}
2023/05/29 22:18:19 Sent {"src":"n0","dest":"n3","body":{"counter":36,"message":94,"sender":"n0","type":"gossip"}}
2023/05/29 22:18:19 Sent {"src":"n0","dest":"n1","body":{"counter":36,"message":94,"sender":"n0","type":"gossip"}}
2023/05/29 22:18:19 Sent {"src":"n0","dest":"c10","body":{"in_reply_to":60,"type":"broadcast_ok"}}
2023/05/29 22:18:19 Received {n3 n0 {"counter":36,"message":94,"sender":"n0","type":"gossip"}}
2023/05/29 22:18:19 Received {n1 n0 {"counter":36,"message":94,"sender":"n0","type":"gossip"}}
2023/05/29 22:18:19 Sent {"src":"n0","dest":"n3","body":{"counter":36,"message":94,"sender":"n0","type":"gossip"}}
2023/05/29 22:18:19 Sent {"src":"n0","dest":"n1","body":{"counter":36,"message":94,"sender":"n0","type":"gossip"}}
2023/05/29 22:18:19 Received {c10 n0 {"type":"broadcast","message":95,"msg_id":61}}
2023/05/29 22:18:19 Sent {"src":"n0","dest":"n3","body":{"counter":37,"message":95,"sender":"n0","type":"gossip"}}
2023/05/29 22:18:19 Sent {"src":"n0","dest":"n1","body":{"counter":37,"message":95,"sender":"n0","type":"gossip"}}
2023/05/29 22:18:19 Sent {"src":"n0","dest":"c10","body":{"in_reply_to":61,"type":"broadcast_ok"}}
2023/05/29 22:18:19 Received {n3 n0 {"counter":37,"message":95,"sender":"n0","type":"gossip"}}
2023/05/29 22:18:19 Sent {"src":"n0","dest":"n3","body":{"counter":37,"message":95,"sender":"n0","type":"gossip"}}
2023/05/29 22:18:19 Sent {"src":"n0","dest":"n1","body":{"counter":37,"message":95,"sender":"n0","type":"gossip"}}
2023/05/29 22:18:19 Received {n1 n0 {"counter":37,"message":95,"sender":"n0","type":"gossip"}}
2023/05/29 22:18:20 Received {n3 n0 {"counter":16,"message":96,"sender":"n4","type":"gossip"}}
2023/05/29 22:18:20 Sent {"src":"n0","dest":"n3","body":{"counter":16,"message":96,"sender":"n4","type":"gossip"}}
2023/05/29 22:18:20 Sent {"src":"n0","dest":"n1","body":{"counter":16,"message":96,"sender":"n4","type":"gossip"}}
2023/05/29 22:18:20 Received {n1 n0 {"counter":16,"message":96,"sender":"n4","type":"gossip"}}
2023/05/29 22:18:20 Received {c10 n0 {"type":"read","msg_id":62}}
2023/05/29 22:18:20 Sent {"src":"n0","dest":"c10","body":{"in_reply_to":62,"messages":[0,1,1,2,2,3,4,5,6,6,7,7,8,9,10,10,11,12,13,13,14,14,15,16,17,17,18,19,20,20,21,21,22,22,23,24,25,25,26,27,28,28,29,30,30,31,32,33,34,35,36,36,37,37,38,39,39,40,41,41,42,42,43,44,45,45,46,46,47,48,48,49,50,51,52,52,53,54,55,56,56,57,58,59,59,60,61,62,63,63,64,64,65,66,67,67,68,68,69,70,71,72,73,73,74,75,75,76,77,78,78,79,80,81,82,83,83,84,84,85,86,87,87,88,89,90,91,92,93,94,94,95,95,96],"msg_id":62,"type":"read_ok"}}
2023/05/29 22:18:20 Received {c10 n0 {"type":"broadcast","message":97,"msg_id":63}}
2023/05/29 22:18:20 Sent {"src":"n0","dest":"n3","body":{"counter":38,"message":97,"sender":"n0","type":"gossip"}}
2023/05/29 22:18:20 Sent {"src":"n0","dest":"n1","body":{"counter":38,"message":97,"sender":"n0","type":"gossip"}}
2023/05/29 22:18:20 Sent {"src":"n0","dest":"c10","body":{"in_reply_to":63,"type":"broadcast_ok"}}
2023/05/29 22:18:20 Received {n3 n0 {"counter":38,"message":97,"sender":"n0","type":"gossip"}}
2023/05/29 22:18:20 Sent {"src":"n0","dest":"n3","body":{"counter":38,"message":97,"sender":"n0","type":"gossip"}}
2023/05/29 22:18:20 Sent {"src":"n0","dest":"n1","body":{"counter":38,"message":97,"sender":"n0","type":"gossip"}}
2023/05/29 22:18:20 Received {n1 n0 {"counter":38,"message":97,"sender":"n0","type":"gossip"}}
2023/05/29 22:18:20 Received {n1 n0 {"counter":18,"message":98,"sender":"n1","type":"gossip"}}
2023/05/29 22:18:20 Sent {"src":"n0","dest":"n3","body":{"counter":18,"message":98,"sender":"n1","type":"gossip"}}
2023/05/29 22:18:20 Sent {"src":"n0","dest":"n1","body":{"counter":18,"message":98,"sender":"n1","type":"gossip"}}
2023/05/29 22:18:20 Received {n3 n0 {"counter":18,"message":98,"sender":"n1","type":"gossip"}}
2023/05/29 22:18:20 Received {n1 n0 {"counter":18,"message":98,"sender":"n1","type":"gossip"}}
2023/05/29 22:18:20 Received {n1 n0 {"counter":15,"message":99,"sender":"n2","type":"gossip"}}
2023/05/29 22:18:20 Sent {"src":"n0","dest":"n3","body":{"counter":15,"message":99,"sender":"n2","type":"gossip"}}
2023/05/29 22:18:20 Sent {"src":"n0","dest":"n1","body":{"counter":15,"message":99,"sender":"n2","type":"gossip"}}
2023/05/29 22:18:20 Received {n3 n0 {"counter":15,"message":99,"sender":"n2","type":"gossip"}}
2023/05/29 22:18:21 Received {n3 n0 {"counter":17,"message":100,"sender":"n4","type":"gossip"}}
2023/05/29 22:18:21 Received {n1 n0 {"counter":17,"message":100,"sender":"n4","type":"gossip"}}
2023/05/29 22:18:21 Sent {"src":"n0","dest":"n3","body":{"counter":17,"message":100,"sender":"n4","type":"gossip"}}
2023/05/29 22:18:21 Sent {"src":"n0","dest":"n1","body":{"counter":17,"message":100,"sender":"n4","type":"gossip"}}
2023/05/29 22:18:21 Received {c10 n0 {"type":"read","msg_id":64}}
2023/05/29 22:18:21 Sent {"src":"n0","dest":"c10","body":{"in_reply_to":64,"messages":[0,1,1,2,2,3,4,5,6,6,7,7,8,9,10,10,11,12,13,13,14,14,15,16,17,17,18,19,20,20,21,21,22,22,23,24,25,25,26,27,28,28,29,30,30,31,32,33,34,35,36,36,37,37,38,39,39,40,41,41,42,42,43,44,45,45,46,46,47,48,48,49,50,51,52,52,53,54,55,56,56,57,58,59,59,60,61,62,63,63,64,64,65,66,67,67,68,68,69,70,71,72,73,73,74,75,75,76,77,78,78,79,80,81,82,83,83,84,84,85,86,87,87,88,89,90,91,92,93,94,94,95,95,96,97,97,98,99,100],"msg_id":64,"type":"read_ok"}}
2023/05/29 22:18:31 Received {c10 n0 {"type":"read","msg_id":65}}
2023/05/29 22:18:31 Sent {"src":"n0","dest":"c10","body":{"in_reply_to":65,"messages":[0,1,1,2,2,3,4,5,6,6,7,7,8,9,10,10,11,12,13,13,14,14,15,16,17,17,18,19,20,20,21,21,22,22,23,24,25,25,26,27,28,28,29,30,30,31,32,33,34,35,36,36,37,37,38,39,39,40,41,41,42,42,43,44,45,45,46,46,47,48,48,49,50,51,52,52,53,54,55,56,56,57,58,59,59,60,61,62,63,63,64,64,65,66,67,67,68,68,69,70,71,72,73,73,74,75,75,76,77,78,78,79,80,81,82,83,83,84,84,85,86,87,87,88,89,90,91,92,93,94,94,95,95,96,97,97,98,99,100],"msg_id":65,"type":"read_ok"}}
