2023/05/29 22:18:01 Received {c2 n2 {"type":"init","node_id":"n2","node_ids":["n0","n1","n2","n3","n4"],"msg_id":1}}
2023/05/29 22:18:01 Node n2 initialized
2023/05/29 22:18:01 Sent {"src":"n2","dest":"c2","body":{"in_reply_to":1,"type":"init_ok"}}
2023/05/29 22:18:01 Received {c7 n2 {"type":"topology","topology":{"n0":["n3","n1"],"n1":["n4","n2","n0"],"n2":["n1"],"n3":["n0","n4"],"n4":["n1","n3"]},"msg_id":1}}
2023/05/29 22:18:01 Sent {"src":"n2","dest":"c7","body":{"in_reply_to":1,"type":"topology_ok"}}
2023/05/29 22:18:01 Received {c12 n2 {"type":"broadcast","message":0,"msg_id":1}}
2023/05/29 22:18:01 Sent {"src":"n2","dest":"n1","body":{"counter":1,"message":0,"sender":"n2","type":"gossip"}}
2023/05/29 22:18:01 Sent {"src":"n2","dest":"c12","body":{"in_reply_to":1,"type":"broadcast_ok"}}
2023/05/29 22:18:01 Received {n1 n2 {"counter":1,"message":0,"sender":"n2","type":"gossip"}}
2023/05/29 22:18:01 Sent {"src":"n2","dest":"n1","body":{"counter":1,"message":0,"sender":"n2","type":"gossip"}}
2023/05/29 22:18:02 Received {n1 n2 {"counter":1,"message":1,"sender":"n0","type":"gossip"}}
2023/05/29 22:18:02 Sent {"src":"n2","dest":"n1","body":{"counter":1,"message":1,"sender":"n0","type":"gossip"}}
2023/05/29 22:18:02 Received {n1 n2 {"counter":2,"message":2,"sender":"n0","type":"gossip"}}
2023/05/29 22:18:02 Sent {"src":"n2","dest":"n1","body":{"counter":2,"message":2,"sender":"n0","type":"gossip"}}
2023/05/29 22:18:02 Received {c12 n2 {"type":"broadcast","message":3,"msg_id":2}}
2023/05/29 22:18:02 Sent {"src":"n2","dest":"n1","body":{"counter":2,"message":3,"sender":"n2","type":"gossip"}}
2023/05/29 22:18:02 Sent {"src":"n2","dest":"c12","body":{"in_reply_to":2,"type":"broadcast_ok"}}
2023/05/29 22:18:02 Received {n1 n2 {"counter":2,"message":3,"sender":"n2","type":"gossip"}}
2023/05/29 22:18:02 Sent {"src":"n2","dest":"n1","body":{"counter":2,"message":3,"sender":"n2","type":"gossip"}}
2023/05/29 22:18:02 Received {n1 n2 {"counter":1,"message":4,"sender":"n3","type":"gossip"}}
2023/05/29 22:18:02 Sent {"src":"n2","dest":"n1","body":{"counter":1,"message":4,"sender":"n3","type":"gossip"}}
2023/05/29 22:18:02 Received {n1 n2 {"counter":1,"message":5,"sender":"n4","type":"gossip"}}
2023/05/29 22:18:02 Sent {"src":"n2","dest":"n1","body":{"counter":1,"message":5,"sender":"n4","type":"gossip"}}
2023/05/29 22:18:02 Received {n1 n2 {"counter":3,"message":6,"sender":"n0","type":"gossip"}}
2023/05/29 22:18:02 Sent {"src":"n2","dest":"n1","body":{"counter":3,"message":6,"sender":"n0","type":"gossip"}}
2023/05/29 22:18:03 Received {n1 n2 {"counter":4,"message":7,"sender":"n0","type":"gossip"}}
2023/05/29 22:18:03 Sent {"src":"n2","dest":"n1","body":{"counter":4,"message":7,"sender":"n0","type":"gossip"}}
2023/05/29 22:18:03 Received {c12 n2 {"type":"broadcast","message":8,"msg_id":3}}
2023/05/29 22:18:03 Sent {"src":"n2","dest":"n1","body":{"counter":3,"message":8,"sender":"n2","type":"gossip"}}
2023/05/29 22:18:03 Sent {"src":"n2","dest":"c12","body":{"in_reply_to":3,"type":"broadcast_ok"}}
2023/05/29 22:18:03 Received {n1 n2 {"counter":3,"message":8,"sender":"n2","type":"gossip"}}
2023/05/29 22:18:03 Sent {"src":"n2","dest":"n1","body":{"counter":3,"message":8,"sender":"n2","type":"gossip"}}
2023/05/29 22:18:03 Received {n1 n2 {"counter":2,"message":9,"sender":"n3","type":"gossip"}}
2023/05/29 22:18:03 Sent {"src":"n2","dest":"n1","body":{"counter":2,"message":9,"sender":"n3","type":"gossip"}}
2023/05/29 22:18:03 Received {n1 n2 {"counter":5,"message":10,"sender":"n0","type":"gossip"}}
2023/05/29 22:18:03 Sent {"src":"n2","dest":"n1","body":{"counter":5,"message":10,"sender":"n0","type":"gossip"}}
2023/05/29 22:18:03 Received {c12 n2 {"type":"broadcast","message":11,"msg_id":4}}
2023/05/29 22:18:03 Sent {"src":"n2","dest":"n1","body":{"counter":4,"message":11,"sender":"n2","type":"gossip"}}
2023/05/29 22:18:03 Sent {"src":"n2","dest":"c12","body":{"in_reply_to":4,"type":"broadcast_ok"}}
2023/05/29 22:18:03 Received {n1 n2 {"counter":4,"message":11,"sender":"n2","type":"gossip"}}
2023/05/29 22:18:03 Sent {"src":"n2","dest":"n1","body":{"counter":4,"message":11,"sender":"n2","type":"gossip"}}
2023/05/29 22:18:04 Received {c12 n2 {"type":"broadcast","message":12,"msg_id":5}}
2023/05/29 22:18:04 Sent {"src":"n2","dest":"n1","body":{"counter":5,"message":12,"sender":"n2","type":"gossip"}}
2023/05/29 22:18:04 Sent {"src":"n2","dest":"c12","body":{"in_reply_to":5,"type":"broadcast_ok"}}
2023/05/29 22:18:04 Received {n1 n2 {"counter":5,"message":12,"sender":"n2","type":"gossip"}}
2023/05/29 22:18:04 Sent {"src":"n2","dest":"n1","body":{"counter":5,"message":12,"sender":"n2","type":"gossip"}}
2023/05/29 22:18:04 Received {n1 n2 {"counter":6,"message":13,"sender":"n0","type":"gossip"}}
2023/05/29 22:18:04 Sent {"src":"n2","dest":"n1","body":{"counter":6,"message":13,"sender":"n0","type":"gossip"}}
2023/05/29 22:18:04 Received {n1 n2 {"counter":7,"message":14,"sender":"n0","type":"gossip"}}
2023/05/29 22:18:04 Sent {"src":"n2","dest":"n1","body":{"counter":7,"message":14,"sender":"n0","type":"gossip"}}
2023/05/29 22:18:04 Received {c12 n2 {"type":"read","msg_id":6}}
2023/05/29 22:18:04 Sent {"src":"n2","dest":"c12","body":{"in_reply_to":6,"messages":[0,0,1,2,3,3,4,5,6,7,8,8,9,10,11,11,12,12,13,14],"msg_id":6,"type":"read_ok"}}
2023/05/29 22:18:04 Received {n1 n2 {"counter":2,"message":15,"sender":"n4","type":"gossip"}}
2023/05/29 22:18:04 Sent {"src":"n2","dest":"n1","body":{"counter":2,"message":15,"sender":"n4","type":"gossip"}}
2023/05/29 22:18:05 Received {c12 n2 {"type":"read","msg_id":7}}
2023/05/29 22:18:05 Sent {"src":"n2","dest":"c12","body":{"in_reply_to":7,"messages":[0,0,1,2,3,3,4,5,6,7,8,8,9,10,11,11,12,12,13,14,15],"msg_id":7,"type":"read_ok"}}
2023/05/29 22:18:05 Received {n1 n2 {"counter":3,"message":16,"sender":"n3","type":"gossip"}}
2023/05/29 22:18:05 Sent {"src":"n2","dest":"n1","body":{"counter":3,"message":16,"sender":"n3","type":"gossip"}}
2023/05/29 22:18:05 Received {n1 n2 {"counter":8,"message":17,"sender":"n0","type":"gossip"}}
2023/05/29 22:18:05 Sent {"src":"n2","dest":"n1","body":{"counter":8,"message":17,"sender":"n0","type":"gossip"}}
2023/05/29 22:18:06 Received {n1 n2 {"counter":1,"message":18,"sender":"n1","type":"gossip"}}
2023/05/29 22:18:06 Sent {"src":"n2","dest":"n1","body":{"counter":1,"message":18,"sender":"n1","type":"gossip"}}
2023/05/29 22:18:06 Received {n1 n2 {"counter":1,"message":18,"sender":"n1","type":"gossip"}}
2023/05/29 22:18:06 Received {c12 n2 {"type":"read","msg_id":8}}
2023/05/29 22:18:06 Sent {"src":"n2","dest":"c12","body":{"in_reply_to":8,"messages":[0,0,1,2,3,3,4,5,6,7,8,8,9,10,11,11,12,12,13,14,15,16,17,18],"msg_id":8,"type":"read_ok"}}
2023/05/29 22:18:06 Received {n1 n2 {"counter":3,"message":19,"sender":"n4","type":"gossip"}}
2023/05/29 22:18:06 Sent {"src":"n2","dest":"n1","body":{"counter":3,"message":19,"sender":"n4","type":"gossip"}}
2023/05/29 22:18:06 Received {n1 n2 {"counter":9,"message":20,"sender":"n0","type":"gossip"}}
2023/05/29 22:18:06 Sent {"src":"n2","dest":"n1","body":{"counter":9,"message":20,"sender":"n0","type":"gossip"}}
2023/05/29 22:18:06 Received {n1 n2 {"counter":10,"message":21,"sender":"n0","type":"gossip"}}
2023/05/29 22:18:06 Sent {"src":"n2","dest":"n1","body":{"counter":10,"message":21,"sender":"n0","type":"gossip"}}
2023/05/29 22:18:06 Received {c12 n2 {"type":"read","msg_id":9}}
2023/05/29 22:18:06 Sent {"src":"n2","dest":"c12","body":{"in_reply_to":9,"messages":[0,0,1,2,3,3,4,5,6,7,8,8,9,10,11,11,12,12,13,14,15,16,17,18,19,20,21],"msg_id":9,"type":"read_ok"}}
2023/05/29 22:18:07 Received {n1 n2 {"counter":11,"message":22,"sender":"n0","type":"gossip"}}
2023/05/29 22:18:07 Sent {"src":"n2","dest":"n1","body":{"counter":11,"message":22,"sender":"n0","type":"gossip"}}
2023/05/29 22:18:07 Received {n1 n2 {"counter":2,"message":23,"sender":"n1","type":"gossip"}}
2023/05/29 22:18:07 Sent {"src":"n2","dest":"n1","body":{"counter":2,"message":23,"sender":"n1","type":"gossip"}}
2023/05/29 22:18:07 Received {n1 n2 {"counter":2,"message":23,"sender":"n1","type":"gossip"}}
2023/05/29 22:18:07 Received {c12 n2 {"type":"read","msg_id":10}}
2023/05/29 22:18:07 Sent {"src":"n2","dest":"c12","body":{"in_reply_to":10,"messages":[0,0,1,2,3,3,4,5,6,7,8,8,9,10,11,11,12,12,13,14,15,16,17,18,19,20,21,22,23],"msg_id":10,"type":"read_ok"}}
2023/05/29 22:18:07 Received {n1 n2 {"counter":4,"message":24,"sender":"n3","type":"gossip"}}
2023/05/29 22:18:07 Sent {"src":"n2","dest":"n1","body":{"counter":4,"message":24,"sender":"n3","type":"gossip"}}
2023/05/29 22:18:07 Received {n1 n2 {"counter":12,"message":25,"sender":"n0","type":"gossip"}}
2023/05/29 22:18:07 Sent {"src":"n2","dest":"n1","body":{"counter":12,"message":25,"sender":"n0","type":"gossip"}}
2023/05/29 22:18:07 Received {c12 n2 {"type":"read","msg_id":11}}
2023/05/29 22:18:07 Sent {"src":"n2","dest":"c12","body":{"in_reply_to":11,"messages":[0,0,1,2,3,3,4,5,6,7,8,8,9,10,11,11,12,12,13,14,15,16,17,18,19,20,21,22,23,24,25],"msg_id":11,"type":"read_ok"}}
2023/05/29 22:18:08 Received {n1 n2 {"counter":5,"message":26,"sender":"n3","type":"gossip"}}
2023/05/29 22:18:08 Sent {"src":"n2","dest":"n1","body":{"counter":5,"message":26,"sender":"n3","type":"gossip"}}
2023/05/29 22:18:08 Received {n1 n2 {"counter":4,"message":27,"sender":"n4","type":"gossip"}}
2023/05/29 22:18:08 Sent {"src":"n2","dest":"n1","body":{"counter":4,"message":27,"sender":"n4","type":"gossip"}}
2023/05/29 22:18:08 Received {n1 n2 {"counter":13,"message":28,"sender":"n0","type":"gossip"}}
2023/05/29 22:18:08 Sent {"src":"n2","dest":"n1","body":{"counter":13,"message":28,"sender":"n0","type":"gossip"}}
2023/05/29 22:18:08 Received {c12 n2 {"type":"read","msg_id":12}}
2023/05/29 22:18:08 Sent {"src":"n2","dest":"c12","body":{"in_reply_to":12,"messages":[0,0,1,2,3,3,4,5,6,7,8,8,9,10,11,11,12,12,13,14,15,16,17,18,19,20,21,22,23,24,25,26,27,28],"msg_id":12,"type":"read_ok"}}
2023/05/29 22:18:08 Received {n1 n2 {"counter":5,"message":29,"sender":"n4","type":"gossip"}}
2023/05/29 22:18:08 Sent {"src":"n2","dest":"n1","body":{"counter":5,"message":29,"sender":"n4","type":"gossip"}}
2023/05/29 22:18:08 Received {n1 n2 {"counter":14,"message":30,"sender":"n0","type":"gossip"}}
2023/05/29 22:18:08 Sent {"src":"n2","dest":"n1","body":{"counter":14,"message":30,"sender":"n0","type":"gossip"}}
2023/05/29 22:18:08 Received {n1 n2 {"counter":3,"message":31,"sender":"n1","type":"gossip"}}
2023/05/29 22:18:08 Sent {"src":"n2","dest":"n1","body":{"counter":3,"message":31,"sender":"n1","type":"gossip"}}
2023/05/29 22:18:08 Received {n1 n2 {"counter":3,"message":31,"sender":"n1","type":"gossip"}}
2023/05/29 22:18:08 Received {c12 n2 {"type":"read","msg_id":13}}
2023/05/29 22:18:08 Sent {"src":"n2","dest":"c12","body":{"in_reply_to":13,"messages":[0,0,1,2,3,3,4,5,6,7,8,8,9,10,11,11,12,12,13,14,15,16,17,18,19,20,21,22,23,24,25,26,27,28,29,30,31],"msg_id":13,"type":"read_ok"}}
2023/05/29 22:18:08 Received {n1 n2 {"counter":6,"message":32,"sender":"n3","type":"gossip"}}
2023/05/29 22:18:08 Sent {"src":"n2","dest":"n1","body":{"counter":6,"message":32,"sender":"n3","type":"gossip"}}
2023/05/29 22:18:08 Received {n1 n2 {"counter":6,"message":33,"sender":"n4","type":"gossip"}}
2023/05/29 22:18:08 Sent {"src":"n2","dest":"n1","body":{"counter":6,"message":33,"sender":"n4","type":"gossip"}}
2023/05/29 22:18:09 Received {c12 n2 {"type":"broadcast","message":34,"msg_id":14}}
2023/05/29 22:18:09 Sent {"src":"n2","dest":"n1","body":{"counter":6,"message":34,"sender":"n2","type":"gossip"}}
2023/05/29 22:18:09 Sent {"src":"n2","dest":"c12","body":{"in_reply_to":14,"type":"broadcast_ok"}}
2023/05/29 22:18:09 Received {n1 n2 {"counter":6,"message":34,"sender":"n2","type":"gossip"}}
2023/05/29 22:18:09 Sent {"src":"n2","dest":"n1","body":{"counter":6,"message":34,"sender":"n2","type":"gossip"}}
2023/05/29 22:18:09 Received {n1 n2 {"counter":7,"message":35,"sender":"n3","type":"gossip"}}
2023/05/29 22:18:09 Sent {"src":"n2","dest":"n1","body":{"counter":7,"message":35,"sender":"n3","type":"gossip"}}
2023/05/29 22:18:09 Received {n1 n2 {"counter":15,"message":36,"sender":"n0","type":"gossip"}}
2023/05/29 22:18:09 Sent {"src":"n2","dest":"n1","body":{"counter":15,"message":36,"sender":"n0","type":"gossip"}}
2023/05/29 22:18:09 Received {n1 n2 {"counter":16,"message":37,"sender":"n0","type":"gossip"}}
2023/05/29 22:18:09 Sent {"src":"n2","dest":"n1","body":{"counter":16,"message":37,"sender":"n0","type":"gossip"}}
2023/05/29 22:18:10 Received {n1 n2 {"counter":4,"message":38,"sender":"n1","type":"gossip"}}
2023/05/29 22:18:10 Sent {"src":"n2","dest":"n1","body":{"counter":4,"message":38,"sender":"n1","type":"gossip"}}
2023/05/29 22:18:10 Received {n1 n2 {"counter":4,"message":38,"sender":"n1","type":"gossip"}}
2023/05/29 22:18:10 Received {c12 n2 {"type":"read","msg_id":15}}
2023/05/29 22:18:10 Sent {"src":"n2","dest":"c12","body":{"in_reply_to":15,"messages":[0,0,1,2,3,3,4,5,6,7,8,8,9,10,11,11,12,12,13,14,15,16,17,18,19,20,21,22,23,24,25,26,27,28,29,30,31,32,33,34,34,35,36,37,38],"msg_id":15,"type":"read_ok"}}
2023/05/29 22:18:10 Received {n1 n2 {"counter":17,"message":39,"sender":"n0","type":"gossip"}}
2023/05/29 22:18:10 Sent {"src":"n2","dest":"n1","body":{"counter":17,"message":39,"sender":"n0","type":"gossip"}}
2023/05/29 22:18:10 Received {n1 n2 {"counter":5,"message":40,"sender":"n1","type":"gossip"}}
2023/05/29 22:18:10 Sent {"src":"n2","dest":"n1","body":{"counter":5,"message":40,"sender":"n1","type":"gossip"}}
2023/05/29 22:18:10 Received {n1 n2 {"counter":5,"message":40,"sender":"n1","type":"gossip"}}
2023/05/29 22:18:10 Received {c12 n2 {"type":"read","msg_id":16}}
2023/05/29 22:18:10 Sent {"src":"n2","dest":"c12","body":{"in_reply_to":16,"messages":[0,0,1,2,3,3,4,5,6,7,8,8,9,10,11,11,12,12,13,14,15,16,17,18,19,20,21,22,23,24,25,26,27,28,29,30,31,32,33,34,34,35,36,37,38,39,40],"msg_id":16,"type":"read_ok"}}
2023/05/29 22:18:11 Received {n1 n2 {"counter":18,"message":41,"sender":"n0","type":"gossip"}}
2023/05/29 22:18:11 Sent {"src":"n2","dest":"n1","body":{"counter":18,"message":41,"sender":"n0","type":"gossip"}}
2023/05/29 22:18:11 Received {n1 n2 {"counter":19,"message":42,"sender":"n0","type":"gossip"}}
2023/05/29 22:18:11 Sent {"src":"n2","dest":"n1","body":{"counter":19,"message":42,"sender":"n0","type":"gossip"}}
2023/05/29 22:18:11 Received {n1 n2 {"counter":6,"message":43,"sender":"n1","type":"gossip"}}
2023/05/29 22:18:11 Sent {"src":"n2","dest":"n1","body":{"counter":6,"message":43,"sender":"n1","type":"gossip"}}
2023/05/29 22:18:11 Received {n1 n2 {"counter":6,"message":43,"sender":"n1","type":"gossip"}}
2023/05/29 22:18:11 Received {c12 n2 {"type":"read","msg_id":17}}
2023/05/29 22:18:11 Sent {"src":"n2","dest":"c12","body":{"in_reply_to":17,"messages":[0,0,1,2,3,3,4,5,6,7,8,8,9,10,11,11,12,12,13,14,15,16,17,18,19,20,21,22,23,24,25,26,27,28,29,30,31,32,33,34,34,35,36,37,38,39,40,41,42,43],"msg_id":17,"type":"read_ok"}}
2023/05/29 22:18:11 Received {n1 n2 {"counter":7,"message":44,"sender":"n4","type":"gossip"}}
2023/05/29 22:18:11 Sent {"src":"n2","dest":"n1","body":{"counter":7,"message":44,"sender":"n4","type":"gossip"}}
2023/05/29 22:18:11 Received {n1 n2 {"counter":20,"message":45,"sender":"n0","type":"gossip"}}
2023/05/29 22:18:11 Sent {"src":"n2","dest":"n1","body":{"counter":20,"message":45,"sender":"n0","type":"gossip"}}
2023/05/29 22:18:11 Received {n1 n2 {"counter":21,"message":46,"sender":"n0","type":"gossip"}}
2023/05/29 22:18:11 Sent {"src":"n2","dest":"n1","body":{"counter":21,"message":46,"sender":"n0","type":"gossip"}}
2023/05/29 22:18:12 Received {n1 n2 {"counter":7,"message":47,"sender":"n1","type":"gossip"}}
2023/05/29 22:18:12 Sent {"src":"n2","dest":"n1","body":{"counter":7,"message":47,"sender":"n1","type":"gossip"}}
2023/05/29 22:18:12 Received {n1 n2 {"counter":7,"message":47,"sender":"n1","type":"gossip"}}
2023/05/29 22:18:12 Received {c12 n2 {"type":"read","msg_id":18}}
2023/05/29 22:18:12 Sent {"src":"n2","dest":"c12","body":{"in_reply_to":18,"messages":[0,0,1,2,3,3,4,5,6,7,8,8,9,10,11,11,12,12,13,14,15,16,17,18,19,20,21,22,23,24,25,26,27,28,29,30,31,32,33,34,34,35,36,37,38,39,40,41,42,43,44,45,46,47],"msg_id":18,"type":"read_ok"}}
2023/05/29 22:18:12 Received {n1 n2 {"counter":22,"message":48,"sender":"n0","type":"gossip"}}
2023/05/29 22:18:12 Sent {"src":"n2","dest":"n1","body":{"counter":22,"message":48,"sender":"n0","type":"gossip"}}
2023/05/29 22:18:12 Received {n1 n2 {"counter":8,"message":49,"sender":"n1","type":"gossip"}}
2023/05/29 22:18:12 Sent {"src":"n2","dest":"n1","body":{"counter":8,"message":49,"sender":"n1","type":"gossip"}}
2023/05/29 22:18:12 Received {n1 n2 {"counter":8,"message":49,"sender":"n1","type":"gossip"}}
2023/05/29 22:18:12 Received {c12 n2 {"type":"broadcast","message":50,"msg_id":19}}
2023/05/29 22:18:12 Sent {"src":"n2","dest":"n1","body":{"counter":7,"message":50,"sender":"n2","type":"gossip"}}
2023/05/29 22:18:12 Sent {"src":"n2","dest":"c12","body":{"in_reply_to":19,"type":"broadcast_ok"}}
2023/05/29 22:18:12 Received {n1 n2 {"counter":7,"message":50,"sender":"n2","type":"gossip"}}
2023/05/29 22:18:12 Sent {"src":"n2","dest":"n1","body":{"counter":7,"message":50,"sender":"n2","type":"gossip"}}
2023/05/29 22:18:12 Received {n1 n2 {"counter":8,"message":51,"sender":"n4","type":"gossip"}}
2023/05/29 22:18:12 Sent {"src":"n2","dest":"n1","body":{"counter":8,"message":51,"sender":"n4","type":"gossip"}}
2023/05/29 22:18:12 Received {n1 n2 {"counter":23,"message":52,"sender":"n0","type":"gossip"}}
2023/05/29 22:18:12 Sent {"src":"n2","dest":"n1","body":{"counter":23,"message":52,"sender":"n0","type":"gossip"}}
2023/05/29 22:18:13 Received {c12 n2 {"type":"broadcast","message":53,"msg_id":20}}
2023/05/29 22:18:13 Sent {"src":"n2","dest":"n1","body":{"counter":8,"message":53,"sender":"n2","type":"gossip"}}
2023/05/29 22:18:13 Sent {"src":"n2","dest":"c12","body":{"in_reply_to":20,"type":"broadcast_ok"}}
2023/05/29 22:18:13 Received {n1 n2 {"counter":8,"message":53,"sender":"n2","type":"gossip"}}
2023/05/29 22:18:13 Sent {"src":"n2","dest":"n1","body":{"counter":8,"message":53,"sender":"n2","type":"gossip"}}
2023/05/29 22:18:13 Received {n1 n2 {"counter":8,"message":54,"sender":"n3","type":"gossip"}}
2023/05/29 22:18:13 Sent {"src":"n2","dest":"n1","body":{"counter":8,"message":54,"sender":"n3","type":"gossip"}}
2023/05/29 22:18:13 Received {n1 n2 {"counter":9,"message":55,"sender":"n4","type":"gossip"}}
2023/05/29 22:18:13 Sent {"src":"n2","dest":"n1","body":{"counter":9,"message":55,"sender":"n4","type":"gossip"}}
2023/05/29 22:18:13 Received {n1 n2 {"counter":24,"message":56,"sender":"n0","type":"gossip"}}
2023/05/29 22:18:13 Sent {"src":"n2","dest":"n1","body":{"counter":24,"message":56,"sender":"n0","type":"gossip"}}
2023/05/29 22:18:13 Received {n1 n2 {"counter":9,"message":57,"sender":"n1","type":"gossip"}}
2023/05/29 22:18:13 Sent {"src":"n2","dest":"n1","body":{"counter":9,"message":57,"sender":"n1","type":"gossip"}}
2023/05/29 22:18:13 Received {n1 n2 {"counter":9,"message":57,"sender":"n1","type":"gossip"}}
2023/05/29 22:18:13 Received {c12 n2 {"type":"read","msg_id":21}}
2023/05/29 22:18:13 Sent {"src":"n2","dest":"c12","body":{"in_reply_to":21,"messages":[0,0,1,2,3,3,4,5,6,7,8,8,9,10,11,11,12,12,13,14,15,16,17,18,19,20,21,22,23,24,25,26,27,28,29,30,31,32,33,34,34,35,36,37,38,39,40,41,42,43,44,45,46,47,48,49,50,50,51,52,53,53,54,55,56,57],"msg_id":21,"type":"read_ok"}}
2023/05/29 22:18:14 Received {n1 n2 {"counter":10,"message":58,"sender":"n4","type":"gossip"}}
2023/05/29 22:18:14 Sent {"src":"n2","dest":"n1","body":{"counter":10,"message":58,"sender":"n4","type":"gossip"}}
2023/05/29 22:18:14 Received {n1 n2 {"counter":25,"message":59,"sender":"n0","type":"gossip"}}
2023/05/29 22:18:14 Sent {"src":"n2","dest":"n1","body":{"counter":25,"message":59,"sender":"n0","type":"gossip"}}
2023/05/29 22:18:14 Received {n1 n2 {"counter":10,"message":60,"sender":"n1","type":"gossip"}}
2023/05/29 22:18:14 Sent {"src":"n2","dest":"n1","body":{"counter":10,"message":60,"sender":"n1","type":"gossip"}}
2023/05/29 22:18:14 Received {n1 n2 {"counter":10,"message":60,"sender":"n1","type":"gossip"}}
2023/05/29 22:18:14 Received {c12 n2 {"type":"read","msg_id":22}}
2023/05/29 22:18:14 Sent {"src":"n2","dest":"c12","body":{"in_reply_to":22,"messages":[0,0,1,2,3,3,4,5,6,7,8,8,9,10,11,11,12,12,13,14,15,16,17,18,19,20,21,22,23,24,25,26,27,28,29,30,31,32,33,34,34,35,36,37,38,39,40,41,42,43,44,45,46,47,48,49,50,50,51,52,53,53,54,55,56,57,58,59,60],"msg_id":22,"type":"read_ok"}}
2023/05/29 22:18:14 Received {n1 n2 {"counter":9,"message":61,"sender":"n3","type":"gossip"}}
2023/05/29 22:18:14 Sent {"src":"n2","dest":"n1","body":{"counter":9,"message":61,"sender":"n3","type":"gossip"}}
2023/05/29 22:18:15 Received {n1 n2 {"counter":11,"message":62,"sender":"n4","type":"gossip"}}
2023/05/29 22:18:15 Sent {"src":"n2","dest":"n1","body":{"counter":11,"message":62,"sender":"n4","type":"gossip"}}
2023/05/29 22:18:15 Received {n1 n2 {"counter":26,"message":63,"sender":"n0","type":"gossip"}}
2023/05/29 22:18:15 Sent {"src":"n2","dest":"n1","body":{"counter":26,"message":63,"sender":"n0","type":"gossip"}}
2023/05/29 22:18:15 Received {n1 n2 {"counter":27,"message":64,"sender":"n0","type":"gossip"}}
2023/05/29 22:18:15 Sent {"src":"n2","dest":"n1","body":{"counter":27,"message":64,"sender":"n0","type":"gossip"}}
2023/05/29 22:18:15 Received {n1 n2 {"counter":11,"message":65,"sender":"n1","type":"gossip"}}
2023/05/29 22:18:15 Sent {"src":"n2","dest":"n1","body":{"counter":11,"message":65,"sender":"n1","type":"gossip"}}
2023/05/29 22:18:15 Received {n1 n2 {"counter":11,"message":65,"sender":"n1","type":"gossip"}}
2023/05/29 22:18:15 Received {c12 n2 {"type":"read","msg_id":23}}
2023/05/29 22:18:15 Sent {"src":"n2","dest":"c12","body":{"in_reply_to":23,"messages":[0,0,1,2,3,3,4,5,6,7,8,8,9,10,11,11,12,12,13,14,15,16,17,18,19,20,21,22,23,24,25,26,27,28,29,30,31,32,33,34,34,35,36,37,38,39,40,41,42,43,44,45,46,47,48,49,50,50,51,52,53,53,54,55,56,57,58,59,60,61,62,63,64,65],"msg_id":23,"type":"read_ok"}}
2023/05/29 22:18:15 Received {n1 n2 {"counter":12,"message":66,"sender":"n4","type":"gossip"}}
2023/05/29 22:18:15 Sent {"src":"n2","dest":"n1","body":{"counter":12,"message":66,"sender":"n4","type":"gossip"}}
2023/05/29 22:18:15 Received {n1 n2 {"counter":28,"message":67,"sender":"n0","type":"gossip"}}
2023/05/29 22:18:15 Sent {"src":"n2","dest":"n1","body":{"counter":28,"message":67,"sender":"n0","type":"gossip"}}
2023/05/29 22:18:15 Received {n1 n2 {"counter":29,"message":68,"sender":"n0","type":"gossip"}}
2023/05/29 22:18:15 Sent {"src":"n2","dest":"n1","body":{"counter":29,"message":68,"sender":"n0","type":"gossip"}}
2023/05/29 22:18:15 Received {n1 n2 {"counter":12,"message":69,"sender":"n1","type":"gossip"}}
2023/05/29 22:18:15 Sent {"src":"n2","dest":"n1","body":{"counter":12,"message":69,"sender":"n1","type":"gossip"}}
2023/05/29 22:18:15 Received {n1 n2 {"counter":12,"message":69,"sender":"n1","type":"gossip"}}
2023/05/29 22:18:15 Received {c12 n2 {"type":"broadcast","message":70,"msg_id":24}}
2023/05/29 22:18:15 Sent {"src":"n2","dest":"n1","body":{"counter":9,"message":70,"sender":"n2","type":"gossip"}}
2023/05/29 22:18:15 Sent {"src":"n2","dest":"c12","body":{"in_reply_to":24,"type":"broadcast_ok"}}
2023/05/29 22:18:15 Received {n1 n2 {"counter":9,"message":70,"sender":"n2","type":"gossip"}}
2023/05/29 22:18:15 Sent {"src":"n2","dest":"n1","body":{"counter":9,"message":70,"sender":"n2","type":"gossip"}}
2023/05/29 22:18:15 Received {n1 n2 {"counter":10,"message":71,"sender":"n3","type":"gossip"}}
2023/05/29 22:18:15 Sent {"src":"n2","dest":"n1","body":{"counter":10,"message":71,"sender":"n3","type":"gossip"}}
2023/05/29 22:18:15 Received {n1 n2 {"counter":13,"message":72,"sender":"n4","type":"gossip"}}
2023/05/29 22:18:15 Sent {"src":"n2","dest":"n1","body":{"counter":13,"message":72,"sender":"n4","type":"gossip"}}
2023/05/29 22:18:15 Received {n1 n2 {"counter":30,"message":73,"sender":"n0","type":"gossip"}}
2023/05/29 22:18:15 Sent {"src":"n2","dest":"n1","body":{"counter":30,"message":73,"sender":"n0","type":"gossip"}}
2023/05/29 22:18:16 Received {c12 n2 {"type":"broadcast","message":74,"msg_id":25}}
2023/05/29 22:18:16 Sent {"src":"n2","dest":"n1","body":{"counter":10,"message":74,"sender":"n2","type":"gossip"}}
2023/05/29 22:18:16 Sent {"src":"n2","dest":"c12","body":{"in_reply_to":25,"type":"broadcast_ok"}}
2023/05/29 22:18:16 Received {n1 n2 {"counter":10,"message":74,"sender":"n2","type":"gossip"}}
2023/05/29 22:18:16 Sent {"src":"n2","dest":"n1","body":{"counter":10,"message":74,"sender":"n2","type":"gossip"}}
2023/05/29 22:18:16 Received {n1 n2 {"counter":31,"message":75,"sender":"n0","type":"gossip"}}
2023/05/29 22:18:16 Sent {"src":"n2","dest":"n1","body":{"counter":31,"message":75,"sender":"n0","type":"gossip"}}
2023/05/29 22:18:16 Received {n1 n2 {"counter":13,"message":76,"sender":"n1","type":"gossip"}}
2023/05/29 22:18:16 Sent {"src":"n2","dest":"n1","body":{"counter":13,"message":76,"sender":"n1","type":"gossip"}}
2023/05/29 22:18:16 Received {n1 n2 {"counter":13,"message":76,"sender":"n1","type":"gossip"}}
2023/05/29 22:18:16 Received {c12 n2 {"type":"read","msg_id":26}}
2023/05/29 22:18:16 Sent {"src":"n2","dest":"c12","body":{"in_reply_to":26,"messages":[0,0,1,2,3,3,4,5,6,7,8,8,9,10,11,11,12,12,13,14,15,16,17,18,19,20,21,22,23,24,25,26,27,28,29,30,31,32,33,34,34,35,36,37,38,39,40,41,42,43,44,45,46,47,48,49,50,50,51,52,53,53,54,55,56,57,58,59,60,61,62,63,64,65,66,67,68,69,70,70,71,72,73,74,74,75,76],"msg_id":26,"type":"read_ok"}}
2023/05/29 22:18:16 Received {n1 n2 {"counter":11,"message":77,"sender":"n3","type":"gossip"}}
2023/05/29 22:18:16 Sent {"src":"n2","dest":"n1","body":{"counter":11,"message":77,"sender":"n3","type":"gossip"}}
2023/05/29 22:18:17 Received {n1 n2 {"counter":32,"message":78,"sender":"n0","type":"gossip"}}
2023/05/29 22:18:17 Sent {"src":"n2","dest":"n1","body":{"counter":32,"message":78,"sender":"n0","type":"gossip"}}
2023/05/29 22:18:17 Received {n1 n2 {"counter":14,"message":79,"sender":"n1","type":"gossip"}}
2023/05/29 22:18:17 Sent {"src":"n2","dest":"n1","body":{"counter":14,"message":79,"sender":"n1","type":"gossip"}}
2023/05/29 22:18:17 Received {n1 n2 {"counter":14,"message":79,"sender":"n1","type":"gossip"}}
2023/05/29 22:18:17 Received {c12 n2 {"type":"broadcast","message":80,"msg_id":27}}
2023/05/29 22:18:17 Sent {"src":"n2","dest":"n1","body":{"counter":11,"message":80,"sender":"n2","type":"gossip"}}
2023/05/29 22:18:17 Sent {"src":"n2","dest":"c12","body":{"in_reply_to":27,"type":"broadcast_ok"}}
2023/05/29 22:18:17 Received {n1 n2 {"counter":11,"message":80,"sender":"n2","type":"gossip"}}
2023/05/29 22:18:17 Sent {"src":"n2","dest":"n1","body":{"counter":11,"message":80,"sender":"n2","type":"gossip"}}
2023/05/29 22:18:17 Received {n1 n2 {"counter":12,"message":81,"sender":"n3","type":"gossip"}}
2023/05/29 22:18:17 Sent {"src":"n2","dest":"n1","body":{"counter":12,"message":81,"sender":"n3","type":"gossip"}}
2023/05/29 22:18:17 Received {n1 n2 {"counter":14,"message":82,"sender":"n4","type":"gossip"}}
2023/05/29 22:18:17 Sent {"src":"n2","dest":"n1","body":{"counter":14,"message":82,"sender":"n4","type":"gossip"}}
2023/05/29 22:18:17 Received {n1 n2 {"counter":33,"message":83,"sender":"n0","type":"gossip"}}
2023/05/29 22:18:17 Sent {"src":"n2","dest":"n1","body":{"counter":33,"message":83,"sender":"n0","type":"gossip"}}
2023/05/29 22:18:18 Received {n1 n2 {"counter":34,"message":84,"sender":"n0","type":"gossip"}}
2023/05/29 22:18:18 Sent {"src":"n2","dest":"n1","body":{"counter":34,"message":84,"sender":"n0","type":"gossip"}}
2023/05/29 22:18:18 Received {n1 n2 {"counter":15,"message":85,"sender":"n1","type":"gossip"}}
2023/05/29 22:18:18 Sent {"src":"n2","dest":"n1","body":{"counter":15,"message":85,"sender":"n1","type":"gossip"}}
2023/05/29 22:18:18 Received {n1 n2 {"counter":15,"message":85,"sender":"n1","type":"gossip"}}
2023/05/29 22:18:18 Received {c12 n2 {"type":"broadcast","message":86,"msg_id":28}}
2023/05/29 22:18:18 Sent {"src":"n2","dest":"n1","body":{"counter":12,"message":86,"sender":"n2","type":"gossip"}}
2023/05/29 22:18:18 Sent {"src":"n2","dest":"c12","body":{"in_reply_to":28,"type":"broadcast_ok"}}
2023/05/29 22:18:18 Received {n1 n2 {"counter":12,"message":86,"sender":"n2","type":"gossip"}}
2023/05/29 22:18:18 Sent {"src":"n2","dest":"n1","body":{"counter":12,"message":86,"sender":"n2","type":"gossip"}}
2023/05/29 22:18:18 Received {n1 n2 {"counter":35,"message":87,"sender":"n0","type":"gossip"}}
2023/05/29 22:18:18 Sent {"src":"n2","dest":"n1","body":{"counter":35,"message":87,"sender":"n0","type":"gossip"}}
2023/05/29 22:18:18 Received {n1 n2 {"counter":16,"message":88,"sender":"n1","type":"gossip"}}
2023/05/29 22:18:18 Sent {"src":"n2","dest":"n1","body":{"counter":16,"message":88,"sender":"n1","type":"gossip"}}
2023/05/29 22:18:18 Received {n1 n2 {"counter":16,"message":88,"sender":"n1","type":"gossip"}}
2023/05/29 22:18:18 Received {c12 n2 {"type":"broadcast","message":89,"msg_id":29}}
2023/05/29 22:18:18 Sent {"src":"n2","dest":"n1","body":{"counter":13,"message":89,"sender":"n2","type":"gossip"}}
2023/05/29 22:18:18 Sent {"src":"n2","dest":"c12","body":{"in_reply_to":29,"type":"broadcast_ok"}}
2023/05/29 22:18:18 Received {n1 n2 {"counter":13,"message":89,"sender":"n2","type":"gossip"}}
2023/05/29 22:18:18 Sent {"src":"n2","dest":"n1","body":{"counter":13,"message":89,"sender":"n2","type":"gossip"}}
2023/05/29 22:18:18 Received {n1 n2 {"counter":13,"message":90,"sender":"n3","type":"gossip"}}
2023/05/29 22:18:18 Sent {"src":"n2","dest":"n1","body":{"counter":13,"message":90,"sender":"n3","type":"gossip"}}
2023/05/29 22:18:19 Received {n1 n2 {"counter":17,"message":91,"sender":"n1","type":"gossip"}}
2023/05/29 22:18:19 Sent {"src":"n2","dest":"n1","body":{"counter":17,"message":91,"sender":"n1","type":"gossip"}}
2023/05/29 22:18:19 Received {n1 n2 {"counter":17,"message":91,"sender":"n1","type":"gossip"}}
2023/05/29 22:18:19 Received {c12 n2 {"type":"broadcast","message":92,"msg_id":30}}
2023/05/29 22:18:19 Sent {"src":"n2","dest":"n1","body":{"counter":14,"message":92,"sender":"n2","type":"gossip"}}
2023/05/29 22:18:19 Sent {"src":"n2","dest":"c12","body":{"in_reply_to":30,"type":"broadcast_ok"}}
2023/05/29 22:18:19 Received {n1 n2 {"counter":14,"message":92,"sender":"n2","type":"gossip"}}
2023/05/29 22:18:19 Sent {"src":"n2","dest":"n1","body":{"counter":14,"message":92,"sender":"n2","type":"gossip"}}
2023/05/29 22:18:19 Received {n1 n2 {"counter":15,"message":93,"sender":"n4","type":"gossip"}}
2023/05/29 22:18:19 Sent {"src":"n2","dest":"n1","body":{"counter":15,"message":93,"sender":"n4","type":"gossip"}}
2023/05/29 22:18:19 Received {n1 n2 {"counter":36,"message":94,"sender":"n0","type":"gossip"}}
2023/05/29 22:18:19 Sent {"src":"n2","dest":"n1","body":{"counter":36,"message":94,"sender":"n0","type":"gossip"}}
2023/05/29 22:18:19 Received {n1 n2 {"counter":37,"message":95,"sender":"n0","type":"gossip"}}
2023/05/29 22:18:19 Sent {"src":"n2","dest":"n1","body":{"counter":37,"message":95,"sender":"n0","type":"gossip"}}
2023/05/29 22:18:20 Received {c12 n2 {"type":"read","msg_id":31}}
2023/05/29 22:18:20 Sent {"src":"n2","dest":"c12","body":{"in_reply_to":31,"messages":[0,0,1,2,3,3,4,5,6,7,8,8,9,10,11,11,12,12,13,14,15,16,17,18,19,20,21,22,23,24,25,26,27,28,29,30,31,32,33,34,34,35,36,37,38,39,40,41,42,43,44,45,46,47,48,49,50,50,51,52,53,53,54,55,56,57,58,59,60,61,62,63,64,65,66,67,68,69,70,70,71,72,73,74,74,75,76,77,78,79,80,80,81,82,83,84,85,86,86,87,88,89,89,90,91,92,92,93,94,95],"msg_id":31,"type":"read_ok"}}
2023/05/29 22:18:20 Received {n1 n2 {"counter":16,"message":96,"sender":"n4","type":"gossip"}}
2023/05/29 22:18:20 Sent {"src":"n2","dest":"n1","body":{"counter":16,"message":96,"sender":"n4","type":"gossip"}}
2023/05/29 22:18:20 Received {n1 n2 {"counter":38,"message":97,"sender":"n0","type":"gossip"}}
2023/05/29 22:18:20 Sent {"src":"n2","dest":"n1","body":{"counter":38,"message":97,"sender":"n0","type":"gossip"}}
2023/05/29 22:18:20 Received {n1 n2 {"counter":18,"message":98,"sender":"n1","type":"gossip"}}
2023/05/29 22:18:20 Sent {"src":"n2","dest":"n1","body":{"counter":18,"message":98,"sender":"n1","type":"gossip"}}
2023/05/29 22:18:20 Received {n1 n2 {"counter":18,"message":98,"sender":"n1","type":"gossip"}}
2023/05/29 22:18:20 Received {c12 n2 {"type":"broadcast","message":99,"msg_id":32}}
2023/05/29 22:18:20 Sent {"src":"n2","dest":"n1","body":{"counter":15,"message":99,"sender":"n2","type":"gossip"}}
2023/05/29 22:18:20 Sent {"src":"n2","dest":"c12","body":{"in_reply_to":32,"type":"broadcast_ok"}}
2023/05/29 22:18:20 Received {n1 n2 {"counter":15,"message":99,"sender":"n2","type":"gossip"}}
2023/05/29 22:18:20 Sent {"src":"n2","dest":"n1","body":{"counter":15,"message":99,"sender":"n2","type":"gossip"}}
2023/05/29 22:18:21 Received {n1 n2 {"counter":17,"message":100,"sender":"n4","type":"gossip"}}
2023/05/29 22:18:21 Sent {"src":"n2","dest":"n1","body":{"counter":17,"message":100,"sender":"n4","type":"gossip"}}
2023/05/29 22:18:31 Received {c12 n2 {"type":"read","msg_id":33}}
2023/05/29 22:18:31 Sent {"src":"n2","dest":"c12","body":{"in_reply_to":33,"messages":[0,0,1,2,3,3,4,5,6,7,8,8,9,10,11,11,12,12,13,14,15,16,17,18,19,20,21,22,23,24,25,26,27,28,29,30,31,32,33,34,34,35,36,37,38,39,40,41,42,43,44,45,46,47,48,49,50,50,51,52,53,53,54,55,56,57,58,59,60,61,62,63,64,65,66,67,68,69,70,70,71,72,73,74,74,75,76,77,78,79,80,80,81,82,83,84,85,86,86,87,88,89,89,90,91,92,92,93,94,95,96,97,98,99,99,100],"msg_id":33,"type":"read_ok"}}
