2023-05-30 00:40:49,301{GMT}	INFO	[jepsen test runner] jepsen.core: Command line:
lein run test -w broadcast --bin /Users/adicardrz/go/bin/maelstrom-broadcast --node-count 5 --time-limit 20 --rate 10 --nemesis partition
2023-05-30 00:40:49,395{GMT}	INFO	[jepsen test runner] jepsen.core: Running test:
{:args []
 :remote
 #jepsen.control.retry.Remote{:remote #jepsen.control.scp.Remote{:cmd-remote #jepsen.control.sshj.SSHJRemote{:concurrency-limit 6,
                                                                                                             :conn-spec nil,
                                                                                                             :client nil,
                                                                                                             :semaphore nil},
                                                                 :conn-spec nil},
                              :conn nil}
 :log-net-send false
 :node-count 5
 :availability nil
 :max-txn-length 4
 :concurrency 5
 :db
 #object[maelstrom.db$db$reify__16142
         "0x60035f1e"
         "maelstrom.db$db$reify__16142@60035f1e"]
 :max-writes-per-key 16
 :leave-db-running? false
 :name "broadcast"
 :logging-json? false
 :start-time
 #object[org.joda.time.DateTime "0x2459715c" "2023-05-30T00:40:49.263+02:00"]
 :nemesis-interval 10
 :net
 #object[maelstrom.net$jepsen_net$reify__15251
         "0x401e36ab"
         "maelstrom.net$jepsen_net$reify__15251@401e36ab"]
 :client
 #object[maelstrom.workload.broadcast$client$reify__16644
         "0x4ce66169"
         "maelstrom.workload.broadcast$client$reify__16644@4ce66169"]
 :barrier
 #object[java.util.concurrent.CyclicBarrier
         "0x53d0cf4d"
         "java.util.concurrent.CyclicBarrier@53d0cf4d"]
 :log-stderr false
 :pure-generators true
 :ssh {:dummy? true}
 :rate 10.0
 :checker
 #object[jepsen.checker$compose$reify__11881
         "0x3c6c87fa"
         "jepsen.checker$compose$reify__11881@3c6c87fa"]
 :argv
 ("test"
  "-w"
  "broadcast"
  "--bin"
  "/Users/adicardrz/go/bin/maelstrom-broadcast"
  "--node-count"
  "5"
  "--time-limit"
  "20"
  "--rate"
  "10"
  "--nemesis"
  "partition")
 :nemesis
 (jepsen.nemesis.ReflCompose
  {:fm {:start-partition 0,
        :stop-partition 0,
        :kill 1,
        :start 1,
        :pause 1,
        :resume 1},
   :nemeses [#unprintable "jepsen.nemesis.combined$partition_nemesis$reify__16416@d7645b2"
             #unprintable "jepsen.nemesis.combined$db_nemesis$reify__16397@72e4905c"]})
 :nodes ["n0" "n1" "n2" "n3" "n4"]
 :test-count 1
 :latency {:mean 0, :dist :constant}
 :bin "/Users/adicardrz/go/bin/maelstrom-broadcast"
 :generator
 ((jepsen.generator.Synchronize
   {:gen (jepsen.generator.TimeLimit
          {:limit 20000000000,
           :cutoff nil,
           :gen (jepsen.generator.Any
                 {:gens [(jepsen.generator.OnThreads
                          {:f #{:nemesis},
                           :context-filter #object[jepsen.generator.context$make_thread_filter$lazy_filter__9167
                                                   "0x383c94ed"
                                                   "jepsen.generator.context$make_thread_filter$lazy_filter__9167@383c94ed"],
                           :gen (jepsen.generator.Stagger
                                 {:dt 20000000000,
                                  :next-time nil,
                                  :gen (jepsen.generator.FlipFlop
                                        {:gens [#object[jepsen.nemesis.combined$partition_package$start__16420
                                                        "0x293ccbdd"
                                                        "jepsen.nemesis.combined$partition_package$start__16420@293ccbdd"]
                                                ({:type :info,
                                                  :f :stop-partition,
                                                  :value nil}
                                                 {:type :info,
                                                  :f :stop-partition,
                                                  :value nil}
                                                 {:type :info,
                                                  :f :stop-partition,
                                                  :value nil}
                                                 {:type :info,
                                                  :f :stop-partition,
                                                  :value nil}
                                                 {:type :info,
                                                  :f :stop-partition,
                                                  :value nil}
                                                 {:type :info,
                                                  :f :stop-partition,
                                                  :value nil}
                                                 {:type :info,
                                                  :f :stop-partition,
                                                  :value nil}
                                                 {:type :info,
                                                  :f :stop-partition,
                                                  :value nil}
                                                 ...)],
                                         :i 0})})})
                         (jepsen.generator.OnThreads
                          {:f #jepsen.generator.context.AllBut{:element :nemesis},
                           :context-filter #object[jepsen.generator.context$make_thread_filter$lazy_filter__9167
                                                   "0x474a63d9"
                                                   "jepsen.generator.context$make_thread_filter$lazy_filter__9167@474a63d9"],
                           :gen (jepsen.generator.Stagger
                                 {:dt 200000000,
                                  :next-time nil,
                                  :gen (jepsen.generator.Mix
                                        {:i 0,
                                         :gens [({:f :broadcast, :value 0}
                                                 {:f :broadcast, :value 1}
                                                 {:f :broadcast, :value 2}
                                                 {:f :broadcast, :value 3}
                                                 {:f :broadcast, :value 4}
                                                 {:f :broadcast, :value 5}
                                                 {:f :broadcast, :value 6}
                                                 {:f :broadcast, :value 7}
                                                 ...)
                                                ({:f :read}
                                                 {:f :read}
                                                 {:f :read}
                                                 {:f :read}
                                                 {:f :read}
                                                 {:f :read}
                                                 {:f :read}
                                                 {:f :read}
                                                 ...)]})})})]})})})
  (jepsen.generator.Synchronize
   {:gen (jepsen.generator.OnThreads
          {:f #{:nemesis},
           :context-filter #object[jepsen.generator.context$make_thread_filter$lazy_filter__9167
                                   "0x1b8d0c21"
                                   "jepsen.generator.context$make_thread_filter$lazy_filter__9167@1b8d0c21"],
           :gen ({:type :info, :f :stop-partition, :value nil})})})
  (jepsen.generator.Synchronize
   {:gen {:type :log, :value "Waiting for recovery..."}})
  (jepsen.generator.Synchronize {:gen {:type :sleep, :value 10}})
  (jepsen.generator.Synchronize
   {:gen (jepsen.generator.OnThreads
          {:f #jepsen.generator.context.AllBut{:element :nemesis},
           :context-filter #object[jepsen.generator.context$make_thread_filter$lazy_filter__9167
                                   "0x54a04eae"
                                   "jepsen.generator.context$make_thread_filter$lazy_filter__9167@54a04eae"],
           :gen (jepsen.generator.EachThread
                 {:fresh-gen {:f :read, :final? true},
                  :context-filters #object[clojure.core$promise$reify__8591
                                           "0x4664fef"
                                           {:status :pending, :val nil}],
                  :gens {}})})}))
 :log-net-recv false
 :os
 #object[maelstrom.net$jepsen_os$reify__15254
         "0x1026a011"
         "maelstrom.net$jepsen_os$reify__15254@1026a011"]
 :time-limit 20
 :workload :broadcast
 :consistency-models [:strict-serializable]
 :topology :grid}

2023-05-30 00:40:51,611{GMT}	INFO	[jepsen node n0] maelstrom.net: Starting Maelstrom network
2023-05-30 00:40:51,612{GMT}	INFO	[jepsen test runner] jepsen.db: Tearing down DB
2023-05-30 00:40:51,615{GMT}	INFO	[jepsen test runner] jepsen.db: Setting up DB
2023-05-30 00:40:51,616{GMT}	INFO	[jepsen node n1] maelstrom.db: Setting up n1
2023-05-30 00:40:51,616{GMT}	INFO	[jepsen node n2] maelstrom.db: Setting up n2
2023-05-30 00:40:51,617{GMT}	INFO	[jepsen node n2] maelstrom.process: launching /Users/adicardrz/go/bin/maelstrom-broadcast []
2023-05-30 00:40:51,617{GMT}	INFO	[jepsen node n1] maelstrom.process: launching /Users/adicardrz/go/bin/maelstrom-broadcast []
2023-05-30 00:40:51,617{GMT}	INFO	[jepsen node n3] maelstrom.db: Setting up n3
2023-05-30 00:40:51,618{GMT}	INFO	[jepsen node n0] maelstrom.service: Starting services: (lin-kv lin-tso lww-kv seq-kv)
2023-05-30 00:40:51,618{GMT}	INFO	[jepsen node n3] maelstrom.process: launching /Users/adicardrz/go/bin/maelstrom-broadcast []
2023-05-30 00:40:51,618{GMT}	INFO	[jepsen node n4] maelstrom.db: Setting up n4
2023-05-30 00:40:51,620{GMT}	INFO	[jepsen node n4] maelstrom.process: launching /Users/adicardrz/go/bin/maelstrom-broadcast []
2023-05-30 00:40:51,622{GMT}	INFO	[jepsen node n0] maelstrom.db: Setting up n0
2023-05-30 00:40:51,623{GMT}	INFO	[jepsen node n0] maelstrom.process: launching /Users/adicardrz/go/bin/maelstrom-broadcast []
2023-05-30 00:40:51,891{GMT}	INFO	[jepsen test runner] jepsen.core: Relative time begins now
2023-05-30 00:40:51,914{GMT}	INFO	[jepsen worker 0] jepsen.util: 0	:invoke	:broadcast	0
2023-05-30 00:40:51,915{GMT}	INFO	[jepsen worker nemesis] jepsen.util: :nemesis	:info	:start-partition	:majorities-ring
2023-05-30 00:40:51,918{GMT}	INFO	[jepsen worker 0] jepsen.util: 0	:ok	:broadcast	0
2023-05-30 00:40:51,937{GMT}	INFO	[jepsen worker nemesis] jepsen.util: :nemesis	:info	:start-partition	[:isolated {"n0" #{"n2" "n1"}, "n3" #{"n2" "n4"}, "n1" #{"n4" "n0"}, "n2" #{"n0" "n3"}, "n4" #{"n1" "n3"}}]
2023-05-30 00:40:52,113{GMT}	INFO	[jepsen worker 2] jepsen.util: 2	:invoke	:read	nil
2023-05-30 00:40:52,116{GMT}	INFO	[jepsen worker 2] jepsen.util: 2	:ok	:read	[0]
2023-05-30 00:40:52,189{GMT}	INFO	[jepsen worker 3] jepsen.util: 3	:invoke	:broadcast	1
2023-05-30 00:40:52,194{GMT}	INFO	[jepsen worker 3] jepsen.util: 3	:ok	:broadcast	1
2023-05-30 00:40:52,219{GMT}	INFO	[jepsen worker 4] jepsen.util: 4	:invoke	:read	nil
2023-05-30 00:40:52,221{GMT}	INFO	[jepsen worker 4] jepsen.util: 4	:ok	:read	[0]
2023-05-30 00:40:52,272{GMT}	INFO	[jepsen worker 0] jepsen.util: 0	:invoke	:broadcast	2
2023-05-30 00:40:52,273{GMT}	INFO	[jepsen worker 0] jepsen.util: 0	:ok	:broadcast	2
2023-05-30 00:40:52,397{GMT}	INFO	[jepsen worker 0] jepsen.util: 0	:invoke	:broadcast	3
2023-05-30 00:40:52,398{GMT}	INFO	[jepsen worker 0] jepsen.util: 0	:ok	:broadcast	3
2023-05-30 00:40:52,570{GMT}	INFO	[jepsen worker 1] jepsen.util: 1	:invoke	:broadcast	4
2023-05-30 00:40:52,572{GMT}	INFO	[jepsen worker 1] jepsen.util: 1	:ok	:broadcast	4
2023-05-30 00:40:52,752{GMT}	INFO	[jepsen worker 2] jepsen.util: 2	:invoke	:read	nil
2023-05-30 00:40:52,755{GMT}	INFO	[jepsen worker 2] jepsen.util: 2	:ok	:read	[0 4]
2023-05-30 00:40:52,764{GMT}	INFO	[jepsen worker 3] jepsen.util: 3	:invoke	:broadcast	5
2023-05-30 00:40:52,766{GMT}	INFO	[jepsen worker 3] jepsen.util: 3	:ok	:broadcast	5
2023-05-30 00:40:52,939{GMT}	INFO	[jepsen worker 4] jepsen.util: 4	:invoke	:broadcast	6
2023-05-30 00:40:52,940{GMT}	INFO	[jepsen worker 4] jepsen.util: 4	:ok	:broadcast	6
2023-05-30 00:40:53,124{GMT}	INFO	[jepsen worker 0] jepsen.util: 0	:invoke	:read	nil
2023-05-30 00:40:53,126{GMT}	INFO	[jepsen worker 0] jepsen.util: 0	:ok	:read	[0 0 1 2 2 3 3 5]
2023-05-30 00:40:53,204{GMT}	INFO	[jepsen worker 0] jepsen.util: 0	:invoke	:read	nil
2023-05-30 00:40:53,206{GMT}	INFO	[jepsen worker 0] jepsen.util: 0	:ok	:read	[0 0 1 2 2 3 3 5]
2023-05-30 00:40:53,258{GMT}	INFO	[jepsen worker 1] jepsen.util: 1	:invoke	:broadcast	7
2023-05-30 00:40:53,260{GMT}	INFO	[jepsen worker 1] jepsen.util: 1	:ok	:broadcast	7
2023-05-30 00:40:53,422{GMT}	INFO	[jepsen worker 2] jepsen.util: 2	:invoke	:read	nil
2023-05-30 00:40:53,423{GMT}	INFO	[jepsen worker 2] jepsen.util: 2	:ok	:read	[0 4 7]
2023-05-30 00:40:53,508{GMT}	INFO	[jepsen worker 3] jepsen.util: 3	:invoke	:read	nil
2023-05-30 00:40:53,510{GMT}	INFO	[jepsen worker 3] jepsen.util: 3	:ok	:read	[0 1 1 2 3 5 5]
2023-05-30 00:40:53,523{GMT}	INFO	[jepsen worker 4] jepsen.util: 4	:invoke	:read	nil
2023-05-30 00:40:53,525{GMT}	INFO	[jepsen worker 4] jepsen.util: 4	:ok	:read	[0 6]
2023-05-30 00:40:53,715{GMT}	INFO	[jepsen worker 0] jepsen.util: 0	:invoke	:broadcast	8
2023-05-30 00:40:53,717{GMT}	INFO	[jepsen worker 0] jepsen.util: 0	:ok	:broadcast	8
2023-05-30 00:40:53,886{GMT}	INFO	[jepsen worker 0] jepsen.util: 0	:invoke	:broadcast	9
2023-05-30 00:40:53,887{GMT}	INFO	[jepsen worker 0] jepsen.util: 0	:ok	:broadcast	9
2023-05-30 00:40:53,923{GMT}	INFO	[jepsen worker 1] jepsen.util: 1	:invoke	:read	nil
2023-05-30 00:40:53,926{GMT}	INFO	[jepsen worker 1] jepsen.util: 1	:ok	:read	[0 4 4 7 7]
2023-05-30 00:40:53,963{GMT}	INFO	[jepsen worker 2] jepsen.util: 2	:invoke	:read	nil
2023-05-30 00:40:53,965{GMT}	INFO	[jepsen worker 2] jepsen.util: 2	:ok	:read	[0 4 7]
2023-05-30 00:40:54,119{GMT}	INFO	[jepsen worker 3] jepsen.util: 3	:invoke	:read	nil
2023-05-30 00:40:54,121{GMT}	INFO	[jepsen worker 3] jepsen.util: 3	:ok	:read	[0 1 1 2 3 5 5 8 9]
2023-05-30 00:40:54,200{GMT}	INFO	[jepsen worker 4] jepsen.util: 4	:invoke	:read	nil
2023-05-30 00:40:54,202{GMT}	INFO	[jepsen worker 4] jepsen.util: 4	:ok	:read	[0 6]
2023-05-30 00:40:54,210{GMT}	INFO	[jepsen worker 0] jepsen.util: 0	:invoke	:read	nil
2023-05-30 00:40:54,211{GMT}	INFO	[jepsen worker 0] jepsen.util: 0	:ok	:read	[0 0 1 2 2 3 3 5 8 8 9 9]
2023-05-30 00:40:54,265{GMT}	INFO	[jepsen worker 0] jepsen.util: 0	:invoke	:read	nil
2023-05-30 00:40:54,267{GMT}	INFO	[jepsen worker 0] jepsen.util: 0	:ok	:read	[0 0 1 2 2 3 3 5 8 8 9 9]
2023-05-30 00:40:54,293{GMT}	INFO	[jepsen worker 1] jepsen.util: 1	:invoke	:broadcast	10
2023-05-30 00:40:54,295{GMT}	INFO	[jepsen worker 1] jepsen.util: 1	:ok	:broadcast	10
2023-05-30 00:40:54,402{GMT}	INFO	[jepsen worker 2] jepsen.util: 2	:invoke	:read	nil
2023-05-30 00:40:54,404{GMT}	INFO	[jepsen worker 2] jepsen.util: 2	:ok	:read	[0 4 7 10]
2023-05-30 00:40:54,460{GMT}	INFO	[jepsen worker 3] jepsen.util: 3	:invoke	:read	nil
2023-05-30 00:40:54,462{GMT}	INFO	[jepsen worker 3] jepsen.util: 3	:ok	:read	[0 1 1 2 3 5 5 8 9]
2023-05-30 00:40:54,547{GMT}	INFO	[jepsen worker 4] jepsen.util: 4	:invoke	:read	nil
2023-05-30 00:40:54,549{GMT}	INFO	[jepsen worker 4] jepsen.util: 4	:ok	:read	[0 6]
2023-05-30 00:40:54,704{GMT}	INFO	[jepsen worker 0] jepsen.util: 0	:invoke	:read	nil
2023-05-30 00:40:54,706{GMT}	INFO	[jepsen worker 0] jepsen.util: 0	:ok	:read	[0 0 1 2 2 3 3 5 8 8 9 9]
2023-05-30 00:40:54,893{GMT}	INFO	[jepsen worker 0] jepsen.util: 0	:invoke	:read	nil
2023-05-30 00:40:54,894{GMT}	INFO	[jepsen worker 0] jepsen.util: 0	:ok	:read	[0 0 1 2 2 3 3 5 8 8 9 9]
2023-05-30 00:40:54,970{GMT}	INFO	[jepsen worker 1] jepsen.util: 1	:invoke	:broadcast	11
2023-05-30 00:40:54,971{GMT}	INFO	[jepsen worker 1] jepsen.util: 1	:ok	:broadcast	11
2023-05-30 00:40:55,134{GMT}	INFO	[jepsen worker 2] jepsen.util: 2	:invoke	:read	nil
2023-05-30 00:40:55,136{GMT}	INFO	[jepsen worker 2] jepsen.util: 2	:ok	:read	[0 4 7 10 11]
2023-05-30 00:40:55,228{GMT}	INFO	[jepsen worker 3] jepsen.util: 3	:invoke	:broadcast	12
2023-05-30 00:40:55,229{GMT}	INFO	[jepsen worker 3] jepsen.util: 3	:ok	:broadcast	12
2023-05-30 00:40:55,404{GMT}	INFO	[jepsen worker 4] jepsen.util: 4	:invoke	:read	nil
2023-05-30 00:40:55,406{GMT}	INFO	[jepsen worker 4] jepsen.util: 4	:ok	:read	[0 6]
2023-05-30 00:40:55,596{GMT}	INFO	[jepsen worker 0] jepsen.util: 0	:invoke	:read	nil
2023-05-30 00:40:55,597{GMT}	INFO	[jepsen worker 0] jepsen.util: 0	:ok	:read	[0 0 1 2 2 3 3 5 8 8 9 9 12]
2023-05-30 00:40:55,722{GMT}	INFO	[jepsen worker 0] jepsen.util: 0	:invoke	:read	nil
2023-05-30 00:40:55,723{GMT}	INFO	[jepsen worker 0] jepsen.util: 0	:ok	:read	[0 0 1 2 2 3 3 5 8 8 9 9 12]
2023-05-30 00:40:55,909{GMT}	INFO	[jepsen worker 1] jepsen.util: 1	:invoke	:broadcast	13
2023-05-30 00:40:55,910{GMT}	INFO	[jepsen worker 1] jepsen.util: 1	:ok	:broadcast	13
2023-05-30 00:40:56,054{GMT}	INFO	[jepsen worker 2] jepsen.util: 2	:invoke	:read	nil
2023-05-30 00:40:56,056{GMT}	INFO	[jepsen worker 2] jepsen.util: 2	:ok	:read	[0 4 7 10 11 13]
2023-05-30 00:40:56,106{GMT}	INFO	[jepsen worker 3] jepsen.util: 3	:invoke	:broadcast	14
2023-05-30 00:40:56,108{GMT}	INFO	[jepsen worker 3] jepsen.util: 3	:ok	:broadcast	14
2023-05-30 00:40:56,174{GMT}	INFO	[jepsen worker 4] jepsen.util: 4	:invoke	:broadcast	15
2023-05-30 00:40:56,176{GMT}	INFO	[jepsen worker 4] jepsen.util: 4	:ok	:broadcast	15
2023-05-30 00:40:56,240{GMT}	INFO	[jepsen worker 0] jepsen.util: 0	:invoke	:read	nil
2023-05-30 00:40:56,242{GMT}	INFO	[jepsen worker 0] jepsen.util: 0	:ok	:read	[0 0 1 2 2 3 3 5 8 8 9 9 12 14]
2023-05-30 00:40:56,393{GMT}	INFO	[jepsen worker 0] jepsen.util: 0	:invoke	:read	nil
2023-05-30 00:40:56,394{GMT}	INFO	[jepsen worker 0] jepsen.util: 0	:ok	:read	[0 0 1 2 2 3 3 5 8 8 9 9 12 14]
2023-05-30 00:40:56,414{GMT}	INFO	[jepsen worker 1] jepsen.util: 1	:invoke	:broadcast	16
2023-05-30 00:40:56,416{GMT}	INFO	[jepsen worker 1] jepsen.util: 1	:ok	:broadcast	16
2023-05-30 00:40:56,564{GMT}	INFO	[jepsen worker 2] jepsen.util: 2	:invoke	:broadcast	17
2023-05-30 00:40:56,566{GMT}	INFO	[jepsen worker 2] jepsen.util: 2	:ok	:broadcast	17
2023-05-30 00:40:56,630{GMT}	INFO	[jepsen worker 3] jepsen.util: 3	:invoke	:read	nil
2023-05-30 00:40:56,631{GMT}	INFO	[jepsen worker 3] jepsen.util: 3	:ok	:read	[0 1 1 2 3 5 5 8 9 12 12 14 14]
2023-05-30 00:40:56,748{GMT}	INFO	[jepsen worker 4] jepsen.util: 4	:invoke	:read	nil
2023-05-30 00:40:56,750{GMT}	INFO	[jepsen worker 4] jepsen.util: 4	:ok	:read	[0 6 15]
2023-05-30 00:40:56,914{GMT}	INFO	[jepsen worker 0] jepsen.util: 0	:invoke	:broadcast	18
2023-05-30 00:40:56,916{GMT}	INFO	[jepsen worker 0] jepsen.util: 0	:ok	:broadcast	18
2023-05-30 00:40:57,081{GMT}	INFO	[jepsen worker 0] jepsen.util: 0	:invoke	:broadcast	19
2023-05-30 00:40:57,083{GMT}	INFO	[jepsen worker 0] jepsen.util: 0	:ok	:broadcast	19
2023-05-30 00:40:57,229{GMT}	INFO	[jepsen worker 1] jepsen.util: 1	:invoke	:broadcast	20
2023-05-30 00:40:57,231{GMT}	INFO	[jepsen worker 1] jepsen.util: 1	:ok	:broadcast	20
2023-05-30 00:40:57,407{GMT}	INFO	[jepsen worker 2] jepsen.util: 2	:invoke	:read	nil
2023-05-30 00:40:57,409{GMT}	INFO	[jepsen worker 2] jepsen.util: 2	:ok	:read	[0 4 7 10 11 13 16 17 17 20]
2023-05-30 00:40:57,500{GMT}	INFO	[jepsen worker 3] jepsen.util: 3	:invoke	:read	nil
2023-05-30 00:40:57,501{GMT}	INFO	[jepsen worker 3] jepsen.util: 3	:ok	:read	[0 1 1 2 3 5 5 8 9 12 12 14 14 18 19]
2023-05-30 00:40:57,530{GMT}	INFO	[jepsen worker 4] jepsen.util: 4	:invoke	:read	nil
2023-05-30 00:40:57,532{GMT}	INFO	[jepsen worker 4] jepsen.util: 4	:ok	:read	[0 6 15]
2023-05-30 00:40:57,575{GMT}	INFO	[jepsen worker 0] jepsen.util: 0	:invoke	:read	nil
2023-05-30 00:40:57,579{GMT}	INFO	[jepsen worker 0] jepsen.util: 0	:ok	:read	[0 0 1 2 2 3 3 5 8 8 9 9 12 14 18 18 19 19]
2023-05-30 00:40:57,638{GMT}	INFO	[jepsen worker 0] jepsen.util: 0	:invoke	:read	nil
2023-05-30 00:40:57,640{GMT}	INFO	[jepsen worker 0] jepsen.util: 0	:ok	:read	[0 0 1 2 2 3 3 5 8 8 9 9 12 14 18 18 19 19]
2023-05-30 00:40:57,808{GMT}	INFO	[jepsen worker 1] jepsen.util: 1	:invoke	:read	nil
2023-05-30 00:40:57,810{GMT}	INFO	[jepsen worker 1] jepsen.util: 1	:ok	:read	[0 4 4 7 7 10 10 11 11 13 13 16 16 17 20 20]
2023-05-30 00:40:57,857{GMT}	INFO	[jepsen worker 2] jepsen.util: 2	:invoke	:read	nil
2023-05-30 00:40:57,860{GMT}	INFO	[jepsen worker 2] jepsen.util: 2	:ok	:read	[0 4 7 10 11 13 16 17 17 20]
2023-05-30 00:40:58,059{GMT}	INFO	[jepsen worker 3] jepsen.util: 3	:invoke	:read	nil
2023-05-30 00:40:58,060{GMT}	INFO	[jepsen worker 3] jepsen.util: 3	:ok	:read	[0 1 1 2 3 5 5 8 9 12 12 14 14 18 19]
2023-05-30 00:40:58,237{GMT}	INFO	[jepsen worker 4] jepsen.util: 4	:invoke	:broadcast	21
2023-05-30 00:40:58,239{GMT}	INFO	[jepsen worker 4] jepsen.util: 4	:ok	:broadcast	21
2023-05-30 00:40:58,348{GMT}	INFO	[jepsen worker 0] jepsen.util: 0	:invoke	:broadcast	22
2023-05-30 00:40:58,350{GMT}	INFO	[jepsen worker 0] jepsen.util: 0	:ok	:broadcast	22
2023-05-30 00:40:58,491{GMT}	INFO	[jepsen worker 0] jepsen.util: 0	:invoke	:broadcast	23
2023-05-30 00:40:58,493{GMT}	INFO	[jepsen worker 0] jepsen.util: 0	:ok	:broadcast	23
2023-05-30 00:40:58,646{GMT}	INFO	[jepsen worker 1] jepsen.util: 1	:invoke	:read	nil
2023-05-30 00:40:58,647{GMT}	INFO	[jepsen worker 1] jepsen.util: 1	:ok	:read	[0 4 4 7 7 10 10 11 11 13 13 16 16 17 20 20]
2023-05-30 00:40:58,831{GMT}	INFO	[jepsen worker 2] jepsen.util: 2	:invoke	:read	nil
2023-05-30 00:40:58,832{GMT}	INFO	[jepsen worker 2] jepsen.util: 2	:ok	:read	[0 4 7 10 11 13 16 17 17 20]
2023-05-30 00:40:59,031{GMT}	INFO	[jepsen worker 3] jepsen.util: 3	:invoke	:broadcast	24
2023-05-30 00:40:59,032{GMT}	INFO	[jepsen worker 3] jepsen.util: 3	:ok	:broadcast	24
2023-05-30 00:40:59,142{GMT}	INFO	[jepsen worker 4] jepsen.util: 4	:invoke	:read	nil
2023-05-30 00:40:59,144{GMT}	INFO	[jepsen worker 4] jepsen.util: 4	:ok	:read	[0 6 15 21]
2023-05-30 00:40:59,231{GMT}	INFO	[jepsen worker 0] jepsen.util: 0	:invoke	:read	nil
2023-05-30 00:40:59,233{GMT}	INFO	[jepsen worker 0] jepsen.util: 0	:ok	:read	[0 0 1 2 2 3 3 5 8 8 9 9 12 14 18 18 19 19 22 22 23 23 24]
2023-05-30 00:40:59,348{GMT}	INFO	[jepsen worker 0] jepsen.util: 0	:invoke	:broadcast	25
2023-05-30 00:40:59,349{GMT}	INFO	[jepsen worker 0] jepsen.util: 0	:ok	:broadcast	25
2023-05-30 00:40:59,446{GMT}	INFO	[jepsen worker 1] jepsen.util: 1	:invoke	:broadcast	26
2023-05-30 00:40:59,447{GMT}	INFO	[jepsen worker 1] jepsen.util: 1	:ok	:broadcast	26
2023-05-30 00:40:59,499{GMT}	INFO	[jepsen worker 2] jepsen.util: 2	:invoke	:read	nil
2023-05-30 00:40:59,503{GMT}	INFO	[jepsen worker 2] jepsen.util: 2	:ok	:read	[0 4 7 10 11 13 16 17 17 20 26]
2023-05-30 00:40:59,668{GMT}	INFO	[jepsen worker 3] jepsen.util: 3	:invoke	:read	nil
2023-05-30 00:40:59,670{GMT}	INFO	[jepsen worker 3] jepsen.util: 3	:ok	:read	[0 1 1 2 3 5 5 8 9 12 12 14 14 18 19 22 23 24 24 25]
2023-05-30 00:40:59,848{GMT}	INFO	[jepsen worker 4] jepsen.util: 4	:invoke	:broadcast	27
2023-05-30 00:40:59,849{GMT}	INFO	[jepsen worker 4] jepsen.util: 4	:ok	:broadcast	27
2023-05-30 00:41:00,026{GMT}	INFO	[jepsen worker 0] jepsen.util: 0	:invoke	:read	nil
2023-05-30 00:41:00,028{GMT}	INFO	[jepsen worker 0] jepsen.util: 0	:ok	:read	[0 0 1 2 2 3 3 5 8 8 9 9 12 14 18 18 19 19 22 22 23 23 24 25 25]
2023-05-30 00:41:00,213{GMT}	INFO	[jepsen worker 0] jepsen.util: 0	:invoke	:read	nil
2023-05-30 00:41:00,214{GMT}	INFO	[jepsen worker 0] jepsen.util: 0	:ok	:read	[0 0 1 2 2 3 3 5 8 8 9 9 12 14 18 18 19 19 22 22 23 23 24 25 25]
2023-05-30 00:41:00,392{GMT}	INFO	[jepsen worker 1] jepsen.util: 1	:invoke	:broadcast	28
2023-05-30 00:41:00,394{GMT}	INFO	[jepsen worker 1] jepsen.util: 1	:ok	:broadcast	28
2023-05-30 00:41:00,461{GMT}	INFO	[jepsen worker 2] jepsen.util: 2	:invoke	:read	nil
2023-05-30 00:41:00,462{GMT}	INFO	[jepsen worker 2] jepsen.util: 2	:ok	:read	[0 4 7 10 11 13 16 17 17 20 26 28]
2023-05-30 00:41:00,630{GMT}	INFO	[jepsen worker 3] jepsen.util: 3	:invoke	:broadcast	29
2023-05-30 00:41:00,634{GMT}	INFO	[jepsen worker 3] jepsen.util: 3	:ok	:broadcast	29
2023-05-30 00:41:00,658{GMT}	INFO	[jepsen worker 4] jepsen.util: 4	:invoke	:broadcast	30
2023-05-30 00:41:00,661{GMT}	INFO	[jepsen worker 4] jepsen.util: 4	:ok	:broadcast	30
2023-05-30 00:41:00,725{GMT}	INFO	[jepsen worker 0] jepsen.util: 0	:invoke	:broadcast	31
2023-05-30 00:41:00,726{GMT}	INFO	[jepsen worker 0] jepsen.util: 0	:ok	:broadcast	31
2023-05-30 00:41:00,909{GMT}	INFO	[jepsen worker 0] jepsen.util: 0	:invoke	:broadcast	32
2023-05-30 00:41:00,910{GMT}	INFO	[jepsen worker 0] jepsen.util: 0	:ok	:broadcast	32
2023-05-30 00:41:00,912{GMT}	INFO	[jepsen worker 1] jepsen.util: 1	:invoke	:broadcast	33
2023-05-30 00:41:00,915{GMT}	INFO	[jepsen worker 1] jepsen.util: 1	:ok	:broadcast	33
2023-05-30 00:41:01,082{GMT}	INFO	[jepsen worker 2] jepsen.util: 2	:invoke	:broadcast	34
2023-05-30 00:41:01,084{GMT}	INFO	[jepsen worker 2] jepsen.util: 2	:ok	:broadcast	34
2023-05-30 00:41:01,175{GMT}	INFO	[jepsen worker 3] jepsen.util: 3	:invoke	:read	nil
2023-05-30 00:41:01,176{GMT}	INFO	[jepsen worker 3] jepsen.util: 3	:ok	:read	[0 1 1 2 3 5 5 8 9 12 12 14 14 18 19 22 23 24 24 25 29 29 31 32]
2023-05-30 00:41:01,327{GMT}	INFO	[jepsen worker 4] jepsen.util: 4	:invoke	:broadcast	35
2023-05-30 00:41:01,328{GMT}	INFO	[jepsen worker 4] jepsen.util: 4	:ok	:broadcast	35
2023-05-30 00:41:01,343{GMT}	INFO	[jepsen worker 0] jepsen.util: 0	:invoke	:read	nil
2023-05-30 00:41:01,345{GMT}	INFO	[jepsen worker 0] jepsen.util: 0	:ok	:read	[0 0 1 2 2 3 3 5 8 8 9 9 12 14 18 18 19 19 22 22 23 23 24 25 25 29 31 31 32 32]
2023-05-30 00:41:01,542{GMT}	INFO	[jepsen worker 0] jepsen.util: 0	:invoke	:broadcast	36
2023-05-30 00:41:01,544{GMT}	INFO	[jepsen worker 0] jepsen.util: 0	:ok	:broadcast	36
2023-05-30 00:41:01,637{GMT}	INFO	[jepsen worker 1] jepsen.util: 1	:invoke	:read	nil
2023-05-30 00:41:01,639{GMT}	INFO	[jepsen worker 1] jepsen.util: 1	:ok	:read	[0 4 4 7 7 10 10 11 11 13 13 16 16 17 20 20 26 26 28 28 33 33 34]
2023-05-30 00:41:01,673{GMT}	INFO	[jepsen worker 2] jepsen.util: 2	:invoke	:read	nil
2023-05-30 00:41:01,676{GMT}	INFO	[jepsen worker 2] jepsen.util: 2	:ok	:read	[0 4 7 10 11 13 16 17 17 20 26 28 33 34 34]
2023-05-30 00:41:01,683{GMT}	INFO	[jepsen worker 3] jepsen.util: 3	:invoke	:broadcast	37
2023-05-30 00:41:01,684{GMT}	INFO	[jepsen worker 3] jepsen.util: 3	:ok	:broadcast	37
2023-05-30 00:41:01,765{GMT}	INFO	[jepsen worker 4] jepsen.util: 4	:invoke	:broadcast	38
2023-05-30 00:41:01,766{GMT}	INFO	[jepsen worker 4] jepsen.util: 4	:ok	:broadcast	38
2023-05-30 00:41:01,859{GMT}	INFO	[jepsen worker 0] jepsen.util: 0	:invoke	:broadcast	39
2023-05-30 00:41:01,861{GMT}	INFO	[jepsen worker 0] jepsen.util: 0	:ok	:broadcast	39
2023-05-30 00:41:01,958{GMT}	INFO	[jepsen worker 0] jepsen.util: 0	:invoke	:read	nil
2023-05-30 00:41:01,959{GMT}	INFO	[jepsen worker 0] jepsen.util: 0	:ok	:read	[0 0 1 2 2 3 3 5 8 8 9 9 12 14 18 18 19 19 22 22 23 23 24 25 25 29 31 31 32 32 36 36 37 39 39]
2023-05-30 00:41:02,014{GMT}	INFO	[jepsen worker 1] jepsen.util: 1	:invoke	:broadcast	40
2023-05-30 00:41:02,016{GMT}	INFO	[jepsen worker 1] jepsen.util: 1	:ok	:broadcast	40
2023-05-30 00:41:02,160{GMT}	INFO	[jepsen worker 2] jepsen.util: 2	:invoke	:broadcast	41
2023-05-30 00:41:02,162{GMT}	INFO	[jepsen worker 2] jepsen.util: 2	:ok	:broadcast	41
2023-05-30 00:41:02,358{GMT}	INFO	[jepsen worker 3] jepsen.util: 3	:invoke	:read	nil
2023-05-30 00:41:02,360{GMT}	INFO	[jepsen worker 3] jepsen.util: 3	:ok	:read	[0 1 1 2 3 5 5 8 9 12 12 14 14 18 19 22 23 24 24 25 29 29 31 32 36 37 37 39]
2023-05-30 00:41:02,515{GMT}	INFO	[jepsen worker 4] jepsen.util: 4	:invoke	:broadcast	42
2023-05-30 00:41:02,516{GMT}	INFO	[jepsen worker 4] jepsen.util: 4	:ok	:broadcast	42
2023-05-30 00:41:02,601{GMT}	INFO	[jepsen worker 0] jepsen.util: 0	:invoke	:read	nil
2023-05-30 00:41:02,602{GMT}	INFO	[jepsen worker 0] jepsen.util: 0	:ok	:read	[0 0 1 2 2 3 3 5 8 8 9 9 12 14 18 18 19 19 22 22 23 23 24 25 25 29 31 31 32 32 36 36 37 39 39]
2023-05-30 00:41:02,638{GMT}	INFO	[jepsen worker 0] jepsen.util: 0	:invoke	:read	nil
2023-05-30 00:41:02,638{GMT}	INFO	[jepsen worker 1] jepsen.util: 1	:invoke	:broadcast	43
2023-05-30 00:41:02,641{GMT}	INFO	[jepsen worker 1] jepsen.util: 1	:ok	:broadcast	43
2023-05-30 00:41:02,641{GMT}	INFO	[jepsen worker 0] jepsen.util: 0	:ok	:read	[0 0 1 2 2 3 3 5 8 8 9 9 12 14 18 18 19 19 22 22 23 23 24 25 25 29 31 31 32 32 36 36 37 39 39]
2023-05-30 00:41:02,821{GMT}	INFO	[jepsen worker 2] jepsen.util: 2	:invoke	:read	nil
2023-05-30 00:41:02,823{GMT}	INFO	[jepsen worker 2] jepsen.util: 2	:ok	:read	[0 4 7 10 11 13 16 17 17 20 26 28 33 34 34 40 41 41 43]
2023-05-30 00:41:02,947{GMT}	INFO	[jepsen worker 3] jepsen.util: 3	:invoke	:read	nil
2023-05-30 00:41:02,948{GMT}	INFO	[jepsen worker 3] jepsen.util: 3	:ok	:read	[0 1 1 2 3 5 5 8 9 12 12 14 14 18 19 22 23 24 24 25 29 29 31 32 36 37 37 39]
2023-05-30 00:41:03,084{GMT}	INFO	[jepsen worker 4] jepsen.util: 4	:invoke	:broadcast	44
2023-05-30 00:41:03,085{GMT}	INFO	[jepsen worker 4] jepsen.util: 4	:ok	:broadcast	44
2023-05-30 00:41:03,252{GMT}	INFO	[jepsen worker 0] jepsen.util: 0	:invoke	:broadcast	45
2023-05-30 00:41:03,254{GMT}	INFO	[jepsen worker 0] jepsen.util: 0	:ok	:broadcast	45
2023-05-30 00:41:03,343{GMT}	INFO	[jepsen worker 0] jepsen.util: 0	:invoke	:read	nil
2023-05-30 00:41:03,344{GMT}	INFO	[jepsen worker 0] jepsen.util: 0	:ok	:read	[0 0 1 2 2 3 3 5 8 8 9 9 12 14 18 18 19 19 22 22 23 23 24 25 25 29 31 31 32 32 36 36 37 39 39 45 45]
2023-05-30 00:41:03,380{GMT}	INFO	[jepsen worker 1] jepsen.util: 1	:invoke	:broadcast	46
2023-05-30 00:41:03,381{GMT}	INFO	[jepsen worker 1] jepsen.util: 1	:ok	:broadcast	46
2023-05-30 00:41:03,420{GMT}	INFO	[jepsen worker 2] jepsen.util: 2	:invoke	:read	nil
2023-05-30 00:41:03,421{GMT}	INFO	[jepsen worker 2] jepsen.util: 2	:ok	:read	[0 4 7 10 11 13 16 17 17 20 26 28 33 34 34 40 41 41 43 46]
2023-05-30 00:41:03,546{GMT}	INFO	[jepsen worker 3] jepsen.util: 3	:invoke	:read	nil
2023-05-30 00:41:03,547{GMT}	INFO	[jepsen worker 3] jepsen.util: 3	:ok	:read	[0 1 1 2 3 5 5 8 9 12 12 14 14 18 19 22 23 24 24 25 29 29 31 32 36 37 37 39 45]
2023-05-30 00:41:03,590{GMT}	INFO	[jepsen worker 4] jepsen.util: 4	:invoke	:read	nil
2023-05-30 00:41:03,592{GMT}	INFO	[jepsen worker 4] jepsen.util: 4	:ok	:read	[0 6 15 21 27 30 35 38 42 44]
2023-05-30 00:41:03,673{GMT}	INFO	[jepsen worker 0] jepsen.util: 0	:invoke	:broadcast	47
2023-05-30 00:41:03,677{GMT}	INFO	[jepsen worker 0] jepsen.util: 0	:ok	:broadcast	47
2023-05-30 00:41:03,787{GMT}	INFO	[jepsen worker 0] jepsen.util: 0	:invoke	:broadcast	48
2023-05-30 00:41:03,788{GMT}	INFO	[jepsen worker 0] jepsen.util: 0	:ok	:broadcast	48
2023-05-30 00:41:03,831{GMT}	INFO	[jepsen worker 1] jepsen.util: 1	:invoke	:broadcast	49
2023-05-30 00:41:03,833{GMT}	INFO	[jepsen worker 1] jepsen.util: 1	:ok	:broadcast	49
2023-05-30 00:41:03,955{GMT}	INFO	[jepsen worker 2] jepsen.util: 2	:invoke	:read	nil
2023-05-30 00:41:03,956{GMT}	INFO	[jepsen worker 2] jepsen.util: 2	:ok	:read	[0 4 7 10 11 13 16 17 17 20 26 28 33 34 34 40 41 41 43 46 49]
2023-05-30 00:41:04,009{GMT}	INFO	[jepsen worker 3] jepsen.util: 3	:invoke	:read	nil
2023-05-30 00:41:04,010{GMT}	INFO	[jepsen worker 3] jepsen.util: 3	:ok	:read	[0 1 1 2 3 5 5 8 9 12 12 14 14 18 19 22 23 24 24 25 29 29 31 32 36 37 37 39 45 47 48]
2023-05-30 00:41:04,073{GMT}	INFO	[jepsen worker 4] jepsen.util: 4	:invoke	:broadcast	50
2023-05-30 00:41:04,075{GMT}	INFO	[jepsen worker 0] jepsen.util: 0	:invoke	:broadcast	51
2023-05-30 00:41:04,077{GMT}	INFO	[jepsen worker 4] jepsen.util: 4	:ok	:broadcast	50
2023-05-30 00:41:04,078{GMT}	INFO	[jepsen worker 0] jepsen.util: 0	:ok	:broadcast	51
2023-05-30 00:41:04,109{GMT}	INFO	[jepsen worker 0] jepsen.util: 0	:invoke	:broadcast	52
2023-05-30 00:41:04,110{GMT}	INFO	[jepsen worker 0] jepsen.util: 0	:ok	:broadcast	52
2023-05-30 00:41:04,155{GMT}	INFO	[jepsen worker 1] jepsen.util: 1	:invoke	:read	nil
2023-05-30 00:41:04,156{GMT}	INFO	[jepsen worker 1] jepsen.util: 1	:ok	:read	[0 4 4 7 7 10 10 11 11 13 13 16 16 17 20 20 26 26 28 28 33 33 34 40 40 41 43 43 46 46 49 49]
2023-05-30 00:41:04,172{GMT}	INFO	[jepsen worker 2] jepsen.util: 2	:invoke	:broadcast	53
2023-05-30 00:41:04,176{GMT}	INFO	[jepsen worker 2] jepsen.util: 2	:ok	:broadcast	53
2023-05-30 00:41:04,334{GMT}	INFO	[jepsen worker 3] jepsen.util: 3	:invoke	:broadcast	54
2023-05-30 00:41:04,334{GMT}	INFO	[jepsen worker 3] jepsen.util: 3	:ok	:broadcast	54
2023-05-30 00:41:04,515{GMT}	INFO	[jepsen worker 4] jepsen.util: 4	:invoke	:broadcast	55
2023-05-30 00:41:04,516{GMT}	INFO	[jepsen worker 4] jepsen.util: 4	:ok	:broadcast	55
2023-05-30 00:41:04,669{GMT}	INFO	[jepsen worker 0] jepsen.util: 0	:invoke	:read	nil
2023-05-30 00:41:04,670{GMT}	INFO	[jepsen worker 0] jepsen.util: 0	:ok	:read	[0 0 1 2 2 3 3 5 8 8 9 9 12 14 18 18 19 19 22 22 23 23 24 25 25 29 31 31 32 32 36 36 37 39 39 45 45 47 47 48 48 51 51 52 52 54]
2023-05-30 00:41:04,770{GMT}	INFO	[jepsen worker 0] jepsen.util: 0	:invoke	:read	nil
2023-05-30 00:41:04,772{GMT}	INFO	[jepsen worker 0] jepsen.util: 0	:ok	:read	[0 0 1 2 2 3 3 5 8 8 9 9 12 14 18 18 19 19 22 22 23 23 24 25 25 29 31 31 32 32 36 36 37 39 39 45 45 47 47 48 48 51 51 52 52 54]
2023-05-30 00:41:04,865{GMT}	INFO	[jepsen worker 1] jepsen.util: 1	:invoke	:broadcast	56
2023-05-30 00:41:04,869{GMT}	INFO	[jepsen worker 1] jepsen.util: 1	:ok	:broadcast	56
2023-05-30 00:41:05,056{GMT}	INFO	[jepsen worker 2] jepsen.util: 2	:invoke	:read	nil
2023-05-30 00:41:05,057{GMT}	INFO	[jepsen worker 2] jepsen.util: 2	:ok	:read	[0 4 7 10 11 13 16 17 17 20 26 28 33 34 34 40 41 41 43 46 49 53 53 56]
2023-05-30 00:41:05,232{GMT}	INFO	[jepsen worker 3] jepsen.util: 3	:invoke	:read	nil
2023-05-30 00:41:05,233{GMT}	INFO	[jepsen worker 3] jepsen.util: 3	:ok	:read	[0 1 1 2 3 5 5 8 9 12 12 14 14 18 19 22 23 24 24 25 29 29 31 32 36 37 37 39 45 47 48 51 52 54 54]
2023-05-30 00:41:05,398{GMT}	INFO	[jepsen worker 4] jepsen.util: 4	:invoke	:broadcast	57
2023-05-30 00:41:05,399{GMT}	INFO	[jepsen worker 4] jepsen.util: 4	:ok	:broadcast	57
2023-05-30 00:41:05,511{GMT}	INFO	[jepsen worker 0] jepsen.util: 0	:invoke	:read	nil
2023-05-30 00:41:05,512{GMT}	INFO	[jepsen worker 0] jepsen.util: 0	:ok	:read	[0 0 1 2 2 3 3 5 8 8 9 9 12 14 18 18 19 19 22 22 23 23 24 25 25 29 31 31 32 32 36 36 37 39 39 45 45 47 47 48 48 51 51 52 52 54]
2023-05-30 00:41:05,639{GMT}	INFO	[jepsen worker 0] jepsen.util: 0	:invoke	:broadcast	58
2023-05-30 00:41:05,639{GMT}	INFO	[jepsen worker 0] jepsen.util: 0	:ok	:broadcast	58
2023-05-30 00:41:05,751{GMT}	INFO	[jepsen worker 1] jepsen.util: 1	:invoke	:read	nil
2023-05-30 00:41:05,753{GMT}	INFO	[jepsen worker 1] jepsen.util: 1	:ok	:read	[0 4 4 7 7 10 10 11 11 13 13 16 16 17 20 20 26 26 28 28 33 33 34 40 40 41 43 43 46 46 49 49 53 56 56]
2023-05-30 00:41:05,926{GMT}	INFO	[jepsen worker 2] jepsen.util: 2	:invoke	:read	nil
2023-05-30 00:41:05,928{GMT}	INFO	[jepsen worker 2] jepsen.util: 2	:ok	:read	[0 4 7 10 11 13 16 17 17 20 26 28 33 34 34 40 41 41 43 46 49 53 53 56]
2023-05-30 00:41:06,006{GMT}	INFO	[jepsen worker 3] jepsen.util: 3	:invoke	:read	nil
2023-05-30 00:41:06,009{GMT}	INFO	[jepsen worker 3] jepsen.util: 3	:ok	:read	[0 1 1 2 3 5 5 8 9 12 12 14 14 18 19 22 23 24 24 25 29 29 31 32 36 37 37 39 45 47 48 51 52 54 54 58]
2023-05-30 00:41:06,209{GMT}	INFO	[jepsen worker 4] jepsen.util: 4	:invoke	:read	nil
2023-05-30 00:41:06,210{GMT}	INFO	[jepsen worker 4] jepsen.util: 4	:ok	:read	[0 6 15 21 27 30 35 38 42 44 50 55 57]
2023-05-30 00:41:06,235{GMT}	INFO	[jepsen worker 0] jepsen.util: 0	:invoke	:read	nil
2023-05-30 00:41:06,236{GMT}	INFO	[jepsen worker 0] jepsen.util: 0	:ok	:read	[0 0 1 2 2 3 3 5 8 8 9 9 12 14 18 18 19 19 22 22 23 23 24 25 25 29 31 31 32 32 36 36 37 39 39 45 45 47 47 48 48 51 51 52 52 54 58 58]
2023-05-30 00:41:06,340{GMT}	INFO	[jepsen worker 0] jepsen.util: 0	:invoke	:read	nil
2023-05-30 00:41:06,343{GMT}	INFO	[jepsen worker 0] jepsen.util: 0	:ok	:read	[0 0 1 2 2 3 3 5 8 8 9 9 12 14 18 18 19 19 22 22 23 23 24 25 25 29 31 31 32 32 36 36 37 39 39 45 45 47 47 48 48 51 51 52 52 54 58 58]
2023-05-30 00:41:06,375{GMT}	INFO	[jepsen worker 1] jepsen.util: 1	:invoke	:read	nil
2023-05-30 00:41:06,378{GMT}	INFO	[jepsen worker 1] jepsen.util: 1	:ok	:read	[0 4 4 7 7 10 10 11 11 13 13 16 16 17 20 20 26 26 28 28 33 33 34 40 40 41 43 43 46 46 49 49 53 56 56]
2023-05-30 00:41:06,419{GMT}	INFO	[jepsen worker 2] jepsen.util: 2	:invoke	:read	nil
2023-05-30 00:41:06,420{GMT}	INFO	[jepsen worker 2] jepsen.util: 2	:ok	:read	[0 4 7 10 11 13 16 17 17 20 26 28 33 34 34 40 41 41 43 46 49 53 53 56]
2023-05-30 00:41:06,532{GMT}	INFO	[jepsen worker 3] jepsen.util: 3	:invoke	:read	nil
2023-05-30 00:41:06,536{GMT}	INFO	[jepsen worker 3] jepsen.util: 3	:ok	:read	[0 1 1 2 3 5 5 8 9 12 12 14 14 18 19 22 23 24 24 25 29 29 31 32 36 37 37 39 45 47 48 51 52 54 54 58]
2023-05-30 00:41:06,698{GMT}	INFO	[jepsen worker 4] jepsen.util: 4	:invoke	:broadcast	59
2023-05-30 00:41:06,699{GMT}	INFO	[jepsen worker 4] jepsen.util: 4	:ok	:broadcast	59
2023-05-30 00:41:06,892{GMT}	INFO	[jepsen worker 0] jepsen.util: 0	:invoke	:broadcast	60
2023-05-30 00:41:06,894{GMT}	INFO	[jepsen worker 0] jepsen.util: 0	:ok	:broadcast	60
2023-05-30 00:41:06,930{GMT}	INFO	[jepsen worker 0] jepsen.util: 0	:invoke	:read	nil
2023-05-30 00:41:06,931{GMT}	INFO	[jepsen worker 0] jepsen.util: 0	:ok	:read	[0 0 1 2 2 3 3 5 8 8 9 9 12 14 18 18 19 19 22 22 23 23 24 25 25 29 31 31 32 32 36 36 37 39 39 45 45 47 47 48 48 51 51 52 52 54 58 58 60 60]
2023-05-30 00:41:06,992{GMT}	INFO	[jepsen worker 1] jepsen.util: 1	:invoke	:read	nil
2023-05-30 00:41:06,994{GMT}	INFO	[jepsen worker 1] jepsen.util: 1	:ok	:read	[0 4 4 7 7 10 10 11 11 13 13 16 16 17 20 20 26 26 28 28 33 33 34 40 40 41 43 43 46 46 49 49 53 56 56]
2023-05-30 00:41:07,081{GMT}	INFO	[jepsen worker 2] jepsen.util: 2	:invoke	:broadcast	61
2023-05-30 00:41:07,085{GMT}	INFO	[jepsen worker 2] jepsen.util: 2	:ok	:broadcast	61
2023-05-30 00:41:07,143{GMT}	INFO	[jepsen worker 3] jepsen.util: 3	:invoke	:read	nil
2023-05-30 00:41:07,144{GMT}	INFO	[jepsen worker 3] jepsen.util: 3	:ok	:read	[0 1 1 2 3 5 5 8 9 12 12 14 14 18 19 22 23 24 24 25 29 29 31 32 36 37 37 39 45 47 48 51 52 54 54 58 60]
2023-05-30 00:41:07,262{GMT}	INFO	[jepsen worker 4] jepsen.util: 4	:invoke	:broadcast	62
2023-05-30 00:41:07,264{GMT}	INFO	[jepsen worker 4] jepsen.util: 4	:ok	:broadcast	62
2023-05-30 00:41:07,463{GMT}	INFO	[jepsen worker 0] jepsen.util: 0	:invoke	:read	nil
2023-05-30 00:41:07,464{GMT}	INFO	[jepsen worker 0] jepsen.util: 0	:ok	:read	[0 0 1 2 2 3 3 5 8 8 9 9 12 14 18 18 19 19 22 22 23 23 24 25 25 29 31 31 32 32 36 36 37 39 39 45 45 47 47 48 48 51 51 52 52 54 58 58 60 60]
2023-05-30 00:41:07,478{GMT}	INFO	[jepsen worker 0] jepsen.util: 0	:invoke	:broadcast	63
2023-05-30 00:41:07,479{GMT}	INFO	[jepsen worker 0] jepsen.util: 0	:ok	:broadcast	63
2023-05-30 00:41:07,518{GMT}	INFO	[jepsen worker 1] jepsen.util: 1	:invoke	:read	nil
2023-05-30 00:41:07,519{GMT}	INFO	[jepsen worker 1] jepsen.util: 1	:ok	:read	[0 4 4 7 7 10 10 11 11 13 13 16 16 17 20 20 26 26 28 28 33 33 34 40 40 41 43 43 46 46 49 49 53 56 56 61]
2023-05-30 00:41:07,554{GMT}	INFO	[jepsen worker 2] jepsen.util: 2	:invoke	:broadcast	64
2023-05-30 00:41:07,558{GMT}	INFO	[jepsen worker 2] jepsen.util: 2	:ok	:broadcast	64
2023-05-30 00:41:07,720{GMT}	INFO	[jepsen worker 3] jepsen.util: 3	:invoke	:read	nil
2023-05-30 00:41:07,722{GMT}	INFO	[jepsen worker 3] jepsen.util: 3	:ok	:read	[0 1 1 2 3 5 5 8 9 12 12 14 14 18 19 22 23 24 24 25 29 29 31 32 36 37 37 39 45 47 48 51 52 54 54 58 60 63]
2023-05-30 00:41:07,916{GMT}	INFO	[jepsen worker 4] jepsen.util: 4	:invoke	:broadcast	65
2023-05-30 00:41:07,917{GMT}	INFO	[jepsen worker 4] jepsen.util: 4	:ok	:broadcast	65
2023-05-30 00:41:08,051{GMT}	INFO	[jepsen worker 0] jepsen.util: 0	:invoke	:read	nil
2023-05-30 00:41:08,052{GMT}	INFO	[jepsen worker 0] jepsen.util: 0	:ok	:read	[0 0 1 2 2 3 3 5 8 8 9 9 12 14 18 18 19 19 22 22 23 23 24 25 25 29 31 31 32 32 36 36 37 39 39 45 45 47 47 48 48 51 51 52 52 54 58 58 60 60 63 63]
2023-05-30 00:41:08,156{GMT}	INFO	[jepsen worker 0] jepsen.util: 0	:invoke	:read	nil
2023-05-30 00:41:08,167{GMT}	INFO	[jepsen worker 0] jepsen.util: 0	:ok	:read	[0 0 1 2 2 3 3 5 8 8 9 9 12 14 18 18 19 19 22 22 23 23 24 25 25 29 31 31 32 32 36 36 37 39 39 45 45 47 47 48 48 51 51 52 52 54 58 58 60 60 63 63]
2023-05-30 00:41:08,281{GMT}	INFO	[jepsen worker 1] jepsen.util: 1	:invoke	:read	nil
2023-05-30 00:41:08,286{GMT}	INFO	[jepsen worker 1] jepsen.util: 1	:ok	:read	[0 4 4 7 7 10 10 11 11 13 13 16 16 17 20 20 26 26 28 28 33 33 34 40 40 41 43 43 46 46 49 49 53 56 56 61 64]
2023-05-30 00:41:08,327{GMT}	INFO	[jepsen worker 2] jepsen.util: 2	:invoke	:read	nil
2023-05-30 00:41:08,328{GMT}	INFO	[jepsen worker 2] jepsen.util: 2	:ok	:read	[0 4 7 10 11 13 16 17 17 20 26 28 33 34 34 40 41 41 43 46 49 53 53 56 61 61 64 64]
2023-05-30 00:41:08,379{GMT}	INFO	[jepsen worker 3] jepsen.util: 3	:invoke	:broadcast	66
2023-05-30 00:41:08,382{GMT}	INFO	[jepsen worker 3] jepsen.util: 3	:ok	:broadcast	66
2023-05-30 00:41:08,578{GMT}	INFO	[jepsen worker 4] jepsen.util: 4	:invoke	:broadcast	67
2023-05-30 00:41:08,580{GMT}	INFO	[jepsen worker 4] jepsen.util: 4	:ok	:broadcast	67
2023-05-30 00:41:08,640{GMT}	INFO	[jepsen worker 0] jepsen.util: 0	:invoke	:read	nil
2023-05-30 00:41:08,643{GMT}	INFO	[jepsen worker 0] jepsen.util: 0	:ok	:read	[0 0 1 2 2 3 3 5 8 8 9 9 12 14 18 18 19 19 22 22 23 23 24 25 25 29 31 31 32 32 36 36 37 39 39 45 45 47 47 48 48 51 51 52 52 54 58 58 60 60 63 63 66]
2023-05-30 00:41:08,646{GMT}	INFO	[jepsen worker 0] jepsen.util: 0	:invoke	:broadcast	68
2023-05-30 00:41:08,647{GMT}	INFO	[jepsen worker 0] jepsen.util: 0	:ok	:broadcast	68
2023-05-30 00:41:08,768{GMT}	INFO	[jepsen worker 1] jepsen.util: 1	:invoke	:read	nil
2023-05-30 00:41:08,771{GMT}	INFO	[jepsen worker 1] jepsen.util: 1	:ok	:read	[0 4 4 7 7 10 10 11 11 13 13 16 16 17 20 20 26 26 28 28 33 33 34 40 40 41 43 43 46 46 49 49 53 56 56 61 64]
2023-05-30 00:41:08,869{GMT}	INFO	[jepsen worker 2] jepsen.util: 2	:invoke	:read	nil
2023-05-30 00:41:08,870{GMT}	INFO	[jepsen worker 2] jepsen.util: 2	:ok	:read	[0 4 7 10 11 13 16 17 17 20 26 28 33 34 34 40 41 41 43 46 49 53 53 56 61 61 64 64]
2023-05-30 00:41:08,919{GMT}	INFO	[jepsen worker 3] jepsen.util: 3	:invoke	:broadcast	69
2023-05-30 00:41:08,920{GMT}	INFO	[jepsen worker 3] jepsen.util: 3	:ok	:broadcast	69
2023-05-30 00:41:09,070{GMT}	INFO	[jepsen worker 4] jepsen.util: 4	:invoke	:broadcast	70
2023-05-30 00:41:09,072{GMT}	INFO	[jepsen worker 4] jepsen.util: 4	:ok	:broadcast	70
2023-05-30 00:41:09,212{GMT}	INFO	[jepsen worker 0] jepsen.util: 0	:invoke	:broadcast	71
2023-05-30 00:41:09,215{GMT}	INFO	[jepsen worker 0] jepsen.util: 0	:ok	:broadcast	71
2023-05-30 00:41:09,350{GMT}	INFO	[jepsen worker 0] jepsen.util: 0	:invoke	:read	nil
2023-05-30 00:41:09,353{GMT}	INFO	[jepsen worker 0] jepsen.util: 0	:ok	:read	[0 0 1 2 2 3 3 5 8 8 9 9 12 14 18 18 19 19 22 22 23 23 24 25 25 29 31 31 32 32 36 36 37 39 39 45 45 47 47 48 48 51 51 52 52 54 58 58 60 60 63 63 66 68 68 69 71 71]
2023-05-30 00:41:09,505{GMT}	INFO	[jepsen worker 1] jepsen.util: 1	:invoke	:broadcast	72
2023-05-30 00:41:09,506{GMT}	INFO	[jepsen worker 1] jepsen.util: 1	:ok	:broadcast	72
2023-05-30 00:41:09,690{GMT}	INFO	[jepsen worker 2] jepsen.util: 2	:invoke	:read	nil
2023-05-30 00:41:09,691{GMT}	INFO	[jepsen worker 2] jepsen.util: 2	:ok	:read	[0 4 7 10 11 13 16 17 17 20 26 28 33 34 34 40 41 41 43 46 49 53 53 56 61 61 64 64 72]
2023-05-30 00:41:09,742{GMT}	INFO	[jepsen worker nemesis] jepsen.util: :nemesis	:info	:stop-partition	nil
2023-05-30 00:41:09,742{GMT}	INFO	[jepsen worker nemesis] jepsen.util: :nemesis	:info	:stop-partition	:network-healed
2023-05-30 00:41:09,805{GMT}	INFO	[jepsen worker 4] jepsen.util: 4	:invoke	:broadcast	73
2023-05-30 00:41:09,888{GMT}	INFO	[jepsen worker 4] jepsen.util: 4	:ok	:broadcast	73
2023-05-30 00:41:09,897{GMT}	INFO	[jepsen worker 0] jepsen.util: 0	:invoke	:broadcast	74
2023-05-30 00:41:09,944{GMT}	INFO	[jepsen worker 1] jepsen.util: 1	:invoke	:broadcast	75
2023-05-30 00:41:09,970{GMT}	INFO	[jepsen worker 2] jepsen.util: 2	:invoke	:broadcast	76
2023-05-30 00:41:09,970{GMT}	INFO	[jepsen worker 2] jepsen.util: 2	:ok	:broadcast	76
2023-05-30 00:41:09,973{GMT}	INFO	[jepsen worker 2] jepsen.util: 2	:invoke	:broadcast	77
2023-05-30 00:41:09,977{GMT}	INFO	[jepsen worker 2] jepsen.util: 2	:ok	:broadcast	77
2023-05-30 00:41:10,044{GMT}	INFO	[jepsen worker 0] jepsen.util: 0	:ok	:broadcast	74
2023-05-30 00:41:10,093{GMT}	INFO	[jepsen worker 3] jepsen.util: 3	:invoke	:read	nil
2023-05-30 00:41:10,209{GMT}	INFO	[jepsen worker 3] jepsen.util: 3	:ok	:read	[0 1 1 2 3 5 5 8 9 12 12 14 14 18 19 22 23 24 24 25 29 29 31 32 36 37 37 39 45 47 48 51 52 54 54 58 60 63 66 66 68 69 69 71 50 27 44 42 21 65 70 59 72 67 40 6 28 15 55 30 35 57 62 38 7 10 33 56 34 16 11 17 26 4 20 43 53 64 41 13 46 49 61 73 74]
2023-05-30 00:41:10,282{GMT}	INFO	[jepsen worker 4] jepsen.util: 4	:invoke	:read	nil
2023-05-30 00:41:10,356{GMT}	INFO	[jepsen worker 0] jepsen.util: 0	:invoke	:broadcast	78
2023-05-30 00:41:10,424{GMT}	INFO	[jepsen worker 1] jepsen.util: 1	:ok	:broadcast	75
2023-05-30 00:41:10,482{GMT}	INFO	[jepsen worker 0] jepsen.util: 0	:ok	:broadcast	78
2023-05-30 00:41:10,532{GMT}	INFO	[jepsen worker 0] jepsen.util: 0	:invoke	:read	nil
2023-05-30 00:41:10,682{GMT}	INFO	[jepsen worker 0] jepsen.util: 0	:ok	:read	[0 0 1 2 2 3 3 5 8 8 9 9 12 14 18 18 19 19 22 22 23 23 24 25 25 29 31 31 32 32 36 36 37 39 39 45 45 47 47 48 48 51 51 52 52 54 58 58 60 60 63 63 66 68 68 69 71 71 7 72 10 33 56 62 30 20 65 43 55 42 6 46 13 16 50 53 28 40 49 27 44 26 21 70 59 35 61 34 11 38 4 15 17 64 41 67 57 73 74 74 78 75]
2023-05-30 00:41:10,705{GMT}	INFO	[jepsen worker 1] jepsen.util: 1	:invoke	:read	nil
2023-05-30 00:41:10,760{GMT}	INFO	[jepsen worker 4] jepsen.util: 4	:ok	:read	[0 6 15 21 27 30 35 38 42 44 50 55 57 59 62 65 67 70 1 12 47 54 14 40 45 3 69 32 28 19 68 51 34 37 72 66 16 22 2 24 52 5 23 63 18 29 48 36 11 17 62 39 6 55 70 44 42 30 26 7 50 56 4 41 21 20 53 65 25 35 8 31 60 64 27 59 43 13 46 71 58 33 49 61 10 38 9 15 67 57 73 73 74]
2023-05-30 00:41:10,761{GMT}	INFO	[jepsen worker 2] jepsen.util: 2	:invoke	:broadcast	79
2023-05-30 00:41:10,762{GMT}	INFO	[jepsen worker 2] jepsen.util: 2	:ok	:broadcast	79
2023-05-30 00:41:10,938{GMT}	INFO	[jepsen worker 3] jepsen.util: 3	:invoke	:broadcast	80
2023-05-30 00:41:11,032{GMT}	INFO	[jepsen worker 4] jepsen.util: 4	:invoke	:read	nil
2023-05-30 00:41:11,190{GMT}	INFO	[jepsen worker 0] jepsen.util: 0	:invoke	:broadcast	81
2023-05-30 00:41:11,218{GMT}	INFO	[jepsen worker 2] jepsen.util: 2	:invoke	:read	nil
2023-05-30 00:41:11,220{GMT}	INFO	[jepsen worker 2] jepsen.util: 2	:ok	:read	[0 4 7 10 11 13 16 17 17 20 26 28 33 34 34 40 41 41 43 46 49 53 53 56 61 61 64 64 72 1 47 12 54 39 36 62 24 23 42 6 55 30 65 35 29 70 27 60 37 2 52 66 71 58 14 22 69 32 48 50 68 19 3 25 9 8 45 51 59 38 15 63 31 18 5 67 21 44 57 76 77 73 75 76 77 79]
2023-05-30 00:41:11,249{GMT}	INFO	[jepsen worker 3] jepsen.util: 3	:ok	:broadcast	80
2023-05-30 00:41:11,416{GMT}	INFO	[jepsen worker 2] jepsen.util: 2	:invoke	:broadcast	82
2023-05-30 00:41:11,497{GMT}	INFO	[jepsen worker 2] jepsen.util: 2	:ok	:broadcast	82
2023-05-30 00:41:11,531{GMT}	INFO	[jepsen worker 2] jepsen.util: 2	:invoke	:read	nil
2023-05-30 00:41:11,557{GMT}	INFO	[jepsen worker 2] jepsen.util: 2	:ok	:read	[0 4 7 10 11 13 16 17 17 20 26 28 33 34 34 40 41 41 43 46 49 53 53 56 61 61 64 64 72 1 47 12 54 39 36 62 24 23 42 6 55 30 65 35 29 70 27 60 37 2 52 66 71 58 14 22 69 32 48 50 68 19 3 25 9 8 45 51 59 38 15 63 31 18 5 67 21 44 57 76 77 73 75 76 77 79 74 82]
2023-05-30 00:41:11,594{GMT}	INFO	[jepsen worker 0] jepsen.util: 0	:ok	:broadcast	81
2023-05-30 00:41:11,608{GMT}	INFO	[jepsen worker 3] jepsen.util: 3	:invoke	:read	nil
2023-05-30 00:41:11,776{GMT}	INFO	[jepsen worker 0] jepsen.util: 0	:invoke	:broadcast	83
2023-05-30 00:41:11,956{GMT}	INFO	[jepsen worker 3] jepsen.util: 3	:ok	:read	[0 1 1 2 3 5 5 8 9 12 12 14 14 18 19 22 23 24 24 25 29 29 31 32 36 37 37 39 45 47 48 51 52 54 54 58 60 63 66 66 68 69 69 71 50 27 44 42 21 65 70 59 72 67 40 6 28 15 55 30 35 57 62 38 7 10 33 56 34 16 11 17 26 4 20 43 53 64 41 13 46 49 61 73 74 78 75 77 76 80 81]
2023-05-30 00:41:12,362{GMT}	INFO	[jepsen worker 0] jepsen.util: 0	:ok	:broadcast	83
2023-05-30 00:41:13,040{GMT}	INFO	[jepsen worker 4] jepsen.util: 4	:ok	:read	[0 6 15 21 27 30 35 38 42 44 50 55 57 59 62 65 67 70 1 12 47 54 14 40 45 3 69 32 28 19 68 51 34 37 72 66 16 22 2 24 52 5 23 63 18 29 48 36 11 17 62 39 6 55 70 44 42 30 26 7 50 56 4 41 21 20 53 65 25 35 8 31 60 64 27 59 43 13 46 71 58 33 49 61 10 38 9 15 67 57 73 73 74 75 78 77 76]
2023-05-30 00:41:15,713{GMT}	INFO	[jepsen worker 1] jepsen.util: 1	:fail	:read	nil	:net-timeout
2023-05-30 00:41:15,716{GMT}	INFO	[jepsen worker nemesis] jepsen.util: :nemesis	:info	:stop-partition	nil
2023-05-30 00:41:15,716{GMT}	INFO	[jepsen worker nemesis] jepsen.util: :nemesis	:info	:stop-partition	:network-healed
2023-05-30 00:41:15,723{GMT}	INFO	[jepsen worker 0] jepsen.generator.interpreter: Waiting for recovery...
2023-05-30 00:41:25,737{GMT}	INFO	[jepsen worker 0] jepsen.util: 0	:invoke	:read	nil
2023-05-30 00:41:25,737{GMT}	INFO	[jepsen worker 2] jepsen.util: 2	:invoke	:read	nil
2023-05-30 00:41:25,737{GMT}	INFO	[jepsen worker 1] jepsen.util: 1	:invoke	:read	nil
2023-05-30 00:41:25,737{GMT}	INFO	[jepsen worker 3] jepsen.util: 3	:invoke	:read	nil
2023-05-30 00:41:25,737{GMT}	INFO	[jepsen worker 4] jepsen.util: 4	:invoke	:read	nil
2023-05-30 00:41:25,744{GMT}	INFO	[jepsen worker 2] jepsen.util: 2	:ok	:read	[0 4 7 10 11 13 16 17 17 20 26 28 33 34 34 40 41 41 43 46 49 53 53 56 61 61 64 64 72 1 47 12 54 39 36 62 24 23 42 6 55 30 65 35 29 70 27 60 37 2 52 66 71 58 14 22 69 32 48 50 68 19 3 25 9 8 45 51 59 38 15 63 31 18 5 67 21 44 57 76 77 73 75 76 77 79 74 82 78 79 82 81 80]
2023-05-30 00:41:28,794{GMT}	INFO	[jepsen worker 3] jepsen.util: 3	:ok	:read	[0 1 1 2 3 5 5 8 9 12 12 14 14 18 19 22 23 24 24 25 29 29 31 32 36 37 37 39 45 47 48 51 52 54 54 58 60 63 66 66 68 69 69 71 50 27 44 42 21 65 70 59 72 67 40 6 28 15 55 30 35 57 62 38 7 10 33 56 34 16 11 17 26 4 20 43 53 64 41 13 46 49 61 73 74 78 75 77 76 80 81 80 83 79]
2023-05-30 00:41:30,744{GMT}	INFO	[jepsen worker 4] jepsen.util: 4	:fail	:read	nil	:net-timeout
2023-05-30 00:41:30,744{GMT}	INFO	[jepsen worker 0] jepsen.util: 0	:fail	:read	nil	:net-timeout
2023-05-30 00:41:30,744{GMT}	INFO	[jepsen worker 1] jepsen.util: 1	:fail	:read	nil	:net-timeout
2023-05-30 00:41:30,910{GMT}	INFO	[jepsen test runner] jepsen.core: Run complete, writing
2023-05-30 00:41:31,114{GMT}	INFO	[jepsen node n0] maelstrom.db: Tearing down n0
2023-05-30 00:41:31,114{GMT}	INFO	[jepsen node n2] maelstrom.db: Tearing down n2
2023-05-30 00:41:31,114{GMT}	INFO	[jepsen node n1] maelstrom.db: Tearing down n1
2023-05-30 00:41:31,115{GMT}	INFO	[jepsen node n3] maelstrom.db: Tearing down n3
2023-05-30 00:41:31,119{GMT}	INFO	[jepsen node n4] maelstrom.db: Tearing down n4
2023-05-30 00:41:31,181{GMT}	WARN	[n1 stdout] maelstrom.process: Error!
java.lang.AssertionError: Assert failed: Invalid dest for message #maelstrom.net.message.Message{:id 1447160, :src "n1", :dest "n2", :body {:counter 11, :message 31, :msg_id 305969, :sender "n0", :type "gossip"}}
(get queues (:dest m))
	at maelstrom.net$validate_msg.invokeStatic(net.clj:173)
	at maelstrom.net$validate_msg.invoke(net.clj:165)
	at maelstrom.net$send_BANG_.invokeStatic(net.clj:200)
	at maelstrom.net$send_BANG_.invoke(net.clj:188)
	at maelstrom.process$stdout_thread$fn__15878$fn__15879$fn__15881.invoke(process.clj:147)
	at maelstrom.process$stdout_thread$fn__15878$fn__15879.invoke(process.clj:146)
	at maelstrom.process$stdout_thread$fn__15878.invoke(process.clj:140)
	at clojure.core$binding_conveyor_fn$fn__5823.invoke(core.clj:2047)
	at clojure.lang.AFn.call(AFn.java:18)
	at java.base/java.util.concurrent.FutureTask.run(FutureTask.java:264)
	at java.base/java.util.concurrent.ThreadPoolExecutor.runWorker(ThreadPoolExecutor.java:1136)
	at java.base/java.util.concurrent.ThreadPoolExecutor$Worker.run(ThreadPoolExecutor.java:635)
	at java.base/java.lang.Thread.run(Thread.java:833)
2023-05-30 00:41:31,747{GMT}	INFO	[jepsen node n0] maelstrom.net: Shutting down Maelstrom network
2023-05-30 00:41:31,782{GMT}	INFO	[jepsen test runner] jepsen.core: Analyzing...
2023-05-30 00:41:34,998{GMT}	INFO	[jepsen test runner] jepsen.core: Analysis complete
2023-05-30 00:41:35,055{GMT}	INFO	[jepsen results] jepsen.store: Wrote /Users/adicardrz/go-projects/maelstrom-challenges/maelstrom/store/broadcast/20230530T004049.263+0200/results.edn
2023-05-30 00:41:35,126{GMT}	INFO	[jepsen test runner] jepsen.core: {:perf {:latency-graph {:valid? true},
        :rate-graph {:valid? true},
        :valid? true},
 :timeline {:valid? true},
 :exceptions {:valid? true},
 :stats {:valid? true,
         :count 188,
         :ok-count 184,
         :fail-count 4,
         :info-count 0,
         :by-f {:broadcast {:valid? true,
                            :count 84,
                            :ok-count 84,
                            :fail-count 0,
                            :info-count 0},
                :read {:valid? true,
                       :count 104,
                       :ok-count 100,
                       :fail-count 4,
                       :info-count 0}}},
 :availability {:valid? true, :ok-fraction 0.9787234},
 :net {:all {:send-count 1447273,
             :recv-count 560407,
             :msg-count 1447273,
             :msgs-per-op 7698.2607},
       :clients {:send-count 393, :recv-count 390, :msg-count 393},
       :servers {:send-count 1446880,
                 :recv-count 560017,
                 :msg-count 1446880,
                 :msgs-per-op 7696.1704},
       :valid? true},
 :workload {:worst-stale ({:element 1,
                           :outcome :stable,
                           :stable-latency 17496,
                           :lost-latency nil,
                           :known #jepsen.history.Op{:index 7,
                                                     :time 303169799,
                                                     :type :ok,
                                                     :process 3,
                                                     :f :add,
                                                     :value 1},
                           :last-absent #jepsen.history.Op{:index 328,
                                                           :time 17800067753,
                                                           :type :invoke,
                                                           :process 2,
                                                           :f :read,
                                                           :value nil}}
                          {:element 2,
                           :outcome :stable,
                           :stable-latency 17417,
                           :lost-latency nil,
                           :known #jepsen.history.Op{:index 11,
                                                     :time 382385690,
                                                     :type :ok,
                                                     :process 0,
                                                     :f :add,
                                                     :value 2},
                           :last-absent #jepsen.history.Op{:index 328,
                                                           :time 17800067753,
                                                           :type :invoke,
                                                           :process 2,
                                                           :f :read,
                                                           :value nil}}
                          {:element 3,
                           :outcome :stable,
                           :stable-latency 17292,
                           :lost-latency nil,
                           :known #jepsen.history.Op{:index 13,
                                                     :time 507572603,
                                                     :type :ok,
                                                     :process 0,
                                                     :f :add,
                                                     :value 3},
                           :last-absent #jepsen.history.Op{:index 328,
                                                           :time 17800067753,
                                                           :type :invoke,
                                                           :process 2,
                                                           :f :read,
                                                           :value nil}}
                          {:element 5,
                           :outcome :stable,
                           :stable-latency 16925,
                           :lost-latency nil,
                           :known #jepsen.history.Op{:index 19,
                                                     :time 874924497,
                                                     :type :ok,
                                                     :process 3,
                                                     :f :add,
                                                     :value 5},
                           :last-absent #jepsen.history.Op{:index 328,
                                                           :time 17800067753,
                                                           :type :invoke,
                                                           :process 2,
                                                           :f :read,
                                                           :value nil}}
                          {:element 4,
                           :outcome :stable,
                           :stable-latency 16778,
                           :lost-latency nil,
                           :known #jepsen.history.Op{:index 15,
                                                     :time 681247721,
                                                     :type :ok,
                                                     :process 1,
                                                     :f :add,
                                                     :value 4},
                           :last-absent #jepsen.history.Op{:index 324,
                                                           :time 17459646744,
                                                           :type :invoke,
                                                           :process 0,
                                                           :f :read,
                                                           :value nil}}
                          {:element 6,
                           :outcome :stable,
                           :stable-latency 16750,
                           :lost-latency nil,
                           :known #jepsen.history.Op{:index 21,
                                                     :time 1049604764,
                                                     :type :ok,
                                                     :process 4,
                                                     :f :add,
                                                     :value 6},
                           :last-absent #jepsen.history.Op{:index 328,
                                                           :time 17800067753,
                                                           :type :invoke,
                                                           :process 2,
                                                           :f :read,
                                                           :value nil}}
                          {:element 7,
                           :outcome :stable,
                           :stable-latency 16090,
                           :lost-latency nil,
                           :known #jepsen.history.Op{:index 27,
                                                     :time 1368984367,
                                                     :type :ok,
                                                     :process 1,
                                                     :f :add,
                                                     :value 7},
                           :last-absent #jepsen.history.Op{:index 324,
                                                           :time 17459646744,
                                                           :type :invoke,
                                                           :process 0,
                                                           :f :read,
                                                           :value nil}}
                          {:element 8,
                           :outcome :stable,
                           :stable-latency 15973,
                           :lost-latency nil,
                           :known #jepsen.history.Op{:index 35,
                                                     :time 1826227822,
                                                     :type :ok,
                                                     :process 0,
                                                     :f :add,
                                                     :value 8},
                           :last-absent #jepsen.history.Op{:index 328,
                                                           :time 17800067753,
                                                           :type :invoke,
                                                           :process 2,
                                                           :f :read,
                                                           :value nil}}),
            :duplicated-count 0,
            :valid? false,
            :lost-count 1,
            :lost (82),
            :stable-count 83,
            :stale-count 78,
            :stale (1
                    2
                    3
                    4
                    5
                    6
                    7
                    8
                    9
                    10
                    11
                    12
                    13
                    14
                    15
                    16
                    17
                    18
                    19
                    20
                    21
                    22
                    23
                    24
                    25
                    26
                    27
                    28
                    29
                    30
                    31
                    32
                    33
                    34
                    35
                    36
                    37
                    38
                    39
                    40
                    41
                    42
                    43
                    44
                    45
                    46
                    47
                    48
                    49
                    50
                    51
                    52
                    53
                    54
                    55
                    56
                    57
                    58
                    59
                    60
                    61
                    62
                    63
                    64
                    65
                    66
                    67
                    68
                    69
                    70
                    71
                    74
                    76
                    77
                    78
                    79
                    80
                    83),
            :never-read-count 0,
            :stable-latencies {0 0,
                               0.5 7188,
                               0.95 16778,
                               0.99 17496,
                               1 17496},
            :attempt-count 84,
            :lost-latencies {0 14236,
                             0.5 14236,
                             0.95 14236,
                             0.99 14236,
                             1 14236},
            :never-read (),
            :duplicated {}},
 :valid? false}


Analysis invalid! ( 
