2023/05/29 21:06:38 Received {c0 n0 {"type":"init","node_id":"n0","node_ids":["n0"],"msg_id":1}}
2023/05/29 21:06:38 Node n0 initialized
2023/05/29 21:06:38 Sent {"src":"n0","dest":"c0","body":{"in_reply_to":1,"type":"init_ok"}}
2023/05/29 21:06:38 Received {c1 n0 {"type":"topology","topology":{"n0":[]},"msg_id":1}}
2023/05/29 21:06:38 Sent {"src":"n0","dest":"c1","body":{"in_reply_to":1,"msg_id":1,"type":"topology_ok"}}
2023/05/29 21:06:38 Received {c2 n0 {"type":"read","msg_id":1}}
2023/05/29 21:06:38 Sent {"src":"n0","dest":"c2","body":{"in_reply_to":1,"messages":[],"msg_id":1,"type":"read_ok"}}
2023/05/29 21:06:38 Received {c2 n0 {"type":"read","msg_id":2}}
2023/05/29 21:06:38 Sent {"src":"n0","dest":"c2","body":{"in_reply_to":2,"messages":[],"msg_id":2,"type":"read_ok"}}
2023/05/29 21:06:38 Received {c2 n0 {"type":"broadcast","message":0,"msg_id":3}}
panic: interface conversion: interface {} is float64, not int

goroutine 5 [running]:
main.main.func1({{0xc00001a4f8, 0x2}, {0xc00001a4fa, 0x2}, {0xc000020180, 0x2b, 0x30}})
	/Users/adicardrz/go-projects/maelstrom-challenges/broadcast/main.go:23 +0x259
github.com/jepsen-io/maelstrom/demo/go.(*Node).handleMessage(0x0?, 0x0?, {{0xc00001a4f8, 0x2}, {0xc00001a4fa, 0x2}, {0xc000020180, 0x2b, 0x30}})
	/Users/adicardrz/go/pkg/mod/github.com/jepsen-io/maelstrom/demo/go@v0.0.0-20230516124010-52951329816e/node.go:151 +0x96
github.com/jepsen-io/maelstrom/demo/go.(*Node).Run.func2()
	/Users/adicardrz/go/pkg/mod/github.com/jepsen-io/maelstrom/demo/go@v0.0.0-20230516124010-52951329816e/node.go:129 +0x88
created by github.com/jepsen-io/maelstrom/demo/go.(*Node).Run
	/Users/adicardrz/go/pkg/mod/github.com/jepsen-io/maelstrom/demo/go@v0.0.0-20230516124010-52951329816e/node.go:127 +0x41b
