2023/05/29 22:59:40 Received {c0 n1 {"type":"init","node_id":"n1","node_ids":["n0","n1","n2","n3","n4"],"msg_id":1}}
2023/05/29 22:59:40 Node n1 initialized
2023/05/29 22:59:40 Sent {"src":"n1","dest":"c0","body":{"in_reply_to":1,"type":"init_ok"}}
2023/05/29 22:59:40 Received {c6 n1 {"type":"topology","topology":{"n0":["n3","n1"],"n1":["n4","n2","n0"],"n2":["n1"],"n3":["n0","n4"],"n4":["n1","n3"]},"msg_id":1}}
2023/05/29 22:59:40 Sent {"src":"n1","dest":"c6","body":{"in_reply_to":1,"type":"topology_ok"}}
2023/05/29 22:59:41 Received {n2 n1 {"counter":1,"message":0,"msg_id":1,"sender":"n2","type":"gossip"}}
2023/05/29 22:59:41 Sent {"src":"n1","dest":"n4","body":{"counter":1,"message":0,"msg_id":1,"sender":"n2","type":"gossip"}}
2023/05/29 22:59:41 Sent {"src":"n1","dest":"n2","body":{"counter":1,"message":0,"msg_id":2,"sender":"n2","type":"gossip"}}
2023/05/29 22:59:41 Sent {"src":"n1","dest":"n0","body":{"counter":1,"message":0,"msg_id":3,"sender":"n2","type":"gossip"}}
2023/05/29 22:59:41 Sent {"src":"n1","dest":"n2","body":{"in_reply_to":1,"type":"gossip_ok"}}
2023/05/29 22:59:41 Received {n4 n1 {"counter":1,"message":0,"msg_id":1,"sender":"n2","type":"gossip"}}
2023/05/29 22:59:41 Received {n2 n1 {"counter":1,"message":0,"msg_id":2,"sender":"n2","type":"gossip"}}
2023/05/29 22:59:41 Sent {"src":"n1","dest":"n4","body":{"in_reply_to":1,"type":"gossip_ok"}}
2023/05/29 22:59:41 Sent {"src":"n1","dest":"n2","body":{"in_reply_to":2,"type":"gossip_ok"}}
2023/05/29 22:59:41 Received {n2 n1 {"in_reply_to":2,"type":"gossip_ok"}}
2023/05/29 22:59:41 Received {n4 n1 {"in_reply_to":1,"type":"gossip_ok"}}
2023/05/29 22:59:41 Received {n4 n1 {"counter":1,"message":1,"msg_id":3,"sender":"n3","type":"gossip"}}
2023/05/29 22:59:41 Sent {"src":"n1","dest":"n4","body":{"counter":1,"message":1,"msg_id":4,"sender":"n3","type":"gossip"}}
2023/05/29 22:59:41 Sent {"src":"n1","dest":"n2","body":{"counter":1,"message":1,"msg_id":5,"sender":"n3","type":"gossip"}}
2023/05/29 22:59:41 Sent {"src":"n1","dest":"n0","body":{"counter":1,"message":1,"msg_id":6,"sender":"n3","type":"gossip"}}
2023/05/29 22:59:41 Sent {"src":"n1","dest":"n4","body":{"in_reply_to":3,"type":"gossip_ok"}}
2023/05/29 22:59:41 Received {n2 n1 {"counter":1,"message":1,"msg_id":3,"sender":"n3","type":"gossip"}}
2023/05/29 22:59:41 Received {n4 n1 {"in_reply_to":4,"type":"gossip_ok"}}
2023/05/29 22:59:41 Sent {"src":"n1","dest":"n2","body":{"in_reply_to":3,"type":"gossip_ok"}}
2023/05/29 22:59:41 Received {n2 n1 {"in_reply_to":5,"type":"gossip_ok"}}
2023/05/29 22:59:41 Received {n4 n1 {"counter":1,"message":2,"msg_id":5,"sender":"n4","type":"gossip"}}
2023/05/29 22:59:41 Sent {"src":"n1","dest":"n4","body":{"counter":1,"message":2,"msg_id":7,"sender":"n4","type":"gossip"}}
2023/05/29 22:59:41 Sent {"src":"n1","dest":"n2","body":{"counter":1,"message":2,"msg_id":8,"sender":"n4","type":"gossip"}}
2023/05/29 22:59:41 Sent {"src":"n1","dest":"n0","body":{"counter":1,"message":2,"msg_id":9,"sender":"n4","type":"gossip"}}
2023/05/29 22:59:41 Sent {"src":"n1","dest":"n4","body":{"in_reply_to":5,"type":"gossip_ok"}}
2023/05/29 22:59:41 Received {n4 n1 {"counter":1,"message":2,"msg_id":7,"sender":"n4","type":"gossip"}}
2023/05/29 22:59:41 Sent {"src":"n1","dest":"n4","body":{"in_reply_to":7,"type":"gossip_ok"}}
2023/05/29 22:59:41 Received {n2 n1 {"counter":1,"message":2,"msg_id":4,"sender":"n4","type":"gossip"}}
2023/05/29 22:59:41 Sent {"src":"n1","dest":"n2","body":{"in_reply_to":4,"type":"gossip_ok"}}
2023/05/29 22:59:41 Received {n2 n1 {"in_reply_to":8,"type":"gossip_ok"}}
2023/05/29 22:59:41 Received {n4 n1 {"in_reply_to":7,"type":"gossip_ok"}}
2023/05/29 22:59:41 Received {c14 n1 {"type":"broadcast","message":3,"msg_id":1}}
2023/05/29 22:59:41 Sent {"src":"n1","dest":"n4","body":{"counter":1,"message":3,"msg_id":10,"sender":"n1","type":"gossip"}}
2023/05/29 22:59:41 Sent {"src":"n1","dest":"n2","body":{"counter":1,"message":3,"msg_id":11,"sender":"n1","type":"gossip"}}
2023/05/29 22:59:41 Sent {"src":"n1","dest":"n0","body":{"counter":1,"message":3,"msg_id":12,"sender":"n1","type":"gossip"}}
2023/05/29 22:59:41 Sent {"src":"n1","dest":"c14","body":{"in_reply_to":1,"type":"broadcast_ok"}}
2023/05/29 22:59:41 Received {n4 n1 {"counter":1,"message":3,"msg_id":9,"sender":"n1","type":"gossip"}}
2023/05/29 22:59:41 Received {n2 n1 {"counter":1,"message":3,"msg_id":5,"sender":"n1","type":"gossip"}}
2023/05/29 22:59:41 Received {n2 n1 {"in_reply_to":11,"type":"gossip_ok"}}
2023/05/29 22:59:41 Received {n4 n1 {"in_reply_to":10,"type":"gossip_ok"}}
2023/05/29 22:59:41 Sent {"src":"n1","dest":"n4","body":{"counter":1,"message":3,"msg_id":13,"sender":"n1","type":"gossip"}}
2023/05/29 22:59:41 Sent {"src":"n1","dest":"n2","body":{"counter":1,"message":3,"msg_id":14,"sender":"n1","type":"gossip"}}
2023/05/29 22:59:41 Sent {"src":"n1","dest":"n0","body":{"counter":1,"message":3,"msg_id":15,"sender":"n1","type":"gossip"}}
2023/05/29 22:59:41 Sent {"src":"n1","dest":"n4","body":{"in_reply_to":9,"type":"gossip_ok"}}
2023/05/29 22:59:41 Sent {"src":"n1","dest":"n2","body":{"in_reply_to":5,"type":"gossip_ok"}}
2023/05/29 22:59:41 Received {n2 n1 {"in_reply_to":14,"type":"gossip_ok"}}
2023/05/29 22:59:41 Received {n4 n1 {"in_reply_to":13,"type":"gossip_ok"}}
2023/05/29 22:59:41 Received {n2 n1 {"counter":2,"message":4,"msg_id":6,"sender":"n2","type":"gossip"}}
2023/05/29 22:59:41 Sent {"src":"n1","dest":"n4","body":{"counter":2,"message":4,"msg_id":16,"sender":"n2","type":"gossip"}}
2023/05/29 22:59:41 Sent {"src":"n1","dest":"n2","body":{"counter":2,"message":4,"msg_id":17,"sender":"n2","type":"gossip"}}
2023/05/29 22:59:41 Sent {"src":"n1","dest":"n0","body":{"counter":2,"message":4,"msg_id":18,"sender":"n2","type":"gossip"}}
2023/05/29 22:59:41 Sent {"src":"n1","dest":"n2","body":{"in_reply_to":6,"type":"gossip_ok"}}
2023/05/29 22:59:41 Received {n4 n1 {"counter":2,"message":4,"msg_id":11,"sender":"n2","type":"gossip"}}
2023/05/29 22:59:41 Received {n2 n1 {"counter":2,"message":4,"msg_id":7,"sender":"n2","type":"gossip"}}
2023/05/29 22:59:41 Received {n2 n1 {"in_reply_to":17,"type":"gossip_ok"}}
2023/05/29 22:59:41 Sent {"src":"n1","dest":"n4","body":{"in_reply_to":11,"type":"gossip_ok"}}
2023/05/29 22:59:41 Sent {"src":"n1","dest":"n2","body":{"in_reply_to":7,"type":"gossip_ok"}}
2023/05/29 22:59:41 Received {n4 n1 {"in_reply_to":16,"type":"gossip_ok"}}
2023/05/29 22:59:41 Received {n4 n1 {"counter":2,"message":5,"msg_id":13,"sender":"n3","type":"gossip"}}
2023/05/29 22:59:41 Sent {"src":"n1","dest":"n4","body":{"counter":2,"message":5,"msg_id":19,"sender":"n3","type":"gossip"}}
2023/05/29 22:59:41 Sent {"src":"n1","dest":"n2","body":{"counter":2,"message":5,"msg_id":20,"sender":"n3","type":"gossip"}}
2023/05/29 22:59:41 Sent {"src":"n1","dest":"n0","body":{"counter":2,"message":5,"msg_id":21,"sender":"n3","type":"gossip"}}
2023/05/29 22:59:41 Sent {"src":"n1","dest":"n4","body":{"in_reply_to":13,"type":"gossip_ok"}}
2023/05/29 22:59:41 Received {n4 n1 {"in_reply_to":19,"type":"gossip_ok"}}
2023/05/29 22:59:41 Received {n2 n1 {"counter":2,"message":5,"msg_id":8,"sender":"n3","type":"gossip"}}
2023/05/29 22:59:41 Sent {"src":"n1","dest":"n2","body":{"in_reply_to":8,"type":"gossip_ok"}}
2023/05/29 22:59:41 Received {n2 n1 {"in_reply_to":20,"type":"gossip_ok"}}
2023/05/29 22:59:41 Received {c14 n1 {"type":"broadcast","message":6,"msg_id":2}}
2023/05/29 22:59:41 Sent {"src":"n1","dest":"n4","body":{"counter":2,"message":6,"msg_id":22,"sender":"n1","type":"gossip"}}
2023/05/29 22:59:41 Sent {"src":"n1","dest":"n2","body":{"counter":2,"message":6,"msg_id":23,"sender":"n1","type":"gossip"}}
2023/05/29 22:59:41 Sent {"src":"n1","dest":"n0","body":{"counter":2,"message":6,"msg_id":24,"sender":"n1","type":"gossip"}}
2023/05/29 22:59:41 Sent {"src":"n1","dest":"c14","body":{"in_reply_to":2,"type":"broadcast_ok"}}
2023/05/29 22:59:41 Received {n4 n1 {"counter":2,"message":6,"msg_id":15,"sender":"n1","type":"gossip"}}
2023/05/29 22:59:41 Received {n2 n1 {"counter":2,"message":6,"msg_id":9,"sender":"n1","type":"gossip"}}
2023/05/29 22:59:41 Sent {"src":"n1","dest":"n4","body":{"counter":2,"message":6,"msg_id":25,"sender":"n1","type":"gossip"}}
2023/05/29 22:59:41 Sent {"src":"n1","dest":"n2","body":{"counter":2,"message":6,"msg_id":26,"sender":"n1","type":"gossip"}}
2023/05/29 22:59:41 Received {n2 n1 {"in_reply_to":23,"type":"gossip_ok"}}
2023/05/29 22:59:41 Sent {"src":"n1","dest":"n0","body":{"counter":2,"message":6,"msg_id":27,"sender":"n1","type":"gossip"}}
2023/05/29 22:59:41 Sent {"src":"n1","dest":"n4","body":{"in_reply_to":15,"type":"gossip_ok"}}
2023/05/29 22:59:41 Sent {"src":"n1","dest":"n2","body":{"in_reply_to":9,"type":"gossip_ok"}}
2023/05/29 22:59:41 Received {n4 n1 {"in_reply_to":22,"type":"gossip_ok"}}
2023/05/29 22:59:41 Received {n4 n1 {"in_reply_to":25,"type":"gossip_ok"}}
2023/05/29 22:59:41 Received {n2 n1 {"in_reply_to":26,"type":"gossip_ok"}}
2023/05/29 22:59:42 Received {c14 n1 {"type":"broadcast","message":7,"msg_id":3}}
2023/05/29 22:59:42 Sent {"src":"n1","dest":"n4","body":{"counter":3,"message":7,"msg_id":28,"sender":"n1","type":"gossip"}}
2023/05/29 22:59:42 Sent {"src":"n1","dest":"n2","body":{"counter":3,"message":7,"msg_id":29,"sender":"n1","type":"gossip"}}
2023/05/29 22:59:42 Sent {"src":"n1","dest":"n0","body":{"counter":3,"message":7,"msg_id":30,"sender":"n1","type":"gossip"}}
2023/05/29 22:59:42 Sent {"src":"n1","dest":"c14","body":{"in_reply_to":3,"type":"broadcast_ok"}}
2023/05/29 22:59:42 Received {n4 n1 {"counter":3,"message":7,"msg_id":17,"sender":"n1","type":"gossip"}}
2023/05/29 22:59:42 Received {n2 n1 {"counter":3,"message":7,"msg_id":10,"sender":"n1","type":"gossip"}}
2023/05/29 22:59:42 Received {n2 n1 {"in_reply_to":29,"type":"gossip_ok"}}
2023/05/29 22:59:42 Received {n4 n1 {"in_reply_to":28,"type":"gossip_ok"}}
2023/05/29 22:59:42 Sent {"src":"n1","dest":"n4","body":{"counter":3,"message":7,"msg_id":31,"sender":"n1","type":"gossip"}}
2023/05/29 22:59:42 Sent {"src":"n1","dest":"n2","body":{"counter":3,"message":7,"msg_id":32,"sender":"n1","type":"gossip"}}
2023/05/29 22:59:42 Sent {"src":"n1","dest":"n0","body":{"counter":3,"message":7,"msg_id":33,"sender":"n1","type":"gossip"}}
2023/05/29 22:59:42 Sent {"src":"n1","dest":"n2","body":{"in_reply_to":10,"type":"gossip_ok"}}
2023/05/29 22:59:42 Sent {"src":"n1","dest":"n4","body":{"in_reply_to":17,"type":"gossip_ok"}}
2023/05/29 22:59:42 Received {n2 n1 {"in_reply_to":32,"type":"gossip_ok"}}
2023/05/29 22:59:42 Received {n4 n1 {"in_reply_to":31,"type":"gossip_ok"}}
2023/05/29 22:59:42 Received {c14 n1 {"type":"broadcast","message":9,"msg_id":4}}
2023/05/29 22:59:42 Sent {"src":"n1","dest":"n4","body":{"counter":4,"message":9,"msg_id":34,"sender":"n1","type":"gossip"}}
2023/05/29 22:59:42 Sent {"src":"n1","dest":"n2","body":{"counter":4,"message":9,"msg_id":35,"sender":"n1","type":"gossip"}}
2023/05/29 22:59:42 Sent {"src":"n1","dest":"n0","body":{"counter":4,"message":9,"msg_id":36,"sender":"n1","type":"gossip"}}
2023/05/29 22:59:42 Sent {"src":"n1","dest":"c14","body":{"in_reply_to":4,"type":"broadcast_ok"}}
2023/05/29 22:59:42 Received {n4 n1 {"counter":4,"message":9,"msg_id":19,"sender":"n1","type":"gossip"}}
2023/05/29 22:59:42 Received {n2 n1 {"counter":4,"message":9,"msg_id":11,"sender":"n1","type":"gossip"}}
2023/05/29 22:59:42 Sent {"src":"n1","dest":"n4","body":{"counter":4,"message":9,"msg_id":37,"sender":"n1","type":"gossip"}}
2023/05/29 22:59:42 Sent {"src":"n1","dest":"n2","body":{"in_reply_to":11,"type":"gossip_ok"}}
2023/05/29 22:59:42 Sent {"src":"n1","dest":"n2","body":{"counter":4,"message":9,"msg_id":38,"sender":"n1","type":"gossip"}}
2023/05/29 22:59:42 Sent {"src":"n1","dest":"n0","body":{"counter":4,"message":9,"msg_id":39,"sender":"n1","type":"gossip"}}
2023/05/29 22:59:42 Received {n2 n1 {"in_reply_to":35,"type":"gossip_ok"}}
2023/05/29 22:59:42 Sent {"src":"n1","dest":"n4","body":{"in_reply_to":19,"type":"gossip_ok"}}
2023/05/29 22:59:42 Received {n4 n1 {"in_reply_to":34,"type":"gossip_ok"}}
2023/05/29 22:59:42 Received {n4 n1 {"in_reply_to":37,"type":"gossip_ok"}}
2023/05/29 22:59:42 Received {n2 n1 {"in_reply_to":38,"type":"gossip_ok"}}
2023/05/29 22:59:42 Received {n2 n1 {"counter":3,"message":10,"msg_id":12,"sender":"n2","type":"gossip"}}
2023/05/29 22:59:42 Sent {"src":"n1","dest":"n4","body":{"counter":3,"message":10,"msg_id":40,"sender":"n2","type":"gossip"}}
2023/05/29 22:59:42 Sent {"src":"n1","dest":"n2","body":{"counter":3,"message":10,"msg_id":41,"sender":"n2","type":"gossip"}}
2023/05/29 22:59:42 Sent {"src":"n1","dest":"n0","body":{"counter":3,"message":10,"msg_id":42,"sender":"n2","type":"gossip"}}
2023/05/29 22:59:42 Sent {"src":"n1","dest":"n2","body":{"in_reply_to":12,"type":"gossip_ok"}}
2023/05/29 22:59:42 Received {n4 n1 {"counter":3,"message":10,"msg_id":21,"sender":"n2","type":"gossip"}}
2023/05/29 22:59:42 Received {n4 n1 {"in_reply_to":40,"type":"gossip_ok"}}
2023/05/29 22:59:42 Received {n2 n1 {"counter":3,"message":10,"msg_id":13,"sender":"n2","type":"gossip"}}
2023/05/29 22:59:42 Sent {"src":"n1","dest":"n4","body":{"in_reply_to":21,"type":"gossip_ok"}}
2023/05/29 22:59:42 Received {n2 n1 {"in_reply_to":41,"type":"gossip_ok"}}
2023/05/29 22:59:42 Sent {"src":"n1","dest":"n2","body":{"in_reply_to":13,"type":"gossip_ok"}}
2023/05/29 22:59:42 Received {n4 n1 {"counter":3,"message":11,"msg_id":23,"sender":"n3","type":"gossip"}}
2023/05/29 22:59:42 Sent {"src":"n1","dest":"n4","body":{"counter":3,"message":11,"msg_id":43,"sender":"n3","type":"gossip"}}
2023/05/29 22:59:42 Sent {"src":"n1","dest":"n2","body":{"counter":3,"message":11,"msg_id":44,"sender":"n3","type":"gossip"}}
2023/05/29 22:59:42 Sent {"src":"n1","dest":"n0","body":{"counter":3,"message":11,"msg_id":45,"sender":"n3","type":"gossip"}}
2023/05/29 22:59:42 Sent {"src":"n1","dest":"n4","body":{"in_reply_to":23,"type":"gossip_ok"}}
2023/05/29 22:59:42 Received {n4 n1 {"in_reply_to":43,"type":"gossip_ok"}}
2023/05/29 22:59:42 Received {n2 n1 {"counter":3,"message":11,"msg_id":14,"sender":"n3","type":"gossip"}}
2023/05/29 22:59:42 Sent {"src":"n1","dest":"n2","body":{"in_reply_to":14,"type":"gossip_ok"}}
2023/05/29 22:59:42 Received {n2 n1 {"in_reply_to":44,"type":"gossip_ok"}}
2023/05/29 22:59:43 Received {n4 n1 {"counter":2,"message":12,"msg_id":25,"sender":"n4","type":"gossip"}}
2023/05/29 22:59:43 Sent {"src":"n1","dest":"n4","body":{"counter":2,"message":12,"msg_id":46,"sender":"n4","type":"gossip"}}
2023/05/29 22:59:43 Sent {"src":"n1","dest":"n2","body":{"counter":2,"message":12,"msg_id":47,"sender":"n4","type":"gossip"}}
2023/05/29 22:59:43 Sent {"src":"n1","dest":"n0","body":{"counter":2,"message":12,"msg_id":48,"sender":"n4","type":"gossip"}}
2023/05/29 22:59:43 Sent {"src":"n1","dest":"n4","body":{"in_reply_to":25,"type":"gossip_ok"}}
2023/05/29 22:59:43 Received {n4 n1 {"counter":2,"message":12,"msg_id":27,"sender":"n4","type":"gossip"}}
2023/05/29 22:59:43 Received {n4 n1 {"in_reply_to":46,"type":"gossip_ok"}}
2023/05/29 22:59:43 Received {n2 n1 {"counter":2,"message":12,"msg_id":15,"sender":"n4","type":"gossip"}}
2023/05/29 22:59:43 Sent {"src":"n1","dest":"n4","body":{"in_reply_to":27,"type":"gossip_ok"}}
2023/05/29 22:59:43 Received {n2 n1 {"in_reply_to":47,"type":"gossip_ok"}}
2023/05/29 22:59:43 Sent {"src":"n1","dest":"n2","body":{"in_reply_to":15,"type":"gossip_ok"}}
2023/05/29 22:59:43 Received {c14 n1 {"type":"read","msg_id":5}}
2023/05/29 22:59:43 Sent {"src":"n1","dest":"c14","body":{"in_reply_to":5,"messages":[0,1,2,3,3,4,5,6,6,7,7,9,9,10,11,12],"msg_id":5,"type":"read_ok"}}
2023/05/29 22:59:44 Received {c14 n1 {"type":"broadcast","message":15,"msg_id":6}}
2023/05/29 22:59:44 Sent {"src":"n1","dest":"n4","body":{"counter":5,"message":15,"msg_id":49,"sender":"n1","type":"gossip"}}
2023/05/29 22:59:44 Sent {"src":"n1","dest":"n2","body":{"counter":5,"message":15,"msg_id":50,"sender":"n1","type":"gossip"}}
2023/05/29 22:59:44 Sent {"src":"n1","dest":"n0","body":{"counter":5,"message":15,"msg_id":51,"sender":"n1","type":"gossip"}}
2023/05/29 22:59:44 Sent {"src":"n1","dest":"c14","body":{"in_reply_to":6,"type":"broadcast_ok"}}
2023/05/29 22:59:44 Received {n4 n1 {"counter":5,"message":15,"msg_id":29,"sender":"n1","type":"gossip"}}
2023/05/29 22:59:44 Received {n2 n1 {"counter":5,"message":15,"msg_id":16,"sender":"n1","type":"gossip"}}
2023/05/29 22:59:44 Received {n2 n1 {"in_reply_to":50,"type":"gossip_ok"}}
2023/05/29 22:59:44 Received {n4 n1 {"in_reply_to":49,"type":"gossip_ok"}}
2023/05/29 22:59:44 Sent {"src":"n1","dest":"n4","body":{"counter":5,"message":15,"msg_id":52,"sender":"n1","type":"gossip"}}
2023/05/29 22:59:44 Sent {"src":"n1","dest":"n2","body":{"counter":5,"message":15,"msg_id":53,"sender":"n1","type":"gossip"}}
2023/05/29 22:59:44 Sent {"src":"n1","dest":"n0","body":{"counter":5,"message":15,"msg_id":54,"sender":"n1","type":"gossip"}}
2023/05/29 22:59:44 Sent {"src":"n1","dest":"n4","body":{"in_reply_to":29,"type":"gossip_ok"}}
2023/05/29 22:59:44 Sent {"src":"n1","dest":"n2","body":{"in_reply_to":16,"type":"gossip_ok"}}
2023/05/29 22:59:44 Received {n4 n1 {"in_reply_to":52,"type":"gossip_ok"}}
2023/05/29 22:59:44 Received {n2 n1 {"in_reply_to":53,"type":"gossip_ok"}}
2023/05/29 22:59:44 Received {n2 n1 {"counter":4,"message":16,"msg_id":17,"sender":"n2","type":"gossip"}}
2023/05/29 22:59:44 Sent {"src":"n1","dest":"n4","body":{"counter":4,"message":16,"msg_id":55,"sender":"n2","type":"gossip"}}
2023/05/29 22:59:44 Sent {"src":"n1","dest":"n2","body":{"counter":4,"message":16,"msg_id":56,"sender":"n2","type":"gossip"}}
2023/05/29 22:59:44 Sent {"src":"n1","dest":"n0","body":{"counter":4,"message":16,"msg_id":57,"sender":"n2","type":"gossip"}}
2023/05/29 22:59:44 Sent {"src":"n1","dest":"n2","body":{"in_reply_to":17,"type":"gossip_ok"}}
2023/05/29 22:59:44 Received {n4 n1 {"counter":4,"message":16,"msg_id":31,"sender":"n2","type":"gossip"}}
2023/05/29 22:59:44 Sent {"src":"n1","dest":"n4","body":{"in_reply_to":31,"type":"gossip_ok"}}
2023/05/29 22:59:44 Received {n2 n1 {"counter":4,"message":16,"msg_id":18,"sender":"n2","type":"gossip"}}
2023/05/29 22:59:44 Received {n2 n1 {"in_reply_to":56,"type":"gossip_ok"}}
2023/05/29 22:59:44 Sent {"src":"n1","dest":"n2","body":{"in_reply_to":18,"type":"gossip_ok"}}
2023/05/29 22:59:44 Received {n4 n1 {"in_reply_to":55,"type":"gossip_ok"}}
2023/05/29 22:59:44 Received {n4 n1 {"counter":4,"message":17,"msg_id":33,"sender":"n3","type":"gossip"}}
2023/05/29 22:59:44 Sent {"src":"n1","dest":"n4","body":{"counter":4,"message":17,"msg_id":58,"sender":"n3","type":"gossip"}}
2023/05/29 22:59:44 Sent {"src":"n1","dest":"n2","body":{"counter":4,"message":17,"msg_id":59,"sender":"n3","type":"gossip"}}
2023/05/29 22:59:44 Sent {"src":"n1","dest":"n0","body":{"counter":4,"message":17,"msg_id":60,"sender":"n3","type":"gossip"}}
2023/05/29 22:59:44 Sent {"src":"n1","dest":"n4","body":{"in_reply_to":33,"type":"gossip_ok"}}
2023/05/29 22:59:44 Received {n4 n1 {"in_reply_to":58,"type":"gossip_ok"}}
2023/05/29 22:59:44 Received {n2 n1 {"counter":4,"message":17,"msg_id":19,"sender":"n3","type":"gossip"}}
2023/05/29 22:59:44 Received {n2 n1 {"in_reply_to":59,"type":"gossip_ok"}}
2023/05/29 22:59:44 Sent {"src":"n1","dest":"n2","body":{"in_reply_to":19,"type":"gossip_ok"}}
2023/05/29 22:59:44 Received {n4 n1 {"counter":3,"message":18,"msg_id":35,"sender":"n4","type":"gossip"}}
2023/05/29 22:59:44 Sent {"src":"n1","dest":"n4","body":{"counter":3,"message":18,"msg_id":61,"sender":"n4","type":"gossip"}}
2023/05/29 22:59:44 Sent {"src":"n1","dest":"n2","body":{"counter":3,"message":18,"msg_id":62,"sender":"n4","type":"gossip"}}
2023/05/29 22:59:44 Sent {"src":"n1","dest":"n0","body":{"counter":3,"message":18,"msg_id":63,"sender":"n4","type":"gossip"}}
2023/05/29 22:59:44 Sent {"src":"n1","dest":"n4","body":{"in_reply_to":35,"type":"gossip_ok"}}
2023/05/29 22:59:44 Received {n4 n1 {"counter":3,"message":18,"msg_id":37,"sender":"n4","type":"gossip"}}
2023/05/29 22:59:44 Received {n2 n1 {"counter":3,"message":18,"msg_id":20,"sender":"n4","type":"gossip"}}
2023/05/29 22:59:44 Received {n2 n1 {"in_reply_to":62,"type":"gossip_ok"}}
2023/05/29 22:59:44 Sent {"src":"n1","dest":"n4","body":{"in_reply_to":37,"type":"gossip_ok"}}
2023/05/29 22:59:44 Sent {"src":"n1","dest":"n2","body":{"in_reply_to":20,"type":"gossip_ok"}}
2023/05/29 22:59:44 Received {n4 n1 {"in_reply_to":61,"type":"gossip_ok"}}
2023/05/29 22:59:45 Received {c14 n1 {"type":"read","msg_id":7}}
2023/05/29 22:59:45 Sent {"src":"n1","dest":"c14","body":{"in_reply_to":7,"messages":[0,1,2,3,3,4,5,6,6,7,7,9,9,10,11,12,15,15,16,17,18],"msg_id":7,"type":"read_ok"}}
2023/05/29 22:59:45 Received {n4 n1 {"counter":4,"message":20,"msg_id":39,"sender":"n4","type":"gossip"}}
2023/05/29 22:59:45 Sent {"src":"n1","dest":"n4","body":{"counter":4,"message":20,"msg_id":64,"sender":"n4","type":"gossip"}}
2023/05/29 22:59:45 Sent {"src":"n1","dest":"n2","body":{"counter":4,"message":20,"msg_id":65,"sender":"n4","type":"gossip"}}
2023/05/29 22:59:45 Sent {"src":"n1","dest":"n0","body":{"counter":4,"message":20,"msg_id":66,"sender":"n4","type":"gossip"}}
2023/05/29 22:59:45 Sent {"src":"n1","dest":"n4","body":{"in_reply_to":39,"type":"gossip_ok"}}
2023/05/29 22:59:45 Received {n4 n1 {"counter":4,"message":20,"msg_id":41,"sender":"n4","type":"gossip"}}
2023/05/29 22:59:45 Sent {"src":"n1","dest":"n4","body":{"in_reply_to":41,"type":"gossip_ok"}}
2023/05/29 22:59:45 Received {n2 n1 {"counter":4,"message":20,"msg_id":21,"sender":"n4","type":"gossip"}}
2023/05/29 22:59:45 Received {n4 n1 {"in_reply_to":64,"type":"gossip_ok"}}
2023/05/29 22:59:45 Sent {"src":"n1","dest":"n2","body":{"in_reply_to":21,"type":"gossip_ok"}}
2023/05/29 22:59:45 Received {n2 n1 {"in_reply_to":65,"type":"gossip_ok"}}
2023/05/29 22:59:45 Received {c14 n1 {"type":"read","msg_id":8}}
2023/05/29 22:59:45 Sent {"src":"n1","dest":"c14","body":{"in_reply_to":8,"messages":[0,1,2,3,3,4,5,6,6,7,7,9,9,10,11,12,15,15,16,17,18,20],"msg_id":8,"type":"read_ok"}}
2023/05/29 22:59:46 Received {c14 n1 {"type":"broadcast","message":24,"msg_id":9}}
2023/05/29 22:59:46 Sent {"src":"n1","dest":"n4","body":{"counter":6,"message":24,"msg_id":67,"sender":"n1","type":"gossip"}}
2023/05/29 22:59:46 Sent {"src":"n1","dest":"n2","body":{"counter":6,"message":24,"msg_id":68,"sender":"n1","type":"gossip"}}
2023/05/29 22:59:46 Sent {"src":"n1","dest":"n0","body":{"counter":6,"message":24,"msg_id":69,"sender":"n1","type":"gossip"}}
2023/05/29 22:59:46 Sent {"src":"n1","dest":"c14","body":{"in_reply_to":9,"type":"broadcast_ok"}}
2023/05/29 22:59:46 Received {n2 n1 {"counter":6,"message":24,"msg_id":22,"sender":"n1","type":"gossip"}}
2023/05/29 22:59:46 Received {n2 n1 {"in_reply_to":68,"type":"gossip_ok"}}
2023/05/29 22:59:46 Received {n4 n1 {"counter":6,"message":24,"msg_id":43,"sender":"n1","type":"gossip"}}
2023/05/29 22:59:46 Sent {"src":"n1","dest":"n4","body":{"counter":6,"message":24,"msg_id":70,"sender":"n1","type":"gossip"}}
2023/05/29 22:59:46 Sent {"src":"n1","dest":"n4","body":{"in_reply_to":43,"type":"gossip_ok"}}
2023/05/29 22:59:46 Sent {"src":"n1","dest":"n2","body":{"counter":6,"message":24,"msg_id":71,"sender":"n1","type":"gossip"}}
2023/05/29 22:59:46 Sent {"src":"n1","dest":"n0","body":{"counter":6,"message":24,"msg_id":72,"sender":"n1","type":"gossip"}}
2023/05/29 22:59:46 Sent {"src":"n1","dest":"n2","body":{"in_reply_to":22,"type":"gossip_ok"}}
2023/05/29 22:59:46 Received {n4 n1 {"in_reply_to":67,"type":"gossip_ok"}}
2023/05/29 22:59:46 Received {n4 n1 {"in_reply_to":70,"type":"gossip_ok"}}
2023/05/29 22:59:46 Received {n2 n1 {"in_reply_to":71,"type":"gossip_ok"}}
2023/05/29 22:59:46 Received {n2 n1 {"counter":5,"message":25,"msg_id":23,"sender":"n2","type":"gossip"}}
2023/05/29 22:59:46 Sent {"src":"n1","dest":"n4","body":{"counter":5,"message":25,"msg_id":73,"sender":"n2","type":"gossip"}}
2023/05/29 22:59:46 Sent {"src":"n1","dest":"n2","body":{"counter":5,"message":25,"msg_id":74,"sender":"n2","type":"gossip"}}
2023/05/29 22:59:46 Sent {"src":"n1","dest":"n0","body":{"counter":5,"message":25,"msg_id":75,"sender":"n2","type":"gossip"}}
2023/05/29 22:59:46 Sent {"src":"n1","dest":"n2","body":{"in_reply_to":23,"type":"gossip_ok"}}
2023/05/29 22:59:46 Received {n4 n1 {"counter":5,"message":25,"msg_id":45,"sender":"n2","type":"gossip"}}
2023/05/29 22:59:46 Received {n2 n1 {"counter":5,"message":25,"msg_id":24,"sender":"n2","type":"gossip"}}
2023/05/29 22:59:46 Received {n2 n1 {"in_reply_to":74,"type":"gossip_ok"}}
2023/05/29 22:59:46 Received {n4 n1 {"in_reply_to":73,"type":"gossip_ok"}}
2023/05/29 22:59:46 Sent {"src":"n1","dest":"n4","body":{"in_reply_to":45,"type":"gossip_ok"}}
2023/05/29 22:59:46 Sent {"src":"n1","dest":"n2","body":{"in_reply_to":24,"type":"gossip_ok"}}
2023/05/29 22:59:46 Received {n4 n1 {"counter":5,"message":26,"msg_id":47,"sender":"n3","type":"gossip"}}
2023/05/29 22:59:46 Sent {"src":"n1","dest":"n4","body":{"counter":5,"message":26,"msg_id":76,"sender":"n3","type":"gossip"}}
2023/05/29 22:59:46 Sent {"src":"n1","dest":"n2","body":{"counter":5,"message":26,"msg_id":77,"sender":"n3","type":"gossip"}}
2023/05/29 22:59:46 Sent {"src":"n1","dest":"n0","body":{"counter":5,"message":26,"msg_id":78,"sender":"n3","type":"gossip"}}
2023/05/29 22:59:46 Sent {"src":"n1","dest":"n4","body":{"in_reply_to":47,"type":"gossip_ok"}}
2023/05/29 22:59:46 Received {n4 n1 {"in_reply_to":76,"type":"gossip_ok"}}
2023/05/29 22:59:46 Received {n2 n1 {"counter":5,"message":26,"msg_id":25,"sender":"n3","type":"gossip"}}
2023/05/29 22:59:46 Received {n2 n1 {"in_reply_to":77,"type":"gossip_ok"}}
2023/05/29 22:59:46 Sent {"src":"n1","dest":"n2","body":{"in_reply_to":25,"type":"gossip_ok"}}
2023/05/29 22:59:47 Received {c14 n1 {"type":"broadcast","message":28,"msg_id":10}}
2023/05/29 22:59:47 Sent {"src":"n1","dest":"n4","body":{"counter":7,"message":28,"msg_id":79,"sender":"n1","type":"gossip"}}
2023/05/29 22:59:47 Sent {"src":"n1","dest":"n2","body":{"counter":7,"message":28,"msg_id":80,"sender":"n1","type":"gossip"}}
2023/05/29 22:59:47 Sent {"src":"n1","dest":"n0","body":{"counter":7,"message":28,"msg_id":81,"sender":"n1","type":"gossip"}}
2023/05/29 22:59:47 Sent {"src":"n1","dest":"c14","body":{"in_reply_to":10,"type":"broadcast_ok"}}
2023/05/29 22:59:47 Received {n4 n1 {"counter":7,"message":28,"msg_id":49,"sender":"n1","type":"gossip"}}
2023/05/29 22:59:47 Received {n2 n1 {"counter":7,"message":28,"msg_id":26,"sender":"n1","type":"gossip"}}
2023/05/29 22:59:47 Received {n4 n1 {"in_reply_to":79,"type":"gossip_ok"}}
2023/05/29 22:59:47 Sent {"src":"n1","dest":"n4","body":{"counter":7,"message":28,"msg_id":82,"sender":"n1","type":"gossip"}}
2023/05/29 22:59:47 Sent {"src":"n1","dest":"n2","body":{"counter":7,"message":28,"msg_id":83,"sender":"n1","type":"gossip"}}
2023/05/29 22:59:47 Received {n2 n1 {"in_reply_to":80,"type":"gossip_ok"}}
2023/05/29 22:59:47 Sent {"src":"n1","dest":"n0","body":{"counter":7,"message":28,"msg_id":84,"sender":"n1","type":"gossip"}}
2023/05/29 22:59:47 Sent {"src":"n1","dest":"n4","body":{"in_reply_to":49,"type":"gossip_ok"}}
2023/05/29 22:59:47 Sent {"src":"n1","dest":"n2","body":{"in_reply_to":26,"type":"gossip_ok"}}
2023/05/29 22:59:47 Received {n4 n1 {"in_reply_to":82,"type":"gossip_ok"}}
2023/05/29 22:59:47 Received {n2 n1 {"in_reply_to":83,"type":"gossip_ok"}}
2023/05/29 22:59:47 Received {n2 n1 {"counter":6,"message":29,"msg_id":27,"sender":"n2","type":"gossip"}}
2023/05/29 22:59:47 Sent {"src":"n1","dest":"n4","body":{"counter":6,"message":29,"msg_id":85,"sender":"n2","type":"gossip"}}
2023/05/29 22:59:47 Sent {"src":"n1","dest":"n2","body":{"counter":6,"message":29,"msg_id":86,"sender":"n2","type":"gossip"}}
2023/05/29 22:59:47 Sent {"src":"n1","dest":"n0","body":{"counter":6,"message":29,"msg_id":87,"sender":"n2","type":"gossip"}}
2023/05/29 22:59:47 Sent {"src":"n1","dest":"n2","body":{"in_reply_to":27,"type":"gossip_ok"}}
2023/05/29 22:59:47 Received {n4 n1 {"counter":6,"message":29,"msg_id":51,"sender":"n2","type":"gossip"}}
2023/05/29 22:59:47 Sent {"src":"n1","dest":"n4","body":{"in_reply_to":51,"type":"gossip_ok"}}
2023/05/29 22:59:47 Received {n2 n1 {"counter":6,"message":29,"msg_id":28,"sender":"n2","type":"gossip"}}
2023/05/29 22:59:47 Received {n2 n1 {"in_reply_to":86,"type":"gossip_ok"}}
2023/05/29 22:59:47 Received {n4 n1 {"in_reply_to":85,"type":"gossip_ok"}}
2023/05/29 22:59:47 Sent {"src":"n1","dest":"n2","body":{"in_reply_to":28,"type":"gossip_ok"}}
2023/05/29 22:59:47 Received {c14 n1 {"type":"read","msg_id":11}}
2023/05/29 22:59:47 Sent {"src":"n1","dest":"c14","body":{"in_reply_to":11,"messages":[0,1,2,3,3,4,5,6,6,7,7,9,9,10,11,12,15,15,16,17,18,20,24,24,25,26,28,28,29],"msg_id":11,"type":"read_ok"}}
2023/05/29 22:59:47 Received {n2 n1 {"counter":7,"message":32,"msg_id":29,"sender":"n2","type":"gossip"}}
2023/05/29 22:59:47 Sent {"src":"n1","dest":"n4","body":{"counter":7,"message":32,"msg_id":88,"sender":"n2","type":"gossip"}}
2023/05/29 22:59:47 Sent {"src":"n1","dest":"n2","body":{"counter":7,"message":32,"msg_id":89,"sender":"n2","type":"gossip"}}
2023/05/29 22:59:47 Sent {"src":"n1","dest":"n0","body":{"counter":7,"message":32,"msg_id":90,"sender":"n2","type":"gossip"}}
2023/05/29 22:59:47 Sent {"src":"n1","dest":"n2","body":{"in_reply_to":29,"type":"gossip_ok"}}
2023/05/29 22:59:47 Received {n4 n1 {"counter":7,"message":32,"msg_id":53,"sender":"n2","type":"gossip"}}
2023/05/29 22:59:47 Received {n2 n1 {"counter":7,"message":32,"msg_id":30,"sender":"n2","type":"gossip"}}
2023/05/29 22:59:47 Sent {"src":"n1","dest":"n2","body":{"in_reply_to":30,"type":"gossip_ok"}}
2023/05/29 22:59:47 Sent {"src":"n1","dest":"n4","body":{"in_reply_to":53,"type":"gossip_ok"}}
2023/05/29 22:59:47 Received {n2 n1 {"in_reply_to":89,"type":"gossip_ok"}}
2023/05/29 22:59:47 Received {n4 n1 {"in_reply_to":88,"type":"gossip_ok"}}
2023/05/29 22:59:47 Received {n4 n1 {"counter":5,"message":33,"msg_id":55,"sender":"n4","type":"gossip"}}
2023/05/29 22:59:47 Sent {"src":"n1","dest":"n4","body":{"counter":5,"message":33,"msg_id":91,"sender":"n4","type":"gossip"}}
2023/05/29 22:59:47 Sent {"src":"n1","dest":"n2","body":{"counter":5,"message":33,"msg_id":92,"sender":"n4","type":"gossip"}}
2023/05/29 22:59:47 Sent {"src":"n1","dest":"n0","body":{"counter":5,"message":33,"msg_id":93,"sender":"n4","type":"gossip"}}
2023/05/29 22:59:47 Sent {"src":"n1","dest":"n4","body":{"in_reply_to":55,"type":"gossip_ok"}}
2023/05/29 22:59:47 Received {n4 n1 {"counter":5,"message":33,"msg_id":57,"sender":"n4","type":"gossip"}}
2023/05/29 22:59:47 Received {n4 n1 {"in_reply_to":91,"type":"gossip_ok"}}
2023/05/29 22:59:47 Received {n2 n1 {"counter":5,"message":33,"msg_id":31,"sender":"n4","type":"gossip"}}
2023/05/29 22:59:47 Received {n2 n1 {"in_reply_to":92,"type":"gossip_ok"}}
2023/05/29 22:59:47 Sent {"src":"n1","dest":"n4","body":{"in_reply_to":57,"type":"gossip_ok"}}
2023/05/29 22:59:47 Sent {"src":"n1","dest":"n2","body":{"in_reply_to":31,"type":"gossip_ok"}}
2023/05/29 22:59:48 Received {c14 n1 {"type":"broadcast","message":36,"msg_id":12}}
2023/05/29 22:59:48 Sent {"src":"n1","dest":"n4","body":{"counter":8,"message":36,"msg_id":94,"sender":"n1","type":"gossip"}}
2023/05/29 22:59:48 Sent {"src":"n1","dest":"n2","body":{"counter":8,"message":36,"msg_id":95,"sender":"n1","type":"gossip"}}
2023/05/29 22:59:48 Sent {"src":"n1","dest":"n0","body":{"counter":8,"message":36,"msg_id":96,"sender":"n1","type":"gossip"}}
2023/05/29 22:59:48 Sent {"src":"n1","dest":"c14","body":{"in_reply_to":12,"type":"broadcast_ok"}}
2023/05/29 22:59:48 Received {n4 n1 {"counter":8,"message":36,"msg_id":59,"sender":"n1","type":"gossip"}}
2023/05/29 22:59:48 Received {n2 n1 {"counter":8,"message":36,"msg_id":32,"sender":"n1","type":"gossip"}}
2023/05/29 22:59:48 Received {n2 n1 {"in_reply_to":95,"type":"gossip_ok"}}
2023/05/29 22:59:48 Received {n4 n1 {"in_reply_to":94,"type":"gossip_ok"}}
2023/05/29 22:59:48 Sent {"src":"n1","dest":"n4","body":{"counter":8,"message":36,"msg_id":97,"sender":"n1","type":"gossip"}}
2023/05/29 22:59:48 Sent {"src":"n1","dest":"n2","body":{"counter":8,"message":36,"msg_id":98,"sender":"n1","type":"gossip"}}
2023/05/29 22:59:48 Sent {"src":"n1","dest":"n2","body":{"in_reply_to":32,"type":"gossip_ok"}}
2023/05/29 22:59:48 Sent {"src":"n1","dest":"n0","body":{"counter":8,"message":36,"msg_id":99,"sender":"n1","type":"gossip"}}
2023/05/29 22:59:48 Sent {"src":"n1","dest":"n4","body":{"in_reply_to":59,"type":"gossip_ok"}}
2023/05/29 22:59:48 Received {n2 n1 {"in_reply_to":98,"type":"gossip_ok"}}
2023/05/29 22:59:48 Received {n4 n1 {"in_reply_to":97,"type":"gossip_ok"}}
2023/05/29 22:59:48 Received {n4 n1 {"counter":6,"message":37,"msg_id":61,"sender":"n3","type":"gossip"}}
2023/05/29 22:59:48 Sent {"src":"n1","dest":"n4","body":{"counter":6,"message":37,"msg_id":100,"sender":"n3","type":"gossip"}}
2023/05/29 22:59:48 Sent {"src":"n1","dest":"n2","body":{"counter":6,"message":37,"msg_id":101,"sender":"n3","type":"gossip"}}
2023/05/29 22:59:48 Sent {"src":"n1","dest":"n0","body":{"counter":6,"message":37,"msg_id":102,"sender":"n3","type":"gossip"}}
2023/05/29 22:59:48 Sent {"src":"n1","dest":"n4","body":{"in_reply_to":61,"type":"gossip_ok"}}
2023/05/29 22:59:48 Received {n4 n1 {"in_reply_to":100,"type":"gossip_ok"}}
2023/05/29 22:59:48 Received {n2 n1 {"counter":6,"message":37,"msg_id":33,"sender":"n3","type":"gossip"}}
2023/05/29 22:59:48 Received {n2 n1 {"in_reply_to":101,"type":"gossip_ok"}}
2023/05/29 22:59:48 Sent {"src":"n1","dest":"n2","body":{"in_reply_to":33,"type":"gossip_ok"}}
2023/05/29 22:59:48 Received {c14 n1 {"type":"read","msg_id":13}}
2023/05/29 22:59:48 Sent {"src":"n1","dest":"c14","body":{"in_reply_to":13,"messages":[0,1,2,3,3,4,5,6,6,7,7,9,9,10,11,12,15,15,16,17,18,20,24,24,25,26,28,28,29,32,33,36,36,37],"msg_id":13,"type":"read_ok"}}
2023/05/29 22:59:49 Received {c14 n1 {"type":"broadcast","message":39,"msg_id":14}}
2023/05/29 22:59:49 Sent {"src":"n1","dest":"n4","body":{"counter":9,"message":39,"msg_id":103,"sender":"n1","type":"gossip"}}
2023/05/29 22:59:49 Sent {"src":"n1","dest":"n2","body":{"counter":9,"message":39,"msg_id":104,"sender":"n1","type":"gossip"}}
2023/05/29 22:59:49 Sent {"src":"n1","dest":"n0","body":{"counter":9,"message":39,"msg_id":105,"sender":"n1","type":"gossip"}}
2023/05/29 22:59:49 Sent {"src":"n1","dest":"c14","body":{"in_reply_to":14,"type":"broadcast_ok"}}
2023/05/29 22:59:49 Received {n4 n1 {"counter":9,"message":39,"msg_id":63,"sender":"n1","type":"gossip"}}
2023/05/29 22:59:49 Received {n2 n1 {"counter":9,"message":39,"msg_id":34,"sender":"n1","type":"gossip"}}
2023/05/29 22:59:49 Received {n4 n1 {"in_reply_to":103,"type":"gossip_ok"}}
2023/05/29 22:59:49 Received {n2 n1 {"in_reply_to":104,"type":"gossip_ok"}}
2023/05/29 22:59:49 Sent {"src":"n1","dest":"n4","body":{"counter":9,"message":39,"msg_id":106,"sender":"n1","type":"gossip"}}
2023/05/29 22:59:49 Sent {"src":"n1","dest":"n2","body":{"counter":9,"message":39,"msg_id":107,"sender":"n1","type":"gossip"}}
2023/05/29 22:59:49 Sent {"src":"n1","dest":"n0","body":{"counter":9,"message":39,"msg_id":108,"sender":"n1","type":"gossip"}}
2023/05/29 22:59:49 Sent {"src":"n1","dest":"n2","body":{"in_reply_to":34,"type":"gossip_ok"}}
2023/05/29 22:59:49 Sent {"src":"n1","dest":"n4","body":{"in_reply_to":63,"type":"gossip_ok"}}
2023/05/29 22:59:49 Received {n2 n1 {"in_reply_to":107,"type":"gossip_ok"}}
2023/05/29 22:59:49 Received {n4 n1 {"in_reply_to":106,"type":"gossip_ok"}}
2023/05/29 22:59:49 Received {n2 n1 {"counter":8,"message":40,"msg_id":35,"sender":"n2","type":"gossip"}}
2023/05/29 22:59:49 Sent {"src":"n1","dest":"n4","body":{"counter":8,"message":40,"msg_id":109,"sender":"n2","type":"gossip"}}
2023/05/29 22:59:49 Sent {"src":"n1","dest":"n2","body":{"counter":8,"message":40,"msg_id":110,"sender":"n2","type":"gossip"}}
2023/05/29 22:59:49 Sent {"src":"n1","dest":"n0","body":{"counter":8,"message":40,"msg_id":111,"sender":"n2","type":"gossip"}}
2023/05/29 22:59:49 Sent {"src":"n1","dest":"n2","body":{"in_reply_to":35,"type":"gossip_ok"}}
2023/05/29 22:59:49 Received {n2 n1 {"counter":8,"message":40,"msg_id":36,"sender":"n2","type":"gossip"}}
2023/05/29 22:59:49 Sent {"src":"n1","dest":"n2","body":{"in_reply_to":36,"type":"gossip_ok"}}
2023/05/29 22:59:49 Received {n4 n1 {"counter":8,"message":40,"msg_id":65,"sender":"n2","type":"gossip"}}
2023/05/29 22:59:49 Received {n2 n1 {"in_reply_to":110,"type":"gossip_ok"}}
2023/05/29 22:59:49 Received {n4 n1 {"in_reply_to":109,"type":"gossip_ok"}}
2023/05/29 22:59:49 Sent {"src":"n1","dest":"n4","body":{"in_reply_to":65,"type":"gossip_ok"}}
2023/05/29 22:59:50 Received {n4 n1 {"counter":6,"message":41,"msg_id":67,"sender":"n4","type":"gossip"}}
2023/05/29 22:59:50 Sent {"src":"n1","dest":"n4","body":{"counter":6,"message":41,"msg_id":112,"sender":"n4","type":"gossip"}}
2023/05/29 22:59:50 Sent {"src":"n1","dest":"n2","body":{"counter":6,"message":41,"msg_id":113,"sender":"n4","type":"gossip"}}
2023/05/29 22:59:50 Sent {"src":"n1","dest":"n0","body":{"counter":6,"message":41,"msg_id":114,"sender":"n4","type":"gossip"}}
2023/05/29 22:59:50 Sent {"src":"n1","dest":"n4","body":{"in_reply_to":67,"type":"gossip_ok"}}
2023/05/29 22:59:50 Received {n4 n1 {"counter":6,"message":41,"msg_id":69,"sender":"n4","type":"gossip"}}
2023/05/29 22:59:50 Received {n2 n1 {"counter":6,"message":41,"msg_id":37,"sender":"n4","type":"gossip"}}
2023/05/29 22:59:50 Received {n2 n1 {"in_reply_to":113,"type":"gossip_ok"}}
2023/05/29 22:59:50 Sent {"src":"n1","dest":"n4","body":{"in_reply_to":69,"type":"gossip_ok"}}
2023/05/29 22:59:50 Sent {"src":"n1","dest":"n2","body":{"in_reply_to":37,"type":"gossip_ok"}}
2023/05/29 22:59:50 Received {n4 n1 {"in_reply_to":112,"type":"gossip_ok"}}
2023/05/29 22:59:50 Received {c14 n1 {"type":"broadcast","message":43,"msg_id":15}}
2023/05/29 22:59:50 Sent {"src":"n1","dest":"n4","body":{"counter":10,"message":43,"msg_id":115,"sender":"n1","type":"gossip"}}
2023/05/29 22:59:50 Sent {"src":"n1","dest":"n2","body":{"counter":10,"message":43,"msg_id":116,"sender":"n1","type":"gossip"}}
2023/05/29 22:59:50 Sent {"src":"n1","dest":"n0","body":{"counter":10,"message":43,"msg_id":117,"sender":"n1","type":"gossip"}}
2023/05/29 22:59:50 Sent {"src":"n1","dest":"c14","body":{"in_reply_to":15,"type":"broadcast_ok"}}
2023/05/29 22:59:50 Received {n4 n1 {"counter":10,"message":43,"msg_id":71,"sender":"n1","type":"gossip"}}
2023/05/29 22:59:50 Received {n2 n1 {"counter":10,"message":43,"msg_id":38,"sender":"n1","type":"gossip"}}
2023/05/29 22:59:50 Received {n2 n1 {"in_reply_to":116,"type":"gossip_ok"}}
2023/05/29 22:59:50 Received {n4 n1 {"in_reply_to":115,"type":"gossip_ok"}}
2023/05/29 22:59:50 Sent {"src":"n1","dest":"n4","body":{"counter":10,"message":43,"msg_id":118,"sender":"n1","type":"gossip"}}
2023/05/29 22:59:50 Sent {"src":"n1","dest":"n2","body":{"counter":10,"message":43,"msg_id":119,"sender":"n1","type":"gossip"}}
2023/05/29 22:59:50 Sent {"src":"n1","dest":"n0","body":{"counter":10,"message":43,"msg_id":120,"sender":"n1","type":"gossip"}}
2023/05/29 22:59:50 Sent {"src":"n1","dest":"n4","body":{"in_reply_to":71,"type":"gossip_ok"}}
2023/05/29 22:59:50 Sent {"src":"n1","dest":"n2","body":{"in_reply_to":38,"type":"gossip_ok"}}
2023/05/29 22:59:50 Received {n4 n1 {"in_reply_to":118,"type":"gossip_ok"}}
2023/05/29 22:59:50 Received {n2 n1 {"in_reply_to":119,"type":"gossip_ok"}}
2023/05/29 22:59:50 Received {n4 n1 {"counter":7,"message":44,"msg_id":73,"sender":"n3","type":"gossip"}}
2023/05/29 22:59:50 Received {n0 n1 {"counter":7,"message":44,"msg_id":30,"sender":"n3","type":"gossip"}}
2023/05/29 22:59:50 Sent {"src":"n1","dest":"n4","body":{"counter":7,"message":44,"msg_id":121,"sender":"n3","type":"gossip"}}
2023/05/29 22:59:50 Sent {"src":"n1","dest":"n2","body":{"counter":7,"message":44,"msg_id":122,"sender":"n3","type":"gossip"}}
2023/05/29 22:59:50 Sent {"src":"n1","dest":"n0","body":{"in_reply_to":30,"type":"gossip_ok"}}
2023/05/29 22:59:50 Sent {"src":"n1","dest":"n0","body":{"counter":7,"message":44,"msg_id":123,"sender":"n3","type":"gossip"}}
2023/05/29 22:59:50 Sent {"src":"n1","dest":"n4","body":{"in_reply_to":73,"type":"gossip_ok"}}
2023/05/29 22:59:50 Received {n2 n1 {"counter":7,"message":44,"msg_id":39,"sender":"n3","type":"gossip"}}
2023/05/29 22:59:50 Received {n4 n1 {"in_reply_to":121,"type":"gossip_ok"}}
2023/05/29 22:59:50 Received {n2 n1 {"in_reply_to":122,"type":"gossip_ok"}}
2023/05/29 22:59:50 Received {n0 n1 {"in_reply_to":123,"type":"gossip_ok"}}
2023/05/29 22:59:50 Sent {"src":"n1","dest":"n2","body":{"in_reply_to":39,"type":"gossip_ok"}}
2023/05/29 22:59:50 Received {n0 n1 {"counter":15,"message":45,"msg_id":32,"sender":"n0","type":"gossip"}}
2023/05/29 22:59:50 Sent {"src":"n1","dest":"n4","body":{"counter":15,"message":45,"msg_id":124,"sender":"n0","type":"gossip"}}
2023/05/29 22:59:50 Sent {"src":"n1","dest":"n2","body":{"counter":15,"message":45,"msg_id":125,"sender":"n0","type":"gossip"}}
2023/05/29 22:59:50 Sent {"src":"n1","dest":"n0","body":{"counter":15,"message":45,"msg_id":126,"sender":"n0","type":"gossip"}}
2023/05/29 22:59:50 Sent {"src":"n1","dest":"n0","body":{"in_reply_to":32,"type":"gossip_ok"}}
2023/05/29 22:59:50 Received {n0 n1 {"counter":15,"message":45,"msg_id":34,"sender":"n0","type":"gossip"}}
2023/05/29 22:59:50 Received {n0 n1 {"in_reply_to":126,"type":"gossip_ok"}}
2023/05/29 22:59:50 Received {n2 n1 {"counter":15,"message":45,"msg_id":40,"sender":"n0","type":"gossip"}}
2023/05/29 22:59:50 Sent {"src":"n1","dest":"n0","body":{"in_reply_to":34,"type":"gossip_ok"}}
2023/05/29 22:59:50 Sent {"src":"n1","dest":"n2","body":{"in_reply_to":40,"type":"gossip_ok"}}
2023/05/29 22:59:50 Received {n4 n1 {"counter":15,"message":45,"msg_id":75,"sender":"n0","type":"gossip"}}
2023/05/29 22:59:50 Received {n2 n1 {"in_reply_to":125,"type":"gossip_ok"}}
2023/05/29 22:59:50 Received {n4 n1 {"in_reply_to":124,"type":"gossip_ok"}}
2023/05/29 22:59:50 Sent {"src":"n1","dest":"n4","body":{"in_reply_to":75,"type":"gossip_ok"}}
2023/05/29 22:59:51 Received {n0 n1 {"counter":16,"message":47,"msg_id":36,"sender":"n0","type":"gossip"}}
2023/05/29 22:59:51 Sent {"src":"n1","dest":"n4","body":{"counter":16,"message":47,"msg_id":127,"sender":"n0","type":"gossip"}}
2023/05/29 22:59:51 Sent {"src":"n1","dest":"n2","body":{"counter":16,"message":47,"msg_id":128,"sender":"n0","type":"gossip"}}
2023/05/29 22:59:51 Sent {"src":"n1","dest":"n0","body":{"counter":16,"message":47,"msg_id":129,"sender":"n0","type":"gossip"}}
2023/05/29 22:59:51 Sent {"src":"n1","dest":"n0","body":{"in_reply_to":36,"type":"gossip_ok"}}
2023/05/29 22:59:51 Received {n0 n1 {"counter":16,"message":47,"msg_id":38,"sender":"n0","type":"gossip"}}
2023/05/29 22:59:51 Sent {"src":"n1","dest":"n0","body":{"in_reply_to":38,"type":"gossip_ok"}}
2023/05/29 22:59:51 Received {n0 n1 {"in_reply_to":129,"type":"gossip_ok"}}
2023/05/29 22:59:51 Received {c14 n1 {"type":"read","msg_id":16}}
2023/05/29 22:59:51 Sent {"src":"n1","dest":"c14","body":{"in_reply_to":16,"messages":[0,1,2,3,3,4,5,6,6,7,7,9,9,10,11,12,15,15,16,17,18,20,24,24,25,26,28,28,29,32,33,36,36,37,39,39,40,41,43,43,44,45,47],"msg_id":16,"type":"read_ok"}}
2023/05/29 22:59:51 Received {n0 n1 {"counter":17,"message":49,"msg_id":40,"sender":"n0","type":"gossip"}}
2023/05/29 22:59:51 Sent {"src":"n1","dest":"n4","body":{"counter":17,"message":49,"msg_id":130,"sender":"n0","type":"gossip"}}
2023/05/29 22:59:51 Sent {"src":"n1","dest":"n2","body":{"counter":17,"message":49,"msg_id":131,"sender":"n0","type":"gossip"}}
2023/05/29 22:59:51 Sent {"src":"n1","dest":"n0","body":{"counter":17,"message":49,"msg_id":132,"sender":"n0","type":"gossip"}}
2023/05/29 22:59:51 Sent {"src":"n1","dest":"n0","body":{"in_reply_to":40,"type":"gossip_ok"}}
2023/05/29 22:59:51 Received {n0 n1 {"counter":17,"message":49,"msg_id":42,"sender":"n0","type":"gossip"}}
2023/05/29 22:59:51 Received {n0 n1 {"in_reply_to":132,"type":"gossip_ok"}}
2023/05/29 22:59:51 Sent {"src":"n1","dest":"n0","body":{"in_reply_to":42,"type":"gossip_ok"}}
2023/05/29 22:59:52 Received {n0 n1 {"counter":18,"message":50,"msg_id":44,"sender":"n0","type":"gossip"}}
2023/05/29 22:59:52 Sent {"src":"n1","dest":"n4","body":{"counter":18,"message":50,"msg_id":133,"sender":"n0","type":"gossip"}}
2023/05/29 22:59:52 Sent {"src":"n1","dest":"n2","body":{"counter":18,"message":50,"msg_id":134,"sender":"n0","type":"gossip"}}
2023/05/29 22:59:52 Sent {"src":"n1","dest":"n0","body":{"counter":18,"message":50,"msg_id":135,"sender":"n0","type":"gossip"}}
2023/05/29 22:59:52 Sent {"src":"n1","dest":"n0","body":{"in_reply_to":44,"type":"gossip_ok"}}
2023/05/29 22:59:52 Received {n0 n1 {"counter":18,"message":50,"msg_id":46,"sender":"n0","type":"gossip"}}
2023/05/29 22:59:52 Received {n0 n1 {"in_reply_to":135,"type":"gossip_ok"}}
2023/05/29 22:59:52 Sent {"src":"n1","dest":"n0","body":{"in_reply_to":46,"type":"gossip_ok"}}
2023/05/29 22:59:52 Received {c14 n1 {"type":"read","msg_id":17}}
2023/05/29 22:59:52 Sent {"src":"n1","dest":"c14","body":{"in_reply_to":17,"messages":[0,1,2,3,3,4,5,6,6,7,7,9,9,10,11,12,15,15,16,17,18,20,24,24,25,26,28,28,29,32,33,36,36,37,39,39,40,41,43,43,44,45,47,49,50],"msg_id":17,"type":"read_ok"}}
2023/05/29 22:59:52 Received {n0 n1 {"counter":19,"message":54,"msg_id":48,"sender":"n0","type":"gossip"}}
2023/05/29 22:59:52 Sent {"src":"n1","dest":"n4","body":{"counter":19,"message":54,"msg_id":136,"sender":"n0","type":"gossip"}}
2023/05/29 22:59:52 Sent {"src":"n1","dest":"n2","body":{"counter":19,"message":54,"msg_id":137,"sender":"n0","type":"gossip"}}
2023/05/29 22:59:52 Sent {"src":"n1","dest":"n0","body":{"counter":19,"message":54,"msg_id":138,"sender":"n0","type":"gossip"}}
2023/05/29 22:59:52 Sent {"src":"n1","dest":"n0","body":{"in_reply_to":48,"type":"gossip_ok"}}
2023/05/29 22:59:52 Received {n0 n1 {"counter":19,"message":54,"msg_id":50,"sender":"n0","type":"gossip"}}
2023/05/29 22:59:52 Received {n0 n1 {"in_reply_to":138,"type":"gossip_ok"}}
2023/05/29 22:59:52 Sent {"src":"n1","dest":"n0","body":{"in_reply_to":50,"type":"gossip_ok"}}
2023/05/29 22:59:52 Received {c14 n1 {"type":"read","msg_id":18}}
2023/05/29 22:59:52 Sent {"src":"n1","dest":"c14","body":{"in_reply_to":18,"messages":[0,1,2,3,3,4,5,6,6,7,7,9,9,10,11,12,15,15,16,17,18,20,24,24,25,26,28,28,29,32,33,36,36,37,39,39,40,41,43,43,44,45,47,49,50,54],"msg_id":18,"type":"read_ok"}}
2023/05/29 22:59:53 Received {c14 n1 {"type":"broadcast","message":57,"msg_id":19}}
2023/05/29 22:59:53 Sent {"src":"n1","dest":"n4","body":{"counter":11,"message":57,"msg_id":139,"sender":"n1","type":"gossip"}}
2023/05/29 22:59:53 Sent {"src":"n1","dest":"n2","body":{"counter":11,"message":57,"msg_id":140,"sender":"n1","type":"gossip"}}
2023/05/29 22:59:53 Sent {"src":"n1","dest":"n0","body":{"counter":11,"message":57,"msg_id":141,"sender":"n1","type":"gossip"}}
2023/05/29 22:59:53 Sent {"src":"n1","dest":"c14","body":{"in_reply_to":19,"type":"broadcast_ok"}}
2023/05/29 22:59:53 Received {n0 n1 {"counter":11,"message":57,"msg_id":52,"sender":"n1","type":"gossip"}}
2023/05/29 22:59:53 Received {n0 n1 {"in_reply_to":141,"type":"gossip_ok"}}
2023/05/29 22:59:53 Sent {"src":"n1","dest":"n4","body":{"counter":11,"message":57,"msg_id":142,"sender":"n1","type":"gossip"}}
2023/05/29 22:59:53 Sent {"src":"n1","dest":"n2","body":{"counter":11,"message":57,"msg_id":143,"sender":"n1","type":"gossip"}}
2023/05/29 22:59:53 Sent {"src":"n1","dest":"n0","body":{"counter":11,"message":57,"msg_id":144,"sender":"n1","type":"gossip"}}
2023/05/29 22:59:53 Sent {"src":"n1","dest":"n0","body":{"in_reply_to":52,"type":"gossip_ok"}}
2023/05/29 22:59:53 Received {n0 n1 {"in_reply_to":144,"type":"gossip_ok"}}
2023/05/29 22:59:53 Received {n0 n1 {"counter":20,"message":59,"msg_id":54,"sender":"n0","type":"gossip"}}
2023/05/29 22:59:53 Sent {"src":"n1","dest":"n4","body":{"counter":20,"message":59,"msg_id":145,"sender":"n0","type":"gossip"}}
2023/05/29 22:59:53 Sent {"src":"n1","dest":"n2","body":{"counter":20,"message":59,"msg_id":146,"sender":"n0","type":"gossip"}}
2023/05/29 22:59:53 Sent {"src":"n1","dest":"n0","body":{"counter":20,"message":59,"msg_id":147,"sender":"n0","type":"gossip"}}
2023/05/29 22:59:53 Sent {"src":"n1","dest":"n0","body":{"in_reply_to":54,"type":"gossip_ok"}}
2023/05/29 22:59:53 Received {n0 n1 {"counter":20,"message":59,"msg_id":56,"sender":"n0","type":"gossip"}}
2023/05/29 22:59:53 Received {n0 n1 {"in_reply_to":147,"type":"gossip_ok"}}
2023/05/29 22:59:53 Sent {"src":"n1","dest":"n0","body":{"in_reply_to":56,"type":"gossip_ok"}}
2023/05/29 22:59:53 Received {c14 n1 {"type":"broadcast","message":60,"msg_id":20}}
2023/05/29 22:59:53 Sent {"src":"n1","dest":"n4","body":{"counter":12,"message":60,"msg_id":148,"sender":"n1","type":"gossip"}}
2023/05/29 22:59:53 Sent {"src":"n1","dest":"n2","body":{"counter":12,"message":60,"msg_id":149,"sender":"n1","type":"gossip"}}
2023/05/29 22:59:53 Sent {"src":"n1","dest":"n0","body":{"counter":12,"message":60,"msg_id":150,"sender":"n1","type":"gossip"}}
2023/05/29 22:59:53 Sent {"src":"n1","dest":"c14","body":{"in_reply_to":20,"type":"broadcast_ok"}}
2023/05/29 22:59:53 Received {n0 n1 {"counter":12,"message":60,"msg_id":58,"sender":"n1","type":"gossip"}}
2023/05/29 22:59:53 Sent {"src":"n1","dest":"n4","body":{"counter":12,"message":60,"msg_id":151,"sender":"n1","type":"gossip"}}
2023/05/29 22:59:53 Sent {"src":"n1","dest":"n2","body":{"counter":12,"message":60,"msg_id":152,"sender":"n1","type":"gossip"}}
2023/05/29 22:59:53 Sent {"src":"n1","dest":"n0","body":{"counter":12,"message":60,"msg_id":153,"sender":"n1","type":"gossip"}}
2023/05/29 22:59:53 Sent {"src":"n1","dest":"n0","body":{"in_reply_to":58,"type":"gossip_ok"}}
2023/05/29 22:59:53 Received {n0 n1 {"in_reply_to":150,"type":"gossip_ok"}}
2023/05/29 22:59:53 Received {n0 n1 {"in_reply_to":153,"type":"gossip_ok"}}
2023/05/29 22:59:54 Received {c14 n1 {"type":"read","msg_id":21}}
2023/05/29 22:59:54 Sent {"src":"n1","dest":"c14","body":{"in_reply_to":21,"messages":[0,1,2,3,3,4,5,6,6,7,7,9,9,10,11,12,15,15,16,17,18,20,24,24,25,26,28,28,29,32,33,36,36,37,39,39,40,41,43,43,44,45,47,49,50,54,57,57,59,60,60],"msg_id":21,"type":"read_ok"}}
2023/05/29 22:59:54 Received {n0 n1 {"counter":21,"message":64,"msg_id":60,"sender":"n0","type":"gossip"}}
2023/05/29 22:59:54 Sent {"src":"n1","dest":"n4","body":{"counter":21,"message":64,"msg_id":154,"sender":"n0","type":"gossip"}}
2023/05/29 22:59:54 Sent {"src":"n1","dest":"n2","body":{"counter":21,"message":64,"msg_id":155,"sender":"n0","type":"gossip"}}
2023/05/29 22:59:54 Sent {"src":"n1","dest":"n0","body":{"counter":21,"message":64,"msg_id":156,"sender":"n0","type":"gossip"}}
2023/05/29 22:59:54 Sent {"src":"n1","dest":"n0","body":{"in_reply_to":60,"type":"gossip_ok"}}
2023/05/29 22:59:54 Received {n0 n1 {"counter":21,"message":64,"msg_id":62,"sender":"n0","type":"gossip"}}
2023/05/29 22:59:54 Received {n0 n1 {"in_reply_to":156,"type":"gossip_ok"}}
2023/05/29 22:59:54 Sent {"src":"n1","dest":"n0","body":{"in_reply_to":62,"type":"gossip_ok"}}
2023/05/29 22:59:54 Received {n0 n1 {"counter":22,"message":65,"msg_id":64,"sender":"n0","type":"gossip"}}
2023/05/29 22:59:54 Sent {"src":"n1","dest":"n4","body":{"counter":22,"message":65,"msg_id":157,"sender":"n0","type":"gossip"}}
2023/05/29 22:59:54 Sent {"src":"n1","dest":"n2","body":{"counter":22,"message":65,"msg_id":158,"sender":"n0","type":"gossip"}}
2023/05/29 22:59:54 Sent {"src":"n1","dest":"n0","body":{"counter":22,"message":65,"msg_id":159,"sender":"n0","type":"gossip"}}
2023/05/29 22:59:54 Sent {"src":"n1","dest":"n0","body":{"in_reply_to":64,"type":"gossip_ok"}}
2023/05/29 22:59:54 Received {n0 n1 {"counter":22,"message":65,"msg_id":66,"sender":"n0","type":"gossip"}}
2023/05/29 22:59:54 Received {n0 n1 {"in_reply_to":159,"type":"gossip_ok"}}
2023/05/29 22:59:54 Sent {"src":"n1","dest":"n0","body":{"in_reply_to":66,"type":"gossip_ok"}}
2023/05/29 22:59:54 Received {c14 n1 {"type":"read","msg_id":22}}
2023/05/29 22:59:54 Sent {"src":"n1","dest":"c14","body":{"in_reply_to":22,"messages":[0,1,2,3,3,4,5,6,6,7,7,9,9,10,11,12,15,15,16,17,18,20,24,24,25,26,28,28,29,32,33,36,36,37,39,39,40,41,43,43,44,45,47,49,50,54,57,57,59,60,60,64,65],"msg_id":22,"type":"read_ok"}}
2023/05/29 22:59:55 Received {c14 n1 {"type":"read","msg_id":23}}
2023/05/29 22:59:55 Sent {"src":"n1","dest":"c14","body":{"in_reply_to":23,"messages":[0,1,2,3,3,4,5,6,6,7,7,9,9,10,11,12,15,15,16,17,18,20,24,24,25,26,28,28,29,32,33,36,36,37,39,39,40,41,43,43,44,45,47,49,50,54,57,57,59,60,60,64,65],"msg_id":23,"type":"read_ok"}}
2023/05/29 22:59:55 Received {n0 n1 {"counter":23,"message":71,"msg_id":68,"sender":"n0","type":"gossip"}}
2023/05/29 22:59:55 Sent {"src":"n1","dest":"n4","body":{"counter":23,"message":71,"msg_id":160,"sender":"n0","type":"gossip"}}
2023/05/29 22:59:55 Sent {"src":"n1","dest":"n2","body":{"counter":23,"message":71,"msg_id":161,"sender":"n0","type":"gossip"}}
2023/05/29 22:59:55 Sent {"src":"n1","dest":"n0","body":{"counter":23,"message":71,"msg_id":162,"sender":"n0","type":"gossip"}}
2023/05/29 22:59:55 Sent {"src":"n1","dest":"n0","body":{"in_reply_to":68,"type":"gossip_ok"}}
2023/05/29 22:59:55 Received {n0 n1 {"counter":23,"message":71,"msg_id":70,"sender":"n0","type":"gossip"}}
2023/05/29 22:59:55 Received {n0 n1 {"in_reply_to":162,"type":"gossip_ok"}}
2023/05/29 22:59:55 Sent {"src":"n1","dest":"n0","body":{"in_reply_to":70,"type":"gossip_ok"}}
2023/05/29 22:59:55 Received {n0 n1 {"counter":24,"message":72,"msg_id":72,"sender":"n0","type":"gossip"}}
2023/05/29 22:59:55 Sent {"src":"n1","dest":"n4","body":{"counter":24,"message":72,"msg_id":163,"sender":"n0","type":"gossip"}}
2023/05/29 22:59:55 Sent {"src":"n1","dest":"n2","body":{"counter":24,"message":72,"msg_id":164,"sender":"n0","type":"gossip"}}
2023/05/29 22:59:55 Sent {"src":"n1","dest":"n0","body":{"counter":24,"message":72,"msg_id":165,"sender":"n0","type":"gossip"}}
2023/05/29 22:59:55 Sent {"src":"n1","dest":"n0","body":{"in_reply_to":72,"type":"gossip_ok"}}
2023/05/29 22:59:55 Received {n0 n1 {"counter":24,"message":72,"msg_id":74,"sender":"n0","type":"gossip"}}
2023/05/29 22:59:55 Received {n0 n1 {"in_reply_to":165,"type":"gossip_ok"}}
2023/05/29 22:59:55 Sent {"src":"n1","dest":"n0","body":{"in_reply_to":74,"type":"gossip_ok"}}
2023/05/29 22:59:55 Received {c14 n1 {"type":"broadcast","message":73,"msg_id":24}}
2023/05/29 22:59:55 Sent {"src":"n1","dest":"n4","body":{"counter":13,"message":73,"msg_id":166,"sender":"n1","type":"gossip"}}
2023/05/29 22:59:55 Sent {"src":"n1","dest":"n2","body":{"counter":13,"message":73,"msg_id":167,"sender":"n1","type":"gossip"}}
2023/05/29 22:59:55 Sent {"src":"n1","dest":"n0","body":{"counter":13,"message":73,"msg_id":168,"sender":"n1","type":"gossip"}}
2023/05/29 22:59:55 Sent {"src":"n1","dest":"c14","body":{"in_reply_to":24,"type":"broadcast_ok"}}
2023/05/29 22:59:55 Received {n0 n1 {"counter":13,"message":73,"msg_id":76,"sender":"n1","type":"gossip"}}
2023/05/29 22:59:55 Received {n0 n1 {"in_reply_to":168,"type":"gossip_ok"}}
2023/05/29 22:59:55 Sent {"src":"n1","dest":"n4","body":{"counter":13,"message":73,"msg_id":169,"sender":"n1","type":"gossip"}}
2023/05/29 22:59:55 Sent {"src":"n1","dest":"n2","body":{"counter":13,"message":73,"msg_id":170,"sender":"n1","type":"gossip"}}
2023/05/29 22:59:55 Sent {"src":"n1","dest":"n0","body":{"counter":13,"message":73,"msg_id":171,"sender":"n1","type":"gossip"}}
2023/05/29 22:59:55 Sent {"src":"n1","dest":"n0","body":{"in_reply_to":76,"type":"gossip_ok"}}
2023/05/29 22:59:55 Received {n0 n1 {"in_reply_to":171,"type":"gossip_ok"}}
2023/05/29 22:59:56 Received {c14 n1 {"type":"broadcast","message":76,"msg_id":25}}
2023/05/29 22:59:56 Sent {"src":"n1","dest":"n4","body":{"counter":14,"message":76,"msg_id":172,"sender":"n1","type":"gossip"}}
2023/05/29 22:59:56 Sent {"src":"n1","dest":"n2","body":{"counter":14,"message":76,"msg_id":173,"sender":"n1","type":"gossip"}}
2023/05/29 22:59:56 Sent {"src":"n1","dest":"n0","body":{"counter":14,"message":76,"msg_id":174,"sender":"n1","type":"gossip"}}
2023/05/29 22:59:56 Sent {"src":"n1","dest":"c14","body":{"in_reply_to":25,"type":"broadcast_ok"}}
2023/05/29 22:59:56 Received {n0 n1 {"counter":14,"message":76,"msg_id":78,"sender":"n1","type":"gossip"}}
2023/05/29 22:59:56 Received {n0 n1 {"in_reply_to":174,"type":"gossip_ok"}}
2023/05/29 22:59:56 Sent {"src":"n1","dest":"n4","body":{"counter":14,"message":76,"msg_id":175,"sender":"n1","type":"gossip"}}
2023/05/29 22:59:56 Sent {"src":"n1","dest":"n2","body":{"counter":14,"message":76,"msg_id":176,"sender":"n1","type":"gossip"}}
2023/05/29 22:59:56 Sent {"src":"n1","dest":"n0","body":{"counter":14,"message":76,"msg_id":177,"sender":"n1","type":"gossip"}}
2023/05/29 22:59:56 Sent {"src":"n1","dest":"n0","body":{"in_reply_to":78,"type":"gossip_ok"}}
2023/05/29 22:59:56 Received {n0 n1 {"in_reply_to":177,"type":"gossip_ok"}}
2023/05/29 22:59:56 Received {n0 n1 {"counter":25,"message":80,"msg_id":80,"sender":"n0","type":"gossip"}}
2023/05/29 22:59:56 Sent {"src":"n1","dest":"n4","body":{"counter":25,"message":80,"msg_id":178,"sender":"n0","type":"gossip"}}
2023/05/29 22:59:56 Sent {"src":"n1","dest":"n2","body":{"counter":25,"message":80,"msg_id":179,"sender":"n0","type":"gossip"}}
2023/05/29 22:59:56 Sent {"src":"n1","dest":"n0","body":{"counter":25,"message":80,"msg_id":180,"sender":"n0","type":"gossip"}}
2023/05/29 22:59:56 Sent {"src":"n1","dest":"n0","body":{"in_reply_to":80,"type":"gossip_ok"}}
2023/05/29 22:59:56 Received {n0 n1 {"counter":25,"message":80,"msg_id":82,"sender":"n0","type":"gossip"}}
2023/05/29 22:59:56 Received {n0 n1 {"in_reply_to":180,"type":"gossip_ok"}}
2023/05/29 22:59:56 Sent {"src":"n1","dest":"n0","body":{"in_reply_to":82,"type":"gossip_ok"}}
2023/05/29 22:59:56 Received {c14 n1 {"type":"broadcast","message":81,"msg_id":26}}
2023/05/29 22:59:56 Sent {"src":"n1","dest":"n4","body":{"counter":15,"message":81,"msg_id":181,"sender":"n1","type":"gossip"}}
2023/05/29 22:59:56 Sent {"src":"n1","dest":"n2","body":{"counter":15,"message":81,"msg_id":182,"sender":"n1","type":"gossip"}}
2023/05/29 22:59:56 Sent {"src":"n1","dest":"n0","body":{"counter":15,"message":81,"msg_id":183,"sender":"n1","type":"gossip"}}
2023/05/29 22:59:56 Sent {"src":"n1","dest":"c14","body":{"in_reply_to":26,"type":"broadcast_ok"}}
2023/05/29 22:59:56 Received {n0 n1 {"counter":15,"message":81,"msg_id":84,"sender":"n1","type":"gossip"}}
2023/05/29 22:59:56 Received {n0 n1 {"in_reply_to":183,"type":"gossip_ok"}}
2023/05/29 22:59:56 Sent {"src":"n1","dest":"n4","body":{"counter":15,"message":81,"msg_id":184,"sender":"n1","type":"gossip"}}
2023/05/29 22:59:56 Sent {"src":"n1","dest":"n2","body":{"counter":15,"message":81,"msg_id":185,"sender":"n1","type":"gossip"}}
2023/05/29 22:59:56 Sent {"src":"n1","dest":"n0","body":{"counter":15,"message":81,"msg_id":186,"sender":"n1","type":"gossip"}}
2023/05/29 22:59:56 Sent {"src":"n1","dest":"n0","body":{"in_reply_to":84,"type":"gossip_ok"}}
2023/05/29 22:59:56 Received {n0 n1 {"in_reply_to":186,"type":"gossip_ok"}}
2023/05/29 22:59:57 Received {c14 n1 {"type":"read","msg_id":27}}
2023/05/29 22:59:57 Sent {"src":"n1","dest":"c14","body":{"in_reply_to":27,"messages":[0,1,2,3,3,4,5,6,6,7,7,9,9,10,11,12,15,15,16,17,18,20,24,24,25,26,28,28,29,32,33,36,36,37,39,39,40,41,43,43,44,45,47,49,50,54,57,57,59,60,60,64,65,71,72,73,73,76,76,80,81,81],"msg_id":27,"type":"read_ok"}}
2023/05/29 22:59:58 Received {n0 n1 {"counter":26,"message":85,"msg_id":86,"sender":"n0","type":"gossip"}}
2023/05/29 22:59:58 Sent {"src":"n1","dest":"n4","body":{"counter":26,"message":85,"msg_id":187,"sender":"n0","type":"gossip"}}
2023/05/29 22:59:58 Sent {"src":"n1","dest":"n2","body":{"counter":26,"message":85,"msg_id":188,"sender":"n0","type":"gossip"}}
2023/05/29 22:59:58 Sent {"src":"n1","dest":"n0","body":{"counter":26,"message":85,"msg_id":189,"sender":"n0","type":"gossip"}}
2023/05/29 22:59:58 Sent {"src":"n1","dest":"n0","body":{"in_reply_to":86,"type":"gossip_ok"}}
2023/05/29 22:59:58 Received {n0 n1 {"counter":26,"message":85,"msg_id":88,"sender":"n0","type":"gossip"}}
2023/05/29 22:59:58 Received {n0 n1 {"in_reply_to":189,"type":"gossip_ok"}}
2023/05/29 22:59:58 Sent {"src":"n1","dest":"n0","body":{"in_reply_to":88,"type":"gossip_ok"}}
2023/05/29 22:59:58 Received {n0 n1 {"counter":27,"message":86,"msg_id":90,"sender":"n0","type":"gossip"}}
2023/05/29 22:59:58 Sent {"src":"n1","dest":"n4","body":{"counter":27,"message":86,"msg_id":190,"sender":"n0","type":"gossip"}}
2023/05/29 22:59:58 Sent {"src":"n1","dest":"n2","body":{"counter":27,"message":86,"msg_id":191,"sender":"n0","type":"gossip"}}
2023/05/29 22:59:58 Sent {"src":"n1","dest":"n0","body":{"counter":27,"message":86,"msg_id":192,"sender":"n0","type":"gossip"}}
2023/05/29 22:59:58 Sent {"src":"n1","dest":"n0","body":{"in_reply_to":90,"type":"gossip_ok"}}
2023/05/29 22:59:58 Received {n0 n1 {"counter":27,"message":86,"msg_id":92,"sender":"n0","type":"gossip"}}
2023/05/29 22:59:58 Received {n0 n1 {"in_reply_to":192,"type":"gossip_ok"}}
2023/05/29 22:59:58 Sent {"src":"n1","dest":"n0","body":{"in_reply_to":92,"type":"gossip_ok"}}
2023/05/29 22:59:58 Received {c14 n1 {"type":"broadcast","message":87,"msg_id":28}}
2023/05/29 22:59:58 Sent {"src":"n1","dest":"n4","body":{"counter":16,"message":87,"msg_id":193,"sender":"n1","type":"gossip"}}
2023/05/29 22:59:58 Sent {"src":"n1","dest":"n2","body":{"counter":16,"message":87,"msg_id":194,"sender":"n1","type":"gossip"}}
2023/05/29 22:59:58 Sent {"src":"n1","dest":"n0","body":{"counter":16,"message":87,"msg_id":195,"sender":"n1","type":"gossip"}}
2023/05/29 22:59:58 Sent {"src":"n1","dest":"c14","body":{"in_reply_to":28,"type":"broadcast_ok"}}
2023/05/29 22:59:58 Received {n0 n1 {"counter":16,"message":87,"msg_id":94,"sender":"n1","type":"gossip"}}
2023/05/29 22:59:58 Received {n0 n1 {"in_reply_to":195,"type":"gossip_ok"}}
2023/05/29 22:59:58 Sent {"src":"n1","dest":"n4","body":{"counter":16,"message":87,"msg_id":196,"sender":"n1","type":"gossip"}}
2023/05/29 22:59:58 Sent {"src":"n1","dest":"n2","body":{"counter":16,"message":87,"msg_id":197,"sender":"n1","type":"gossip"}}
2023/05/29 22:59:58 Sent {"src":"n1","dest":"n0","body":{"counter":16,"message":87,"msg_id":198,"sender":"n1","type":"gossip"}}
2023/05/29 22:59:58 Sent {"src":"n1","dest":"n0","body":{"in_reply_to":94,"type":"gossip_ok"}}
2023/05/29 22:59:58 Received {n0 n1 {"in_reply_to":198,"type":"gossip_ok"}}
2023/05/29 22:59:58 Received {n0 n1 {"counter":28,"message":89,"msg_id":96,"sender":"n0","type":"gossip"}}
2023/05/29 22:59:58 Sent {"src":"n1","dest":"n4","body":{"counter":28,"message":89,"msg_id":199,"sender":"n0","type":"gossip"}}
2023/05/29 22:59:58 Sent {"src":"n1","dest":"n2","body":{"counter":28,"message":89,"msg_id":200,"sender":"n0","type":"gossip"}}
2023/05/29 22:59:58 Sent {"src":"n1","dest":"n0","body":{"counter":28,"message":89,"msg_id":201,"sender":"n0","type":"gossip"}}
2023/05/29 22:59:58 Sent {"src":"n1","dest":"n0","body":{"in_reply_to":96,"type":"gossip_ok"}}
2023/05/29 22:59:58 Received {n0 n1 {"counter":28,"message":89,"msg_id":98,"sender":"n0","type":"gossip"}}
2023/05/29 22:59:58 Received {n0 n1 {"in_reply_to":201,"type":"gossip_ok"}}
2023/05/29 22:59:58 Sent {"src":"n1","dest":"n0","body":{"in_reply_to":98,"type":"gossip_ok"}}
2023/05/29 22:59:58 Received {c14 n1 {"type":"broadcast","message":90,"msg_id":29}}
2023/05/29 22:59:58 Sent {"src":"n1","dest":"n4","body":{"counter":17,"message":90,"msg_id":202,"sender":"n1","type":"gossip"}}
2023/05/29 22:59:58 Sent {"src":"n1","dest":"n2","body":{"counter":17,"message":90,"msg_id":203,"sender":"n1","type":"gossip"}}
2023/05/29 22:59:58 Sent {"src":"n1","dest":"n0","body":{"counter":17,"message":90,"msg_id":204,"sender":"n1","type":"gossip"}}
2023/05/29 22:59:58 Sent {"src":"n1","dest":"c14","body":{"in_reply_to":29,"type":"broadcast_ok"}}
2023/05/29 22:59:58 Received {n0 n1 {"counter":17,"message":90,"msg_id":100,"sender":"n1","type":"gossip"}}
2023/05/29 22:59:58 Received {n0 n1 {"in_reply_to":204,"type":"gossip_ok"}}
2023/05/29 22:59:58 Sent {"src":"n1","dest":"n4","body":{"counter":17,"message":90,"msg_id":205,"sender":"n1","type":"gossip"}}
2023/05/29 22:59:58 Sent {"src":"n1","dest":"n2","body":{"counter":17,"message":90,"msg_id":206,"sender":"n1","type":"gossip"}}
2023/05/29 22:59:58 Sent {"src":"n1","dest":"n0","body":{"counter":17,"message":90,"msg_id":207,"sender":"n1","type":"gossip"}}
2023/05/29 22:59:58 Sent {"src":"n1","dest":"n0","body":{"in_reply_to":100,"type":"gossip_ok"}}
2023/05/29 22:59:58 Received {n0 n1 {"in_reply_to":207,"type":"gossip_ok"}}
2023/05/29 22:59:59 Received {n0 n1 {"counter":29,"message":93,"msg_id":102,"sender":"n0","type":"gossip"}}
2023/05/29 22:59:59 Sent {"src":"n1","dest":"n4","body":{"counter":29,"message":93,"msg_id":208,"sender":"n0","type":"gossip"}}
2023/05/29 22:59:59 Sent {"src":"n1","dest":"n2","body":{"counter":29,"message":93,"msg_id":209,"sender":"n0","type":"gossip"}}
2023/05/29 22:59:59 Sent {"src":"n1","dest":"n0","body":{"counter":29,"message":93,"msg_id":210,"sender":"n0","type":"gossip"}}
2023/05/29 22:59:59 Sent {"src":"n1","dest":"n0","body":{"in_reply_to":102,"type":"gossip_ok"}}
2023/05/29 22:59:59 Received {n0 n1 {"counter":29,"message":93,"msg_id":104,"sender":"n0","type":"gossip"}}
2023/05/29 22:59:59 Received {n0 n1 {"in_reply_to":210,"type":"gossip_ok"}}
2023/05/29 22:59:59 Sent {"src":"n1","dest":"n0","body":{"in_reply_to":104,"type":"gossip_ok"}}
2023/05/29 22:59:59 Received {n0 n1 {"counter":30,"message":94,"msg_id":106,"sender":"n0","type":"gossip"}}
2023/05/29 22:59:59 Sent {"src":"n1","dest":"n4","body":{"counter":30,"message":94,"msg_id":211,"sender":"n0","type":"gossip"}}
2023/05/29 22:59:59 Sent {"src":"n1","dest":"n2","body":{"counter":30,"message":94,"msg_id":212,"sender":"n0","type":"gossip"}}
2023/05/29 22:59:59 Sent {"src":"n1","dest":"n0","body":{"counter":30,"message":94,"msg_id":213,"sender":"n0","type":"gossip"}}
2023/05/29 22:59:59 Sent {"src":"n1","dest":"n0","body":{"in_reply_to":106,"type":"gossip_ok"}}
2023/05/29 22:59:59 Received {n0 n1 {"counter":30,"message":94,"msg_id":108,"sender":"n0","type":"gossip"}}
2023/05/29 22:59:59 Received {n0 n1 {"in_reply_to":213,"type":"gossip_ok"}}
2023/05/29 22:59:59 Sent {"src":"n1","dest":"n0","body":{"in_reply_to":108,"type":"gossip_ok"}}
2023/05/29 22:59:59 Received {c14 n1 {"type":"broadcast","message":95,"msg_id":30}}
2023/05/29 22:59:59 Sent {"src":"n1","dest":"n4","body":{"counter":18,"message":95,"msg_id":214,"sender":"n1","type":"gossip"}}
2023/05/29 22:59:59 Sent {"src":"n1","dest":"n2","body":{"counter":18,"message":95,"msg_id":215,"sender":"n1","type":"gossip"}}
2023/05/29 22:59:59 Sent {"src":"n1","dest":"n0","body":{"counter":18,"message":95,"msg_id":216,"sender":"n1","type":"gossip"}}
2023/05/29 22:59:59 Sent {"src":"n1","dest":"c14","body":{"in_reply_to":30,"type":"broadcast_ok"}}
2023/05/29 22:59:59 Received {n0 n1 {"counter":18,"message":95,"msg_id":110,"sender":"n1","type":"gossip"}}
2023/05/29 22:59:59 Received {n0 n1 {"in_reply_to":216,"type":"gossip_ok"}}
2023/05/29 22:59:59 Sent {"src":"n1","dest":"n4","body":{"counter":18,"message":95,"msg_id":217,"sender":"n1","type":"gossip"}}
2023/05/29 22:59:59 Sent {"src":"n1","dest":"n2","body":{"counter":18,"message":95,"msg_id":218,"sender":"n1","type":"gossip"}}
2023/05/29 22:59:59 Sent {"src":"n1","dest":"n0","body":{"counter":18,"message":95,"msg_id":219,"sender":"n1","type":"gossip"}}
2023/05/29 22:59:59 Sent {"src":"n1","dest":"n0","body":{"in_reply_to":110,"type":"gossip_ok"}}
2023/05/29 22:59:59 Received {n0 n1 {"in_reply_to":219,"type":"gossip_ok"}}
2023/05/29 23:00:00 Received {n0 n1 {"counter":31,"message":99,"msg_id":112,"sender":"n0","type":"gossip"}}
2023/05/29 23:00:00 Sent {"src":"n1","dest":"n4","body":{"counter":31,"message":99,"msg_id":220,"sender":"n0","type":"gossip"}}
2023/05/29 23:00:00 Sent {"src":"n1","dest":"n2","body":{"counter":31,"message":99,"msg_id":221,"sender":"n0","type":"gossip"}}
2023/05/29 23:00:00 Sent {"src":"n1","dest":"n0","body":{"counter":31,"message":99,"msg_id":222,"sender":"n0","type":"gossip"}}
2023/05/29 23:00:00 Sent {"src":"n1","dest":"n0","body":{"in_reply_to":112,"type":"gossip_ok"}}
2023/05/29 23:00:00 Received {n0 n1 {"counter":31,"message":99,"msg_id":114,"sender":"n0","type":"gossip"}}
2023/05/29 23:00:00 Received {n0 n1 {"in_reply_to":222,"type":"gossip_ok"}}
2023/05/29 23:00:00 Sent {"src":"n1","dest":"n0","body":{"in_reply_to":114,"type":"gossip_ok"}}
2023/05/29 23:00:00 Received {n0 n1 {"counter":32,"message":100,"msg_id":116,"sender":"n0","type":"gossip"}}
2023/05/29 23:00:00 Sent {"src":"n1","dest":"n4","body":{"counter":32,"message":100,"msg_id":223,"sender":"n0","type":"gossip"}}
2023/05/29 23:00:00 Sent {"src":"n1","dest":"n2","body":{"counter":32,"message":100,"msg_id":224,"sender":"n0","type":"gossip"}}
2023/05/29 23:00:00 Sent {"src":"n1","dest":"n0","body":{"counter":32,"message":100,"msg_id":225,"sender":"n0","type":"gossip"}}
2023/05/29 23:00:00 Sent {"src":"n1","dest":"n0","body":{"in_reply_to":116,"type":"gossip_ok"}}
2023/05/29 23:00:00 Received {n0 n1 {"counter":32,"message":100,"msg_id":118,"sender":"n0","type":"gossip"}}
2023/05/29 23:00:00 Received {n0 n1 {"in_reply_to":225,"type":"gossip_ok"}}
2023/05/29 23:00:00 Sent {"src":"n1","dest":"n0","body":{"in_reply_to":118,"type":"gossip_ok"}}
2023/05/29 23:00:00 Received {n0 n1 {"counter":17,"message":101,"msg_id":120,"sender":"n3","type":"gossip"}}
2023/05/29 23:00:00 Received {n4 n1 {"counter":17,"message":101,"msg_id":139,"sender":"n3","type":"gossip"}}
2023/05/29 23:00:00 Sent {"src":"n1","dest":"n4","body":{"counter":17,"message":101,"msg_id":226,"sender":"n3","type":"gossip"}}
2023/05/29 23:00:00 Sent {"src":"n1","dest":"n2","body":{"counter":17,"message":101,"msg_id":227,"sender":"n3","type":"gossip"}}
2023/05/29 23:00:00 Sent {"src":"n1","dest":"n0","body":{"counter":17,"message":101,"msg_id":228,"sender":"n3","type":"gossip"}}
2023/05/29 23:00:00 Sent {"src":"n1","dest":"n4","body":{"in_reply_to":139,"type":"gossip_ok"}}
2023/05/29 23:00:00 Sent {"src":"n1","dest":"n0","body":{"in_reply_to":120,"type":"gossip_ok"}}
2023/05/29 23:00:00 Received {n4 n1 {"in_reply_to":226,"type":"gossip_ok"}}
2023/05/29 23:00:00 Received {n0 n1 {"in_reply_to":228,"type":"gossip_ok"}}
2023/05/29 23:00:00 Received {n2 n1 {"counter":17,"message":101,"msg_id":51,"sender":"n3","type":"gossip"}}
2023/05/29 23:00:00 Received {n2 n1 {"in_reply_to":227,"type":"gossip_ok"}}
2023/05/29 23:00:00 Sent {"src":"n1","dest":"n2","body":{"in_reply_to":51,"type":"gossip_ok"}}
2023/05/29 23:00:00 Received {n4 n1 {"counter":18,"message":102,"msg_id":141,"sender":"n4","type":"gossip"}}
2023/05/29 23:00:00 Sent {"src":"n1","dest":"n4","body":{"counter":18,"message":102,"msg_id":229,"sender":"n4","type":"gossip"}}
2023/05/29 23:00:00 Sent {"src":"n1","dest":"n2","body":{"counter":18,"message":102,"msg_id":230,"sender":"n4","type":"gossip"}}
2023/05/29 23:00:00 Sent {"src":"n1","dest":"n0","body":{"counter":18,"message":102,"msg_id":231,"sender":"n4","type":"gossip"}}
2023/05/29 23:00:00 Sent {"src":"n1","dest":"n4","body":{"in_reply_to":141,"type":"gossip_ok"}}
2023/05/29 23:00:00 Received {n4 n1 {"counter":18,"message":102,"msg_id":143,"sender":"n4","type":"gossip"}}
2023/05/29 23:00:00 Received {n4 n1 {"in_reply_to":229,"type":"gossip_ok"}}
2023/05/29 23:00:00 Received {n0 n1 {"counter":18,"message":102,"msg_id":122,"sender":"n4","type":"gossip"}}
2023/05/29 23:00:00 Received {n2 n1 {"counter":18,"message":102,"msg_id":52,"sender":"n4","type":"gossip"}}
2023/05/29 23:00:00 Received {n2 n1 {"in_reply_to":230,"type":"gossip_ok"}}
2023/05/29 23:00:00 Received {n0 n1 {"in_reply_to":231,"type":"gossip_ok"}}
2023/05/29 23:00:00 Sent {"src":"n1","dest":"n4","body":{"in_reply_to":143,"type":"gossip_ok"}}
2023/05/29 23:00:00 Sent {"src":"n1","dest":"n0","body":{"in_reply_to":122,"type":"gossip_ok"}}
2023/05/29 23:00:00 Sent {"src":"n1","dest":"n2","body":{"in_reply_to":52,"type":"gossip_ok"}}
2023/05/29 23:00:00 Received {n0 n1 {"counter":33,"message":103,"msg_id":124,"sender":"n0","type":"gossip"}}
2023/05/29 23:00:00 Sent {"src":"n1","dest":"n4","body":{"counter":33,"message":103,"msg_id":232,"sender":"n0","type":"gossip"}}
2023/05/29 23:00:00 Sent {"src":"n1","dest":"n2","body":{"counter":33,"message":103,"msg_id":233,"sender":"n0","type":"gossip"}}
2023/05/29 23:00:00 Sent {"src":"n1","dest":"n0","body":{"counter":33,"message":103,"msg_id":234,"sender":"n0","type":"gossip"}}
2023/05/29 23:00:00 Sent {"src":"n1","dest":"n0","body":{"in_reply_to":124,"type":"gossip_ok"}}
2023/05/29 23:00:00 Received {n0 n1 {"counter":33,"message":103,"msg_id":126,"sender":"n0","type":"gossip"}}
2023/05/29 23:00:00 Received {n2 n1 {"counter":33,"message":103,"msg_id":53,"sender":"n0","type":"gossip"}}
2023/05/29 23:00:00 Sent {"src":"n1","dest":"n0","body":{"in_reply_to":126,"type":"gossip_ok"}}
2023/05/29 23:00:00 Sent {"src":"n1","dest":"n2","body":{"in_reply_to":53,"type":"gossip_ok"}}
2023/05/29 23:00:00 Received {n4 n1 {"counter":33,"message":103,"msg_id":145,"sender":"n0","type":"gossip"}}
2023/05/29 23:00:00 Received {n2 n1 {"in_reply_to":233,"type":"gossip_ok"}}
2023/05/29 23:00:00 Received {n0 n1 {"in_reply_to":234,"type":"gossip_ok"}}
2023/05/29 23:00:00 Received {n4 n1 {"in_reply_to":232,"type":"gossip_ok"}}
2023/05/29 23:00:00 Sent {"src":"n1","dest":"n4","body":{"in_reply_to":145,"type":"gossip_ok"}}
2023/05/29 23:00:00 Received {c14 n1 {"type":"read","msg_id":31}}
2023/05/29 23:00:00 Sent {"src":"n1","dest":"c14","body":{"in_reply_to":31,"messages":[0,1,2,3,3,4,5,6,6,7,7,9,9,10,11,12,15,15,16,17,18,20,24,24,25,26,28,28,29,32,33,36,36,37,39,39,40,41,43,43,44,45,47,49,50,54,57,57,59,60,60,64,65,71,72,73,73,76,76,80,81,81,85,86,87,87,89,90,90,93,94,95,95,99,100,101,102,103],"msg_id":31,"type":"read_ok"}}
2023/05/29 23:00:10 Received {c14 n1 {"type":"read","msg_id":32}}
2023/05/29 23:00:10 Sent {"src":"n1","dest":"c14","body":{"in_reply_to":32,"messages":[0,1,2,3,3,4,5,6,6,7,7,9,9,10,11,12,15,15,16,17,18,20,24,24,25,26,28,28,29,32,33,36,36,37,39,39,40,41,43,43,44,45,47,49,50,54,57,57,59,60,60,64,65,71,72,73,73,76,76,80,81,81,85,86,87,87,89,90,90,93,94,95,95,99,100,101,102,103],"msg_id":32,"type":"read_ok"}}
