2023/05/29 22:59:40 Received {c4 n2 {"type":"init","node_id":"n2","node_ids":["n0","n1","n2","n3","n4"],"msg_id":1}}
2023/05/29 22:59:40 Node n2 initialized
2023/05/29 22:59:40 Sent {"src":"n2","dest":"c4","body":{"in_reply_to":1,"type":"init_ok"}}
2023/05/29 22:59:40 Received {c7 n2 {"type":"topology","topology":{"n0":["n3","n1"],"n1":["n4","n2","n0"],"n2":["n1"],"n3":["n0","n4"],"n4":["n1","n3"]},"msg_id":1}}
2023/05/29 22:59:40 Sent {"src":"n2","dest":"c7","body":{"in_reply_to":1,"type":"topology_ok"}}
2023/05/29 22:59:41 Received {c11 n2 {"type":"broadcast","message":0,"msg_id":1}}
2023/05/29 22:59:41 Sent {"src":"n2","dest":"n1","body":{"counter":1,"message":0,"msg_id":1,"sender":"n2","type":"gossip"}}
2023/05/29 22:59:41 Sent {"src":"n2","dest":"c11","body":{"in_reply_to":1,"type":"broadcast_ok"}}
2023/05/29 22:59:41 Received {n1 n2 {"counter":1,"message":0,"msg_id":2,"sender":"n2","type":"gossip"}}
2023/05/29 22:59:41 Sent {"src":"n2","dest":"n1","body":{"counter":1,"message":0,"msg_id":2,"sender":"n2","type":"gossip"}}
2023/05/29 22:59:41 Sent {"src":"n2","dest":"n1","body":{"in_reply_to":2,"type":"gossip_ok"}}
2023/05/29 22:59:41 Received {n1 n2 {"in_reply_to":1,"type":"gossip_ok"}}
2023/05/29 22:59:41 Received {n1 n2 {"in_reply_to":2,"type":"gossip_ok"}}
2023/05/29 22:59:41 Received {n1 n2 {"counter":1,"message":1,"msg_id":5,"sender":"n3","type":"gossip"}}
2023/05/29 22:59:41 Sent {"src":"n2","dest":"n1","body":{"counter":1,"message":1,"msg_id":3,"sender":"n3","type":"gossip"}}
2023/05/29 22:59:41 Sent {"src":"n2","dest":"n1","body":{"in_reply_to":5,"type":"gossip_ok"}}
2023/05/29 22:59:41 Received {n1 n2 {"in_reply_to":3,"type":"gossip_ok"}}
2023/05/29 22:59:41 Received {n1 n2 {"counter":1,"message":2,"msg_id":8,"sender":"n4","type":"gossip"}}
2023/05/29 22:59:41 Sent {"src":"n2","dest":"n1","body":{"counter":1,"message":2,"msg_id":4,"sender":"n4","type":"gossip"}}
2023/05/29 22:59:41 Sent {"src":"n2","dest":"n1","body":{"in_reply_to":8,"type":"gossip_ok"}}
2023/05/29 22:59:41 Received {n1 n2 {"in_reply_to":4,"type":"gossip_ok"}}
2023/05/29 22:59:41 Received {n1 n2 {"counter":1,"message":3,"msg_id":11,"sender":"n1","type":"gossip"}}
2023/05/29 22:59:41 Sent {"src":"n2","dest":"n1","body":{"counter":1,"message":3,"msg_id":5,"sender":"n1","type":"gossip"}}
2023/05/29 22:59:41 Sent {"src":"n2","dest":"n1","body":{"in_reply_to":11,"type":"gossip_ok"}}
2023/05/29 22:59:41 Received {n1 n2 {"counter":1,"message":3,"msg_id":14,"sender":"n1","type":"gossip"}}
2023/05/29 22:59:41 Received {n1 n2 {"in_reply_to":5,"type":"gossip_ok"}}
2023/05/29 22:59:41 Sent {"src":"n2","dest":"n1","body":{"in_reply_to":14,"type":"gossip_ok"}}
2023/05/29 22:59:41 Received {c11 n2 {"type":"broadcast","message":4,"msg_id":2}}
2023/05/29 22:59:41 Sent {"src":"n2","dest":"n1","body":{"counter":2,"message":4,"msg_id":6,"sender":"n2","type":"gossip"}}
2023/05/29 22:59:41 Sent {"src":"n2","dest":"c11","body":{"in_reply_to":2,"type":"broadcast_ok"}}
2023/05/29 22:59:41 Received {n1 n2 {"counter":2,"message":4,"msg_id":17,"sender":"n2","type":"gossip"}}
2023/05/29 22:59:41 Received {n1 n2 {"in_reply_to":6,"type":"gossip_ok"}}
2023/05/29 22:59:41 Sent {"src":"n2","dest":"n1","body":{"counter":2,"message":4,"msg_id":7,"sender":"n2","type":"gossip"}}
2023/05/29 22:59:41 Sent {"src":"n2","dest":"n1","body":{"in_reply_to":17,"type":"gossip_ok"}}
2023/05/29 22:59:41 Received {n1 n2 {"in_reply_to":7,"type":"gossip_ok"}}
2023/05/29 22:59:41 Received {n1 n2 {"counter":2,"message":5,"msg_id":20,"sender":"n3","type":"gossip"}}
2023/05/29 22:59:41 Sent {"src":"n2","dest":"n1","body":{"counter":2,"message":5,"msg_id":8,"sender":"n3","type":"gossip"}}
2023/05/29 22:59:41 Sent {"src":"n2","dest":"n1","body":{"in_reply_to":20,"type":"gossip_ok"}}
2023/05/29 22:59:41 Received {n1 n2 {"in_reply_to":8,"type":"gossip_ok"}}
2023/05/29 22:59:41 Received {n1 n2 {"counter":2,"message":6,"msg_id":23,"sender":"n1","type":"gossip"}}
2023/05/29 22:59:41 Sent {"src":"n2","dest":"n1","body":{"counter":2,"message":6,"msg_id":9,"sender":"n1","type":"gossip"}}
2023/05/29 22:59:41 Sent {"src":"n2","dest":"n1","body":{"in_reply_to":23,"type":"gossip_ok"}}
2023/05/29 22:59:41 Received {n1 n2 {"counter":2,"message":6,"msg_id":26,"sender":"n1","type":"gossip"}}
2023/05/29 22:59:41 Sent {"src":"n2","dest":"n1","body":{"in_reply_to":26,"type":"gossip_ok"}}
2023/05/29 22:59:41 Received {n1 n2 {"in_reply_to":9,"type":"gossip_ok"}}
2023/05/29 22:59:42 Received {n1 n2 {"counter":3,"message":7,"msg_id":29,"sender":"n1","type":"gossip"}}
2023/05/29 22:59:42 Sent {"src":"n2","dest":"n1","body":{"counter":3,"message":7,"msg_id":10,"sender":"n1","type":"gossip"}}
2023/05/29 22:59:42 Sent {"src":"n2","dest":"n1","body":{"in_reply_to":29,"type":"gossip_ok"}}
2023/05/29 22:59:42 Received {n1 n2 {"counter":3,"message":7,"msg_id":32,"sender":"n1","type":"gossip"}}
2023/05/29 22:59:42 Received {n1 n2 {"in_reply_to":10,"type":"gossip_ok"}}
2023/05/29 22:59:42 Sent {"src":"n2","dest":"n1","body":{"in_reply_to":32,"type":"gossip_ok"}}
2023/05/29 22:59:42 Received {c11 n2 {"type":"read","msg_id":3}}
2023/05/29 22:59:42 Sent {"src":"n2","dest":"c11","body":{"in_reply_to":3,"messages":[0,0,1,2,3,4,4,5,6,7],"msg_id":3,"type":"read_ok"}}
2023/05/29 22:59:42 Received {n1 n2 {"counter":4,"message":9,"msg_id":35,"sender":"n1","type":"gossip"}}
2023/05/29 22:59:42 Sent {"src":"n2","dest":"n1","body":{"counter":4,"message":9,"msg_id":11,"sender":"n1","type":"gossip"}}
2023/05/29 22:59:42 Sent {"src":"n2","dest":"n1","body":{"in_reply_to":35,"type":"gossip_ok"}}
2023/05/29 22:59:42 Received {n1 n2 {"in_reply_to":11,"type":"gossip_ok"}}
2023/05/29 22:59:42 Received {n1 n2 {"counter":4,"message":9,"msg_id":38,"sender":"n1","type":"gossip"}}
2023/05/29 22:59:42 Sent {"src":"n2","dest":"n1","body":{"in_reply_to":38,"type":"gossip_ok"}}
2023/05/29 22:59:42 Received {c11 n2 {"type":"broadcast","message":10,"msg_id":4}}
2023/05/29 22:59:42 Sent {"src":"n2","dest":"n1","body":{"counter":3,"message":10,"msg_id":12,"sender":"n2","type":"gossip"}}
2023/05/29 22:59:42 Sent {"src":"n2","dest":"c11","body":{"in_reply_to":4,"type":"broadcast_ok"}}
2023/05/29 22:59:42 Received {n1 n2 {"counter":3,"message":10,"msg_id":41,"sender":"n2","type":"gossip"}}
2023/05/29 22:59:42 Received {n1 n2 {"in_reply_to":12,"type":"gossip_ok"}}
2023/05/29 22:59:42 Sent {"src":"n2","dest":"n1","body":{"counter":3,"message":10,"msg_id":13,"sender":"n2","type":"gossip"}}
2023/05/29 22:59:42 Sent {"src":"n2","dest":"n1","body":{"in_reply_to":41,"type":"gossip_ok"}}
2023/05/29 22:59:42 Received {n1 n2 {"in_reply_to":13,"type":"gossip_ok"}}
2023/05/29 22:59:42 Received {n1 n2 {"counter":3,"message":11,"msg_id":44,"sender":"n3","type":"gossip"}}
2023/05/29 22:59:42 Sent {"src":"n2","dest":"n1","body":{"counter":3,"message":11,"msg_id":14,"sender":"n3","type":"gossip"}}
2023/05/29 22:59:42 Sent {"src":"n2","dest":"n1","body":{"in_reply_to":44,"type":"gossip_ok"}}
2023/05/29 22:59:42 Received {n1 n2 {"in_reply_to":14,"type":"gossip_ok"}}
2023/05/29 22:59:43 Received {n1 n2 {"counter":2,"message":12,"msg_id":47,"sender":"n4","type":"gossip"}}
2023/05/29 22:59:43 Sent {"src":"n2","dest":"n1","body":{"counter":2,"message":12,"msg_id":15,"sender":"n4","type":"gossip"}}
2023/05/29 22:59:43 Sent {"src":"n2","dest":"n1","body":{"in_reply_to":47,"type":"gossip_ok"}}
2023/05/29 22:59:43 Received {n1 n2 {"in_reply_to":15,"type":"gossip_ok"}}
2023/05/29 22:59:43 Received {c11 n2 {"type":"read","msg_id":5}}
2023/05/29 22:59:43 Sent {"src":"n2","dest":"c11","body":{"in_reply_to":5,"messages":[0,0,1,2,3,4,4,5,6,7,9,10,10,11,12],"msg_id":5,"type":"read_ok"}}
2023/05/29 22:59:44 Received {n1 n2 {"counter":5,"message":15,"msg_id":50,"sender":"n1","type":"gossip"}}
2023/05/29 22:59:44 Sent {"src":"n2","dest":"n1","body":{"counter":5,"message":15,"msg_id":16,"sender":"n1","type":"gossip"}}
2023/05/29 22:59:44 Sent {"src":"n2","dest":"n1","body":{"in_reply_to":50,"type":"gossip_ok"}}
2023/05/29 22:59:44 Received {n1 n2 {"counter":5,"message":15,"msg_id":53,"sender":"n1","type":"gossip"}}
2023/05/29 22:59:44 Received {n1 n2 {"in_reply_to":16,"type":"gossip_ok"}}
2023/05/29 22:59:44 Sent {"src":"n2","dest":"n1","body":{"in_reply_to":53,"type":"gossip_ok"}}
2023/05/29 22:59:44 Received {c11 n2 {"type":"broadcast","message":16,"msg_id":6}}
2023/05/29 22:59:44 Sent {"src":"n2","dest":"n1","body":{"counter":4,"message":16,"msg_id":17,"sender":"n2","type":"gossip"}}
2023/05/29 22:59:44 Sent {"src":"n2","dest":"c11","body":{"in_reply_to":6,"type":"broadcast_ok"}}
2023/05/29 22:59:44 Received {n1 n2 {"counter":4,"message":16,"msg_id":56,"sender":"n2","type":"gossip"}}
2023/05/29 22:59:44 Received {n1 n2 {"in_reply_to":17,"type":"gossip_ok"}}
2023/05/29 22:59:44 Sent {"src":"n2","dest":"n1","body":{"counter":4,"message":16,"msg_id":18,"sender":"n2","type":"gossip"}}
2023/05/29 22:59:44 Sent {"src":"n2","dest":"n1","body":{"in_reply_to":56,"type":"gossip_ok"}}
2023/05/29 22:59:44 Received {n1 n2 {"in_reply_to":18,"type":"gossip_ok"}}
2023/05/29 22:59:44 Received {n1 n2 {"counter":4,"message":17,"msg_id":59,"sender":"n3","type":"gossip"}}
2023/05/29 22:59:44 Sent {"src":"n2","dest":"n1","body":{"counter":4,"message":17,"msg_id":19,"sender":"n3","type":"gossip"}}
2023/05/29 22:59:44 Sent {"src":"n2","dest":"n1","body":{"in_reply_to":59,"type":"gossip_ok"}}
2023/05/29 22:59:44 Received {n1 n2 {"in_reply_to":19,"type":"gossip_ok"}}
2023/05/29 22:59:44 Received {n1 n2 {"counter":3,"message":18,"msg_id":62,"sender":"n4","type":"gossip"}}
2023/05/29 22:59:44 Sent {"src":"n2","dest":"n1","body":{"counter":3,"message":18,"msg_id":20,"sender":"n4","type":"gossip"}}
2023/05/29 22:59:44 Sent {"src":"n2","dest":"n1","body":{"in_reply_to":62,"type":"gossip_ok"}}
2023/05/29 22:59:44 Received {n1 n2 {"in_reply_to":20,"type":"gossip_ok"}}
2023/05/29 22:59:45 Received {c11 n2 {"type":"read","msg_id":7}}
2023/05/29 22:59:45 Sent {"src":"n2","dest":"c11","body":{"in_reply_to":7,"messages":[0,0,1,2,3,4,4,5,6,7,9,10,10,11,12,15,16,16,17,18],"msg_id":7,"type":"read_ok"}}
2023/05/29 22:59:45 Received {n1 n2 {"counter":4,"message":20,"msg_id":65,"sender":"n4","type":"gossip"}}
2023/05/29 22:59:45 Sent {"src":"n2","dest":"n1","body":{"counter":4,"message":20,"msg_id":21,"sender":"n4","type":"gossip"}}
2023/05/29 22:59:45 Sent {"src":"n2","dest":"n1","body":{"in_reply_to":65,"type":"gossip_ok"}}
2023/05/29 22:59:45 Received {n1 n2 {"in_reply_to":21,"type":"gossip_ok"}}
2023/05/29 22:59:46 Received {c11 n2 {"type":"read","msg_id":8}}
2023/05/29 22:59:46 Sent {"src":"n2","dest":"c11","body":{"in_reply_to":8,"messages":[0,0,1,2,3,4,4,5,6,7,9,10,10,11,12,15,16,16,17,18,20],"msg_id":8,"type":"read_ok"}}
2023/05/29 22:59:46 Received {n1 n2 {"counter":6,"message":24,"msg_id":68,"sender":"n1","type":"gossip"}}
2023/05/29 22:59:46 Sent {"src":"n2","dest":"n1","body":{"counter":6,"message":24,"msg_id":22,"sender":"n1","type":"gossip"}}
2023/05/29 22:59:46 Sent {"src":"n2","dest":"n1","body":{"in_reply_to":68,"type":"gossip_ok"}}
2023/05/29 22:59:46 Received {n1 n2 {"counter":6,"message":24,"msg_id":71,"sender":"n1","type":"gossip"}}
2023/05/29 22:59:46 Received {n1 n2 {"in_reply_to":22,"type":"gossip_ok"}}
2023/05/29 22:59:46 Sent {"src":"n2","dest":"n1","body":{"in_reply_to":71,"type":"gossip_ok"}}
2023/05/29 22:59:46 Received {c11 n2 {"type":"broadcast","message":25,"msg_id":9}}
2023/05/29 22:59:46 Sent {"src":"n2","dest":"n1","body":{"counter":5,"message":25,"msg_id":23,"sender":"n2","type":"gossip"}}
2023/05/29 22:59:46 Sent {"src":"n2","dest":"c11","body":{"in_reply_to":9,"type":"broadcast_ok"}}
2023/05/29 22:59:46 Received {n1 n2 {"counter":5,"message":25,"msg_id":74,"sender":"n2","type":"gossip"}}
2023/05/29 22:59:46 Sent {"src":"n2","dest":"n1","body":{"counter":5,"message":25,"msg_id":24,"sender":"n2","type":"gossip"}}
2023/05/29 22:59:46 Sent {"src":"n2","dest":"n1","body":{"in_reply_to":74,"type":"gossip_ok"}}
2023/05/29 22:59:46 Received {n1 n2 {"in_reply_to":23,"type":"gossip_ok"}}
2023/05/29 22:59:46 Received {n1 n2 {"in_reply_to":24,"type":"gossip_ok"}}
2023/05/29 22:59:46 Received {n1 n2 {"counter":5,"message":26,"msg_id":77,"sender":"n3","type":"gossip"}}
2023/05/29 22:59:46 Sent {"src":"n2","dest":"n1","body":{"counter":5,"message":26,"msg_id":25,"sender":"n3","type":"gossip"}}
2023/05/29 22:59:46 Sent {"src":"n2","dest":"n1","body":{"in_reply_to":77,"type":"gossip_ok"}}
2023/05/29 22:59:46 Received {n1 n2 {"in_reply_to":25,"type":"gossip_ok"}}
2023/05/29 22:59:47 Received {n1 n2 {"counter":7,"message":28,"msg_id":80,"sender":"n1","type":"gossip"}}
2023/05/29 22:59:47 Sent {"src":"n2","dest":"n1","body":{"counter":7,"message":28,"msg_id":26,"sender":"n1","type":"gossip"}}
2023/05/29 22:59:47 Sent {"src":"n2","dest":"n1","body":{"in_reply_to":80,"type":"gossip_ok"}}
2023/05/29 22:59:47 Received {n1 n2 {"counter":7,"message":28,"msg_id":83,"sender":"n1","type":"gossip"}}
2023/05/29 22:59:47 Received {n1 n2 {"in_reply_to":26,"type":"gossip_ok"}}
2023/05/29 22:59:47 Sent {"src":"n2","dest":"n1","body":{"in_reply_to":83,"type":"gossip_ok"}}
2023/05/29 22:59:47 Received {c11 n2 {"type":"broadcast","message":29,"msg_id":10}}
2023/05/29 22:59:47 Sent {"src":"n2","dest":"n1","body":{"counter":6,"message":29,"msg_id":27,"sender":"n2","type":"gossip"}}
2023/05/29 22:59:47 Sent {"src":"n2","dest":"c11","body":{"in_reply_to":10,"type":"broadcast_ok"}}
2023/05/29 22:59:47 Received {n1 n2 {"counter":6,"message":29,"msg_id":86,"sender":"n2","type":"gossip"}}
2023/05/29 22:59:47 Sent {"src":"n2","dest":"n1","body":{"counter":6,"message":29,"msg_id":28,"sender":"n2","type":"gossip"}}
2023/05/29 22:59:47 Received {n1 n2 {"in_reply_to":27,"type":"gossip_ok"}}
2023/05/29 22:59:47 Sent {"src":"n2","dest":"n1","body":{"in_reply_to":86,"type":"gossip_ok"}}
2023/05/29 22:59:47 Received {n1 n2 {"in_reply_to":28,"type":"gossip_ok"}}
2023/05/29 22:59:47 Received {c11 n2 {"type":"broadcast","message":32,"msg_id":11}}
2023/05/29 22:59:47 Sent {"src":"n2","dest":"n1","body":{"counter":7,"message":32,"msg_id":29,"sender":"n2","type":"gossip"}}
2023/05/29 22:59:47 Sent {"src":"n2","dest":"c11","body":{"in_reply_to":11,"type":"broadcast_ok"}}
2023/05/29 22:59:47 Received {n1 n2 {"counter":7,"message":32,"msg_id":89,"sender":"n2","type":"gossip"}}
2023/05/29 22:59:47 Sent {"src":"n2","dest":"n1","body":{"counter":7,"message":32,"msg_id":30,"sender":"n2","type":"gossip"}}
2023/05/29 22:59:47 Sent {"src":"n2","dest":"n1","body":{"in_reply_to":89,"type":"gossip_ok"}}
2023/05/29 22:59:47 Received {n1 n2 {"in_reply_to":29,"type":"gossip_ok"}}
2023/05/29 22:59:47 Received {n1 n2 {"in_reply_to":30,"type":"gossip_ok"}}
2023/05/29 22:59:47 Received {n1 n2 {"counter":5,"message":33,"msg_id":92,"sender":"n4","type":"gossip"}}
2023/05/29 22:59:47 Sent {"src":"n2","dest":"n1","body":{"counter":5,"message":33,"msg_id":31,"sender":"n4","type":"gossip"}}
2023/05/29 22:59:47 Sent {"src":"n2","dest":"n1","body":{"in_reply_to":92,"type":"gossip_ok"}}
2023/05/29 22:59:47 Received {n1 n2 {"in_reply_to":31,"type":"gossip_ok"}}
2023/05/29 22:59:48 Received {n1 n2 {"counter":8,"message":36,"msg_id":95,"sender":"n1","type":"gossip"}}
2023/05/29 22:59:48 Sent {"src":"n2","dest":"n1","body":{"counter":8,"message":36,"msg_id":32,"sender":"n1","type":"gossip"}}
2023/05/29 22:59:48 Sent {"src":"n2","dest":"n1","body":{"in_reply_to":95,"type":"gossip_ok"}}
2023/05/29 22:59:48 Received {n1 n2 {"counter":8,"message":36,"msg_id":98,"sender":"n1","type":"gossip"}}
2023/05/29 22:59:48 Received {n1 n2 {"in_reply_to":32,"type":"gossip_ok"}}
2023/05/29 22:59:48 Sent {"src":"n2","dest":"n1","body":{"in_reply_to":98,"type":"gossip_ok"}}
2023/05/29 22:59:48 Received {c11 n2 {"type":"read","msg_id":12}}
2023/05/29 22:59:48 Sent {"src":"n2","dest":"c11","body":{"in_reply_to":12,"messages":[0,0,1,2,3,4,4,5,6,7,9,10,10,11,12,15,16,16,17,18,20,24,25,25,26,28,29,29,32,32,33,36],"msg_id":12,"type":"read_ok"}}
2023/05/29 22:59:48 Received {n1 n2 {"counter":6,"message":37,"msg_id":101,"sender":"n3","type":"gossip"}}
2023/05/29 22:59:48 Sent {"src":"n2","dest":"n1","body":{"counter":6,"message":37,"msg_id":33,"sender":"n3","type":"gossip"}}
2023/05/29 22:59:48 Sent {"src":"n2","dest":"n1","body":{"in_reply_to":101,"type":"gossip_ok"}}
2023/05/29 22:59:48 Received {n1 n2 {"in_reply_to":33,"type":"gossip_ok"}}
2023/05/29 22:59:48 Received {c11 n2 {"type":"read","msg_id":13}}
2023/05/29 22:59:48 Sent {"src":"n2","dest":"c11","body":{"in_reply_to":13,"messages":[0,0,1,2,3,4,4,5,6,7,9,10,10,11,12,15,16,16,17,18,20,24,25,25,26,28,29,29,32,32,33,36,37],"msg_id":13,"type":"read_ok"}}
2023/05/29 22:59:49 Received {n1 n2 {"counter":9,"message":39,"msg_id":104,"sender":"n1","type":"gossip"}}
2023/05/29 22:59:49 Sent {"src":"n2","dest":"n1","body":{"counter":9,"message":39,"msg_id":34,"sender":"n1","type":"gossip"}}
2023/05/29 22:59:49 Sent {"src":"n2","dest":"n1","body":{"in_reply_to":104,"type":"gossip_ok"}}
2023/05/29 22:59:49 Received {n1 n2 {"counter":9,"message":39,"msg_id":107,"sender":"n1","type":"gossip"}}
2023/05/29 22:59:49 Received {n1 n2 {"in_reply_to":34,"type":"gossip_ok"}}
2023/05/29 22:59:49 Sent {"src":"n2","dest":"n1","body":{"in_reply_to":107,"type":"gossip_ok"}}
2023/05/29 22:59:49 Received {c11 n2 {"type":"broadcast","message":40,"msg_id":14}}
2023/05/29 22:59:49 Sent {"src":"n2","dest":"n1","body":{"counter":8,"message":40,"msg_id":35,"sender":"n2","type":"gossip"}}
2023/05/29 22:59:49 Sent {"src":"n2","dest":"c11","body":{"in_reply_to":14,"type":"broadcast_ok"}}
2023/05/29 22:59:49 Received {n1 n2 {"counter":8,"message":40,"msg_id":110,"sender":"n2","type":"gossip"}}
2023/05/29 22:59:49 Sent {"src":"n2","dest":"n1","body":{"counter":8,"message":40,"msg_id":36,"sender":"n2","type":"gossip"}}
2023/05/29 22:59:49 Received {n1 n2 {"in_reply_to":35,"type":"gossip_ok"}}
2023/05/29 22:59:49 Sent {"src":"n2","dest":"n1","body":{"in_reply_to":110,"type":"gossip_ok"}}
2023/05/29 22:59:49 Received {n1 n2 {"in_reply_to":36,"type":"gossip_ok"}}
2023/05/29 22:59:50 Received {n1 n2 {"counter":6,"message":41,"msg_id":113,"sender":"n4","type":"gossip"}}
2023/05/29 22:59:50 Sent {"src":"n2","dest":"n1","body":{"counter":6,"message":41,"msg_id":37,"sender":"n4","type":"gossip"}}
2023/05/29 22:59:50 Sent {"src":"n2","dest":"n1","body":{"in_reply_to":113,"type":"gossip_ok"}}
2023/05/29 22:59:50 Received {n1 n2 {"in_reply_to":37,"type":"gossip_ok"}}
2023/05/29 22:59:50 Received {n1 n2 {"counter":10,"message":43,"msg_id":116,"sender":"n1","type":"gossip"}}
2023/05/29 22:59:50 Sent {"src":"n2","dest":"n1","body":{"counter":10,"message":43,"msg_id":38,"sender":"n1","type":"gossip"}}
2023/05/29 22:59:50 Sent {"src":"n2","dest":"n1","body":{"in_reply_to":116,"type":"gossip_ok"}}
2023/05/29 22:59:50 Received {n1 n2 {"counter":10,"message":43,"msg_id":119,"sender":"n1","type":"gossip"}}
2023/05/29 22:59:50 Received {n1 n2 {"in_reply_to":38,"type":"gossip_ok"}}
2023/05/29 22:59:50 Sent {"src":"n2","dest":"n1","body":{"in_reply_to":119,"type":"gossip_ok"}}
2023/05/29 22:59:50 Received {n1 n2 {"counter":7,"message":44,"msg_id":122,"sender":"n3","type":"gossip"}}
2023/05/29 22:59:50 Sent {"src":"n2","dest":"n1","body":{"counter":7,"message":44,"msg_id":39,"sender":"n3","type":"gossip"}}
2023/05/29 22:59:50 Sent {"src":"n2","dest":"n1","body":{"in_reply_to":122,"type":"gossip_ok"}}
2023/05/29 22:59:50 Received {n1 n2 {"in_reply_to":39,"type":"gossip_ok"}}
2023/05/29 22:59:50 Received {n1 n2 {"counter":15,"message":45,"msg_id":125,"sender":"n0","type":"gossip"}}
2023/05/29 22:59:50 Sent {"src":"n2","dest":"n1","body":{"counter":15,"message":45,"msg_id":40,"sender":"n0","type":"gossip"}}
2023/05/29 22:59:50 Sent {"src":"n2","dest":"n1","body":{"in_reply_to":125,"type":"gossip_ok"}}
2023/05/29 22:59:50 Received {n1 n2 {"in_reply_to":40,"type":"gossip_ok"}}
2023/05/29 22:59:50 Received {c11 n2 {"type":"read","msg_id":15}}
2023/05/29 22:59:50 Sent {"src":"n2","dest":"c11","body":{"in_reply_to":15,"messages":[0,0,1,2,3,4,4,5,6,7,9,10,10,11,12,15,16,16,17,18,20,24,25,25,26,28,29,29,32,32,33,36,37,39,40,40,41,43,44,45],"msg_id":15,"type":"read_ok"}}
2023/05/29 22:59:51 Received {c11 n2 {"type":"read","msg_id":16}}
2023/05/29 22:59:51 Sent {"src":"n2","dest":"c11","body":{"in_reply_to":16,"messages":[0,0,1,2,3,4,4,5,6,7,9,10,10,11,12,15,16,16,17,18,20,24,25,25,26,28,29,29,32,32,33,36,37,39,40,40,41,43,44,45],"msg_id":16,"type":"read_ok"}}
2023/05/29 22:59:52 Received {c11 n2 {"type":"broadcast","message":51,"msg_id":17}}
2023/05/29 22:59:52 Sent {"src":"n2","dest":"n1","body":{"counter":9,"message":51,"msg_id":41,"sender":"n2","type":"gossip"}}
2023/05/29 22:59:52 Sent {"src":"n2","dest":"c11","body":{"in_reply_to":17,"type":"broadcast_ok"}}
2023/05/29 22:59:53 Received {c11 n2 {"type":"broadcast","message":55,"msg_id":18}}
2023/05/29 22:59:53 Sent {"src":"n2","dest":"n1","body":{"counter":10,"message":55,"msg_id":42,"sender":"n2","type":"gossip"}}
2023/05/29 22:59:53 Sent {"src":"n2","dest":"c11","body":{"in_reply_to":18,"type":"broadcast_ok"}}
2023/05/29 22:59:53 Received {c11 n2 {"type":"broadcast","message":58,"msg_id":19}}
2023/05/29 22:59:53 Sent {"src":"n2","dest":"n1","body":{"counter":11,"message":58,"msg_id":43,"sender":"n2","type":"gossip"}}
2023/05/29 22:59:53 Sent {"src":"n2","dest":"c11","body":{"in_reply_to":19,"type":"broadcast_ok"}}
2023/05/29 22:59:53 Received {c11 n2 {"type":"broadcast","message":61,"msg_id":20}}
2023/05/29 22:59:53 Sent {"src":"n2","dest":"n1","body":{"counter":12,"message":61,"msg_id":44,"sender":"n2","type":"gossip"}}
2023/05/29 22:59:53 Sent {"src":"n2","dest":"c11","body":{"in_reply_to":20,"type":"broadcast_ok"}}
2023/05/29 22:59:54 Received {c11 n2 {"type":"read","msg_id":21}}
2023/05/29 22:59:54 Sent {"src":"n2","dest":"c11","body":{"in_reply_to":21,"messages":[0,0,1,2,3,4,4,5,6,7,9,10,10,11,12,15,16,16,17,18,20,24,25,25,26,28,29,29,32,32,33,36,37,39,40,40,41,43,44,45,51,55,58,61],"msg_id":21,"type":"read_ok"}}
2023/05/29 22:59:54 Received {c11 n2 {"type":"broadcast","message":66,"msg_id":22}}
2023/05/29 22:59:54 Sent {"src":"n2","dest":"n1","body":{"counter":13,"message":66,"msg_id":45,"sender":"n2","type":"gossip"}}
2023/05/29 22:59:54 Sent {"src":"n2","dest":"c11","body":{"in_reply_to":22,"type":"broadcast_ok"}}
2023/05/29 22:59:55 Received {c11 n2 {"type":"broadcast","message":68,"msg_id":23}}
2023/05/29 22:59:55 Sent {"src":"n2","dest":"n1","body":{"counter":14,"message":68,"msg_id":46,"sender":"n2","type":"gossip"}}
2023/05/29 22:59:55 Sent {"src":"n2","dest":"c11","body":{"in_reply_to":23,"type":"broadcast_ok"}}
2023/05/29 22:59:55 Received {c11 n2 {"type":"broadcast","message":74,"msg_id":24}}
2023/05/29 22:59:55 Sent {"src":"n2","dest":"n1","body":{"counter":15,"message":74,"msg_id":47,"sender":"n2","type":"gossip"}}
2023/05/29 22:59:55 Sent {"src":"n2","dest":"c11","body":{"in_reply_to":24,"type":"broadcast_ok"}}
2023/05/29 22:59:56 Received {c11 n2 {"type":"broadcast","message":77,"msg_id":25}}
2023/05/29 22:59:56 Sent {"src":"n2","dest":"n1","body":{"counter":16,"message":77,"msg_id":48,"sender":"n2","type":"gossip"}}
2023/05/29 22:59:56 Sent {"src":"n2","dest":"c11","body":{"in_reply_to":25,"type":"broadcast_ok"}}
2023/05/29 22:59:56 Received {c11 n2 {"type":"read","msg_id":26}}
2023/05/29 22:59:56 Sent {"src":"n2","dest":"c11","body":{"in_reply_to":26,"messages":[0,0,1,2,3,4,4,5,6,7,9,10,10,11,12,15,16,16,17,18,20,24,25,25,26,28,29,29,32,32,33,36,37,39,40,40,41,43,44,45,51,55,58,61,66,68,74,77],"msg_id":26,"type":"read_ok"}}
2023/05/29 22:59:57 Received {c11 n2 {"type":"broadcast","message":84,"msg_id":27}}
2023/05/29 22:59:57 Sent {"src":"n2","dest":"n1","body":{"counter":17,"message":84,"msg_id":49,"sender":"n2","type":"gossip"}}
2023/05/29 22:59:57 Sent {"src":"n2","dest":"c11","body":{"in_reply_to":27,"type":"broadcast_ok"}}
2023/05/29 22:59:58 Received {c11 n2 {"type":"read","msg_id":28}}
2023/05/29 22:59:58 Sent {"src":"n2","dest":"c11","body":{"in_reply_to":28,"messages":[0,0,1,2,3,4,4,5,6,7,9,10,10,11,12,15,16,16,17,18,20,24,25,25,26,28,29,29,32,32,33,36,37,39,40,40,41,43,44,45,51,55,58,61,66,68,74,77,84],"msg_id":28,"type":"read_ok"}}
2023/05/29 22:59:58 Received {c11 n2 {"type":"read","msg_id":29}}
2023/05/29 22:59:58 Sent {"src":"n2","dest":"c11","body":{"in_reply_to":29,"messages":[0,0,1,2,3,4,4,5,6,7,9,10,10,11,12,15,16,16,17,18,20,24,25,25,26,28,29,29,32,32,33,36,37,39,40,40,41,43,44,45,51,55,58,61,66,68,74,77,84],"msg_id":29,"type":"read_ok"}}
2023/05/29 22:59:59 Received {c11 n2 {"type":"broadcast","message":96,"msg_id":30}}
2023/05/29 22:59:59 Sent {"src":"n2","dest":"n1","body":{"counter":18,"message":96,"msg_id":50,"sender":"n2","type":"gossip"}}
2023/05/29 22:59:59 Sent {"src":"n2","dest":"c11","body":{"in_reply_to":30,"type":"broadcast_ok"}}
2023/05/29 23:00:00 Received {c11 n2 {"type":"read","msg_id":31}}
2023/05/29 23:00:00 Sent {"src":"n2","dest":"c11","body":{"in_reply_to":31,"messages":[0,0,1,2,3,4,4,5,6,7,9,10,10,11,12,15,16,16,17,18,20,24,25,25,26,28,29,29,32,32,33,36,37,39,40,40,41,43,44,45,51,55,58,61,66,68,74,77,84,96],"msg_id":31,"type":"read_ok"}}
2023/05/29 23:00:00 Received {n1 n2 {"counter":17,"message":101,"msg_id":227,"sender":"n3","type":"gossip"}}
2023/05/29 23:00:00 Sent {"src":"n2","dest":"n1","body":{"counter":17,"message":101,"msg_id":51,"sender":"n3","type":"gossip"}}
2023/05/29 23:00:00 Sent {"src":"n2","dest":"n1","body":{"in_reply_to":227,"type":"gossip_ok"}}
2023/05/29 23:00:00 Received {n1 n2 {"in_reply_to":51,"type":"gossip_ok"}}
2023/05/29 23:00:00 Received {n1 n2 {"counter":18,"message":102,"msg_id":230,"sender":"n4","type":"gossip"}}
2023/05/29 23:00:00 Sent {"src":"n2","dest":"n1","body":{"counter":18,"message":102,"msg_id":52,"sender":"n4","type":"gossip"}}
2023/05/29 23:00:00 Sent {"src":"n2","dest":"n1","body":{"in_reply_to":230,"type":"gossip_ok"}}
2023/05/29 23:00:00 Received {n1 n2 {"in_reply_to":52,"type":"gossip_ok"}}
2023/05/29 23:00:00 Received {n1 n2 {"counter":33,"message":103,"msg_id":233,"sender":"n0","type":"gossip"}}
2023/05/29 23:00:00 Sent {"src":"n2","dest":"n1","body":{"counter":33,"message":103,"msg_id":53,"sender":"n0","type":"gossip"}}
2023/05/29 23:00:00 Sent {"src":"n2","dest":"n1","body":{"in_reply_to":233,"type":"gossip_ok"}}
2023/05/29 23:00:00 Received {n1 n2 {"in_reply_to":53,"type":"gossip_ok"}}
2023/05/29 23:00:00 Received {c11 n2 {"type":"read","msg_id":32}}
2023/05/29 23:00:00 Sent {"src":"n2","dest":"c11","body":{"in_reply_to":32,"messages":[0,0,1,2,3,4,4,5,6,7,9,10,10,11,12,15,16,16,17,18,20,24,25,25,26,28,29,29,32,32,33,36,37,39,40,40,41,43,44,45,51,55,58,61,66,68,74,77,84,96,101,102,103],"msg_id":32,"type":"read_ok"}}
2023/05/29 23:00:10 Received {c11 n2 {"type":"read","msg_id":33}}
2023/05/29 23:00:10 Sent {"src":"n2","dest":"c11","body":{"in_reply_to":33,"messages":[0,0,1,2,3,4,4,5,6,7,9,10,10,11,12,15,16,16,17,18,20,24,25,25,26,28,29,29,32,32,33,36,37,39,40,40,41,43,44,45,51,55,58,61,66,68,74,77,84,96,101,102,103],"msg_id":33,"type":"read_ok"}}
