2023/05/29 22:54:40 Received {c4 n0 {"type":"init","node_id":"n0","node_ids":["n0","n1","n2","n3","n4"],"msg_id":1}}
2023/05/29 22:54:40 Node n0 initialized
2023/05/29 22:54:40 Sent {"src":"n0","dest":"c4","body":{"in_reply_to":1,"type":"init_ok"}}
2023/05/29 22:54:40 Received {c6 n0 {"type":"topology","topology":{"n0":["n3","n1"],"n1":["n4","n2","n0"],"n2":["n1"],"n3":["n0","n4"],"n4":["n1","n3"]},"msg_id":1}}
2023/05/29 22:54:40 Sent {"src":"n0","dest":"c6","body":{"in_reply_to":1,"type":"topology_ok"}}
2023/05/29 22:54:40 Received {n1 n0 {"counter":1,"message":0,"msg_id":3,"sender":"n1","type":"gossip"}}
2023/05/29 22:54:40 Sent {"src":"n0","dest":"n3","body":{"counter":1,"message":0,"msg_id":1,"sender":"n1","type":"gossip"}}
2023/05/29 22:54:40 Sent {"src":"n0","dest":"n1","body":{"counter":1,"message":0,"msg_id":2,"sender":"n1","type":"gossip"}}
2023/05/29 22:54:40 Received {n1 n0 {"counter":1,"message":0,"msg_id":6,"sender":"n1","type":"gossip"}}
2023/05/29 22:54:40 Received {n1 n0 {"counter":1,"message":1,"msg_id":9,"sender":"n2","type":"gossip"}}
2023/05/29 22:54:40 Sent {"src":"n0","dest":"n3","body":{"counter":1,"message":1,"msg_id":3,"sender":"n2","type":"gossip"}}
2023/05/29 22:54:40 Sent {"src":"n0","dest":"n1","body":{"counter":1,"message":1,"msg_id":4,"sender":"n2","type":"gossip"}}
2023/05/29 22:54:40 Received {c14 n0 {"type":"read","msg_id":1}}
2023/05/29 22:54:40 Sent {"src":"n0","dest":"c14","body":{"in_reply_to":1,"messages":[0,1],"msg_id":1,"type":"read_ok"}}
2023/05/29 22:54:40 Received {c14 n0 {"type":"broadcast","message":3,"msg_id":2}}
2023/05/29 22:54:40 Sent {"src":"n0","dest":"n3","body":{"counter":1,"message":3,"msg_id":5,"sender":"n0","type":"gossip"}}
2023/05/29 22:54:40 Sent {"src":"n0","dest":"n1","body":{"counter":1,"message":3,"msg_id":6,"sender":"n0","type":"gossip"}}
2023/05/29 22:54:40 Sent {"src":"n0","dest":"c14","body":{"in_reply_to":2,"type":"broadcast_ok"}}
2023/05/29 22:54:40 Received {n1 n0 {"counter":1,"message":3,"msg_id":12,"sender":"n0","type":"gossip"}}
2023/05/29 22:54:40 Sent {"src":"n0","dest":"n3","body":{"counter":1,"message":3,"msg_id":7,"sender":"n0","type":"gossip"}}
2023/05/29 22:54:40 Sent {"src":"n0","dest":"n1","body":{"counter":1,"message":3,"msg_id":8,"sender":"n0","type":"gossip"}}
2023/05/29 22:54:40 Received {n1 n0 {"counter":2,"message":4,"msg_id":15,"sender":"n1","type":"gossip"}}
2023/05/29 22:54:40 Sent {"src":"n0","dest":"n3","body":{"counter":2,"message":4,"msg_id":9,"sender":"n1","type":"gossip"}}
2023/05/29 22:54:40 Sent {"src":"n0","dest":"n1","body":{"counter":2,"message":4,"msg_id":10,"sender":"n1","type":"gossip"}}
2023/05/29 22:54:40 Received {n1 n0 {"counter":2,"message":4,"msg_id":18,"sender":"n1","type":"gossip"}}
2023/05/29 22:54:40 Received {n1 n0 {"counter":2,"message":5,"msg_id":21,"sender":"n2","type":"gossip"}}
2023/05/29 22:54:40 Sent {"src":"n0","dest":"n3","body":{"counter":2,"message":5,"msg_id":11,"sender":"n2","type":"gossip"}}
2023/05/29 22:54:40 Sent {"src":"n0","dest":"n1","body":{"counter":2,"message":5,"msg_id":12,"sender":"n2","type":"gossip"}}
2023/05/29 22:54:41 Received {c14 n0 {"type":"broadcast","message":6,"msg_id":3}}
2023/05/29 22:54:41 Sent {"src":"n0","dest":"n3","body":{"counter":2,"message":6,"msg_id":13,"sender":"n0","type":"gossip"}}
2023/05/29 22:54:41 Sent {"src":"n0","dest":"n1","body":{"counter":2,"message":6,"msg_id":14,"sender":"n0","type":"gossip"}}
2023/05/29 22:54:41 Sent {"src":"n0","dest":"c14","body":{"in_reply_to":3,"type":"broadcast_ok"}}
2023/05/29 22:54:41 Received {n1 n0 {"counter":2,"message":6,"msg_id":24,"sender":"n0","type":"gossip"}}
2023/05/29 22:54:41 Sent {"src":"n0","dest":"n3","body":{"counter":2,"message":6,"msg_id":15,"sender":"n0","type":"gossip"}}
2023/05/29 22:54:41 Sent {"src":"n0","dest":"n1","body":{"counter":2,"message":6,"msg_id":16,"sender":"n0","type":"gossip"}}
2023/05/29 22:54:41 Received {c14 n0 {"type":"read","msg_id":4}}
2023/05/29 22:54:41 Sent {"src":"n0","dest":"c14","body":{"in_reply_to":4,"messages":[0,1,3,3,4,5,6,6],"msg_id":4,"type":"read_ok"}}
2023/05/29 22:54:41 Received {n1 n0 {"counter":3,"message":7,"msg_id":27,"sender":"n2","type":"gossip"}}
2023/05/29 22:54:41 Sent {"src":"n0","dest":"n3","body":{"counter":3,"message":7,"msg_id":17,"sender":"n2","type":"gossip"}}
2023/05/29 22:54:41 Sent {"src":"n0","dest":"n1","body":{"counter":3,"message":7,"msg_id":18,"sender":"n2","type":"gossip"}}
2023/05/29 22:54:41 Received {n1 n0 {"counter":1,"message":8,"msg_id":30,"sender":"n4","type":"gossip"}}
2023/05/29 22:54:41 Sent {"src":"n0","dest":"n3","body":{"counter":1,"message":8,"msg_id":19,"sender":"n4","type":"gossip"}}
2023/05/29 22:54:41 Sent {"src":"n0","dest":"n1","body":{"counter":1,"message":8,"msg_id":20,"sender":"n4","type":"gossip"}}
2023/05/29 22:54:41 Received {c14 n0 {"type":"broadcast","message":9,"msg_id":5}}
2023/05/29 22:54:41 Sent {"src":"n0","dest":"n3","body":{"counter":3,"message":9,"msg_id":21,"sender":"n0","type":"gossip"}}
2023/05/29 22:54:41 Sent {"src":"n0","dest":"n1","body":{"counter":3,"message":9,"msg_id":22,"sender":"n0","type":"gossip"}}
2023/05/29 22:54:41 Sent {"src":"n0","dest":"c14","body":{"in_reply_to":5,"type":"broadcast_ok"}}
2023/05/29 22:54:41 Received {n1 n0 {"counter":3,"message":9,"msg_id":33,"sender":"n0","type":"gossip"}}
2023/05/29 22:54:41 Sent {"src":"n0","dest":"n3","body":{"counter":3,"message":9,"msg_id":23,"sender":"n0","type":"gossip"}}
2023/05/29 22:54:41 Sent {"src":"n0","dest":"n1","body":{"counter":3,"message":9,"msg_id":24,"sender":"n0","type":"gossip"}}
2023/05/29 22:54:41 Received {c14 n0 {"type":"read","msg_id":6}}
2023/05/29 22:54:41 Sent {"src":"n0","dest":"c14","body":{"in_reply_to":6,"messages":[0,1,3,3,4,5,6,6,7,8,9,9],"msg_id":6,"type":"read_ok"}}
2023/05/29 22:54:42 Received {n1 n0 {"counter":3,"message":10,"msg_id":36,"sender":"n1","type":"gossip"}}
2023/05/29 22:54:42 Sent {"src":"n0","dest":"n3","body":{"counter":3,"message":10,"msg_id":25,"sender":"n1","type":"gossip"}}
2023/05/29 22:54:42 Sent {"src":"n0","dest":"n1","body":{"counter":3,"message":10,"msg_id":26,"sender":"n1","type":"gossip"}}
2023/05/29 22:54:42 Received {n1 n0 {"counter":3,"message":10,"msg_id":39,"sender":"n1","type":"gossip"}}
2023/05/29 22:54:42 Received {n1 n0 {"counter":4,"message":11,"msg_id":42,"sender":"n2","type":"gossip"}}
2023/05/29 22:54:42 Sent {"src":"n0","dest":"n3","body":{"counter":4,"message":11,"msg_id":27,"sender":"n2","type":"gossip"}}
2023/05/29 22:54:42 Sent {"src":"n0","dest":"n1","body":{"counter":4,"message":11,"msg_id":28,"sender":"n2","type":"gossip"}}
2023/05/29 22:54:42 Received {c14 n0 {"type":"broadcast","message":12,"msg_id":7}}
2023/05/29 22:54:42 Sent {"src":"n0","dest":"n3","body":{"counter":4,"message":12,"msg_id":29,"sender":"n0","type":"gossip"}}
2023/05/29 22:54:42 Sent {"src":"n0","dest":"n1","body":{"counter":4,"message":12,"msg_id":30,"sender":"n0","type":"gossip"}}
2023/05/29 22:54:42 Sent {"src":"n0","dest":"c14","body":{"in_reply_to":7,"type":"broadcast_ok"}}
2023/05/29 22:54:42 Received {n1 n0 {"counter":4,"message":12,"msg_id":45,"sender":"n0","type":"gossip"}}
2023/05/29 22:54:42 Sent {"src":"n0","dest":"n3","body":{"counter":4,"message":12,"msg_id":31,"sender":"n0","type":"gossip"}}
2023/05/29 22:54:42 Sent {"src":"n0","dest":"n1","body":{"counter":4,"message":12,"msg_id":32,"sender":"n0","type":"gossip"}}
2023/05/29 22:54:42 Received {c14 n0 {"type":"read","msg_id":8}}
2023/05/29 22:54:42 Sent {"src":"n0","dest":"c14","body":{"in_reply_to":8,"messages":[0,1,3,3,4,5,6,6,7,8,9,9,10,11,12,12],"msg_id":8,"type":"read_ok"}}
2023/05/29 22:54:42 Received {n1 n0 {"counter":4,"message":13,"msg_id":48,"sender":"n1","type":"gossip"}}
2023/05/29 22:54:42 Sent {"src":"n0","dest":"n3","body":{"counter":4,"message":13,"msg_id":33,"sender":"n1","type":"gossip"}}
2023/05/29 22:54:42 Sent {"src":"n0","dest":"n1","body":{"counter":4,"message":13,"msg_id":34,"sender":"n1","type":"gossip"}}
2023/05/29 22:54:42 Received {n1 n0 {"counter":4,"message":13,"msg_id":51,"sender":"n1","type":"gossip"}}
2023/05/29 22:54:43 Received {n1 n0 {"counter":2,"message":14,"msg_id":54,"sender":"n4","type":"gossip"}}
2023/05/29 22:54:43 Sent {"src":"n0","dest":"n3","body":{"counter":2,"message":14,"msg_id":35,"sender":"n4","type":"gossip"}}
2023/05/29 22:54:43 Sent {"src":"n0","dest":"n1","body":{"counter":2,"message":14,"msg_id":36,"sender":"n4","type":"gossip"}}
2023/05/29 22:54:43 Received {c14 n0 {"type":"broadcast","message":15,"msg_id":9}}
2023/05/29 22:54:43 Sent {"src":"n0","dest":"n3","body":{"counter":5,"message":15,"msg_id":37,"sender":"n0","type":"gossip"}}
2023/05/29 22:54:43 Sent {"src":"n0","dest":"n1","body":{"counter":5,"message":15,"msg_id":38,"sender":"n0","type":"gossip"}}
2023/05/29 22:54:43 Sent {"src":"n0","dest":"c14","body":{"in_reply_to":9,"type":"broadcast_ok"}}
2023/05/29 22:54:43 Received {n1 n0 {"counter":5,"message":15,"msg_id":57,"sender":"n0","type":"gossip"}}
2023/05/29 22:54:43 Sent {"src":"n0","dest":"n3","body":{"counter":5,"message":15,"msg_id":39,"sender":"n0","type":"gossip"}}
2023/05/29 22:54:43 Sent {"src":"n0","dest":"n1","body":{"counter":5,"message":15,"msg_id":40,"sender":"n0","type":"gossip"}}
2023/05/29 22:54:43 Received {c14 n0 {"type":"read","msg_id":10}}
2023/05/29 22:54:43 Sent {"src":"n0","dest":"c14","body":{"in_reply_to":10,"messages":[0,1,3,3,4,5,6,6,7,8,9,9,10,11,12,12,13,14,15,15],"msg_id":10,"type":"read_ok"}}
2023/05/29 22:54:43 Received {n1 n0 {"counter":5,"message":16,"msg_id":60,"sender":"n2","type":"gossip"}}
2023/05/29 22:54:43 Sent {"src":"n0","dest":"n3","body":{"counter":5,"message":16,"msg_id":41,"sender":"n2","type":"gossip"}}
2023/05/29 22:54:43 Sent {"src":"n0","dest":"n1","body":{"counter":5,"message":16,"msg_id":42,"sender":"n2","type":"gossip"}}
2023/05/29 22:54:43 Received {c14 n0 {"type":"broadcast","message":18,"msg_id":11}}
2023/05/29 22:54:43 Sent {"src":"n0","dest":"n3","body":{"counter":6,"message":18,"msg_id":43,"sender":"n0","type":"gossip"}}
2023/05/29 22:54:43 Sent {"src":"n0","dest":"n1","body":{"counter":6,"message":18,"msg_id":44,"sender":"n0","type":"gossip"}}
2023/05/29 22:54:43 Sent {"src":"n0","dest":"c14","body":{"in_reply_to":11,"type":"broadcast_ok"}}
2023/05/29 22:54:43 Received {n1 n0 {"counter":6,"message":18,"msg_id":63,"sender":"n0","type":"gossip"}}
2023/05/29 22:54:43 Sent {"src":"n0","dest":"n3","body":{"counter":6,"message":18,"msg_id":45,"sender":"n0","type":"gossip"}}
2023/05/29 22:54:43 Sent {"src":"n0","dest":"n1","body":{"counter":6,"message":18,"msg_id":46,"sender":"n0","type":"gossip"}}
2023/05/29 22:54:43 Received {c14 n0 {"type":"broadcast","message":19,"msg_id":12}}
2023/05/29 22:54:43 Sent {"src":"n0","dest":"n3","body":{"counter":7,"message":19,"msg_id":47,"sender":"n0","type":"gossip"}}
2023/05/29 22:54:43 Sent {"src":"n0","dest":"n1","body":{"counter":7,"message":19,"msg_id":48,"sender":"n0","type":"gossip"}}
2023/05/29 22:54:43 Sent {"src":"n0","dest":"c14","body":{"in_reply_to":12,"type":"broadcast_ok"}}
2023/05/29 22:54:43 Received {n1 n0 {"counter":7,"message":19,"msg_id":66,"sender":"n0","type":"gossip"}}
2023/05/29 22:54:43 Sent {"src":"n0","dest":"n3","body":{"counter":7,"message":19,"msg_id":49,"sender":"n0","type":"gossip"}}
2023/05/29 22:54:43 Sent {"src":"n0","dest":"n1","body":{"counter":7,"message":19,"msg_id":50,"sender":"n0","type":"gossip"}}
2023/05/29 22:54:44 Received {n1 n0 {"counter":6,"message":20,"msg_id":69,"sender":"n2","type":"gossip"}}
2023/05/29 22:54:44 Sent {"src":"n0","dest":"n3","body":{"counter":6,"message":20,"msg_id":51,"sender":"n2","type":"gossip"}}
2023/05/29 22:54:44 Sent {"src":"n0","dest":"n1","body":{"counter":6,"message":20,"msg_id":52,"sender":"n2","type":"gossip"}}
2023/05/29 22:54:44 Received {n1 n0 {"counter":3,"message":22,"msg_id":72,"sender":"n4","type":"gossip"}}
2023/05/29 22:54:44 Sent {"src":"n0","dest":"n3","body":{"counter":3,"message":22,"msg_id":53,"sender":"n4","type":"gossip"}}
2023/05/29 22:54:44 Sent {"src":"n0","dest":"n1","body":{"counter":3,"message":22,"msg_id":54,"sender":"n4","type":"gossip"}}
2023/05/29 22:54:44 Received {c14 n0 {"type":"read","msg_id":13}}
2023/05/29 22:54:44 Sent {"src":"n0","dest":"c14","body":{"in_reply_to":13,"messages":[0,1,3,3,4,5,6,6,7,8,9,9,10,11,12,12,13,14,15,15,16,18,18,19,19,20,22],"msg_id":13,"type":"read_ok"}}
2023/05/29 22:54:44 Received {c14 n0 {"type":"read","msg_id":14}}
2023/05/29 22:54:44 Sent {"src":"n0","dest":"c14","body":{"in_reply_to":14,"messages":[0,1,3,3,4,5,6,6,7,8,9,9,10,11,12,12,13,14,15,15,16,18,18,19,19,20,22],"msg_id":14,"type":"read_ok"}}
2023/05/29 22:54:44 Received {n1 n0 {"counter":7,"message":23,"msg_id":75,"sender":"n2","type":"gossip"}}
2023/05/29 22:54:44 Sent {"src":"n0","dest":"n3","body":{"counter":7,"message":23,"msg_id":55,"sender":"n2","type":"gossip"}}
2023/05/29 22:54:44 Sent {"src":"n0","dest":"n1","body":{"counter":7,"message":23,"msg_id":56,"sender":"n2","type":"gossip"}}
2023/05/29 22:54:45 Received {c14 n0 {"type":"broadcast","message":25,"msg_id":15}}
2023/05/29 22:54:45 Sent {"src":"n0","dest":"n3","body":{"counter":8,"message":25,"msg_id":57,"sender":"n0","type":"gossip"}}
2023/05/29 22:54:45 Sent {"src":"n0","dest":"n1","body":{"counter":8,"message":25,"msg_id":58,"sender":"n0","type":"gossip"}}
2023/05/29 22:54:45 Sent {"src":"n0","dest":"c14","body":{"in_reply_to":15,"type":"broadcast_ok"}}
2023/05/29 22:54:45 Received {n1 n0 {"counter":8,"message":25,"msg_id":78,"sender":"n0","type":"gossip"}}
2023/05/29 22:54:45 Sent {"src":"n0","dest":"n3","body":{"counter":8,"message":25,"msg_id":59,"sender":"n0","type":"gossip"}}
2023/05/29 22:54:45 Sent {"src":"n0","dest":"n1","body":{"counter":8,"message":25,"msg_id":60,"sender":"n0","type":"gossip"}}
2023/05/29 22:54:45 Received {c14 n0 {"type":"broadcast","message":26,"msg_id":16}}
2023/05/29 22:54:45 Sent {"src":"n0","dest":"n3","body":{"counter":9,"message":26,"msg_id":61,"sender":"n0","type":"gossip"}}
2023/05/29 22:54:45 Sent {"src":"n0","dest":"n1","body":{"counter":9,"message":26,"msg_id":62,"sender":"n0","type":"gossip"}}
2023/05/29 22:54:45 Sent {"src":"n0","dest":"c14","body":{"in_reply_to":16,"type":"broadcast_ok"}}
2023/05/29 22:54:45 Received {n1 n0 {"counter":9,"message":26,"msg_id":81,"sender":"n0","type":"gossip"}}
2023/05/29 22:54:45 Sent {"src":"n0","dest":"n3","body":{"counter":9,"message":26,"msg_id":63,"sender":"n0","type":"gossip"}}
2023/05/29 22:54:45 Sent {"src":"n0","dest":"n1","body":{"counter":9,"message":26,"msg_id":64,"sender":"n0","type":"gossip"}}
2023/05/29 22:54:45 Received {c14 n0 {"type":"read","msg_id":17}}
2023/05/29 22:54:45 Sent {"src":"n0","dest":"c14","body":{"in_reply_to":17,"messages":[0,1,3,3,4,5,6,6,7,8,9,9,10,11,12,12,13,14,15,15,16,18,18,19,19,20,22,23,25,25,26,26],"msg_id":17,"type":"read_ok"}}
2023/05/29 22:54:45 Received {c14 n0 {"type":"read","msg_id":18}}
2023/05/29 22:54:45 Sent {"src":"n0","dest":"c14","body":{"in_reply_to":18,"messages":[0,1,3,3,4,5,6,6,7,8,9,9,10,11,12,12,13,14,15,15,16,18,18,19,19,20,22,23,25,25,26,26],"msg_id":18,"type":"read_ok"}}
2023/05/29 22:54:46 Received {n1 n0 {"counter":4,"message":29,"msg_id":84,"sender":"n4","type":"gossip"}}
2023/05/29 22:54:46 Sent {"src":"n0","dest":"n3","body":{"counter":4,"message":29,"msg_id":65,"sender":"n4","type":"gossip"}}
2023/05/29 22:54:46 Sent {"src":"n0","dest":"n1","body":{"counter":4,"message":29,"msg_id":66,"sender":"n4","type":"gossip"}}
2023/05/29 22:54:46 Received {c14 n0 {"type":"broadcast","message":30,"msg_id":19}}
2023/05/29 22:54:46 Sent {"src":"n0","dest":"n3","body":{"counter":10,"message":30,"msg_id":67,"sender":"n0","type":"gossip"}}
2023/05/29 22:54:46 Sent {"src":"n0","dest":"n1","body":{"counter":10,"message":30,"msg_id":68,"sender":"n0","type":"gossip"}}
2023/05/29 22:54:46 Sent {"src":"n0","dest":"c14","body":{"in_reply_to":19,"type":"broadcast_ok"}}
2023/05/29 22:54:46 Received {n1 n0 {"counter":10,"message":30,"msg_id":87,"sender":"n0","type":"gossip"}}
2023/05/29 22:54:46 Sent {"src":"n0","dest":"n3","body":{"counter":10,"message":30,"msg_id":69,"sender":"n0","type":"gossip"}}
2023/05/29 22:54:46 Sent {"src":"n0","dest":"n1","body":{"counter":10,"message":30,"msg_id":70,"sender":"n0","type":"gossip"}}
2023/05/29 22:54:46 Received {c14 n0 {"type":"read","msg_id":20}}
2023/05/29 22:54:46 Sent {"src":"n0","dest":"c14","body":{"in_reply_to":20,"messages":[0,1,3,3,4,5,6,6,7,8,9,9,10,11,12,12,13,14,15,15,16,18,18,19,19,20,22,23,25,25,26,26,29,30,30],"msg_id":20,"type":"read_ok"}}
2023/05/29 22:54:46 Received {c14 n0 {"type":"read","msg_id":21}}
2023/05/29 22:54:46 Sent {"src":"n0","dest":"c14","body":{"in_reply_to":21,"messages":[0,1,3,3,4,5,6,6,7,8,9,9,10,11,12,12,13,14,15,15,16,18,18,19,19,20,22,23,25,25,26,26,29,30,30],"msg_id":21,"type":"read_ok"}}
2023/05/29 22:54:46 Received {c14 n0 {"type":"broadcast","message":32,"msg_id":22}}
2023/05/29 22:54:46 Sent {"src":"n0","dest":"n3","body":{"counter":11,"message":32,"msg_id":71,"sender":"n0","type":"gossip"}}
2023/05/29 22:54:46 Sent {"src":"n0","dest":"n1","body":{"counter":11,"message":32,"msg_id":72,"sender":"n0","type":"gossip"}}
2023/05/29 22:54:46 Sent {"src":"n0","dest":"c14","body":{"in_reply_to":22,"type":"broadcast_ok"}}
2023/05/29 22:54:46 Received {n1 n0 {"counter":11,"message":32,"msg_id":90,"sender":"n0","type":"gossip"}}
2023/05/29 22:54:46 Sent {"src":"n0","dest":"n3","body":{"counter":11,"message":32,"msg_id":73,"sender":"n0","type":"gossip"}}
2023/05/29 22:54:46 Sent {"src":"n0","dest":"n1","body":{"counter":11,"message":32,"msg_id":74,"sender":"n0","type":"gossip"}}
2023/05/29 22:54:47 Received {n1 n0 {"counter":5,"message":33,"msg_id":93,"sender":"n1","type":"gossip"}}
2023/05/29 22:54:47 Sent {"src":"n0","dest":"n3","body":{"counter":5,"message":33,"msg_id":75,"sender":"n1","type":"gossip"}}
2023/05/29 22:54:47 Sent {"src":"n0","dest":"n1","body":{"counter":5,"message":33,"msg_id":76,"sender":"n1","type":"gossip"}}
2023/05/29 22:54:47 Received {n1 n0 {"counter":5,"message":33,"msg_id":96,"sender":"n1","type":"gossip"}}
2023/05/29 22:54:47 Received {n1 n0 {"counter":8,"message":34,"msg_id":99,"sender":"n2","type":"gossip"}}
2023/05/29 22:54:47 Sent {"src":"n0","dest":"n3","body":{"counter":8,"message":34,"msg_id":77,"sender":"n2","type":"gossip"}}
2023/05/29 22:54:47 Sent {"src":"n0","dest":"n1","body":{"counter":8,"message":34,"msg_id":78,"sender":"n2","type":"gossip"}}
2023/05/29 22:54:47 Received {c14 n0 {"type":"broadcast","message":36,"msg_id":23}}
2023/05/29 22:54:47 Sent {"src":"n0","dest":"n3","body":{"counter":12,"message":36,"msg_id":79,"sender":"n0","type":"gossip"}}
2023/05/29 22:54:47 Sent {"src":"n0","dest":"n1","body":{"counter":12,"message":36,"msg_id":80,"sender":"n0","type":"gossip"}}
2023/05/29 22:54:47 Sent {"src":"n0","dest":"c14","body":{"in_reply_to":23,"type":"broadcast_ok"}}
2023/05/29 22:54:47 Received {n1 n0 {"counter":12,"message":36,"msg_id":102,"sender":"n0","type":"gossip"}}
2023/05/29 22:54:47 Sent {"src":"n0","dest":"n3","body":{"counter":12,"message":36,"msg_id":81,"sender":"n0","type":"gossip"}}
2023/05/29 22:54:47 Sent {"src":"n0","dest":"n1","body":{"counter":12,"message":36,"msg_id":82,"sender":"n0","type":"gossip"}}
2023/05/29 22:54:47 Received {c14 n0 {"type":"broadcast","message":37,"msg_id":24}}
2023/05/29 22:54:47 Sent {"src":"n0","dest":"n3","body":{"counter":13,"message":37,"msg_id":83,"sender":"n0","type":"gossip"}}
2023/05/29 22:54:47 Sent {"src":"n0","dest":"n1","body":{"counter":13,"message":37,"msg_id":84,"sender":"n0","type":"gossip"}}
2023/05/29 22:54:47 Sent {"src":"n0","dest":"c14","body":{"in_reply_to":24,"type":"broadcast_ok"}}
2023/05/29 22:54:47 Received {n1 n0 {"counter":13,"message":37,"msg_id":105,"sender":"n0","type":"gossip"}}
2023/05/29 22:54:47 Sent {"src":"n0","dest":"n3","body":{"counter":13,"message":37,"msg_id":85,"sender":"n0","type":"gossip"}}
2023/05/29 22:54:47 Sent {"src":"n0","dest":"n1","body":{"counter":13,"message":37,"msg_id":86,"sender":"n0","type":"gossip"}}
2023/05/29 22:54:47 Received {n1 n0 {"counter":6,"message":38,"msg_id":108,"sender":"n1","type":"gossip"}}
2023/05/29 22:54:47 Sent {"src":"n0","dest":"n3","body":{"counter":6,"message":38,"msg_id":87,"sender":"n1","type":"gossip"}}
2023/05/29 22:54:47 Sent {"src":"n0","dest":"n1","body":{"counter":6,"message":38,"msg_id":88,"sender":"n1","type":"gossip"}}
2023/05/29 22:54:47 Received {n1 n0 {"counter":6,"message":38,"msg_id":111,"sender":"n1","type":"gossip"}}
2023/05/29 22:54:47 Received {n1 n0 {"counter":9,"message":39,"msg_id":114,"sender":"n2","type":"gossip"}}
2023/05/29 22:54:47 Sent {"src":"n0","dest":"n3","body":{"counter":9,"message":39,"msg_id":89,"sender":"n2","type":"gossip"}}
2023/05/29 22:54:47 Sent {"src":"n0","dest":"n1","body":{"counter":9,"message":39,"msg_id":90,"sender":"n2","type":"gossip"}}
2023/05/29 22:54:48 Received {n1 n0 {"counter":5,"message":40,"msg_id":117,"sender":"n4","type":"gossip"}}
2023/05/29 22:54:48 Sent {"src":"n0","dest":"n3","body":{"counter":5,"message":40,"msg_id":91,"sender":"n4","type":"gossip"}}
2023/05/29 22:54:48 Sent {"src":"n0","dest":"n1","body":{"counter":5,"message":40,"msg_id":92,"sender":"n4","type":"gossip"}}
2023/05/29 22:54:48 Received {c14 n0 {"type":"broadcast","message":41,"msg_id":25}}
2023/05/29 22:54:48 Sent {"src":"n0","dest":"n3","body":{"counter":14,"message":41,"msg_id":93,"sender":"n0","type":"gossip"}}
2023/05/29 22:54:48 Sent {"src":"n0","dest":"n1","body":{"counter":14,"message":41,"msg_id":94,"sender":"n0","type":"gossip"}}
2023/05/29 22:54:48 Sent {"src":"n0","dest":"c14","body":{"in_reply_to":25,"type":"broadcast_ok"}}
2023/05/29 22:54:48 Received {n1 n0 {"counter":14,"message":41,"msg_id":120,"sender":"n0","type":"gossip"}}
2023/05/29 22:54:48 Sent {"src":"n0","dest":"n3","body":{"counter":14,"message":41,"msg_id":95,"sender":"n0","type":"gossip"}}
2023/05/29 22:54:48 Sent {"src":"n0","dest":"n1","body":{"counter":14,"message":41,"msg_id":96,"sender":"n0","type":"gossip"}}
2023/05/29 22:54:48 Received {c14 n0 {"type":"read","msg_id":26}}
2023/05/29 22:54:48 Sent {"src":"n0","dest":"c14","body":{"in_reply_to":26,"messages":[0,1,3,3,4,5,6,6,7,8,9,9,10,11,12,12,13,14,15,15,16,18,18,19,19,20,22,23,25,25,26,26,29,30,30,32,32,33,34,36,36,37,37,38,39,40,41,41],"msg_id":26,"type":"read_ok"}}
2023/05/29 22:54:48 Received {n1 n0 {"counter":7,"message":42,"msg_id":123,"sender":"n1","type":"gossip"}}
2023/05/29 22:54:48 Sent {"src":"n0","dest":"n3","body":{"counter":7,"message":42,"msg_id":97,"sender":"n1","type":"gossip"}}
2023/05/29 22:54:48 Sent {"src":"n0","dest":"n1","body":{"counter":7,"message":42,"msg_id":98,"sender":"n1","type":"gossip"}}
2023/05/29 22:54:48 Received {n1 n0 {"counter":7,"message":42,"msg_id":126,"sender":"n1","type":"gossip"}}
2023/05/29 22:54:48 Received {n1 n0 {"counter":6,"message":43,"msg_id":129,"sender":"n4","type":"gossip"}}
2023/05/29 22:54:48 Sent {"src":"n0","dest":"n3","body":{"counter":6,"message":43,"msg_id":99,"sender":"n4","type":"gossip"}}
2023/05/29 22:54:48 Sent {"src":"n0","dest":"n1","body":{"counter":6,"message":43,"msg_id":100,"sender":"n4","type":"gossip"}}
2023/05/29 22:54:48 Received {c14 n0 {"type":"read","msg_id":27}}
2023/05/29 22:54:48 Sent {"src":"n0","dest":"c14","body":{"in_reply_to":27,"messages":[0,1,3,3,4,5,6,6,7,8,9,9,10,11,12,12,13,14,15,15,16,18,18,19,19,20,22,23,25,25,26,26,29,30,30,32,32,33,34,36,36,37,37,38,39,40,41,41,42,43],"msg_id":27,"type":"read_ok"}}
2023/05/29 22:54:48 Received {c14 n0 {"type":"read","msg_id":28}}
2023/05/29 22:54:48 Sent {"src":"n0","dest":"c14","body":{"in_reply_to":28,"messages":[0,1,3,3,4,5,6,6,7,8,9,9,10,11,12,12,13,14,15,15,16,18,18,19,19,20,22,23,25,25,26,26,29,30,30,32,32,33,34,36,36,37,37,38,39,40,41,41,42,43],"msg_id":28,"type":"read_ok"}}
2023/05/29 22:54:49 Received {n1 n0 {"counter":10,"message":44,"msg_id":132,"sender":"n2","type":"gossip"}}
2023/05/29 22:54:49 Sent {"src":"n0","dest":"n3","body":{"counter":10,"message":44,"msg_id":101,"sender":"n2","type":"gossip"}}
2023/05/29 22:54:49 Sent {"src":"n0","dest":"n1","body":{"counter":10,"message":44,"msg_id":102,"sender":"n2","type":"gossip"}}
2023/05/29 22:54:49 Received {c14 n0 {"type":"broadcast","message":45,"msg_id":29}}
2023/05/29 22:54:49 Sent {"src":"n0","dest":"n3","body":{"counter":15,"message":45,"msg_id":103,"sender":"n0","type":"gossip"}}
2023/05/29 22:54:49 Sent {"src":"n0","dest":"n1","body":{"counter":15,"message":45,"msg_id":104,"sender":"n0","type":"gossip"}}
2023/05/29 22:54:49 Sent {"src":"n0","dest":"c14","body":{"in_reply_to":29,"type":"broadcast_ok"}}
2023/05/29 22:54:49 Received {n1 n0 {"counter":15,"message":45,"msg_id":135,"sender":"n0","type":"gossip"}}
2023/05/29 22:54:49 Sent {"src":"n0","dest":"n3","body":{"counter":15,"message":45,"msg_id":105,"sender":"n0","type":"gossip"}}
2023/05/29 22:54:49 Sent {"src":"n0","dest":"n1","body":{"counter":15,"message":45,"msg_id":106,"sender":"n0","type":"gossip"}}
2023/05/29 22:54:49 Received {c14 n0 {"type":"read","msg_id":30}}
2023/05/29 22:54:49 Sent {"src":"n0","dest":"c14","body":{"in_reply_to":30,"messages":[0,1,3,3,4,5,6,6,7,8,9,9,10,11,12,12,13,14,15,15,16,18,18,19,19,20,22,23,25,25,26,26,29,30,30,32,32,33,34,36,36,37,37,38,39,40,41,41,42,43,44,45,45],"msg_id":30,"type":"read_ok"}}
2023/05/29 22:54:49 Received {n1 n0 {"counter":7,"message":46,"msg_id":138,"sender":"n4","type":"gossip"}}
2023/05/29 22:54:49 Sent {"src":"n0","dest":"n3","body":{"counter":7,"message":46,"msg_id":107,"sender":"n4","type":"gossip"}}
2023/05/29 22:54:49 Sent {"src":"n0","dest":"n1","body":{"counter":7,"message":46,"msg_id":108,"sender":"n4","type":"gossip"}}
2023/05/29 22:54:49 Received {c14 n0 {"type":"read","msg_id":31}}
2023/05/29 22:54:49 Sent {"src":"n0","dest":"c14","body":{"in_reply_to":31,"messages":[0,1,3,3,4,5,6,6,7,8,9,9,10,11,12,12,13,14,15,15,16,18,18,19,19,20,22,23,25,25,26,26,29,30,30,32,32,33,34,36,36,37,37,38,39,40,41,41,42,43,44,45,45,46],"msg_id":31,"type":"read_ok"}}
2023/05/29 22:54:50 Received {c14 n0 {"type":"broadcast","message":47,"msg_id":32}}
2023/05/29 22:54:50 Sent {"src":"n0","dest":"n3","body":{"counter":16,"message":47,"msg_id":109,"sender":"n0","type":"gossip"}}
2023/05/29 22:54:50 Sent {"src":"n0","dest":"n1","body":{"counter":16,"message":47,"msg_id":110,"sender":"n0","type":"gossip"}}
2023/05/29 22:54:50 Sent {"src":"n0","dest":"c14","body":{"in_reply_to":32,"type":"broadcast_ok"}}
2023/05/29 22:54:50 Received {n1 n0 {"counter":16,"message":47,"msg_id":141,"sender":"n0","type":"gossip"}}
2023/05/29 22:54:50 Sent {"src":"n0","dest":"n3","body":{"counter":16,"message":47,"msg_id":111,"sender":"n0","type":"gossip"}}
2023/05/29 22:54:50 Sent {"src":"n0","dest":"n1","body":{"counter":16,"message":47,"msg_id":112,"sender":"n0","type":"gossip"}}
2023/05/29 22:54:50 Received {n1 n0 {"counter":8,"message":48,"msg_id":144,"sender":"n1","type":"gossip"}}
2023/05/29 22:54:50 Sent {"src":"n0","dest":"n3","body":{"counter":8,"message":48,"msg_id":113,"sender":"n1","type":"gossip"}}
2023/05/29 22:54:50 Sent {"src":"n0","dest":"n1","body":{"counter":8,"message":48,"msg_id":114,"sender":"n1","type":"gossip"}}
2023/05/29 22:54:50 Received {n1 n0 {"counter":8,"message":48,"msg_id":147,"sender":"n1","type":"gossip"}}
2023/05/29 22:54:50 Received {n1 n0 {"counter":11,"message":49,"msg_id":150,"sender":"n2","type":"gossip"}}
2023/05/29 22:54:50 Sent {"src":"n0","dest":"n3","body":{"counter":11,"message":49,"msg_id":115,"sender":"n2","type":"gossip"}}
2023/05/29 22:54:50 Sent {"src":"n0","dest":"n1","body":{"counter":11,"message":49,"msg_id":116,"sender":"n2","type":"gossip"}}
2023/05/29 22:54:50 Received {c14 n0 {"type":"broadcast","message":50,"msg_id":33}}
2023/05/29 22:54:50 Sent {"src":"n0","dest":"n3","body":{"counter":17,"message":50,"msg_id":117,"sender":"n0","type":"gossip"}}
2023/05/29 22:54:50 Sent {"src":"n0","dest":"n1","body":{"counter":17,"message":50,"msg_id":118,"sender":"n0","type":"gossip"}}
2023/05/29 22:54:50 Sent {"src":"n0","dest":"c14","body":{"in_reply_to":33,"type":"broadcast_ok"}}
2023/05/29 22:54:50 Received {n1 n0 {"counter":17,"message":50,"msg_id":153,"sender":"n0","type":"gossip"}}
2023/05/29 22:54:50 Sent {"src":"n0","dest":"n3","body":{"counter":17,"message":50,"msg_id":119,"sender":"n0","type":"gossip"}}
2023/05/29 22:54:50 Sent {"src":"n0","dest":"n1","body":{"counter":17,"message":50,"msg_id":120,"sender":"n0","type":"gossip"}}
2023/05/29 22:54:50 Received {c14 n0 {"type":"broadcast","message":51,"msg_id":34}}
2023/05/29 22:54:50 Sent {"src":"n0","dest":"n3","body":{"counter":18,"message":51,"msg_id":121,"sender":"n0","type":"gossip"}}
2023/05/29 22:54:50 Sent {"src":"n0","dest":"n1","body":{"counter":18,"message":51,"msg_id":122,"sender":"n0","type":"gossip"}}
2023/05/29 22:54:50 Sent {"src":"n0","dest":"c14","body":{"in_reply_to":34,"type":"broadcast_ok"}}
2023/05/29 22:54:50 Received {n1 n0 {"counter":18,"message":51,"msg_id":156,"sender":"n0","type":"gossip"}}
2023/05/29 22:54:50 Sent {"src":"n0","dest":"n3","body":{"counter":18,"message":51,"msg_id":123,"sender":"n0","type":"gossip"}}
2023/05/29 22:54:50 Sent {"src":"n0","dest":"n1","body":{"counter":18,"message":51,"msg_id":124,"sender":"n0","type":"gossip"}}
2023/05/29 22:54:50 Received {n1 n0 {"counter":12,"message":52,"msg_id":159,"sender":"n2","type":"gossip"}}
2023/05/29 22:54:50 Sent {"src":"n0","dest":"n3","body":{"counter":12,"message":52,"msg_id":125,"sender":"n2","type":"gossip"}}
2023/05/29 22:54:50 Sent {"src":"n0","dest":"n1","body":{"counter":12,"message":52,"msg_id":126,"sender":"n2","type":"gossip"}}
2023/05/29 22:54:50 Received {n1 n0 {"counter":8,"message":54,"msg_id":162,"sender":"n4","type":"gossip"}}
2023/05/29 22:54:50 Sent {"src":"n0","dest":"n3","body":{"counter":8,"message":54,"msg_id":127,"sender":"n4","type":"gossip"}}
2023/05/29 22:54:50 Sent {"src":"n0","dest":"n1","body":{"counter":8,"message":54,"msg_id":128,"sender":"n4","type":"gossip"}}
2023/05/29 22:54:50 Received {c14 n0 {"type":"read","msg_id":35}}
2023/05/29 22:54:50 Sent {"src":"n0","dest":"c14","body":{"in_reply_to":35,"messages":[0,1,3,3,4,5,6,6,7,8,9,9,10,11,12,12,13,14,15,15,16,18,18,19,19,20,22,23,25,25,26,26,29,30,30,32,32,33,34,36,36,37,37,38,39,40,41,41,42,43,44,45,45,46,47,47,48,49,50,50,51,51,52,54],"msg_id":35,"type":"read_ok"}}
2023/05/29 22:54:50 Received {c14 n0 {"type":"read","msg_id":36}}
2023/05/29 22:54:50 Sent {"src":"n0","dest":"c14","body":{"in_reply_to":36,"messages":[0,1,3,3,4,5,6,6,7,8,9,9,10,11,12,12,13,14,15,15,16,18,18,19,19,20,22,23,25,25,26,26,29,30,30,32,32,33,34,36,36,37,37,38,39,40,41,41,42,43,44,45,45,46,47,47,48,49,50,50,51,51,52,54],"msg_id":36,"type":"read_ok"}}
2023/05/29 22:54:51 Received {n1 n0 {"counter":9,"message":55,"msg_id":165,"sender":"n1","type":"gossip"}}
2023/05/29 22:54:51 Sent {"src":"n0","dest":"n3","body":{"counter":9,"message":55,"msg_id":129,"sender":"n1","type":"gossip"}}
2023/05/29 22:54:51 Sent {"src":"n0","dest":"n1","body":{"counter":9,"message":55,"msg_id":130,"sender":"n1","type":"gossip"}}
2023/05/29 22:54:51 Received {n1 n0 {"counter":9,"message":55,"msg_id":168,"sender":"n1","type":"gossip"}}
2023/05/29 22:54:51 Received {c14 n0 {"type":"read","msg_id":37}}
2023/05/29 22:54:51 Sent {"src":"n0","dest":"c14","body":{"in_reply_to":37,"messages":[0,1,3,3,4,5,6,6,7,8,9,9,10,11,12,12,13,14,15,15,16,18,18,19,19,20,22,23,25,25,26,26,29,30,30,32,32,33,34,36,36,37,37,38,39,40,41,41,42,43,44,45,45,46,47,47,48,49,50,50,51,51,52,54,55],"msg_id":37,"type":"read_ok"}}
2023/05/29 22:54:51 Received {c14 n0 {"type":"read","msg_id":38}}
2023/05/29 22:54:51 Sent {"src":"n0","dest":"c14","body":{"in_reply_to":38,"messages":[0,1,3,3,4,5,6,6,7,8,9,9,10,11,12,12,13,14,15,15,16,18,18,19,19,20,22,23,25,25,26,26,29,30,30,32,32,33,34,36,36,37,37,38,39,40,41,41,42,43,44,45,45,46,47,47,48,49,50,50,51,51,52,54,55],"msg_id":38,"type":"read_ok"}}
2023/05/29 22:54:51 Received {n1 n0 {"counter":10,"message":57,"msg_id":171,"sender":"n1","type":"gossip"}}
2023/05/29 22:54:51 Sent {"src":"n0","dest":"n3","body":{"counter":10,"message":57,"msg_id":131,"sender":"n1","type":"gossip"}}
2023/05/29 22:54:51 Sent {"src":"n0","dest":"n1","body":{"counter":10,"message":57,"msg_id":132,"sender":"n1","type":"gossip"}}
2023/05/29 22:54:51 Received {n1 n0 {"counter":10,"message":57,"msg_id":174,"sender":"n1","type":"gossip"}}
2023/05/29 22:54:51 Received {n1 n0 {"counter":9,"message":58,"msg_id":177,"sender":"n4","type":"gossip"}}
2023/05/29 22:54:51 Sent {"src":"n0","dest":"n3","body":{"counter":9,"message":58,"msg_id":133,"sender":"n4","type":"gossip"}}
2023/05/29 22:54:51 Sent {"src":"n0","dest":"n1","body":{"counter":9,"message":58,"msg_id":134,"sender":"n4","type":"gossip"}}
2023/05/29 22:54:52 Received {c14 n0 {"type":"read","msg_id":39}}
2023/05/29 22:54:52 Sent {"src":"n0","dest":"c14","body":{"in_reply_to":39,"messages":[0,1,3,3,4,5,6,6,7,8,9,9,10,11,12,12,13,14,15,15,16,18,18,19,19,20,22,23,25,25,26,26,29,30,30,32,32,33,34,36,36,37,37,38,39,40,41,41,42,43,44,45,45,46,47,47,48,49,50,50,51,51,52,54,55,57,58],"msg_id":39,"type":"read_ok"}}
2023/05/29 22:54:52 Received {c14 n0 {"type":"broadcast","message":59,"msg_id":40}}
2023/05/29 22:54:52 Sent {"src":"n0","dest":"n3","body":{"counter":19,"message":59,"msg_id":135,"sender":"n0","type":"gossip"}}
2023/05/29 22:54:52 Sent {"src":"n0","dest":"n1","body":{"counter":19,"message":59,"msg_id":136,"sender":"n0","type":"gossip"}}
2023/05/29 22:54:52 Sent {"src":"n0","dest":"c14","body":{"in_reply_to":40,"type":"broadcast_ok"}}
2023/05/29 22:54:52 Received {n1 n0 {"counter":19,"message":59,"msg_id":180,"sender":"n0","type":"gossip"}}
2023/05/29 22:54:52 Sent {"src":"n0","dest":"n3","body":{"counter":19,"message":59,"msg_id":137,"sender":"n0","type":"gossip"}}
2023/05/29 22:54:52 Sent {"src":"n0","dest":"n1","body":{"counter":19,"message":59,"msg_id":138,"sender":"n0","type":"gossip"}}
2023/05/29 22:54:52 Received {n1 n0 {"counter":11,"message":60,"msg_id":183,"sender":"n1","type":"gossip"}}
2023/05/29 22:54:52 Sent {"src":"n0","dest":"n3","body":{"counter":11,"message":60,"msg_id":139,"sender":"n1","type":"gossip"}}
2023/05/29 22:54:52 Sent {"src":"n0","dest":"n1","body":{"counter":11,"message":60,"msg_id":140,"sender":"n1","type":"gossip"}}
2023/05/29 22:54:52 Received {n1 n0 {"counter":11,"message":60,"msg_id":186,"sender":"n1","type":"gossip"}}
2023/05/29 22:54:52 Received {n1 n0 {"counter":13,"message":61,"msg_id":189,"sender":"n2","type":"gossip"}}
2023/05/29 22:54:52 Sent {"src":"n0","dest":"n3","body":{"counter":13,"message":61,"msg_id":141,"sender":"n2","type":"gossip"}}
2023/05/29 22:54:52 Sent {"src":"n0","dest":"n1","body":{"counter":13,"message":61,"msg_id":142,"sender":"n2","type":"gossip"}}
2023/05/29 22:54:52 Received {c14 n0 {"type":"broadcast","message":62,"msg_id":41}}
2023/05/29 22:54:52 Sent {"src":"n0","dest":"n3","body":{"counter":20,"message":62,"msg_id":143,"sender":"n0","type":"gossip"}}
2023/05/29 22:54:52 Sent {"src":"n0","dest":"n1","body":{"counter":20,"message":62,"msg_id":144,"sender":"n0","type":"gossip"}}
2023/05/29 22:54:52 Sent {"src":"n0","dest":"c14","body":{"in_reply_to":41,"type":"broadcast_ok"}}
2023/05/29 22:54:52 Received {n1 n0 {"counter":20,"message":62,"msg_id":192,"sender":"n0","type":"gossip"}}
2023/05/29 22:54:52 Sent {"src":"n0","dest":"n3","body":{"counter":20,"message":62,"msg_id":145,"sender":"n0","type":"gossip"}}
2023/05/29 22:54:52 Sent {"src":"n0","dest":"n1","body":{"counter":20,"message":62,"msg_id":146,"sender":"n0","type":"gossip"}}
2023/05/29 22:54:52 Received {c14 n0 {"type":"broadcast","message":63,"msg_id":42}}
2023/05/29 22:54:52 Sent {"src":"n0","dest":"n3","body":{"counter":21,"message":63,"msg_id":147,"sender":"n0","type":"gossip"}}
2023/05/29 22:54:52 Sent {"src":"n0","dest":"n1","body":{"counter":21,"message":63,"msg_id":148,"sender":"n0","type":"gossip"}}
2023/05/29 22:54:52 Sent {"src":"n0","dest":"c14","body":{"in_reply_to":42,"type":"broadcast_ok"}}
2023/05/29 22:54:52 Received {n1 n0 {"counter":21,"message":63,"msg_id":195,"sender":"n0","type":"gossip"}}
2023/05/29 22:54:52 Sent {"src":"n0","dest":"n3","body":{"counter":21,"message":63,"msg_id":149,"sender":"n0","type":"gossip"}}
2023/05/29 22:54:52 Sent {"src":"n0","dest":"n1","body":{"counter":21,"message":63,"msg_id":150,"sender":"n0","type":"gossip"}}
2023/05/29 22:54:53 Received {n1 n0 {"counter":14,"message":64,"msg_id":198,"sender":"n2","type":"gossip"}}
2023/05/29 22:54:53 Sent {"src":"n0","dest":"n3","body":{"counter":14,"message":64,"msg_id":151,"sender":"n2","type":"gossip"}}
2023/05/29 22:54:53 Sent {"src":"n0","dest":"n1","body":{"counter":14,"message":64,"msg_id":152,"sender":"n2","type":"gossip"}}
2023/05/29 22:54:53 Received {c14 n0 {"type":"broadcast","message":66,"msg_id":43}}
2023/05/29 22:54:53 Sent {"src":"n0","dest":"n3","body":{"counter":22,"message":66,"msg_id":153,"sender":"n0","type":"gossip"}}
2023/05/29 22:54:53 Sent {"src":"n0","dest":"n1","body":{"counter":22,"message":66,"msg_id":154,"sender":"n0","type":"gossip"}}
2023/05/29 22:54:53 Sent {"src":"n0","dest":"c14","body":{"in_reply_to":43,"type":"broadcast_ok"}}
2023/05/29 22:54:53 Received {n1 n0 {"counter":22,"message":66,"msg_id":201,"sender":"n0","type":"gossip"}}
2023/05/29 22:54:53 Sent {"src":"n0","dest":"n3","body":{"counter":22,"message":66,"msg_id":155,"sender":"n0","type":"gossip"}}
2023/05/29 22:54:53 Sent {"src":"n0","dest":"n1","body":{"counter":22,"message":66,"msg_id":156,"sender":"n0","type":"gossip"}}
2023/05/29 22:54:53 Received {c14 n0 {"type":"read","msg_id":44}}
2023/05/29 22:54:53 Sent {"src":"n0","dest":"c14","body":{"in_reply_to":44,"messages":[0,1,3,3,4,5,6,6,7,8,9,9,10,11,12,12,13,14,15,15,16,18,18,19,19,20,22,23,25,25,26,26,29,30,30,32,32,33,34,36,36,37,37,38,39,40,41,41,42,43,44,45,45,46,47,47,48,49,50,50,51,51,52,54,55,57,58,59,59,60,61,62,62,63,63,64,66,66],"msg_id":44,"type":"read_ok"}}
2023/05/29 22:54:53 Received {n1 n0 {"counter":12,"message":67,"msg_id":204,"sender":"n1","type":"gossip"}}
2023/05/29 22:54:53 Sent {"src":"n0","dest":"n3","body":{"counter":12,"message":67,"msg_id":157,"sender":"n1","type":"gossip"}}
2023/05/29 22:54:53 Sent {"src":"n0","dest":"n1","body":{"counter":12,"message":67,"msg_id":158,"sender":"n1","type":"gossip"}}
2023/05/29 22:54:53 Received {n1 n0 {"counter":12,"message":67,"msg_id":207,"sender":"n1","type":"gossip"}}
2023/05/29 22:54:53 Received {n1 n0 {"counter":15,"message":68,"msg_id":210,"sender":"n2","type":"gossip"}}
2023/05/29 22:54:53 Sent {"src":"n0","dest":"n3","body":{"counter":15,"message":68,"msg_id":159,"sender":"n2","type":"gossip"}}
2023/05/29 22:54:53 Sent {"src":"n0","dest":"n1","body":{"counter":15,"message":68,"msg_id":160,"sender":"n2","type":"gossip"}}
2023/05/29 22:54:53 Received {n1 n0 {"counter":10,"message":70,"msg_id":213,"sender":"n4","type":"gossip"}}
2023/05/29 22:54:53 Sent {"src":"n0","dest":"n3","body":{"counter":10,"message":70,"msg_id":161,"sender":"n4","type":"gossip"}}
2023/05/29 22:54:53 Sent {"src":"n0","dest":"n1","body":{"counter":10,"message":70,"msg_id":162,"sender":"n4","type":"gossip"}}
2023/05/29 22:54:53 Received {c14 n0 {"type":"broadcast","message":71,"msg_id":45}}
2023/05/29 22:54:53 Sent {"src":"n0","dest":"n3","body":{"counter":23,"message":71,"msg_id":163,"sender":"n0","type":"gossip"}}
2023/05/29 22:54:53 Sent {"src":"n0","dest":"n1","body":{"counter":23,"message":71,"msg_id":164,"sender":"n0","type":"gossip"}}
2023/05/29 22:54:53 Sent {"src":"n0","dest":"c14","body":{"in_reply_to":45,"type":"broadcast_ok"}}
2023/05/29 22:54:53 Received {n1 n0 {"counter":23,"message":71,"msg_id":216,"sender":"n0","type":"gossip"}}
2023/05/29 22:54:53 Sent {"src":"n0","dest":"n3","body":{"counter":23,"message":71,"msg_id":165,"sender":"n0","type":"gossip"}}
2023/05/29 22:54:53 Sent {"src":"n0","dest":"n1","body":{"counter":23,"message":71,"msg_id":166,"sender":"n0","type":"gossip"}}
2023/05/29 22:54:54 Received {c14 n0 {"type":"read","msg_id":46}}
2023/05/29 22:54:54 Sent {"src":"n0","dest":"c14","body":{"in_reply_to":46,"messages":[0,1,3,3,4,5,6,6,7,8,9,9,10,11,12,12,13,14,15,15,16,18,18,19,19,20,22,23,25,25,26,26,29,30,30,32,32,33,34,36,36,37,37,38,39,40,41,41,42,43,44,45,45,46,47,47,48,49,50,50,51,51,52,54,55,57,58,59,59,60,61,62,62,63,63,64,66,66,67,68,70,71,71],"msg_id":46,"type":"read_ok"}}
2023/05/29 22:54:54 Received {n1 n0 {"counter":13,"message":72,"msg_id":219,"sender":"n1","type":"gossip"}}
2023/05/29 22:54:54 Sent {"src":"n0","dest":"n3","body":{"counter":13,"message":72,"msg_id":167,"sender":"n1","type":"gossip"}}
2023/05/29 22:54:54 Sent {"src":"n0","dest":"n1","body":{"counter":13,"message":72,"msg_id":168,"sender":"n1","type":"gossip"}}
2023/05/29 22:54:54 Received {n1 n0 {"counter":13,"message":72,"msg_id":222,"sender":"n1","type":"gossip"}}
2023/05/29 22:54:54 Received {n1 n0 {"counter":16,"message":73,"msg_id":225,"sender":"n2","type":"gossip"}}
2023/05/29 22:54:54 Sent {"src":"n0","dest":"n3","body":{"counter":16,"message":73,"msg_id":169,"sender":"n2","type":"gossip"}}
2023/05/29 22:54:54 Sent {"src":"n0","dest":"n1","body":{"counter":16,"message":73,"msg_id":170,"sender":"n2","type":"gossip"}}
2023/05/29 22:54:54 Received {c14 n0 {"type":"broadcast","message":74,"msg_id":47}}
2023/05/29 22:54:54 Sent {"src":"n0","dest":"n3","body":{"counter":24,"message":74,"msg_id":171,"sender":"n0","type":"gossip"}}
2023/05/29 22:54:54 Sent {"src":"n0","dest":"n1","body":{"counter":24,"message":74,"msg_id":172,"sender":"n0","type":"gossip"}}
2023/05/29 22:54:54 Sent {"src":"n0","dest":"c14","body":{"in_reply_to":47,"type":"broadcast_ok"}}
2023/05/29 22:54:54 Received {n1 n0 {"counter":24,"message":74,"msg_id":228,"sender":"n0","type":"gossip"}}
2023/05/29 22:54:54 Sent {"src":"n0","dest":"n3","body":{"counter":24,"message":74,"msg_id":173,"sender":"n0","type":"gossip"}}
2023/05/29 22:54:54 Sent {"src":"n0","dest":"n1","body":{"counter":24,"message":74,"msg_id":174,"sender":"n0","type":"gossip"}}
2023/05/29 22:54:54 Received {c14 n0 {"type":"broadcast","message":75,"msg_id":48}}
2023/05/29 22:54:54 Sent {"src":"n0","dest":"n3","body":{"counter":25,"message":75,"msg_id":175,"sender":"n0","type":"gossip"}}
2023/05/29 22:54:54 Sent {"src":"n0","dest":"n1","body":{"counter":25,"message":75,"msg_id":176,"sender":"n0","type":"gossip"}}
2023/05/29 22:54:54 Sent {"src":"n0","dest":"c14","body":{"in_reply_to":48,"type":"broadcast_ok"}}
2023/05/29 22:54:54 Received {n1 n0 {"counter":25,"message":75,"msg_id":231,"sender":"n0","type":"gossip"}}
2023/05/29 22:54:54 Sent {"src":"n0","dest":"n3","body":{"counter":25,"message":75,"msg_id":177,"sender":"n0","type":"gossip"}}
2023/05/29 22:54:54 Sent {"src":"n0","dest":"n1","body":{"counter":25,"message":75,"msg_id":178,"sender":"n0","type":"gossip"}}
2023/05/29 22:54:54 Received {n1 n0 {"counter":14,"message":76,"msg_id":234,"sender":"n1","type":"gossip"}}
2023/05/29 22:54:54 Sent {"src":"n0","dest":"n3","body":{"counter":14,"message":76,"msg_id":179,"sender":"n1","type":"gossip"}}
2023/05/29 22:54:54 Sent {"src":"n0","dest":"n1","body":{"counter":14,"message":76,"msg_id":180,"sender":"n1","type":"gossip"}}
2023/05/29 22:54:54 Received {n1 n0 {"counter":14,"message":76,"msg_id":237,"sender":"n1","type":"gossip"}}
2023/05/29 22:54:54 Received {n1 n0 {"counter":17,"message":77,"msg_id":240,"sender":"n2","type":"gossip"}}
2023/05/29 22:54:54 Sent {"src":"n0","dest":"n3","body":{"counter":17,"message":77,"msg_id":181,"sender":"n2","type":"gossip"}}
2023/05/29 22:54:54 Sent {"src":"n0","dest":"n1","body":{"counter":17,"message":77,"msg_id":182,"sender":"n2","type":"gossip"}}
2023/05/29 22:54:55 Received {n1 n0 {"counter":11,"message":78,"msg_id":243,"sender":"n4","type":"gossip"}}
2023/05/29 22:54:55 Sent {"src":"n0","dest":"n3","body":{"counter":11,"message":78,"msg_id":183,"sender":"n4","type":"gossip"}}
2023/05/29 22:54:55 Sent {"src":"n0","dest":"n1","body":{"counter":11,"message":78,"msg_id":184,"sender":"n4","type":"gossip"}}
2023/05/29 22:54:55 Received {c14 n0 {"type":"read","msg_id":49}}
2023/05/29 22:54:55 Sent {"src":"n0","dest":"c14","body":{"in_reply_to":49,"messages":[0,1,3,3,4,5,6,6,7,8,9,9,10,11,12,12,13,14,15,15,16,18,18,19,19,20,22,23,25,25,26,26,29,30,30,32,32,33,34,36,36,37,37,38,39,40,41,41,42,43,44,45,45,46,47,47,48,49,50,50,51,51,52,54,55,57,58,59,59,60,61,62,62,63,63,64,66,66,67,68,70,71,71,72,73,74,74,75,75,76,77,78],"msg_id":49,"type":"read_ok"}}
2023/05/29 22:54:55 Received {c14 n0 {"type":"read","msg_id":50}}
2023/05/29 22:54:55 Sent {"src":"n0","dest":"c14","body":{"in_reply_to":50,"messages":[0,1,3,3,4,5,6,6,7,8,9,9,10,11,12,12,13,14,15,15,16,18,18,19,19,20,22,23,25,25,26,26,29,30,30,32,32,33,34,36,36,37,37,38,39,40,41,41,42,43,44,45,45,46,47,47,48,49,50,50,51,51,52,54,55,57,58,59,59,60,61,62,62,63,63,64,66,66,67,68,70,71,71,72,73,74,74,75,75,76,77,78],"msg_id":50,"type":"read_ok"}}
2023/05/29 22:54:55 Received {n1 n0 {"counter":15,"message":79,"msg_id":246,"sender":"n1","type":"gossip"}}
2023/05/29 22:54:55 Sent {"src":"n0","dest":"n3","body":{"counter":15,"message":79,"msg_id":185,"sender":"n1","type":"gossip"}}
2023/05/29 22:54:55 Sent {"src":"n0","dest":"n1","body":{"counter":15,"message":79,"msg_id":186,"sender":"n1","type":"gossip"}}
2023/05/29 22:54:55 Received {n1 n0 {"counter":15,"message":79,"msg_id":249,"sender":"n1","type":"gossip"}}
2023/05/29 22:54:55 Received {n1 n0 {"counter":18,"message":80,"msg_id":252,"sender":"n2","type":"gossip"}}
2023/05/29 22:54:55 Sent {"src":"n0","dest":"n3","body":{"counter":18,"message":80,"msg_id":187,"sender":"n2","type":"gossip"}}
2023/05/29 22:54:55 Sent {"src":"n0","dest":"n1","body":{"counter":18,"message":80,"msg_id":188,"sender":"n2","type":"gossip"}}
2023/05/29 22:54:55 Received {n1 n0 {"counter":12,"message":81,"msg_id":255,"sender":"n4","type":"gossip"}}
2023/05/29 22:54:55 Sent {"src":"n0","dest":"n3","body":{"counter":12,"message":81,"msg_id":189,"sender":"n4","type":"gossip"}}
2023/05/29 22:54:55 Sent {"src":"n0","dest":"n1","body":{"counter":12,"message":81,"msg_id":190,"sender":"n4","type":"gossip"}}
2023/05/29 22:54:55 Received {c14 n0 {"type":"broadcast","message":82,"msg_id":51}}
2023/05/29 22:54:55 Sent {"src":"n0","dest":"n3","body":{"counter":26,"message":82,"msg_id":191,"sender":"n0","type":"gossip"}}
2023/05/29 22:54:55 Sent {"src":"n0","dest":"n1","body":{"counter":26,"message":82,"msg_id":192,"sender":"n0","type":"gossip"}}
2023/05/29 22:54:55 Sent {"src":"n0","dest":"c14","body":{"in_reply_to":51,"type":"broadcast_ok"}}
2023/05/29 22:54:55 Received {n1 n0 {"counter":26,"message":82,"msg_id":258,"sender":"n0","type":"gossip"}}
2023/05/29 22:54:55 Sent {"src":"n0","dest":"n3","body":{"counter":26,"message":82,"msg_id":193,"sender":"n0","type":"gossip"}}
2023/05/29 22:54:55 Sent {"src":"n0","dest":"n1","body":{"counter":26,"message":82,"msg_id":194,"sender":"n0","type":"gossip"}}
2023/05/29 22:54:55 Received {c14 n0 {"type":"read","msg_id":52}}
2023/05/29 22:54:55 Sent {"src":"n0","dest":"c14","body":{"in_reply_to":52,"messages":[0,1,3,3,4,5,6,6,7,8,9,9,10,11,12,12,13,14,15,15,16,18,18,19,19,20,22,23,25,25,26,26,29,30,30,32,32,33,34,36,36,37,37,38,39,40,41,41,42,43,44,45,45,46,47,47,48,49,50,50,51,51,52,54,55,57,58,59,59,60,61,62,62,63,63,64,66,66,67,68,70,71,71,72,73,74,74,75,75,76,77,78,79,80,81,82,82],"msg_id":52,"type":"read_ok"}}
2023/05/29 22:54:56 Received {n1 n0 {"counter":13,"message":83,"msg_id":261,"sender":"n4","type":"gossip"}}
2023/05/29 22:54:56 Sent {"src":"n0","dest":"n3","body":{"counter":13,"message":83,"msg_id":195,"sender":"n4","type":"gossip"}}
2023/05/29 22:54:56 Sent {"src":"n0","dest":"n1","body":{"counter":13,"message":83,"msg_id":196,"sender":"n4","type":"gossip"}}
2023/05/29 22:54:56 Received {c14 n0 {"type":"read","msg_id":53}}
2023/05/29 22:54:56 Sent {"src":"n0","dest":"c14","body":{"in_reply_to":53,"messages":[0,1,3,3,4,5,6,6,7,8,9,9,10,11,12,12,13,14,15,15,16,18,18,19,19,20,22,23,25,25,26,26,29,30,30,32,32,33,34,36,36,37,37,38,39,40,41,41,42,43,44,45,45,46,47,47,48,49,50,50,51,51,52,54,55,57,58,59,59,60,61,62,62,63,63,64,66,66,67,68,70,71,71,72,73,74,74,75,75,76,77,78,79,80,81,82,82,83],"msg_id":53,"type":"read_ok"}}
2023/05/29 22:54:56 Received {c14 n0 {"type":"read","msg_id":54}}
2023/05/29 22:54:56 Sent {"src":"n0","dest":"c14","body":{"in_reply_to":54,"messages":[0,1,3,3,4,5,6,6,7,8,9,9,10,11,12,12,13,14,15,15,16,18,18,19,19,20,22,23,25,25,26,26,29,30,30,32,32,33,34,36,36,37,37,38,39,40,41,41,42,43,44,45,45,46,47,47,48,49,50,50,51,51,52,54,55,57,58,59,59,60,61,62,62,63,63,64,66,66,67,68,70,71,71,72,73,74,74,75,75,76,77,78,79,80,81,82,82,83],"msg_id":54,"type":"read_ok"}}
2023/05/29 22:54:56 Received {n1 n0 {"counter":16,"message":84,"msg_id":264,"sender":"n1","type":"gossip"}}
2023/05/29 22:54:56 Sent {"src":"n0","dest":"n3","body":{"counter":16,"message":84,"msg_id":197,"sender":"n1","type":"gossip"}}
2023/05/29 22:54:56 Sent {"src":"n0","dest":"n1","body":{"counter":16,"message":84,"msg_id":198,"sender":"n1","type":"gossip"}}
2023/05/29 22:54:56 Received {n1 n0 {"counter":16,"message":84,"msg_id":267,"sender":"n1","type":"gossip"}}
2023/05/29 22:54:56 Received {n1 n0 {"counter":19,"message":85,"msg_id":270,"sender":"n2","type":"gossip"}}
2023/05/29 22:54:56 Sent {"src":"n0","dest":"n3","body":{"counter":19,"message":85,"msg_id":199,"sender":"n2","type":"gossip"}}
2023/05/29 22:54:56 Sent {"src":"n0","dest":"n1","body":{"counter":19,"message":85,"msg_id":200,"sender":"n2","type":"gossip"}}
2023/05/29 22:54:57 Received {c14 n0 {"type":"broadcast","message":86,"msg_id":55}}
2023/05/29 22:54:57 Sent {"src":"n0","dest":"n3","body":{"counter":27,"message":86,"msg_id":201,"sender":"n0","type":"gossip"}}
2023/05/29 22:54:57 Sent {"src":"n0","dest":"n1","body":{"counter":27,"message":86,"msg_id":202,"sender":"n0","type":"gossip"}}
2023/05/29 22:54:57 Sent {"src":"n0","dest":"c14","body":{"in_reply_to":55,"type":"broadcast_ok"}}
2023/05/29 22:54:57 Received {n1 n0 {"counter":27,"message":86,"msg_id":273,"sender":"n0","type":"gossip"}}
2023/05/29 22:54:57 Sent {"src":"n0","dest":"n3","body":{"counter":27,"message":86,"msg_id":203,"sender":"n0","type":"gossip"}}
2023/05/29 22:54:57 Sent {"src":"n0","dest":"n1","body":{"counter":27,"message":86,"msg_id":204,"sender":"n0","type":"gossip"}}
2023/05/29 22:54:57 Received {c14 n0 {"type":"read","msg_id":56}}
2023/05/29 22:54:57 Sent {"src":"n0","dest":"c14","body":{"in_reply_to":56,"messages":[0,1,3,3,4,5,6,6,7,8,9,9,10,11,12,12,13,14,15,15,16,18,18,19,19,20,22,23,25,25,26,26,29,30,30,32,32,33,34,36,36,37,37,38,39,40,41,41,42,43,44,45,45,46,47,47,48,49,50,50,51,51,52,54,55,57,58,59,59,60,61,62,62,63,63,64,66,66,67,68,70,71,71,72,73,74,74,75,75,76,77,78,79,80,81,82,82,83,84,85,86,86],"msg_id":56,"type":"read_ok"}}
2023/05/29 22:54:57 Received {n1 n0 {"counter":20,"message":87,"msg_id":276,"sender":"n2","type":"gossip"}}
2023/05/29 22:54:57 Sent {"src":"n0","dest":"n3","body":{"counter":20,"message":87,"msg_id":205,"sender":"n2","type":"gossip"}}
2023/05/29 22:54:57 Sent {"src":"n0","dest":"n1","body":{"counter":20,"message":87,"msg_id":206,"sender":"n2","type":"gossip"}}
2023/05/29 22:54:57 Received {c14 n0 {"type":"broadcast","message":89,"msg_id":57}}
2023/05/29 22:54:57 Sent {"src":"n0","dest":"n3","body":{"counter":28,"message":89,"msg_id":207,"sender":"n0","type":"gossip"}}
2023/05/29 22:54:57 Sent {"src":"n0","dest":"n1","body":{"counter":28,"message":89,"msg_id":208,"sender":"n0","type":"gossip"}}
2023/05/29 22:54:57 Sent {"src":"n0","dest":"c14","body":{"in_reply_to":57,"type":"broadcast_ok"}}
2023/05/29 22:54:57 Received {n1 n0 {"counter":28,"message":89,"msg_id":279,"sender":"n0","type":"gossip"}}
2023/05/29 22:54:57 Sent {"src":"n0","dest":"n3","body":{"counter":28,"message":89,"msg_id":209,"sender":"n0","type":"gossip"}}
2023/05/29 22:54:57 Sent {"src":"n0","dest":"n1","body":{"counter":28,"message":89,"msg_id":210,"sender":"n0","type":"gossip"}}
2023/05/29 22:54:57 Received {c14 n0 {"type":"read","msg_id":58}}
2023/05/29 22:54:57 Sent {"src":"n0","dest":"c14","body":{"in_reply_to":58,"messages":[0,1,3,3,4,5,6,6,7,8,9,9,10,11,12,12,13,14,15,15,16,18,18,19,19,20,22,23,25,25,26,26,29,30,30,32,32,33,34,36,36,37,37,38,39,40,41,41,42,43,44,45,45,46,47,47,48,49,50,50,51,51,52,54,55,57,58,59,59,60,61,62,62,63,63,64,66,66,67,68,70,71,71,72,73,74,74,75,75,76,77,78,79,80,81,82,82,83,84,85,86,86,87,89,89],"msg_id":58,"type":"read_ok"}}
2023/05/29 22:54:57 Received {n1 n0 {"counter":17,"message":90,"msg_id":282,"sender":"n1","type":"gossip"}}
2023/05/29 22:54:57 Sent {"src":"n0","dest":"n3","body":{"counter":17,"message":90,"msg_id":211,"sender":"n1","type":"gossip"}}
2023/05/29 22:54:57 Sent {"src":"n0","dest":"n1","body":{"counter":17,"message":90,"msg_id":212,"sender":"n1","type":"gossip"}}
2023/05/29 22:54:57 Received {n1 n0 {"counter":17,"message":90,"msg_id":285,"sender":"n1","type":"gossip"}}
2023/05/29 22:54:58 Received {n1 n0 {"counter":21,"message":91,"msg_id":288,"sender":"n2","type":"gossip"}}
2023/05/29 22:54:58 Sent {"src":"n0","dest":"n3","body":{"counter":21,"message":91,"msg_id":213,"sender":"n2","type":"gossip"}}
2023/05/29 22:54:58 Sent {"src":"n0","dest":"n1","body":{"counter":21,"message":91,"msg_id":214,"sender":"n2","type":"gossip"}}
2023/05/29 22:54:58 Received {n1 n0 {"counter":14,"message":93,"msg_id":291,"sender":"n4","type":"gossip"}}
2023/05/29 22:54:58 Sent {"src":"n0","dest":"n3","body":{"counter":14,"message":93,"msg_id":215,"sender":"n4","type":"gossip"}}
2023/05/29 22:54:58 Sent {"src":"n0","dest":"n1","body":{"counter":14,"message":93,"msg_id":216,"sender":"n4","type":"gossip"}}
2023/05/29 22:54:58 Received {c14 n0 {"type":"read","msg_id":59}}
2023/05/29 22:54:58 Sent {"src":"n0","dest":"c14","body":{"in_reply_to":59,"messages":[0,1,3,3,4,5,6,6,7,8,9,9,10,11,12,12,13,14,15,15,16,18,18,19,19,20,22,23,25,25,26,26,29,30,30,32,32,33,34,36,36,37,37,38,39,40,41,41,42,43,44,45,45,46,47,47,48,49,50,50,51,51,52,54,55,57,58,59,59,60,61,62,62,63,63,64,66,66,67,68,70,71,71,72,73,74,74,75,75,76,77,78,79,80,81,82,82,83,84,85,86,86,87,89,89,90,91,93],"msg_id":59,"type":"read_ok"}}
2023/05/29 22:54:58 Received {c14 n0 {"type":"broadcast","message":94,"msg_id":60}}
2023/05/29 22:54:58 Sent {"src":"n0","dest":"n3","body":{"counter":29,"message":94,"msg_id":217,"sender":"n0","type":"gossip"}}
2023/05/29 22:54:58 Sent {"src":"n0","dest":"n1","body":{"counter":29,"message":94,"msg_id":218,"sender":"n0","type":"gossip"}}
2023/05/29 22:54:58 Sent {"src":"n0","dest":"c14","body":{"in_reply_to":60,"type":"broadcast_ok"}}
2023/05/29 22:54:58 Received {n1 n0 {"counter":29,"message":94,"msg_id":294,"sender":"n0","type":"gossip"}}
2023/05/29 22:54:58 Sent {"src":"n0","dest":"n3","body":{"counter":29,"message":94,"msg_id":219,"sender":"n0","type":"gossip"}}
2023/05/29 22:54:58 Sent {"src":"n0","dest":"n1","body":{"counter":29,"message":94,"msg_id":220,"sender":"n0","type":"gossip"}}
2023/05/29 22:54:58 Received {n1 n0 {"counter":18,"message":95,"msg_id":297,"sender":"n1","type":"gossip"}}
2023/05/29 22:54:58 Sent {"src":"n0","dest":"n3","body":{"counter":18,"message":95,"msg_id":221,"sender":"n1","type":"gossip"}}
2023/05/29 22:54:58 Sent {"src":"n0","dest":"n1","body":{"counter":18,"message":95,"msg_id":222,"sender":"n1","type":"gossip"}}
2023/05/29 22:54:58 Received {n1 n0 {"counter":18,"message":95,"msg_id":300,"sender":"n1","type":"gossip"}}
2023/05/29 22:54:58 Received {n1 n0 {"counter":15,"message":97,"msg_id":303,"sender":"n4","type":"gossip"}}
2023/05/29 22:54:58 Sent {"src":"n0","dest":"n3","body":{"counter":15,"message":97,"msg_id":223,"sender":"n4","type":"gossip"}}
2023/05/29 22:54:58 Sent {"src":"n0","dest":"n1","body":{"counter":15,"message":97,"msg_id":224,"sender":"n4","type":"gossip"}}
2023/05/29 22:54:58 Received {c14 n0 {"type":"read","msg_id":61}}
2023/05/29 22:54:58 Sent {"src":"n0","dest":"c14","body":{"in_reply_to":61,"messages":[0,1,3,3,4,5,6,6,7,8,9,9,10,11,12,12,13,14,15,15,16,18,18,19,19,20,22,23,25,25,26,26,29,30,30,32,32,33,34,36,36,37,37,38,39,40,41,41,42,43,44,45,45,46,47,47,48,49,50,50,51,51,52,54,55,57,58,59,59,60,61,62,62,63,63,64,66,66,67,68,70,71,71,72,73,74,74,75,75,76,77,78,79,80,81,82,82,83,84,85,86,86,87,89,89,90,91,93,94,94,95,97],"msg_id":61,"type":"read_ok"}}
2023/05/29 22:54:58 Received {c14 n0 {"type":"broadcast","message":98,"msg_id":62}}
2023/05/29 22:54:58 Sent {"src":"n0","dest":"n3","body":{"counter":30,"message":98,"msg_id":225,"sender":"n0","type":"gossip"}}
2023/05/29 22:54:58 Sent {"src":"n0","dest":"n1","body":{"counter":30,"message":98,"msg_id":226,"sender":"n0","type":"gossip"}}
2023/05/29 22:54:58 Sent {"src":"n0","dest":"c14","body":{"in_reply_to":62,"type":"broadcast_ok"}}
2023/05/29 22:54:58 Received {n1 n0 {"counter":30,"message":98,"msg_id":306,"sender":"n0","type":"gossip"}}
2023/05/29 22:54:58 Sent {"src":"n0","dest":"n3","body":{"counter":30,"message":98,"msg_id":227,"sender":"n0","type":"gossip"}}
2023/05/29 22:54:58 Sent {"src":"n0","dest":"n1","body":{"counter":30,"message":98,"msg_id":228,"sender":"n0","type":"gossip"}}
2023/05/29 22:54:59 Received {n1 n0 {"counter":16,"message":100,"msg_id":309,"sender":"n4","type":"gossip"}}
2023/05/29 22:54:59 Sent {"src":"n0","dest":"n3","body":{"counter":16,"message":100,"msg_id":229,"sender":"n4","type":"gossip"}}
2023/05/29 22:54:59 Sent {"src":"n0","dest":"n1","body":{"counter":16,"message":100,"msg_id":230,"sender":"n4","type":"gossip"}}
2023/05/29 22:54:59 Received {c14 n0 {"type":"read","msg_id":63}}
2023/05/29 22:54:59 Sent {"src":"n0","dest":"c14","body":{"in_reply_to":63,"messages":[0,1,3,3,4,5,6,6,7,8,9,9,10,11,12,12,13,14,15,15,16,18,18,19,19,20,22,23,25,25,26,26,29,30,30,32,32,33,34,36,36,37,37,38,39,40,41,41,42,43,44,45,45,46,47,47,48,49,50,50,51,51,52,54,55,57,58,59,59,60,61,62,62,63,63,64,66,66,67,68,70,71,71,72,73,74,74,75,75,76,77,78,79,80,81,82,82,83,84,85,86,86,87,89,89,90,91,93,94,94,95,97,98,98,100],"msg_id":63,"type":"read_ok"}}
2023/05/29 22:54:59 Received {c14 n0 {"type":"read","msg_id":64}}
2023/05/29 22:54:59 Sent {"src":"n0","dest":"c14","body":{"in_reply_to":64,"messages":[0,1,3,3,4,5,6,6,7,8,9,9,10,11,12,12,13,14,15,15,16,18,18,19,19,20,22,23,25,25,26,26,29,30,30,32,32,33,34,36,36,37,37,38,39,40,41,41,42,43,44,45,45,46,47,47,48,49,50,50,51,51,52,54,55,57,58,59,59,60,61,62,62,63,63,64,66,66,67,68,70,71,71,72,73,74,74,75,75,76,77,78,79,80,81,82,82,83,84,85,86,86,87,89,89,90,91,93,94,94,95,97,98,98,100],"msg_id":64,"type":"read_ok"}}
2023/05/29 22:54:59 Received {n1 n0 {"counter":22,"message":101,"msg_id":312,"sender":"n2","type":"gossip"}}
2023/05/29 22:54:59 Sent {"src":"n0","dest":"n3","body":{"counter":22,"message":101,"msg_id":231,"sender":"n2","type":"gossip"}}
2023/05/29 22:54:59 Sent {"src":"n0","dest":"n1","body":{"counter":22,"message":101,"msg_id":232,"sender":"n2","type":"gossip"}}
2023/05/29 22:54:59 Received {n3 n0 {"counter":17,"message":102,"msg_id":33,"sender":"n4","type":"gossip"}}
2023/05/29 22:54:59 Received {n1 n0 {"counter":17,"message":102,"msg_id":315,"sender":"n4","type":"gossip"}}
2023/05/29 22:54:59 Sent {"src":"n0","dest":"n3","body":{"counter":17,"message":102,"msg_id":233,"sender":"n4","type":"gossip"}}
2023/05/29 22:54:59 Sent {"src":"n0","dest":"n1","body":{"counter":17,"message":102,"msg_id":234,"sender":"n4","type":"gossip"}}
2023/05/29 22:54:59 Received {c14 n0 {"type":"broadcast","message":103,"msg_id":65}}
2023/05/29 22:54:59 Sent {"src":"n0","dest":"n3","body":{"counter":31,"message":103,"msg_id":235,"sender":"n0","type":"gossip"}}
2023/05/29 22:54:59 Sent {"src":"n0","dest":"n1","body":{"counter":31,"message":103,"msg_id":236,"sender":"n0","type":"gossip"}}
2023/05/29 22:54:59 Sent {"src":"n0","dest":"c14","body":{"in_reply_to":65,"type":"broadcast_ok"}}
2023/05/29 22:54:59 Received {n3 n0 {"counter":31,"message":103,"msg_id":35,"sender":"n0","type":"gossip"}}
2023/05/29 22:54:59 Received {n1 n0 {"counter":31,"message":103,"msg_id":318,"sender":"n0","type":"gossip"}}
2023/05/29 22:54:59 Sent {"src":"n0","dest":"n3","body":{"counter":31,"message":103,"msg_id":237,"sender":"n0","type":"gossip"}}
2023/05/29 22:54:59 Sent {"src":"n0","dest":"n1","body":{"counter":31,"message":103,"msg_id":238,"sender":"n0","type":"gossip"}}
2023/05/29 22:54:59 Received {c14 n0 {"type":"broadcast","message":104,"msg_id":66}}
2023/05/29 22:54:59 Sent {"src":"n0","dest":"n3","body":{"counter":32,"message":104,"msg_id":239,"sender":"n0","type":"gossip"}}
2023/05/29 22:54:59 Sent {"src":"n0","dest":"n1","body":{"counter":32,"message":104,"msg_id":240,"sender":"n0","type":"gossip"}}
2023/05/29 22:54:59 Sent {"src":"n0","dest":"c14","body":{"in_reply_to":66,"type":"broadcast_ok"}}
2023/05/29 22:54:59 Received {n3 n0 {"counter":32,"message":104,"msg_id":37,"sender":"n0","type":"gossip"}}
2023/05/29 22:54:59 Sent {"src":"n0","dest":"n3","body":{"counter":32,"message":104,"msg_id":241,"sender":"n0","type":"gossip"}}
2023/05/29 22:54:59 Sent {"src":"n0","dest":"n1","body":{"counter":32,"message":104,"msg_id":242,"sender":"n0","type":"gossip"}}
2023/05/29 22:54:59 Received {n1 n0 {"counter":32,"message":104,"msg_id":321,"sender":"n0","type":"gossip"}}
2023/05/29 22:55:00 Received {n1 n0 {"counter":19,"message":105,"msg_id":324,"sender":"n1","type":"gossip"}}
2023/05/29 22:55:00 Sent {"src":"n0","dest":"n3","body":{"counter":19,"message":105,"msg_id":243,"sender":"n1","type":"gossip"}}
2023/05/29 22:55:00 Sent {"src":"n0","dest":"n1","body":{"counter":19,"message":105,"msg_id":244,"sender":"n1","type":"gossip"}}
2023/05/29 22:55:00 Received {n3 n0 {"counter":19,"message":105,"msg_id":39,"sender":"n1","type":"gossip"}}
2023/05/29 22:55:00 Received {n1 n0 {"counter":19,"message":105,"msg_id":327,"sender":"n1","type":"gossip"}}
2023/05/29 22:55:10 Received {c14 n0 {"type":"read","msg_id":67}}
2023/05/29 22:55:10 Sent {"src":"n0","dest":"c14","body":{"in_reply_to":67,"messages":[0,1,3,3,4,5,6,6,7,8,9,9,10,11,12,12,13,14,15,15,16,18,18,19,19,20,22,23,25,25,26,26,29,30,30,32,32,33,34,36,36,37,37,38,39,40,41,41,42,43,44,45,45,46,47,47,48,49,50,50,51,51,52,54,55,57,58,59,59,60,61,62,62,63,63,64,66,66,67,68,70,71,71,72,73,74,74,75,75,76,77,78,79,80,81,82,82,83,84,85,86,86,87,89,89,90,91,93,94,94,95,97,98,98,100,101,102,103,103,104,104,105],"msg_id":67,"type":"read_ok"}}
