2023/05/29 22:54:40 Received {c1 n2 {"type":"init","node_id":"n2","node_ids":["n0","n1","n2","n3","n4"],"msg_id":1}}
2023/05/29 22:54:40 Node n2 initialized
2023/05/29 22:54:40 Sent {"src":"n2","dest":"c1","body":{"in_reply_to":1,"type":"init_ok"}}
2023/05/29 22:54:40 Received {c7 n2 {"type":"topology","topology":{"n0":["n3","n1"],"n1":["n4","n2","n0"],"n2":["n1"],"n3":["n0","n4"],"n4":["n1","n3"]},"msg_id":1}}
2023/05/29 22:54:40 Sent {"src":"n2","dest":"c7","body":{"in_reply_to":1,"type":"topology_ok"}}
2023/05/29 22:54:40 Received {n1 n2 {"counter":1,"message":0,"msg_id":2,"sender":"n1","type":"gossip"}}
2023/05/29 22:54:40 Sent {"src":"n2","dest":"n1","body":{"counter":1,"message":0,"msg_id":1,"sender":"n1","type":"gossip"}}
2023/05/29 22:54:40 Received {n1 n2 {"counter":1,"message":0,"msg_id":5,"sender":"n1","type":"gossip"}}
2023/05/29 22:54:40 Received {c11 n2 {"type":"broadcast","message":1,"msg_id":1}}
2023/05/29 22:54:40 Sent {"src":"n2","dest":"n1","body":{"counter":1,"message":1,"msg_id":2,"sender":"n2","type":"gossip"}}
2023/05/29 22:54:40 Sent {"src":"n2","dest":"c11","body":{"in_reply_to":1,"type":"broadcast_ok"}}
2023/05/29 22:54:40 Received {n1 n2 {"counter":1,"message":1,"msg_id":8,"sender":"n2","type":"gossip"}}
2023/05/29 22:54:40 Sent {"src":"n2","dest":"n1","body":{"counter":1,"message":1,"msg_id":3,"sender":"n2","type":"gossip"}}
2023/05/29 22:54:40 Received {n1 n2 {"counter":1,"message":3,"msg_id":11,"sender":"n0","type":"gossip"}}
2023/05/29 22:54:40 Sent {"src":"n2","dest":"n1","body":{"counter":1,"message":3,"msg_id":4,"sender":"n0","type":"gossip"}}
2023/05/29 22:54:40 Received {n1 n2 {"counter":2,"message":4,"msg_id":14,"sender":"n1","type":"gossip"}}
2023/05/29 22:54:40 Sent {"src":"n2","dest":"n1","body":{"counter":2,"message":4,"msg_id":5,"sender":"n1","type":"gossip"}}
2023/05/29 22:54:40 Received {n1 n2 {"counter":2,"message":4,"msg_id":17,"sender":"n1","type":"gossip"}}
2023/05/29 22:54:40 Received {c11 n2 {"type":"broadcast","message":5,"msg_id":2}}
2023/05/29 22:54:40 Sent {"src":"n2","dest":"n1","body":{"counter":2,"message":5,"msg_id":6,"sender":"n2","type":"gossip"}}
2023/05/29 22:54:40 Sent {"src":"n2","dest":"c11","body":{"in_reply_to":2,"type":"broadcast_ok"}}
2023/05/29 22:54:40 Received {n1 n2 {"counter":2,"message":5,"msg_id":20,"sender":"n2","type":"gossip"}}
2023/05/29 22:54:40 Sent {"src":"n2","dest":"n1","body":{"counter":2,"message":5,"msg_id":7,"sender":"n2","type":"gossip"}}
2023/05/29 22:54:41 Received {n1 n2 {"counter":2,"message":6,"msg_id":23,"sender":"n0","type":"gossip"}}
2023/05/29 22:54:41 Sent {"src":"n2","dest":"n1","body":{"counter":2,"message":6,"msg_id":8,"sender":"n0","type":"gossip"}}
2023/05/29 22:54:41 Received {c11 n2 {"type":"broadcast","message":7,"msg_id":3}}
2023/05/29 22:54:41 Sent {"src":"n2","dest":"n1","body":{"counter":3,"message":7,"msg_id":9,"sender":"n2","type":"gossip"}}
2023/05/29 22:54:41 Sent {"src":"n2","dest":"c11","body":{"in_reply_to":3,"type":"broadcast_ok"}}
2023/05/29 22:54:41 Received {n1 n2 {"counter":3,"message":7,"msg_id":26,"sender":"n2","type":"gossip"}}
2023/05/29 22:54:41 Sent {"src":"n2","dest":"n1","body":{"counter":3,"message":7,"msg_id":10,"sender":"n2","type":"gossip"}}
2023/05/29 22:54:41 Received {n1 n2 {"counter":1,"message":8,"msg_id":29,"sender":"n4","type":"gossip"}}
2023/05/29 22:54:41 Sent {"src":"n2","dest":"n1","body":{"counter":1,"message":8,"msg_id":11,"sender":"n4","type":"gossip"}}
2023/05/29 22:54:41 Received {n1 n2 {"counter":3,"message":9,"msg_id":32,"sender":"n0","type":"gossip"}}
2023/05/29 22:54:41 Sent {"src":"n2","dest":"n1","body":{"counter":3,"message":9,"msg_id":12,"sender":"n0","type":"gossip"}}
2023/05/29 22:54:42 Received {n1 n2 {"counter":3,"message":10,"msg_id":35,"sender":"n1","type":"gossip"}}
2023/05/29 22:54:42 Sent {"src":"n2","dest":"n1","body":{"counter":3,"message":10,"msg_id":13,"sender":"n1","type":"gossip"}}
2023/05/29 22:54:42 Received {n1 n2 {"counter":3,"message":10,"msg_id":38,"sender":"n1","type":"gossip"}}
2023/05/29 22:54:42 Received {c11 n2 {"type":"broadcast","message":11,"msg_id":4}}
2023/05/29 22:54:42 Sent {"src":"n2","dest":"n1","body":{"counter":4,"message":11,"msg_id":14,"sender":"n2","type":"gossip"}}
2023/05/29 22:54:42 Sent {"src":"n2","dest":"c11","body":{"in_reply_to":4,"type":"broadcast_ok"}}
2023/05/29 22:54:42 Received {n1 n2 {"counter":4,"message":11,"msg_id":41,"sender":"n2","type":"gossip"}}
2023/05/29 22:54:42 Sent {"src":"n2","dest":"n1","body":{"counter":4,"message":11,"msg_id":15,"sender":"n2","type":"gossip"}}
2023/05/29 22:54:42 Received {n1 n2 {"counter":4,"message":12,"msg_id":44,"sender":"n0","type":"gossip"}}
2023/05/29 22:54:42 Sent {"src":"n2","dest":"n1","body":{"counter":4,"message":12,"msg_id":16,"sender":"n0","type":"gossip"}}
2023/05/29 22:54:42 Received {n1 n2 {"counter":4,"message":13,"msg_id":47,"sender":"n1","type":"gossip"}}
2023/05/29 22:54:42 Sent {"src":"n2","dest":"n1","body":{"counter":4,"message":13,"msg_id":17,"sender":"n1","type":"gossip"}}
2023/05/29 22:54:42 Received {n1 n2 {"counter":4,"message":13,"msg_id":50,"sender":"n1","type":"gossip"}}
2023/05/29 22:54:43 Received {c11 n2 {"type":"read","msg_id":5}}
2023/05/29 22:54:43 Sent {"src":"n2","dest":"c11","body":{"in_reply_to":5,"messages":[0,1,1,3,4,5,5,6,7,7,8,9,10,11,11,12,13],"msg_id":5,"type":"read_ok"}}
2023/05/29 22:54:43 Received {n1 n2 {"counter":2,"message":14,"msg_id":53,"sender":"n4","type":"gossip"}}
2023/05/29 22:54:43 Sent {"src":"n2","dest":"n1","body":{"counter":2,"message":14,"msg_id":18,"sender":"n4","type":"gossip"}}
2023/05/29 22:54:43 Received {n1 n2 {"counter":5,"message":15,"msg_id":56,"sender":"n0","type":"gossip"}}
2023/05/29 22:54:43 Sent {"src":"n2","dest":"n1","body":{"counter":5,"message":15,"msg_id":19,"sender":"n0","type":"gossip"}}
2023/05/29 22:54:43 Received {c11 n2 {"type":"broadcast","message":16,"msg_id":6}}
2023/05/29 22:54:43 Sent {"src":"n2","dest":"n1","body":{"counter":5,"message":16,"msg_id":20,"sender":"n2","type":"gossip"}}
2023/05/29 22:54:43 Sent {"src":"n2","dest":"c11","body":{"in_reply_to":6,"type":"broadcast_ok"}}
2023/05/29 22:54:43 Received {n1 n2 {"counter":5,"message":16,"msg_id":59,"sender":"n2","type":"gossip"}}
2023/05/29 22:54:43 Sent {"src":"n2","dest":"n1","body":{"counter":5,"message":16,"msg_id":21,"sender":"n2","type":"gossip"}}
2023/05/29 22:54:43 Received {n1 n2 {"counter":6,"message":18,"msg_id":62,"sender":"n0","type":"gossip"}}
2023/05/29 22:54:43 Sent {"src":"n2","dest":"n1","body":{"counter":6,"message":18,"msg_id":22,"sender":"n0","type":"gossip"}}
2023/05/29 22:54:43 Received {n1 n2 {"counter":7,"message":19,"msg_id":65,"sender":"n0","type":"gossip"}}
2023/05/29 22:54:43 Sent {"src":"n2","dest":"n1","body":{"counter":7,"message":19,"msg_id":23,"sender":"n0","type":"gossip"}}
2023/05/29 22:54:44 Received {c11 n2 {"type":"broadcast","message":20,"msg_id":7}}
2023/05/29 22:54:44 Sent {"src":"n2","dest":"n1","body":{"counter":6,"message":20,"msg_id":24,"sender":"n2","type":"gossip"}}
2023/05/29 22:54:44 Sent {"src":"n2","dest":"c11","body":{"in_reply_to":7,"type":"broadcast_ok"}}
2023/05/29 22:54:44 Received {n1 n2 {"counter":6,"message":20,"msg_id":68,"sender":"n2","type":"gossip"}}
2023/05/29 22:54:44 Sent {"src":"n2","dest":"n1","body":{"counter":6,"message":20,"msg_id":25,"sender":"n2","type":"gossip"}}
2023/05/29 22:54:44 Received {n1 n2 {"counter":3,"message":22,"msg_id":71,"sender":"n4","type":"gossip"}}
2023/05/29 22:54:44 Sent {"src":"n2","dest":"n1","body":{"counter":3,"message":22,"msg_id":26,"sender":"n4","type":"gossip"}}
2023/05/29 22:54:44 Received {c11 n2 {"type":"broadcast","message":23,"msg_id":8}}
2023/05/29 22:54:44 Sent {"src":"n2","dest":"n1","body":{"counter":7,"message":23,"msg_id":27,"sender":"n2","type":"gossip"}}
2023/05/29 22:54:44 Sent {"src":"n2","dest":"c11","body":{"in_reply_to":8,"type":"broadcast_ok"}}
2023/05/29 22:54:44 Received {n1 n2 {"counter":7,"message":23,"msg_id":74,"sender":"n2","type":"gossip"}}
2023/05/29 22:54:44 Sent {"src":"n2","dest":"n1","body":{"counter":7,"message":23,"msg_id":28,"sender":"n2","type":"gossip"}}
2023/05/29 22:54:45 Received {n1 n2 {"counter":8,"message":25,"msg_id":77,"sender":"n0","type":"gossip"}}
2023/05/29 22:54:45 Sent {"src":"n2","dest":"n1","body":{"counter":8,"message":25,"msg_id":29,"sender":"n0","type":"gossip"}}
2023/05/29 22:54:45 Received {n1 n2 {"counter":9,"message":26,"msg_id":80,"sender":"n0","type":"gossip"}}
2023/05/29 22:54:45 Sent {"src":"n2","dest":"n1","body":{"counter":9,"message":26,"msg_id":30,"sender":"n0","type":"gossip"}}
2023/05/29 22:54:45 Received {c11 n2 {"type":"read","msg_id":9}}
2023/05/29 22:54:45 Sent {"src":"n2","dest":"c11","body":{"in_reply_to":9,"messages":[0,1,1,3,4,5,5,6,7,7,8,9,10,11,11,12,13,14,15,16,16,18,19,20,20,22,23,23,25,26],"msg_id":9,"type":"read_ok"}}
2023/05/29 22:54:45 Received {c11 n2 {"type":"read","msg_id":10}}
2023/05/29 22:54:45 Sent {"src":"n2","dest":"c11","body":{"in_reply_to":10,"messages":[0,1,1,3,4,5,5,6,7,7,8,9,10,11,11,12,13,14,15,16,16,18,19,20,20,22,23,23,25,26],"msg_id":10,"type":"read_ok"}}
2023/05/29 22:54:46 Received {n1 n2 {"counter":4,"message":29,"msg_id":83,"sender":"n4","type":"gossip"}}
2023/05/29 22:54:46 Sent {"src":"n2","dest":"n1","body":{"counter":4,"message":29,"msg_id":31,"sender":"n4","type":"gossip"}}
2023/05/29 22:54:46 Received {n1 n2 {"counter":10,"message":30,"msg_id":86,"sender":"n0","type":"gossip"}}
2023/05/29 22:54:46 Sent {"src":"n2","dest":"n1","body":{"counter":10,"message":30,"msg_id":32,"sender":"n0","type":"gossip"}}
2023/05/29 22:54:46 Received {c11 n2 {"type":"read","msg_id":11}}
2023/05/29 22:54:46 Sent {"src":"n2","dest":"c11","body":{"in_reply_to":11,"messages":[0,1,1,3,4,5,5,6,7,7,8,9,10,11,11,12,13,14,15,16,16,18,19,20,20,22,23,23,25,26,29,30],"msg_id":11,"type":"read_ok"}}
2023/05/29 22:54:46 Received {n1 n2 {"counter":11,"message":32,"msg_id":89,"sender":"n0","type":"gossip"}}
2023/05/29 22:54:46 Sent {"src":"n2","dest":"n1","body":{"counter":11,"message":32,"msg_id":33,"sender":"n0","type":"gossip"}}
2023/05/29 22:54:47 Received {n1 n2 {"counter":5,"message":33,"msg_id":92,"sender":"n1","type":"gossip"}}
2023/05/29 22:54:47 Sent {"src":"n2","dest":"n1","body":{"counter":5,"message":33,"msg_id":34,"sender":"n1","type":"gossip"}}
2023/05/29 22:54:47 Received {n1 n2 {"counter":5,"message":33,"msg_id":95,"sender":"n1","type":"gossip"}}
2023/05/29 22:54:47 Received {c11 n2 {"type":"broadcast","message":34,"msg_id":12}}
2023/05/29 22:54:47 Sent {"src":"n2","dest":"n1","body":{"counter":8,"message":34,"msg_id":35,"sender":"n2","type":"gossip"}}
2023/05/29 22:54:47 Sent {"src":"n2","dest":"c11","body":{"in_reply_to":12,"type":"broadcast_ok"}}
2023/05/29 22:54:47 Received {n1 n2 {"counter":8,"message":34,"msg_id":98,"sender":"n2","type":"gossip"}}
2023/05/29 22:54:47 Sent {"src":"n2","dest":"n1","body":{"counter":8,"message":34,"msg_id":36,"sender":"n2","type":"gossip"}}
2023/05/29 22:54:47 Received {n1 n2 {"counter":12,"message":36,"msg_id":101,"sender":"n0","type":"gossip"}}
2023/05/29 22:54:47 Sent {"src":"n2","dest":"n1","body":{"counter":12,"message":36,"msg_id":37,"sender":"n0","type":"gossip"}}
2023/05/29 22:54:47 Received {n1 n2 {"counter":13,"message":37,"msg_id":104,"sender":"n0","type":"gossip"}}
2023/05/29 22:54:47 Sent {"src":"n2","dest":"n1","body":{"counter":13,"message":37,"msg_id":38,"sender":"n0","type":"gossip"}}
2023/05/29 22:54:47 Received {n1 n2 {"counter":6,"message":38,"msg_id":107,"sender":"n1","type":"gossip"}}
2023/05/29 22:54:47 Sent {"src":"n2","dest":"n1","body":{"counter":6,"message":38,"msg_id":39,"sender":"n1","type":"gossip"}}
2023/05/29 22:54:47 Received {n1 n2 {"counter":6,"message":38,"msg_id":110,"sender":"n1","type":"gossip"}}
2023/05/29 22:54:47 Received {c11 n2 {"type":"broadcast","message":39,"msg_id":13}}
2023/05/29 22:54:47 Sent {"src":"n2","dest":"n1","body":{"counter":9,"message":39,"msg_id":40,"sender":"n2","type":"gossip"}}
2023/05/29 22:54:47 Sent {"src":"n2","dest":"c11","body":{"in_reply_to":13,"type":"broadcast_ok"}}
2023/05/29 22:54:47 Received {n1 n2 {"counter":9,"message":39,"msg_id":113,"sender":"n2","type":"gossip"}}
2023/05/29 22:54:47 Sent {"src":"n2","dest":"n1","body":{"counter":9,"message":39,"msg_id":41,"sender":"n2","type":"gossip"}}
2023/05/29 22:54:48 Received {n1 n2 {"counter":5,"message":40,"msg_id":116,"sender":"n4","type":"gossip"}}
2023/05/29 22:54:48 Sent {"src":"n2","dest":"n1","body":{"counter":5,"message":40,"msg_id":42,"sender":"n4","type":"gossip"}}
2023/05/29 22:54:48 Received {n1 n2 {"counter":14,"message":41,"msg_id":119,"sender":"n0","type":"gossip"}}
2023/05/29 22:54:48 Sent {"src":"n2","dest":"n1","body":{"counter":14,"message":41,"msg_id":43,"sender":"n0","type":"gossip"}}
2023/05/29 22:54:48 Received {n1 n2 {"counter":7,"message":42,"msg_id":122,"sender":"n1","type":"gossip"}}
2023/05/29 22:54:48 Sent {"src":"n2","dest":"n1","body":{"counter":7,"message":42,"msg_id":44,"sender":"n1","type":"gossip"}}
2023/05/29 22:54:48 Received {n1 n2 {"counter":7,"message":42,"msg_id":125,"sender":"n1","type":"gossip"}}
2023/05/29 22:54:48 Received {c11 n2 {"type":"read","msg_id":14}}
2023/05/29 22:54:48 Sent {"src":"n2","dest":"c11","body":{"in_reply_to":14,"messages":[0,1,1,3,4,5,5,6,7,7,8,9,10,11,11,12,13,14,15,16,16,18,19,20,20,22,23,23,25,26,29,30,32,33,34,34,36,37,38,39,39,40,41,42],"msg_id":14,"type":"read_ok"}}
2023/05/29 22:54:48 Received {n1 n2 {"counter":6,"message":43,"msg_id":128,"sender":"n4","type":"gossip"}}
2023/05/29 22:54:48 Sent {"src":"n2","dest":"n1","body":{"counter":6,"message":43,"msg_id":45,"sender":"n4","type":"gossip"}}
2023/05/29 22:54:49 Received {c11 n2 {"type":"broadcast","message":44,"msg_id":15}}
2023/05/29 22:54:49 Sent {"src":"n2","dest":"n1","body":{"counter":10,"message":44,"msg_id":46,"sender":"n2","type":"gossip"}}
2023/05/29 22:54:49 Sent {"src":"n2","dest":"c11","body":{"in_reply_to":15,"type":"broadcast_ok"}}
2023/05/29 22:54:49 Received {n1 n2 {"counter":10,"message":44,"msg_id":131,"sender":"n2","type":"gossip"}}
2023/05/29 22:54:49 Sent {"src":"n2","dest":"n1","body":{"counter":10,"message":44,"msg_id":47,"sender":"n2","type":"gossip"}}
2023/05/29 22:54:49 Received {n1 n2 {"counter":15,"message":45,"msg_id":134,"sender":"n0","type":"gossip"}}
2023/05/29 22:54:49 Sent {"src":"n2","dest":"n1","body":{"counter":15,"message":45,"msg_id":48,"sender":"n0","type":"gossip"}}
2023/05/29 22:54:49 Received {c11 n2 {"type":"read","msg_id":16}}
2023/05/29 22:54:49 Sent {"src":"n2","dest":"c11","body":{"in_reply_to":16,"messages":[0,1,1,3,4,5,5,6,7,7,8,9,10,11,11,12,13,14,15,16,16,18,19,20,20,22,23,23,25,26,29,30,32,33,34,34,36,37,38,39,39,40,41,42,43,44,44,45],"msg_id":16,"type":"read_ok"}}
2023/05/29 22:54:49 Received {n1 n2 {"counter":7,"message":46,"msg_id":137,"sender":"n4","type":"gossip"}}
2023/05/29 22:54:49 Sent {"src":"n2","dest":"n1","body":{"counter":7,"message":46,"msg_id":49,"sender":"n4","type":"gossip"}}
2023/05/29 22:54:50 Received {n1 n2 {"counter":16,"message":47,"msg_id":140,"sender":"n0","type":"gossip"}}
2023/05/29 22:54:50 Sent {"src":"n2","dest":"n1","body":{"counter":16,"message":47,"msg_id":50,"sender":"n0","type":"gossip"}}
2023/05/29 22:54:50 Received {n1 n2 {"counter":8,"message":48,"msg_id":143,"sender":"n1","type":"gossip"}}
2023/05/29 22:54:50 Sent {"src":"n2","dest":"n1","body":{"counter":8,"message":48,"msg_id":51,"sender":"n1","type":"gossip"}}
2023/05/29 22:54:50 Received {n1 n2 {"counter":8,"message":48,"msg_id":146,"sender":"n1","type":"gossip"}}
2023/05/29 22:54:50 Received {c11 n2 {"type":"broadcast","message":49,"msg_id":17}}
2023/05/29 22:54:50 Sent {"src":"n2","dest":"n1","body":{"counter":11,"message":49,"msg_id":52,"sender":"n2","type":"gossip"}}
2023/05/29 22:54:50 Sent {"src":"n2","dest":"c11","body":{"in_reply_to":17,"type":"broadcast_ok"}}
2023/05/29 22:54:50 Received {n1 n2 {"counter":11,"message":49,"msg_id":149,"sender":"n2","type":"gossip"}}
2023/05/29 22:54:50 Sent {"src":"n2","dest":"n1","body":{"counter":11,"message":49,"msg_id":53,"sender":"n2","type":"gossip"}}
2023/05/29 22:54:50 Received {n1 n2 {"counter":17,"message":50,"msg_id":152,"sender":"n0","type":"gossip"}}
2023/05/29 22:54:50 Sent {"src":"n2","dest":"n1","body":{"counter":17,"message":50,"msg_id":54,"sender":"n0","type":"gossip"}}
2023/05/29 22:54:50 Received {n1 n2 {"counter":18,"message":51,"msg_id":155,"sender":"n0","type":"gossip"}}
2023/05/29 22:54:50 Sent {"src":"n2","dest":"n1","body":{"counter":18,"message":51,"msg_id":55,"sender":"n0","type":"gossip"}}
2023/05/29 22:54:50 Received {c11 n2 {"type":"broadcast","message":52,"msg_id":18}}
2023/05/29 22:54:50 Sent {"src":"n2","dest":"n1","body":{"counter":12,"message":52,"msg_id":56,"sender":"n2","type":"gossip"}}
2023/05/29 22:54:50 Sent {"src":"n2","dest":"c11","body":{"in_reply_to":18,"type":"broadcast_ok"}}
2023/05/29 22:54:50 Received {n1 n2 {"counter":12,"message":52,"msg_id":158,"sender":"n2","type":"gossip"}}
2023/05/29 22:54:50 Sent {"src":"n2","dest":"n1","body":{"counter":12,"message":52,"msg_id":57,"sender":"n2","type":"gossip"}}
2023/05/29 22:54:50 Received {n1 n2 {"counter":8,"message":54,"msg_id":161,"sender":"n4","type":"gossip"}}
2023/05/29 22:54:50 Sent {"src":"n2","dest":"n1","body":{"counter":8,"message":54,"msg_id":58,"sender":"n4","type":"gossip"}}
2023/05/29 22:54:51 Received {n1 n2 {"counter":9,"message":55,"msg_id":164,"sender":"n1","type":"gossip"}}
2023/05/29 22:54:51 Sent {"src":"n2","dest":"n1","body":{"counter":9,"message":55,"msg_id":59,"sender":"n1","type":"gossip"}}
2023/05/29 22:54:51 Received {n1 n2 {"counter":9,"message":55,"msg_id":167,"sender":"n1","type":"gossip"}}
2023/05/29 22:54:51 Received {c11 n2 {"type":"read","msg_id":19}}
2023/05/29 22:54:51 Sent {"src":"n2","dest":"c11","body":{"in_reply_to":19,"messages":[0,1,1,3,4,5,5,6,7,7,8,9,10,11,11,12,13,14,15,16,16,18,19,20,20,22,23,23,25,26,29,30,32,33,34,34,36,37,38,39,39,40,41,42,43,44,44,45,46,47,48,49,49,50,51,52,52,54,55],"msg_id":19,"type":"read_ok"}}
2023/05/29 22:54:51 Received {n1 n2 {"counter":10,"message":57,"msg_id":170,"sender":"n1","type":"gossip"}}
2023/05/29 22:54:51 Sent {"src":"n2","dest":"n1","body":{"counter":10,"message":57,"msg_id":60,"sender":"n1","type":"gossip"}}
2023/05/29 22:54:51 Received {n1 n2 {"counter":10,"message":57,"msg_id":173,"sender":"n1","type":"gossip"}}
2023/05/29 22:54:51 Received {c11 n2 {"type":"read","msg_id":20}}
2023/05/29 22:54:51 Sent {"src":"n2","dest":"c11","body":{"in_reply_to":20,"messages":[0,1,1,3,4,5,5,6,7,7,8,9,10,11,11,12,13,14,15,16,16,18,19,20,20,22,23,23,25,26,29,30,32,33,34,34,36,37,38,39,39,40,41,42,43,44,44,45,46,47,48,49,49,50,51,52,52,54,55,57],"msg_id":20,"type":"read_ok"}}
2023/05/29 22:54:51 Received {n1 n2 {"counter":9,"message":58,"msg_id":176,"sender":"n4","type":"gossip"}}
2023/05/29 22:54:51 Sent {"src":"n2","dest":"n1","body":{"counter":9,"message":58,"msg_id":61,"sender":"n4","type":"gossip"}}
2023/05/29 22:54:52 Received {n1 n2 {"counter":19,"message":59,"msg_id":179,"sender":"n0","type":"gossip"}}
2023/05/29 22:54:52 Sent {"src":"n2","dest":"n1","body":{"counter":19,"message":59,"msg_id":62,"sender":"n0","type":"gossip"}}
2023/05/29 22:54:52 Received {n1 n2 {"counter":11,"message":60,"msg_id":182,"sender":"n1","type":"gossip"}}
2023/05/29 22:54:52 Sent {"src":"n2","dest":"n1","body":{"counter":11,"message":60,"msg_id":63,"sender":"n1","type":"gossip"}}
2023/05/29 22:54:52 Received {n1 n2 {"counter":11,"message":60,"msg_id":185,"sender":"n1","type":"gossip"}}
2023/05/29 22:54:52 Received {c11 n2 {"type":"broadcast","message":61,"msg_id":21}}
2023/05/29 22:54:52 Sent {"src":"n2","dest":"n1","body":{"counter":13,"message":61,"msg_id":64,"sender":"n2","type":"gossip"}}
2023/05/29 22:54:52 Sent {"src":"n2","dest":"c11","body":{"in_reply_to":21,"type":"broadcast_ok"}}
2023/05/29 22:54:52 Received {n1 n2 {"counter":13,"message":61,"msg_id":188,"sender":"n2","type":"gossip"}}
2023/05/29 22:54:52 Sent {"src":"n2","dest":"n1","body":{"counter":13,"message":61,"msg_id":65,"sender":"n2","type":"gossip"}}
2023/05/29 22:54:52 Received {n1 n2 {"counter":20,"message":62,"msg_id":191,"sender":"n0","type":"gossip"}}
2023/05/29 22:54:52 Sent {"src":"n2","dest":"n1","body":{"counter":20,"message":62,"msg_id":66,"sender":"n0","type":"gossip"}}
2023/05/29 22:54:52 Received {n1 n2 {"counter":21,"message":63,"msg_id":194,"sender":"n0","type":"gossip"}}
2023/05/29 22:54:52 Sent {"src":"n2","dest":"n1","body":{"counter":21,"message":63,"msg_id":67,"sender":"n0","type":"gossip"}}
2023/05/29 22:54:53 Received {c11 n2 {"type":"broadcast","message":64,"msg_id":22}}
2023/05/29 22:54:53 Sent {"src":"n2","dest":"n1","body":{"counter":14,"message":64,"msg_id":68,"sender":"n2","type":"gossip"}}
2023/05/29 22:54:53 Sent {"src":"n2","dest":"c11","body":{"in_reply_to":22,"type":"broadcast_ok"}}
2023/05/29 22:54:53 Received {n1 n2 {"counter":14,"message":64,"msg_id":197,"sender":"n2","type":"gossip"}}
2023/05/29 22:54:53 Sent {"src":"n2","dest":"n1","body":{"counter":14,"message":64,"msg_id":69,"sender":"n2","type":"gossip"}}
2023/05/29 22:54:53 Received {n1 n2 {"counter":22,"message":66,"msg_id":200,"sender":"n0","type":"gossip"}}
2023/05/29 22:54:53 Sent {"src":"n2","dest":"n1","body":{"counter":22,"message":66,"msg_id":70,"sender":"n0","type":"gossip"}}
2023/05/29 22:54:53 Received {n1 n2 {"counter":12,"message":67,"msg_id":203,"sender":"n1","type":"gossip"}}
2023/05/29 22:54:53 Sent {"src":"n2","dest":"n1","body":{"counter":12,"message":67,"msg_id":71,"sender":"n1","type":"gossip"}}
2023/05/29 22:54:53 Received {n1 n2 {"counter":12,"message":67,"msg_id":206,"sender":"n1","type":"gossip"}}
2023/05/29 22:54:53 Received {c11 n2 {"type":"broadcast","message":68,"msg_id":23}}
2023/05/29 22:54:53 Sent {"src":"n2","dest":"n1","body":{"counter":15,"message":68,"msg_id":72,"sender":"n2","type":"gossip"}}
2023/05/29 22:54:53 Sent {"src":"n2","dest":"c11","body":{"in_reply_to":23,"type":"broadcast_ok"}}
2023/05/29 22:54:53 Received {n1 n2 {"counter":15,"message":68,"msg_id":209,"sender":"n2","type":"gossip"}}
2023/05/29 22:54:53 Sent {"src":"n2","dest":"n1","body":{"counter":15,"message":68,"msg_id":73,"sender":"n2","type":"gossip"}}
2023/05/29 22:54:53 Received {n1 n2 {"counter":10,"message":70,"msg_id":212,"sender":"n4","type":"gossip"}}
2023/05/29 22:54:53 Sent {"src":"n2","dest":"n1","body":{"counter":10,"message":70,"msg_id":74,"sender":"n4","type":"gossip"}}
2023/05/29 22:54:53 Received {n1 n2 {"counter":23,"message":71,"msg_id":215,"sender":"n0","type":"gossip"}}
2023/05/29 22:54:53 Sent {"src":"n2","dest":"n1","body":{"counter":23,"message":71,"msg_id":75,"sender":"n0","type":"gossip"}}
2023/05/29 22:54:54 Received {n1 n2 {"counter":13,"message":72,"msg_id":218,"sender":"n1","type":"gossip"}}
2023/05/29 22:54:54 Sent {"src":"n2","dest":"n1","body":{"counter":13,"message":72,"msg_id":76,"sender":"n1","type":"gossip"}}
2023/05/29 22:54:54 Received {n1 n2 {"counter":13,"message":72,"msg_id":221,"sender":"n1","type":"gossip"}}
2023/05/29 22:54:54 Received {c11 n2 {"type":"broadcast","message":73,"msg_id":24}}
2023/05/29 22:54:54 Sent {"src":"n2","dest":"n1","body":{"counter":16,"message":73,"msg_id":77,"sender":"n2","type":"gossip"}}
2023/05/29 22:54:54 Sent {"src":"n2","dest":"c11","body":{"in_reply_to":24,"type":"broadcast_ok"}}
2023/05/29 22:54:54 Received {n1 n2 {"counter":16,"message":73,"msg_id":224,"sender":"n2","type":"gossip"}}
2023/05/29 22:54:54 Sent {"src":"n2","dest":"n1","body":{"counter":16,"message":73,"msg_id":78,"sender":"n2","type":"gossip"}}
2023/05/29 22:54:54 Received {n1 n2 {"counter":24,"message":74,"msg_id":227,"sender":"n0","type":"gossip"}}
2023/05/29 22:54:54 Sent {"src":"n2","dest":"n1","body":{"counter":24,"message":74,"msg_id":79,"sender":"n0","type":"gossip"}}
2023/05/29 22:54:54 Received {n1 n2 {"counter":25,"message":75,"msg_id":230,"sender":"n0","type":"gossip"}}
2023/05/29 22:54:54 Sent {"src":"n2","dest":"n1","body":{"counter":25,"message":75,"msg_id":80,"sender":"n0","type":"gossip"}}
2023/05/29 22:54:54 Received {n1 n2 {"counter":14,"message":76,"msg_id":233,"sender":"n1","type":"gossip"}}
2023/05/29 22:54:54 Sent {"src":"n2","dest":"n1","body":{"counter":14,"message":76,"msg_id":81,"sender":"n1","type":"gossip"}}
2023/05/29 22:54:54 Received {n1 n2 {"counter":14,"message":76,"msg_id":236,"sender":"n1","type":"gossip"}}
2023/05/29 22:54:54 Received {c11 n2 {"type":"broadcast","message":77,"msg_id":25}}
2023/05/29 22:54:54 Sent {"src":"n2","dest":"n1","body":{"counter":17,"message":77,"msg_id":82,"sender":"n2","type":"gossip"}}
2023/05/29 22:54:54 Sent {"src":"n2","dest":"c11","body":{"in_reply_to":25,"type":"broadcast_ok"}}
2023/05/29 22:54:54 Received {n1 n2 {"counter":17,"message":77,"msg_id":239,"sender":"n2","type":"gossip"}}
2023/05/29 22:54:54 Sent {"src":"n2","dest":"n1","body":{"counter":17,"message":77,"msg_id":83,"sender":"n2","type":"gossip"}}
2023/05/29 22:54:55 Received {n1 n2 {"counter":11,"message":78,"msg_id":242,"sender":"n4","type":"gossip"}}
2023/05/29 22:54:55 Sent {"src":"n2","dest":"n1","body":{"counter":11,"message":78,"msg_id":84,"sender":"n4","type":"gossip"}}
2023/05/29 22:54:55 Received {n1 n2 {"counter":15,"message":79,"msg_id":245,"sender":"n1","type":"gossip"}}
2023/05/29 22:54:55 Sent {"src":"n2","dest":"n1","body":{"counter":15,"message":79,"msg_id":85,"sender":"n1","type":"gossip"}}
2023/05/29 22:54:55 Received {n1 n2 {"counter":15,"message":79,"msg_id":248,"sender":"n1","type":"gossip"}}
2023/05/29 22:54:55 Received {c11 n2 {"type":"broadcast","message":80,"msg_id":26}}
2023/05/29 22:54:55 Sent {"src":"n2","dest":"n1","body":{"counter":18,"message":80,"msg_id":86,"sender":"n2","type":"gossip"}}
2023/05/29 22:54:55 Sent {"src":"n2","dest":"c11","body":{"in_reply_to":26,"type":"broadcast_ok"}}
2023/05/29 22:54:55 Received {n1 n2 {"counter":18,"message":80,"msg_id":251,"sender":"n2","type":"gossip"}}
2023/05/29 22:54:55 Sent {"src":"n2","dest":"n1","body":{"counter":18,"message":80,"msg_id":87,"sender":"n2","type":"gossip"}}
2023/05/29 22:54:55 Received {n1 n2 {"counter":12,"message":81,"msg_id":254,"sender":"n4","type":"gossip"}}
2023/05/29 22:54:55 Sent {"src":"n2","dest":"n1","body":{"counter":12,"message":81,"msg_id":88,"sender":"n4","type":"gossip"}}
2023/05/29 22:54:55 Received {n1 n2 {"counter":26,"message":82,"msg_id":257,"sender":"n0","type":"gossip"}}
2023/05/29 22:54:55 Sent {"src":"n2","dest":"n1","body":{"counter":26,"message":82,"msg_id":89,"sender":"n0","type":"gossip"}}
2023/05/29 22:54:56 Received {c11 n2 {"type":"read","msg_id":27}}
2023/05/29 22:54:56 Sent {"src":"n2","dest":"c11","body":{"in_reply_to":27,"messages":[0,1,1,3,4,5,5,6,7,7,8,9,10,11,11,12,13,14,15,16,16,18,19,20,20,22,23,23,25,26,29,30,32,33,34,34,36,37,38,39,39,40,41,42,43,44,44,45,46,47,48,49,49,50,51,52,52,54,55,57,58,59,60,61,61,62,63,64,64,66,67,68,68,70,71,72,73,73,74,75,76,77,77,78,79,80,80,81,82],"msg_id":27,"type":"read_ok"}}
2023/05/29 22:54:56 Received {n1 n2 {"counter":13,"message":83,"msg_id":260,"sender":"n4","type":"gossip"}}
2023/05/29 22:54:56 Sent {"src":"n2","dest":"n1","body":{"counter":13,"message":83,"msg_id":90,"sender":"n4","type":"gossip"}}
2023/05/29 22:54:56 Received {n1 n2 {"counter":16,"message":84,"msg_id":263,"sender":"n1","type":"gossip"}}
2023/05/29 22:54:56 Sent {"src":"n2","dest":"n1","body":{"counter":16,"message":84,"msg_id":91,"sender":"n1","type":"gossip"}}
2023/05/29 22:54:56 Received {n1 n2 {"counter":16,"message":84,"msg_id":266,"sender":"n1","type":"gossip"}}
2023/05/29 22:54:56 Received {c11 n2 {"type":"broadcast","message":85,"msg_id":28}}
2023/05/29 22:54:56 Sent {"src":"n2","dest":"n1","body":{"counter":19,"message":85,"msg_id":92,"sender":"n2","type":"gossip"}}
2023/05/29 22:54:56 Sent {"src":"n2","dest":"c11","body":{"in_reply_to":28,"type":"broadcast_ok"}}
2023/05/29 22:54:56 Received {n1 n2 {"counter":19,"message":85,"msg_id":269,"sender":"n2","type":"gossip"}}
2023/05/29 22:54:56 Sent {"src":"n2","dest":"n1","body":{"counter":19,"message":85,"msg_id":93,"sender":"n2","type":"gossip"}}
2023/05/29 22:54:57 Received {n1 n2 {"counter":27,"message":86,"msg_id":272,"sender":"n0","type":"gossip"}}
2023/05/29 22:54:57 Sent {"src":"n2","dest":"n1","body":{"counter":27,"message":86,"msg_id":94,"sender":"n0","type":"gossip"}}
2023/05/29 22:54:57 Received {c11 n2 {"type":"broadcast","message":87,"msg_id":29}}
2023/05/29 22:54:57 Sent {"src":"n2","dest":"n1","body":{"counter":20,"message":87,"msg_id":95,"sender":"n2","type":"gossip"}}
2023/05/29 22:54:57 Sent {"src":"n2","dest":"c11","body":{"in_reply_to":29,"type":"broadcast_ok"}}
2023/05/29 22:54:57 Received {n1 n2 {"counter":20,"message":87,"msg_id":275,"sender":"n2","type":"gossip"}}
2023/05/29 22:54:57 Sent {"src":"n2","dest":"n1","body":{"counter":20,"message":87,"msg_id":96,"sender":"n2","type":"gossip"}}
2023/05/29 22:54:57 Received {n1 n2 {"counter":28,"message":89,"msg_id":278,"sender":"n0","type":"gossip"}}
2023/05/29 22:54:57 Sent {"src":"n2","dest":"n1","body":{"counter":28,"message":89,"msg_id":97,"sender":"n0","type":"gossip"}}
2023/05/29 22:54:57 Received {n1 n2 {"counter":17,"message":90,"msg_id":281,"sender":"n1","type":"gossip"}}
2023/05/29 22:54:57 Sent {"src":"n2","dest":"n1","body":{"counter":17,"message":90,"msg_id":98,"sender":"n1","type":"gossip"}}
2023/05/29 22:54:57 Received {n1 n2 {"counter":17,"message":90,"msg_id":284,"sender":"n1","type":"gossip"}}
2023/05/29 22:54:58 Received {c11 n2 {"type":"broadcast","message":91,"msg_id":30}}
2023/05/29 22:54:58 Sent {"src":"n2","dest":"n1","body":{"counter":21,"message":91,"msg_id":99,"sender":"n2","type":"gossip"}}
2023/05/29 22:54:58 Sent {"src":"n2","dest":"c11","body":{"in_reply_to":30,"type":"broadcast_ok"}}
2023/05/29 22:54:58 Received {n1 n2 {"counter":21,"message":91,"msg_id":287,"sender":"n2","type":"gossip"}}
2023/05/29 22:54:58 Sent {"src":"n2","dest":"n1","body":{"counter":21,"message":91,"msg_id":100,"sender":"n2","type":"gossip"}}
2023/05/29 22:54:58 Received {n1 n2 {"counter":14,"message":93,"msg_id":290,"sender":"n4","type":"gossip"}}
2023/05/29 22:54:58 Sent {"src":"n2","dest":"n1","body":{"counter":14,"message":93,"msg_id":101,"sender":"n4","type":"gossip"}}
2023/05/29 22:54:58 Received {n1 n2 {"counter":29,"message":94,"msg_id":293,"sender":"n0","type":"gossip"}}
2023/05/29 22:54:58 Sent {"src":"n2","dest":"n1","body":{"counter":29,"message":94,"msg_id":102,"sender":"n0","type":"gossip"}}
2023/05/29 22:54:58 Received {n1 n2 {"counter":18,"message":95,"msg_id":296,"sender":"n1","type":"gossip"}}
2023/05/29 22:54:58 Sent {"src":"n2","dest":"n1","body":{"counter":18,"message":95,"msg_id":103,"sender":"n1","type":"gossip"}}
2023/05/29 22:54:58 Received {n1 n2 {"counter":18,"message":95,"msg_id":299,"sender":"n1","type":"gossip"}}
2023/05/29 22:54:58 Received {c11 n2 {"type":"read","msg_id":31}}
2023/05/29 22:54:58 Sent {"src":"n2","dest":"c11","body":{"in_reply_to":31,"messages":[0,1,1,3,4,5,5,6,7,7,8,9,10,11,11,12,13,14,15,16,16,18,19,20,20,22,23,23,25,26,29,30,32,33,34,34,36,37,38,39,39,40,41,42,43,44,44,45,46,47,48,49,49,50,51,52,52,54,55,57,58,59,60,61,61,62,63,64,64,66,67,68,68,70,71,72,73,73,74,75,76,77,77,78,79,80,80,81,82,83,84,85,85,86,87,87,89,90,91,91,93,94,95],"msg_id":31,"type":"read_ok"}}
2023/05/29 22:54:58 Received {n1 n2 {"counter":15,"message":97,"msg_id":302,"sender":"n4","type":"gossip"}}
2023/05/29 22:54:58 Sent {"src":"n2","dest":"n1","body":{"counter":15,"message":97,"msg_id":104,"sender":"n4","type":"gossip"}}
2023/05/29 22:54:58 Received {n1 n2 {"counter":30,"message":98,"msg_id":305,"sender":"n0","type":"gossip"}}
2023/05/29 22:54:58 Sent {"src":"n2","dest":"n1","body":{"counter":30,"message":98,"msg_id":105,"sender":"n0","type":"gossip"}}
2023/05/29 22:54:59 Received {c11 n2 {"type":"read","msg_id":32}}
2023/05/29 22:54:59 Sent {"src":"n2","dest":"c11","body":{"in_reply_to":32,"messages":[0,1,1,3,4,5,5,6,7,7,8,9,10,11,11,12,13,14,15,16,16,18,19,20,20,22,23,23,25,26,29,30,32,33,34,34,36,37,38,39,39,40,41,42,43,44,44,45,46,47,48,49,49,50,51,52,52,54,55,57,58,59,60,61,61,62,63,64,64,66,67,68,68,70,71,72,73,73,74,75,76,77,77,78,79,80,80,81,82,83,84,85,85,86,87,87,89,90,91,91,93,94,95,97,98],"msg_id":32,"type":"read_ok"}}
2023/05/29 22:54:59 Received {n1 n2 {"counter":16,"message":100,"msg_id":308,"sender":"n4","type":"gossip"}}
2023/05/29 22:54:59 Sent {"src":"n2","dest":"n1","body":{"counter":16,"message":100,"msg_id":106,"sender":"n4","type":"gossip"}}
2023/05/29 22:54:59 Received {c11 n2 {"type":"broadcast","message":101,"msg_id":33}}
2023/05/29 22:54:59 Sent {"src":"n2","dest":"n1","body":{"counter":22,"message":101,"msg_id":107,"sender":"n2","type":"gossip"}}
2023/05/29 22:54:59 Sent {"src":"n2","dest":"c11","body":{"in_reply_to":33,"type":"broadcast_ok"}}
2023/05/29 22:54:59 Received {n1 n2 {"counter":22,"message":101,"msg_id":311,"sender":"n2","type":"gossip"}}
2023/05/29 22:54:59 Sent {"src":"n2","dest":"n1","body":{"counter":22,"message":101,"msg_id":108,"sender":"n2","type":"gossip"}}
2023/05/29 22:54:59 Received {n1 n2 {"counter":17,"message":102,"msg_id":314,"sender":"n4","type":"gossip"}}
2023/05/29 22:54:59 Sent {"src":"n2","dest":"n1","body":{"counter":17,"message":102,"msg_id":109,"sender":"n4","type":"gossip"}}
2023/05/29 22:54:59 Received {n1 n2 {"counter":31,"message":103,"msg_id":317,"sender":"n0","type":"gossip"}}
2023/05/29 22:54:59 Sent {"src":"n2","dest":"n1","body":{"counter":31,"message":103,"msg_id":110,"sender":"n0","type":"gossip"}}
2023/05/29 22:54:59 Received {n1 n2 {"counter":32,"message":104,"msg_id":320,"sender":"n0","type":"gossip"}}
2023/05/29 22:54:59 Sent {"src":"n2","dest":"n1","body":{"counter":32,"message":104,"msg_id":111,"sender":"n0","type":"gossip"}}
2023/05/29 22:55:00 Received {n1 n2 {"counter":19,"message":105,"msg_id":323,"sender":"n1","type":"gossip"}}
2023/05/29 22:55:00 Sent {"src":"n2","dest":"n1","body":{"counter":19,"message":105,"msg_id":112,"sender":"n1","type":"gossip"}}
2023/05/29 22:55:00 Received {n1 n2 {"counter":19,"message":105,"msg_id":326,"sender":"n1","type":"gossip"}}
2023/05/29 22:55:00 Received {c11 n2 {"type":"read","msg_id":34}}
2023/05/29 22:55:00 Sent {"src":"n2","dest":"c11","body":{"in_reply_to":34,"messages":[0,1,1,3,4,5,5,6,7,7,8,9,10,11,11,12,13,14,15,16,16,18,19,20,20,22,23,23,25,26,29,30,32,33,34,34,36,37,38,39,39,40,41,42,43,44,44,45,46,47,48,49,49,50,51,52,52,54,55,57,58,59,60,61,61,62,63,64,64,66,67,68,68,70,71,72,73,73,74,75,76,77,77,78,79,80,80,81,82,83,84,85,85,86,87,87,89,90,91,91,93,94,95,97,98,100,101,101,102,103,104,105],"msg_id":34,"type":"read_ok"}}
2023/05/29 22:55:10 Received {c11 n2 {"type":"read","msg_id":35}}
2023/05/29 22:55:10 Sent {"src":"n2","dest":"c11","body":{"in_reply_to":35,"messages":[0,1,1,3,4,5,5,6,7,7,8,9,10,11,11,12,13,14,15,16,16,18,19,20,20,22,23,23,25,26,29,30,32,33,34,34,36,37,38,39,39,40,41,42,43,44,44,45,46,47,48,49,49,50,51,52,52,54,55,57,58,59,60,61,61,62,63,64,64,66,67,68,68,70,71,72,73,73,74,75,76,77,77,78,79,80,80,81,82,83,84,85,85,86,87,87,89,90,91,91,93,94,95,97,98,100,101,101,102,103,104,105],"msg_id":35,"type":"read_ok"}}
