2023/05/29 22:54:40 Received {c0 n3 {"type":"init","node_id":"n3","node_ids":["n0","n1","n2","n3","n4"],"msg_id":1}}
2023/05/29 22:54:40 Node n3 initialized
2023/05/29 22:54:40 Sent {"src":"n3","dest":"c0","body":{"in_reply_to":1,"type":"init_ok"}}
2023/05/29 22:54:40 Received {c8 n3 {"type":"topology","topology":{"n0":["n3","n1"],"n1":["n4","n2","n0"],"n2":["n1"],"n3":["n0","n4"],"n4":["n1","n3"]},"msg_id":1}}
2023/05/29 22:54:40 Sent {"src":"n3","dest":"c8","body":{"in_reply_to":1,"type":"topology_ok"}}
2023/05/29 22:54:40 Received {c12 n3 {"type":"broadcast","message":2,"msg_id":1}}
2023/05/29 22:54:40 Sent {"src":"n3","dest":"n0","body":{"counter":1,"message":2,"msg_id":1,"sender":"n3","type":"gossip"}}
2023/05/29 22:54:40 Sent {"src":"n3","dest":"n4","body":{"counter":1,"message":2,"msg_id":2,"sender":"n3","type":"gossip"}}
2023/05/29 22:54:40 Sent {"src":"n3","dest":"c12","body":{"in_reply_to":1,"type":"broadcast_ok"}}
2023/05/29 22:54:40 Received {c12 n3 {"type":"read","msg_id":2}}
2023/05/29 22:54:40 Sent {"src":"n3","dest":"c12","body":{"in_reply_to":2,"messages":[2],"msg_id":2,"type":"read_ok"}}
2023/05/29 22:54:41 Received {c12 n3 {"type":"read","msg_id":3}}
2023/05/29 22:54:41 Sent {"src":"n3","dest":"c12","body":{"in_reply_to":3,"messages":[2],"msg_id":3,"type":"read_ok"}}
2023/05/29 22:54:42 Received {c12 n3 {"type":"read","msg_id":4}}
2023/05/29 22:54:42 Sent {"src":"n3","dest":"c12","body":{"in_reply_to":4,"messages":[2],"msg_id":4,"type":"read_ok"}}
2023/05/29 22:54:43 Received {c12 n3 {"type":"read","msg_id":5}}
2023/05/29 22:54:43 Sent {"src":"n3","dest":"c12","body":{"in_reply_to":5,"messages":[2],"msg_id":5,"type":"read_ok"}}
2023/05/29 22:54:43 Received {c12 n3 {"type":"broadcast","message":17,"msg_id":6}}
2023/05/29 22:54:43 Sent {"src":"n3","dest":"n0","body":{"counter":2,"message":17,"msg_id":3,"sender":"n3","type":"gossip"}}
2023/05/29 22:54:43 Sent {"src":"n3","dest":"n4","body":{"counter":2,"message":17,"msg_id":4,"sender":"n3","type":"gossip"}}
2023/05/29 22:54:43 Sent {"src":"n3","dest":"c12","body":{"in_reply_to":6,"type":"broadcast_ok"}}
2023/05/29 22:54:44 Received {c12 n3 {"type":"broadcast","message":21,"msg_id":7}}
2023/05/29 22:54:44 Sent {"src":"n3","dest":"n0","body":{"counter":3,"message":21,"msg_id":5,"sender":"n3","type":"gossip"}}
2023/05/29 22:54:44 Sent {"src":"n3","dest":"n4","body":{"counter":3,"message":21,"msg_id":6,"sender":"n3","type":"gossip"}}
2023/05/29 22:54:44 Sent {"src":"n3","dest":"c12","body":{"in_reply_to":7,"type":"broadcast_ok"}}
2023/05/29 22:54:44 Received {c12 n3 {"type":"broadcast","message":24,"msg_id":8}}
2023/05/29 22:54:44 Sent {"src":"n3","dest":"n0","body":{"counter":4,"message":24,"msg_id":7,"sender":"n3","type":"gossip"}}
2023/05/29 22:54:44 Sent {"src":"n3","dest":"n4","body":{"counter":4,"message":24,"msg_id":8,"sender":"n3","type":"gossip"}}
2023/05/29 22:54:44 Sent {"src":"n3","dest":"c12","body":{"in_reply_to":8,"type":"broadcast_ok"}}
2023/05/29 22:54:45 Received {c12 n3 {"type":"broadcast","message":27,"msg_id":9}}
2023/05/29 22:54:45 Sent {"src":"n3","dest":"n0","body":{"counter":5,"message":27,"msg_id":9,"sender":"n3","type":"gossip"}}
2023/05/29 22:54:45 Sent {"src":"n3","dest":"n4","body":{"counter":5,"message":27,"msg_id":10,"sender":"n3","type":"gossip"}}
2023/05/29 22:54:45 Sent {"src":"n3","dest":"c12","body":{"in_reply_to":9,"type":"broadcast_ok"}}
2023/05/29 22:54:46 Received {c12 n3 {"type":"broadcast","message":28,"msg_id":10}}
2023/05/29 22:54:46 Sent {"src":"n3","dest":"n0","body":{"counter":6,"message":28,"msg_id":11,"sender":"n3","type":"gossip"}}
2023/05/29 22:54:46 Sent {"src":"n3","dest":"n4","body":{"counter":6,"message":28,"msg_id":12,"sender":"n3","type":"gossip"}}
2023/05/29 22:54:46 Sent {"src":"n3","dest":"c12","body":{"in_reply_to":10,"type":"broadcast_ok"}}
2023/05/29 22:54:46 Received {c12 n3 {"type":"broadcast","message":31,"msg_id":11}}
2023/05/29 22:54:46 Sent {"src":"n3","dest":"n0","body":{"counter":7,"message":31,"msg_id":13,"sender":"n3","type":"gossip"}}
2023/05/29 22:54:46 Sent {"src":"n3","dest":"n4","body":{"counter":7,"message":31,"msg_id":14,"sender":"n3","type":"gossip"}}
2023/05/29 22:54:46 Sent {"src":"n3","dest":"c12","body":{"in_reply_to":11,"type":"broadcast_ok"}}
2023/05/29 22:54:47 Received {c12 n3 {"type":"broadcast","message":35,"msg_id":12}}
2023/05/29 22:54:47 Sent {"src":"n3","dest":"n0","body":{"counter":8,"message":35,"msg_id":15,"sender":"n3","type":"gossip"}}
2023/05/29 22:54:47 Sent {"src":"n3","dest":"n4","body":{"counter":8,"message":35,"msg_id":16,"sender":"n3","type":"gossip"}}
2023/05/29 22:54:47 Sent {"src":"n3","dest":"c12","body":{"in_reply_to":12,"type":"broadcast_ok"}}
2023/05/29 22:54:47 Received {c12 n3 {"type":"read","msg_id":13}}
2023/05/29 22:54:47 Sent {"src":"n3","dest":"c12","body":{"in_reply_to":13,"messages":[2,17,21,24,27,28,31,35],"msg_id":13,"type":"read_ok"}}
2023/05/29 22:54:48 Received {c12 n3 {"type":"read","msg_id":14}}
2023/05/29 22:54:48 Sent {"src":"n3","dest":"c12","body":{"in_reply_to":14,"messages":[2,17,21,24,27,28,31,35],"msg_id":14,"type":"read_ok"}}
2023/05/29 22:54:49 Received {c12 n3 {"type":"read","msg_id":15}}
2023/05/29 22:54:49 Sent {"src":"n3","dest":"c12","body":{"in_reply_to":15,"messages":[2,17,21,24,27,28,31,35],"msg_id":15,"type":"read_ok"}}
2023/05/29 22:54:49 Received {c12 n3 {"type":"read","msg_id":16}}
2023/05/29 22:54:49 Sent {"src":"n3","dest":"c12","body":{"in_reply_to":16,"messages":[2,17,21,24,27,28,31,35],"msg_id":16,"type":"read_ok"}}
2023/05/29 22:54:50 Received {c12 n3 {"type":"read","msg_id":17}}
2023/05/29 22:54:50 Sent {"src":"n3","dest":"c12","body":{"in_reply_to":17,"messages":[2,17,21,24,27,28,31,35],"msg_id":17,"type":"read_ok"}}
2023/05/29 22:54:50 Received {c12 n3 {"type":"broadcast","message":53,"msg_id":18}}
2023/05/29 22:54:50 Sent {"src":"n3","dest":"n0","body":{"counter":9,"message":53,"msg_id":17,"sender":"n3","type":"gossip"}}
2023/05/29 22:54:50 Sent {"src":"n3","dest":"n4","body":{"counter":9,"message":53,"msg_id":18,"sender":"n3","type":"gossip"}}
2023/05/29 22:54:50 Sent {"src":"n3","dest":"c12","body":{"in_reply_to":18,"type":"broadcast_ok"}}
2023/05/29 22:54:51 Received {c12 n3 {"type":"broadcast","message":56,"msg_id":19}}
2023/05/29 22:54:51 Sent {"src":"n3","dest":"n0","body":{"counter":10,"message":56,"msg_id":19,"sender":"n3","type":"gossip"}}
2023/05/29 22:54:51 Sent {"src":"n3","dest":"n4","body":{"counter":10,"message":56,"msg_id":20,"sender":"n3","type":"gossip"}}
2023/05/29 22:54:51 Sent {"src":"n3","dest":"c12","body":{"in_reply_to":19,"type":"broadcast_ok"}}
2023/05/29 22:54:51 Received {c12 n3 {"type":"read","msg_id":20}}
2023/05/29 22:54:51 Sent {"src":"n3","dest":"c12","body":{"in_reply_to":20,"messages":[2,17,21,24,27,28,31,35,53,56],"msg_id":20,"type":"read_ok"}}
2023/05/29 22:54:52 Received {c12 n3 {"type":"read","msg_id":21}}
2023/05/29 22:54:52 Sent {"src":"n3","dest":"c12","body":{"in_reply_to":21,"messages":[2,17,21,24,27,28,31,35,53,56],"msg_id":21,"type":"read_ok"}}
2023/05/29 22:54:53 Received {c12 n3 {"type":"broadcast","message":65,"msg_id":22}}
2023/05/29 22:54:53 Sent {"src":"n3","dest":"n0","body":{"counter":11,"message":65,"msg_id":21,"sender":"n3","type":"gossip"}}
2023/05/29 22:54:53 Sent {"src":"n3","dest":"n4","body":{"counter":11,"message":65,"msg_id":22,"sender":"n3","type":"gossip"}}
2023/05/29 22:54:53 Sent {"src":"n3","dest":"c12","body":{"in_reply_to":22,"type":"broadcast_ok"}}
2023/05/29 22:54:53 Received {c12 n3 {"type":"broadcast","message":69,"msg_id":23}}
2023/05/29 22:54:53 Sent {"src":"n3","dest":"n0","body":{"counter":12,"message":69,"msg_id":23,"sender":"n3","type":"gossip"}}
2023/05/29 22:54:53 Sent {"src":"n3","dest":"n4","body":{"counter":12,"message":69,"msg_id":24,"sender":"n3","type":"gossip"}}
2023/05/29 22:54:53 Sent {"src":"n3","dest":"c12","body":{"in_reply_to":23,"type":"broadcast_ok"}}
2023/05/29 22:54:54 Received {c12 n3 {"type":"read","msg_id":24}}
2023/05/29 22:54:54 Sent {"src":"n3","dest":"c12","body":{"in_reply_to":24,"messages":[2,17,21,24,27,28,31,35,53,56,65,69],"msg_id":24,"type":"read_ok"}}
2023/05/29 22:54:55 Received {c12 n3 {"type":"read","msg_id":25}}
2023/05/29 22:54:55 Sent {"src":"n3","dest":"c12","body":{"in_reply_to":25,"messages":[2,17,21,24,27,28,31,35,53,56,65,69],"msg_id":25,"type":"read_ok"}}
2023/05/29 22:54:55 Received {c12 n3 {"type":"read","msg_id":26}}
2023/05/29 22:54:55 Sent {"src":"n3","dest":"c12","body":{"in_reply_to":26,"messages":[2,17,21,24,27,28,31,35,53,56,65,69],"msg_id":26,"type":"read_ok"}}
2023/05/29 22:54:56 Received {c12 n3 {"type":"read","msg_id":27}}
2023/05/29 22:54:56 Sent {"src":"n3","dest":"c12","body":{"in_reply_to":27,"messages":[2,17,21,24,27,28,31,35,53,56,65,69],"msg_id":27,"type":"read_ok"}}
2023/05/29 22:54:56 Received {c12 n3 {"type":"read","msg_id":28}}
2023/05/29 22:54:56 Sent {"src":"n3","dest":"c12","body":{"in_reply_to":28,"messages":[2,17,21,24,27,28,31,35,53,56,65,69],"msg_id":28,"type":"read_ok"}}
2023/05/29 22:54:57 Received {c12 n3 {"type":"broadcast","message":88,"msg_id":29}}
2023/05/29 22:54:57 Sent {"src":"n3","dest":"n0","body":{"counter":13,"message":88,"msg_id":25,"sender":"n3","type":"gossip"}}
2023/05/29 22:54:57 Sent {"src":"n3","dest":"n4","body":{"counter":13,"message":88,"msg_id":26,"sender":"n3","type":"gossip"}}
2023/05/29 22:54:57 Sent {"src":"n3","dest":"c12","body":{"in_reply_to":29,"type":"broadcast_ok"}}
2023/05/29 22:54:58 Received {c12 n3 {"type":"broadcast","message":92,"msg_id":30}}
2023/05/29 22:54:58 Sent {"src":"n3","dest":"n0","body":{"counter":14,"message":92,"msg_id":27,"sender":"n3","type":"gossip"}}
2023/05/29 22:54:58 Sent {"src":"n3","dest":"n4","body":{"counter":14,"message":92,"msg_id":28,"sender":"n3","type":"gossip"}}
2023/05/29 22:54:58 Sent {"src":"n3","dest":"c12","body":{"in_reply_to":30,"type":"broadcast_ok"}}
2023/05/29 22:54:58 Received {c12 n3 {"type":"broadcast","message":96,"msg_id":31}}
2023/05/29 22:54:58 Sent {"src":"n3","dest":"n0","body":{"counter":15,"message":96,"msg_id":29,"sender":"n3","type":"gossip"}}
2023/05/29 22:54:58 Sent {"src":"n3","dest":"n4","body":{"counter":15,"message":96,"msg_id":30,"sender":"n3","type":"gossip"}}
2023/05/29 22:54:58 Sent {"src":"n3","dest":"c12","body":{"in_reply_to":31,"type":"broadcast_ok"}}
2023/05/29 22:54:59 Received {c12 n3 {"type":"broadcast","message":99,"msg_id":32}}
2023/05/29 22:54:59 Sent {"src":"n3","dest":"n0","body":{"counter":16,"message":99,"msg_id":31,"sender":"n3","type":"gossip"}}
2023/05/29 22:54:59 Sent {"src":"n3","dest":"n4","body":{"counter":16,"message":99,"msg_id":32,"sender":"n3","type":"gossip"}}
2023/05/29 22:54:59 Sent {"src":"n3","dest":"c12","body":{"in_reply_to":32,"type":"broadcast_ok"}}
2023/05/29 22:54:59 Received {n4 n3 {"counter":17,"message":102,"msg_id":206,"sender":"n4","type":"gossip"}}
2023/05/29 22:54:59 Sent {"src":"n3","dest":"n0","body":{"counter":17,"message":102,"msg_id":33,"sender":"n4","type":"gossip"}}
2023/05/29 22:54:59 Sent {"src":"n3","dest":"n4","body":{"counter":17,"message":102,"msg_id":34,"sender":"n4","type":"gossip"}}
2023/05/29 22:54:59 Received {n4 n3 {"counter":17,"message":102,"msg_id":208,"sender":"n4","type":"gossip"}}
2023/05/29 22:54:59 Received {n0 n3 {"counter":17,"message":102,"msg_id":233,"sender":"n4","type":"gossip"}}
2023/05/29 22:54:59 Received {n0 n3 {"counter":31,"message":103,"msg_id":235,"sender":"n0","type":"gossip"}}
2023/05/29 22:54:59 Sent {"src":"n3","dest":"n0","body":{"counter":31,"message":103,"msg_id":35,"sender":"n0","type":"gossip"}}
2023/05/29 22:54:59 Sent {"src":"n3","dest":"n4","body":{"counter":31,"message":103,"msg_id":36,"sender":"n0","type":"gossip"}}
2023/05/29 22:54:59 Received {n4 n3 {"counter":31,"message":103,"msg_id":210,"sender":"n0","type":"gossip"}}
2023/05/29 22:54:59 Received {n0 n3 {"counter":31,"message":103,"msg_id":237,"sender":"n0","type":"gossip"}}
2023/05/29 22:54:59 Received {n0 n3 {"counter":32,"message":104,"msg_id":239,"sender":"n0","type":"gossip"}}
2023/05/29 22:54:59 Sent {"src":"n3","dest":"n0","body":{"counter":32,"message":104,"msg_id":37,"sender":"n0","type":"gossip"}}
2023/05/29 22:54:59 Sent {"src":"n3","dest":"n4","body":{"counter":32,"message":104,"msg_id":38,"sender":"n0","type":"gossip"}}
2023/05/29 22:54:59 Received {n0 n3 {"counter":32,"message":104,"msg_id":241,"sender":"n0","type":"gossip"}}
2023/05/29 22:54:59 Received {n4 n3 {"counter":32,"message":104,"msg_id":212,"sender":"n0","type":"gossip"}}
2023/05/29 22:55:00 Received {n0 n3 {"counter":19,"message":105,"msg_id":243,"sender":"n1","type":"gossip"}}
2023/05/29 22:55:00 Received {n4 n3 {"counter":19,"message":105,"msg_id":214,"sender":"n1","type":"gossip"}}
2023/05/29 22:55:00 Sent {"src":"n3","dest":"n0","body":{"counter":19,"message":105,"msg_id":39,"sender":"n1","type":"gossip"}}
2023/05/29 22:55:00 Sent {"src":"n3","dest":"n4","body":{"counter":19,"message":105,"msg_id":40,"sender":"n1","type":"gossip"}}
2023/05/29 22:55:10 Received {c12 n3 {"type":"read","msg_id":33}}
2023/05/29 22:55:10 Sent {"src":"n3","dest":"c12","body":{"in_reply_to":33,"messages":[2,17,21,24,27,28,31,35,53,56,65,69,88,92,96,99,102,103,104,105],"msg_id":33,"type":"read_ok"}}
