2023/05/29 23:53:24 Received {c3 n3 {"type":"init","node_id":"n3","node_ids":["n0","n1","n2","n3","n4"],"msg_id":1}}
2023/05/29 23:53:24 Node n3 initialized
2023/05/29 23:53:24 Sent {"src":"n3","dest":"c3","body":{"in_reply_to":1,"type":"init_ok"}}
2023/05/29 23:53:24 Received {c8 n3 {"type":"topology","topology":{"n0":["n3","n1"],"n1":["n4","n2","n0"],"n2":["n1"],"n3":["n0","n4"],"n4":["n1","n3"]},"msg_id":1}}
2023/05/29 23:53:24 Sent {"src":"n3","dest":"c8","body":{"in_reply_to":1,"type":"topology_ok"}}
2023/05/29 23:53:24 Received {c12 n3 {"type":"read","msg_id":1}}
2023/05/29 23:53:24 Sent {"src":"n3","dest":"c12","body":{"in_reply_to":1,"messages":[],"msg_id":1,"type":"read_ok"}}
2023/05/29 23:53:24 Received {c12 n3 {"type":"broadcast","message":3,"msg_id":2}}
2023/05/29 23:53:24 Sent {"src":"n3","dest":"n0","body":{"counter":1,"message":3,"msg_id":1,"sender":"n3","type":"gossip"}}
2023/05/29 23:53:24 Sent {"src":"n3","dest":"n4","body":{"counter":1,"message":3,"msg_id":2,"sender":"n3","type":"gossip"}}
2023/05/29 23:53:24 Sent {"src":"n3","dest":"c12","body":{"in_reply_to":2,"type":"broadcast_ok"}}
2023/05/29 23:53:25 Received {c12 n3 {"type":"broadcast","message":5,"msg_id":3}}
2023/05/29 23:53:25 Sent {"src":"n3","dest":"n0","body":{"counter":2,"message":5,"msg_id":3,"sender":"n3","type":"gossip"}}
2023/05/29 23:53:25 Sent {"src":"n3","dest":"n4","body":{"counter":2,"message":5,"msg_id":4,"sender":"n3","type":"gossip"}}
2023/05/29 23:53:25 Sent {"src":"n3","dest":"c12","body":{"in_reply_to":3,"type":"broadcast_ok"}}
2023/05/29 23:53:26 Received {c12 n3 {"type":"broadcast","message":10,"msg_id":4}}
2023/05/29 23:53:26 Sent {"src":"n3","dest":"n0","body":{"counter":3,"message":10,"msg_id":5,"sender":"n3","type":"gossip"}}
2023/05/29 23:53:26 Sent {"src":"n3","dest":"n4","body":{"counter":3,"message":10,"msg_id":6,"sender":"n3","type":"gossip"}}
2023/05/29 23:53:26 Sent {"src":"n3","dest":"c12","body":{"in_reply_to":4,"type":"broadcast_ok"}}
2023/05/29 23:53:26 Received {c12 n3 {"type":"read","msg_id":5}}
2023/05/29 23:53:26 Sent {"src":"n3","dest":"c12","body":{"in_reply_to":5,"messages":[3,5,10],"msg_id":5,"type":"read_ok"}}
2023/05/29 23:53:27 Received {c12 n3 {"type":"broadcast","message":15,"msg_id":6}}
2023/05/29 23:53:27 Sent {"src":"n3","dest":"n0","body":{"counter":4,"message":15,"msg_id":7,"sender":"n3","type":"gossip"}}
2023/05/29 23:53:27 Sent {"src":"n3","dest":"n4","body":{"counter":4,"message":15,"msg_id":8,"sender":"n3","type":"gossip"}}
2023/05/29 23:53:27 Sent {"src":"n3","dest":"c12","body":{"in_reply_to":6,"type":"broadcast_ok"}}
2023/05/29 23:53:27 Received {c12 n3 {"type":"read","msg_id":7}}
2023/05/29 23:53:27 Sent {"src":"n3","dest":"c12","body":{"in_reply_to":7,"messages":[3,5,10,15],"msg_id":7,"type":"read_ok"}}
2023/05/29 23:53:28 Received {c12 n3 {"type":"broadcast","message":20,"msg_id":8}}
2023/05/29 23:53:28 Sent {"src":"n3","dest":"n0","body":{"counter":5,"message":20,"msg_id":9,"sender":"n3","type":"gossip"}}
2023/05/29 23:53:28 Sent {"src":"n3","dest":"n4","body":{"counter":5,"message":20,"msg_id":10,"sender":"n3","type":"gossip"}}
2023/05/29 23:53:28 Sent {"src":"n3","dest":"c12","body":{"in_reply_to":8,"type":"broadcast_ok"}}
2023/05/29 23:53:29 Received {c12 n3 {"type":"read","msg_id":9}}
2023/05/29 23:53:29 Sent {"src":"n3","dest":"c12","body":{"in_reply_to":9,"messages":[3,5,10,15,20],"msg_id":9,"type":"read_ok"}}
2023/05/29 23:53:29 Received {c12 n3 {"type":"read","msg_id":10}}
2023/05/29 23:53:29 Sent {"src":"n3","dest":"c12","body":{"in_reply_to":10,"messages":[3,5,10,15,20],"msg_id":10,"type":"read_ok"}}
2023/05/29 23:53:30 Received {c12 n3 {"type":"read","msg_id":11}}
2023/05/29 23:53:30 Sent {"src":"n3","dest":"c12","body":{"in_reply_to":11,"messages":[3,5,10,15,20],"msg_id":11,"type":"read_ok"}}
2023/05/29 23:53:31 Received {c12 n3 {"type":"broadcast","message":36,"msg_id":12}}
2023/05/29 23:53:31 Sent {"src":"n3","dest":"n0","body":{"counter":6,"message":36,"msg_id":11,"sender":"n3","type":"gossip"}}
2023/05/29 23:53:31 Sent {"src":"n3","dest":"n4","body":{"counter":6,"message":36,"msg_id":12,"sender":"n3","type":"gossip"}}
2023/05/29 23:53:31 Sent {"src":"n3","dest":"c12","body":{"in_reply_to":12,"type":"broadcast_ok"}}
2023/05/29 23:53:31 Received {c12 n3 {"type":"read","msg_id":13}}
2023/05/29 23:53:31 Sent {"src":"n3","dest":"c12","body":{"in_reply_to":13,"messages":[3,5,10,15,20,36],"msg_id":13,"type":"read_ok"}}
2023/05/29 23:53:32 Received {c12 n3 {"type":"read","msg_id":14}}
2023/05/29 23:53:32 Sent {"src":"n3","dest":"c12","body":{"in_reply_to":14,"messages":[3,5,10,15,20,36],"msg_id":14,"type":"read_ok"}}
2023/05/29 23:53:33 Received {c12 n3 {"type":"read","msg_id":15}}
2023/05/29 23:53:33 Sent {"src":"n3","dest":"c12","body":{"in_reply_to":15,"messages":[3,5,10,15,20,36],"msg_id":15,"type":"read_ok"}}
2023/05/29 23:53:34 Received {c12 n3 {"type":"read","msg_id":16}}
2023/05/29 23:53:34 Sent {"src":"n3","dest":"c12","body":{"in_reply_to":16,"messages":[3,5,10,15,20,36],"msg_id":16,"type":"read_ok"}}
2023/05/29 23:53:34 Received {c12 n3 {"type":"read","msg_id":17}}
2023/05/29 23:53:34 Sent {"src":"n3","dest":"c12","body":{"in_reply_to":17,"messages":[3,5,10,15,20,36],"msg_id":17,"type":"read_ok"}}
2023/05/29 23:53:35 Received {c12 n3 {"type":"read","msg_id":18}}
2023/05/29 23:53:35 Sent {"src":"n3","dest":"c12","body":{"in_reply_to":18,"messages":[3,5,10,15,20,36],"msg_id":18,"type":"read_ok"}}
2023/05/29 23:53:35 Received {c12 n3 {"type":"read","msg_id":19}}
2023/05/29 23:53:35 Sent {"src":"n3","dest":"c12","body":{"in_reply_to":19,"messages":[3,5,10,15,20,36],"msg_id":19,"type":"read_ok"}}
2023/05/29 23:53:36 Received {c12 n3 {"type":"broadcast","message":57,"msg_id":20}}
2023/05/29 23:53:36 Sent {"src":"n3","dest":"n0","body":{"counter":7,"message":57,"msg_id":13,"sender":"n3","type":"gossip"}}
2023/05/29 23:53:36 Sent {"src":"n3","dest":"n4","body":{"counter":7,"message":57,"msg_id":14,"sender":"n3","type":"gossip"}}
2023/05/29 23:53:36 Sent {"src":"n3","dest":"c12","body":{"in_reply_to":20,"type":"broadcast_ok"}}
2023/05/29 23:53:37 Received {c12 n3 {"type":"broadcast","message":61,"msg_id":21}}
2023/05/29 23:53:37 Sent {"src":"n3","dest":"n0","body":{"counter":8,"message":61,"msg_id":15,"sender":"n3","type":"gossip"}}
2023/05/29 23:53:37 Sent {"src":"n3","dest":"n4","body":{"counter":8,"message":61,"msg_id":16,"sender":"n3","type":"gossip"}}
2023/05/29 23:53:37 Sent {"src":"n3","dest":"c12","body":{"in_reply_to":21,"type":"broadcast_ok"}}
2023/05/29 23:53:37 Received {c12 n3 {"type":"read","msg_id":22}}
2023/05/29 23:53:37 Sent {"src":"n3","dest":"c12","body":{"in_reply_to":22,"messages":[3,5,10,15,20,36,57,61],"msg_id":22,"type":"read_ok"}}
2023/05/29 23:53:38 Received {c12 n3 {"type":"broadcast","message":67,"msg_id":23}}
2023/05/29 23:53:38 Sent {"src":"n3","dest":"n0","body":{"counter":9,"message":67,"msg_id":17,"sender":"n3","type":"gossip"}}
2023/05/29 23:53:38 Sent {"src":"n3","dest":"n4","body":{"counter":9,"message":67,"msg_id":18,"sender":"n3","type":"gossip"}}
2023/05/29 23:53:38 Sent {"src":"n3","dest":"c12","body":{"in_reply_to":23,"type":"broadcast_ok"}}
2023/05/29 23:53:38 Received {c12 n3 {"type":"read","msg_id":24}}
2023/05/29 23:53:38 Sent {"src":"n3","dest":"c12","body":{"in_reply_to":24,"messages":[3,5,10,15,20,36,57,61,67],"msg_id":24,"type":"read_ok"}}
2023/05/29 23:53:39 Received {c12 n3 {"type":"broadcast","message":73,"msg_id":25}}
2023/05/29 23:53:39 Sent {"src":"n3","dest":"n0","body":{"counter":10,"message":73,"msg_id":19,"sender":"n3","type":"gossip"}}
2023/05/29 23:53:39 Sent {"src":"n3","dest":"n4","body":{"counter":10,"message":73,"msg_id":20,"sender":"n3","type":"gossip"}}
2023/05/29 23:53:39 Sent {"src":"n3","dest":"c12","body":{"in_reply_to":25,"type":"broadcast_ok"}}
2023/05/29 23:53:39 Received {c12 n3 {"type":"broadcast","message":75,"msg_id":26}}
2023/05/29 23:53:39 Sent {"src":"n3","dest":"n0","body":{"counter":11,"message":75,"msg_id":21,"sender":"n3","type":"gossip"}}
2023/05/29 23:53:39 Sent {"src":"n3","dest":"n4","body":{"counter":11,"message":75,"msg_id":22,"sender":"n3","type":"gossip"}}
2023/05/29 23:53:39 Sent {"src":"n3","dest":"c12","body":{"in_reply_to":26,"type":"broadcast_ok"}}
2023/05/29 23:53:40 Received {c12 n3 {"type":"broadcast","message":78,"msg_id":27}}
2023/05/29 23:53:40 Sent {"src":"n3","dest":"n0","body":{"counter":12,"message":78,"msg_id":23,"sender":"n3","type":"gossip"}}
2023/05/29 23:53:40 Sent {"src":"n3","dest":"n4","body":{"counter":12,"message":78,"msg_id":24,"sender":"n3","type":"gossip"}}
2023/05/29 23:53:40 Sent {"src":"n3","dest":"c12","body":{"in_reply_to":27,"type":"broadcast_ok"}}
2023/05/29 23:53:40 Received {n0 n3 {"counter":12,"message":78,"msg_id":187,"sender":"n3","type":"gossip"}}
2023/05/29 23:53:40 Received {n4 n3 {"counter":12,"message":78,"msg_id":166,"sender":"n3","type":"gossip"}}
2023/05/29 23:53:40 Received {n0 n3 {"in_reply_to":23,"type":"gossip_ok"}}
2023/05/29 23:53:40 Received {n4 n3 {"in_reply_to":24,"type":"gossip_ok"}}
2023/05/29 23:53:40 Sent {"src":"n3","dest":"n0","body":{"counter":12,"message":78,"msg_id":25,"sender":"n3","type":"gossip"}}
2023/05/29 23:53:40 Sent {"src":"n3","dest":"n4","body":{"counter":12,"message":78,"msg_id":26,"sender":"n3","type":"gossip"}}
2023/05/29 23:53:40 Sent {"src":"n3","dest":"n0","body":{"in_reply_to":187,"type":"gossip_ok"}}
2023/05/29 23:53:40 Sent {"src":"n3","dest":"n4","body":{"in_reply_to":166,"type":"gossip_ok"}}
2023/05/29 23:53:40 Received {n0 n3 {"in_reply_to":25,"type":"gossip_ok"}}
2023/05/29 23:53:40 Received {n4 n3 {"in_reply_to":26,"type":"gossip_ok"}}
2023/05/29 23:53:40 Received {n4 n3 {"counter":16,"message":79,"msg_id":168,"sender":"n4","type":"gossip"}}
2023/05/29 23:53:40 Sent {"src":"n3","dest":"n0","body":{"counter":16,"message":79,"msg_id":27,"sender":"n4","type":"gossip"}}
2023/05/29 23:53:40 Sent {"src":"n3","dest":"n4","body":{"counter":16,"message":79,"msg_id":28,"sender":"n4","type":"gossip"}}
2023/05/29 23:53:40 Sent {"src":"n3","dest":"n4","body":{"in_reply_to":168,"type":"gossip_ok"}}
2023/05/29 23:53:40 Received {n4 n3 {"counter":16,"message":79,"msg_id":170,"sender":"n4","type":"gossip"}}
2023/05/29 23:53:40 Received {n4 n3 {"in_reply_to":28,"type":"gossip_ok"}}
2023/05/29 23:53:40 Sent {"src":"n3","dest":"n4","body":{"in_reply_to":170,"type":"gossip_ok"}}
2023/05/29 23:53:40 Received {n0 n3 {"counter":16,"message":79,"msg_id":189,"sender":"n4","type":"gossip"}}
2023/05/29 23:53:40 Received {n0 n3 {"in_reply_to":27,"type":"gossip_ok"}}
2023/05/29 23:53:40 Sent {"src":"n3","dest":"n0","body":{"in_reply_to":189,"type":"gossip_ok"}}
2023/05/29 23:53:40 Received {n0 n3 {"counter":27,"message":80,"msg_id":191,"sender":"n0","type":"gossip"}}
2023/05/29 23:53:40 Sent {"src":"n3","dest":"n0","body":{"counter":27,"message":80,"msg_id":29,"sender":"n0","type":"gossip"}}
2023/05/29 23:53:40 Sent {"src":"n3","dest":"n4","body":{"counter":27,"message":80,"msg_id":30,"sender":"n0","type":"gossip"}}
2023/05/29 23:53:40 Sent {"src":"n3","dest":"n0","body":{"in_reply_to":191,"type":"gossip_ok"}}
2023/05/29 23:53:40 Received {n0 n3 {"counter":27,"message":80,"msg_id":193,"sender":"n0","type":"gossip"}}
2023/05/29 23:53:40 Received {n0 n3 {"in_reply_to":29,"type":"gossip_ok"}}
2023/05/29 23:53:40 Sent {"src":"n3","dest":"n0","body":{"in_reply_to":193,"type":"gossip_ok"}}
2023/05/29 23:53:40 Received {n4 n3 {"counter":27,"message":80,"msg_id":172,"sender":"n0","type":"gossip"}}
2023/05/29 23:53:40 Received {n4 n3 {"in_reply_to":30,"type":"gossip_ok"}}
2023/05/29 23:53:40 Sent {"src":"n3","dest":"n4","body":{"in_reply_to":172,"type":"gossip_ok"}}
2023/05/29 23:53:40 Received {c12 n3 {"type":"broadcast","message":81,"msg_id":28}}
2023/05/29 23:53:40 Sent {"src":"n3","dest":"n0","body":{"counter":13,"message":81,"msg_id":31,"sender":"n3","type":"gossip"}}
2023/05/29 23:53:40 Sent {"src":"n3","dest":"n4","body":{"counter":13,"message":81,"msg_id":32,"sender":"n3","type":"gossip"}}
2023/05/29 23:53:40 Sent {"src":"n3","dest":"c12","body":{"in_reply_to":28,"type":"broadcast_ok"}}
2023/05/29 23:53:40 Received {n0 n3 {"counter":13,"message":81,"msg_id":195,"sender":"n3","type":"gossip"}}
2023/05/29 23:53:40 Received {n0 n3 {"in_reply_to":31,"type":"gossip_ok"}}
2023/05/29 23:53:40 Received {n4 n3 {"counter":13,"message":81,"msg_id":174,"sender":"n3","type":"gossip"}}
2023/05/29 23:53:40 Received {n4 n3 {"in_reply_to":32,"type":"gossip_ok"}}
2023/05/29 23:53:40 Sent {"src":"n3","dest":"n0","body":{"counter":13,"message":81,"msg_id":33,"sender":"n3","type":"gossip"}}
2023/05/29 23:53:40 Sent {"src":"n3","dest":"n4","body":{"counter":13,"message":81,"msg_id":34,"sender":"n3","type":"gossip"}}
2023/05/29 23:53:40 Sent {"src":"n3","dest":"n0","body":{"in_reply_to":195,"type":"gossip_ok"}}
2023/05/29 23:53:40 Sent {"src":"n3","dest":"n4","body":{"in_reply_to":174,"type":"gossip_ok"}}
2023/05/29 23:53:40 Received {n4 n3 {"in_reply_to":34,"type":"gossip_ok"}}
2023/05/29 23:53:40 Received {n0 n3 {"in_reply_to":33,"type":"gossip_ok"}}
2023/05/29 23:53:41 Received {n0 n3 {"counter":28,"message":82,"msg_id":197,"sender":"n0","type":"gossip"}}
2023/05/29 23:53:41 Sent {"src":"n3","dest":"n0","body":{"counter":28,"message":82,"msg_id":35,"sender":"n0","type":"gossip"}}
2023/05/29 23:53:41 Sent {"src":"n3","dest":"n4","body":{"counter":28,"message":82,"msg_id":36,"sender":"n0","type":"gossip"}}
2023/05/29 23:53:41 Sent {"src":"n3","dest":"n0","body":{"in_reply_to":197,"type":"gossip_ok"}}
2023/05/29 23:53:41 Received {n0 n3 {"counter":28,"message":82,"msg_id":199,"sender":"n0","type":"gossip"}}
2023/05/29 23:53:41 Received {n4 n3 {"counter":28,"message":82,"msg_id":176,"sender":"n0","type":"gossip"}}
2023/05/29 23:53:41 Received {n0 n3 {"in_reply_to":35,"type":"gossip_ok"}}
2023/05/29 23:53:41 Received {n4 n3 {"in_reply_to":36,"type":"gossip_ok"}}
2023/05/29 23:53:41 Sent {"src":"n3","dest":"n0","body":{"in_reply_to":199,"type":"gossip_ok"}}
2023/05/29 23:53:41 Sent {"src":"n3","dest":"n4","body":{"in_reply_to":176,"type":"gossip_ok"}}
2023/05/29 23:53:41 Received {n0 n3 {"counter":13,"message":83,"msg_id":201,"sender":"n1","type":"gossip"}}
2023/05/29 23:53:41 Received {n4 n3 {"counter":13,"message":83,"msg_id":178,"sender":"n1","type":"gossip"}}
2023/05/29 23:53:41 Sent {"src":"n3","dest":"n0","body":{"counter":13,"message":83,"msg_id":37,"sender":"n1","type":"gossip"}}
2023/05/29 23:53:41 Sent {"src":"n3","dest":"n4","body":{"counter":13,"message":83,"msg_id":38,"sender":"n1","type":"gossip"}}
2023/05/29 23:53:41 Sent {"src":"n3","dest":"n0","body":{"in_reply_to":201,"type":"gossip_ok"}}
2023/05/29 23:53:41 Sent {"src":"n3","dest":"n4","body":{"in_reply_to":178,"type":"gossip_ok"}}
2023/05/29 23:53:41 Received {n0 n3 {"in_reply_to":37,"type":"gossip_ok"}}
2023/05/29 23:53:41 Received {n4 n3 {"in_reply_to":38,"type":"gossip_ok"}}
2023/05/29 23:53:41 Received {n4 n3 {"counter":15,"message":84,"msg_id":180,"sender":"n2","type":"gossip"}}
2023/05/29 23:53:41 Sent {"src":"n3","dest":"n0","body":{"counter":15,"message":84,"msg_id":39,"sender":"n2","type":"gossip"}}
2023/05/29 23:53:41 Received {n0 n3 {"counter":15,"message":84,"msg_id":203,"sender":"n2","type":"gossip"}}
2023/05/29 23:53:41 Sent {"src":"n3","dest":"n4","body":{"counter":15,"message":84,"msg_id":40,"sender":"n2","type":"gossip"}}
2023/05/29 23:53:41 Sent {"src":"n3","dest":"n4","body":{"in_reply_to":180,"type":"gossip_ok"}}
2023/05/29 23:53:41 Sent {"src":"n3","dest":"n0","body":{"in_reply_to":203,"type":"gossip_ok"}}
2023/05/29 23:53:41 Received {n0 n3 {"in_reply_to":39,"type":"gossip_ok"}}
2023/05/29 23:53:41 Received {n4 n3 {"in_reply_to":40,"type":"gossip_ok"}}
2023/05/29 23:53:41 Received {c12 n3 {"type":"broadcast","message":85,"msg_id":29}}
2023/05/29 23:53:41 Sent {"src":"n3","dest":"n0","body":{"counter":14,"message":85,"msg_id":41,"sender":"n3","type":"gossip"}}
2023/05/29 23:53:41 Sent {"src":"n3","dest":"n4","body":{"counter":14,"message":85,"msg_id":42,"sender":"n3","type":"gossip"}}
2023/05/29 23:53:41 Sent {"src":"n3","dest":"c12","body":{"in_reply_to":29,"type":"broadcast_ok"}}
2023/05/29 23:53:41 Received {n0 n3 {"counter":14,"message":85,"msg_id":205,"sender":"n3","type":"gossip"}}
2023/05/29 23:53:41 Received {n4 n3 {"counter":14,"message":85,"msg_id":182,"sender":"n3","type":"gossip"}}
2023/05/29 23:53:41 Received {n4 n3 {"in_reply_to":42,"type":"gossip_ok"}}
2023/05/29 23:53:41 Received {n0 n3 {"in_reply_to":41,"type":"gossip_ok"}}
2023/05/29 23:53:41 Sent {"src":"n3","dest":"n0","body":{"counter":14,"message":85,"msg_id":43,"sender":"n3","type":"gossip"}}
2023/05/29 23:53:41 Sent {"src":"n3","dest":"n4","body":{"in_reply_to":182,"type":"gossip_ok"}}
2023/05/29 23:53:41 Sent {"src":"n3","dest":"n4","body":{"counter":14,"message":85,"msg_id":44,"sender":"n3","type":"gossip"}}
2023/05/29 23:53:41 Sent {"src":"n3","dest":"n0","body":{"in_reply_to":205,"type":"gossip_ok"}}
2023/05/29 23:53:41 Received {n0 n3 {"in_reply_to":43,"type":"gossip_ok"}}
2023/05/29 23:53:41 Received {n4 n3 {"in_reply_to":44,"type":"gossip_ok"}}
2023/05/29 23:53:41 Received {n4 n3 {"counter":17,"message":86,"msg_id":184,"sender":"n4","type":"gossip"}}
2023/05/29 23:53:41 Sent {"src":"n3","dest":"n0","body":{"counter":17,"message":86,"msg_id":45,"sender":"n4","type":"gossip"}}
2023/05/29 23:53:41 Sent {"src":"n3","dest":"n4","body":{"counter":17,"message":86,"msg_id":46,"sender":"n4","type":"gossip"}}
2023/05/29 23:53:41 Sent {"src":"n3","dest":"n4","body":{"in_reply_to":184,"type":"gossip_ok"}}
2023/05/29 23:53:41 Received {n4 n3 {"in_reply_to":46,"type":"gossip_ok"}}
2023/05/29 23:53:41 Received {n4 n3 {"counter":17,"message":86,"msg_id":186,"sender":"n4","type":"gossip"}}
2023/05/29 23:53:41 Received {n0 n3 {"counter":17,"message":86,"msg_id":207,"sender":"n4","type":"gossip"}}
2023/05/29 23:53:41 Sent {"src":"n3","dest":"n4","body":{"in_reply_to":186,"type":"gossip_ok"}}
2023/05/29 23:53:41 Received {n0 n3 {"in_reply_to":45,"type":"gossip_ok"}}
2023/05/29 23:53:41 Sent {"src":"n3","dest":"n0","body":{"in_reply_to":207,"type":"gossip_ok"}}
2023/05/29 23:53:41 Received {n0 n3 {"counter":29,"message":87,"msg_id":209,"sender":"n0","type":"gossip"}}
2023/05/29 23:53:41 Sent {"src":"n3","dest":"n0","body":{"counter":29,"message":87,"msg_id":47,"sender":"n0","type":"gossip"}}
2023/05/29 23:53:41 Sent {"src":"n3","dest":"n4","body":{"counter":29,"message":87,"msg_id":48,"sender":"n0","type":"gossip"}}
2023/05/29 23:53:41 Sent {"src":"n3","dest":"n0","body":{"in_reply_to":209,"type":"gossip_ok"}}
2023/05/29 23:53:41 Received {n0 n3 {"counter":29,"message":87,"msg_id":211,"sender":"n0","type":"gossip"}}
2023/05/29 23:53:41 Received {n4 n3 {"in_reply_to":48,"type":"gossip_ok"}}
2023/05/29 23:53:41 Received {n0 n3 {"in_reply_to":47,"type":"gossip_ok"}}
2023/05/29 23:53:41 Sent {"src":"n3","dest":"n0","body":{"in_reply_to":211,"type":"gossip_ok"}}
2023/05/29 23:53:41 Received {n4 n3 {"counter":29,"message":87,"msg_id":188,"sender":"n0","type":"gossip"}}
2023/05/29 23:53:41 Sent {"src":"n3","dest":"n4","body":{"in_reply_to":188,"type":"gossip_ok"}}
2023/05/29 23:53:41 Received {n0 n3 {"counter":30,"message":88,"msg_id":213,"sender":"n0","type":"gossip"}}
2023/05/29 23:53:41 Sent {"src":"n3","dest":"n0","body":{"counter":30,"message":88,"msg_id":49,"sender":"n0","type":"gossip"}}
2023/05/29 23:53:41 Sent {"src":"n3","dest":"n4","body":{"counter":30,"message":88,"msg_id":50,"sender":"n0","type":"gossip"}}
2023/05/29 23:53:41 Sent {"src":"n3","dest":"n0","body":{"in_reply_to":213,"type":"gossip_ok"}}
2023/05/29 23:53:41 Received {n0 n3 {"counter":30,"message":88,"msg_id":215,"sender":"n0","type":"gossip"}}
2023/05/29 23:53:41 Received {n4 n3 {"in_reply_to":50,"type":"gossip_ok"}}
2023/05/29 23:53:41 Received {n0 n3 {"in_reply_to":49,"type":"gossip_ok"}}
2023/05/29 23:53:41 Received {n4 n3 {"counter":30,"message":88,"msg_id":190,"sender":"n0","type":"gossip"}}
2023/05/29 23:53:41 Sent {"src":"n3","dest":"n0","body":{"in_reply_to":215,"type":"gossip_ok"}}
2023/05/29 23:53:41 Sent {"src":"n3","dest":"n4","body":{"in_reply_to":190,"type":"gossip_ok"}}
2023/05/29 23:53:41 Received {n0 n3 {"counter":14,"message":89,"msg_id":217,"sender":"n1","type":"gossip"}}
2023/05/29 23:53:41 Received {n4 n3 {"counter":14,"message":89,"msg_id":192,"sender":"n1","type":"gossip"}}
2023/05/29 23:53:41 Sent {"src":"n3","dest":"n0","body":{"counter":14,"message":89,"msg_id":51,"sender":"n1","type":"gossip"}}
2023/05/29 23:53:41 Sent {"src":"n3","dest":"n4","body":{"counter":14,"message":89,"msg_id":52,"sender":"n1","type":"gossip"}}
2023/05/29 23:53:41 Sent {"src":"n3","dest":"n4","body":{"in_reply_to":192,"type":"gossip_ok"}}
2023/05/29 23:53:41 Sent {"src":"n3","dest":"n0","body":{"in_reply_to":217,"type":"gossip_ok"}}
2023/05/29 23:53:41 Received {n4 n3 {"in_reply_to":52,"type":"gossip_ok"}}
2023/05/29 23:53:41 Received {n0 n3 {"in_reply_to":51,"type":"gossip_ok"}}
2023/05/29 23:53:42 Received {c12 n3 {"type":"broadcast","message":90,"msg_id":30}}
2023/05/29 23:53:42 Sent {"src":"n3","dest":"n0","body":{"counter":15,"message":90,"msg_id":53,"sender":"n3","type":"gossip"}}
2023/05/29 23:53:42 Sent {"src":"n3","dest":"n4","body":{"counter":15,"message":90,"msg_id":54,"sender":"n3","type":"gossip"}}
2023/05/29 23:53:42 Sent {"src":"n3","dest":"c12","body":{"in_reply_to":30,"type":"broadcast_ok"}}
2023/05/29 23:53:42 Received {n0 n3 {"counter":15,"message":90,"msg_id":219,"sender":"n3","type":"gossip"}}
2023/05/29 23:53:42 Sent {"src":"n3","dest":"n0","body":{"counter":15,"message":90,"msg_id":55,"sender":"n3","type":"gossip"}}
2023/05/29 23:53:42 Sent {"src":"n3","dest":"n4","body":{"counter":15,"message":90,"msg_id":56,"sender":"n3","type":"gossip"}}
2023/05/29 23:53:42 Received {n4 n3 {"counter":15,"message":90,"msg_id":194,"sender":"n3","type":"gossip"}}
2023/05/29 23:53:42 Sent {"src":"n3","dest":"n0","body":{"in_reply_to":219,"type":"gossip_ok"}}
2023/05/29 23:53:42 Received {n0 n3 {"in_reply_to":53,"type":"gossip_ok"}}
2023/05/29 23:53:42 Received {n4 n3 {"in_reply_to":54,"type":"gossip_ok"}}
2023/05/29 23:53:42 Sent {"src":"n3","dest":"n4","body":{"in_reply_to":194,"type":"gossip_ok"}}
2023/05/29 23:53:42 Received {n4 n3 {"in_reply_to":56,"type":"gossip_ok"}}
2023/05/29 23:53:42 Received {n0 n3 {"in_reply_to":55,"type":"gossip_ok"}}
2023/05/29 23:53:42 Received {n4 n3 {"counter":15,"message":91,"msg_id":196,"sender":"n1","type":"gossip"}}
2023/05/29 23:53:42 Received {n0 n3 {"counter":15,"message":91,"msg_id":221,"sender":"n1","type":"gossip"}}
2023/05/29 23:53:42 Sent {"src":"n3","dest":"n0","body":{"counter":15,"message":91,"msg_id":57,"sender":"n1","type":"gossip"}}
2023/05/29 23:53:42 Sent {"src":"n3","dest":"n4","body":{"counter":15,"message":91,"msg_id":58,"sender":"n1","type":"gossip"}}
2023/05/29 23:53:42 Sent {"src":"n3","dest":"n4","body":{"in_reply_to":196,"type":"gossip_ok"}}
2023/05/29 23:53:42 Sent {"src":"n3","dest":"n0","body":{"in_reply_to":221,"type":"gossip_ok"}}
2023/05/29 23:53:42 Received {n0 n3 {"in_reply_to":57,"type":"gossip_ok"}}
2023/05/29 23:53:42 Received {n4 n3 {"in_reply_to":58,"type":"gossip_ok"}}
2023/05/29 23:53:42 Received {n4 n3 {"counter":16,"message":92,"msg_id":198,"sender":"n2","type":"gossip"}}
2023/05/29 23:53:42 Sent {"src":"n3","dest":"n0","body":{"counter":16,"message":92,"msg_id":59,"sender":"n2","type":"gossip"}}
2023/05/29 23:53:42 Sent {"src":"n3","dest":"n4","body":{"counter":16,"message":92,"msg_id":60,"sender":"n2","type":"gossip"}}
2023/05/29 23:53:42 Sent {"src":"n3","dest":"n4","body":{"in_reply_to":198,"type":"gossip_ok"}}
2023/05/29 23:53:42 Received {n0 n3 {"counter":16,"message":92,"msg_id":223,"sender":"n2","type":"gossip"}}
2023/05/29 23:53:42 Sent {"src":"n3","dest":"n0","body":{"in_reply_to":223,"type":"gossip_ok"}}
2023/05/29 23:53:42 Received {n0 n3 {"in_reply_to":59,"type":"gossip_ok"}}
2023/05/29 23:53:42 Received {n4 n3 {"in_reply_to":60,"type":"gossip_ok"}}
2023/05/29 23:53:42 Received {c12 n3 {"type":"read","msg_id":31}}
2023/05/29 23:53:42 Sent {"src":"n3","dest":"c12","body":{"in_reply_to":31,"messages":[3,5,10,15,20,36,57,61,67,73,75,78,78,79,80,81,81,82,83,84,85,85,86,87,88,89,90,90,91,92],"msg_id":31,"type":"read_ok"}}
2023/05/29 23:53:42 Received {n0 n3 {"counter":31,"message":93,"msg_id":225,"sender":"n0","type":"gossip"}}
2023/05/29 23:53:42 Sent {"src":"n3","dest":"n0","body":{"counter":31,"message":93,"msg_id":61,"sender":"n0","type":"gossip"}}
2023/05/29 23:53:42 Sent {"src":"n3","dest":"n4","body":{"counter":31,"message":93,"msg_id":62,"sender":"n0","type":"gossip"}}
2023/05/29 23:53:42 Sent {"src":"n3","dest":"n0","body":{"in_reply_to":225,"type":"gossip_ok"}}
2023/05/29 23:53:42 Received {n4 n3 {"counter":31,"message":93,"msg_id":200,"sender":"n0","type":"gossip"}}
2023/05/29 23:53:42 Received {n0 n3 {"counter":31,"message":93,"msg_id":227,"sender":"n0","type":"gossip"}}
2023/05/29 23:53:42 Received {n0 n3 {"in_reply_to":61,"type":"gossip_ok"}}
2023/05/29 23:53:42 Received {n4 n3 {"in_reply_to":62,"type":"gossip_ok"}}
2023/05/29 23:53:42 Sent {"src":"n3","dest":"n4","body":{"in_reply_to":200,"type":"gossip_ok"}}
2023/05/29 23:53:42 Sent {"src":"n3","dest":"n0","body":{"in_reply_to":227,"type":"gossip_ok"}}
2023/05/29 23:53:42 Received {n4 n3 {"counter":17,"message":94,"msg_id":202,"sender":"n2","type":"gossip"}}
2023/05/29 23:53:42 Received {n0 n3 {"counter":17,"message":94,"msg_id":229,"sender":"n2","type":"gossip"}}
2023/05/29 23:53:42 Sent {"src":"n3","dest":"n0","body":{"counter":17,"message":94,"msg_id":63,"sender":"n2","type":"gossip"}}
2023/05/29 23:53:42 Sent {"src":"n3","dest":"n4","body":{"counter":17,"message":94,"msg_id":64,"sender":"n2","type":"gossip"}}
2023/05/29 23:53:42 Sent {"src":"n3","dest":"n0","body":{"in_reply_to":229,"type":"gossip_ok"}}
2023/05/29 23:53:42 Sent {"src":"n3","dest":"n4","body":{"in_reply_to":202,"type":"gossip_ok"}}
2023/05/29 23:53:42 Received {n0 n3 {"in_reply_to":63,"type":"gossip_ok"}}
2023/05/29 23:53:42 Received {n4 n3 {"in_reply_to":64,"type":"gossip_ok"}}
2023/05/29 23:53:43 Received {c12 n3 {"type":"broadcast","message":95,"msg_id":32}}
2023/05/29 23:53:43 Sent {"src":"n3","dest":"n0","body":{"counter":16,"message":95,"msg_id":65,"sender":"n3","type":"gossip"}}
2023/05/29 23:53:43 Sent {"src":"n3","dest":"n4","body":{"counter":16,"message":95,"msg_id":66,"sender":"n3","type":"gossip"}}
2023/05/29 23:53:43 Sent {"src":"n3","dest":"c12","body":{"in_reply_to":32,"type":"broadcast_ok"}}
2023/05/29 23:53:43 Received {n0 n3 {"counter":16,"message":95,"msg_id":231,"sender":"n3","type":"gossip"}}
2023/05/29 23:53:43 Sent {"src":"n3","dest":"n0","body":{"counter":16,"message":95,"msg_id":67,"sender":"n3","type":"gossip"}}
2023/05/29 23:53:43 Sent {"src":"n3","dest":"n4","body":{"counter":16,"message":95,"msg_id":68,"sender":"n3","type":"gossip"}}
2023/05/29 23:53:43 Sent {"src":"n3","dest":"n0","body":{"in_reply_to":231,"type":"gossip_ok"}}
2023/05/29 23:53:43 Received {n0 n3 {"in_reply_to":65,"type":"gossip_ok"}}
2023/05/29 23:53:43 Received {n4 n3 {"counter":16,"message":95,"msg_id":204,"sender":"n3","type":"gossip"}}
2023/05/29 23:53:43 Received {n4 n3 {"in_reply_to":66,"type":"gossip_ok"}}
2023/05/29 23:53:43 Sent {"src":"n3","dest":"n4","body":{"in_reply_to":204,"type":"gossip_ok"}}
2023/05/29 23:53:43 Received {n0 n3 {"in_reply_to":67,"type":"gossip_ok"}}
2023/05/29 23:53:43 Received {n4 n3 {"in_reply_to":68,"type":"gossip_ok"}}
2023/05/29 23:53:43 Received {n4 n3 {"counter":18,"message":96,"msg_id":206,"sender":"n4","type":"gossip"}}
2023/05/29 23:53:43 Sent {"src":"n3","dest":"n0","body":{"counter":18,"message":96,"msg_id":69,"sender":"n4","type":"gossip"}}
2023/05/29 23:53:43 Sent {"src":"n3","dest":"n4","body":{"counter":18,"message":96,"msg_id":70,"sender":"n4","type":"gossip"}}
2023/05/29 23:53:43 Sent {"src":"n3","dest":"n4","body":{"in_reply_to":206,"type":"gossip_ok"}}
2023/05/29 23:53:43 Received {n4 n3 {"counter":18,"message":96,"msg_id":208,"sender":"n4","type":"gossip"}}
2023/05/29 23:53:43 Sent {"src":"n3","dest":"n4","body":{"in_reply_to":208,"type":"gossip_ok"}}
2023/05/29 23:53:43 Received {n4 n3 {"in_reply_to":70,"type":"gossip_ok"}}
2023/05/29 23:53:43 Received {n0 n3 {"counter":18,"message":96,"msg_id":233,"sender":"n4","type":"gossip"}}
2023/05/29 23:53:43 Received {n0 n3 {"in_reply_to":69,"type":"gossip_ok"}}
2023/05/29 23:53:43 Sent {"src":"n3","dest":"n0","body":{"in_reply_to":233,"type":"gossip_ok"}}
2023/05/29 23:53:43 Received {n0 n3 {"counter":32,"message":97,"msg_id":235,"sender":"n0","type":"gossip"}}
2023/05/29 23:53:43 Sent {"src":"n3","dest":"n0","body":{"counter":32,"message":97,"msg_id":71,"sender":"n0","type":"gossip"}}
2023/05/29 23:53:43 Sent {"src":"n3","dest":"n4","body":{"counter":32,"message":97,"msg_id":72,"sender":"n0","type":"gossip"}}
2023/05/29 23:53:43 Sent {"src":"n3","dest":"n0","body":{"in_reply_to":235,"type":"gossip_ok"}}
2023/05/29 23:53:43 Received {n4 n3 {"counter":32,"message":97,"msg_id":210,"sender":"n0","type":"gossip"}}
2023/05/29 23:53:43 Received {n0 n3 {"counter":32,"message":97,"msg_id":237,"sender":"n0","type":"gossip"}}
2023/05/29 23:53:43 Received {n4 n3 {"in_reply_to":72,"type":"gossip_ok"}}
2023/05/29 23:53:43 Received {n0 n3 {"in_reply_to":71,"type":"gossip_ok"}}
2023/05/29 23:53:43 Sent {"src":"n3","dest":"n0","body":{"in_reply_to":237,"type":"gossip_ok"}}
2023/05/29 23:53:43 Sent {"src":"n3","dest":"n4","body":{"in_reply_to":210,"type":"gossip_ok"}}
2023/05/29 23:53:43 Received {n0 n3 {"counter":18,"message":98,"msg_id":239,"sender":"n2","type":"gossip"}}
2023/05/29 23:53:43 Sent {"src":"n3","dest":"n0","body":{"counter":18,"message":98,"msg_id":73,"sender":"n2","type":"gossip"}}
2023/05/29 23:53:43 Received {n4 n3 {"counter":18,"message":98,"msg_id":212,"sender":"n2","type":"gossip"}}
2023/05/29 23:53:43 Sent {"src":"n3","dest":"n4","body":{"counter":18,"message":98,"msg_id":74,"sender":"n2","type":"gossip"}}
2023/05/29 23:53:43 Sent {"src":"n3","dest":"n0","body":{"in_reply_to":239,"type":"gossip_ok"}}
2023/05/29 23:53:43 Sent {"src":"n3","dest":"n4","body":{"in_reply_to":212,"type":"gossip_ok"}}
2023/05/29 23:53:43 Received {n0 n3 {"in_reply_to":73,"type":"gossip_ok"}}
2023/05/29 23:53:43 Received {n4 n3 {"in_reply_to":74,"type":"gossip_ok"}}
2023/05/29 23:53:43 Received {n4 n3 {"counter":19,"message":99,"msg_id":214,"sender":"n4","type":"gossip"}}
2023/05/29 23:53:43 Sent {"src":"n3","dest":"n0","body":{"counter":19,"message":99,"msg_id":75,"sender":"n4","type":"gossip"}}
2023/05/29 23:53:43 Sent {"src":"n3","dest":"n4","body":{"counter":19,"message":99,"msg_id":76,"sender":"n4","type":"gossip"}}
2023/05/29 23:53:43 Sent {"src":"n3","dest":"n4","body":{"in_reply_to":214,"type":"gossip_ok"}}
2023/05/29 23:53:43 Received {n4 n3 {"counter":19,"message":99,"msg_id":216,"sender":"n4","type":"gossip"}}
2023/05/29 23:53:43 Received {n4 n3 {"in_reply_to":76,"type":"gossip_ok"}}
2023/05/29 23:53:43 Sent {"src":"n3","dest":"n4","body":{"in_reply_to":216,"type":"gossip_ok"}}
2023/05/29 23:53:43 Received {n0 n3 {"counter":33,"message":100,"msg_id":243,"sender":"n0","type":"gossip"}}
2023/05/29 23:53:43 Sent {"src":"n3","dest":"n0","body":{"counter":33,"message":100,"msg_id":77,"sender":"n0","type":"gossip"}}
2023/05/29 23:53:43 Sent {"src":"n3","dest":"n4","body":{"counter":33,"message":100,"msg_id":78,"sender":"n0","type":"gossip"}}
2023/05/29 23:53:43 Sent {"src":"n3","dest":"n0","body":{"in_reply_to":243,"type":"gossip_ok"}}
2023/05/29 23:53:43 Received {n0 n3 {"in_reply_to":77,"type":"gossip_ok"}}
2023/05/29 23:53:43 Received {n4 n3 {"counter":33,"message":100,"msg_id":218,"sender":"n0","type":"gossip"}}
2023/05/29 23:53:43 Received {n4 n3 {"in_reply_to":78,"type":"gossip_ok"}}
2023/05/29 23:53:43 Sent {"src":"n3","dest":"n4","body":{"in_reply_to":218,"type":"gossip_ok"}}
2023/05/29 23:53:53 Received {c12 n3 {"type":"read","msg_id":33}}
2023/05/29 23:53:53 Sent {"src":"n3","dest":"c12","body":{"in_reply_to":33,"messages":[3,5,10,15,20,36,57,61,67,73,75,78,78,79,80,81,81,82,83,84,85,85,86,87,88,89,90,90,91,92,93,94,95,95,96,97,98,99,100],"msg_id":33,"type":"read_ok"}}
