2023-05-29 22:59:38,340{GMT}	INFO	[jepsen test runner] jepsen.core: Command line:
lein run test -w broadcast --bin /Users/adicardrz/go/bin/maelstrom-broadcast --node-count 5 --time-limit 20 --rate 10 --nemesis partition
2023-05-29 22:59:38,429{GMT}	INFO	[jepsen test runner] jepsen.core: Running test:
{:args []
 :remote
 #jepsen.control.retry.Remote{:remote #jepsen.control.scp.Remote{:cmd-remote #jepsen.control.sshj.SSHJRemote{:concurrency-limit 6,
                                                                                                             :conn-spec nil,
                                                                                                             :client nil,
                                                                                                             :semaphore nil},
                                                                 :conn-spec nil},
                              :conn nil}
 :log-net-send false
 :node-count 5
 :availability nil
 :max-txn-length 4
 :concurrency 5
 :db
 #object[maelstrom.db$db$reify__16142
         "0x60035f1e"
         "maelstrom.db$db$reify__16142@60035f1e"]
 :max-writes-per-key 16
 :leave-db-running? false
 :name "broadcast"
 :logging-json? false
 :start-time
 #object[org.joda.time.DateTime "0x2459715c" "2023-05-29T22:59:38.299+02:00"]
 :nemesis-interval 10
 :net
 #object[maelstrom.net$jepsen_net$reify__15251
         "0x401e36ab"
         "maelstrom.net$jepsen_net$reify__15251@401e36ab"]
 :client
 #object[maelstrom.workload.broadcast$client$reify__16644
         "0x4ce66169"
         "maelstrom.workload.broadcast$client$reify__16644@4ce66169"]
 :barrier
 #object[java.util.concurrent.CyclicBarrier
         "0x53d0cf4d"
         "java.util.concurrent.CyclicBarrier@53d0cf4d"]
 :log-stderr false
 :pure-generators true
 :ssh {:dummy? true}
 :rate 10.0
 :checker
 #object[jepsen.checker$compose$reify__11881
         "0x3c6c87fa"
         "jepsen.checker$compose$reify__11881@3c6c87fa"]
 :argv
 ("test"
  "-w"
  "broadcast"
  "--bin"
  "/Users/adicardrz/go/bin/maelstrom-broadcast"
  "--node-count"
  "5"
  "--time-limit"
  "20"
  "--rate"
  "10"
  "--nemesis"
  "partition")
 :nemesis
 (jepsen.nemesis.ReflCompose
  {:fm {:start-partition 0,
        :stop-partition 0,
        :kill 1,
        :start 1,
        :pause 1,
        :resume 1},
   :nemeses [#unprintable "jepsen.nemesis.combined$partition_nemesis$reify__16416@d7645b2"
             #unprintable "jepsen.nemesis.combined$db_nemesis$reify__16397@72e4905c"]})
 :nodes ["n0" "n1" "n2" "n3" "n4"]
 :test-count 1
 :latency {:mean 0, :dist :constant}
 :bin "/Users/adicardrz/go/bin/maelstrom-broadcast"
 :generator
 ((jepsen.generator.Synchronize
   {:gen (jepsen.generator.TimeLimit
          {:limit 20000000000,
           :cutoff nil,
           :gen (jepsen.generator.Any
                 {:gens [(jepsen.generator.OnThreads
                          {:f #{:nemesis},
                           :context-filter #object[jepsen.generator.context$make_thread_filter$lazy_filter__9167
                                                   "0x383c94ed"
                                                   "jepsen.generator.context$make_thread_filter$lazy_filter__9167@383c94ed"],
                           :gen (jepsen.generator.Stagger
                                 {:dt 20000000000,
                                  :next-time nil,
                                  :gen (jepsen.generator.FlipFlop
                                        {:gens [#object[jepsen.nemesis.combined$partition_package$start__16420
                                                        "0x293ccbdd"
                                                        "jepsen.nemesis.combined$partition_package$start__16420@293ccbdd"]
                                                ({:type :info,
                                                  :f :stop-partition,
                                                  :value nil}
                                                 {:type :info,
                                                  :f :stop-partition,
                                                  :value nil}
                                                 {:type :info,
                                                  :f :stop-partition,
                                                  :value nil}
                                                 {:type :info,
                                                  :f :stop-partition,
                                                  :value nil}
                                                 {:type :info,
                                                  :f :stop-partition,
                                                  :value nil}
                                                 {:type :info,
                                                  :f :stop-partition,
                                                  :value nil}
                                                 {:type :info,
                                                  :f :stop-partition,
                                                  :value nil}
                                                 {:type :info,
                                                  :f :stop-partition,
                                                  :value nil}
                                                 ...)],
                                         :i 0})})})
                         (jepsen.generator.OnThreads
                          {:f #jepsen.generator.context.AllBut{:element :nemesis},
                           :context-filter #object[jepsen.generator.context$make_thread_filter$lazy_filter__9167
                                                   "0x474a63d9"
                                                   "jepsen.generator.context$make_thread_filter$lazy_filter__9167@474a63d9"],
                           :gen (jepsen.generator.Stagger
                                 {:dt 200000000,
                                  :next-time nil,
                                  :gen (jepsen.generator.Mix
                                        {:i 1,
                                         :gens [({:f :broadcast, :value 0}
                                                 {:f :broadcast, :value 1}
                                                 {:f :broadcast, :value 2}
                                                 {:f :broadcast, :value 3}
                                                 {:f :broadcast, :value 4}
                                                 {:f :broadcast, :value 5}
                                                 {:f :broadcast, :value 6}
                                                 {:f :broadcast, :value 7}
                                                 ...)
                                                ({:f :read}
                                                 {:f :read}
                                                 {:f :read}
                                                 {:f :read}
                                                 {:f :read}
                                                 {:f :read}
                                                 {:f :read}
                                                 {:f :read}
                                                 ...)]})})})]})})})
  (jepsen.generator.Synchronize
   {:gen (jepsen.generator.OnThreads
          {:f #{:nemesis},
           :context-filter #object[jepsen.generator.context$make_thread_filter$lazy_filter__9167
                                   "0x1b8d0c21"
                                   "jepsen.generator.context$make_thread_filter$lazy_filter__9167@1b8d0c21"],
           :gen ({:type :info, :f :stop-partition, :value nil})})})
  (jepsen.generator.Synchronize
   {:gen {:type :log, :value "Waiting for recovery..."}})
  (jepsen.generator.Synchronize {:gen {:type :sleep, :value 10}})
  (jepsen.generator.Synchronize
   {:gen (jepsen.generator.OnThreads
          {:f #jepsen.generator.context.AllBut{:element :nemesis},
           :context-filter #object[jepsen.generator.context$make_thread_filter$lazy_filter__9167
                                   "0x54a04eae"
                                   "jepsen.generator.context$make_thread_filter$lazy_filter__9167@54a04eae"],
           :gen (jepsen.generator.EachThread
                 {:fresh-gen {:f :read, :final? true},
                  :context-filters #object[clojure.core$promise$reify__8591
                                           "0x4664fef"
                                           {:status :pending, :val nil}],
                  :gens {}})})}))
 :log-net-recv false
 :os
 #object[maelstrom.net$jepsen_os$reify__15254
         "0x1026a011"
         "maelstrom.net$jepsen_os$reify__15254@1026a011"]
 :time-limit 20
 :workload :broadcast
 :consistency-models [:strict-serializable]
 :topology :grid}

2023-05-29 22:59:40,622{GMT}	INFO	[jepsen node n0] maelstrom.net: Starting Maelstrom network
2023-05-29 22:59:40,624{GMT}	INFO	[jepsen test runner] jepsen.db: Tearing down DB
2023-05-29 22:59:40,626{GMT}	INFO	[jepsen test runner] jepsen.db: Setting up DB
2023-05-29 22:59:40,628{GMT}	INFO	[jepsen node n1] maelstrom.db: Setting up n1
2023-05-29 22:59:40,628{GMT}	INFO	[jepsen node n2] maelstrom.db: Setting up n2
2023-05-29 22:59:40,628{GMT}	INFO	[jepsen node n3] maelstrom.db: Setting up n3
2023-05-29 22:59:40,628{GMT}	INFO	[jepsen node n4] maelstrom.db: Setting up n4
2023-05-29 22:59:40,629{GMT}	INFO	[jepsen node n1] maelstrom.process: launching /Users/adicardrz/go/bin/maelstrom-broadcast []
2023-05-29 22:59:40,629{GMT}	INFO	[jepsen node n2] maelstrom.process: launching /Users/adicardrz/go/bin/maelstrom-broadcast []
2023-05-29 22:59:40,630{GMT}	INFO	[jepsen node n3] maelstrom.process: launching /Users/adicardrz/go/bin/maelstrom-broadcast []
2023-05-29 22:59:40,630{GMT}	INFO	[jepsen node n0] maelstrom.service: Starting services: (lin-kv lin-tso lww-kv seq-kv)
2023-05-29 22:59:40,629{GMT}	INFO	[jepsen node n4] maelstrom.process: launching /Users/adicardrz/go/bin/maelstrom-broadcast []
2023-05-29 22:59:40,634{GMT}	INFO	[jepsen node n0] maelstrom.db: Setting up n0
2023-05-29 22:59:40,634{GMT}	INFO	[jepsen node n0] maelstrom.process: launching /Users/adicardrz/go/bin/maelstrom-broadcast []
2023-05-29 22:59:40,911{GMT}	INFO	[jepsen test runner] jepsen.core: Relative time begins now
2023-05-29 22:59:40,933{GMT}	INFO	[jepsen worker 0] jepsen.util: 0	:invoke	:read	nil
2023-05-29 22:59:40,933{GMT}	INFO	[jepsen worker nemesis] jepsen.util: :nemesis	:info	:start-partition	:minority-third
2023-05-29 22:59:40,938{GMT}	INFO	[jepsen worker 0] jepsen.util: 0	:ok	:read	[]
2023-05-29 22:59:40,941{GMT}	INFO	[jepsen worker nemesis] jepsen.util: :nemesis	:info	:start-partition	[:isolated {"n0" #{"n2" "n1" "n4" "n3"}, "n2" #{"n0"}, "n1" #{"n0"}, "n4" #{"n0"}, "n3" #{"n0"}}]
2023-05-29 22:59:41,113{GMT}	INFO	[jepsen worker 2] jepsen.util: 2	:invoke	:broadcast	0
2023-05-29 22:59:41,117{GMT}	INFO	[jepsen worker 2] jepsen.util: 2	:ok	:broadcast	0
2023-05-29 22:59:41,255{GMT}	INFO	[jepsen worker 3] jepsen.util: 3	:invoke	:broadcast	1
2023-05-29 22:59:41,258{GMT}	INFO	[jepsen worker 3] jepsen.util: 3	:ok	:broadcast	1
2023-05-29 22:59:41,367{GMT}	INFO	[jepsen worker 4] jepsen.util: 4	:invoke	:broadcast	2
2023-05-29 22:59:41,371{GMT}	INFO	[jepsen worker 4] jepsen.util: 4	:ok	:broadcast	2
2023-05-29 22:59:41,444{GMT}	INFO	[jepsen worker 0] jepsen.util: 0	:invoke	:read	nil
2023-05-29 22:59:41,447{GMT}	INFO	[jepsen worker 0] jepsen.util: 0	:ok	:read	[]
2023-05-29 22:59:41,498{GMT}	INFO	[jepsen worker 0] jepsen.util: 0	:invoke	:read	nil
2023-05-29 22:59:41,502{GMT}	INFO	[jepsen worker 0] jepsen.util: 0	:ok	:read	[]
2023-05-29 22:59:41,597{GMT}	INFO	[jepsen worker 1] jepsen.util: 1	:invoke	:broadcast	3
2023-05-29 22:59:41,601{GMT}	INFO	[jepsen worker 1] jepsen.util: 1	:ok	:broadcast	3
2023-05-29 22:59:41,780{GMT}	INFO	[jepsen worker 2] jepsen.util: 2	:invoke	:broadcast	4
2023-05-29 22:59:41,783{GMT}	INFO	[jepsen worker 2] jepsen.util: 2	:ok	:broadcast	4
2023-05-29 22:59:41,814{GMT}	INFO	[jepsen worker 3] jepsen.util: 3	:invoke	:broadcast	5
2023-05-29 22:59:41,817{GMT}	INFO	[jepsen worker 3] jepsen.util: 3	:ok	:broadcast	5
2023-05-29 22:59:41,836{GMT}	INFO	[jepsen worker 4] jepsen.util: 4	:invoke	:read	nil
2023-05-29 22:59:41,839{GMT}	INFO	[jepsen worker 4] jepsen.util: 4	:ok	:read	[0 1 2 2 3 4 5]
2023-05-29 22:59:41,927{GMT}	INFO	[jepsen worker 0] jepsen.util: 0	:invoke	:read	nil
2023-05-29 22:59:41,930{GMT}	INFO	[jepsen worker 1] jepsen.util: 1	:invoke	:broadcast	6
2023-05-29 22:59:41,930{GMT}	INFO	[jepsen worker 0] jepsen.util: 0	:ok	:read	[]
2023-05-29 22:59:41,933{GMT}	INFO	[jepsen worker 1] jepsen.util: 1	:ok	:broadcast	6
2023-05-29 22:59:42,014{GMT}	INFO	[jepsen worker 1] jepsen.util: 1	:invoke	:broadcast	7
2023-05-29 22:59:42,017{GMT}	INFO	[jepsen worker 1] jepsen.util: 1	:ok	:broadcast	7
2023-05-29 22:59:42,151{GMT}	INFO	[jepsen worker 2] jepsen.util: 2	:invoke	:read	nil
2023-05-29 22:59:42,154{GMT}	INFO	[jepsen worker 2] jepsen.util: 2	:ok	:read	[0 0 1 2 3 4 4 5 6 7]
2023-05-29 22:59:42,264{GMT}	INFO	[jepsen worker 3] jepsen.util: 3	:invoke	:read	nil
2023-05-29 22:59:42,266{GMT}	INFO	[jepsen worker 3] jepsen.util: 3	:ok	:read	[0 1 1 2 3 4 5 5 6 7]
2023-05-29 22:59:42,373{GMT}	INFO	[jepsen worker 4] jepsen.util: 4	:invoke	:read	nil
2023-05-29 22:59:42,375{GMT}	INFO	[jepsen worker 4] jepsen.util: 4	:ok	:read	[0 1 2 2 3 4 5 6 7]
2023-05-29 22:59:42,510{GMT}	INFO	[jepsen worker 0] jepsen.util: 0	:invoke	:broadcast	8
2023-05-29 22:59:42,513{GMT}	INFO	[jepsen worker 0] jepsen.util: 0	:ok	:broadcast	8
2023-05-29 22:59:42,652{GMT}	INFO	[jepsen worker 0] jepsen.util: 0	:invoke	:read	nil
2023-05-29 22:59:42,654{GMT}	INFO	[jepsen worker 0] jepsen.util: 0	:ok	:read	[8]
2023-05-29 22:59:42,692{GMT}	INFO	[jepsen worker 1] jepsen.util: 1	:invoke	:broadcast	9
2023-05-29 22:59:42,695{GMT}	INFO	[jepsen worker 1] jepsen.util: 1	:ok	:broadcast	9
2023-05-29 22:59:42,883{GMT}	INFO	[jepsen worker 2] jepsen.util: 2	:invoke	:broadcast	10
2023-05-29 22:59:42,885{GMT}	INFO	[jepsen worker 2] jepsen.util: 2	:ok	:broadcast	10
2023-05-29 22:59:42,971{GMT}	INFO	[jepsen worker 3] jepsen.util: 3	:invoke	:broadcast	11
2023-05-29 22:59:42,973{GMT}	INFO	[jepsen worker 3] jepsen.util: 3	:ok	:broadcast	11
2023-05-29 22:59:43,165{GMT}	INFO	[jepsen worker 4] jepsen.util: 4	:invoke	:broadcast	12
2023-05-29 22:59:43,168{GMT}	INFO	[jepsen worker 4] jepsen.util: 4	:ok	:broadcast	12
2023-05-29 22:59:43,356{GMT}	INFO	[jepsen worker 0] jepsen.util: 0	:invoke	:read	nil
2023-05-29 22:59:43,359{GMT}	INFO	[jepsen worker 0] jepsen.util: 0	:ok	:read	[8]
2023-05-29 22:59:43,382{GMT}	INFO	[jepsen worker 0] jepsen.util: 0	:invoke	:read	nil
2023-05-29 22:59:43,384{GMT}	INFO	[jepsen worker 0] jepsen.util: 0	:ok	:read	[8]
2023-05-29 22:59:43,465{GMT}	INFO	[jepsen worker 1] jepsen.util: 1	:invoke	:read	nil
2023-05-29 22:59:43,467{GMT}	INFO	[jepsen worker 1] jepsen.util: 1	:ok	:read	[0 1 2 3 3 4 5 6 6 7 7 9 9 10 11 12]
2023-05-29 22:59:43,658{GMT}	INFO	[jepsen worker 2] jepsen.util: 2	:invoke	:read	nil
2023-05-29 22:59:43,660{GMT}	INFO	[jepsen worker 2] jepsen.util: 2	:ok	:read	[0 0 1 2 3 4 4 5 6 7 9 10 10 11 12]
2023-05-29 22:59:43,856{GMT}	INFO	[jepsen worker 3] jepsen.util: 3	:invoke	:read	nil
2023-05-29 22:59:43,858{GMT}	INFO	[jepsen worker 3] jepsen.util: 3	:ok	:read	[0 1 1 2 3 4 5 5 6 7 9 10 11 11 12]
2023-05-29 22:59:44,059{GMT}	INFO	[jepsen worker 4] jepsen.util: 4	:invoke	:read	nil
2023-05-29 22:59:44,061{GMT}	INFO	[jepsen worker 4] jepsen.util: 4	:ok	:read	[0 1 2 2 3 4 5 6 7 9 10 11 12 12]
2023-05-29 22:59:44,142{GMT}	INFO	[jepsen worker 0] jepsen.util: 0	:invoke	:broadcast	13
2023-05-29 22:59:44,144{GMT}	INFO	[jepsen worker 0] jepsen.util: 0	:ok	:broadcast	13
2023-05-29 22:59:44,299{GMT}	INFO	[jepsen worker 0] jepsen.util: 0	:invoke	:broadcast	14
2023-05-29 22:59:44,301{GMT}	INFO	[jepsen worker 0] jepsen.util: 0	:ok	:broadcast	14
2023-05-29 22:59:44,349{GMT}	INFO	[jepsen worker 1] jepsen.util: 1	:invoke	:broadcast	15
2023-05-29 22:59:44,353{GMT}	INFO	[jepsen worker 1] jepsen.util: 1	:ok	:broadcast	15
2023-05-29 22:59:44,375{GMT}	INFO	[jepsen worker 2] jepsen.util: 2	:invoke	:broadcast	16
2023-05-29 22:59:44,377{GMT}	INFO	[jepsen worker 2] jepsen.util: 2	:ok	:broadcast	16
2023-05-29 22:59:44,499{GMT}	INFO	[jepsen worker 3] jepsen.util: 3	:invoke	:broadcast	17
2023-05-29 22:59:44,501{GMT}	INFO	[jepsen worker 3] jepsen.util: 3	:ok	:broadcast	17
2023-05-29 22:59:44,631{GMT}	INFO	[jepsen worker 4] jepsen.util: 4	:invoke	:broadcast	18
2023-05-29 22:59:44,633{GMT}	INFO	[jepsen worker 4] jepsen.util: 4	:ok	:broadcast	18
2023-05-29 22:59:44,716{GMT}	INFO	[jepsen worker 0] jepsen.util: 0	:invoke	:broadcast	19
2023-05-29 22:59:44,718{GMT}	INFO	[jepsen worker 0] jepsen.util: 0	:ok	:broadcast	19
2023-05-29 22:59:44,907{GMT}	INFO	[jepsen worker 0] jepsen.util: 0	:invoke	:read	nil
2023-05-29 22:59:44,909{GMT}	INFO	[jepsen worker 0] jepsen.util: 0	:ok	:read	[8 13 14 19]
2023-05-29 22:59:45,073{GMT}	INFO	[jepsen worker 1] jepsen.util: 1	:invoke	:read	nil
2023-05-29 22:59:45,075{GMT}	INFO	[jepsen worker 1] jepsen.util: 1	:ok	:read	[0 1 2 3 3 4 5 6 6 7 7 9 9 10 11 12 15 15 16 17 18]
2023-05-29 22:59:45,233{GMT}	INFO	[jepsen worker 2] jepsen.util: 2	:invoke	:read	nil
2023-05-29 22:59:45,235{GMT}	INFO	[jepsen worker 2] jepsen.util: 2	:ok	:read	[0 0 1 2 3 4 4 5 6 7 9 10 10 11 12 15 16 16 17 18]
2023-05-29 22:59:45,400{GMT}	INFO	[jepsen worker 3] jepsen.util: 3	:invoke	:read	nil
2023-05-29 22:59:45,402{GMT}	INFO	[jepsen worker 3] jepsen.util: 3	:ok	:read	[0 1 1 2 3 4 5 5 6 7 9 10 11 11 12 15 16 17 17 18]
2023-05-29 22:59:45,427{GMT}	INFO	[jepsen worker 4] jepsen.util: 4	:invoke	:broadcast	20
2023-05-29 22:59:45,429{GMT}	INFO	[jepsen worker 4] jepsen.util: 4	:ok	:broadcast	20
2023-05-29 22:59:45,611{GMT}	INFO	[jepsen worker 0] jepsen.util: 0	:invoke	:broadcast	21
2023-05-29 22:59:45,613{GMT}	INFO	[jepsen worker 0] jepsen.util: 0	:ok	:broadcast	21
2023-05-29 22:59:45,706{GMT}	INFO	[jepsen worker 0] jepsen.util: 0	:invoke	:broadcast	22
2023-05-29 22:59:45,708{GMT}	INFO	[jepsen worker 0] jepsen.util: 0	:ok	:broadcast	22
2023-05-29 22:59:45,842{GMT}	INFO	[jepsen worker 1] jepsen.util: 1	:invoke	:read	nil
2023-05-29 22:59:45,844{GMT}	INFO	[jepsen worker 1] jepsen.util: 1	:ok	:read	[0 1 2 3 3 4 5 6 6 7 7 9 9 10 11 12 15 15 16 17 18 20]
2023-05-29 22:59:46,001{GMT}	INFO	[jepsen worker 2] jepsen.util: 2	:invoke	:read	nil
2023-05-29 22:59:46,003{GMT}	INFO	[jepsen worker 2] jepsen.util: 2	:ok	:read	[0 0 1 2 3 4 4 5 6 7 9 10 10 11 12 15 16 16 17 18 20]
2023-05-29 22:59:46,004{GMT}	INFO	[jepsen worker 3] jepsen.util: 3	:invoke	:read	nil
2023-05-29 22:59:46,006{GMT}	INFO	[jepsen worker 3] jepsen.util: 3	:ok	:read	[0 1 1 2 3 4 5 5 6 7 9 10 11 11 12 15 16 17 17 18 20]
2023-05-29 22:59:46,192{GMT}	INFO	[jepsen worker 4] jepsen.util: 4	:invoke	:read	nil
2023-05-29 22:59:46,194{GMT}	INFO	[jepsen worker 4] jepsen.util: 4	:ok	:read	[0 1 2 2 3 4 5 6 7 9 10 11 12 12 15 16 17 18 18 20 20]
2023-05-29 22:59:46,216{GMT}	INFO	[jepsen worker 0] jepsen.util: 0	:invoke	:read	nil
2023-05-29 22:59:46,219{GMT}	INFO	[jepsen worker 0] jepsen.util: 0	:ok	:read	[8 13 14 19 21 22]
2023-05-29 22:59:46,302{GMT}	INFO	[jepsen worker 0] jepsen.util: 0	:invoke	:broadcast	23
2023-05-29 22:59:46,304{GMT}	INFO	[jepsen worker 0] jepsen.util: 0	:ok	:broadcast	23
2023-05-29 22:59:46,428{GMT}	INFO	[jepsen worker 1] jepsen.util: 1	:invoke	:broadcast	24
2023-05-29 22:59:46,430{GMT}	INFO	[jepsen worker 1] jepsen.util: 1	:ok	:broadcast	24
2023-05-29 22:59:46,466{GMT}	INFO	[jepsen worker 2] jepsen.util: 2	:invoke	:broadcast	25
2023-05-29 22:59:46,468{GMT}	INFO	[jepsen worker 2] jepsen.util: 2	:ok	:broadcast	25
2023-05-29 22:59:46,492{GMT}	INFO	[jepsen worker 3] jepsen.util: 3	:invoke	:broadcast	26
2023-05-29 22:59:46,494{GMT}	INFO	[jepsen worker 3] jepsen.util: 3	:ok	:broadcast	26
2023-05-29 22:59:46,658{GMT}	INFO	[jepsen worker 4] jepsen.util: 4	:invoke	:read	nil
2023-05-29 22:59:46,660{GMT}	INFO	[jepsen worker 4] jepsen.util: 4	:ok	:read	[0 1 2 2 3 4 5 6 7 9 10 11 12 12 15 16 17 18 18 20 20 24 25 26]
2023-05-29 22:59:46,736{GMT}	INFO	[jepsen worker 0] jepsen.util: 0	:invoke	:broadcast	27
2023-05-29 22:59:46,738{GMT}	INFO	[jepsen worker 0] jepsen.util: 0	:ok	:broadcast	27
2023-05-29 22:59:46,905{GMT}	INFO	[jepsen worker 0] jepsen.util: 0	:invoke	:read	nil
2023-05-29 22:59:46,907{GMT}	INFO	[jepsen worker 0] jepsen.util: 0	:ok	:read	[8 13 14 19 21 22 23 27]
2023-05-29 22:59:47,061{GMT}	INFO	[jepsen worker 1] jepsen.util: 1	:invoke	:broadcast	28
2023-05-29 22:59:47,064{GMT}	INFO	[jepsen worker 1] jepsen.util: 1	:ok	:broadcast	28
2023-05-29 22:59:47,142{GMT}	INFO	[jepsen worker 2] jepsen.util: 2	:invoke	:broadcast	29
2023-05-29 22:59:47,144{GMT}	INFO	[jepsen worker 2] jepsen.util: 2	:ok	:broadcast	29
2023-05-29 22:59:47,258{GMT}	INFO	[jepsen worker 3] jepsen.util: 3	:invoke	:read	nil
2023-05-29 22:59:47,260{GMT}	INFO	[jepsen worker 3] jepsen.util: 3	:ok	:read	[0 1 1 2 3 4 5 5 6 7 9 10 11 11 12 15 16 17 17 18 20 24 25 26 26 28 29]
2023-05-29 22:59:47,384{GMT}	INFO	[jepsen worker 4] jepsen.util: 4	:invoke	:read	nil
2023-05-29 22:59:47,386{GMT}	INFO	[jepsen worker 4] jepsen.util: 4	:ok	:read	[0 1 2 2 3 4 5 6 7 9 10 11 12 12 15 16 17 18 18 20 20 24 25 26 28 29]
2023-05-29 22:59:47,539{GMT}	INFO	[jepsen worker 0] jepsen.util: 0	:invoke	:broadcast	30
2023-05-29 22:59:47,540{GMT}	INFO	[jepsen worker 0] jepsen.util: 0	:ok	:broadcast	30
2023-05-29 22:59:47,635{GMT}	INFO	[jepsen worker 0] jepsen.util: 0	:invoke	:broadcast	31
2023-05-29 22:59:47,637{GMT}	INFO	[jepsen worker 0] jepsen.util: 0	:ok	:broadcast	31
2023-05-29 22:59:47,742{GMT}	INFO	[jepsen worker 1] jepsen.util: 1	:invoke	:read	nil
2023-05-29 22:59:47,744{GMT}	INFO	[jepsen worker 1] jepsen.util: 1	:ok	:read	[0 1 2 3 3 4 5 6 6 7 7 9 9 10 11 12 15 15 16 17 18 20 24 24 25 26 28 28 29]
2023-05-29 22:59:47,757{GMT}	INFO	[jepsen worker 2] jepsen.util: 2	:invoke	:broadcast	32
2023-05-29 22:59:47,758{GMT}	INFO	[jepsen worker 2] jepsen.util: 2	:ok	:broadcast	32
2023-05-29 22:59:47,805{GMT}	INFO	[jepsen worker 3] jepsen.util: 3	:invoke	:read	nil
2023-05-29 22:59:47,807{GMT}	INFO	[jepsen worker 3] jepsen.util: 3	:ok	:read	[0 1 1 2 3 4 5 5 6 7 9 10 11 11 12 15 16 17 17 18 20 24 25 26 26 28 29 32]
2023-05-29 22:59:47,809{GMT}	INFO	[jepsen worker 4] jepsen.util: 4	:invoke	:broadcast	33
2023-05-29 22:59:47,811{GMT}	INFO	[jepsen worker 4] jepsen.util: 4	:ok	:broadcast	33
2023-05-29 22:59:47,911{GMT}	INFO	[jepsen worker 0] jepsen.util: 0	:invoke	:broadcast	34
2023-05-29 22:59:47,913{GMT}	INFO	[jepsen worker 0] jepsen.util: 0	:ok	:broadcast	34
2023-05-29 22:59:48,037{GMT}	INFO	[jepsen worker 0] jepsen.util: 0	:invoke	:broadcast	35
2023-05-29 22:59:48,039{GMT}	INFO	[jepsen worker 0] jepsen.util: 0	:ok	:broadcast	35
2023-05-29 22:59:48,178{GMT}	INFO	[jepsen worker 1] jepsen.util: 1	:invoke	:broadcast	36
2023-05-29 22:59:48,180{GMT}	INFO	[jepsen worker 1] jepsen.util: 1	:ok	:broadcast	36
2023-05-29 22:59:48,351{GMT}	INFO	[jepsen worker 2] jepsen.util: 2	:invoke	:read	nil
2023-05-29 22:59:48,352{GMT}	INFO	[jepsen worker 2] jepsen.util: 2	:ok	:read	[0 0 1 2 3 4 4 5 6 7 9 10 10 11 12 15 16 16 17 18 20 24 25 25 26 28 29 29 32 32 33 36]
2023-05-29 22:59:48,411{GMT}	INFO	[jepsen worker 3] jepsen.util: 3	:invoke	:broadcast	37
2023-05-29 22:59:48,413{GMT}	INFO	[jepsen worker 3] jepsen.util: 3	:ok	:broadcast	37
2023-05-29 22:59:48,466{GMT}	INFO	[jepsen worker 4] jepsen.util: 4	:invoke	:read	nil
2023-05-29 22:59:48,467{GMT}	INFO	[jepsen worker 4] jepsen.util: 4	:ok	:read	[0 1 2 2 3 4 5 6 7 9 10 11 12 12 15 16 17 18 18 20 20 24 25 26 28 29 32 33 33 36 37]
2023-05-29 22:59:48,519{GMT}	INFO	[jepsen worker 0] jepsen.util: 0	:invoke	:read	nil
2023-05-29 22:59:48,522{GMT}	INFO	[jepsen worker 0] jepsen.util: 0	:ok	:read	[8 13 14 19 21 22 23 27 30 31 34 35]
2023-05-29 22:59:48,652{GMT}	INFO	[jepsen worker 0] jepsen.util: 0	:invoke	:read	nil
2023-05-29 22:59:48,654{GMT}	INFO	[jepsen worker 0] jepsen.util: 0	:ok	:read	[8 13 14 19 21 22 23 27 30 31 34 35]
2023-05-29 22:59:48,772{GMT}	INFO	[jepsen worker 1] jepsen.util: 1	:invoke	:read	nil
2023-05-29 22:59:48,774{GMT}	INFO	[jepsen worker 1] jepsen.util: 1	:ok	:read	[0 1 2 3 3 4 5 6 6 7 7 9 9 10 11 12 15 15 16 17 18 20 24 24 25 26 28 28 29 32 33 36 36 37]
2023-05-29 22:59:48,802{GMT}	INFO	[jepsen worker 2] jepsen.util: 2	:invoke	:read	nil
2023-05-29 22:59:48,805{GMT}	INFO	[jepsen worker 2] jepsen.util: 2	:ok	:read	[0 0 1 2 3 4 4 5 6 7 9 10 10 11 12 15 16 16 17 18 20 24 25 25 26 28 29 29 32 32 33 36 37]
2023-05-29 22:59:48,972{GMT}	INFO	[jepsen worker 3] jepsen.util: 3	:invoke	:read	nil
2023-05-29 22:59:48,974{GMT}	INFO	[jepsen worker 3] jepsen.util: 3	:ok	:read	[0 1 1 2 3 4 5 5 6 7 9 10 11 11 12 15 16 17 17 18 20 24 25 26 26 28 29 32 33 36 37 37]
2023-05-29 22:59:49,094{GMT}	INFO	[jepsen worker 4] jepsen.util: 4	:invoke	:read	nil
2023-05-29 22:59:49,095{GMT}	INFO	[jepsen worker 4] jepsen.util: 4	:ok	:read	[0 1 2 2 3 4 5 6 7 9 10 11 12 12 15 16 17 18 18 20 20 24 25 26 28 29 32 33 33 36 37]
2023-05-29 22:59:49,222{GMT}	INFO	[jepsen worker 0] jepsen.util: 0	:invoke	:read	nil
2023-05-29 22:59:49,224{GMT}	INFO	[jepsen worker 0] jepsen.util: 0	:ok	:read	[8 13 14 19 21 22 23 27 30 31 34 35]
2023-05-29 22:59:49,422{GMT}	INFO	[jepsen worker 0] jepsen.util: 0	:invoke	:broadcast	38
2023-05-29 22:59:49,424{GMT}	INFO	[jepsen worker 0] jepsen.util: 0	:ok	:broadcast	38
2023-05-29 22:59:49,617{GMT}	INFO	[jepsen worker 1] jepsen.util: 1	:invoke	:broadcast	39
2023-05-29 22:59:49,619{GMT}	INFO	[jepsen worker 1] jepsen.util: 1	:ok	:broadcast	39
2023-05-29 22:59:49,811{GMT}	INFO	[jepsen worker 2] jepsen.util: 2	:invoke	:broadcast	40
2023-05-29 22:59:49,813{GMT}	INFO	[jepsen worker 2] jepsen.util: 2	:ok	:broadcast	40
2023-05-29 22:59:49,967{GMT}	INFO	[jepsen worker 3] jepsen.util: 3	:invoke	:read	nil
2023-05-29 22:59:49,969{GMT}	INFO	[jepsen worker 3] jepsen.util: 3	:ok	:read	[0 1 1 2 3 4 5 5 6 7 9 10 11 11 12 15 16 17 17 18 20 24 25 26 26 28 29 32 33 36 37 37 39 40]
2023-05-29 22:59:50,020{GMT}	INFO	[jepsen worker 4] jepsen.util: 4	:invoke	:broadcast	41
2023-05-29 22:59:50,021{GMT}	INFO	[jepsen worker 4] jepsen.util: 4	:ok	:broadcast	41
2023-05-29 22:59:50,072{GMT}	INFO	[jepsen worker 0] jepsen.util: 0	:invoke	:read	nil
2023-05-29 22:59:50,074{GMT}	INFO	[jepsen worker 0] jepsen.util: 0	:ok	:read	[8 13 14 19 21 22 23 27 30 31 34 35 38]
2023-05-29 22:59:50,133{GMT}	INFO	[jepsen worker 0] jepsen.util: 0	:invoke	:broadcast	42
2023-05-29 22:59:50,134{GMT}	INFO	[jepsen worker 0] jepsen.util: 0	:ok	:broadcast	42
2023-05-29 22:59:50,203{GMT}	INFO	[jepsen worker 1] jepsen.util: 1	:invoke	:broadcast	43
2023-05-29 22:59:50,205{GMT}	INFO	[jepsen worker 1] jepsen.util: 1	:ok	:broadcast	43
2023-05-29 22:59:50,306{GMT}	INFO	[jepsen worker nemesis] jepsen.util: :nemesis	:info	:stop-partition	nil
2023-05-29 22:59:50,306{GMT}	INFO	[jepsen worker nemesis] jepsen.util: :nemesis	:info	:stop-partition	:network-healed
2023-05-29 22:59:50,345{GMT}	INFO	[jepsen worker 3] jepsen.util: 3	:invoke	:broadcast	44
2023-05-29 22:59:50,347{GMT}	INFO	[jepsen worker 3] jepsen.util: 3	:ok	:broadcast	44
2023-05-29 22:59:50,512{GMT}	INFO	[jepsen worker 4] jepsen.util: 4	:invoke	:read	nil
2023-05-29 22:59:50,514{GMT}	INFO	[jepsen worker 4] jepsen.util: 4	:ok	:read	[0 1 2 2 3 4 5 6 7 9 10 11 12 12 15 16 17 18 18 20 20 24 25 26 28 29 32 33 33 36 37 39 40 41 41 43 44]
2023-05-29 22:59:50,566{GMT}	INFO	[jepsen worker 0] jepsen.util: 0	:invoke	:read	nil
2023-05-29 22:59:50,568{GMT}	INFO	[jepsen worker 0] jepsen.util: 0	:ok	:read	[8 13 14 19 21 22 23 27 30 31 34 35 38 42 44]
2023-05-29 22:59:50,597{GMT}	INFO	[jepsen worker 0] jepsen.util: 0	:invoke	:broadcast	45
2023-05-29 22:59:50,599{GMT}	INFO	[jepsen worker 0] jepsen.util: 0	:ok	:broadcast	45
2023-05-29 22:59:50,692{GMT}	INFO	[jepsen worker nemesis] jepsen.util: :nemesis	:info	:start-partition	:majorities-ring
2023-05-29 22:59:50,700{GMT}	INFO	[jepsen worker nemesis] jepsen.util: :nemesis	:info	:start-partition	[:isolated {"n2" #{"n1" "n3"}, "n0" #{"n4" "n3"}, "n1" #{"n2" "n4"}, "n3" #{"n2" "n0"}, "n4" #{"n1" "n0"}}]
2023-05-29 22:59:50,742{GMT}	INFO	[jepsen worker 2] jepsen.util: 2	:invoke	:read	nil
2023-05-29 22:59:50,744{GMT}	INFO	[jepsen worker 2] jepsen.util: 2	:ok	:read	[0 0 1 2 3 4 4 5 6 7 9 10 10 11 12 15 16 16 17 18 20 24 25 25 26 28 29 29 32 32 33 36 37 39 40 40 41 43 44 45]
2023-05-29 22:59:50,923{GMT}	INFO	[jepsen worker 3] jepsen.util: 3	:invoke	:broadcast	46
2023-05-29 22:59:50,924{GMT}	INFO	[jepsen worker 3] jepsen.util: 3	:ok	:broadcast	46
2023-05-29 22:59:51,054{GMT}	INFO	[jepsen worker 4] jepsen.util: 4	:invoke	:read	nil
2023-05-29 22:59:51,056{GMT}	INFO	[jepsen worker 4] jepsen.util: 4	:ok	:read	[0 1 2 2 3 4 5 6 7 9 10 11 12 12 15 16 17 18 18 20 20 24 25 26 28 29 32 33 33 36 37 39 40 41 41 43 44 45 46]
2023-05-29 22:59:51,204{GMT}	INFO	[jepsen worker 0] jepsen.util: 0	:invoke	:broadcast	47
2023-05-29 22:59:51,206{GMT}	INFO	[jepsen worker 0] jepsen.util: 0	:ok	:broadcast	47
2023-05-29 22:59:51,333{GMT}	INFO	[jepsen worker 0] jepsen.util: 0	:invoke	:read	nil
2023-05-29 22:59:51,334{GMT}	INFO	[jepsen worker 0] jepsen.util: 0	:ok	:read	[8 13 14 19 21 22 23 27 30 31 34 35 38 42 44 45 45 47 47]
2023-05-29 22:59:51,454{GMT}	INFO	[jepsen worker 1] jepsen.util: 1	:invoke	:read	nil
2023-05-29 22:59:51,456{GMT}	INFO	[jepsen worker 1] jepsen.util: 1	:ok	:read	[0 1 2 3 3 4 5 6 6 7 7 9 9 10 11 12 15 15 16 17 18 20 24 24 25 26 28 28 29 32 33 36 36 37 39 39 40 41 43 43 44 45 47]
2023-05-29 22:59:51,595{GMT}	INFO	[jepsen worker 2] jepsen.util: 2	:invoke	:read	nil
2023-05-29 22:59:51,597{GMT}	INFO	[jepsen worker 2] jepsen.util: 2	:ok	:read	[0 0 1 2 3 4 4 5 6 7 9 10 10 11 12 15 16 16 17 18 20 24 25 25 26 28 29 29 32 32 33 36 37 39 40 40 41 43 44 45]
2023-05-29 22:59:51,754{GMT}	INFO	[jepsen worker 3] jepsen.util: 3	:invoke	:read	nil
2023-05-29 22:59:51,756{GMT}	INFO	[jepsen worker 3] jepsen.util: 3	:ok	:read	[0 1 1 2 3 4 5 5 6 7 9 10 11 11 12 15 16 17 17 18 20 24 25 26 26 28 29 32 33 36 37 37 39 40 41 43 44 44 45 46 46]
2023-05-29 22:59:51,826{GMT}	INFO	[jepsen worker 4] jepsen.util: 4	:invoke	:broadcast	48
2023-05-29 22:59:51,827{GMT}	INFO	[jepsen worker 4] jepsen.util: 4	:ok	:broadcast	48
2023-05-29 22:59:51,880{GMT}	INFO	[jepsen worker 0] jepsen.util: 0	:invoke	:broadcast	49
2023-05-29 22:59:51,882{GMT}	INFO	[jepsen worker 0] jepsen.util: 0	:ok	:broadcast	49
2023-05-29 22:59:52,038{GMT}	INFO	[jepsen worker 0] jepsen.util: 0	:invoke	:broadcast	50
2023-05-29 22:59:52,040{GMT}	INFO	[jepsen worker 0] jepsen.util: 0	:ok	:broadcast	50
2023-05-29 22:59:52,198{GMT}	INFO	[jepsen worker 1] jepsen.util: 1	:invoke	:read	nil
2023-05-29 22:59:52,200{GMT}	INFO	[jepsen worker 1] jepsen.util: 1	:ok	:read	[0 1 2 3 3 4 5 6 6 7 7 9 9 10 11 12 15 15 16 17 18 20 24 24 25 26 28 28 29 32 33 36 36 37 39 39 40 41 43 43 44 45 47 49 50]
2023-05-29 22:59:52,345{GMT}	INFO	[jepsen worker 2] jepsen.util: 2	:invoke	:broadcast	51
2023-05-29 22:59:52,347{GMT}	INFO	[jepsen worker 2] jepsen.util: 2	:ok	:broadcast	51
2023-05-29 22:59:52,405{GMT}	INFO	[jepsen worker 3] jepsen.util: 3	:invoke	:broadcast	52
2023-05-29 22:59:52,407{GMT}	INFO	[jepsen worker 3] jepsen.util: 3	:ok	:broadcast	52
2023-05-29 22:59:52,554{GMT}	INFO	[jepsen worker 4] jepsen.util: 4	:invoke	:broadcast	53
2023-05-29 22:59:52,556{GMT}	INFO	[jepsen worker 4] jepsen.util: 4	:ok	:broadcast	53
2023-05-29 22:59:52,729{GMT}	INFO	[jepsen worker 0] jepsen.util: 0	:invoke	:read	nil
2023-05-29 22:59:52,731{GMT}	INFO	[jepsen worker 0] jepsen.util: 0	:ok	:read	[8 13 14 19 21 22 23 27 30 31 34 35 38 42 44 45 45 47 47 49 49 50 50]
2023-05-29 22:59:52,771{GMT}	INFO	[jepsen worker 0] jepsen.util: 0	:invoke	:broadcast	54
2023-05-29 22:59:52,773{GMT}	INFO	[jepsen worker 0] jepsen.util: 0	:ok	:broadcast	54
2023-05-29 22:59:52,820{GMT}	INFO	[jepsen worker 1] jepsen.util: 1	:invoke	:read	nil
2023-05-29 22:59:52,822{GMT}	INFO	[jepsen worker 1] jepsen.util: 1	:ok	:read	[0 1 2 3 3 4 5 6 6 7 7 9 9 10 11 12 15 15 16 17 18 20 24 24 25 26 28 28 29 32 33 36 36 37 39 39 40 41 43 43 44 45 47 49 50 54]
2023-05-29 22:59:53,011{GMT}	INFO	[jepsen worker 2] jepsen.util: 2	:invoke	:broadcast	55
2023-05-29 22:59:53,013{GMT}	INFO	[jepsen worker 2] jepsen.util: 2	:ok	:broadcast	55
2023-05-29 22:59:53,020{GMT}	INFO	[jepsen worker 3] jepsen.util: 3	:invoke	:read	nil
2023-05-29 22:59:53,022{GMT}	INFO	[jepsen worker 3] jepsen.util: 3	:ok	:read	[0 1 1 2 3 4 5 5 6 7 9 10 11 11 12 15 16 17 17 18 20 24 25 26 26 28 29 32 33 36 37 37 39 40 41 43 44 44 45 46 46 48 52 52 53]
2023-05-29 22:59:53,096{GMT}	INFO	[jepsen worker 4] jepsen.util: 4	:invoke	:broadcast	56
2023-05-29 22:59:53,098{GMT}	INFO	[jepsen worker 4] jepsen.util: 4	:ok	:broadcast	56
2023-05-29 22:59:53,179{GMT}	INFO	[jepsen worker 0] jepsen.util: 0	:invoke	:read	nil
2023-05-29 22:59:53,180{GMT}	INFO	[jepsen worker 0] jepsen.util: 0	:ok	:read	[8 13 14 19 21 22 23 27 30 31 34 35 38 42 44 45 45 47 47 49 49 50 50 54 54]
2023-05-29 22:59:53,262{GMT}	INFO	[jepsen worker 0] jepsen.util: 0	:invoke	:read	nil
2023-05-29 22:59:53,263{GMT}	INFO	[jepsen worker 0] jepsen.util: 0	:ok	:read	[8 13 14 19 21 22 23 27 30 31 34 35 38 42 44 45 45 47 47 49 49 50 50 54 54]
2023-05-29 22:59:53,345{GMT}	INFO	[jepsen worker 1] jepsen.util: 1	:invoke	:broadcast	57
2023-05-29 22:59:53,347{GMT}	INFO	[jepsen worker 1] jepsen.util: 1	:ok	:broadcast	57
2023-05-29 22:59:53,372{GMT}	INFO	[jepsen worker 2] jepsen.util: 2	:invoke	:broadcast	58
2023-05-29 22:59:53,374{GMT}	INFO	[jepsen worker 2] jepsen.util: 2	:ok	:broadcast	58
2023-05-29 22:59:53,414{GMT}	INFO	[jepsen worker 3] jepsen.util: 3	:invoke	:read	nil
2023-05-29 22:59:53,416{GMT}	INFO	[jepsen worker 3] jepsen.util: 3	:ok	:read	[0 1 1 2 3 4 5 5 6 7 9 10 11 11 12 15 16 17 17 18 20 24 25 26 26 28 29 32 33 36 37 37 39 40 41 43 44 44 45 46 46 48 52 52 53 56]
2023-05-29 22:59:53,433{GMT}	INFO	[jepsen worker 4] jepsen.util: 4	:invoke	:read	nil
2023-05-29 22:59:53,436{GMT}	INFO	[jepsen worker 4] jepsen.util: 4	:ok	:read	[0 1 2 2 3 4 5 6 7 9 10 11 12 12 15 16 17 18 18 20 20 24 25 26 28 29 32 33 33 36 37 39 40 41 41 43 44 45 46 48 48 52 53 53 56 56]
2023-05-29 22:59:53,595{GMT}	INFO	[jepsen worker 0] jepsen.util: 0	:invoke	:read	nil
2023-05-29 22:59:53,597{GMT}	INFO	[jepsen worker 0] jepsen.util: 0	:ok	:read	[8 13 14 19 21 22 23 27 30 31 34 35 38 42 44 45 45 47 47 49 49 50 50 54 54 57]
2023-05-29 22:59:53,706{GMT}	INFO	[jepsen worker 0] jepsen.util: 0	:invoke	:broadcast	59
2023-05-29 22:59:53,707{GMT}	INFO	[jepsen worker 0] jepsen.util: 0	:ok	:broadcast	59
2023-05-29 22:59:53,774{GMT}	INFO	[jepsen worker 1] jepsen.util: 1	:invoke	:broadcast	60
2023-05-29 22:59:53,776{GMT}	INFO	[jepsen worker 1] jepsen.util: 1	:ok	:broadcast	60
2023-05-29 22:59:53,812{GMT}	INFO	[jepsen worker 2] jepsen.util: 2	:invoke	:broadcast	61
2023-05-29 22:59:53,814{GMT}	INFO	[jepsen worker 2] jepsen.util: 2	:ok	:broadcast	61
2023-05-29 22:59:53,979{GMT}	INFO	[jepsen worker 3] jepsen.util: 3	:invoke	:read	nil
2023-05-29 22:59:53,980{GMT}	INFO	[jepsen worker 3] jepsen.util: 3	:ok	:read	[0 1 1 2 3 4 5 5 6 7 9 10 11 11 12 15 16 17 17 18 20 24 25 26 26 28 29 32 33 36 37 37 39 40 41 43 44 44 45 46 46 48 52 52 53 56]
2023-05-29 22:59:54,176{GMT}	INFO	[jepsen worker 4] jepsen.util: 4	:invoke	:broadcast	62
2023-05-29 22:59:54,177{GMT}	INFO	[jepsen worker 4] jepsen.util: 4	:ok	:broadcast	62
2023-05-29 22:59:54,243{GMT}	INFO	[jepsen worker 0] jepsen.util: 0	:invoke	:read	nil
2023-05-29 22:59:54,245{GMT}	INFO	[jepsen worker 0] jepsen.util: 0	:ok	:read	[8 13 14 19 21 22 23 27 30 31 34 35 38 42 44 45 45 47 47 49 49 50 50 54 54 57 59 59 60]
2023-05-29 22:59:54,295{GMT}	INFO	[jepsen worker 0] jepsen.util: 0	:invoke	:read	nil
2023-05-29 22:59:54,297{GMT}	INFO	[jepsen worker 0] jepsen.util: 0	:ok	:read	[8 13 14 19 21 22 23 27 30 31 34 35 38 42 44 45 45 47 47 49 49 50 50 54 54 57 59 59 60]
2023-05-29 22:59:54,317{GMT}	INFO	[jepsen worker 1] jepsen.util: 1	:invoke	:read	nil
2023-05-29 22:59:54,319{GMT}	INFO	[jepsen worker 1] jepsen.util: 1	:ok	:read	[0 1 2 3 3 4 5 6 6 7 7 9 9 10 11 12 15 15 16 17 18 20 24 24 25 26 28 28 29 32 33 36 36 37 39 39 40 41 43 43 44 45 47 49 50 54 57 57 59 60 60]
2023-05-29 22:59:54,434{GMT}	INFO	[jepsen worker 2] jepsen.util: 2	:invoke	:read	nil
2023-05-29 22:59:54,436{GMT}	INFO	[jepsen worker 2] jepsen.util: 2	:ok	:read	[0 0 1 2 3 4 4 5 6 7 9 10 10 11 12 15 16 16 17 18 20 24 25 25 26 28 29 29 32 32 33 36 37 39 40 40 41 43 44 45 51 55 58 61]
2023-05-29 22:59:54,562{GMT}	INFO	[jepsen worker 3] jepsen.util: 3	:invoke	:broadcast	63
2023-05-29 22:59:54,564{GMT}	INFO	[jepsen worker 3] jepsen.util: 3	:ok	:broadcast	63
2023-05-29 22:59:54,590{GMT}	INFO	[jepsen worker 4] jepsen.util: 4	:invoke	:read	nil
2023-05-29 22:59:54,591{GMT}	INFO	[jepsen worker 4] jepsen.util: 4	:ok	:read	[0 1 2 2 3 4 5 6 7 9 10 11 12 12 15 16 17 18 18 20 20 24 25 26 28 29 32 33 33 36 37 39 40 41 41 43 44 45 46 48 48 52 53 53 56 56 62 62 63]
2023-05-29 22:59:54,654{GMT}	INFO	[jepsen worker 0] jepsen.util: 0	:invoke	:broadcast	64
2023-05-29 22:59:54,656{GMT}	INFO	[jepsen worker 0] jepsen.util: 0	:ok	:broadcast	64
2023-05-29 22:59:54,703{GMT}	INFO	[jepsen worker 0] jepsen.util: 0	:invoke	:broadcast	65
2023-05-29 22:59:54,704{GMT}	INFO	[jepsen worker 0] jepsen.util: 0	:ok	:broadcast	65
2023-05-29 22:59:54,772{GMT}	INFO	[jepsen worker 1] jepsen.util: 1	:invoke	:read	nil
2023-05-29 22:59:54,774{GMT}	INFO	[jepsen worker 1] jepsen.util: 1	:ok	:read	[0 1 2 3 3 4 5 6 6 7 7 9 9 10 11 12 15 15 16 17 18 20 24 24 25 26 28 28 29 32 33 36 36 37 39 39 40 41 43 43 44 45 47 49 50 54 57 57 59 60 60 64 65]
2023-05-29 22:59:54,788{GMT}	INFO	[jepsen worker 2] jepsen.util: 2	:invoke	:broadcast	66
2023-05-29 22:59:54,789{GMT}	INFO	[jepsen worker 2] jepsen.util: 2	:ok	:broadcast	66
2023-05-29 22:59:54,901{GMT}	INFO	[jepsen worker 3] jepsen.util: 3	:invoke	:broadcast	67
2023-05-29 22:59:54,903{GMT}	INFO	[jepsen worker 3] jepsen.util: 3	:ok	:broadcast	67
2023-05-29 22:59:54,970{GMT}	INFO	[jepsen worker 4] jepsen.util: 4	:invoke	:read	nil
2023-05-29 22:59:54,972{GMT}	INFO	[jepsen worker 4] jepsen.util: 4	:ok	:read	[0 1 2 2 3 4 5 6 7 9 10 11 12 12 15 16 17 18 18 20 20 24 25 26 28 29 32 33 33 36 37 39 40 41 41 43 44 45 46 48 48 52 53 53 56 56 62 62 63 67]
2023-05-29 22:59:54,976{GMT}	INFO	[jepsen worker 0] jepsen.util: 0	:invoke	:read	nil
2023-05-29 22:59:54,978{GMT}	INFO	[jepsen worker 0] jepsen.util: 0	:ok	:read	[8 13 14 19 21 22 23 27 30 31 34 35 38 42 44 45 45 47 47 49 49 50 50 54 54 57 59 59 60 64 64 65 65]
2023-05-29 22:59:55,054{GMT}	INFO	[jepsen worker 0] jepsen.util: 0	:invoke	:read	nil
2023-05-29 22:59:55,055{GMT}	INFO	[jepsen worker 0] jepsen.util: 0	:ok	:read	[8 13 14 19 21 22 23 27 30 31 34 35 38 42 44 45 45 47 47 49 49 50 50 54 54 57 59 59 60 64 64 65 65]
2023-05-29 22:59:55,078{GMT}	INFO	[jepsen worker 1] jepsen.util: 1	:invoke	:read	nil
2023-05-29 22:59:55,080{GMT}	INFO	[jepsen worker 1] jepsen.util: 1	:ok	:read	[0 1 2 3 3 4 5 6 6 7 7 9 9 10 11 12 15 15 16 17 18 20 24 24 25 26 28 28 29 32 33 36 36 37 39 39 40 41 43 43 44 45 47 49 50 54 57 57 59 60 60 64 65]
2023-05-29 22:59:55,145{GMT}	INFO	[jepsen worker 2] jepsen.util: 2	:invoke	:broadcast	68
2023-05-29 22:59:55,147{GMT}	INFO	[jepsen worker 2] jepsen.util: 2	:ok	:broadcast	68
2023-05-29 22:59:55,262{GMT}	INFO	[jepsen worker 3] jepsen.util: 3	:invoke	:broadcast	69
2023-05-29 22:59:55,264{GMT}	INFO	[jepsen worker 3] jepsen.util: 3	:ok	:broadcast	69
2023-05-29 22:59:55,412{GMT}	INFO	[jepsen worker 4] jepsen.util: 4	:invoke	:broadcast	70
2023-05-29 22:59:55,413{GMT}	INFO	[jepsen worker 4] jepsen.util: 4	:ok	:broadcast	70
2023-05-29 22:59:55,555{GMT}	INFO	[jepsen worker 0] jepsen.util: 0	:invoke	:broadcast	71
2023-05-29 22:59:55,557{GMT}	INFO	[jepsen worker 0] jepsen.util: 0	:ok	:broadcast	71
2023-05-29 22:59:55,586{GMT}	INFO	[jepsen worker 0] jepsen.util: 0	:invoke	:broadcast	72
2023-05-29 22:59:55,588{GMT}	INFO	[jepsen worker 0] jepsen.util: 0	:ok	:broadcast	72
2023-05-29 22:59:55,623{GMT}	INFO	[jepsen worker 1] jepsen.util: 1	:invoke	:broadcast	73
2023-05-29 22:59:55,624{GMT}	INFO	[jepsen worker 1] jepsen.util: 1	:ok	:broadcast	73
2023-05-29 22:59:55,823{GMT}	INFO	[jepsen worker 2] jepsen.util: 2	:invoke	:broadcast	74
2023-05-29 22:59:55,825{GMT}	INFO	[jepsen worker 2] jepsen.util: 2	:ok	:broadcast	74
2023-05-29 22:59:55,846{GMT}	INFO	[jepsen worker 3] jepsen.util: 3	:invoke	:read	nil
2023-05-29 22:59:55,847{GMT}	INFO	[jepsen worker 3] jepsen.util: 3	:ok	:read	[0 1 1 2 3 4 5 5 6 7 9 10 11 11 12 15 16 17 17 18 20 24 25 26 26 28 29 32 33 36 37 37 39 40 41 43 44 44 45 46 46 48 52 52 53 56 62 63 63 67 67 69 69 70]
2023-05-29 22:59:55,865{GMT}	INFO	[jepsen worker 4] jepsen.util: 4	:invoke	:broadcast	75
2023-05-29 22:59:55,867{GMT}	INFO	[jepsen worker 4] jepsen.util: 4	:ok	:broadcast	75
2023-05-29 22:59:55,908{GMT}	INFO	[jepsen worker 0] jepsen.util: 0	:invoke	:read	nil
2023-05-29 22:59:55,909{GMT}	INFO	[jepsen worker 0] jepsen.util: 0	:ok	:read	[8 13 14 19 21 22 23 27 30 31 34 35 38 42 44 45 45 47 47 49 49 50 50 54 54 57 59 59 60 64 64 65 65 71 71 72 72 73]
2023-05-29 22:59:56,101{GMT}	INFO	[jepsen worker 0] jepsen.util: 0	:invoke	:read	nil
2023-05-29 22:59:56,103{GMT}	INFO	[jepsen worker 0] jepsen.util: 0	:ok	:read	[8 13 14 19 21 22 23 27 30 31 34 35 38 42 44 45 45 47 47 49 49 50 50 54 54 57 59 59 60 64 64 65 65 71 71 72 72 73]
2023-05-29 22:59:56,165{GMT}	INFO	[jepsen worker 1] jepsen.util: 1	:invoke	:broadcast	76
2023-05-29 22:59:56,167{GMT}	INFO	[jepsen worker 1] jepsen.util: 1	:ok	:broadcast	76
2023-05-29 22:59:56,342{GMT}	INFO	[jepsen worker 2] jepsen.util: 2	:invoke	:broadcast	77
2023-05-29 22:59:56,343{GMT}	INFO	[jepsen worker 2] jepsen.util: 2	:ok	:broadcast	77
2023-05-29 22:59:56,350{GMT}	INFO	[jepsen worker 3] jepsen.util: 3	:invoke	:broadcast	78
2023-05-29 22:59:56,352{GMT}	INFO	[jepsen worker 3] jepsen.util: 3	:ok	:broadcast	78
2023-05-29 22:59:56,367{GMT}	INFO	[jepsen worker 4] jepsen.util: 4	:invoke	:broadcast	79
2023-05-29 22:59:56,369{GMT}	INFO	[jepsen worker 4] jepsen.util: 4	:ok	:broadcast	79
2023-05-29 22:59:56,502{GMT}	INFO	[jepsen worker 0] jepsen.util: 0	:invoke	:broadcast	80
2023-05-29 22:59:56,504{GMT}	INFO	[jepsen worker 0] jepsen.util: 0	:ok	:broadcast	80
2023-05-29 22:59:56,597{GMT}	INFO	[jepsen worker 0] jepsen.util: 0	:invoke	:read	nil
2023-05-29 22:59:56,599{GMT}	INFO	[jepsen worker 0] jepsen.util: 0	:ok	:read	[8 13 14 19 21 22 23 27 30 31 34 35 38 42 44 45 45 47 47 49 49 50 50 54 54 57 59 59 60 64 64 65 65 71 71 72 72 73 76 80 80]
2023-05-29 22:59:56,622{GMT}	INFO	[jepsen worker 1] jepsen.util: 1	:invoke	:broadcast	81
2023-05-29 22:59:56,624{GMT}	INFO	[jepsen worker 1] jepsen.util: 1	:ok	:broadcast	81
2023-05-29 22:59:56,773{GMT}	INFO	[jepsen worker 2] jepsen.util: 2	:invoke	:read	nil
2023-05-29 22:59:56,774{GMT}	INFO	[jepsen worker 2] jepsen.util: 2	:ok	:read	[0 0 1 2 3 4 4 5 6 7 9 10 10 11 12 15 16 16 17 18 20 24 25 25 26 28 29 29 32 32 33 36 37 39 40 40 41 43 44 45 51 55 58 61 66 68 74 77]
2023-05-29 22:59:56,829{GMT}	INFO	[jepsen worker 3] jepsen.util: 3	:invoke	:broadcast	82
2023-05-29 22:59:56,830{GMT}	INFO	[jepsen worker 3] jepsen.util: 3	:ok	:broadcast	82
2023-05-29 22:59:56,934{GMT}	INFO	[jepsen worker 4] jepsen.util: 4	:invoke	:broadcast	83
2023-05-29 22:59:56,935{GMT}	INFO	[jepsen worker 4] jepsen.util: 4	:ok	:broadcast	83
2023-05-29 22:59:57,042{GMT}	INFO	[jepsen worker 0] jepsen.util: 0	:invoke	:read	nil
2023-05-29 22:59:57,044{GMT}	INFO	[jepsen worker 0] jepsen.util: 0	:ok	:read	[8 13 14 19 21 22 23 27 30 31 34 35 38 42 44 45 45 47 47 49 49 50 50 54 54 57 59 59 60 64 64 65 65 71 71 72 72 73 76 80 80 81]
2023-05-29 22:59:57,197{GMT}	INFO	[jepsen worker 0] jepsen.util: 0	:invoke	:read	nil
2023-05-29 22:59:57,198{GMT}	INFO	[jepsen worker 0] jepsen.util: 0	:ok	:read	[8 13 14 19 21 22 23 27 30 31 34 35 38 42 44 45 45 47 47 49 49 50 50 54 54 57 59 59 60 64 64 65 65 71 71 72 72 73 76 80 80 81]
2023-05-29 22:59:57,343{GMT}	INFO	[jepsen worker 1] jepsen.util: 1	:invoke	:read	nil
2023-05-29 22:59:57,345{GMT}	INFO	[jepsen worker 1] jepsen.util: 1	:ok	:read	[0 1 2 3 3 4 5 6 6 7 7 9 9 10 11 12 15 15 16 17 18 20 24 24 25 26 28 28 29 32 33 36 36 37 39 39 40 41 43 43 44 45 47 49 50 54 57 57 59 60 60 64 65 71 72 73 73 76 76 80 81 81]
2023-05-29 22:59:57,517{GMT}	INFO	[jepsen worker 2] jepsen.util: 2	:invoke	:broadcast	84
2023-05-29 22:59:57,518{GMT}	INFO	[jepsen worker 2] jepsen.util: 2	:ok	:broadcast	84
2023-05-29 22:59:57,712{GMT}	INFO	[jepsen worker 3] jepsen.util: 3	:invoke	:read	nil
2023-05-29 22:59:57,714{GMT}	INFO	[jepsen worker 3] jepsen.util: 3	:ok	:read	[0 1 1 2 3 4 5 5 6 7 9 10 11 11 12 15 16 17 17 18 20 24 25 26 26 28 29 32 33 36 37 37 39 40 41 43 44 44 45 46 46 48 52 52 53 56 62 63 63 67 67 69 69 70 75 78 78 79 82 82 83]
2023-05-29 22:59:57,829{GMT}	INFO	[jepsen worker 4] jepsen.util: 4	:invoke	:read	nil
2023-05-29 22:59:57,831{GMT}	INFO	[jepsen worker 4] jepsen.util: 4	:ok	:read	[0 1 2 2 3 4 5 6 7 9 10 11 12 12 15 16 17 18 18 20 20 24 25 26 28 29 32 33 33 36 37 39 40 41 41 43 44 45 46 48 48 52 53 53 56 56 62 62 63 67 69 70 70 75 75 78 79 79 82 83 83]
2023-05-29 22:59:58,001{GMT}	INFO	[jepsen worker 0] jepsen.util: 0	:invoke	:broadcast	85
2023-05-29 22:59:58,002{GMT}	INFO	[jepsen worker 0] jepsen.util: 0	:ok	:broadcast	85
2023-05-29 22:59:58,154{GMT}	INFO	[jepsen worker 0] jepsen.util: 0	:invoke	:broadcast	86
2023-05-29 22:59:58,156{GMT}	INFO	[jepsen worker 0] jepsen.util: 0	:ok	:broadcast	86
2023-05-29 22:59:58,309{GMT}	INFO	[jepsen worker 1] jepsen.util: 1	:invoke	:broadcast	87
2023-05-29 22:59:58,311{GMT}	INFO	[jepsen worker 1] jepsen.util: 1	:ok	:broadcast	87
2023-05-29 22:59:58,434{GMT}	INFO	[jepsen worker 2] jepsen.util: 2	:invoke	:read	nil
2023-05-29 22:59:58,436{GMT}	INFO	[jepsen worker 2] jepsen.util: 2	:ok	:read	[0 0 1 2 3 4 4 5 6 7 9 10 10 11 12 15 16 16 17 18 20 24 25 25 26 28 29 29 32 32 33 36 37 39 40 40 41 43 44 45 51 55 58 61 66 68 74 77 84]
2023-05-29 22:59:58,572{GMT}	INFO	[jepsen worker 3] jepsen.util: 3	:invoke	:read	nil
2023-05-29 22:59:58,574{GMT}	INFO	[jepsen worker 3] jepsen.util: 3	:ok	:read	[0 1 1 2 3 4 5 5 6 7 9 10 11 11 12 15 16 17 17 18 20 24 25 26 26 28 29 32 33 36 37 37 39 40 41 43 44 44 45 46 46 48 52 52 53 56 62 63 63 67 67 69 69 70 75 78 78 79 82 82 83]
2023-05-29 22:59:58,586{GMT}	INFO	[jepsen worker 4] jepsen.util: 4	:invoke	:broadcast	88
2023-05-29 22:59:58,587{GMT}	INFO	[jepsen worker 4] jepsen.util: 4	:ok	:broadcast	88
2023-05-29 22:59:58,684{GMT}	INFO	[jepsen worker 0] jepsen.util: 0	:invoke	:broadcast	89
2023-05-29 22:59:58,685{GMT}	INFO	[jepsen worker 0] jepsen.util: 0	:ok	:broadcast	89
2023-05-29 22:59:58,738{GMT}	INFO	[jepsen worker 0] jepsen.util: 0	:invoke	:read	nil
2023-05-29 22:59:58,739{GMT}	INFO	[jepsen worker 0] jepsen.util: 0	:ok	:read	[8 13 14 19 21 22 23 27 30 31 34 35 38 42 44 45 45 47 47 49 49 50 50 54 54 57 59 59 60 64 64 65 65 71 71 72 72 73 76 80 80 81 85 85 86 86 87 89 89]
2023-05-29 22:59:58,772{GMT}	INFO	[jepsen worker 1] jepsen.util: 1	:invoke	:broadcast	90
2023-05-29 22:59:58,774{GMT}	INFO	[jepsen worker 1] jepsen.util: 1	:ok	:broadcast	90
2023-05-29 22:59:58,938{GMT}	INFO	[jepsen worker 2] jepsen.util: 2	:invoke	:read	nil
2023-05-29 22:59:58,939{GMT}	INFO	[jepsen worker 2] jepsen.util: 2	:ok	:read	[0 0 1 2 3 4 4 5 6 7 9 10 10 11 12 15 16 16 17 18 20 24 25 25 26 28 29 29 32 32 33 36 37 39 40 40 41 43 44 45 51 55 58 61 66 68 74 77 84]
2023-05-29 22:59:59,079{GMT}	INFO	[jepsen worker 3] jepsen.util: 3	:invoke	:broadcast	91
2023-05-29 22:59:59,080{GMT}	INFO	[jepsen worker 3] jepsen.util: 3	:ok	:broadcast	91
2023-05-29 22:59:59,272{GMT}	INFO	[jepsen worker 4] jepsen.util: 4	:invoke	:broadcast	92
2023-05-29 22:59:59,274{GMT}	INFO	[jepsen worker 4] jepsen.util: 4	:ok	:broadcast	92
2023-05-29 22:59:59,395{GMT}	INFO	[jepsen worker 0] jepsen.util: 0	:invoke	:broadcast	93
2023-05-29 22:59:59,396{GMT}	INFO	[jepsen worker 0] jepsen.util: 0	:ok	:broadcast	93
2023-05-29 22:59:59,490{GMT}	INFO	[jepsen worker 0] jepsen.util: 0	:invoke	:broadcast	94
2023-05-29 22:59:59,492{GMT}	INFO	[jepsen worker 0] jepsen.util: 0	:ok	:broadcast	94
2023-05-29 22:59:59,572{GMT}	INFO	[jepsen worker 1] jepsen.util: 1	:invoke	:broadcast	95
2023-05-29 22:59:59,574{GMT}	INFO	[jepsen worker 1] jepsen.util: 1	:ok	:broadcast	95
2023-05-29 22:59:59,634{GMT}	INFO	[jepsen worker 2] jepsen.util: 2	:invoke	:broadcast	96
2023-05-29 22:59:59,635{GMT}	INFO	[jepsen worker 2] jepsen.util: 2	:ok	:broadcast	96
2023-05-29 22:59:59,828{GMT}	INFO	[jepsen worker 3] jepsen.util: 3	:invoke	:broadcast	97
2023-05-29 22:59:59,830{GMT}	INFO	[jepsen worker 3] jepsen.util: 3	:ok	:broadcast	97
2023-05-29 22:59:59,968{GMT}	INFO	[jepsen worker 4] jepsen.util: 4	:invoke	:broadcast	98
2023-05-29 22:59:59,969{GMT}	INFO	[jepsen worker 4] jepsen.util: 4	:ok	:broadcast	98
2023-05-29 23:00:00,030{GMT}	INFO	[jepsen worker 0] jepsen.util: 0	:invoke	:broadcast	99
2023-05-29 23:00:00,032{GMT}	INFO	[jepsen worker 0] jepsen.util: 0	:ok	:broadcast	99
2023-05-29 23:00:00,161{GMT}	INFO	[jepsen worker 0] jepsen.util: 0	:invoke	:broadcast	100
2023-05-29 23:00:00,163{GMT}	INFO	[jepsen worker 0] jepsen.util: 0	:ok	:broadcast	100
2023-05-29 23:00:00,228{GMT}	INFO	[jepsen worker nemesis] jepsen.util: :nemesis	:info	:stop-partition	nil
2023-05-29 23:00:00,228{GMT}	INFO	[jepsen worker nemesis] jepsen.util: :nemesis	:info	:stop-partition	:network-healed
2023-05-29 23:00:00,273{GMT}	INFO	[jepsen worker 2] jepsen.util: 2	:invoke	:read	nil
2023-05-29 23:00:00,282{GMT}	INFO	[jepsen worker 2] jepsen.util: 2	:ok	:read	[0 0 1 2 3 4 4 5 6 7 9 10 10 11 12 15 16 16 17 18 20 24 25 25 26 28 29 29 32 32 33 36 37 39 40 40 41 43 44 45 51 55 58 61 66 68 74 77 84 96]
2023-05-29 23:00:00,415{GMT}	INFO	[jepsen worker 3] jepsen.util: 3	:invoke	:broadcast	101
2023-05-29 23:00:00,417{GMT}	INFO	[jepsen worker 3] jepsen.util: 3	:ok	:broadcast	101
2023-05-29 23:00:00,462{GMT}	INFO	[jepsen worker 4] jepsen.util: 4	:invoke	:broadcast	102
2023-05-29 23:00:00,464{GMT}	INFO	[jepsen worker 4] jepsen.util: 4	:ok	:broadcast	102
2023-05-29 23:00:00,549{GMT}	INFO	[jepsen worker 0] jepsen.util: 0	:invoke	:read	nil
2023-05-29 23:00:00,551{GMT}	INFO	[jepsen worker 0] jepsen.util: 0	:ok	:read	[8 13 14 19 21 22 23 27 30 31 34 35 38 42 44 45 45 47 47 49 49 50 50 54 54 57 59 59 60 64 64 65 65 71 71 72 72 73 76 80 80 81 85 85 86 86 87 89 89 90 93 93 94 94 95 99 99 100 100 101 102]
2023-05-29 23:00:00,628{GMT}	INFO	[jepsen worker 0] jepsen.util: 0	:invoke	:broadcast	103
2023-05-29 23:00:00,629{GMT}	INFO	[jepsen worker 0] jepsen.util: 0	:ok	:broadcast	103
2023-05-29 23:00:00,778{GMT}	INFO	[jepsen worker 1] jepsen.util: 1	:invoke	:read	nil
2023-05-29 23:00:00,780{GMT}	INFO	[jepsen worker 1] jepsen.util: 1	:ok	:read	[0 1 2 3 3 4 5 6 6 7 7 9 9 10 11 12 15 15 16 17 18 20 24 24 25 26 28 28 29 32 33 36 36 37 39 39 40 41 43 43 44 45 47 49 50 54 57 57 59 60 60 64 65 71 72 73 73 76 76 80 81 81 85 86 87 87 89 90 90 93 94 95 95 99 100 101 102 103]
2023-05-29 23:00:00,917{GMT}	INFO	[jepsen worker 2] jepsen.util: 2	:invoke	:read	nil
2023-05-29 23:00:00,919{GMT}	INFO	[jepsen worker 2] jepsen.util: 2	:ok	:read	[0 0 1 2 3 4 4 5 6 7 9 10 10 11 12 15 16 16 17 18 20 24 25 25 26 28 29 29 32 32 33 36 37 39 40 40 41 43 44 45 51 55 58 61 66 68 74 77 84 96 101 102 103]
2023-05-29 23:00:00,919{GMT}	INFO	[jepsen worker nemesis] jepsen.util: :nemesis	:info	:stop-partition	nil
2023-05-29 23:00:00,919{GMT}	INFO	[jepsen worker nemesis] jepsen.util: :nemesis	:info	:stop-partition	:network-healed
2023-05-29 23:00:00,919{GMT}	INFO	[jepsen worker 4] jepsen.generator.interpreter: Waiting for recovery...
2023-05-29 23:00:10,925{GMT}	INFO	[jepsen worker 3] jepsen.util: 3	:invoke	:read	nil
2023-05-29 23:00:10,925{GMT}	INFO	[jepsen worker 1] jepsen.util: 1	:invoke	:read	nil
2023-05-29 23:00:10,925{GMT}	INFO	[jepsen worker 0] jepsen.util: 0	:invoke	:read	nil
2023-05-29 23:00:10,925{GMT}	INFO	[jepsen worker 4] jepsen.util: 4	:invoke	:read	nil
2023-05-29 23:00:10,926{GMT}	INFO	[jepsen worker 2] jepsen.util: 2	:invoke	:read	nil
2023-05-29 23:00:10,927{GMT}	INFO	[jepsen worker 1] jepsen.util: 1	:ok	:read	[0 1 2 3 3 4 5 6 6 7 7 9 9 10 11 12 15 15 16 17 18 20 24 24 25 26 28 28 29 32 33 36 36 37 39 39 40 41 43 43 44 45 47 49 50 54 57 57 59 60 60 64 65 71 72 73 73 76 76 80 81 81 85 86 87 87 89 90 90 93 94 95 95 99 100 101 102 103]
2023-05-29 23:00:10,927{GMT}	INFO	[jepsen worker 3] jepsen.util: 3	:ok	:read	[0 1 1 2 3 4 5 5 6 7 9 10 11 11 12 15 16 17 17 18 20 24 25 26 26 28 29 32 33 36 37 37 39 40 41 43 44 44 45 46 46 48 52 52 53 56 62 63 63 67 67 69 69 70 75 78 78 79 82 82 83 88 91 91 92 97 97 98 101 101 102 103]
2023-05-29 23:00:10,928{GMT}	INFO	[jepsen worker 4] jepsen.util: 4	:ok	:read	[0 1 2 2 3 4 5 6 7 9 10 11 12 12 15 16 17 18 18 20 20 24 25 26 28 29 32 33 33 36 37 39 40 41 41 43 44 45 46 48 48 52 53 53 56 56 62 62 63 67 69 70 70 75 75 78 79 79 82 83 83 88 88 91 92 92 97 98 98 101 102 102 103]
2023-05-29 23:00:10,928{GMT}	INFO	[jepsen worker 2] jepsen.util: 2	:ok	:read	[0 0 1 2 3 4 4 5 6 7 9 10 10 11 12 15 16 16 17 18 20 24 25 25 26 28 29 29 32 32 33 36 37 39 40 40 41 43 44 45 51 55 58 61 66 68 74 77 84 96 101 102 103]
2023-05-29 23:00:10,928{GMT}	INFO	[jepsen worker 0] jepsen.util: 0	:ok	:read	[8 13 14 19 21 22 23 27 30 31 34 35 38 42 44 45 45 47 47 49 49 50 50 54 54 57 59 59 60 64 64 65 65 71 71 72 72 73 76 80 80 81 85 85 86 86 87 89 89 90 93 93 94 94 95 99 99 100 100 101 102 103 103]
2023-05-29 23:00:10,951{GMT}	INFO	[jepsen test runner] jepsen.core: Run complete, writing
2023-05-29 23:00:11,027{GMT}	INFO	[jepsen node n1] maelstrom.db: Tearing down n1
2023-05-29 23:00:11,027{GMT}	INFO	[jepsen node n0] maelstrom.db: Tearing down n0
2023-05-29 23:00:11,027{GMT}	INFO	[jepsen node n2] maelstrom.db: Tearing down n2
2023-05-29 23:00:11,027{GMT}	INFO	[jepsen node n3] maelstrom.db: Tearing down n3
2023-05-29 23:00:11,028{GMT}	INFO	[jepsen node n4] maelstrom.db: Tearing down n4
2023-05-29 23:00:12,721{GMT}	INFO	[jepsen node n0] maelstrom.net: Shutting down Maelstrom network
2023-05-29 23:00:12,726{GMT}	INFO	[jepsen test runner] jepsen.core: Analyzing...
2023-05-29 23:00:13,212{GMT}	INFO	[jepsen test runner] jepsen.core: Analysis complete
2023-05-29 23:00:13,246{GMT}	INFO	[jepsen results] jepsen.store: Wrote /Users/adicardrz/go-projects/maelstrom-challenges/maelstrom/store/broadcast/20230529T225938.299+0200/results.edn
2023-05-29 23:00:13,304{GMT}	INFO	[jepsen test runner] jepsen.core: {:perf {:latency-graph {:valid? true},
        :rate-graph {:valid? true},
        :valid? true},
 :timeline {:valid? true},
 :exceptions {:valid? true},
 :stats {:valid? true,
         :count 196,
         :ok-count 196,
         :fail-count 0,
         :info-count 0,
         :by-f {:broadcast {:valid? true,
                            :count 104,
                            :ok-count 104,
                            :fail-count 0,
                            :info-count 0},
                :read {:valid? true,
                       :count 92,
                       :ok-count 92,
                       :fail-count 0,
                       :info-count 0}}},
 :availability {:valid? true, :ok-fraction 1.0},
 :net {:all {:send-count 1536,
             :recv-count 1254,
             :msg-count 1536,
             :msgs-per-op 7.836735},
       :clients {:send-count 412, :recv-count 412, :msg-count 412},
       :servers {:send-count 1124,
                 :recv-count 842,
                 :msg-count 1124,
                 :msgs-per-op 5.734694},
       :valid? true},
 :workload {:worst-stale ({:element 0,
                           :outcome :stable,
                           :stable-latency 29809,
                           :lost-latency nil,
                           :known #jepsen.history.Op{:index 5,
                                                     :time 206637501,
                                                     :type :ok,
                                                     :process 2,
                                                     :f :add,
                                                     :value 0},
                           :last-absent #jepsen.history.Op{:index 394,
                                                           :time 30016204359,
                                                           :type :invoke,
                                                           :process 0,
                                                           :f :read,
                                                           :value nil,
                                                           :final? true}}
                          {:element 1,
                           :outcome :stable,
                           :stable-latency 29667,
                           :lost-latency nil,
                           :known #jepsen.history.Op{:index 7,
                                                     :time 348306038,
                                                     :type :ok,
                                                     :process 3,
                                                     :f :add,
                                                     :value 1},
                           :last-absent #jepsen.history.Op{:index 394,
                                                           :time 30016204359,
                                                           :type :invoke,
                                                           :process 0,
                                                           :f :read,
                                                           :value nil,
                                                           :final? true}}
                          {:element 2,
                           :outcome :stable,
                           :stable-latency 29554,
                           :lost-latency nil,
                           :known #jepsen.history.Op{:index 9,
                                                     :time 461934465,
                                                     :type :ok,
                                                     :process 4,
                                                     :f :add,
                                                     :value 2},
                           :last-absent #jepsen.history.Op{:index 394,
                                                           :time 30016204359,
                                                           :type :invoke,
                                                           :process 0,
                                                           :f :read,
                                                           :value nil,
                                                           :final? true}}
                          {:element 3,
                           :outcome :stable,
                           :stable-latency 29325,
                           :lost-latency nil,
                           :known #jepsen.history.Op{:index 15,
                                                     :time 691158358,
                                                     :type :ok,
                                                     :process 1,
                                                     :f :add,
                                                     :value 3},
                           :last-absent #jepsen.history.Op{:index 394,
                                                           :time 30016204359,
                                                           :type :invoke,
                                                           :process 0,
                                                           :f :read,
                                                           :value nil,
                                                           :final? true}}
                          {:element 4,
                           :outcome :stable,
                           :stable-latency 29143,
                           :lost-latency nil,
                           :known #jepsen.history.Op{:index 17,
                                                     :time 872983507,
                                                     :type :ok,
                                                     :process 2,
                                                     :f :add,
                                                     :value 4},
                           :last-absent #jepsen.history.Op{:index 394,
                                                           :time 30016204359,
                                                           :type :invoke,
                                                           :process 0,
                                                           :f :read,
                                                           :value nil,
                                                           :final? true}}
                          {:element 5,
                           :outcome :stable,
                           :stable-latency 29109,
                           :lost-latency nil,
                           :known #jepsen.history.Op{:index 19,
                                                     :time 906954325,
                                                     :type :ok,
                                                     :process 3,
                                                     :f :add,
                                                     :value 5},
                           :last-absent #jepsen.history.Op{:index 394,
                                                           :time 30016204359,
                                                           :type :invoke,
                                                           :process 0,
                                                           :f :read,
                                                           :value nil,
                                                           :final? true}}
                          {:element 6,
                           :outcome :stable,
                           :stable-latency 28993,
                           :lost-latency nil,
                           :known #jepsen.history.Op{:index 25,
                                                     :time 1022962296,
                                                     :type :ok,
                                                     :process 1,
                                                     :f :add,
                                                     :value 6},
                           :last-absent #jepsen.history.Op{:index 394,
                                                           :time 30016204359,
                                                           :type :invoke,
                                                           :process 0,
                                                           :f :read,
                                                           :value nil,
                                                           :final? true}}
                          {:element 7,
                           :outcome :stable,
                           :stable-latency 28909,
                           :lost-latency nil,
                           :known #jepsen.history.Op{:index 27,
                                                     :time 1107107130,
                                                     :type :ok,
                                                     :process 1,
                                                     :f :add,
                                                     :value 7},
                           :last-absent #jepsen.history.Op{:index 394,
                                                           :time 30016204359,
                                                           :type :invoke,
                                                           :process 0,
                                                           :f :read,
                                                           :value nil,
                                                           :final? true}}),
            :duplicated-count 0,
            :valid? false,
            :lost-count 59,
            :lost (8
                   13
                   14
                   19
                   21
                   22
                   23
                   27
                   30
                   31
                   34
                   35
                   38
                   42
                   46
                   47
                   48
                   49
                   50
                   52
                   53
                   54
                   56
                   57
                   59
                   60
                   62
                   63
                   64
                   65
                   67
                   69
                   70
                   71
                   72
                   73
                   75
                   76
                   78
                   79
                   80
                   81
                   82
                   83
                   85
                   86
                   87
                   88
                   89
                   90
                   91
                   92
                   93
                   94
                   95
                   97
                   98
                   99
                   100),
            :stable-count 45,
            :stale-count 40,
            :stale (0
                    1
                    2
                    3
                    4
                    5
                    6
                    7
                    9
                    10
                    11
                    12
                    15
                    16
                    17
                    18
                    20
                    24
                    25
                    26
                    28
                    29
                    32
                    33
                    36
                    37
                    39
                    40
                    41
                    43
                    51
                    55
                    58
                    61
                    66
                    68
                    74
                    77
                    84
                    96),
            :never-read-count 0,
            :stable-latencies {0 0,
                               0.5 23167,
                               0.95 29554,
                               0.99 29809,
                               1 29809},
            :attempt-count 104,
            :lost-latencies {0 10762,
                             0.5 16221,
                             0.95 26624,
                             0.99 28413,
                             1 28413},
            :never-read (),
            :duplicated {}},
 :valid? false}


Analysis invalid! ( 
