2023/05/29 22:17:47 Received {c1 n4 {"type":"init","node_id":"n4","node_ids":["n0","n1","n2","n3","n4"],"msg_id":1}}
2023/05/29 22:17:47 Node n4 initialized
2023/05/29 22:17:47 Sent {"src":"n4","dest":"c1","body":{"in_reply_to":1,"type":"init_ok"}}
2023/05/29 22:17:47 Received {c9 n4 {"type":"topology","topology":{"n0":["n3","n1"],"n1":["n4","n2","n0"],"n2":["n1"],"n3":["n0","n4"],"n4":["n1","n3"]},"msg_id":1}}
2023/05/29 22:17:47 Sent {"src":"n4","dest":"c9","body":{"in_reply_to":1,"type":"topology_ok"}}
2023/05/29 22:17:47 Received {n1 n4 {"counter":1,"message":1,"sender":"n1","type":"gossip"}}
2023/05/29 22:17:47 Sent {"src":"n4","dest":"n1","body":{"counter":1,"message":1,"sender":"n1","type":"gossip"}}
2023/05/29 22:17:47 Sent {"src":"n4","dest":"n3","body":{"counter":1,"message":1,"sender":"n1","type":"gossip"}}
2023/05/29 22:17:47 Sent {"src":"n4","dest":"n1","body":{"in_reply_to":0,"type":"gossip_ok"}}
2023/05/29 22:17:47 Received {n1 n4 {"counter":1,"message":0,"sender":"n0","type":"gossip"}}
2023/05/29 22:17:47 Received {n3 n4 {"counter":1,"message":0,"sender":"n0","type":"gossip"}}
2023/05/29 22:17:47 Sent {"src":"n4","dest":"n1","body":{"counter":1,"message":0,"sender":"n0","type":"gossip"}}
2023/05/29 22:17:47 Sent {"src":"n4","dest":"n3","body":{"counter":1,"message":0,"sender":"n0","type":"gossip"}}
2023/05/29 22:17:47 Sent {"src":"n4","dest":"n1","body":{"in_reply_to":0,"type":"gossip_ok"}}
2023/05/29 22:17:47 Sent {"src":"n4","dest":"n3","body":{"in_reply_to":0,"type":"gossip_ok"}}
2023/05/29 22:17:47 Received {n1 n4 {"counter":1,"message":1,"sender":"n1","type":"gossip"}}
2023/05/29 22:17:47 Sent {"src":"n4","dest":"n1","body":{"in_reply_to":0,"type":"gossip_ok"}}
2023/05/29 22:17:47 Received {n3 n4 {"counter":1,"message":1,"sender":"n1","type":"gossip"}}
2023/05/29 22:17:47 Received {n1 n4 {"in_reply_to":0,"type":"gossip_ok"}}
2023/05/29 22:17:47 No handler for {"id":52,"src":"n1","dest":"n4","body":{"in_reply_to":0,"type":"gossip_ok"}}
