2023-05-29 22:17:58,759{GMT}	INFO	[jepsen test runner] jepsen.core: Command line:
lein run test -w broadcast --bin /Users/adicardrz/go/bin/maelstrom-broadcast --node-count 5 --time-limit 20 --rate 10
2023-05-29 22:17:58,858{GMT}	INFO	[jepsen test runner] jepsen.core: Running test:
{:args []
 :remote
 #jepsen.control.retry.Remote{:remote #jepsen.control.scp.Remote{:cmd-remote #jepsen.control.sshj.SSHJRemote{:concurrency-limit 6,
                                                                                                             :conn-spec nil,
                                                                                                             :client nil,
                                                                                                             :semaphore nil},
                                                                 :conn-spec nil},
                              :conn nil}
 :log-net-send false
 :node-count 5
 :availability nil
 :max-txn-length 4
 :concurrency 5
 :db
 #object[maelstrom.db$db$reify__16142
         "0x60035f1e"
         "maelstrom.db$db$reify__16142@60035f1e"]
 :max-writes-per-key 16
 :leave-db-running? false
 :name "broadcast"
 :logging-json? false
 :start-time
 #object[org.joda.time.DateTime "0x2459715c" "2023-05-29T22:17:58.723+02:00"]
 :nemesis-interval 10
 :net
 #object[maelstrom.net$jepsen_net$reify__15251
         "0x401e36ab"
         "maelstrom.net$jepsen_net$reify__15251@401e36ab"]
 :client
 #object[maelstrom.workload.broadcast$client$reify__16644
         "0x4ce66169"
         "maelstrom.workload.broadcast$client$reify__16644@4ce66169"]
 :barrier
 #object[java.util.concurrent.CyclicBarrier
         "0x53d0cf4d"
         "java.util.concurrent.CyclicBarrier@53d0cf4d"]
 :log-stderr false
 :pure-generators true
 :ssh {:dummy? true}
 :rate 10.0
 :checker
 #object[jepsen.checker$compose$reify__11881
         "0x3c6c87fa"
         "jepsen.checker$compose$reify__11881@3c6c87fa"]
 :argv
 ("test"
  "-w"
  "broadcast"
  "--bin"
  "/Users/adicardrz/go/bin/maelstrom-broadcast"
  "--node-count"
  "5"
  "--time-limit"
  "20"
  "--rate"
  "10")
 :nemesis
 (jepsen.nemesis.ReflCompose
  {:fm {:start-partition 0,
        :stop-partition 0,
        :kill 1,
        :start 1,
        :pause 1,
        :resume 1},
   :nemeses [#unprintable "jepsen.nemesis.combined$partition_nemesis$reify__16416@d7645b2"
             #unprintable "jepsen.nemesis.combined$db_nemesis$reify__16397@72e4905c"]})
 :nodes ["n0" "n1" "n2" "n3" "n4"]
 :test-count 1
 :latency {:mean 0, :dist :constant}
 :bin "/Users/adicardrz/go/bin/maelstrom-broadcast"
 :generator
 ((jepsen.generator.Synchronize
   {:gen (jepsen.generator.TimeLimit
          {:limit 20000000000,
           :cutoff nil,
           :gen (jepsen.generator.Any
                 {:gens [(jepsen.generator.OnThreads
                          {:f #{:nemesis},
                           :context-filter #object[jepsen.generator.context$make_thread_filter$lazy_filter__9167
                                                   "0x383c94ed"
                                                   "jepsen.generator.context$make_thread_filter$lazy_filter__9167@383c94ed"],
                           :gen nil})
                         (jepsen.generator.OnThreads
                          {:f #jepsen.generator.context.AllBut{:element :nemesis},
                           :context-filter #object[jepsen.generator.context$make_thread_filter$lazy_filter__9167
                                                   "0x293ccbdd"
                                                   "jepsen.generator.context$make_thread_filter$lazy_filter__9167@293ccbdd"],
                           :gen (jepsen.generator.Stagger
                                 {:dt 200000000,
                                  :next-time nil,
                                  :gen (jepsen.generator.Mix
                                        {:i 1,
                                         :gens [({:f :broadcast, :value 0}
                                                 {:f :broadcast, :value 1}
                                                 {:f :broadcast, :value 2}
                                                 {:f :broadcast, :value 3}
                                                 {:f :broadcast, :value 4}
                                                 {:f :broadcast, :value 5}
                                                 {:f :broadcast, :value 6}
                                                 {:f :broadcast, :value 7}
                                                 ...)
                                                ({:f :read}
                                                 {:f :read}
                                                 {:f :read}
                                                 {:f :read}
                                                 {:f :read}
                                                 {:f :read}
                                                 {:f :read}
                                                 {:f :read}
                                                 ...)]})})})]})})})
  (jepsen.generator.Synchronize
   {:gen (jepsen.generator.OnThreads
          {:f #{:nemesis},
           :context-filter #object[jepsen.generator.context$make_thread_filter$lazy_filter__9167
                                   "0x474a63d9"
                                   "jepsen.generator.context$make_thread_filter$lazy_filter__9167@474a63d9"],
           :gen ()})})
  (jepsen.generator.Synchronize
   {:gen {:type :log, :value "Waiting for recovery..."}})
  (jepsen.generator.Synchronize {:gen {:type :sleep, :value 10}})
  (jepsen.generator.Synchronize
   {:gen (jepsen.generator.OnThreads
          {:f #jepsen.generator.context.AllBut{:element :nemesis},
           :context-filter #object[jepsen.generator.context$make_thread_filter$lazy_filter__9167
                                   "0x1b8d0c21"
                                   "jepsen.generator.context$make_thread_filter$lazy_filter__9167@1b8d0c21"],
           :gen (jepsen.generator.EachThread
                 {:fresh-gen {:f :read, :final? true},
                  :context-filters #object[clojure.core$promise$reify__8591
                                           "0x54a04eae"
                                           {:status :pending, :val nil}],
                  :gens {}})})}))
 :log-net-recv false
 :os
 #object[maelstrom.net$jepsen_os$reify__15254
         "0x4664fef"
         "maelstrom.net$jepsen_os$reify__15254@4664fef"]
 :time-limit 20
 :workload :broadcast
 :consistency-models [:strict-serializable]
 :topology :grid}

2023-05-29 22:18:01,056{GMT}	INFO	[jepsen node n0] maelstrom.net: Starting Maelstrom network
2023-05-29 22:18:01,057{GMT}	INFO	[jepsen test runner] jepsen.db: Tearing down DB
2023-05-29 22:18:01,059{GMT}	INFO	[jepsen test runner] jepsen.db: Setting up DB
2023-05-29 22:18:01,062{GMT}	INFO	[jepsen node n3] maelstrom.db: Setting up n3
2023-05-29 22:18:01,062{GMT}	INFO	[jepsen node n4] maelstrom.db: Setting up n4
2023-05-29 22:18:01,062{GMT}	INFO	[jepsen node n2] maelstrom.db: Setting up n2
2023-05-29 22:18:01,062{GMT}	INFO	[jepsen node n1] maelstrom.db: Setting up n1
2023-05-29 22:18:01,063{GMT}	INFO	[jepsen node n3] maelstrom.process: launching /Users/adicardrz/go/bin/maelstrom-broadcast []
2023-05-29 22:18:01,063{GMT}	INFO	[jepsen node n4] maelstrom.process: launching /Users/adicardrz/go/bin/maelstrom-broadcast []
2023-05-29 22:18:01,063{GMT}	INFO	[jepsen node n1] maelstrom.process: launching /Users/adicardrz/go/bin/maelstrom-broadcast []
2023-05-29 22:18:01,063{GMT}	INFO	[jepsen node n2] maelstrom.process: launching /Users/adicardrz/go/bin/maelstrom-broadcast []
2023-05-29 22:18:01,065{GMT}	INFO	[jepsen node n0] maelstrom.service: Starting services: (lin-kv lin-tso lww-kv seq-kv)
2023-05-29 22:18:01,067{GMT}	INFO	[jepsen node n0] maelstrom.db: Setting up n0
2023-05-29 22:18:01,068{GMT}	INFO	[jepsen node n0] maelstrom.process: launching /Users/adicardrz/go/bin/maelstrom-broadcast []
2023-05-29 22:18:01,336{GMT}	INFO	[jepsen test runner] jepsen.core: Relative time begins now
2023-05-29 22:18:01,355{GMT}	INFO	[jepsen worker 0] jepsen.util: 0	:invoke	:read	nil
2023-05-29 22:18:01,359{GMT}	INFO	[jepsen worker 0] jepsen.util: 0	:ok	:read	[]
2023-05-29 22:18:01,529{GMT}	INFO	[jepsen worker 1] jepsen.util: 1	:invoke	:read	nil
2023-05-29 22:18:01,532{GMT}	INFO	[jepsen worker 1] jepsen.util: 1	:ok	:read	[]
2023-05-29 22:18:01,687{GMT}	INFO	[jepsen worker 2] jepsen.util: 2	:invoke	:broadcast	0
2023-05-29 22:18:01,690{GMT}	INFO	[jepsen worker 2] jepsen.util: 2	:ok	:broadcast	0
2023-05-29 22:18:01,845{GMT}	INFO	[jepsen worker 3] jepsen.util: 3	:invoke	:read	nil
2023-05-29 22:18:01,848{GMT}	INFO	[jepsen worker 3] jepsen.util: 3	:ok	:read	[0]
2023-05-29 22:18:02,045{GMT}	INFO	[jepsen worker 4] jepsen.util: 4	:invoke	:read	nil
2023-05-29 22:18:02,048{GMT}	INFO	[jepsen worker 4] jepsen.util: 4	:ok	:read	[0]
2023-05-29 22:18:02,128{GMT}	INFO	[jepsen worker 0] jepsen.util: 0	:invoke	:broadcast	1
2023-05-29 22:18:02,131{GMT}	INFO	[jepsen worker 0] jepsen.util: 0	:ok	:broadcast	1
2023-05-29 22:18:02,288{GMT}	INFO	[jepsen worker 0] jepsen.util: 0	:invoke	:broadcast	2
2023-05-29 22:18:02,291{GMT}	INFO	[jepsen worker 0] jepsen.util: 0	:ok	:broadcast	2
2023-05-29 22:18:02,440{GMT}	INFO	[jepsen worker 1] jepsen.util: 1	:invoke	:read	nil
2023-05-29 22:18:02,443{GMT}	INFO	[jepsen worker 1] jepsen.util: 1	:ok	:read	[0 1 2]
2023-05-29 22:18:02,538{GMT}	INFO	[jepsen worker 2] jepsen.util: 2	:invoke	:broadcast	3
2023-05-29 22:18:02,540{GMT}	INFO	[jepsen worker 2] jepsen.util: 2	:ok	:broadcast	3
2023-05-29 22:18:02,687{GMT}	INFO	[jepsen worker 3] jepsen.util: 3	:invoke	:broadcast	4
2023-05-29 22:18:02,691{GMT}	INFO	[jepsen worker 3] jepsen.util: 3	:ok	:broadcast	4
2023-05-29 22:18:02,796{GMT}	INFO	[jepsen worker 4] jepsen.util: 4	:invoke	:broadcast	5
2023-05-29 22:18:02,799{GMT}	INFO	[jepsen worker 4] jepsen.util: 4	:ok	:broadcast	5
2023-05-29 22:18:02,959{GMT}	INFO	[jepsen worker 0] jepsen.util: 0	:invoke	:broadcast	6
2023-05-29 22:18:02,962{GMT}	INFO	[jepsen worker 0] jepsen.util: 0	:ok	:broadcast	6
2023-05-29 22:18:03,045{GMT}	INFO	[jepsen worker 0] jepsen.util: 0	:invoke	:broadcast	7
2023-05-29 22:18:03,048{GMT}	INFO	[jepsen worker 0] jepsen.util: 0	:ok	:broadcast	7
2023-05-29 22:18:03,220{GMT}	INFO	[jepsen worker 1] jepsen.util: 1	:invoke	:read	nil
2023-05-29 22:18:03,222{GMT}	INFO	[jepsen worker 1] jepsen.util: 1	:ok	:read	[0 1 2 3 4 5 6 7]
2023-05-29 22:18:03,295{GMT}	INFO	[jepsen worker 2] jepsen.util: 2	:invoke	:broadcast	8
2023-05-29 22:18:03,297{GMT}	INFO	[jepsen worker 2] jepsen.util: 2	:ok	:broadcast	8
2023-05-29 22:18:03,381{GMT}	INFO	[jepsen worker 3] jepsen.util: 3	:invoke	:broadcast	9
2023-05-29 22:18:03,384{GMT}	INFO	[jepsen worker 3] jepsen.util: 3	:ok	:broadcast	9
2023-05-29 22:18:03,427{GMT}	INFO	[jepsen worker 4] jepsen.util: 4	:invoke	:read	nil
2023-05-29 22:18:03,429{GMT}	INFO	[jepsen worker 4] jepsen.util: 4	:ok	:read	[0 1 2 3 4 5 5 6 7 8 9]
2023-05-29 22:18:03,576{GMT}	INFO	[jepsen worker 0] jepsen.util: 0	:invoke	:read	nil
2023-05-29 22:18:03,578{GMT}	INFO	[jepsen worker 0] jepsen.util: 0	:ok	:read	[0 1 1 2 2 3 4 5 6 6 7 7 8 9]
2023-05-29 22:18:03,727{GMT}	INFO	[jepsen worker 0] jepsen.util: 0	:invoke	:broadcast	10
2023-05-29 22:18:03,730{GMT}	INFO	[jepsen worker 0] jepsen.util: 0	:ok	:broadcast	10
2023-05-29 22:18:03,855{GMT}	INFO	[jepsen worker 1] jepsen.util: 1	:invoke	:read	nil
2023-05-29 22:18:03,857{GMT}	INFO	[jepsen worker 1] jepsen.util: 1	:ok	:read	[0 1 2 3 4 5 6 7 8 9 10]
2023-05-29 22:18:03,934{GMT}	INFO	[jepsen worker 2] jepsen.util: 2	:invoke	:broadcast	11
2023-05-29 22:18:03,936{GMT}	INFO	[jepsen worker 2] jepsen.util: 2	:ok	:broadcast	11
2023-05-29 22:18:04,016{GMT}	INFO	[jepsen worker 3] jepsen.util: 3	:invoke	:read	nil
2023-05-29 22:18:04,018{GMT}	INFO	[jepsen worker 3] jepsen.util: 3	:ok	:read	[0 1 2 3 4 4 5 6 7 8 9 9 10 11]
2023-05-29 22:18:04,161{GMT}	INFO	[jepsen worker 4] jepsen.util: 4	:invoke	:read	nil
2023-05-29 22:18:04,164{GMT}	INFO	[jepsen worker 4] jepsen.util: 4	:ok	:read	[0 1 2 3 4 5 5 6 7 8 9 10 11]
2023-05-29 22:18:04,203{GMT}	INFO	[jepsen worker 0] jepsen.util: 0	:invoke	:read	nil
2023-05-29 22:18:04,206{GMT}	INFO	[jepsen worker 0] jepsen.util: 0	:ok	:read	[0 1 1 2 2 3 4 5 6 6 7 7 8 9 10 10 11]
2023-05-29 22:18:04,244{GMT}	INFO	[jepsen worker 0] jepsen.util: 0	:invoke	:read	nil
2023-05-29 22:18:04,246{GMT}	INFO	[jepsen worker 0] jepsen.util: 0	:ok	:read	[0 1 1 2 2 3 4 5 6 6 7 7 8 9 10 10 11]
2023-05-29 22:18:04,361{GMT}	INFO	[jepsen worker 1] jepsen.util: 1	:invoke	:read	nil
2023-05-29 22:18:04,363{GMT}	INFO	[jepsen worker 1] jepsen.util: 1	:ok	:read	[0 1 2 3 4 5 6 7 8 9 10 11]
2023-05-29 22:18:04,480{GMT}	INFO	[jepsen worker 2] jepsen.util: 2	:invoke	:broadcast	12
2023-05-29 22:18:04,482{GMT}	INFO	[jepsen worker 2] jepsen.util: 2	:ok	:broadcast	12
2023-05-29 22:18:04,485{GMT}	INFO	[jepsen worker 3] jepsen.util: 3	:invoke	:read	nil
2023-05-29 22:18:04,487{GMT}	INFO	[jepsen worker 3] jepsen.util: 3	:ok	:read	[0 1 2 3 4 4 5 6 7 8 9 9 10 11 12]
2023-05-29 22:18:04,603{GMT}	INFO	[jepsen worker 4] jepsen.util: 4	:invoke	:read	nil
2023-05-29 22:18:04,605{GMT}	INFO	[jepsen worker 4] jepsen.util: 4	:ok	:read	[0 1 2 3 4 5 5 6 7 8 9 10 11 12]
2023-05-29 22:18:04,673{GMT}	INFO	[jepsen worker 0] jepsen.util: 0	:invoke	:broadcast	13
2023-05-29 22:18:04,676{GMT}	INFO	[jepsen worker 0] jepsen.util: 0	:ok	:broadcast	13
2023-05-29 22:18:04,679{GMT}	INFO	[jepsen worker 0] jepsen.util: 0	:invoke	:broadcast	14
2023-05-29 22:18:04,682{GMT}	INFO	[jepsen worker 0] jepsen.util: 0	:ok	:broadcast	14
2023-05-29 22:18:04,696{GMT}	INFO	[jepsen worker 1] jepsen.util: 1	:invoke	:read	nil
2023-05-29 22:18:04,697{GMT}	INFO	[jepsen worker 1] jepsen.util: 1	:ok	:read	[0 1 2 3 4 5 6 7 8 9 10 11 12 13 14]
2023-05-29 22:18:04,737{GMT}	INFO	[jepsen worker 2] jepsen.util: 2	:invoke	:read	nil
2023-05-29 22:18:04,738{GMT}	INFO	[jepsen worker 2] jepsen.util: 2	:ok	:read	[0 0 1 2 3 3 4 5 6 7 8 8 9 10 11 11 12 12 13 14]
2023-05-29 22:18:04,783{GMT}	INFO	[jepsen worker 3] jepsen.util: 3	:invoke	:read	nil
2023-05-29 22:18:04,786{GMT}	INFO	[jepsen worker 3] jepsen.util: 3	:ok	:read	[0 1 2 3 4 4 5 6 7 8 9 9 10 11 12 13 14]
2023-05-29 22:18:04,923{GMT}	INFO	[jepsen worker 4] jepsen.util: 4	:invoke	:broadcast	15
2023-05-29 22:18:04,926{GMT}	INFO	[jepsen worker 4] jepsen.util: 4	:ok	:broadcast	15
2023-05-29 22:18:05,010{GMT}	INFO	[jepsen worker 0] jepsen.util: 0	:invoke	:read	nil
2023-05-29 22:18:05,012{GMT}	INFO	[jepsen worker 0] jepsen.util: 0	:ok	:read	[0 1 1 2 2 3 4 5 6 6 7 7 8 9 10 10 11 12 13 13 14 14 15]
2023-05-29 22:18:05,131{GMT}	INFO	[jepsen worker 0] jepsen.util: 0	:invoke	:read	nil
2023-05-29 22:18:05,132{GMT}	INFO	[jepsen worker 0] jepsen.util: 0	:ok	:read	[0 1 1 2 2 3 4 5 6 6 7 7 8 9 10 10 11 12 13 13 14 14 15]
2023-05-29 22:18:05,202{GMT}	INFO	[jepsen worker 1] jepsen.util: 1	:invoke	:read	nil
2023-05-29 22:18:05,204{GMT}	INFO	[jepsen worker 1] jepsen.util: 1	:ok	:read	[0 1 2 3 4 5 6 7 8 9 10 11 12 13 14 15]
2023-05-29 22:18:05,337{GMT}	INFO	[jepsen worker 2] jepsen.util: 2	:invoke	:read	nil
2023-05-29 22:18:05,339{GMT}	INFO	[jepsen worker 2] jepsen.util: 2	:ok	:read	[0 0 1 2 3 3 4 5 6 7 8 8 9 10 11 11 12 12 13 14 15]
2023-05-29 22:18:05,536{GMT}	INFO	[jepsen worker 3] jepsen.util: 3	:invoke	:broadcast	16
2023-05-29 22:18:05,538{GMT}	INFO	[jepsen worker 3] jepsen.util: 3	:ok	:broadcast	16
2023-05-29 22:18:05,721{GMT}	INFO	[jepsen worker 4] jepsen.util: 4	:invoke	:read	nil
2023-05-29 22:18:05,723{GMT}	INFO	[jepsen worker 4] jepsen.util: 4	:ok	:read	[0 1 2 3 4 5 5 6 7 8 9 10 11 12 13 14 15 15 16]
2023-05-29 22:18:05,849{GMT}	INFO	[jepsen worker 0] jepsen.util: 0	:invoke	:broadcast	17
2023-05-29 22:18:05,852{GMT}	INFO	[jepsen worker 0] jepsen.util: 0	:ok	:broadcast	17
2023-05-29 22:18:05,998{GMT}	INFO	[jepsen worker 0] jepsen.util: 0	:invoke	:read	nil
2023-05-29 22:18:06,001{GMT}	INFO	[jepsen worker 0] jepsen.util: 0	:ok	:read	[0 1 1 2 2 3 4 5 6 6 7 7 8 9 10 10 11 12 13 13 14 14 15 16 17 17]
2023-05-29 22:18:06,108{GMT}	INFO	[jepsen worker 1] jepsen.util: 1	:invoke	:broadcast	18
2023-05-29 22:18:06,110{GMT}	INFO	[jepsen worker 1] jepsen.util: 1	:ok	:broadcast	18
2023-05-29 22:18:06,191{GMT}	INFO	[jepsen worker 2] jepsen.util: 2	:invoke	:read	nil
2023-05-29 22:18:06,193{GMT}	INFO	[jepsen worker 2] jepsen.util: 2	:ok	:read	[0 0 1 2 3 3 4 5 6 7 8 8 9 10 11 11 12 12 13 14 15 16 17 18]
2023-05-29 22:18:06,366{GMT}	INFO	[jepsen worker 3] jepsen.util: 3	:invoke	:read	nil
2023-05-29 22:18:06,368{GMT}	INFO	[jepsen worker 3] jepsen.util: 3	:ok	:read	[0 1 2 3 4 4 5 6 7 8 9 9 10 11 12 13 14 15 16 16 17 18]
2023-05-29 22:18:06,490{GMT}	INFO	[jepsen worker 4] jepsen.util: 4	:invoke	:broadcast	19
2023-05-29 22:18:06,493{GMT}	INFO	[jepsen worker 4] jepsen.util: 4	:ok	:broadcast	19
2023-05-29 22:18:06,553{GMT}	INFO	[jepsen worker 0] jepsen.util: 0	:invoke	:broadcast	20
2023-05-29 22:18:06,556{GMT}	INFO	[jepsen worker 0] jepsen.util: 0	:ok	:broadcast	20
2023-05-29 22:18:06,594{GMT}	INFO	[jepsen worker 0] jepsen.util: 0	:invoke	:broadcast	21
2023-05-29 22:18:06,596{GMT}	INFO	[jepsen worker 0] jepsen.util: 0	:ok	:broadcast	21
2023-05-29 22:18:06,612{GMT}	INFO	[jepsen worker 1] jepsen.util: 1	:invoke	:read	nil
2023-05-29 22:18:06,614{GMT}	INFO	[jepsen worker 1] jepsen.util: 1	:ok	:read	[0 1 2 3 4 5 6 7 8 9 10 11 12 13 14 15 16 17 18 18 19 20 21]
2023-05-29 22:18:06,687{GMT}	INFO	[jepsen worker 2] jepsen.util: 2	:invoke	:read	nil
2023-05-29 22:18:06,689{GMT}	INFO	[jepsen worker 2] jepsen.util: 2	:ok	:read	[0 0 1 2 3 3 4 5 6 7 8 8 9 10 11 11 12 12 13 14 15 16 17 18 19 20 21]
2023-05-29 22:18:06,729{GMT}	INFO	[jepsen worker 3] jepsen.util: 3	:invoke	:read	nil
2023-05-29 22:18:06,731{GMT}	INFO	[jepsen worker 3] jepsen.util: 3	:ok	:read	[0 1 2 3 4 4 5 6 7 8 9 9 10 11 12 13 14 15 16 16 17 18 19 20 21]
2023-05-29 22:18:06,794{GMT}	INFO	[jepsen worker 4] jepsen.util: 4	:invoke	:read	nil
2023-05-29 22:18:06,796{GMT}	INFO	[jepsen worker 4] jepsen.util: 4	:ok	:read	[0 1 2 3 4 5 5 6 7 8 9 10 11 12 13 14 15 15 16 17 18 19 19 20 21]
2023-05-29 22:18:06,870{GMT}	INFO	[jepsen worker 0] jepsen.util: 0	:invoke	:read	nil
2023-05-29 22:18:06,872{GMT}	INFO	[jepsen worker 0] jepsen.util: 0	:ok	:read	[0 1 1 2 2 3 4 5 6 6 7 7 8 9 10 10 11 12 13 13 14 14 15 16 17 17 18 19 20 20 21 21]
2023-05-29 22:18:07,024{GMT}	INFO	[jepsen worker 0] jepsen.util: 0	:invoke	:broadcast	22
2023-05-29 22:18:07,027{GMT}	INFO	[jepsen worker 0] jepsen.util: 0	:ok	:broadcast	22
2023-05-29 22:18:07,101{GMT}	INFO	[jepsen worker 1] jepsen.util: 1	:invoke	:broadcast	23
2023-05-29 22:18:07,104{GMT}	INFO	[jepsen worker 1] jepsen.util: 1	:ok	:broadcast	23
2023-05-29 22:18:07,106{GMT}	INFO	[jepsen worker 2] jepsen.util: 2	:invoke	:read	nil
2023-05-29 22:18:07,107{GMT}	INFO	[jepsen worker 2] jepsen.util: 2	:ok	:read	[0 0 1 2 3 3 4 5 6 7 8 8 9 10 11 11 12 12 13 14 15 16 17 18 19 20 21 22 23]
2023-05-29 22:18:07,267{GMT}	INFO	[jepsen worker 3] jepsen.util: 3	:invoke	:broadcast	24
2023-05-29 22:18:07,270{GMT}	INFO	[jepsen worker 3] jepsen.util: 3	:ok	:broadcast	24
2023-05-29 22:18:07,345{GMT}	INFO	[jepsen worker 4] jepsen.util: 4	:invoke	:read	nil
2023-05-29 22:18:07,347{GMT}	INFO	[jepsen worker 4] jepsen.util: 4	:ok	:read	[0 1 2 3 4 5 5 6 7 8 9 10 11 12 13 14 15 15 16 17 18 19 19 20 21 22 23 24]
2023-05-29 22:18:07,446{GMT}	INFO	[jepsen worker 0] jepsen.util: 0	:invoke	:read	nil
2023-05-29 22:18:07,448{GMT}	INFO	[jepsen worker 0] jepsen.util: 0	:ok	:read	[0 1 1 2 2 3 4 5 6 6 7 7 8 9 10 10 11 12 13 13 14 14 15 16 17 17 18 19 20 20 21 21 22 22 23 24]
2023-05-29 22:18:07,614{GMT}	INFO	[jepsen worker 0] jepsen.util: 0	:invoke	:broadcast	25
2023-05-29 22:18:07,616{GMT}	INFO	[jepsen worker 0] jepsen.util: 0	:ok	:broadcast	25
2023-05-29 22:18:07,740{GMT}	INFO	[jepsen worker 1] jepsen.util: 1	:invoke	:read	nil
2023-05-29 22:18:07,742{GMT}	INFO	[jepsen worker 1] jepsen.util: 1	:ok	:read	[0 1 2 3 4 5 6 7 8 9 10 11 12 13 14 15 16 17 18 18 19 20 21 22 23 23 24 25]
2023-05-29 22:18:07,882{GMT}	INFO	[jepsen worker 2] jepsen.util: 2	:invoke	:read	nil
2023-05-29 22:18:07,884{GMT}	INFO	[jepsen worker 2] jepsen.util: 2	:ok	:read	[0 0 1 2 3 3 4 5 6 7 8 8 9 10 11 11 12 12 13 14 15 16 17 18 19 20 21 22 23 24 25]
2023-05-29 22:18:08,016{GMT}	INFO	[jepsen worker 3] jepsen.util: 3	:invoke	:broadcast	26
2023-05-29 22:18:08,018{GMT}	INFO	[jepsen worker 3] jepsen.util: 3	:ok	:broadcast	26
2023-05-29 22:18:08,103{GMT}	INFO	[jepsen worker 4] jepsen.util: 4	:invoke	:broadcast	27
2023-05-29 22:18:08,105{GMT}	INFO	[jepsen worker 4] jepsen.util: 4	:ok	:broadcast	27
2023-05-29 22:18:08,153{GMT}	INFO	[jepsen worker 0] jepsen.util: 0	:invoke	:read	nil
2023-05-29 22:18:08,156{GMT}	INFO	[jepsen worker 0] jepsen.util: 0	:ok	:read	[0 1 1 2 2 3 4 5 6 6 7 7 8 9 10 10 11 12 13 13 14 14 15 16 17 17 18 19 20 20 21 21 22 22 23 24 25 25 26 27]
2023-05-29 22:18:08,287{GMT}	INFO	[jepsen worker 0] jepsen.util: 0	:invoke	:broadcast	28
2023-05-29 22:18:08,289{GMT}	INFO	[jepsen worker 0] jepsen.util: 0	:ok	:broadcast	28
2023-05-29 22:18:08,294{GMT}	INFO	[jepsen worker 1] jepsen.util: 1	:invoke	:read	nil
2023-05-29 22:18:08,296{GMT}	INFO	[jepsen worker 1] jepsen.util: 1	:ok	:read	[0 1 2 3 4 5 6 7 8 9 10 11 12 13 14 15 16 17 18 18 19 20 21 22 23 23 24 25 26 27 28]
2023-05-29 22:18:08,304{GMT}	INFO	[jepsen worker 2] jepsen.util: 2	:invoke	:read	nil
2023-05-29 22:18:08,306{GMT}	INFO	[jepsen worker 2] jepsen.util: 2	:ok	:read	[0 0 1 2 3 3 4 5 6 7 8 8 9 10 11 11 12 12 13 14 15 16 17 18 19 20 21 22 23 24 25 26 27 28]
2023-05-29 22:18:08,420{GMT}	INFO	[jepsen worker 3] jepsen.util: 3	:invoke	:read	nil
2023-05-29 22:18:08,422{GMT}	INFO	[jepsen worker 3] jepsen.util: 3	:ok	:read	[0 1 2 3 4 4 5 6 7 8 9 9 10 11 12 13 14 15 16 16 17 18 19 20 21 22 23 24 24 25 26 26 27 28]
2023-05-29 22:18:08,440{GMT}	INFO	[jepsen worker 4] jepsen.util: 4	:invoke	:broadcast	29
2023-05-29 22:18:08,442{GMT}	INFO	[jepsen worker 4] jepsen.util: 4	:ok	:broadcast	29
2023-05-29 22:18:08,446{GMT}	INFO	[jepsen worker 0] jepsen.util: 0	:invoke	:read	nil
2023-05-29 22:18:08,448{GMT}	INFO	[jepsen worker 0] jepsen.util: 0	:ok	:read	[0 1 1 2 2 3 4 5 6 6 7 7 8 9 10 10 11 12 13 13 14 14 15 16 17 17 18 19 20 20 21 21 22 22 23 24 25 25 26 27 28 28 29]
2023-05-29 22:18:08,613{GMT}	INFO	[jepsen worker 0] jepsen.util: 0	:invoke	:broadcast	30
2023-05-29 22:18:08,615{GMT}	INFO	[jepsen worker 0] jepsen.util: 0	:ok	:broadcast	30
2023-05-29 22:18:08,636{GMT}	INFO	[jepsen worker 1] jepsen.util: 1	:invoke	:broadcast	31
2023-05-29 22:18:08,638{GMT}	INFO	[jepsen worker 1] jepsen.util: 1	:ok	:broadcast	31
2023-05-29 22:18:08,687{GMT}	INFO	[jepsen worker 2] jepsen.util: 2	:invoke	:read	nil
2023-05-29 22:18:08,689{GMT}	INFO	[jepsen worker 2] jepsen.util: 2	:ok	:read	[0 0 1 2 3 3 4 5 6 7 8 8 9 10 11 11 12 12 13 14 15 16 17 18 19 20 21 22 23 24 25 26 27 28 29 30 31]
2023-05-29 22:18:08,723{GMT}	INFO	[jepsen worker 3] jepsen.util: 3	:invoke	:broadcast	32
2023-05-29 22:18:08,725{GMT}	INFO	[jepsen worker 3] jepsen.util: 3	:ok	:broadcast	32
2023-05-29 22:18:08,836{GMT}	INFO	[jepsen worker 4] jepsen.util: 4	:invoke	:broadcast	33
2023-05-29 22:18:08,839{GMT}	INFO	[jepsen worker 4] jepsen.util: 4	:ok	:broadcast	33
2023-05-29 22:18:08,982{GMT}	INFO	[jepsen worker 0] jepsen.util: 0	:invoke	:read	nil
2023-05-29 22:18:08,984{GMT}	INFO	[jepsen worker 0] jepsen.util: 0	:ok	:read	[0 1 1 2 2 3 4 5 6 6 7 7 8 9 10 10 11 12 13 13 14 14 15 16 17 17 18 19 20 20 21 21 22 22 23 24 25 25 26 27 28 28 29 30 30 31 32 33]
2023-05-29 22:18:09,144{GMT}	INFO	[jepsen worker 0] jepsen.util: 0	:invoke	:read	nil
2023-05-29 22:18:09,146{GMT}	INFO	[jepsen worker 0] jepsen.util: 0	:ok	:read	[0 1 1 2 2 3 4 5 6 6 7 7 8 9 10 10 11 12 13 13 14 14 15 16 17 17 18 19 20 20 21 21 22 22 23 24 25 25 26 27 28 28 29 30 30 31 32 33]
2023-05-29 22:18:09,319{GMT}	INFO	[jepsen worker 1] jepsen.util: 1	:invoke	:read	nil
2023-05-29 22:18:09,321{GMT}	INFO	[jepsen worker 1] jepsen.util: 1	:ok	:read	[0 1 2 3 4 5 6 7 8 9 10 11 12 13 14 15 16 17 18 18 19 20 21 22 23 23 24 25 26 27 28 29 30 31 31 32 33]
2023-05-29 22:18:09,386{GMT}	INFO	[jepsen worker 2] jepsen.util: 2	:invoke	:broadcast	34
2023-05-29 22:18:09,387{GMT}	INFO	[jepsen worker 2] jepsen.util: 2	:ok	:broadcast	34
2023-05-29 22:18:09,509{GMT}	INFO	[jepsen worker 3] jepsen.util: 3	:invoke	:broadcast	35
2023-05-29 22:18:09,511{GMT}	INFO	[jepsen worker 3] jepsen.util: 3	:ok	:broadcast	35
2023-05-29 22:18:09,656{GMT}	INFO	[jepsen worker 4] jepsen.util: 4	:invoke	:read	nil
2023-05-29 22:18:09,658{GMT}	INFO	[jepsen worker 4] jepsen.util: 4	:ok	:read	[0 1 2 3 4 5 5 6 7 8 9 10 11 12 13 14 15 15 16 17 18 19 19 20 21 22 23 24 25 26 27 27 28 29 29 30 31 32 33 33 34 35]
2023-05-29 22:18:09,857{GMT}	INFO	[jepsen worker 0] jepsen.util: 0	:invoke	:broadcast	36
2023-05-29 22:18:09,859{GMT}	INFO	[jepsen worker 0] jepsen.util: 0	:ok	:broadcast	36
2023-05-29 22:18:09,954{GMT}	INFO	[jepsen worker 0] jepsen.util: 0	:invoke	:broadcast	37
2023-05-29 22:18:09,956{GMT}	INFO	[jepsen worker 0] jepsen.util: 0	:ok	:broadcast	37
2023-05-29 22:18:10,053{GMT}	INFO	[jepsen worker 1] jepsen.util: 1	:invoke	:broadcast	38
2023-05-29 22:18:10,056{GMT}	INFO	[jepsen worker 1] jepsen.util: 1	:ok	:broadcast	38
2023-05-29 22:18:10,186{GMT}	INFO	[jepsen worker 2] jepsen.util: 2	:invoke	:read	nil
2023-05-29 22:18:10,188{GMT}	INFO	[jepsen worker 2] jepsen.util: 2	:ok	:read	[0 0 1 2 3 3 4 5 6 7 8 8 9 10 11 11 12 12 13 14 15 16 17 18 19 20 21 22 23 24 25 26 27 28 29 30 31 32 33 34 34 35 36 37 38]
2023-05-29 22:18:10,220{GMT}	INFO	[jepsen worker 3] jepsen.util: 3	:invoke	:read	nil
2023-05-29 22:18:10,222{GMT}	INFO	[jepsen worker 3] jepsen.util: 3	:ok	:read	[0 1 2 3 4 4 5 6 7 8 9 9 10 11 12 13 14 15 16 16 17 18 19 20 21 22 23 24 24 25 26 26 27 28 29 30 31 32 32 33 34 35 35 36 37 38]
2023-05-29 22:18:10,346{GMT}	INFO	[jepsen worker 4] jepsen.util: 4	:invoke	:read	nil
2023-05-29 22:18:10,348{GMT}	INFO	[jepsen worker 4] jepsen.util: 4	:ok	:read	[0 1 2 3 4 5 5 6 7 8 9 10 11 12 13 14 15 15 16 17 18 19 19 20 21 22 23 24 25 26 27 27 28 29 29 30 31 32 33 33 34 35 36 37 38]
2023-05-29 22:18:10,438{GMT}	INFO	[jepsen worker 0] jepsen.util: 0	:invoke	:read	nil
2023-05-29 22:18:10,440{GMT}	INFO	[jepsen worker 0] jepsen.util: 0	:ok	:read	[0 1 1 2 2 3 4 5 6 6 7 7 8 9 10 10 11 12 13 13 14 14 15 16 17 17 18 19 20 20 21 21 22 22 23 24 25 25 26 27 28 28 29 30 30 31 32 33 34 35 36 36 37 37 38]
2023-05-29 22:18:10,506{GMT}	INFO	[jepsen worker 0] jepsen.util: 0	:invoke	:broadcast	39
2023-05-29 22:18:10,508{GMT}	INFO	[jepsen worker 0] jepsen.util: 0	:ok	:broadcast	39
2023-05-29 22:18:10,600{GMT}	INFO	[jepsen worker 1] jepsen.util: 1	:invoke	:broadcast	40
2023-05-29 22:18:10,601{GMT}	INFO	[jepsen worker 1] jepsen.util: 1	:ok	:broadcast	40
2023-05-29 22:18:10,801{GMT}	INFO	[jepsen worker 2] jepsen.util: 2	:invoke	:read	nil
2023-05-29 22:18:10,802{GMT}	INFO	[jepsen worker 2] jepsen.util: 2	:ok	:read	[0 0 1 2 3 3 4 5 6 7 8 8 9 10 11 11 12 12 13 14 15 16 17 18 19 20 21 22 23 24 25 26 27 28 29 30 31 32 33 34 34 35 36 37 38 39 40]
2023-05-29 22:18:11,001{GMT}	INFO	[jepsen worker 3] jepsen.util: 3	:invoke	:read	nil
2023-05-29 22:18:11,003{GMT}	INFO	[jepsen worker 3] jepsen.util: 3	:ok	:read	[0 1 2 3 4 4 5 6 7 8 9 9 10 11 12 13 14 15 16 16 17 18 19 20 21 22 23 24 24 25 26 26 27 28 29 30 31 32 32 33 34 35 35 36 37 38 39 40]
2023-05-29 22:18:11,103{GMT}	INFO	[jepsen worker 4] jepsen.util: 4	:invoke	:read	nil
2023-05-29 22:18:11,105{GMT}	INFO	[jepsen worker 4] jepsen.util: 4	:ok	:read	[0 1 2 3 4 5 5 6 7 8 9 10 11 12 13 14 15 15 16 17 18 19 19 20 21 22 23 24 25 26 27 27 28 29 29 30 31 32 33 33 34 35 36 37 38 39 40]
2023-05-29 22:18:11,120{GMT}	INFO	[jepsen worker 0] jepsen.util: 0	:invoke	:broadcast	41
2023-05-29 22:18:11,122{GMT}	INFO	[jepsen worker 0] jepsen.util: 0	:ok	:broadcast	41
2023-05-29 22:18:11,140{GMT}	INFO	[jepsen worker 0] jepsen.util: 0	:invoke	:broadcast	42
2023-05-29 22:18:11,142{GMT}	INFO	[jepsen worker 0] jepsen.util: 0	:ok	:broadcast	42
2023-05-29 22:18:11,312{GMT}	INFO	[jepsen worker 1] jepsen.util: 1	:invoke	:broadcast	43
2023-05-29 22:18:11,314{GMT}	INFO	[jepsen worker 1] jepsen.util: 1	:ok	:broadcast	43
2023-05-29 22:18:11,325{GMT}	INFO	[jepsen worker 2] jepsen.util: 2	:invoke	:read	nil
2023-05-29 22:18:11,327{GMT}	INFO	[jepsen worker 2] jepsen.util: 2	:ok	:read	[0 0 1 2 3 3 4 5 6 7 8 8 9 10 11 11 12 12 13 14 15 16 17 18 19 20 21 22 23 24 25 26 27 28 29 30 31 32 33 34 34 35 36 37 38 39 40 41 42 43]
2023-05-29 22:18:11,529{GMT}	INFO	[jepsen worker 3] jepsen.util: 3	:invoke	:read	nil
2023-05-29 22:18:11,531{GMT}	INFO	[jepsen worker 3] jepsen.util: 3	:ok	:read	[0 1 2 3 4 4 5 6 7 8 9 9 10 11 12 13 14 15 16 16 17 18 19 20 21 22 23 24 24 25 26 26 27 28 29 30 31 32 32 33 34 35 35 36 37 38 39 40 41 42 43]
2023-05-29 22:18:11,593{GMT}	INFO	[jepsen worker 4] jepsen.util: 4	:invoke	:broadcast	44
2023-05-29 22:18:11,595{GMT}	INFO	[jepsen worker 4] jepsen.util: 4	:ok	:broadcast	44
2023-05-29 22:18:11,761{GMT}	INFO	[jepsen worker 0] jepsen.util: 0	:invoke	:broadcast	45
2023-05-29 22:18:11,762{GMT}	INFO	[jepsen worker 0] jepsen.util: 0	:ok	:broadcast	45
2023-05-29 22:18:11,937{GMT}	INFO	[jepsen worker 0] jepsen.util: 0	:invoke	:broadcast	46
2023-05-29 22:18:11,938{GMT}	INFO	[jepsen worker 0] jepsen.util: 0	:ok	:broadcast	46
2023-05-29 22:18:12,080{GMT}	INFO	[jepsen worker 1] jepsen.util: 1	:invoke	:broadcast	47
2023-05-29 22:18:12,082{GMT}	INFO	[jepsen worker 1] jepsen.util: 1	:ok	:broadcast	47
2023-05-29 22:18:12,164{GMT}	INFO	[jepsen worker 2] jepsen.util: 2	:invoke	:read	nil
2023-05-29 22:18:12,165{GMT}	INFO	[jepsen worker 2] jepsen.util: 2	:ok	:read	[0 0 1 2 3 3 4 5 6 7 8 8 9 10 11 11 12 12 13 14 15 16 17 18 19 20 21 22 23 24 25 26 27 28 29 30 31 32 33 34 34 35 36 37 38 39 40 41 42 43 44 45 46 47]
2023-05-29 22:18:12,253{GMT}	INFO	[jepsen worker 3] jepsen.util: 3	:invoke	:read	nil
2023-05-29 22:18:12,255{GMT}	INFO	[jepsen worker 3] jepsen.util: 3	:ok	:read	[0 1 2 3 4 4 5 6 7 8 9 9 10 11 12 13 14 15 16 16 17 18 19 20 21 22 23 24 24 25 26 26 27 28 29 30 31 32 32 33 34 35 35 36 37 38 39 40 41 42 43 44 45 46 47]
2023-05-29 22:18:12,290{GMT}	INFO	[jepsen worker 4] jepsen.util: 4	:invoke	:read	nil
2023-05-29 22:18:12,292{GMT}	INFO	[jepsen worker 4] jepsen.util: 4	:ok	:read	[0 1 2 3 4 5 5 6 7 8 9 10 11 12 13 14 15 15 16 17 18 19 19 20 21 22 23 24 25 26 27 27 28 29 29 30 31 32 33 33 34 35 36 37 38 39 40 41 42 43 44 44 45 46 47]
2023-05-29 22:18:12,314{GMT}	INFO	[jepsen worker 0] jepsen.util: 0	:invoke	:read	nil
2023-05-29 22:18:12,316{GMT}	INFO	[jepsen worker 0] jepsen.util: 0	:ok	:read	[0 1 1 2 2 3 4 5 6 6 7 7 8 9 10 10 11 12 13 13 14 14 15 16 17 17 18 19 20 20 21 21 22 22 23 24 25 25 26 27 28 28 29 30 30 31 32 33 34 35 36 36 37 37 38 39 39 40 41 41 42 42 43 44 45 45 46 46 47]
2023-05-29 22:18:12,389{GMT}	INFO	[jepsen worker 0] jepsen.util: 0	:invoke	:broadcast	48
2023-05-29 22:18:12,391{GMT}	INFO	[jepsen worker 0] jepsen.util: 0	:ok	:broadcast	48
2023-05-29 22:18:12,470{GMT}	INFO	[jepsen worker 1] jepsen.util: 1	:invoke	:broadcast	49
2023-05-29 22:18:12,471{GMT}	INFO	[jepsen worker 1] jepsen.util: 1	:ok	:broadcast	49
2023-05-29 22:18:12,594{GMT}	INFO	[jepsen worker 2] jepsen.util: 2	:invoke	:broadcast	50
2023-05-29 22:18:12,596{GMT}	INFO	[jepsen worker 2] jepsen.util: 2	:ok	:broadcast	50
2023-05-29 22:18:12,706{GMT}	INFO	[jepsen worker 3] jepsen.util: 3	:invoke	:read	nil
2023-05-29 22:18:12,708{GMT}	INFO	[jepsen worker 3] jepsen.util: 3	:ok	:read	[0 1 2 3 4 4 5 6 7 8 9 9 10 11 12 13 14 15 16 16 17 18 19 20 21 22 23 24 24 25 26 26 27 28 29 30 31 32 32 33 34 35 35 36 37 38 39 40 41 42 43 44 45 46 47 48 49 50]
2023-05-29 22:18:12,757{GMT}	INFO	[jepsen worker 4] jepsen.util: 4	:invoke	:broadcast	51
2023-05-29 22:18:12,759{GMT}	INFO	[jepsen worker 4] jepsen.util: 4	:ok	:broadcast	51
2023-05-29 22:18:12,909{GMT}	INFO	[jepsen worker 0] jepsen.util: 0	:invoke	:broadcast	52
2023-05-29 22:18:12,910{GMT}	INFO	[jepsen worker 0] jepsen.util: 0	:ok	:broadcast	52
2023-05-29 22:18:12,998{GMT}	INFO	[jepsen worker 0] jepsen.util: 0	:invoke	:read	nil
2023-05-29 22:18:13,000{GMT}	INFO	[jepsen worker 0] jepsen.util: 0	:ok	:read	[0 1 1 2 2 3 4 5 6 6 7 7 8 9 10 10 11 12 13 13 14 14 15 16 17 17 18 19 20 20 21 21 22 22 23 24 25 25 26 27 28 28 29 30 30 31 32 33 34 35 36 36 37 37 38 39 39 40 41 41 42 42 43 44 45 45 46 46 47 48 48 49 50 51 52 52]
2023-05-29 22:18:13,103{GMT}	INFO	[jepsen worker 1] jepsen.util: 1	:invoke	:read	nil
2023-05-29 22:18:13,105{GMT}	INFO	[jepsen worker 1] jepsen.util: 1	:ok	:read	[0 1 2 3 4 5 6 7 8 9 10 11 12 13 14 15 16 17 18 18 19 20 21 22 23 23 24 25 26 27 28 29 30 31 31 32 33 34 35 36 37 38 38 39 40 40 41 42 43 43 44 45 46 47 47 48 49 49 50 51 52]
2023-05-29 22:18:13,304{GMT}	INFO	[jepsen worker 2] jepsen.util: 2	:invoke	:broadcast	53
2023-05-29 22:18:13,306{GMT}	INFO	[jepsen worker 2] jepsen.util: 2	:ok	:broadcast	53
2023-05-29 22:18:13,441{GMT}	INFO	[jepsen worker 3] jepsen.util: 3	:invoke	:broadcast	54
2023-05-29 22:18:13,443{GMT}	INFO	[jepsen worker 3] jepsen.util: 3	:ok	:broadcast	54
2023-05-29 22:18:13,537{GMT}	INFO	[jepsen worker 4] jepsen.util: 4	:invoke	:broadcast	55
2023-05-29 22:18:13,539{GMT}	INFO	[jepsen worker 4] jepsen.util: 4	:ok	:broadcast	55
2023-05-29 22:18:13,549{GMT}	INFO	[jepsen worker 0] jepsen.util: 0	:invoke	:broadcast	56
2023-05-29 22:18:13,550{GMT}	INFO	[jepsen worker 0] jepsen.util: 0	:ok	:broadcast	56
2023-05-29 22:18:13,677{GMT}	INFO	[jepsen worker 0] jepsen.util: 0	:invoke	:read	nil
2023-05-29 22:18:13,679{GMT}	INFO	[jepsen worker 0] jepsen.util: 0	:ok	:read	[0 1 1 2 2 3 4 5 6 6 7 7 8 9 10 10 11 12 13 13 14 14 15 16 17 17 18 19 20 20 21 21 22 22 23 24 25 25 26 27 28 28 29 30 30 31 32 33 34 35 36 36 37 37 38 39 39 40 41 41 42 42 43 44 45 45 46 46 47 48 48 49 50 51 52 52 53 54 55 56 56]
2023-05-29 22:18:13,862{GMT}	INFO	[jepsen worker 1] jepsen.util: 1	:invoke	:broadcast	57
2023-05-29 22:18:13,865{GMT}	INFO	[jepsen worker 1] jepsen.util: 1	:ok	:broadcast	57
2023-05-29 22:18:13,937{GMT}	INFO	[jepsen worker 2] jepsen.util: 2	:invoke	:read	nil
2023-05-29 22:18:13,939{GMT}	INFO	[jepsen worker 2] jepsen.util: 2	:ok	:read	[0 0 1 2 3 3 4 5 6 7 8 8 9 10 11 11 12 12 13 14 15 16 17 18 19 20 21 22 23 24 25 26 27 28 29 30 31 32 33 34 34 35 36 37 38 39 40 41 42 43 44 45 46 47 48 49 50 50 51 52 53 53 54 55 56 57]
2023-05-29 22:18:14,018{GMT}	INFO	[jepsen worker 3] jepsen.util: 3	:invoke	:read	nil
2023-05-29 22:18:14,020{GMT}	INFO	[jepsen worker 3] jepsen.util: 3	:ok	:read	[0 1 2 3 4 4 5 6 7 8 9 9 10 11 12 13 14 15 16 16 17 18 19 20 21 22 23 24 24 25 26 26 27 28 29 30 31 32 32 33 34 35 35 36 37 38 39 40 41 42 43 44 45 46 47 48 49 50 51 52 53 54 54 55 56 57]
2023-05-29 22:18:14,189{GMT}	INFO	[jepsen worker 4] jepsen.util: 4	:invoke	:broadcast	58
2023-05-29 22:18:14,190{GMT}	INFO	[jepsen worker 4] jepsen.util: 4	:ok	:broadcast	58
2023-05-29 22:18:14,297{GMT}	INFO	[jepsen worker 0] jepsen.util: 0	:invoke	:broadcast	59
2023-05-29 22:18:14,299{GMT}	INFO	[jepsen worker 0] jepsen.util: 0	:ok	:broadcast	59
2023-05-29 22:18:14,422{GMT}	INFO	[jepsen worker 0] jepsen.util: 0	:invoke	:read	nil
2023-05-29 22:18:14,424{GMT}	INFO	[jepsen worker 0] jepsen.util: 0	:ok	:read	[0 1 1 2 2 3 4 5 6 6 7 7 8 9 10 10 11 12 13 13 14 14 15 16 17 17 18 19 20 20 21 21 22 22 23 24 25 25 26 27 28 28 29 30 30 31 32 33 34 35 36 36 37 37 38 39 39 40 41 41 42 42 43 44 45 45 46 46 47 48 48 49 50 51 52 52 53 54 55 56 56 57 58 59 59]
2023-05-29 22:18:14,512{GMT}	INFO	[jepsen worker 1] jepsen.util: 1	:invoke	:broadcast	60
2023-05-29 22:18:14,513{GMT}	INFO	[jepsen worker 1] jepsen.util: 1	:ok	:broadcast	60
2023-05-29 22:18:14,688{GMT}	INFO	[jepsen worker 2] jepsen.util: 2	:invoke	:read	nil
2023-05-29 22:18:14,690{GMT}	INFO	[jepsen worker 2] jepsen.util: 2	:ok	:read	[0 0 1 2 3 3 4 5 6 7 8 8 9 10 11 11 12 12 13 14 15 16 17 18 19 20 21 22 23 24 25 26 27 28 29 30 31 32 33 34 34 35 36 37 38 39 40 41 42 43 44 45 46 47 48 49 50 50 51 52 53 53 54 55 56 57 58 59 60]
2023-05-29 22:18:14,821{GMT}	INFO	[jepsen worker 3] jepsen.util: 3	:invoke	:broadcast	61
2023-05-29 22:18:14,822{GMT}	INFO	[jepsen worker 3] jepsen.util: 3	:ok	:broadcast	61
2023-05-29 22:18:15,011{GMT}	INFO	[jepsen worker 4] jepsen.util: 4	:invoke	:broadcast	62
2023-05-29 22:18:15,012{GMT}	INFO	[jepsen worker 4] jepsen.util: 4	:ok	:broadcast	62
2023-05-29 22:18:15,138{GMT}	INFO	[jepsen worker 0] jepsen.util: 0	:invoke	:broadcast	63
2023-05-29 22:18:15,139{GMT}	INFO	[jepsen worker 0] jepsen.util: 0	:ok	:broadcast	63
2023-05-29 22:18:15,148{GMT}	INFO	[jepsen worker 0] jepsen.util: 0	:invoke	:broadcast	64
2023-05-29 22:18:15,150{GMT}	INFO	[jepsen worker 0] jepsen.util: 0	:ok	:broadcast	64
2023-05-29 22:18:15,275{GMT}	INFO	[jepsen worker 1] jepsen.util: 1	:invoke	:broadcast	65
2023-05-29 22:18:15,277{GMT}	INFO	[jepsen worker 1] jepsen.util: 1	:ok	:broadcast	65
2023-05-29 22:18:15,337{GMT}	INFO	[jepsen worker 2] jepsen.util: 2	:invoke	:read	nil
2023-05-29 22:18:15,339{GMT}	INFO	[jepsen worker 2] jepsen.util: 2	:ok	:read	[0 0 1 2 3 3 4 5 6 7 8 8 9 10 11 11 12 12 13 14 15 16 17 18 19 20 21 22 23 24 25 26 27 28 29 30 31 32 33 34 34 35 36 37 38 39 40 41 42 43 44 45 46 47 48 49 50 50 51 52 53 53 54 55 56 57 58 59 60 61 62 63 64 65]
2023-05-29 22:18:15,478{GMT}	INFO	[jepsen worker 3] jepsen.util: 3	:invoke	:read	nil
2023-05-29 22:18:15,480{GMT}	INFO	[jepsen worker 3] jepsen.util: 3	:ok	:read	[0 1 2 3 4 4 5 6 7 8 9 9 10 11 12 13 14 15 16 16 17 18 19 20 21 22 23 24 24 25 26 26 27 28 29 30 31 32 32 33 34 35 35 36 37 38 39 40 41 42 43 44 45 46 47 48 49 50 51 52 53 54 54 55 56 57 58 59 60 61 61 62 63 64 65]
2023-05-29 22:18:15,546{GMT}	INFO	[jepsen worker 4] jepsen.util: 4	:invoke	:broadcast	66
2023-05-29 22:18:15,548{GMT}	INFO	[jepsen worker 4] jepsen.util: 4	:ok	:broadcast	66
2023-05-29 22:18:15,550{GMT}	INFO	[jepsen worker 0] jepsen.util: 0	:invoke	:broadcast	67
2023-05-29 22:18:15,551{GMT}	INFO	[jepsen worker 0] jepsen.util: 0	:ok	:broadcast	67
2023-05-29 22:18:15,583{GMT}	INFO	[jepsen worker 0] jepsen.util: 0	:invoke	:broadcast	68
2023-05-29 22:18:15,585{GMT}	INFO	[jepsen worker 0] jepsen.util: 0	:ok	:broadcast	68
2023-05-29 22:18:15,585{GMT}	INFO	[jepsen worker 1] jepsen.util: 1	:invoke	:broadcast	69
2023-05-29 22:18:15,587{GMT}	INFO	[jepsen worker 1] jepsen.util: 1	:ok	:broadcast	69
2023-05-29 22:18:15,631{GMT}	INFO	[jepsen worker 2] jepsen.util: 2	:invoke	:broadcast	70
2023-05-29 22:18:15,632{GMT}	INFO	[jepsen worker 2] jepsen.util: 2	:ok	:broadcast	70
2023-05-29 22:18:15,681{GMT}	INFO	[jepsen worker 3] jepsen.util: 3	:invoke	:broadcast	71
2023-05-29 22:18:15,683{GMT}	INFO	[jepsen worker 3] jepsen.util: 3	:ok	:broadcast	71
2023-05-29 22:18:15,863{GMT}	INFO	[jepsen worker 4] jepsen.util: 4	:invoke	:broadcast	72
2023-05-29 22:18:15,864{GMT}	INFO	[jepsen worker 4] jepsen.util: 4	:ok	:broadcast	72
2023-05-29 22:18:15,903{GMT}	INFO	[jepsen worker 0] jepsen.util: 0	:invoke	:broadcast	73
2023-05-29 22:18:15,904{GMT}	INFO	[jepsen worker 0] jepsen.util: 0	:ok	:broadcast	73
2023-05-29 22:18:16,021{GMT}	INFO	[jepsen worker 0] jepsen.util: 0	:invoke	:read	nil
2023-05-29 22:18:16,023{GMT}	INFO	[jepsen worker 0] jepsen.util: 0	:ok	:read	[0 1 1 2 2 3 4 5 6 6 7 7 8 9 10 10 11 12 13 13 14 14 15 16 17 17 18 19 20 20 21 21 22 22 23 24 25 25 26 27 28 28 29 30 30 31 32 33 34 35 36 36 37 37 38 39 39 40 41 41 42 42 43 44 45 45 46 46 47 48 48 49 50 51 52 52 53 54 55 56 56 57 58 59 59 60 61 62 63 63 64 64 65 66 67 67 68 68 69 70 71 72 73 73]
2023-05-29 22:18:16,110{GMT}	INFO	[jepsen worker 1] jepsen.util: 1	:invoke	:read	nil
2023-05-29 22:18:16,111{GMT}	INFO	[jepsen worker 1] jepsen.util: 1	:ok	:read	[0 1 2 3 4 5 6 7 8 9 10 11 12 13 14 15 16 17 18 18 19 20 21 22 23 23 24 25 26 27 28 29 30 31 31 32 33 34 35 36 37 38 38 39 40 40 41 42 43 43 44 45 46 47 47 48 49 49 50 51 52 53 54 55 56 57 57 58 59 60 60 61 62 63 64 65 65 66 67 68 69 69 70 71 72 73]
2023-05-29 22:18:16,184{GMT}	INFO	[jepsen worker 2] jepsen.util: 2	:invoke	:broadcast	74
2023-05-29 22:18:16,185{GMT}	INFO	[jepsen worker 2] jepsen.util: 2	:ok	:broadcast	74
2023-05-29 22:18:16,262{GMT}	INFO	[jepsen worker 3] jepsen.util: 3	:invoke	:read	nil
2023-05-29 22:18:16,264{GMT}	INFO	[jepsen worker 3] jepsen.util: 3	:ok	:read	[0 1 2 3 4 4 5 6 7 8 9 9 10 11 12 13 14 15 16 16 17 18 19 20 21 22 23 24 24 25 26 26 27 28 29 30 31 32 32 33 34 35 35 36 37 38 39 40 41 42 43 44 45 46 47 48 49 50 51 52 53 54 54 55 56 57 58 59 60 61 61 62 63 64 65 66 67 68 69 70 71 71 72 73 74]
2023-05-29 22:18:16,463{GMT}	INFO	[jepsen worker 4] jepsen.util: 4	:invoke	:read	nil
2023-05-29 22:18:16,465{GMT}	INFO	[jepsen worker 4] jepsen.util: 4	:ok	:read	[0 1 2 3 4 5 5 6 7 8 9 10 11 12 13 14 15 15 16 17 18 19 19 20 21 22 23 24 25 26 27 27 28 29 29 30 31 32 33 33 34 35 36 37 38 39 40 41 42 43 44 44 45 46 47 48 49 50 51 51 52 53 54 55 55 56 57 58 58 59 60 61 62 62 63 64 65 66 66 67 68 69 70 71 72 72 73 74]
2023-05-29 22:18:16,646{GMT}	INFO	[jepsen worker 0] jepsen.util: 0	:invoke	:read	nil
2023-05-29 22:18:16,648{GMT}	INFO	[jepsen worker 0] jepsen.util: 0	:ok	:read	[0 1 1 2 2 3 4 5 6 6 7 7 8 9 10 10 11 12 13 13 14 14 15 16 17 17 18 19 20 20 21 21 22 22 23 24 25 25 26 27 28 28 29 30 30 31 32 33 34 35 36 36 37 37 38 39 39 40 41 41 42 42 43 44 45 45 46 46 47 48 48 49 50 51 52 52 53 54 55 56 56 57 58 59 59 60 61 62 63 63 64 64 65 66 67 67 68 68 69 70 71 72 73 73 74]
2023-05-29 22:18:16,766{GMT}	INFO	[jepsen worker 0] jepsen.util: 0	:invoke	:broadcast	75
2023-05-29 22:18:16,767{GMT}	INFO	[jepsen worker 0] jepsen.util: 0	:ok	:broadcast	75
2023-05-29 22:18:16,831{GMT}	INFO	[jepsen worker 1] jepsen.util: 1	:invoke	:broadcast	76
2023-05-29 22:18:16,833{GMT}	INFO	[jepsen worker 1] jepsen.util: 1	:ok	:broadcast	76
2023-05-29 22:18:16,903{GMT}	INFO	[jepsen worker 2] jepsen.util: 2	:invoke	:read	nil
2023-05-29 22:18:16,905{GMT}	INFO	[jepsen worker 2] jepsen.util: 2	:ok	:read	[0 0 1 2 3 3 4 5 6 7 8 8 9 10 11 11 12 12 13 14 15 16 17 18 19 20 21 22 23 24 25 26 27 28 29 30 31 32 33 34 34 35 36 37 38 39 40 41 42 43 44 45 46 47 48 49 50 50 51 52 53 53 54 55 56 57 58 59 60 61 62 63 64 65 66 67 68 69 70 70 71 72 73 74 74 75 76]
2023-05-29 22:18:16,938{GMT}	INFO	[jepsen worker 3] jepsen.util: 3	:invoke	:broadcast	77
2023-05-29 22:18:16,939{GMT}	INFO	[jepsen worker 3] jepsen.util: 3	:ok	:broadcast	77
2023-05-29 22:18:17,088{GMT}	INFO	[jepsen worker 4] jepsen.util: 4	:invoke	:read	nil
2023-05-29 22:18:17,089{GMT}	INFO	[jepsen worker 4] jepsen.util: 4	:ok	:read	[0 1 2 3 4 5 5 6 7 8 9 10 11 12 13 14 15 15 16 17 18 19 19 20 21 22 23 24 25 26 27 27 28 29 29 30 31 32 33 33 34 35 36 37 38 39 40 41 42 43 44 44 45 46 47 48 49 50 51 51 52 53 54 55 55 56 57 58 58 59 60 61 62 62 63 64 65 66 66 67 68 69 70 71 72 72 73 74 75 76 77]
2023-05-29 22:18:17,215{GMT}	INFO	[jepsen worker 0] jepsen.util: 0	:invoke	:read	nil
2023-05-29 22:18:17,216{GMT}	INFO	[jepsen worker 0] jepsen.util: 0	:ok	:read	[0 1 1 2 2 3 4 5 6 6 7 7 8 9 10 10 11 12 13 13 14 14 15 16 17 17 18 19 20 20 21 21 22 22 23 24 25 25 26 27 28 28 29 30 30 31 32 33 34 35 36 36 37 37 38 39 39 40 41 41 42 42 43 44 45 45 46 46 47 48 48 49 50 51 52 52 53 54 55 56 56 57 58 59 59 60 61 62 63 63 64 64 65 66 67 67 68 68 69 70 71 72 73 73 74 75 75 76 77]
2023-05-29 22:18:17,333{GMT}	INFO	[jepsen worker 0] jepsen.util: 0	:invoke	:broadcast	78
2023-05-29 22:18:17,334{GMT}	INFO	[jepsen worker 0] jepsen.util: 0	:ok	:broadcast	78
2023-05-29 22:18:17,484{GMT}	INFO	[jepsen worker 1] jepsen.util: 1	:invoke	:broadcast	79
2023-05-29 22:18:17,486{GMT}	INFO	[jepsen worker 1] jepsen.util: 1	:ok	:broadcast	79
2023-05-29 22:18:17,654{GMT}	INFO	[jepsen worker 2] jepsen.util: 2	:invoke	:broadcast	80
2023-05-29 22:18:17,656{GMT}	INFO	[jepsen worker 2] jepsen.util: 2	:ok	:broadcast	80
2023-05-29 22:18:17,763{GMT}	INFO	[jepsen worker 3] jepsen.util: 3	:invoke	:broadcast	81
2023-05-29 22:18:17,765{GMT}	INFO	[jepsen worker 3] jepsen.util: 3	:ok	:broadcast	81
2023-05-29 22:18:17,788{GMT}	INFO	[jepsen worker 4] jepsen.util: 4	:invoke	:broadcast	82
2023-05-29 22:18:17,789{GMT}	INFO	[jepsen worker 4] jepsen.util: 4	:ok	:broadcast	82
2023-05-29 22:18:17,854{GMT}	INFO	[jepsen worker 0] jepsen.util: 0	:invoke	:broadcast	83
2023-05-29 22:18:17,856{GMT}	INFO	[jepsen worker 0] jepsen.util: 0	:ok	:broadcast	83
2023-05-29 22:18:18,013{GMT}	INFO	[jepsen worker 0] jepsen.util: 0	:invoke	:broadcast	84
2023-05-29 22:18:18,014{GMT}	INFO	[jepsen worker 0] jepsen.util: 0	:ok	:broadcast	84
2023-05-29 22:18:18,163{GMT}	INFO	[jepsen worker 1] jepsen.util: 1	:invoke	:broadcast	85
2023-05-29 22:18:18,164{GMT}	INFO	[jepsen worker 1] jepsen.util: 1	:ok	:broadcast	85
2023-05-29 22:18:18,226{GMT}	INFO	[jepsen worker 2] jepsen.util: 2	:invoke	:broadcast	86
2023-05-29 22:18:18,228{GMT}	INFO	[jepsen worker 2] jepsen.util: 2	:ok	:broadcast	86
2023-05-29 22:18:18,316{GMT}	INFO	[jepsen worker 3] jepsen.util: 3	:invoke	:read	nil
2023-05-29 22:18:18,318{GMT}	INFO	[jepsen worker 3] jepsen.util: 3	:ok	:read	[0 1 2 3 4 4 5 6 7 8 9 9 10 11 12 13 14 15 16 16 17 18 19 20 21 22 23 24 24 25 26 26 27 28 29 30 31 32 32 33 34 35 35 36 37 38 39 40 41 42 43 44 45 46 47 48 49 50 51 52 53 54 54 55 56 57 58 59 60 61 61 62 63 64 65 66 67 68 69 70 71 71 72 73 74 75 76 77 77 78 79 80 81 81 82 83 84 85 86]
2023-05-29 22:18:18,329{GMT}	INFO	[jepsen worker 4] jepsen.util: 4	:invoke	:read	nil
2023-05-29 22:18:18,331{GMT}	INFO	[jepsen worker 4] jepsen.util: 4	:ok	:read	[0 1 2 3 4 5 5 6 7 8 9 10 11 12 13 14 15 15 16 17 18 19 19 20 21 22 23 24 25 26 27 27 28 29 29 30 31 32 33 33 34 35 36 37 38 39 40 41 42 43 44 44 45 46 47 48 49 50 51 51 52 53 54 55 55 56 57 58 58 59 60 61 62 62 63 64 65 66 66 67 68 69 70 71 72 72 73 74 75 76 77 78 79 80 81 82 82 83 84 85 86]
2023-05-29 22:18:18,335{GMT}	INFO	[jepsen worker 0] jepsen.util: 0	:invoke	:read	nil
2023-05-29 22:18:18,336{GMT}	INFO	[jepsen worker 0] jepsen.util: 0	:ok	:read	[0 1 1 2 2 3 4 5 6 6 7 7 8 9 10 10 11 12 13 13 14 14 15 16 17 17 18 19 20 20 21 21 22 22 23 24 25 25 26 27 28 28 29 30 30 31 32 33 34 35 36 36 37 37 38 39 39 40 41 41 42 42 43 44 45 45 46 46 47 48 48 49 50 51 52 52 53 54 55 56 56 57 58 59 59 60 61 62 63 63 64 64 65 66 67 67 68 68 69 70 71 72 73 73 74 75 75 76 77 78 78 79 80 81 82 83 83 84 84 85 86]
2023-05-29 22:18:18,453{GMT}	INFO	[jepsen worker 0] jepsen.util: 0	:invoke	:broadcast	87
2023-05-29 22:18:18,454{GMT}	INFO	[jepsen worker 0] jepsen.util: 0	:ok	:broadcast	87
2023-05-29 22:18:18,610{GMT}	INFO	[jepsen worker 1] jepsen.util: 1	:invoke	:broadcast	88
2023-05-29 22:18:18,612{GMT}	INFO	[jepsen worker 1] jepsen.util: 1	:ok	:broadcast	88
2023-05-29 22:18:18,726{GMT}	INFO	[jepsen worker 2] jepsen.util: 2	:invoke	:broadcast	89
2023-05-29 22:18:18,727{GMT}	INFO	[jepsen worker 2] jepsen.util: 2	:ok	:broadcast	89
2023-05-29 22:18:18,902{GMT}	INFO	[jepsen worker 3] jepsen.util: 3	:invoke	:broadcast	90
2023-05-29 22:18:18,903{GMT}	INFO	[jepsen worker 3] jepsen.util: 3	:ok	:broadcast	90
2023-05-29 22:18:18,946{GMT}	INFO	[jepsen worker 4] jepsen.util: 4	:invoke	:read	nil
2023-05-29 22:18:18,948{GMT}	INFO	[jepsen worker 4] jepsen.util: 4	:ok	:read	[0 1 2 3 4 5 5 6 7 8 9 10 11 12 13 14 15 15 16 17 18 19 19 20 21 22 23 24 25 26 27 27 28 29 29 30 31 32 33 33 34 35 36 37 38 39 40 41 42 43 44 44 45 46 47 48 49 50 51 51 52 53 54 55 55 56 57 58 58 59 60 61 62 62 63 64 65 66 66 67 68 69 70 71 72 72 73 74 75 76 77 78 79 80 81 82 82 83 84 85 86 87 88 89 90]
2023-05-29 22:18:19,055{GMT}	INFO	[jepsen worker 0] jepsen.util: 0	:invoke	:read	nil
2023-05-29 22:18:19,057{GMT}	INFO	[jepsen worker 0] jepsen.util: 0	:ok	:read	[0 1 1 2 2 3 4 5 6 6 7 7 8 9 10 10 11 12 13 13 14 14 15 16 17 17 18 19 20 20 21 21 22 22 23 24 25 25 26 27 28 28 29 30 30 31 32 33 34 35 36 36 37 37 38 39 39 40 41 41 42 42 43 44 45 45 46 46 47 48 48 49 50 51 52 52 53 54 55 56 56 57 58 59 59 60 61 62 63 63 64 64 65 66 67 67 68 68 69 70 71 72 73 73 74 75 75 76 77 78 78 79 80 81 82 83 83 84 84 85 86 87 87 88 89 90]
2023-05-29 22:18:19,132{GMT}	INFO	[jepsen worker 0] jepsen.util: 0	:invoke	:read	nil
2023-05-29 22:18:19,133{GMT}	INFO	[jepsen worker 0] jepsen.util: 0	:ok	:read	[0 1 1 2 2 3 4 5 6 6 7 7 8 9 10 10 11 12 13 13 14 14 15 16 17 17 18 19 20 20 21 21 22 22 23 24 25 25 26 27 28 28 29 30 30 31 32 33 34 35 36 36 37 37 38 39 39 40 41 41 42 42 43 44 45 45 46 46 47 48 48 49 50 51 52 52 53 54 55 56 56 57 58 59 59 60 61 62 63 63 64 64 65 66 67 67 68 68 69 70 71 72 73 73 74 75 75 76 77 78 78 79 80 81 82 83 83 84 84 85 86 87 87 88 89 90]
2023-05-29 22:18:19,158{GMT}	INFO	[jepsen worker 1] jepsen.util: 1	:invoke	:broadcast	91
2023-05-29 22:18:19,160{GMT}	INFO	[jepsen worker 1] jepsen.util: 1	:ok	:broadcast	91
2023-05-29 22:18:19,323{GMT}	INFO	[jepsen worker 2] jepsen.util: 2	:invoke	:broadcast	92
2023-05-29 22:18:19,325{GMT}	INFO	[jepsen worker 2] jepsen.util: 2	:ok	:broadcast	92
2023-05-29 22:18:19,452{GMT}	INFO	[jepsen worker 3] jepsen.util: 3	:invoke	:read	nil
2023-05-29 22:18:19,454{GMT}	INFO	[jepsen worker 3] jepsen.util: 3	:ok	:read	[0 1 2 3 4 4 5 6 7 8 9 9 10 11 12 13 14 15 16 16 17 18 19 20 21 22 23 24 24 25 26 26 27 28 29 30 31 32 32 33 34 35 35 36 37 38 39 40 41 42 43 44 45 46 47 48 49 50 51 52 53 54 54 55 56 57 58 59 60 61 61 62 63 64 65 66 67 68 69 70 71 71 72 73 74 75 76 77 77 78 79 80 81 81 82 83 84 85 86 87 88 89 90 90 91 92]
2023-05-29 22:18:19,545{GMT}	INFO	[jepsen worker 4] jepsen.util: 4	:invoke	:broadcast	93
2023-05-29 22:18:19,547{GMT}	INFO	[jepsen worker 4] jepsen.util: 4	:ok	:broadcast	93
2023-05-29 22:18:19,657{GMT}	INFO	[jepsen worker 0] jepsen.util: 0	:invoke	:broadcast	94
2023-05-29 22:18:19,659{GMT}	INFO	[jepsen worker 0] jepsen.util: 0	:ok	:broadcast	94
2023-05-29 22:18:19,855{GMT}	INFO	[jepsen worker 0] jepsen.util: 0	:invoke	:broadcast	95
2023-05-29 22:18:19,857{GMT}	INFO	[jepsen worker 0] jepsen.util: 0	:ok	:broadcast	95
2023-05-29 22:18:20,014{GMT}	INFO	[jepsen worker 1] jepsen.util: 1	:invoke	:read	nil
2023-05-29 22:18:20,015{GMT}	INFO	[jepsen worker 1] jepsen.util: 1	:ok	:read	[0 1 2 3 4 5 6 7 8 9 10 11 12 13 14 15 16 17 18 18 19 20 21 22 23 23 24 25 26 27 28 29 30 31 31 32 33 34 35 36 37 38 38 39 40 40 41 42 43 43 44 45 46 47 47 48 49 49 50 51 52 53 54 55 56 57 57 58 59 60 60 61 62 63 64 65 65 66 67 68 69 69 70 71 72 73 74 75 76 76 77 78 79 79 80 81 82 83 84 85 85 86 87 88 88 89 90 91 91 92 93 94 95]
2023-05-29 22:18:20,210{GMT}	INFO	[jepsen worker 2] jepsen.util: 2	:invoke	:read	nil
2023-05-29 22:18:20,212{GMT}	INFO	[jepsen worker 2] jepsen.util: 2	:ok	:read	[0 0 1 2 3 3 4 5 6 7 8 8 9 10 11 11 12 12 13 14 15 16 17 18 19 20 21 22 23 24 25 26 27 28 29 30 31 32 33 34 34 35 36 37 38 39 40 41 42 43 44 45 46 47 48 49 50 50 51 52 53 53 54 55 56 57 58 59 60 61 62 63 64 65 66 67 68 69 70 70 71 72 73 74 74 75 76 77 78 79 80 80 81 82 83 84 85 86 86 87 88 89 89 90 91 92 92 93 94 95]
2023-05-29 22:18:20,382{GMT}	INFO	[jepsen worker 3] jepsen.util: 3	:invoke	:read	nil
2023-05-29 22:18:20,384{GMT}	INFO	[jepsen worker 3] jepsen.util: 3	:ok	:read	[0 1 2 3 4 4 5 6 7 8 9 9 10 11 12 13 14 15 16 16 17 18 19 20 21 22 23 24 24 25 26 26 27 28 29 30 31 32 32 33 34 35 35 36 37 38 39 40 41 42 43 44 45 46 47 48 49 50 51 52 53 54 54 55 56 57 58 59 60 61 61 62 63 64 65 66 67 68 69 70 71 71 72 73 74 75 76 77 77 78 79 80 81 81 82 83 84 85 86 87 88 89 90 90 91 92 93 94 95]
2023-05-29 22:18:20,389{GMT}	INFO	[jepsen worker 4] jepsen.util: 4	:invoke	:broadcast	96
2023-05-29 22:18:20,391{GMT}	INFO	[jepsen worker 4] jepsen.util: 4	:ok	:broadcast	96
2023-05-29 22:18:20,452{GMT}	INFO	[jepsen worker 0] jepsen.util: 0	:invoke	:read	nil
2023-05-29 22:18:20,454{GMT}	INFO	[jepsen worker 0] jepsen.util: 0	:ok	:read	[0 1 1 2 2 3 4 5 6 6 7 7 8 9 10 10 11 12 13 13 14 14 15 16 17 17 18 19 20 20 21 21 22 22 23 24 25 25 26 27 28 28 29 30 30 31 32 33 34 35 36 36 37 37 38 39 39 40 41 41 42 42 43 44 45 45 46 46 47 48 48 49 50 51 52 52 53 54 55 56 56 57 58 59 59 60 61 62 63 63 64 64 65 66 67 67 68 68 69 70 71 72 73 73 74 75 75 76 77 78 78 79 80 81 82 83 83 84 84 85 86 87 87 88 89 90 91 92 93 94 94 95 95 96]
2023-05-29 22:18:20,512{GMT}	INFO	[jepsen worker 0] jepsen.util: 0	:invoke	:broadcast	97
2023-05-29 22:18:20,514{GMT}	INFO	[jepsen worker 0] jepsen.util: 0	:ok	:broadcast	97
2023-05-29 22:18:20,629{GMT}	INFO	[jepsen worker 1] jepsen.util: 1	:invoke	:broadcast	98
2023-05-29 22:18:20,631{GMT}	INFO	[jepsen worker 1] jepsen.util: 1	:ok	:broadcast	98
2023-05-29 22:18:20,828{GMT}	INFO	[jepsen worker 2] jepsen.util: 2	:invoke	:broadcast	99
2023-05-29 22:18:20,829{GMT}	INFO	[jepsen worker 2] jepsen.util: 2	:ok	:broadcast	99
2023-05-29 22:18:20,988{GMT}	INFO	[jepsen worker 3] jepsen.util: 3	:invoke	:read	nil
2023-05-29 22:18:20,990{GMT}	INFO	[jepsen worker 3] jepsen.util: 3	:ok	:read	[0 1 2 3 4 4 5 6 7 8 9 9 10 11 12 13 14 15 16 16 17 18 19 20 21 22 23 24 24 25 26 26 27 28 29 30 31 32 32 33 34 35 35 36 37 38 39 40 41 42 43 44 45 46 47 48 49 50 51 52 53 54 54 55 56 57 58 59 60 61 61 62 63 64 65 66 67 68 69 70 71 71 72 73 74 75 76 77 77 78 79 80 81 81 82 83 84 85 86 87 88 89 90 90 91 92 93 94 95 96 97 98 99]
2023-05-29 22:18:21,069{GMT}	INFO	[jepsen worker 4] jepsen.util: 4	:invoke	:broadcast	100
2023-05-29 22:18:21,071{GMT}	INFO	[jepsen worker 4] jepsen.util: 4	:ok	:broadcast	100
2023-05-29 22:18:21,255{GMT}	INFO	[jepsen worker 0] jepsen.util: 0	:invoke	:read	nil
2023-05-29 22:18:21,257{GMT}	INFO	[jepsen worker 0] jepsen.util: 0	:ok	:read	[0 1 1 2 2 3 4 5 6 6 7 7 8 9 10 10 11 12 13 13 14 14 15 16 17 17 18 19 20 20 21 21 22 22 23 24 25 25 26 27 28 28 29 30 30 31 32 33 34 35 36 36 37 37 38 39 39 40 41 41 42 42 43 44 45 45 46 46 47 48 48 49 50 51 52 52 53 54 55 56 56 57 58 59 59 60 61 62 63 63 64 64 65 66 67 67 68 68 69 70 71 72 73 73 74 75 75 76 77 78 78 79 80 81 82 83 83 84 84 85 86 87 87 88 89 90 91 92 93 94 94 95 95 96 97 97 98 99 100]
2023-05-29 22:18:21,257{GMT}	INFO	[jepsen worker 0] jepsen.generator.interpreter: Waiting for recovery...
2023-05-29 22:18:31,265{GMT}	INFO	[jepsen worker 2] jepsen.util: 2	:invoke	:read	nil
2023-05-29 22:18:31,265{GMT}	INFO	[jepsen worker 1] jepsen.util: 1	:invoke	:read	nil
2023-05-29 22:18:31,265{GMT}	INFO	[jepsen worker 4] jepsen.util: 4	:invoke	:read	nil
2023-05-29 22:18:31,265{GMT}	INFO	[jepsen worker 0] jepsen.util: 0	:invoke	:read	nil
2023-05-29 22:18:31,265{GMT}	INFO	[jepsen worker 3] jepsen.util: 3	:invoke	:read	nil
2023-05-29 22:18:31,268{GMT}	INFO	[jepsen worker 2] jepsen.util: 2	:ok	:read	[0 0 1 2 3 3 4 5 6 7 8 8 9 10 11 11 12 12 13 14 15 16 17 18 19 20 21 22 23 24 25 26 27 28 29 30 31 32 33 34 34 35 36 37 38 39 40 41 42 43 44 45 46 47 48 49 50 50 51 52 53 53 54 55 56 57 58 59 60 61 62 63 64 65 66 67 68 69 70 70 71 72 73 74 74 75 76 77 78 79 80 80 81 82 83 84 85 86 86 87 88 89 89 90 91 92 92 93 94 95 96 97 98 99 99 100]
2023-05-29 22:18:31,268{GMT}	INFO	[jepsen worker 1] jepsen.util: 1	:ok	:read	[0 1 2 3 4 5 6 7 8 9 10 11 12 13 14 15 16 17 18 18 19 20 21 22 23 23 24 25 26 27 28 29 30 31 31 32 33 34 35 36 37 38 38 39 40 40 41 42 43 43 44 45 46 47 47 48 49 49 50 51 52 53 54 55 56 57 57 58 59 60 60 61 62 63 64 65 65 66 67 68 69 69 70 71 72 73 74 75 76 76 77 78 79 79 80 81 82 83 84 85 85 86 87 88 88 89 90 91 91 92 93 94 95 96 97 98 98 99 100]
2023-05-29 22:18:31,268{GMT}	INFO	[jepsen worker 4] jepsen.util: 4	:ok	:read	[0 1 2 3 4 5 5 6 7 8 9 10 11 12 13 14 15 15 16 17 18 19 19 20 21 22 23 24 25 26 27 27 28 29 29 30 31 32 33 33 34 35 36 37 38 39 40 41 42 43 44 44 45 46 47 48 49 50 51 51 52 53 54 55 55 56 57 58 58 59 60 61 62 62 63 64 65 66 66 67 68 69 70 71 72 72 73 74 75 76 77 78 79 80 81 82 82 83 84 85 86 87 88 89 90 91 92 93 93 94 95 96 96 97 98 99 100 100]
2023-05-29 22:18:31,268{GMT}	INFO	[jepsen worker 3] jepsen.util: 3	:ok	:read	[0 1 2 3 4 4 5 6 7 8 9 9 10 11 12 13 14 15 16 16 17 18 19 20 21 22 23 24 24 25 26 26 27 28 29 30 31 32 32 33 34 35 35 36 37 38 39 40 41 42 43 44 45 46 47 48 49 50 51 52 53 54 54 55 56 57 58 59 60 61 61 62 63 64 65 66 67 68 69 70 71 71 72 73 74 75 76 77 77 78 79 80 81 81 82 83 84 85 86 87 88 89 90 90 91 92 93 94 95 96 97 98 99 100]
2023-05-29 22:18:31,268{GMT}	INFO	[jepsen worker 0] jepsen.util: 0	:ok	:read	[0 1 1 2 2 3 4 5 6 6 7 7 8 9 10 10 11 12 13 13 14 14 15 16 17 17 18 19 20 20 21 21 22 22 23 24 25 25 26 27 28 28 29 30 30 31 32 33 34 35 36 36 37 37 38 39 39 40 41 41 42 42 43 44 45 45 46 46 47 48 48 49 50 51 52 52 53 54 55 56 56 57 58 59 59 60 61 62 63 63 64 64 65 66 67 67 68 68 69 70 71 72 73 73 74 75 75 76 77 78 78 79 80 81 82 83 83 84 84 85 86 87 87 88 89 90 91 92 93 94 94 95 95 96 97 97 98 99 100]
2023-05-29 22:18:31,294{GMT}	INFO	[jepsen test runner] jepsen.core: Run complete, writing
2023-05-29 22:18:31,362{GMT}	INFO	[jepsen node n0] maelstrom.db: Tearing down n0
2023-05-29 22:18:31,362{GMT}	INFO	[jepsen node n3] maelstrom.db: Tearing down n3
2023-05-29 22:18:31,362{GMT}	INFO	[jepsen node n1] maelstrom.db: Tearing down n1
2023-05-29 22:18:31,362{GMT}	INFO	[jepsen node n4] maelstrom.db: Tearing down n4
2023-05-29 22:18:31,362{GMT}	INFO	[jepsen node n2] maelstrom.db: Tearing down n2
2023-05-29 22:18:33,168{GMT}	INFO	[jepsen node n0] maelstrom.net: Shutting down Maelstrom network
2023-05-29 22:18:33,173{GMT}	INFO	[jepsen test runner] jepsen.core: Analyzing...
2023-05-29 22:18:33,608{GMT}	INFO	[jepsen test runner] jepsen.core: Analysis complete
2023-05-29 22:18:33,622{GMT}	INFO	[jepsen results] jepsen.store: Wrote /Users/adicardrz/go-projects/maelstrom-challenges/maelstrom/store/broadcast/20230529T221758.723+0200/results.edn
2023-05-29 22:18:33,688{GMT}	INFO	[jepsen test runner] jepsen.core: {:perf {:latency-graph {:valid? true},
        :rate-graph {:valid? true},
        :valid? true},
 :timeline {:valid? true},
 :exceptions {:valid? true},
 :stats {:valid? true,
         :count 197,
         :ok-count 197,
         :fail-count 0,
         :info-count 0,
         :by-f {:broadcast {:valid? true,
                            :count 101,
                            :ok-count 101,
                            :fail-count 0,
                            :info-count 0},
                :read {:valid? true,
                       :count 96,
                       :ok-count 96,
                       :fail-count 0,
                       :info-count 0}}},
 :availability {:valid? true, :ok-fraction 1.0},
 :net {:all {:send-count 1629,
             :recv-count 1629,
             :msg-count 1629,
             :msgs-per-op 8.269035},
       :clients {:send-count 414, :recv-count 414, :msg-count 414},
       :servers {:send-count 1215,
                 :recv-count 1215,
                 :msg-count 1215,
                 :msgs-per-op 6.167513},
       :valid? true},
 :workload {:worst-stale (),
            :duplicated-count 0,
            :valid? true,
            :lost-count 0,
            :lost (),
            :stable-count 101,
            :stale-count 0,
            :stale (),
            :never-read-count 0,
            :stable-latencies {0 0, 0.5 0, 0.95 0, 0.99 0, 1 0},
            :attempt-count 101,
            :never-read (),
            :duplicated {}},
 :valid? true}


Everything looks good! (`)
